로깅 설정 파일 로드 실패: cannot import name 'PathUtils' from partially initialized module 'util' (most likely due to a circular import) (D:\Analyzer\CreateMetaDb\util\__init__.py)
=== _analyze_backend_entries 디버깅 ===
2025-09-15 15:05:24,837 - SourceAnalyzer - INFO - entry_analyzer_factory.py:178 - 총 1개 분석기 로드 완료
2025-09-15 15:05:24,838 - SourceAnalyzer - INFO - backend_entry_loading.py:57 - 분석기 로드 완료: 1개
2025-09-15 15:05:24,838 - SourceAnalyzer - INFO - backend_entry_loading.py:44 - 로드된 분석기: ['spring']
2025-09-15 15:05:24,838 - SourceAnalyzer - INFO - backend_entry_loading.py:46 - 백엔드 진입점 분석 엔진 초기화 완료: sampleSrc
수집된 Java 파일 수: 30
Controller 파일 수: 5

--- 파일 1: ErrorController.java ---
  파일 경로: src\main\java\com\example\controller
  해시값: 5cb226b44b853c6fbd90741c81817d75
  라인 수: 110
  _filter_and_analyze_file 실행 중...
  분석 결과: 0개 진입점

--- 파일 2: MixedErrorController.java ---
  파일 경로: src\main\java\com\example\controller
  해시값: 21f72e7fbb3da6f7c56342fc4da43112
  라인 수: 101
  _filter_and_analyze_file 실행 중...
  분석 결과: 0개 진입점

--- 파일 3: ProductController.java ---
  파일 경로: src\main\java\com\example\controller
  해시값: 20a81a052968051977cffefe84006336
  라인 수: 103
  _filter_and_analyze_file 실행 중...
  분석 결과: 0개 진입점

--- 파일 4: SyntaxErrorController.java ---
  파일 경로: src\main\java\com\example\controller
  해시값: 6baef232004991f20f795d917a003b67
  라인 수: 65
  _filter_and_analyze_file 실행 중...
  분석 결과: 0개 진입점

--- 파일 5: UserController.java ---
  파일 경로: src\main\java\com\example\controller
  해시값: ffd27220d20bff3fa775300af8981093
  라인 수: 337
  _filter_and_analyze_file 실행 중...
  분석 결과: 0개 진입점

--- 전체 분석 실행 ---
전체 진입점 수: 0
