=== 현재 생성된 클래스 분석 ===
현재 생성된 클래스 수: 36
  5: AnnotatedClass (file_id: 8)
  19: BaseService (file_id: 19)
  23: BrokenMapper (file_id: 23)
  18: Builder (file_id: 18)
  8: CommentHeavyClass (file_id: 9)
  20: ConcreteService (file_id: 20)
  21: CreditCardProcessor (file_id: 21)
  6: CustomAnnotation (file_id: 8)
  10: ErrorController (file_id: 11)
  31: FinalHelperClass (file_id: 28)
  17: GenericClass (file_id: 18)
  29: HelperClass (file_id: 28)
  9: LargeBusinessClass (file_id: 10)
  32: LogicErrorService (file_id: 29)
  11: MixedErrorController (file_id: 12)
  33: MixedErrorService (file_id: 30)
  28: MultipleClassFile (file_id: 28)
  7: NestedAnnotation (file_id: 8)
  15: OrderStatus (file_id: 16)
  22: PaymentProcessor (file_id: 22)
  26: Product (file_id: 26)
  12: ProductController (file_id: 13)
  24: ProductMapper (file_id: 24)
  34: ProductService (file_id: 31)
  35: ProductServiceImpl (file_id: 32)
  16: SyntaxErrorClass (file_id: 17)
  13: SyntaxErrorController (file_id: 14)
  27: User (file_id: 27)
  14: UserController (file_id: 15)
  2: UserDao (file_id: 4)
  3: UserMapper (file_id: 5)
  25: UserMapper (file_id: 25)
  4: UserSearchDto (file_id: 7)
  36: UserService (file_id: 33)
  1: UserServiceImpl (file_id: 34)
  30: UtilityClass (file_id: 28)

=== 파일별 클래스 분석 ===
  MultipleClassFile.java: 4개 클래스
  AnnotatedClass.java: 3개 클래스
  GenericClass.java: 2개 클래스
  UserDao.java: 1개 클래스
  UserMapper.java: 1개 클래스
  UserSearchDto.java: 1개 클래스
  CommentHeavyClass.java: 1개 클래스
  LargeBusinessClass.java: 1개 클래스
  ErrorController.java: 1개 클래스
  MixedErrorController.java: 1개 클래스
  ProductController.java: 1개 클래스
  SyntaxErrorController.java: 1개 클래스
  UserController.java: 1개 클래스
  OrderStatus.java: 1개 클래스
  SyntaxErrorClass.java: 1개 클래스
  BaseService.java: 1개 클래스
  ConcreteService.java: 1개 클래스
  CreditCardProcessor.java: 1개 클래스
  PaymentProcessor.java: 1개 클래스
  BrokenMapper.java: 1개 클래스
  ProductMapper.java: 1개 클래스
  UserMapper.java: 1개 클래스
  Product.java: 1개 클래스
  User.java: 1개 클래스
  LogicErrorService.java: 1개 클래스
  MixedErrorService.java: 1개 클래스
  ProductService.java: 1개 클래스
  ProductServiceImpl.java: 1개 클래스
  UserService.java: 1개 클래스
  UserServiceImpl.java: 1개 클래스

=== 클래스가 없는 Java 파일들 ===
클래스가 없는 Java 파일 수: 0
