=== components 테이블의 CLASS 타입 분석 ===
components 테이블의 CLASS 타입 수: 2
  250: ConcreteService (file_id: 4)
  251: BaseService (file_id: 4)

=== classes 테이블과 components 테이블 비교 ===
classes 테이블 vs components 테이블:
  1: UserServiceImpl -> MISSING
  2: UserDao -> MISSING
  3: UserMapper -> MISSING
  4: UserSearchDto -> MISSING
  5: AnnotatedClass -> MISSING
  6: CustomAnnotation -> MISSING
  7: NestedAnnotation -> MISSING
  8: CommentHeavyClass -> MISSING
  9: LargeBusinessClass -> MISSING
  10: ErrorController -> MISSING
  11: MixedErrorController -> MISSING
  12: ProductController -> MISSING
  13: SyntaxErrorController -> MISSING
  14: UserController -> MISSING
  15: OrderStatus -> MISSING
  16: SyntaxErrorClass -> MISSING
  17: GenericClass -> MISSING
  18: Builder -> MISSING
  19: BaseService -> MISSING
  20: ConcreteService -> MISSING
  21: CreditCardProcessor -> MISSING
  22: PaymentProcessor -> MISSING
  23: BrokenMapper -> MISSING
  24: ProductMapper -> MISSING
  25: UserMapper -> MISSING
  26: Product -> MISSING
  27: User -> MISSING
  28: MultipleClassFile -> MISSING
  29: HelperClass -> MISSING
  30: UtilityClass -> MISSING
  31: FinalHelperClass -> MISSING
  32: LogicErrorService -> MISSING
  33: MixedErrorService -> MISSING
  34: ProductService -> MISSING
  35: ProductServiceImpl -> MISSING
  36: UserService -> MISSING

=== components 테이블의 모든 타입별 개수 ===
  METHOD: 384개
  COLUMN: 64개
  SQL_SELECT: 41개
  TABLE: 34개
  QUERY: 22개
  JSP: 7개
  SQL_UPDATE: 5개
  SQL_INSERT: 4개
  SQL_DELETE: 3개
  SQL_MERGE: 2개
  CLASS: 2개
