=== 메타디비 상세 분석 ===

1. 테이블별 레코드 수:
  projects: 1 records
  sqlite_sequence: 7 records
  tables: 25 records
  columns: 108 records
  files: 47 records
  classes: 38 records
  components: 573 records
  relationships: 1409 records

2. components 테이블 타입별 분석:
  METHOD: 384개
  COLUMN: 64개
  SQL_SELECT: 41개
  TABLE: 34개
  QUERY: 22개
  JSP: 14개
  SQL_UPDATE: 5개
  SQL_INSERT: 4개
  SQL_DELETE: 3개
  SQL_MERGE: 2개

3. relationships 테이블 타입별 분석:
  CALL_METHOD: 1323개
  CALL_QUERY: 56개
  JOIN_EXPLICIT: 22개
  JOIN_IMPLICIT: 6개
  INHERITANCE: 2개

4. files 테이블 타입별 분석:
  JAVA: 30개
  JSP: 9개
  XML: 6개
  CSV: 2개

5. classes 테이블 타입별 분석:
Traceback (most recent call last):
  File "D:\Analyzer\CreateMetaDb\temp\detailed_analysis.py", line 41, in <module>
    cursor.execute("SELECT class_type, COUNT(*) FROM classes GROUP BY class_type ORDER BY COUNT(*) DESC")
    ~~~~~~~~~~~~~~^^^^^^^^^^^^^^^^^^^^^^^^^^^^^^^^^^^^^^^^^^^^^^^^^^^^^^^^^^^^^^^^^^^^^^^^^^^^^^^^^^^^^^^
sqlite3.OperationalError: no such column: class_type
