=== 메타디비 상세 분석 ===

1. 테이블별 레코드 수:
  projects: 1 records
  sqlite_sequence: 7 records
  tables: 25 records
  columns: 108 records
  files: 47 records
  classes: 38 records
  components: 573 records
  relationships: 1409 records

2. components 테이블 타입별 분석:
  METHOD: 384개
  COLUMN: 64개
  SQL_SELECT: 41개
  TABLE: 34개
  QUERY: 22개
  JSP: 14개
  SQL_UPDATE: 5개
  SQL_INSERT: 4개
  SQL_DELETE: 3개
  SQL_MERGE: 2개

3. relationships 테이블 타입별 분석:
  CALL_METHOD: 1323개
  CALL_QUERY: 56개
  JOIN_EXPLICIT: 22개
  JOIN_IMPLICIT: 6개
  INHERITANCE: 2개

4. files 테이블 타입별 분석:
  JAVA: 30개
  JSP: 9개
  XML: 6개
  CSV: 2개

5. classes 테이블 구조:
  class_id (INTEGER)
  project_id (INTEGER)
  file_id (INTEGER)
  class_name (VARCHAR(200))
  parent_class_id (INTEGER)
  line_start (INTEGER)
  line_end (INTEGER)
  has_error (CHAR(1))
  error_message (TEXT)
  hash_value (VARCHAR(64))
  created_at (DATETIME)
  updated_at (DATETIME)
  del_yn (CHAR(1))

6. 상속 관계 확인:
  상속 관계: 0개

7. SQL 쿼리 수 확인:
  SQL 쿼리: 55개

8. JSP 컴포넌트 수 확인:
  JSP 총 컴포넌트: 0개

9. Java 메서드 수 확인:
  Java 메서드: 384개

10. Java 클래스 수 확인:
  Java 클래스: 0개

11. 정답지5 비교용 상세 통계:
  정답지5 예상값:
    - files: 46개 (현재: 47개)
    - tables: 16개 (현재: 25개)
    - columns: 91개 (현재: 108개)
    - classes: 35개 (현재: 38개)
    - components: 798개 (현재: 573개)
    - relationships: 300개 (현재: 1409개)
