=== JSP 스크립팅 요소 디버깅 ===
=== 스크립틀릿 추출 테스트 ===

패턴 1: <%(?![\s]*[!=])([^%]+)%>
  매치 1: @ page language="java" contentType="text/html; cha...
  매치 2: 
        // 스크립틀릿: Java 코드
        List<User> user...
  매치 3: 
            for (User user : users) {
           ...
  매치 4: 
            }
        ...
  매치 5: 
        // 추가 스크립틀릿
        boolean isValid = val...

=== 표현식 추출 테스트 ===

패턴 1: <%=([^%]+)%>
  매치 1:  userService.getUserCount() 
  매치 2:  userController.getCurrentMessage() 
  매치 3:  user.getId() 
  매치 4:  userName 
  매치 5:  userEmail 
  매치 6:  orderService.getOrderStatus() 
