=== JSP 컴포넌트 분석 ===
JSP 파일 수: 9
  3: test.jsp
  40: syntaxError.jsp
  41: partialError.jsp
  42: list.jsp
  43: searchResult.jsp
  44: error.jsp
  45: list.jsp
  46: searchResult.jsp
  47: typeList.jsp

=== JSP 관련 컴포넌트 타입별 분석 ===
  JSP: 7개

=== JSP 파일별 컴포넌트 상세 분석 ===

--- test.jsp ---
  컴포넌트 수: 0개

--- syntaxError.jsp ---
  컴포넌트 수: 1개
    JSP: 1개
      - typeList.jsp

--- partialError.jsp ---
  컴포넌트 수: 0개

--- list.jsp ---
  컴포넌트 수: 0개

--- searchResult.jsp ---
  컴포넌트 수: 0개

--- error.jsp ---
  컴포넌트 수: 0개

--- list.jsp ---
  컴포넌트 수: 0개

--- searchResult.jsp ---
  컴포넌트 수: 0개

--- typeList.jsp ---
  컴포넌트 수: 0개

=== JSP 호출 관계 분석 ===
