=== JSP 샘플 분석 ===
분석 대상: test.jsp (file_id: 3)
파일 경로: projects/sampleSrc\src\test.jsp
파일 크기: 1296 문자
파일 내용:
<%@ page language="java" contentType="text/html; charset=UTF-8" pageEncoding="UTF-8"%>
<!DOCTYPE html>
<html>
<head>
    <title>Test JSP - Phase 1 MVP</title>
</head>
<body>
    <h1>User List</h1>
    
    <%
        // 스크립틀릿: Java 코드
        List<User> users = userService.getUserList();
        String message = userController.getMessage();
        int count = dataService.getCount();
    %>
    
    <p>Total Users: <%= userService.getUserCount() %></p>
    <p>Message: <%= userController.getCurrentMessage() %></p>
    
    <table>
        <tr>
            <th>ID</th>
            <th>Name</th>
            <th>Email</th>
        </tr>
        <%
            for (User user : users) {
                String userName = userService.getUserName(user);
                String userEmail = userService.getUserEmail(user);
        %>
        <tr>
            <td><%= user.getId() %></td>
            <td><%= userName %></td>
            <td><%= userEmail %></td>
        </tr>
        <%
            }
        %>
    </table>
    
    <%
        // 추가 스크립틀릿
        boolean isValid = validationService.validateUsers(users);
        if (isValid) {
            String result = orderService.processOrder();
        }
    %>
    
    <p>Status: <%= orderService.getOrderStatus() %></p>
</body>
</html>


=== test.jsp의 컴포넌트 ===
컴포넌트 수: 0개

=== test.jsp의 관계 ===
Traceback (most recent call last):
  File "D:\Analyzer\CreateMetaDb\temp\analyze_jsp_sample.py", line 69, in <module>
    analyze_jsp_sample()
    ~~~~~~~~~~~~~~~~~~^^
  File "D:\Analyzer\CreateMetaDb\temp\analyze_jsp_sample.py", line 54, in analyze_jsp_sample
    cursor.execute('''
    ~~~~~~~~~~~~~~^^^^
        SELECT rel_type, src_name, dst_name, line_number
        ^^^^^^^^^^^^^^^^^^^^^^^^^^^^^^^^^^^^^^^^^^^^^^^^
    ...<2 lines>...
        WHERE f.file_id = ?
        ^^^^^^^^^^^^^^^^^^^
    ''', (file_id,))
    ^^^^^^^^^^^^^^^^
sqlite3.OperationalError: no such column: src_name
