로깅 설정 파일 로드 실패: cannot import name 'PathUtils' from 'util' (consider renaming 'D:\\Analyzer\\CreateMetaDb\\util\\__init__.py' if it has the same name as a library you intended to import)
2025-09-15 17:16:27,635 - SourceAnalyzer - INFO - main.py:17 - Recursion limit set to: 50
2025-09-15 17:16:27,635 - SourceAnalyzer - INFO - main.py:25 - 오래된 로그 파일 정리 시작
2025-09-15 17:16:27,637 - SourceAnalyzer - INFO - file_utils.py:362 - 삭제할 오래된 로그 파일이 없습니다
2025-09-15 17:16:27,638 - SourceAnalyzer - INFO - main.py:30 - 삭제할 오래된 로그 파일이 없습니다
2025-09-15 17:16:27,638 - SourceAnalyzer - INFO - main.py:33 - SourceAnalyzer 시작
2025-09-15 17:16:27,644 - SourceAnalyzer - INFO - main.py:44 - 분석 대상 프로젝트: sampleSrc
2025-09-15 17:16:27,644 - SourceAnalyzer - INFO - main.py:61 - 분석 옵션:
2025-09-15 17:16:27,644 - SourceAnalyzer - INFO - main.py:62 -   - 메타데이터베이스 초기화: False
2025-09-15 17:16:27,644 - SourceAnalyzer - INFO - main.py:63 -   - 상세 로그: False
2025-09-15 17:16:27,644 - SourceAnalyzer - INFO - main.py:64 -   - 출력 형식: html
2025-09-15 17:16:27,644 - SourceAnalyzer - INFO - main.py:65 -   - 드라이런 모드: False
2025-09-15 17:16:27,644 - SourceAnalyzer - INFO - main.py:66 -   - 강제 실행: False
2025-09-15 17:16:27,644 - SourceAnalyzer - INFO - main.py:75 - 1단계 실행: 파일 정보 저장 (프로젝트 전체 스캔)
2025-09-15 17:16:27,648 - SourceAnalyzer - INFO - file_loading.py:86 - 메타데이터베이스 초기화 완료: D:\Analyzer\CreateMetaDb\projects\sampleSrc\metadata.db
2025-09-15 17:16:27,951 - SourceAnalyzer - INFO - file_loading.py:1161 - === 파일 스캔 완료 ===
2025-09-15 17:16:27,953 - SourceAnalyzer - INFO - main.py:89 - 1단계 완료: 파일 정보 저장
2025-09-15 17:16:27,956 - SourceAnalyzer - INFO - main.py:108 - 전역 프로젝트 정보 설정: sampleSrc (ID: 1)
2025-09-15 17:16:27,956 - SourceAnalyzer - INFO - main.py:118 - 2단계 실행: 데이터베이스 구조 저장 및 컴포넌트 생성
2025-09-15 17:16:27,956 - SourceAnalyzer - INFO - file_loading.py:1181 - === 데이터베이스 로딩 시작: 데이터베이스 구조 저장 ===
2025-09-15 17:16:27,957 - SourceAnalyzer - INFO - file_utils.py:55 - 인코딩 문제 감지, 다른 인코딩으로 재시도: ALL_TABLES.csv
2025-09-15 17:16:27,957 - SourceAnalyzer - INFO - file_loading.py:547 - CSV 파일 로드 완료: D:\Analyzer\CreateMetaDb\projects\sampleSrc\db_schema\ALL_TABLES.csv, 16개 행
2025-09-15 17:16:27,959 - SourceAnalyzer - INFO - file_loading.py:644 - 테이블 정보 저장 완료: 16개 테이블 (오류: 0개)
2025-09-15 17:16:27,960 - SourceAnalyzer - INFO - file_utils.py:55 - 인코딩 문제 감지, 다른 인코딩으로 재시도: ALL_TAB_COLUMNS.csv
2025-09-15 17:16:27,960 - SourceAnalyzer - INFO - file_loading.py:547 - CSV 파일 로드 완료: D:\Analyzer\CreateMetaDb\projects\sampleSrc\db_schema\ALL_TAB_COLUMNS.csv, 91개 행
2025-09-15 17:16:27,963 - SourceAnalyzer - INFO - file_loading.py:762 - 컬럼 정보 저장 완료: 91개 컬럼 (오류: 0개)
2025-09-15 17:16:27,965 - SourceAnalyzer - INFO - file_loading.py:829 - 테이블 컴포넌트 생성 완료: 25개
2025-09-15 17:16:27,973 - SourceAnalyzer - INFO - file_loading.py:909 - 컬럼 컴포넌트 생성 완료: 108개
2025-09-15 17:16:27,976 - SourceAnalyzer - INFO - file_loading.py:967 - 컬럼 component_id 업데이트 완료: 108개
2025-09-15 17:16:27,976 - SourceAnalyzer - INFO - file_loading.py:1212 - === 데이터베이스 로딩 완료 ===
2025-09-15 17:16:27,976 - SourceAnalyzer - INFO - main.py:125 - 2단계 완료: 데이터베이스 구조 저장 및 컴포넌트 생성
2025-09-15 17:16:27,976 - SourceAnalyzer - INFO - main.py:131 - 3단계 실행: XML 파일 분석 및 SQL 컴포넌트 등록 + JOIN 관계 분석
2025-09-15 17:16:27,983 - SourceAnalyzer - INFO - main.py:140 - SQL Content 기능이 비활성화되었습니다 (--sql-content 옵션으로 활성화 가능)
2025-09-15 17:16:28,011 - SourceAnalyzer - INFO - xml_loading.py:60 - SQL Content 기능이 비활성화되어 있습니다
2025-09-15 17:16:28,011 - SourceAnalyzer - INFO - xml_loading.py:85 - === XML 로딩 시작: 3~4단계 통합 처리 ===
2025-09-15 17:16:28,017 - SourceAnalyzer - INFO - xml_parser.py:152 - MyBatis XML 파일 수집 완료: 7개
2025-09-15 17:16:28,017 - SourceAnalyzer - INFO - xml_loading.py:124 - XML 파일: D:\Analyzer\CreateMetaDb\projects\sampleSrc\src\com\example\dynamicquery\UserMapper.xml
2025-09-15 17:16:28,017 - SourceAnalyzer - INFO - xml_loading.py:125 - 디렉토리 경로: src\com\example\dynamicquery
2025-09-15 17:16:28,017 - SourceAnalyzer - INFO - xml_loading.py:136 - SQL 쿼리 결과: 4개
2025-09-15 17:16:28,017 - SourceAnalyzer - INFO - xml_loading.py:140 - file_id 조회 성공: 4
2025-09-15 17:16:28,050 - SourceAnalyzer - INFO - xml_loading.py:250 - === XML 로딩 엔진: SQL 컴포넌트 저장 시작 ===
2025-09-15 17:16:28,051 - SourceAnalyzer - INFO - xml_loading.py:251 - 전달받은 SQL 쿼리 수: 8개
2025-09-15 17:16:28,051 - SourceAnalyzer - INFO - xml_loading.py:259 - XML에서 추출된 SQL 쿼리 타입별 통계: {'select': 8}
2025-09-15 17:16:28,051 - SourceAnalyzer - INFO - xml_loading.py:272 - 프로젝트 ID: 1
2025-09-15 17:16:28,051 - SourceAnalyzer - INFO - xml_loading.py:359 - SQL 컴포넌트 저장 완료: 8/8개 성공
2025-09-15 17:16:28,052 - SourceAnalyzer - INFO - xml_loading.py:458 - JOIN 관계 저장 완료: 5개
2025-09-15 17:16:28,052 - SourceAnalyzer - INFO - xml_loading.py:124 - XML 파일: D:\Analyzer\CreateMetaDb\projects\sampleSrc\src\main\resources\mybatis\mapper\ImplicitJoinMapper.xml
2025-09-15 17:16:28,052 - SourceAnalyzer - INFO - xml_loading.py:125 - 디렉토리 경로: src\main\resources\mybatis\mapper
2025-09-15 17:16:28,052 - SourceAnalyzer - INFO - xml_loading.py:136 - SQL 쿼리 결과: 5개
2025-09-15 17:16:28,052 - SourceAnalyzer - INFO - xml_loading.py:140 - file_id 조회 성공: 35
2025-09-15 17:16:28,073 - SourceAnalyzer - INFO - xml_loading.py:250 - === XML 로딩 엔진: SQL 컴포넌트 저장 시작 ===
2025-09-15 17:16:28,073 - SourceAnalyzer - INFO - xml_loading.py:251 - 전달받은 SQL 쿼리 수: 5개
2025-09-15 17:16:28,073 - SourceAnalyzer - INFO - xml_loading.py:259 - XML에서 추출된 SQL 쿼리 타입별 통계: {'select': 5}
2025-09-15 17:16:28,073 - SourceAnalyzer - INFO - xml_loading.py:272 - 프로젝트 ID: 1
2025-09-15 17:16:28,073 - SourceAnalyzer - INFO - xml_loading.py:359 - SQL 컴포넌트 저장 완료: 5/5개 성공
2025-09-15 17:16:28,074 - SourceAnalyzer - INFO - xml_loading.py:458 - JOIN 관계 저장 완료: 8개
2025-09-15 17:16:28,074 - SourceAnalyzer - INFO - xml_loading.py:124 - XML 파일: D:\Analyzer\CreateMetaDb\projects\sampleSrc\src\main\resources\mybatis\mapper\ImplicitJoinTestMapper.xml
2025-09-15 17:16:28,074 - SourceAnalyzer - INFO - xml_loading.py:125 - 디렉토리 경로: src\main\resources\mybatis\mapper
2025-09-15 17:16:28,074 - SourceAnalyzer - INFO - xml_loading.py:136 - SQL 쿼리 결과: 5개
2025-09-15 17:16:28,074 - SourceAnalyzer - INFO - xml_loading.py:140 - file_id 조회 성공: 35
2025-09-15 17:16:28,081 - SourceAnalyzer - INFO - xml_loading.py:124 - XML 파일: D:\Analyzer\CreateMetaDb\projects\sampleSrc\src\main\resources\mybatis\mapper\MixedErrorMapper.xml
2025-09-15 17:16:28,081 - SourceAnalyzer - INFO - xml_loading.py:125 - 디렉토리 경로: src\main\resources\mybatis\mapper
2025-09-15 17:16:28,081 - SourceAnalyzer - INFO - xml_loading.py:136 - SQL 쿼리 결과: 5개
2025-09-15 17:16:28,081 - SourceAnalyzer - INFO - xml_loading.py:140 - file_id 조회 성공: 35
2025-09-15 17:16:28,101 - SourceAnalyzer - INFO - xml_loading.py:250 - === XML 로딩 엔진: SQL 컴포넌트 저장 시작 ===
2025-09-15 17:16:28,101 - SourceAnalyzer - INFO - xml_loading.py:251 - 전달받은 SQL 쿼리 수: 12개
2025-09-15 17:16:28,101 - SourceAnalyzer - INFO - xml_loading.py:259 - XML에서 추출된 SQL 쿼리 타입별 통계: {'select': 9, 'insert': 1, 'update': 1, 'delete': 1}
2025-09-15 17:16:28,101 - SourceAnalyzer - INFO - xml_loading.py:272 - 프로젝트 ID: 1
2025-09-15 17:16:28,102 - SourceAnalyzer - INFO - xml_loading.py:359 - SQL 컴포넌트 저장 완료: 12/12개 성공
2025-09-15 17:16:28,102 - SourceAnalyzer - INFO - xml_loading.py:458 - JOIN 관계 저장 완료: 4개
2025-09-15 17:16:28,102 - SourceAnalyzer - INFO - xml_loading.py:124 - XML 파일: D:\Analyzer\CreateMetaDb\projects\sampleSrc\src\main\resources\mybatis\mapper\ProductMapper.xml
2025-09-15 17:16:28,102 - SourceAnalyzer - INFO - xml_loading.py:125 - 디렉토리 경로: src\main\resources\mybatis\mapper
2025-09-15 17:16:28,102 - SourceAnalyzer - INFO - xml_loading.py:136 - SQL 쿼리 결과: 5개
2025-09-15 17:16:28,102 - SourceAnalyzer - INFO - xml_loading.py:140 - file_id 조회 성공: 35
2025-09-15 17:16:28,122 - SourceAnalyzer - INFO - xml_loading.py:250 - === XML 로딩 엔진: SQL 컴포넌트 저장 시작 ===
2025-09-15 17:16:28,122 - SourceAnalyzer - INFO - xml_loading.py:251 - 전달받은 SQL 쿼리 수: 9개
2025-09-15 17:16:28,122 - SourceAnalyzer - INFO - xml_loading.py:259 - XML에서 추출된 SQL 쿼리 타입별 통계: {'select': 5, 'update': 2, 'insert': 1, 'delete': 1}
2025-09-15 17:16:28,122 - SourceAnalyzer - INFO - xml_loading.py:272 - 프로젝트 ID: 1
2025-09-15 17:16:28,122 - SourceAnalyzer - INFO - xml_loading.py:359 - SQL 컴포넌트 저장 완료: 9/9개 성공
2025-09-15 17:16:28,123 - SourceAnalyzer - INFO - xml_loading.py:458 - JOIN 관계 저장 완료: 2개
2025-09-15 17:16:28,123 - SourceAnalyzer - INFO - xml_loading.py:124 - XML 파일: D:\Analyzer\CreateMetaDb\projects\sampleSrc\src\main\resources\mybatis\mapper\UserMapper.xml
2025-09-15 17:16:28,123 - SourceAnalyzer - INFO - xml_loading.py:125 - 디렉토리 경로: src\main\resources\mybatis\mapper
2025-09-15 17:16:28,123 - SourceAnalyzer - INFO - xml_loading.py:136 - SQL 쿼리 결과: 5개
2025-09-15 17:16:28,123 - SourceAnalyzer - INFO - xml_loading.py:140 - file_id 조회 성공: 35
2025-09-15 17:16:28,152 - SourceAnalyzer - INFO - xml_parser.py:479 - 동적 JOIN 구문 감지: D:\Analyzer\CreateMetaDb\projects\sampleSrc\src\main\resources\mybatis\mapper\UserMapper.xml
2025-09-15 17:16:28,153 - SourceAnalyzer - INFO - xml_loading.py:250 - === XML 로딩 엔진: SQL 컴포넌트 저장 시작 ===
2025-09-15 17:16:28,153 - SourceAnalyzer - INFO - xml_loading.py:251 - 전달받은 SQL 쿼리 수: 21개
2025-09-15 17:16:28,153 - SourceAnalyzer - INFO - xml_loading.py:259 - XML에서 추출된 SQL 쿼리 타입별 통계: {'select': 17, 'insert': 1, 'update': 3}
2025-09-15 17:16:28,153 - SourceAnalyzer - INFO - xml_loading.py:272 - 프로젝트 ID: 1
2025-09-15 17:16:28,153 - SourceAnalyzer - INFO - xml_loading.py:359 - SQL 컴포넌트 저장 완료: 21/21개 성공
2025-09-15 17:16:28,153 - SourceAnalyzer - INFO - xml_loading.py:458 - JOIN 관계 저장 완료: 1개
2025-09-15 17:16:28,154 - SourceAnalyzer - INFO - xml_loading.py:124 - XML 파일: D:\Analyzer\CreateMetaDb\projects\sampleSrc\src\main\webapp\WEB-INF\web.xml
2025-09-15 17:16:28,154 - SourceAnalyzer - INFO - xml_loading.py:125 - 디렉토리 경로: src\main\webapp\WEB-INF
2025-09-15 17:16:28,154 - SourceAnalyzer - INFO - xml_loading.py:136 - SQL 쿼리 결과: 1개
2025-09-15 17:16:28,154 - SourceAnalyzer - INFO - xml_loading.py:140 - file_id 조회 성공: 55
2025-09-15 17:16:28,160 - SourceAnalyzer - INFO - xml_loading.py:955 - === XML 로딩 통계 ===
2025-09-15 17:16:28,161 - SourceAnalyzer - INFO - xml_loading.py:956 - 처리된 XML 파일: 6개
2025-09-15 17:16:28,161 - SourceAnalyzer - INFO - xml_loading.py:957 - 추출된 SQL 쿼리: 55개
2025-09-15 17:16:28,161 - SourceAnalyzer - INFO - xml_loading.py:958 - 생성된 SQL 컴포넌트: 55개
2025-09-15 17:16:28,161 - SourceAnalyzer - INFO - xml_loading.py:959 - 생성된 JOIN 관계: 23개
2025-09-15 17:16:28,161 - SourceAnalyzer - INFO - xml_loading.py:960 - 생성된 inferred 테이블: 0개
2025-09-15 17:16:28,161 - SourceAnalyzer - INFO - xml_loading.py:961 - 생성된 inferred 컬럼: 0개
2025-09-15 17:16:28,161 - SourceAnalyzer - INFO - xml_loading.py:962 - 오류 발생: 1개
2025-09-15 17:16:28,161 - SourceAnalyzer - INFO - xml_loading.py:993 - === SQL Content 통계 ===
2025-09-15 17:16:28,161 - SourceAnalyzer - INFO - xml_loading.py:994 - SQL Content Manager가 초기화되지 않았습니다.
2025-09-15 17:16:28,161 - SourceAnalyzer - INFO - xml_loading.py:215 - === XML 로딩 완료 ===
2025-09-15 17:16:28,161 - SourceAnalyzer - INFO - main.py:146 - 3단계 완료: XML 파일 분석 및 SQL 컴포넌트 등록 + JOIN 관계 분석
2025-09-15 17:16:28,162 - SourceAnalyzer - INFO - main.py:152 - 4단계 실행: Java 소스코드 분석 및 관계 생성
2025-09-15 17:16:28,189 - SourceAnalyzer - INFO - java_parser.py:191 - 정규식 패턴 컴파일 완료: 클래스 12개, 메서드 4개, 패키지 7개, 상속 6개, CALL_QUERY 18개, CALL_METHOD 7개, USE_TABLE 16개
2025-09-15 17:16:28,189 - SourceAnalyzer - INFO - java_loading.py:71 - === Java 로딩 시작: 4단계 통합 처리 ===
2025-09-15 17:16:28,200 - SourceAnalyzer - INFO - java_parser.py:243 - Java 파일 수집 완료: 39개
2025-09-15 17:16:28,200 - SourceAnalyzer - INFO - java_loading.py:85 - 처리할 Java 파일 수: 39개
2025-09-15 17:16:28,202 - SourceAnalyzer - INFO - java_parser.py:883 - 메서드 추출 시작: D:\Analyzer\CreateMetaDb\projects\sampleSrc\src\com\example\dynamicquery\UserDao.java
2025-09-15 17:16:28,203 - SourceAnalyzer - INFO - java_parser.py:884 - 컴파일된 메서드 패턴 수: 4
2025-09-15 17:16:28,208 - SourceAnalyzer - INFO - java_loading.py:193 - === Java 클래스 저장 시작: D:\Analyzer\CreateMetaDb\projects\sampleSrc\src\com\example\dynamicquery\UserDao.java ===
2025-09-15 17:16:28,208 - SourceAnalyzer - INFO - java_loading.py:194 - 저장할 클래스 수: 2개
2025-09-15 17:16:28,208 - SourceAnalyzer - INFO - java_loading.py:212 - 프로젝트 ID: 1, 파일 ID: 4
2025-09-15 17:16:28,209 - SourceAnalyzer - INFO - java_loading.py:244 - === Java 클래스 저장 완료: D:\Analyzer\CreateMetaDb\projects\sampleSrc\src\com\example\dynamicquery\UserDao.java ===
2025-09-15 17:16:28,209 - SourceAnalyzer - INFO - java_loading.py:663 - 저장할 CALL_QUERY 관계 수: 1개
2025-09-15 17:16:28,209 - SourceAnalyzer - INFO - java_loading.py:717 - CALL_QUERY 관계 저장 완료: 1개
2025-09-15 17:16:28,209 - SourceAnalyzer - INFO - java_loading.py:745 - 저장할 CALL_METHOD 관계 수: 78개
2025-09-15 17:16:28,210 - SourceAnalyzer - INFO - java_loading.py:768 - inferred 메서드 생성 시도: findUsersWithAnsiJoin
2025-09-15 17:16:28,210 - SourceAnalyzer - INFO - java_loading.py:1098 - inferred 메서드 생성 완료: findUsersWithAnsiJoin (ID: 100)
2025-09-15 17:16:28,210 - SourceAnalyzer - INFO - java_loading.py:771 - inferred 메서드 생성 성공: findUsersWithAnsiJoin (ID: 100)
2025-09-15 17:16:28,212 - SourceAnalyzer - INFO - java_loading.py:804 - CALL_METHOD 관계 저장 완료: 72개
2025-09-15 17:16:28,213 - SourceAnalyzer - INFO - java_parser.py:883 - 메서드 추출 시작: D:\Analyzer\CreateMetaDb\projects\sampleSrc\src\com\example\dynamicquery\UserMapper.java
2025-09-15 17:16:28,213 - SourceAnalyzer - INFO - java_parser.py:884 - 컴파일된 메서드 패턴 수: 4
2025-09-15 17:16:28,213 - SourceAnalyzer - INFO - java_loading.py:193 - === Java 클래스 저장 시작: D:\Analyzer\CreateMetaDb\projects\sampleSrc\src\com\example\dynamicquery\UserMapper.java ===
2025-09-15 17:16:28,213 - SourceAnalyzer - INFO - java_loading.py:194 - 저장할 클래스 수: 2개
2025-09-15 17:16:28,213 - SourceAnalyzer - INFO - java_loading.py:212 - 프로젝트 ID: 1, 파일 ID: 5
2025-09-15 17:16:28,213 - SourceAnalyzer - INFO - java_loading.py:244 - === Java 클래스 저장 완료: D:\Analyzer\CreateMetaDb\projects\sampleSrc\src\com\example\dynamicquery\UserMapper.java ===
2025-09-15 17:16:28,214 - SourceAnalyzer - INFO - java_parser.py:883 - 메서드 추출 시작: D:\Analyzer\CreateMetaDb\projects\sampleSrc\src\com\example\dynamicquery\UserSearchDto.java
2025-09-15 17:16:28,214 - SourceAnalyzer - INFO - java_parser.py:884 - 컴파일된 메서드 패턴 수: 4
2025-09-15 17:16:28,217 - SourceAnalyzer - INFO - java_loading.py:193 - === Java 클래스 저장 시작: D:\Analyzer\CreateMetaDb\projects\sampleSrc\src\com\example\dynamicquery\UserSearchDto.java ===
2025-09-15 17:16:28,217 - SourceAnalyzer - INFO - java_loading.py:194 - 저장할 클래스 수: 2개
2025-09-15 17:16:28,217 - SourceAnalyzer - INFO - java_loading.py:212 - 프로젝트 ID: 1, 파일 ID: 7
2025-09-15 17:16:28,217 - SourceAnalyzer - INFO - java_loading.py:244 - === Java 클래스 저장 완료: D:\Analyzer\CreateMetaDb\projects\sampleSrc\src\com\example\dynamicquery\UserSearchDto.java ===
2025-09-15 17:16:28,217 - SourceAnalyzer - INFO - java_loading.py:745 - 저장할 CALL_METHOD 관계 수: 10개
2025-09-15 17:16:28,218 - SourceAnalyzer - INFO - java_loading.py:804 - CALL_METHOD 관계 저장 완료: 6개
2025-09-15 17:16:28,220 - SourceAnalyzer - INFO - java_parser.py:883 - 메서드 추출 시작: D:\Analyzer\CreateMetaDb\projects\sampleSrc\src\main\java\com\example\annotations\AnnotatedClass.java
2025-09-15 17:16:28,220 - SourceAnalyzer - INFO - java_parser.py:884 - 컴파일된 메서드 패턴 수: 4
2025-09-15 17:16:28,222 - SourceAnalyzer - INFO - java_loading.py:193 - === Java 클래스 저장 시작: D:\Analyzer\CreateMetaDb\projects\sampleSrc\src\main\java\com\example\annotations\AnnotatedClass.java ===
2025-09-15 17:16:28,222 - SourceAnalyzer - INFO - java_loading.py:194 - 저장할 클래스 수: 6개
2025-09-15 17:16:28,222 - SourceAnalyzer - INFO - java_loading.py:212 - 프로젝트 ID: 1, 파일 ID: 8
2025-09-15 17:16:28,223 - SourceAnalyzer - INFO - java_loading.py:244 - === Java 클래스 저장 완료: D:\Analyzer\CreateMetaDb\projects\sampleSrc\src\main\java\com\example\annotations\AnnotatedClass.java ===
2025-09-15 17:16:28,223 - SourceAnalyzer - INFO - java_loading.py:745 - 저장할 CALL_METHOD 관계 수: 4개
2025-09-15 17:16:28,223 - SourceAnalyzer - INFO - java_loading.py:804 - CALL_METHOD 관계 저장 완료: 4개
2025-09-15 17:16:28,225 - SourceAnalyzer - INFO - java_parser.py:883 - 메서드 추출 시작: D:\Analyzer\CreateMetaDb\projects\sampleSrc\src\main\java\com\example\comments\CommentHeavyClass.java
2025-09-15 17:16:28,225 - SourceAnalyzer - INFO - java_parser.py:884 - 컴파일된 메서드 패턴 수: 4
2025-09-15 17:16:28,230 - SourceAnalyzer - INFO - java_loading.py:193 - === Java 클래스 저장 시작: D:\Analyzer\CreateMetaDb\projects\sampleSrc\src\main\java\com\example\comments\CommentHeavyClass.java ===
2025-09-15 17:16:28,230 - SourceAnalyzer - INFO - java_loading.py:194 - 저장할 클래스 수: 2개
2025-09-15 17:16:28,230 - SourceAnalyzer - INFO - java_loading.py:212 - 프로젝트 ID: 1, 파일 ID: 9
2025-09-15 17:16:28,231 - SourceAnalyzer - INFO - java_loading.py:244 - === Java 클래스 저장 완료: D:\Analyzer\CreateMetaDb\projects\sampleSrc\src\main\java\com\example\comments\CommentHeavyClass.java ===
2025-09-15 17:16:28,231 - SourceAnalyzer - INFO - java_loading.py:745 - 저장할 CALL_METHOD 관계 수: 26개
2025-09-15 17:16:28,232 - SourceAnalyzer - INFO - java_loading.py:804 - CALL_METHOD 관계 저장 완료: 22개
2025-09-15 17:16:28,235 - SourceAnalyzer - INFO - java_parser.py:883 - 메서드 추출 시작: D:\Analyzer\CreateMetaDb\projects\sampleSrc\src\main\java\com\example\complex\LargeBusinessClass.java
2025-09-15 17:16:28,235 - SourceAnalyzer - INFO - java_parser.py:884 - 컴파일된 메서드 패턴 수: 4
2025-09-15 17:16:28,246 - SourceAnalyzer - INFO - java_loading.py:193 - === Java 클래스 저장 시작: D:\Analyzer\CreateMetaDb\projects\sampleSrc\src\main\java\com\example\complex\LargeBusinessClass.java ===
2025-09-15 17:16:28,246 - SourceAnalyzer - INFO - java_loading.py:194 - 저장할 클래스 수: 2개
2025-09-15 17:16:28,246 - SourceAnalyzer - INFO - java_loading.py:212 - 프로젝트 ID: 1, 파일 ID: 10
2025-09-15 17:16:28,247 - SourceAnalyzer - INFO - java_loading.py:244 - === Java 클래스 저장 완료: D:\Analyzer\CreateMetaDb\projects\sampleSrc\src\main\java\com\example\complex\LargeBusinessClass.java ===
2025-09-15 17:16:28,247 - SourceAnalyzer - INFO - java_loading.py:745 - 저장할 CALL_METHOD 관계 수: 124개
2025-09-15 17:16:28,251 - SourceAnalyzer - INFO - java_loading.py:804 - CALL_METHOD 관계 저장 완료: 120개
2025-09-15 17:16:28,253 - SourceAnalyzer - INFO - java_parser.py:883 - 메서드 추출 시작: D:\Analyzer\CreateMetaDb\projects\sampleSrc\src\main\java\com\example\controller\ErrorController.java
2025-09-15 17:16:28,253 - SourceAnalyzer - INFO - java_parser.py:884 - 컴파일된 메서드 패턴 수: 4
2025-09-15 17:16:28,257 - SourceAnalyzer - INFO - java_loading.py:193 - === Java 클래스 저장 시작: D:\Analyzer\CreateMetaDb\projects\sampleSrc\src\main\java\com\example\controller\ErrorController.java ===
2025-09-15 17:16:28,258 - SourceAnalyzer - INFO - java_loading.py:194 - 저장할 클래스 수: 2개
2025-09-15 17:16:28,258 - SourceAnalyzer - INFO - java_loading.py:212 - 프로젝트 ID: 1, 파일 ID: 11
2025-09-15 17:16:28,258 - SourceAnalyzer - INFO - java_loading.py:244 - === Java 클래스 저장 완료: D:\Analyzer\CreateMetaDb\projects\sampleSrc\src\main\java\com\example\controller\ErrorController.java ===
2025-09-15 17:16:28,258 - SourceAnalyzer - INFO - java_loading.py:745 - 저장할 CALL_METHOD 관계 수: 32개
2025-09-15 17:16:28,260 - SourceAnalyzer - INFO - java_loading.py:804 - CALL_METHOD 관계 저장 완료: 28개
2025-09-15 17:16:28,262 - SourceAnalyzer - INFO - java_parser.py:883 - 메서드 추출 시작: D:\Analyzer\CreateMetaDb\projects\sampleSrc\src\main\java\com\example\controller\MixedErrorController.java
2025-09-15 17:16:28,262 - SourceAnalyzer - INFO - java_parser.py:884 - 컴파일된 메서드 패턴 수: 4
2025-09-15 17:16:28,266 - SourceAnalyzer - INFO - java_loading.py:193 - === Java 클래스 저장 시작: D:\Analyzer\CreateMetaDb\projects\sampleSrc\src\main\java\com\example\controller\MixedErrorController.java ===
2025-09-15 17:16:28,266 - SourceAnalyzer - INFO - java_loading.py:194 - 저장할 클래스 수: 2개
2025-09-15 17:16:28,267 - SourceAnalyzer - INFO - java_loading.py:212 - 프로젝트 ID: 1, 파일 ID: 12
2025-09-15 17:16:28,267 - SourceAnalyzer - INFO - java_loading.py:244 - === Java 클래스 저장 완료: D:\Analyzer\CreateMetaDb\projects\sampleSrc\src\main\java\com\example\controller\MixedErrorController.java ===
2025-09-15 17:16:28,267 - SourceAnalyzer - INFO - java_loading.py:745 - 저장할 CALL_METHOD 관계 수: 49개
2025-09-15 17:16:28,269 - SourceAnalyzer - INFO - java_loading.py:804 - CALL_METHOD 관계 저장 완료: 31개
2025-09-15 17:16:28,271 - SourceAnalyzer - INFO - java_parser.py:883 - 메서드 추출 시작: D:\Analyzer\CreateMetaDb\projects\sampleSrc\src\main\java\com\example\controller\ProductController.java
2025-09-15 17:16:28,271 - SourceAnalyzer - INFO - java_parser.py:884 - 컴파일된 메서드 패턴 수: 4
2025-09-15 17:16:28,275 - SourceAnalyzer - INFO - java_loading.py:193 - === Java 클래스 저장 시작: D:\Analyzer\CreateMetaDb\projects\sampleSrc\src\main\java\com\example\controller\ProductController.java ===
2025-09-15 17:16:28,276 - SourceAnalyzer - INFO - java_loading.py:194 - 저장할 클래스 수: 2개
2025-09-15 17:16:28,276 - SourceAnalyzer - INFO - java_loading.py:212 - 프로젝트 ID: 1, 파일 ID: 13
2025-09-15 17:16:28,276 - SourceAnalyzer - INFO - java_loading.py:244 - === Java 클래스 저장 완료: D:\Analyzer\CreateMetaDb\projects\sampleSrc\src\main\java\com\example\controller\ProductController.java ===
2025-09-15 17:16:28,276 - SourceAnalyzer - INFO - java_loading.py:745 - 저장할 CALL_METHOD 관계 수: 22개
2025-09-15 17:16:28,277 - SourceAnalyzer - INFO - java_loading.py:804 - CALL_METHOD 관계 저장 완료: 22개
2025-09-15 17:16:28,279 - SourceAnalyzer - INFO - java_parser.py:883 - 메서드 추출 시작: D:\Analyzer\CreateMetaDb\projects\sampleSrc\src\main\java\com\example\controller\SyntaxErrorController.java
2025-09-15 17:16:28,279 - SourceAnalyzer - INFO - java_parser.py:884 - 컴파일된 메서드 패턴 수: 4
2025-09-15 17:16:28,282 - SourceAnalyzer - INFO - java_loading.py:193 - === Java 클래스 저장 시작: D:\Analyzer\CreateMetaDb\projects\sampleSrc\src\main\java\com\example\controller\SyntaxErrorController.java ===
2025-09-15 17:16:28,282 - SourceAnalyzer - INFO - java_loading.py:194 - 저장할 클래스 수: 2개
2025-09-15 17:16:28,282 - SourceAnalyzer - INFO - java_loading.py:212 - 프로젝트 ID: 1, 파일 ID: 14
2025-09-15 17:16:28,283 - SourceAnalyzer - INFO - java_loading.py:244 - === Java 클래스 저장 완료: D:\Analyzer\CreateMetaDb\projects\sampleSrc\src\main\java\com\example\controller\SyntaxErrorController.java ===
2025-09-15 17:16:28,283 - SourceAnalyzer - INFO - java_loading.py:745 - 저장할 CALL_METHOD 관계 수: 37개
2025-09-15 17:16:28,284 - SourceAnalyzer - INFO - java_loading.py:804 - CALL_METHOD 관계 저장 완료: 15개
2025-09-15 17:16:28,292 - SourceAnalyzer - INFO - java_parser.py:883 - 메서드 추출 시작: D:\Analyzer\CreateMetaDb\projects\sampleSrc\src\main\java\com\example\controller\UserController.java
2025-09-15 17:16:28,292 - SourceAnalyzer - INFO - java_parser.py:884 - 컴파일된 메서드 패턴 수: 4
2025-09-15 17:16:28,336 - SourceAnalyzer - INFO - java_loading.py:193 - === Java 클래스 저장 시작: D:\Analyzer\CreateMetaDb\projects\sampleSrc\src\main\java\com\example\controller\UserController.java ===
2025-09-15 17:16:28,336 - SourceAnalyzer - INFO - java_loading.py:194 - 저장할 클래스 수: 2개
2025-09-15 17:16:28,336 - SourceAnalyzer - INFO - java_loading.py:212 - 프로젝트 ID: 1, 파일 ID: 15
2025-09-15 17:16:28,337 - SourceAnalyzer - INFO - java_loading.py:244 - === Java 클래스 저장 완료: D:\Analyzer\CreateMetaDb\projects\sampleSrc\src\main\java\com\example\controller\UserController.java ===
2025-09-15 17:16:28,337 - SourceAnalyzer - INFO - java_loading.py:745 - 저장할 CALL_METHOD 관계 수: 724개
2025-09-15 17:16:28,363 - SourceAnalyzer - INFO - java_loading.py:804 - CALL_METHOD 관계 저장 완료: 724개
2025-09-15 17:16:28,372 - SourceAnalyzer - INFO - java_parser.py:883 - 메서드 추출 시작: D:\Analyzer\CreateMetaDb\projects\sampleSrc\src\main\java\com\example\dao\UserDao.java
2025-09-15 17:16:28,372 - SourceAnalyzer - INFO - java_parser.py:884 - 컴파일된 메서드 패턴 수: 4
2025-09-15 17:16:28,443 - SourceAnalyzer - INFO - java_loading.py:193 - === Java 클래스 저장 시작: D:\Analyzer\CreateMetaDb\projects\sampleSrc\src\main\java\com\example\dao\UserDao.java ===
2025-09-15 17:16:28,444 - SourceAnalyzer - INFO - java_loading.py:194 - 저장할 클래스 수: 2개
2025-09-15 17:16:28,444 - SourceAnalyzer - INFO - java_loading.py:212 - 프로젝트 ID: 1, 파일 ID: 56
2025-09-15 17:16:28,446 - SourceAnalyzer - INFO - java_loading.py:244 - === Java 클래스 저장 완료: D:\Analyzer\CreateMetaDb\projects\sampleSrc\src\main\java\com\example\dao\UserDao.java ===
2025-09-15 17:16:28,446 - SourceAnalyzer - INFO - java_loading.py:745 - 저장할 CALL_METHOD 관계 수: 1120개
2025-09-15 17:16:28,484 - SourceAnalyzer - INFO - java_loading.py:804 - CALL_METHOD 관계 저장 완료: 1104개
2025-09-15 17:16:28,486 - SourceAnalyzer - INFO - java_parser.py:883 - 메서드 추출 시작: D:\Analyzer\CreateMetaDb\projects\sampleSrc\src\main\java\com\example\enums\OrderStatus.java
2025-09-15 17:16:28,486 - SourceAnalyzer - INFO - java_parser.py:884 - 컴파일된 메서드 패턴 수: 4
2025-09-15 17:16:28,487 - SourceAnalyzer - INFO - java_loading.py:193 - === Java 클래스 저장 시작: D:\Analyzer\CreateMetaDb\projects\sampleSrc\src\main\java\com\example\enums\OrderStatus.java ===
2025-09-15 17:16:28,487 - SourceAnalyzer - INFO - java_loading.py:194 - 저장할 클래스 수: 2개
2025-09-15 17:16:28,487 - SourceAnalyzer - INFO - java_loading.py:212 - 프로젝트 ID: 1, 파일 ID: 16
2025-09-15 17:16:28,487 - SourceAnalyzer - INFO - java_loading.py:244 - === Java 클래스 저장 완료: D:\Analyzer\CreateMetaDb\projects\sampleSrc\src\main\java\com\example\enums\OrderStatus.java ===
2025-09-15 17:16:28,487 - SourceAnalyzer - INFO - java_loading.py:745 - 저장할 CALL_METHOD 관계 수: 1개
2025-09-15 17:16:28,488 - SourceAnalyzer - INFO - java_loading.py:804 - CALL_METHOD 관계 저장 완료: 1개
2025-09-15 17:16:28,488 - SourceAnalyzer - INFO - java_parser.py:883 - 메서드 추출 시작: D:\Analyzer\CreateMetaDb\projects\sampleSrc\src\main\java\com\example\errors\SyntaxErrorClass.java
2025-09-15 17:16:28,488 - SourceAnalyzer - INFO - java_parser.py:884 - 컴파일된 메서드 패턴 수: 4
2025-09-15 17:16:28,490 - SourceAnalyzer - INFO - java_loading.py:193 - === Java 클래스 저장 시작: D:\Analyzer\CreateMetaDb\projects\sampleSrc\src\main\java\com\example\errors\SyntaxErrorClass.java ===
2025-09-15 17:16:28,490 - SourceAnalyzer - INFO - java_loading.py:194 - 저장할 클래스 수: 2개
2025-09-15 17:16:28,490 - SourceAnalyzer - INFO - java_loading.py:212 - 프로젝트 ID: 1, 파일 ID: 17
2025-09-15 17:16:28,491 - SourceAnalyzer - INFO - java_loading.py:244 - === Java 클래스 저장 완료: D:\Analyzer\CreateMetaDb\projects\sampleSrc\src\main\java\com\example\errors\SyntaxErrorClass.java ===
2025-09-15 17:16:28,491 - SourceAnalyzer - INFO - java_loading.py:745 - 저장할 CALL_METHOD 관계 수: 4개
2025-09-15 17:16:28,492 - SourceAnalyzer - INFO - java_loading.py:804 - CALL_METHOD 관계 저장 완료: 2개
2025-09-15 17:16:28,494 - SourceAnalyzer - INFO - java_parser.py:883 - 메서드 추출 시작: D:\Analyzer\CreateMetaDb\projects\sampleSrc\src\main\java\com\example\generics\GenericClass.java
2025-09-15 17:16:28,494 - SourceAnalyzer - INFO - java_parser.py:884 - 컴파일된 메서드 패턴 수: 4
2025-09-15 17:16:28,498 - SourceAnalyzer - INFO - java_loading.py:193 - === Java 클래스 저장 시작: D:\Analyzer\CreateMetaDb\projects\sampleSrc\src\main\java\com\example\generics\GenericClass.java ===
2025-09-15 17:16:28,498 - SourceAnalyzer - INFO - java_loading.py:194 - 저장할 클래스 수: 3개
2025-09-15 17:16:28,498 - SourceAnalyzer - INFO - java_loading.py:212 - 프로젝트 ID: 1, 파일 ID: 18
2025-09-15 17:16:28,498 - SourceAnalyzer - INFO - java_loading.py:244 - === Java 클래스 저장 완료: D:\Analyzer\CreateMetaDb\projects\sampleSrc\src\main\java\com\example\generics\GenericClass.java ===
2025-09-15 17:16:28,499 - SourceAnalyzer - INFO - java_loading.py:745 - 저장할 CALL_METHOD 관계 수: 24개
2025-09-15 17:16:28,499 - SourceAnalyzer - INFO - java_loading.py:804 - CALL_METHOD 관계 저장 완료: 20개
2025-09-15 17:16:28,501 - SourceAnalyzer - INFO - java_parser.py:883 - 메서드 추출 시작: D:\Analyzer\CreateMetaDb\projects\sampleSrc\src\main\java\com\example\inheritance\BaseService.java
2025-09-15 17:16:28,501 - SourceAnalyzer - INFO - java_parser.py:884 - 컴파일된 메서드 패턴 수: 4
2025-09-15 17:16:28,504 - SourceAnalyzer - INFO - java_loading.py:193 - === Java 클래스 저장 시작: D:\Analyzer\CreateMetaDb\projects\sampleSrc\src\main\java\com\example\inheritance\BaseService.java ===
2025-09-15 17:16:28,504 - SourceAnalyzer - INFO - java_loading.py:194 - 저장할 클래스 수: 3개
2025-09-15 17:16:28,504 - SourceAnalyzer - INFO - java_loading.py:212 - 프로젝트 ID: 1, 파일 ID: 19
2025-09-15 17:16:28,505 - SourceAnalyzer - INFO - java_loading.py:244 - === Java 클래스 저장 완료: D:\Analyzer\CreateMetaDb\projects\sampleSrc\src\main\java\com\example\inheritance\BaseService.java ===
2025-09-15 17:16:28,505 - SourceAnalyzer - INFO - java_loading.py:745 - 저장할 CALL_METHOD 관계 수: 60개
2025-09-15 17:16:28,507 - SourceAnalyzer - INFO - java_loading.py:804 - CALL_METHOD 관계 저장 완료: 54개
2025-09-15 17:16:28,509 - SourceAnalyzer - INFO - java_parser.py:883 - 메서드 추출 시작: D:\Analyzer\CreateMetaDb\projects\sampleSrc\src\main\java\com\example\inheritance\ConcreteService.java
2025-09-15 17:16:28,509 - SourceAnalyzer - INFO - java_parser.py:884 - 컴파일된 메서드 패턴 수: 4
2025-09-15 17:16:28,510 - SourceAnalyzer - INFO - java_loading.py:193 - === Java 클래스 저장 시작: D:\Analyzer\CreateMetaDb\projects\sampleSrc\src\main\java\com\example\inheritance\ConcreteService.java ===
2025-09-15 17:16:28,511 - SourceAnalyzer - INFO - java_loading.py:194 - 저장할 클래스 수: 2개
2025-09-15 17:16:28,511 - SourceAnalyzer - INFO - java_loading.py:212 - 프로젝트 ID: 1, 파일 ID: 20
2025-09-15 17:16:28,511 - SourceAnalyzer - INFO - java_loading.py:244 - === Java 클래스 저장 완료: D:\Analyzer\CreateMetaDb\projects\sampleSrc\src\main\java\com\example\inheritance\ConcreteService.java ===
2025-09-15 17:16:28,511 - SourceAnalyzer - INFO - java_loading.py:440 - 저장할 상속 관계 수: 2개
2025-09-15 17:16:28,511 - SourceAnalyzer - INFO - java_loading.py:641 - inferred 클래스 생성 완료: ConcreteService (ID: 37)
2025-09-15 17:16:28,511 - SourceAnalyzer - INFO - java_loading.py:641 - inferred 클래스 생성 완료: BaseService (ID: 38)
2025-09-15 17:16:28,512 - SourceAnalyzer - INFO - java_loading.py:641 - inferred 클래스 생성 완료: ConcreteService (ID: 37)
2025-09-15 17:16:28,512 - SourceAnalyzer - INFO - java_loading.py:641 - inferred 클래스 생성 완료: BaseService (ID: 38)
2025-09-15 17:16:28,512 - SourceAnalyzer - INFO - java_loading.py:745 - 저장할 CALL_METHOD 관계 수: 10개
2025-09-15 17:16:28,512 - SourceAnalyzer - INFO - java_loading.py:804 - CALL_METHOD 관계 저장 완료: 8개
2025-09-15 17:16:28,513 - SourceAnalyzer - INFO - java_parser.py:883 - 메서드 추출 시작: D:\Analyzer\CreateMetaDb\projects\sampleSrc\src\main\java\com\example\interfaces\CreditCardProcessor.java
2025-09-15 17:16:28,513 - SourceAnalyzer - INFO - java_parser.py:884 - 컴파일된 메서드 패턴 수: 4
2025-09-15 17:16:28,516 - SourceAnalyzer - INFO - java_loading.py:193 - === Java 클래스 저장 시작: D:\Analyzer\CreateMetaDb\projects\sampleSrc\src\main\java\com\example\interfaces\CreditCardProcessor.java ===
2025-09-15 17:16:28,516 - SourceAnalyzer - INFO - java_loading.py:194 - 저장할 클래스 수: 2개
2025-09-15 17:16:28,516 - SourceAnalyzer - INFO - java_loading.py:212 - 프로젝트 ID: 1, 파일 ID: 21
2025-09-15 17:16:28,516 - SourceAnalyzer - INFO - java_loading.py:244 - === Java 클래스 저장 완료: D:\Analyzer\CreateMetaDb\projects\sampleSrc\src\main\java\com\example\interfaces\CreditCardProcessor.java ===
2025-09-15 17:16:28,516 - SourceAnalyzer - INFO - java_loading.py:745 - 저장할 CALL_METHOD 관계 수: 11개
2025-09-15 17:16:28,517 - SourceAnalyzer - INFO - java_loading.py:804 - CALL_METHOD 관계 저장 완료: 8개
2025-09-15 17:16:28,517 - SourceAnalyzer - INFO - java_parser.py:883 - 메서드 추출 시작: D:\Analyzer\CreateMetaDb\projects\sampleSrc\src\main\java\com\example\interfaces\PaymentProcessor.java
2025-09-15 17:16:28,517 - SourceAnalyzer - INFO - java_parser.py:884 - 컴파일된 메서드 패턴 수: 4
2025-09-15 17:16:28,518 - SourceAnalyzer - INFO - java_loading.py:193 - === Java 클래스 저장 시작: D:\Analyzer\CreateMetaDb\projects\sampleSrc\src\main\java\com\example\interfaces\PaymentProcessor.java ===
2025-09-15 17:16:28,518 - SourceAnalyzer - INFO - java_loading.py:194 - 저장할 클래스 수: 2개
2025-09-15 17:16:28,518 - SourceAnalyzer - INFO - java_loading.py:212 - 프로젝트 ID: 1, 파일 ID: 22
2025-09-15 17:16:28,518 - SourceAnalyzer - INFO - java_loading.py:244 - === Java 클래스 저장 완료: D:\Analyzer\CreateMetaDb\projects\sampleSrc\src\main\java\com\example\interfaces\PaymentProcessor.java ===
2025-09-15 17:16:28,519 - SourceAnalyzer - INFO - java_parser.py:883 - 메서드 추출 시작: D:\Analyzer\CreateMetaDb\projects\sampleSrc\src\main\java\com\example\mapper\BrokenMapper.java
2025-09-15 17:16:28,519 - SourceAnalyzer - INFO - java_parser.py:884 - 컴파일된 메서드 패턴 수: 4
2025-09-15 17:16:28,520 - SourceAnalyzer - INFO - java_loading.py:193 - === Java 클래스 저장 시작: D:\Analyzer\CreateMetaDb\projects\sampleSrc\src\main\java\com\example\mapper\BrokenMapper.java ===
2025-09-15 17:16:28,520 - SourceAnalyzer - INFO - java_loading.py:194 - 저장할 클래스 수: 2개
2025-09-15 17:16:28,520 - SourceAnalyzer - INFO - java_loading.py:212 - 프로젝트 ID: 1, 파일 ID: 23
2025-09-15 17:16:28,520 - SourceAnalyzer - INFO - java_loading.py:244 - === Java 클래스 저장 완료: D:\Analyzer\CreateMetaDb\projects\sampleSrc\src\main\java\com\example\mapper\BrokenMapper.java ===
2025-09-15 17:16:28,521 - SourceAnalyzer - INFO - java_parser.py:883 - 메서드 추출 시작: D:\Analyzer\CreateMetaDb\projects\sampleSrc\src\main\java\com\example\mapper\ProductMapper.java
2025-09-15 17:16:28,521 - SourceAnalyzer - INFO - java_parser.py:884 - 컴파일된 메서드 패턴 수: 4
2025-09-15 17:16:28,521 - SourceAnalyzer - INFO - java_loading.py:193 - === Java 클래스 저장 시작: D:\Analyzer\CreateMetaDb\projects\sampleSrc\src\main\java\com\example\mapper\ProductMapper.java ===
2025-09-15 17:16:28,521 - SourceAnalyzer - INFO - java_loading.py:194 - 저장할 클래스 수: 2개
2025-09-15 17:16:28,521 - SourceAnalyzer - INFO - java_loading.py:212 - 프로젝트 ID: 1, 파일 ID: 24
2025-09-15 17:16:28,522 - SourceAnalyzer - INFO - java_loading.py:244 - === Java 클래스 저장 완료: D:\Analyzer\CreateMetaDb\projects\sampleSrc\src\main\java\com\example\mapper\ProductMapper.java ===
2025-09-15 17:16:28,522 - SourceAnalyzer - INFO - java_parser.py:883 - 메서드 추출 시작: D:\Analyzer\CreateMetaDb\projects\sampleSrc\src\main\java\com\example\mapper\UserMapper.java
2025-09-15 17:16:28,522 - SourceAnalyzer - INFO - java_parser.py:884 - 컴파일된 메서드 패턴 수: 4
2025-09-15 17:16:28,523 - SourceAnalyzer - INFO - java_loading.py:193 - === Java 클래스 저장 시작: D:\Analyzer\CreateMetaDb\projects\sampleSrc\src\main\java\com\example\mapper\UserMapper.java ===
2025-09-15 17:16:28,523 - SourceAnalyzer - INFO - java_loading.py:194 - 저장할 클래스 수: 2개
2025-09-15 17:16:28,523 - SourceAnalyzer - INFO - java_loading.py:212 - 프로젝트 ID: 1, 파일 ID: 25
2025-09-15 17:16:28,523 - SourceAnalyzer - INFO - java_loading.py:244 - === Java 클래스 저장 완료: D:\Analyzer\CreateMetaDb\projects\sampleSrc\src\main\java\com\example\mapper\UserMapper.java ===
2025-09-15 17:16:28,528 - SourceAnalyzer - INFO - java_parser.py:883 - 메서드 추출 시작: D:\Analyzer\CreateMetaDb\projects\sampleSrc\src\main\java\com\example\model\Product.java
2025-09-15 17:16:28,528 - SourceAnalyzer - INFO - java_parser.py:884 - 컴파일된 메서드 패턴 수: 4
2025-09-15 17:16:28,590 - SourceAnalyzer - INFO - java_loading.py:193 - === Java 클래스 저장 시작: D:\Analyzer\CreateMetaDb\projects\sampleSrc\src\main\java\com\example\model\Product.java ===
2025-09-15 17:16:28,590 - SourceAnalyzer - INFO - java_loading.py:194 - 저장할 클래스 수: 2개
2025-09-15 17:16:28,590 - SourceAnalyzer - INFO - java_loading.py:212 - 프로젝트 ID: 1, 파일 ID: 26
2025-09-15 17:16:28,592 - SourceAnalyzer - INFO - java_loading.py:244 - === Java 클래스 저장 완료: D:\Analyzer\CreateMetaDb\projects\sampleSrc\src\main\java\com\example\model\Product.java ===
2025-09-15 17:16:28,592 - SourceAnalyzer - INFO - java_loading.py:745 - 저장할 CALL_METHOD 관계 수: 634개
2025-09-15 17:16:28,614 - SourceAnalyzer - INFO - java_loading.py:804 - CALL_METHOD 관계 저장 완료: 614개
2025-09-15 17:16:28,618 - SourceAnalyzer - INFO - java_parser.py:883 - 메서드 추출 시작: D:\Analyzer\CreateMetaDb\projects\sampleSrc\src\main\java\com\example\model\User.java
2025-09-15 17:16:28,618 - SourceAnalyzer - INFO - java_parser.py:884 - 컴파일된 메서드 패턴 수: 4
2025-09-15 17:16:28,650 - SourceAnalyzer - INFO - java_loading.py:193 - === Java 클래스 저장 시작: D:\Analyzer\CreateMetaDb\projects\sampleSrc\src\main\java\com\example\model\User.java ===
2025-09-15 17:16:28,650 - SourceAnalyzer - INFO - java_loading.py:194 - 저장할 클래스 수: 2개
2025-09-15 17:16:28,650 - SourceAnalyzer - INFO - java_loading.py:212 - 프로젝트 ID: 1, 파일 ID: 27
2025-09-15 17:16:28,652 - SourceAnalyzer - INFO - java_loading.py:244 - === Java 클래스 저장 완료: D:\Analyzer\CreateMetaDb\projects\sampleSrc\src\main\java\com\example\model\User.java ===
2025-09-15 17:16:28,652 - SourceAnalyzer - INFO - java_loading.py:745 - 저장할 CALL_METHOD 관계 수: 318개
2025-09-15 17:16:28,663 - SourceAnalyzer - INFO - java_loading.py:804 - CALL_METHOD 관계 저장 완료: 304개
2025-09-15 17:16:28,666 - SourceAnalyzer - INFO - java_parser.py:883 - 메서드 추출 시작: D:\Analyzer\CreateMetaDb\projects\sampleSrc\src\main\java\com\example\multipleclass\MultipleClassFile.java
2025-09-15 17:16:28,666 - SourceAnalyzer - INFO - java_parser.py:884 - 컴파일된 메서드 패턴 수: 4
2025-09-15 17:16:28,675 - SourceAnalyzer - INFO - java_loading.py:193 - === Java 클래스 저장 시작: D:\Analyzer\CreateMetaDb\projects\sampleSrc\src\main\java\com\example\multipleclass\MultipleClassFile.java ===
2025-09-15 17:16:28,675 - SourceAnalyzer - INFO - java_loading.py:194 - 저장할 클래스 수: 6개
2025-09-15 17:16:28,675 - SourceAnalyzer - INFO - java_loading.py:212 - 프로젝트 ID: 1, 파일 ID: 28
2025-09-15 17:16:28,676 - SourceAnalyzer - INFO - java_loading.py:244 - === Java 클래스 저장 완료: D:\Analyzer\CreateMetaDb\projects\sampleSrc\src\main\java\com\example\multipleclass\MultipleClassFile.java ===
2025-09-15 17:16:28,676 - SourceAnalyzer - INFO - java_loading.py:745 - 저장할 CALL_METHOD 관계 수: 58개
2025-09-15 17:16:28,678 - SourceAnalyzer - INFO - java_loading.py:804 - CALL_METHOD 관계 저장 완료: 46개
2025-09-15 17:16:28,680 - SourceAnalyzer - INFO - java_parser.py:883 - 메서드 추출 시작: D:\Analyzer\CreateMetaDb\projects\sampleSrc\src\main\java\com\example\service\LogicErrorService.java
2025-09-15 17:16:28,680 - SourceAnalyzer - INFO - java_parser.py:884 - 컴파일된 메서드 패턴 수: 4
2025-09-15 17:16:28,684 - SourceAnalyzer - INFO - java_loading.py:193 - === Java 클래스 저장 시작: D:\Analyzer\CreateMetaDb\projects\sampleSrc\src\main\java\com\example\service\LogicErrorService.java ===
2025-09-15 17:16:28,685 - SourceAnalyzer - INFO - java_loading.py:194 - 저장할 클래스 수: 2개
2025-09-15 17:16:28,685 - SourceAnalyzer - INFO - java_loading.py:212 - 프로젝트 ID: 1, 파일 ID: 29
2025-09-15 17:16:28,685 - SourceAnalyzer - INFO - java_loading.py:244 - === Java 클래스 저장 완료: D:\Analyzer\CreateMetaDb\projects\sampleSrc\src\main\java\com\example\service\LogicErrorService.java ===
2025-09-15 17:16:28,685 - SourceAnalyzer - INFO - java_loading.py:663 - 저장할 CALL_QUERY 관계 수: 20개
2025-09-15 17:16:28,686 - SourceAnalyzer - INFO - java_loading.py:717 - CALL_QUERY 관계 저장 완료: 20개
2025-09-15 17:16:28,686 - SourceAnalyzer - INFO - java_loading.py:745 - 저장할 CALL_METHOD 관계 수: 56개
2025-09-15 17:16:28,689 - SourceAnalyzer - INFO - java_loading.py:804 - CALL_METHOD 관계 저장 완료: 50개
2025-09-15 17:16:28,690 - SourceAnalyzer - INFO - java_parser.py:883 - 메서드 추출 시작: D:\Analyzer\CreateMetaDb\projects\sampleSrc\src\main\java\com\example\service\MixedErrorService.java
2025-09-15 17:16:28,691 - SourceAnalyzer - INFO - java_parser.py:884 - 컴파일된 메서드 패턴 수: 4
2025-09-15 17:16:28,701 - SourceAnalyzer - INFO - java_loading.py:193 - === Java 클래스 저장 시작: D:\Analyzer\CreateMetaDb\projects\sampleSrc\src\main\java\com\example\service\MixedErrorService.java ===
2025-09-15 17:16:28,701 - SourceAnalyzer - INFO - java_loading.py:194 - 저장할 클래스 수: 2개
2025-09-15 17:16:28,701 - SourceAnalyzer - INFO - java_loading.py:212 - 프로젝트 ID: 1, 파일 ID: 30
2025-09-15 17:16:28,702 - SourceAnalyzer - INFO - java_loading.py:244 - === Java 클래스 저장 완료: D:\Analyzer\CreateMetaDb\projects\sampleSrc\src\main\java\com\example\service\MixedErrorService.java ===
2025-09-15 17:16:28,702 - SourceAnalyzer - INFO - java_loading.py:663 - 저장할 CALL_QUERY 관계 수: 60개
2025-09-15 17:16:28,704 - SourceAnalyzer - INFO - java_loading.py:717 - CALL_QUERY 관계 저장 완료: 60개
2025-09-15 17:16:28,704 - SourceAnalyzer - INFO - java_loading.py:745 - 저장할 CALL_METHOD 관계 수: 206개
2025-09-15 17:16:28,713 - SourceAnalyzer - INFO - java_loading.py:804 - CALL_METHOD 관계 저장 완료: 198개
2025-09-15 17:16:28,714 - SourceAnalyzer - INFO - java_parser.py:883 - 메서드 추출 시작: D:\Analyzer\CreateMetaDb\projects\sampleSrc\src\main\java\com\example\service\ProductService.java
2025-09-15 17:16:28,714 - SourceAnalyzer - INFO - java_parser.py:884 - 컴파일된 메서드 패턴 수: 4
2025-09-15 17:16:28,715 - SourceAnalyzer - INFO - java_loading.py:193 - === Java 클래스 저장 시작: D:\Analyzer\CreateMetaDb\projects\sampleSrc\src\main\java\com\example\service\ProductService.java ===
2025-09-15 17:16:28,715 - SourceAnalyzer - INFO - java_loading.py:194 - 저장할 클래스 수: 2개
2025-09-15 17:16:28,715 - SourceAnalyzer - INFO - java_loading.py:212 - 프로젝트 ID: 1, 파일 ID: 31
2025-09-15 17:16:28,715 - SourceAnalyzer - INFO - java_loading.py:244 - === Java 클래스 저장 완료: D:\Analyzer\CreateMetaDb\projects\sampleSrc\src\main\java\com\example\service\ProductService.java ===
2025-09-15 17:16:28,723 - SourceAnalyzer - INFO - java_parser.py:883 - 메서드 추출 시작: D:\Analyzer\CreateMetaDb\projects\sampleSrc\src\main\java\com\example\service\ProductServiceImpl.java
2025-09-15 17:16:28,723 - SourceAnalyzer - INFO - java_parser.py:884 - 컴파일된 메서드 패턴 수: 4
2025-09-15 17:16:28,813 - SourceAnalyzer - INFO - java_loading.py:193 - === Java 클래스 저장 시작: D:\Analyzer\CreateMetaDb\projects\sampleSrc\src\main\java\com\example\service\ProductServiceImpl.java ===
2025-09-15 17:16:28,813 - SourceAnalyzer - INFO - java_loading.py:194 - 저장할 클래스 수: 2개
2025-09-15 17:16:28,814 - SourceAnalyzer - INFO - java_loading.py:212 - 프로젝트 ID: 1, 파일 ID: 32
2025-09-15 17:16:28,815 - SourceAnalyzer - INFO - java_loading.py:244 - === Java 클래스 저장 완료: D:\Analyzer\CreateMetaDb\projects\sampleSrc\src\main\java\com\example\service\ProductServiceImpl.java ===
2025-09-15 17:16:28,815 - SourceAnalyzer - INFO - java_loading.py:663 - 저장할 CALL_QUERY 관계 수: 88개
2025-09-15 17:16:28,818 - SourceAnalyzer - INFO - java_loading.py:717 - CALL_QUERY 관계 저장 완료: 88개
2025-09-15 17:16:28,819 - SourceAnalyzer - INFO - java_loading.py:745 - 저장할 CALL_METHOD 관계 수: 1352개
2025-09-15 17:16:28,870 - SourceAnalyzer - INFO - java_loading.py:804 - CALL_METHOD 관계 저장 완료: 1313개
2025-09-15 17:16:28,877 - SourceAnalyzer - INFO - java_parser.py:883 - 메서드 추출 시작: D:\Analyzer\CreateMetaDb\projects\sampleSrc\src\main\java\com\example\service\UserService.java
2025-09-15 17:16:28,877 - SourceAnalyzer - INFO - java_parser.py:884 - 컴파일된 메서드 패턴 수: 4
2025-09-15 17:16:28,914 - SourceAnalyzer - INFO - java_loading.py:193 - === Java 클래스 저장 시작: D:\Analyzer\CreateMetaDb\projects\sampleSrc\src\main\java\com\example\service\UserService.java ===
2025-09-15 17:16:28,914 - SourceAnalyzer - INFO - java_loading.py:194 - 저장할 클래스 수: 2개
2025-09-15 17:16:28,914 - SourceAnalyzer - INFO - java_loading.py:212 - 프로젝트 ID: 1, 파일 ID: 33
2025-09-15 17:16:28,915 - SourceAnalyzer - INFO - java_loading.py:244 - === Java 클래스 저장 완료: D:\Analyzer\CreateMetaDb\projects\sampleSrc\src\main\java\com\example\service\UserService.java ===
2025-09-15 17:16:28,915 - SourceAnalyzer - INFO - java_loading.py:663 - 저장할 CALL_QUERY 관계 수: 18개
2025-09-15 17:16:28,916 - SourceAnalyzer - INFO - java_loading.py:717 - CALL_QUERY 관계 저장 완료: 18개
2025-09-15 17:16:28,916 - SourceAnalyzer - INFO - java_loading.py:745 - 저장할 CALL_METHOD 관계 수: 352개
2025-09-15 17:16:28,930 - SourceAnalyzer - INFO - java_loading.py:804 - CALL_METHOD 관계 저장 완료: 336개
2025-09-15 17:16:28,936 - SourceAnalyzer - INFO - java_parser.py:883 - 메서드 추출 시작: D:\Analyzer\CreateMetaDb\projects\sampleSrc\src\main\java\com\example\service\UserServiceImpl.java
2025-09-15 17:16:28,936 - SourceAnalyzer - INFO - java_parser.py:884 - 컴파일된 메서드 패턴 수: 4
2025-09-15 17:16:29,003 - SourceAnalyzer - INFO - java_loading.py:193 - === Java 클래스 저장 시작: D:\Analyzer\CreateMetaDb\projects\sampleSrc\src\main\java\com\example\service\UserServiceImpl.java ===
2025-09-15 17:16:29,003 - SourceAnalyzer - INFO - java_loading.py:194 - 저장할 클래스 수: 2개
2025-09-15 17:16:29,003 - SourceAnalyzer - INFO - java_loading.py:212 - 프로젝트 ID: 1, 파일 ID: 34
2025-09-15 17:16:29,005 - SourceAnalyzer - INFO - java_loading.py:244 - === Java 클래스 저장 완료: D:\Analyzer\CreateMetaDb\projects\sampleSrc\src\main\java\com\example\service\UserServiceImpl.java ===
2025-09-15 17:16:29,005 - SourceAnalyzer - INFO - java_loading.py:663 - 저장할 CALL_QUERY 관계 수: 52개
2025-09-15 17:16:29,007 - SourceAnalyzer - INFO - java_loading.py:717 - CALL_QUERY 관계 저장 완료: 52개
2025-09-15 17:16:29,007 - SourceAnalyzer - INFO - java_loading.py:745 - 저장할 CALL_METHOD 관계 수: 1209개
2025-09-15 17:16:29,055 - SourceAnalyzer - INFO - java_loading.py:804 - CALL_METHOD 관계 저장 완료: 1171개
2025-09-15 17:16:29,058 - SourceAnalyzer - INFO - java_parser.py:883 - 메서드 추출 시작: D:\Analyzer\CreateMetaDb\projects\sampleSrc\src\main\java\com\example\servlet\AdvancedReportServlet.java
2025-09-15 17:16:29,058 - SourceAnalyzer - INFO - java_parser.py:884 - 컴파일된 메서드 패턴 수: 4
2025-09-15 17:16:29,067 - SourceAnalyzer - INFO - java_parser.py:883 - 메서드 추출 시작: D:\Analyzer\CreateMetaDb\projects\sampleSrc\src\main\java\com\example\servlet\DirectQueryServlet.java
2025-09-15 17:16:29,067 - SourceAnalyzer - INFO - java_parser.py:884 - 컴파일된 메서드 패턴 수: 4
2025-09-15 17:16:29,232 - SourceAnalyzer - INFO - java_parser.py:883 - 메서드 추출 시작: D:\Analyzer\CreateMetaDb\projects\sampleSrc\src\main\java\com\example\servlet\ExtensionMappingServlet.java
2025-09-15 17:16:29,232 - SourceAnalyzer - INFO - java_parser.py:884 - 컴파일된 메서드 패턴 수: 4
2025-09-15 17:16:29,239 - SourceAnalyzer - INFO - java_loading.py:193 - === Java 클래스 저장 시작: D:\Analyzer\CreateMetaDb\projects\sampleSrc\src\main\java\com\example\servlet\ExtensionMappingServlet.java ===
2025-09-15 17:16:29,239 - SourceAnalyzer - INFO - java_loading.py:194 - 저장할 클래스 수: 2개
2025-09-15 17:16:29,239 - SourceAnalyzer - INFO - java_loading.py:212 - 프로젝트 ID: 1, 파일 ID: 49
2025-09-15 17:16:29,239 - SourceAnalyzer - INFO - java_loading.py:244 - === Java 클래스 저장 완료: D:\Analyzer\CreateMetaDb\projects\sampleSrc\src\main\java\com\example\servlet\ExtensionMappingServlet.java ===
2025-09-15 17:16:29,239 - SourceAnalyzer - INFO - java_loading.py:440 - 저장할 상속 관계 수: 2개
2025-09-15 17:16:29,240 - SourceAnalyzer - INFO - java_loading.py:641 - inferred 클래스 생성 완료: ExtensionMappingServlet (ID: 40)
2025-09-15 17:16:29,240 - SourceAnalyzer - INFO - java_loading.py:641 - inferred 클래스 생성 완료: HttpServlet (ID: 41)
2025-09-15 17:16:29,240 - SourceAnalyzer - INFO - java_loading.py:641 - inferred 클래스 생성 완료: ExtensionMappingServlet (ID: 40)
2025-09-15 17:16:29,240 - SourceAnalyzer - INFO - java_loading.py:641 - inferred 클래스 생성 완료: HttpServlet (ID: 41)
2025-09-15 17:16:29,240 - SourceAnalyzer - INFO - java_loading.py:745 - 저장할 CALL_METHOD 관계 수: 10개
2025-09-15 17:16:29,241 - SourceAnalyzer - INFO - java_loading.py:804 - CALL_METHOD 관계 저장 완료: 10개
2025-09-15 17:16:29,245 - SourceAnalyzer - INFO - java_parser.py:883 - 메서드 추출 시작: D:\Analyzer\CreateMetaDb\projects\sampleSrc\src\main\java\com\example\servlet\GenericTestServlet.java
2025-09-15 17:16:29,245 - SourceAnalyzer - INFO - java_parser.py:884 - 컴파일된 메서드 패턴 수: 4
2025-09-15 17:16:29,249 - SourceAnalyzer - INFO - java_loading.py:193 - === Java 클래스 저장 시작: D:\Analyzer\CreateMetaDb\projects\sampleSrc\src\main\java\com\example\servlet\GenericTestServlet.java ===
2025-09-15 17:16:29,249 - SourceAnalyzer - INFO - java_loading.py:194 - 저장할 클래스 수: 2개
2025-09-15 17:16:29,249 - SourceAnalyzer - INFO - java_loading.py:212 - 프로젝트 ID: 1, 파일 ID: 50
2025-09-15 17:16:29,249 - SourceAnalyzer - INFO - java_loading.py:244 - === Java 클래스 저장 완료: D:\Analyzer\CreateMetaDb\projects\sampleSrc\src\main\java\com\example\servlet\GenericTestServlet.java ===
2025-09-15 17:16:29,249 - SourceAnalyzer - INFO - java_loading.py:440 - 저장할 상속 관계 수: 2개
2025-09-15 17:16:29,249 - SourceAnalyzer - INFO - java_loading.py:641 - inferred 클래스 생성 완료: GenericTestServlet (ID: 43)
2025-09-15 17:16:29,250 - SourceAnalyzer - INFO - java_loading.py:641 - inferred 클래스 생성 완료: GenericServlet (ID: 44)
2025-09-15 17:16:29,250 - SourceAnalyzer - INFO - java_loading.py:641 - inferred 클래스 생성 완료: GenericTestServlet (ID: 43)
2025-09-15 17:16:29,250 - SourceAnalyzer - INFO - java_loading.py:641 - inferred 클래스 생성 완료: GenericServlet (ID: 44)
2025-09-15 17:16:29,261 - SourceAnalyzer - INFO - java_parser.py:883 - 메서드 추출 시작: D:\Analyzer\CreateMetaDb\projects\sampleSrc\src\main\java\com\example\servlet\LegacyPaymentServlet.java
2025-09-15 17:16:29,261 - SourceAnalyzer - INFO - java_parser.py:884 - 컴파일된 메서드 패턴 수: 4
2025-09-15 17:16:29,302 - SourceAnalyzer - INFO - java_loading.py:193 - === Java 클래스 저장 시작: D:\Analyzer\CreateMetaDb\projects\sampleSrc\src\main\java\com\example\servlet\LegacyPaymentServlet.java ===
2025-09-15 17:16:29,302 - SourceAnalyzer - INFO - java_loading.py:194 - 저장할 클래스 수: 2개
2025-09-15 17:16:29,302 - SourceAnalyzer - INFO - java_loading.py:212 - 프로젝트 ID: 1, 파일 ID: 51
2025-09-15 17:16:29,303 - SourceAnalyzer - INFO - java_loading.py:244 - === Java 클래스 저장 완료: D:\Analyzer\CreateMetaDb\projects\sampleSrc\src\main\java\com\example\servlet\LegacyPaymentServlet.java ===
2025-09-15 17:16:29,303 - SourceAnalyzer - INFO - java_loading.py:440 - 저장할 상속 관계 수: 2개
2025-09-15 17:16:29,303 - SourceAnalyzer - INFO - java_loading.py:641 - inferred 클래스 생성 완료: LegacyPaymentServlet (ID: 46)
2025-09-15 17:16:29,303 - SourceAnalyzer - INFO - java_loading.py:641 - inferred 클래스 생성 완료: HttpServlet (ID: 41)
2025-09-15 17:16:29,303 - SourceAnalyzer - INFO - java_loading.py:641 - inferred 클래스 생성 완료: LegacyPaymentServlet (ID: 46)
2025-09-15 17:16:29,304 - SourceAnalyzer - INFO - java_loading.py:641 - inferred 클래스 생성 완료: HttpServlet (ID: 41)
2025-09-15 17:16:29,304 - SourceAnalyzer - INFO - java_loading.py:745 - 저장할 CALL_METHOD 관계 수: 414개
2025-09-15 17:16:29,319 - SourceAnalyzer - INFO - java_loading.py:804 - CALL_METHOD 관계 저장 완료: 414개
2025-09-15 17:16:29,328 - SourceAnalyzer - INFO - java_parser.py:883 - 메서드 추출 시작: D:\Analyzer\CreateMetaDb\projects\sampleSrc\src\main\java\com\example\servlet\OrderManagementServlet.java
2025-09-15 17:16:29,328 - SourceAnalyzer - INFO - java_parser.py:884 - 컴파일된 메서드 패턴 수: 4
2025-09-15 17:16:29,333 - SourceAnalyzer - INFO - main.py:181 - 사용자에 의해 중단됨
