로깅 설정 파일 로드 실패: cannot import name 'PathUtils' from 'util' (consider renaming 'D:\\Analyzer\\CreateMetaDb\\util\\__init__.py' if it has the same name as a library you intended to import)
2025-09-14 22:24:34,111 - SourceAnalyzer - INFO - main.py:17 - Recursion limit set to: 50
2025-09-14 22:24:34,111 - SourceAnalyzer - INFO - main.py:25 - 오래된 로그 파일 정리 시작
2025-09-14 22:24:34,112 - SourceAnalyzer - INFO - file_utils.py:362 - 삭제할 오래된 로그 파일이 없습니다
2025-09-14 22:24:34,112 - SourceAnalyzer - INFO - main.py:30 - 삭제할 오래된 로그 파일이 없습니다
2025-09-14 22:24:34,112 - SourceAnalyzer - INFO - main.py:33 - SourceAnalyzer 시작
2025-09-14 22:24:34,117 - SourceAnalyzer - INFO - main.py:44 - 분석 대상 프로젝트: sampleSrc
2025-09-14 22:24:34,118 - SourceAnalyzer - INFO - main.py:61 - 분석 옵션:
2025-09-14 22:24:34,118 - SourceAnalyzer - INFO - main.py:62 -   - 메타데이터베이스 초기화: False
2025-09-14 22:24:34,118 - SourceAnalyzer - INFO - main.py:63 -   - 상세 로그: False
2025-09-14 22:24:34,118 - SourceAnalyzer - INFO - main.py:64 -   - 출력 형식: html
2025-09-14 22:24:34,118 - SourceAnalyzer - INFO - main.py:65 -   - 드라이런 모드: False
2025-09-14 22:24:34,118 - SourceAnalyzer - INFO - main.py:66 -   - 강제 실행: False
2025-09-14 22:24:34,118 - SourceAnalyzer - INFO - main.py:75 - 1단계 실행: 파일 정보 저장 (프로젝트 전체 스캔)
2025-09-14 22:24:34,121 - SourceAnalyzer - INFO - file_loading.py:86 - 메타데이터베이스 초기화 완료: D:\Analyzer\CreateMetaDb\projects\sampleSrc\metadata.db
2025-09-14 22:24:34,361 - SourceAnalyzer - INFO - file_loading.py:1161 - === 파일 스캔 완료 ===
2025-09-14 22:24:34,361 - SourceAnalyzer - INFO - main.py:89 - 1단계 완료: 파일 정보 저장
2025-09-14 22:24:34,363 - SourceAnalyzer - INFO - main.py:108 - 전역 프로젝트 정보 설정: sampleSrc (ID: 1)
2025-09-14 22:24:34,363 - SourceAnalyzer - INFO - main.py:118 - 2단계 실행: 데이터베이스 구조 저장 및 컴포넌트 생성
2025-09-14 22:24:34,364 - SourceAnalyzer - INFO - file_loading.py:1181 - === 데이터베이스 로딩 시작: 데이터베이스 구조 저장 ===
2025-09-14 22:24:34,364 - SourceAnalyzer - INFO - file_utils.py:55 - 인코딩 문제 감지, 다른 인코딩으로 재시도: ALL_TABLES.csv
2025-09-14 22:24:34,365 - SourceAnalyzer - INFO - file_loading.py:547 - CSV 파일 로드 완료: D:\Analyzer\CreateMetaDb\projects\sampleSrc\db_schema\ALL_TABLES.csv, 16개 행
2025-09-14 22:24:34,366 - SourceAnalyzer - INFO - file_loading.py:644 - 테이블 정보 저장 완료: 16개 테이블 (오류: 0개)
2025-09-14 22:24:34,366 - SourceAnalyzer - INFO - file_utils.py:55 - 인코딩 문제 감지, 다른 인코딩으로 재시도: ALL_TAB_COLUMNS.csv
2025-09-14 22:24:34,366 - SourceAnalyzer - INFO - file_loading.py:547 - CSV 파일 로드 완료: D:\Analyzer\CreateMetaDb\projects\sampleSrc\db_schema\ALL_TAB_COLUMNS.csv, 91개 행
2025-09-14 22:24:34,370 - SourceAnalyzer - INFO - file_loading.py:762 - 컬럼 정보 저장 완료: 91개 컬럼 (오류: 0개)
2025-09-14 22:24:34,371 - SourceAnalyzer - INFO - file_loading.py:829 - 테이블 컴포넌트 생성 완료: 25개
2025-09-14 22:24:34,380 - SourceAnalyzer - INFO - file_loading.py:909 - 컬럼 컴포넌트 생성 완료: 108개
2025-09-14 22:24:34,382 - SourceAnalyzer - INFO - file_loading.py:967 - 컬럼 component_id 업데이트 완료: 108개
2025-09-14 22:24:34,382 - SourceAnalyzer - INFO - file_loading.py:1212 - === 데이터베이스 로딩 완료 ===
2025-09-14 22:24:34,382 - SourceAnalyzer - INFO - main.py:125 - 2단계 완료: 데이터베이스 구조 저장 및 컴포넌트 생성
2025-09-14 22:24:34,382 - SourceAnalyzer - INFO - main.py:131 - 3단계 실행: XML 파일 분석 및 SQL 컴포넌트 등록 + JOIN 관계 분석
2025-09-14 22:24:34,428 - SourceAnalyzer - INFO - sql_content_manager.py:63 - SQL Content 데이터베이스 초기화 완료: D:\Analyzer\CreateMetaDb\projects\sampleSrc\SqlContent.db
2025-09-14 22:24:34,428 - SourceAnalyzer - INFO - xml_loading.py:70 - === XML 로딩 시작: 3~4단계 통합 처리 ===
2025-09-14 22:24:34,433 - SourceAnalyzer - INFO - xml_parser.py:148 - MyBatis XML 파일 수집 완료: 6개
2025-09-14 22:24:34,466 - SourceAnalyzer - INFO - xml_loading.py:207 - === XML 로딩 엔진: SQL 컴포넌트 저장 시작 ===
2025-09-14 22:24:34,466 - SourceAnalyzer - INFO - xml_loading.py:208 - 전달받은 SQL 쿼리 수: 8개
2025-09-14 22:24:34,466 - SourceAnalyzer - INFO - xml_loading.py:216 - XML에서 추출된 SQL 쿼리 타입별 통계: {'select': 8}
2025-09-14 22:24:34,466 - SourceAnalyzer - INFO - xml_loading.py:229 - 프로젝트 ID: 1
2025-09-14 22:24:34,466 - SourceAnalyzer - ERROR - database_utils.py:143 - 데이터베이스 연결 오류: table components has no column named component_content
2025-09-14 22:24:34,470 - SourceAnalyzer - ERROR - logger.py:207 - FATAL ERROR at D:\Analyzer\CreateMetaDb\util\database_utils.py:612 in insert_or_replace_with_id()
Code: cursor.execute(insert_query, values)
Message: 데이터베이스 연결 오류: table components has no column named component_content
Exception: OperationalError: table components has no column named component_content
Stack Trace:
Traceback (most recent call last):
  File "D:\Analyzer\CreateMetaDb\util\database_utils.py", line 141, in get_connection
    yield conn
  File "D:\Analyzer\CreateMetaDb\util\database_utils.py", line 612, in insert_or_replace_with_id
    cursor.execute(insert_query, values)
    ~~~~~~~~~~~~~~^^^^^^^^^^^^^^^^^^^^^^
sqlite3.OperationalError: table components has no column named component_content

2025-09-14 22:24:34,470 - SourceAnalyzer - ERROR - logger.py:210 - 
[FATAL ERROR] 프로그램이 에러로 인해 종료됩니다. (종료코드: 1)
2025-09-14 22:24:34,471 - SourceAnalyzer - ERROR - logger.py:211 - 자세한 내용은 로그 파일을 확인하세요: logs/SourceAnalyzer_20250914_222434.log
2025-09-14 22:24:34,472 - SourceAnalyzer - INFO - sql_content_manager.py:282 - SQL Content 데이터베이스 연결 해제
