2025-09-14 15:07:12,779 - SourceAnalyzer - INFO - logger.py:73 - Recursion limit set to: 50
2025-09-14 15:07:12,779 - SourceAnalyzer - INFO - logger.py:73 - SourceAnalyzer 시작
2025-09-14 15:07:12,785 - SourceAnalyzer - INFO - logger.py:73 - 분석 대상 프로젝트: sampleSrc
2025-09-14 15:07:12,785 - SourceAnalyzer - INFO - logger.py:73 - 분석 옵션:
2025-09-14 15:07:12,785 - SourceAnalyzer - INFO - logger.py:73 -   - 메타데이터베이스 초기화: False
2025-09-14 15:07:12,786 - SourceAnalyzer - INFO - logger.py:73 -   - 상세 로그: False
2025-09-14 15:07:12,786 - SourceAnalyzer - INFO - logger.py:73 -   - 출력 형식: html
2025-09-14 15:07:12,786 - SourceAnalyzer - INFO - logger.py:73 -   - 드라이런 모드: False
2025-09-14 15:07:12,786 - SourceAnalyzer - INFO - logger.py:73 -   - 강제 실행: False
2025-09-14 15:07:12,786 - SourceAnalyzer - INFO - logger.py:73 - 1단계 실행: 파일 정보 저장 (프로젝트 전체 스캔)
2025-09-14 15:07:12,786 - SourceAnalyzer - INFO - logger.py:73 - === 파일 스캔 시작: 파일 정보 저장 ===
2025-09-14 15:07:12,794 - SourceAnalyzer - INFO - logger.py:73 - 메타데이터베이스 초기화 완료: D:\Analyzer\CreateMetaDb\projects\sampleSrc\metadata.db
2025-09-14 15:07:12,794 - SourceAnalyzer - INFO - logger.py:73 - 프로젝트 파일 스캔 시작: D:\Analyzer\CreateMetaDb\projects\sampleSrc
2025-09-14 15:07:13,032 - SourceAnalyzer - INFO - logger.py:73 - 파일 스캔 완료: 총 46개 파일
2025-09-14 15:07:13,039 - SourceAnalyzer - INFO - logger.py:73 - 파일 정보 저장 완료: 46개 파일
2025-09-14 15:07:13,040 - SourceAnalyzer - INFO - logger.py:73 - === 파일 스캔 통계 ===
2025-09-14 15:07:13,040 - SourceAnalyzer - INFO - logger.py:73 - 총 파일 수: 46
2025-09-14 15:07:13,040 - SourceAnalyzer - INFO - logger.py:73 - 성공 스캔: 46
2025-09-14 15:07:13,040 - SourceAnalyzer - INFO - logger.py:73 - 오류 파일: 0
2025-09-14 15:07:13,040 - SourceAnalyzer - INFO - logger.py:73 - Java 파일: 30
2025-09-14 15:07:13,040 - SourceAnalyzer - INFO - logger.py:73 - XML 파일: 6
2025-09-14 15:07:13,040 - SourceAnalyzer - INFO - logger.py:73 - JSP 파일: 8
2025-09-14 15:07:13,040 - SourceAnalyzer - INFO - logger.py:73 - SQL 파일: 0
2025-09-14 15:07:13,040 - SourceAnalyzer - INFO - logger.py:73 - CSV 파일: 2
2025-09-14 15:07:13,040 - SourceAnalyzer - INFO - logger.py:73 - 기타 파일: 0
2025-09-14 15:07:13,040 - SourceAnalyzer - INFO - logger.py:73 - === 파일 스캔 완료 ===
2025-09-14 15:07:13,045 - SourceAnalyzer - INFO - logger.py:73 - 1단계 완료: 파일 정보 저장
2025-09-14 15:07:13,047 - SourceAnalyzer - INFO - logger.py:73 - 전역 프로젝트 정보 설정: sampleSrc (ID: 1)
2025-09-14 15:07:13,047 - SourceAnalyzer - INFO - logger.py:73 - 2단계 실행: 데이터베이스 구조 저장 및 컴포넌트 생성
2025-09-14 15:07:13,047 - SourceAnalyzer - INFO - logger.py:73 - === 데이터베이스 로딩 시작: 데이터베이스 구조 저장 ===
2025-09-14 15:07:13,049 - SourceAnalyzer - INFO - logger.py:73 - 인코딩 문제 감지, 다른 인코딩으로 재시도: ALL_TABLES.csv
2025-09-14 15:07:13,049 - SourceAnalyzer - INFO - logger.py:73 - CSV 파일 로드 완료: D:\Analyzer\CreateMetaDb\projects\sampleSrc\db_schema\ALL_TABLES.csv, 16개 행
2025-09-14 15:07:13,050 - SourceAnalyzer - INFO - logger.py:73 - 테이블 정보 저장 완료: 16개 테이블 (오류: 0개)
2025-09-14 15:07:13,050 - SourceAnalyzer - INFO - logger.py:73 - 인코딩 문제 감지, 다른 인코딩으로 재시도: ALL_TAB_COLUMNS.csv
2025-09-14 15:07:13,051 - SourceAnalyzer - INFO - logger.py:73 - CSV 파일 로드 완료: D:\Analyzer\CreateMetaDb\projects\sampleSrc\db_schema\ALL_TAB_COLUMNS.csv, 91개 행
2025-09-14 15:07:13,056 - SourceAnalyzer - INFO - logger.py:73 - 컬럼 정보 저장 완료: 91개 컬럼 (오류: 0개)
2025-09-14 15:07:13,057 - SourceAnalyzer - INFO - logger.py:73 - 테이블 컴포넌트 생성 완료: 16개
2025-09-14 15:07:13,065 - SourceAnalyzer - INFO - logger.py:73 - 컬럼 컴포넌트 생성 완료: 91개
2025-09-14 15:07:13,077 - SourceAnalyzer - INFO - logger.py:73 - 컬럼 component_id 업데이트 완료: 91개
2025-09-14 15:07:13,077 - SourceAnalyzer - INFO - logger.py:73 - === 데이터베이스 구조 저장 통계 ===
2025-09-14 15:07:13,077 - SourceAnalyzer - INFO - logger.py:73 - 테이블 로드: 16 (오류: 0)
2025-09-14 15:07:13,077 - SourceAnalyzer - INFO - logger.py:73 - 컬럼 로드: 91 (오류: 0)
2025-09-14 15:07:13,077 - SourceAnalyzer - INFO - logger.py:73 - 컴포넌트 생성: 107 (오류: 0)
2025-09-14 15:07:13,077 - SourceAnalyzer - INFO - logger.py:73 - inferred 컬럼 생성: 0
2025-09-14 15:07:13,077 - SourceAnalyzer - INFO - logger.py:73 - 오류 없이 완료
2025-09-14 15:07:13,077 - SourceAnalyzer - INFO - logger.py:73 - === 데이터베이스 로딩 완료 ===
2025-09-14 15:07:13,078 - SourceAnalyzer - INFO - logger.py:73 - 2단계 완료: 데이터베이스 구조 저장 및 컴포넌트 생성
2025-09-14 15:07:13,078 - SourceAnalyzer - INFO - logger.py:73 - 3단계 실행: XML 파일 분석 및 SQL 컴포넌트 등록 + JOIN 관계 분석
2025-09-14 15:07:13,106 - SourceAnalyzer - ERROR - logger.py:141 - FATAL ERROR at <frozen importlib._bootstrap_external>:166 in _path_isfile()
Message: 프로그램 실행 중 오류 발생
Exception: RecursionError: maximum recursion depth exceeded
Stack Trace:
Traceback (most recent call last):
  File "D:\Analyzer\CreateMetaDb\main.py", line 124, in main
    from xml_loading import XmlLoadingEngine
  File "D:\Analyzer\CreateMetaDb\xml_loading.py", line 22, in <module>
    from parser.xml_parser import XmlParser
  File "D:\Analyzer\CreateMetaDb\parser\__init__.py", line 12, in <module>
    from .xml_parser import XmlParser
  File "D:\Analyzer\CreateMetaDb\parser\xml_parser.py", line 23, in <module>
    from .sax_fallback_parser import MyBatisSaxParser
  File "D:\Analyzer\CreateMetaDb\parser\sax_fallback_parser.py", line 14, in <module>
    import xml.sax
  File "C:\Python313\Lib\xml\sax\__init__.py", line 22, in <module>
    from .xmlreader import InputSource
  File "C:\Python313\Lib\xml\sax\xmlreader.py", line 4, in <module>
    from . import handler
  File "<frozen importlib._bootstrap>", line 1360, in _find_and_load
  File "<frozen importlib._bootstrap>", line 1322, in _find_and_load_unlocked
  File "<frozen importlib._bootstrap>", line 1262, in _find_spec
  File "<frozen importlib._bootstrap_external>", line 1559, in find_spec
  File "<frozen importlib._bootstrap_external>", line 1533, in _get_spec
  File "<frozen importlib._bootstrap_external>", line 1665, in find_spec
  File "<frozen importlib._bootstrap_external>", line 166, in _path_isfile
RecursionError: maximum recursion depth exceeded


[FATAL ERROR] 프로그램이 에러로 인해 종료됩니다. (종료코드: 1)
자세한 내용은 로그 파일을 확인하세요: logs/SourceAnalyzer_20250914_150712.log
