로깅 설정 파일 로드 실패: cannot import name 'PathUtils' from 'util' (consider renaming 'D:\\Analyzer\\CreateMetaDb\\util\\__init__.py' if it has the same name as a library you intended to import)
2025-09-14 21:41:32,346 - SourceAnalyzer - INFO - main.py:17 - Recursion limit set to: 50
2025-09-14 21:41:32,346 - SourceAnalyzer - INFO - main.py:25 - 오래된 로그 파일 정리 시작
2025-09-14 21:41:32,347 - SourceAnalyzer - INFO - file_utils.py:362 - 삭제할 오래된 로그 파일이 없습니다
2025-09-14 21:41:32,347 - SourceAnalyzer - INFO - main.py:30 - 삭제할 오래된 로그 파일이 없습니다
2025-09-14 21:41:32,347 - SourceAnalyzer - INFO - main.py:33 - SourceAnalyzer 시작
2025-09-14 21:41:32,352 - SourceAnalyzer - INFO - main.py:44 - 분석 대상 프로젝트: sampleSrc
2025-09-14 21:41:32,352 - SourceAnalyzer - INFO - main.py:61 - 분석 옵션:
2025-09-14 21:41:32,353 - SourceAnalyzer - INFO - main.py:62 -   - 메타데이터베이스 초기화: False
2025-09-14 21:41:32,353 - SourceAnalyzer - INFO - main.py:63 -   - 상세 로그: False
2025-09-14 21:41:32,353 - SourceAnalyzer - INFO - main.py:64 -   - 출력 형식: html
2025-09-14 21:41:32,353 - SourceAnalyzer - INFO - main.py:65 -   - 드라이런 모드: False
2025-09-14 21:41:32,353 - SourceAnalyzer - INFO - main.py:66 -   - 강제 실행: False
2025-09-14 21:41:32,353 - SourceAnalyzer - INFO - main.py:75 - 1단계 실행: 파일 정보 저장 (프로젝트 전체 스캔)
2025-09-14 21:41:32,353 - SourceAnalyzer - INFO - file_loading.py:1138 - === 파일 스캔 시작: 파일 정보 저장 ===
2025-09-14 21:41:32,361 - SourceAnalyzer - INFO - file_loading.py:86 - 메타데이터베이스 초기화 완료: D:\Analyzer\CreateMetaDb\projects\sampleSrc\metadata.db
2025-09-14 21:41:32,361 - SourceAnalyzer - INFO - file_loading.py:144 - 프로젝트 파일 스캔 시작: D:\Analyzer\CreateMetaDb\projects\sampleSrc
2025-09-14 21:41:32,597 - SourceAnalyzer - INFO - file_loading.py:185 - 파일 스캔 완료: 총 47개 파일
2025-09-14 21:41:32,601 - SourceAnalyzer - INFO - file_loading.py:474 - 파일 정보 저장 완료: 47개 파일
2025-09-14 21:41:32,601 - SourceAnalyzer - INFO - file_loading.py:1226 - === 파일 스캔 통계 ===
2025-09-14 21:41:32,601 - SourceAnalyzer - INFO - file_loading.py:1227 - 총 파일 수: 47
2025-09-14 21:41:32,601 - SourceAnalyzer - INFO - file_loading.py:1228 - 성공 스캔: 47
2025-09-14 21:41:32,601 - SourceAnalyzer - INFO - file_loading.py:1229 - 오류 파일: 0
2025-09-14 21:41:32,601 - SourceAnalyzer - INFO - file_loading.py:1230 - Java 파일: 30
2025-09-14 21:41:32,601 - SourceAnalyzer - INFO - file_loading.py:1231 - XML 파일: 6
2025-09-14 21:41:32,601 - SourceAnalyzer - INFO - file_loading.py:1232 - JSP 파일: 9
2025-09-14 21:41:32,601 - SourceAnalyzer - INFO - file_loading.py:1233 - SQL 파일: 0
2025-09-14 21:41:32,601 - SourceAnalyzer - INFO - file_loading.py:1234 - CSV 파일: 2
2025-09-14 21:41:32,601 - SourceAnalyzer - INFO - file_loading.py:1235 - 기타 파일: 0
2025-09-14 21:41:32,601 - SourceAnalyzer - INFO - file_loading.py:1161 - === 파일 스캔 완료 ===
2025-09-14 21:41:32,607 - SourceAnalyzer - INFO - main.py:89 - 1단계 완료: 파일 정보 저장
2025-09-14 21:41:32,609 - SourceAnalyzer - INFO - main.py:108 - 전역 프로젝트 정보 설정: sampleSrc (ID: 1)
2025-09-14 21:41:32,609 - SourceAnalyzer - INFO - main.py:118 - 2단계 실행: 데이터베이스 구조 저장 및 컴포넌트 생성
2025-09-14 21:41:32,609 - SourceAnalyzer - INFO - file_loading.py:1181 - === 데이터베이스 로딩 시작: 데이터베이스 구조 저장 ===
2025-09-14 21:41:32,610 - SourceAnalyzer - INFO - file_utils.py:55 - 인코딩 문제 감지, 다른 인코딩으로 재시도: ALL_TABLES.csv
2025-09-14 21:41:32,611 - SourceAnalyzer - INFO - file_loading.py:547 - CSV 파일 로드 완료: D:\Analyzer\CreateMetaDb\projects\sampleSrc\db_schema\ALL_TABLES.csv, 16개 행
2025-09-14 21:41:32,613 - SourceAnalyzer - INFO - file_loading.py:644 - 테이블 정보 저장 완료: 16개 테이블 (오류: 0개)
2025-09-14 21:41:32,613 - SourceAnalyzer - INFO - file_utils.py:55 - 인코딩 문제 감지, 다른 인코딩으로 재시도: ALL_TAB_COLUMNS.csv
2025-09-14 21:41:32,614 - SourceAnalyzer - INFO - file_loading.py:547 - CSV 파일 로드 완료: D:\Analyzer\CreateMetaDb\projects\sampleSrc\db_schema\ALL_TAB_COLUMNS.csv, 91개 행
2025-09-14 21:41:32,621 - SourceAnalyzer - INFO - file_loading.py:762 - 컬럼 정보 저장 완료: 91개 컬럼 (오류: 0개)
2025-09-14 21:41:32,623 - SourceAnalyzer - INFO - file_loading.py:829 - 테이블 컴포넌트 생성 완료: 16개
2025-09-14 21:41:32,632 - SourceAnalyzer - INFO - file_loading.py:909 - 컬럼 컴포넌트 생성 완료: 91개
2025-09-14 21:41:32,636 - SourceAnalyzer - INFO - file_loading.py:967 - 컬럼 component_id 업데이트 완료: 91개
2025-09-14 21:41:32,636 - SourceAnalyzer - INFO - file_loading.py:1239 - === 데이터베이스 구조 저장 통계 ===
2025-09-14 21:41:32,636 - SourceAnalyzer - INFO - file_loading.py:1240 - 테이블 로드: 16 (오류: 0)
2025-09-14 21:41:32,636 - SourceAnalyzer - INFO - file_loading.py:1241 - 컬럼 로드: 91 (오류: 0)
2025-09-14 21:41:32,636 - SourceAnalyzer - INFO - file_loading.py:1242 - 컴포넌트 생성: 107 (오류: 0)
2025-09-14 21:41:32,636 - SourceAnalyzer - INFO - file_loading.py:1243 - inferred 컬럼 생성: 0
2025-09-14 21:41:32,636 - SourceAnalyzer - INFO - file_loading.py:1252 - 오류 없이 완료
2025-09-14 21:41:32,636 - SourceAnalyzer - INFO - file_loading.py:1212 - === 데이터베이스 로딩 완료 ===
2025-09-14 21:41:32,637 - SourceAnalyzer - INFO - main.py:125 - 2단계 완료: 데이터베이스 구조 저장 및 컴포넌트 생성
2025-09-14 21:41:32,637 - SourceAnalyzer - INFO - main.py:131 - 3단계 실행: XML 파일 분석 및 SQL 컴포넌트 등록 + JOIN 관계 분석
2025-09-14 21:41:32,679 - SourceAnalyzer - INFO - sql_content_manager.py:63 - SQL Content 데이터베이스 초기화 완료: D:\Analyzer\CreateMetaDb\projects\sampleSrc\SqlContent.db
2025-09-14 21:41:32,679 - SourceAnalyzer - INFO - xml_loading.py:70 - === XML 로딩 시작: 3~4단계 통합 처리 ===
2025-09-14 21:41:32,685 - SourceAnalyzer - INFO - xml_parser.py:148 - MyBatis XML 파일 수집 완료: 6개
2025-09-14 21:41:32,729 - SourceAnalyzer - INFO - xml_loading.py:171 - === XML 로딩 엔진: SQL 컴포넌트 저장 시작 ===
2025-09-14 21:41:32,729 - SourceAnalyzer - INFO - xml_loading.py:172 - 전달받은 SQL 쿼리 수: 8개
2025-09-14 21:41:32,729 - SourceAnalyzer - INFO - xml_loading.py:180 - XML에서 추출된 SQL 쿼리 타입별 통계: {'select': 8}
2025-09-14 21:41:32,729 - SourceAnalyzer - INFO - xml_loading.py:193 - 프로젝트 ID: 1
2025-09-14 21:41:32,729 - SourceAnalyzer - INFO - xml_loading.py:275 - inferred 테이블 생성 시도: DEPARTMENTS
2025-09-14 21:41:32,730 - SourceAnalyzer - INFO - xml_loading.py:448 - inferred 테이블용 file_id 찾음: 6
2025-09-14 21:41:32,730 - SourceAnalyzer - INFO - xml_loading.py:498 - components 테이블에 데이터 삽입 시도: {'project_id': 1, 'component_type': 'TABLE', 'component_name': 'DEPARTMENTS', 'parent_id': None, 'file_id': 6, 'layer': 'DATA', 'line_start': None, 'line_end': None, 'hash_value': 'INFERRED', 'has_error': 'N', 'error_message': None, 'del_yn': 'N'}
2025-09-14 21:41:32,730 - SourceAnalyzer - INFO - xml_loading.py:500 - components 테이블 삽입 결과: 73
2025-09-14 21:41:32,730 - SourceAnalyzer - INFO - xml_loading.py:521 - tables 테이블에 데이터 삽입 시도: {'project_id': 1, 'component_id': 73, 'table_name': 'DEPARTMENTS', 'table_owner': 'UNKNOWN', 'table_comments': 'Inferred from SQL analysis', 'has_error': 'N', 'error_message': None, 'hash_value': 'INFERRED', 'del_yn': 'N'}
2025-09-14 21:41:32,730 - SourceAnalyzer - INFO - xml_loading.py:523 - tables 테이블 삽입 결과: True
2025-09-14 21:41:32,730 - SourceAnalyzer - INFO - xml_loading.py:539 - inferred 테이블 생성 완료: DEPARTMENTS, component_id: 73
2025-09-14 21:41:32,730 - SourceAnalyzer - INFO - xml_loading.py:279 - inferred 테이블 생성 성공: DEPARTMENTS (ID: 73)
2025-09-14 21:41:32,730 - SourceAnalyzer - INFO - xml_loading.py:275 - inferred 테이블 생성 시도: USER_PROFILES
2025-09-14 21:41:32,730 - SourceAnalyzer - INFO - xml_loading.py:448 - inferred 테이블용 file_id 찾음: 6
2025-09-14 21:41:32,730 - SourceAnalyzer - INFO - xml_loading.py:498 - components 테이블에 데이터 삽입 시도: {'project_id': 1, 'component_type': 'TABLE', 'component_name': 'USER_PROFILES', 'parent_id': None, 'file_id': 6, 'layer': 'DATA', 'line_start': None, 'line_end': None, 'hash_value': 'INFERRED', 'has_error': 'N', 'error_message': None, 'del_yn': 'N'}
2025-09-14 21:41:32,731 - SourceAnalyzer - INFO - xml_loading.py:500 - components 테이블 삽입 결과: 75
2025-09-14 21:41:32,731 - SourceAnalyzer - INFO - xml_loading.py:521 - tables 테이블에 데이터 삽입 시도: {'project_id': 1, 'component_id': 75, 'table_name': 'USER_PROFILES', 'table_owner': 'UNKNOWN', 'table_comments': 'Inferred from SQL analysis', 'has_error': 'N', 'error_message': None, 'hash_value': 'INFERRED', 'del_yn': 'N'}
2025-09-14 21:41:32,731 - SourceAnalyzer - INFO - xml_loading.py:523 - tables 테이블 삽입 결과: True
2025-09-14 21:41:32,731 - SourceAnalyzer - INFO - xml_loading.py:539 - inferred 테이블 생성 완료: USER_PROFILES, component_id: 75
2025-09-14 21:41:32,731 - SourceAnalyzer - INFO - xml_loading.py:279 - inferred 테이블 생성 성공: USER_PROFILES (ID: 75)
2025-09-14 21:41:32,732 - SourceAnalyzer - INFO - xml_loading.py:307 - JOIN 관계 저장 완료: 5개
2025-09-14 21:41:32,779 - SourceAnalyzer - INFO - xml_loading.py:171 - === XML 로딩 엔진: SQL 컴포넌트 저장 시작 ===
2025-09-14 21:41:32,779 - SourceAnalyzer - INFO - xml_loading.py:172 - 전달받은 SQL 쿼리 수: 5개
2025-09-14 21:41:32,779 - SourceAnalyzer - INFO - xml_loading.py:180 - XML에서 추출된 SQL 쿼리 타입별 통계: {'select': 5}
2025-09-14 21:41:32,779 - SourceAnalyzer - INFO - xml_loading.py:193 - 프로젝트 ID: 1
2025-09-14 21:41:32,779 - SourceAnalyzer - INFO - xml_loading.py:275 - inferred 테이블 생성 시도: USER_ROLES
2025-09-14 21:41:32,780 - SourceAnalyzer - INFO - xml_loading.py:448 - inferred 테이블용 file_id 찾음: 6
2025-09-14 21:41:32,780 - SourceAnalyzer - INFO - xml_loading.py:498 - components 테이블에 데이터 삽입 시도: {'project_id': 1, 'component_type': 'TABLE', 'component_name': 'USER_ROLES', 'parent_id': None, 'file_id': 6, 'layer': 'DATA', 'line_start': None, 'line_end': None, 'hash_value': 'INFERRED', 'has_error': 'N', 'error_message': None, 'del_yn': 'N'}
2025-09-14 21:41:32,780 - SourceAnalyzer - INFO - xml_loading.py:500 - components 테이블 삽입 결과: 78
2025-09-14 21:41:32,780 - SourceAnalyzer - INFO - xml_loading.py:521 - tables 테이블에 데이터 삽입 시도: {'project_id': 1, 'component_id': 78, 'table_name': 'USER_ROLES', 'table_owner': 'UNKNOWN', 'table_comments': 'Inferred from SQL analysis', 'has_error': 'N', 'error_message': None, 'hash_value': 'INFERRED', 'del_yn': 'N'}
2025-09-14 21:41:32,780 - SourceAnalyzer - INFO - xml_loading.py:523 - tables 테이블 삽입 결과: True
2025-09-14 21:41:32,780 - SourceAnalyzer - INFO - xml_loading.py:539 - inferred 테이블 생성 완료: USER_ROLES, component_id: 78
2025-09-14 21:41:32,780 - SourceAnalyzer - INFO - xml_loading.py:279 - inferred 테이블 생성 성공: USER_ROLES (ID: 78)
2025-09-14 21:41:32,780 - SourceAnalyzer - INFO - xml_loading.py:275 - inferred 테이블 생성 시도: ROLES
2025-09-14 21:41:32,780 - SourceAnalyzer - INFO - xml_loading.py:448 - inferred 테이블용 file_id 찾음: 6
2025-09-14 21:41:32,780 - SourceAnalyzer - INFO - xml_loading.py:498 - components 테이블에 데이터 삽입 시도: {'project_id': 1, 'component_type': 'TABLE', 'component_name': 'ROLES', 'parent_id': None, 'file_id': 6, 'layer': 'DATA', 'line_start': None, 'line_end': None, 'hash_value': 'INFERRED', 'has_error': 'N', 'error_message': None, 'del_yn': 'N'}
2025-09-14 21:41:32,780 - SourceAnalyzer - INFO - xml_loading.py:500 - components 테이블 삽입 결과: 80
2025-09-14 21:41:32,780 - SourceAnalyzer - INFO - xml_loading.py:521 - tables 테이블에 데이터 삽입 시도: {'project_id': 1, 'component_id': 80, 'table_name': 'ROLES', 'table_owner': 'UNKNOWN', 'table_comments': 'Inferred from SQL analysis', 'has_error': 'N', 'error_message': None, 'hash_value': 'INFERRED', 'del_yn': 'N'}
2025-09-14 21:41:32,781 - SourceAnalyzer - INFO - xml_loading.py:523 - tables 테이블 삽입 결과: True
2025-09-14 21:41:32,781 - SourceAnalyzer - INFO - xml_loading.py:539 - inferred 테이블 생성 완료: ROLES, component_id: 80
2025-09-14 21:41:32,781 - SourceAnalyzer - INFO - xml_loading.py:279 - inferred 테이블 생성 성공: ROLES (ID: 80)
2025-09-14 21:41:32,782 - SourceAnalyzer - INFO - xml_loading.py:307 - JOIN 관계 저장 완료: 8개
2025-09-14 21:41:32,787 - SourceAnalyzer - WARNING - xml_parser.py:326 - XML 파싱 오류: D:\Analyzer\CreateMetaDb\projects\sampleSrc\src\main\resources\mybatis\mapper\ImplicitJoinTestMapper.xml - not well-formed (invalid token): line 190, column 37
2025-09-14 21:41:32,787 - SourceAnalyzer - WARNING - xml_parser.py:226 - 모든 파싱 방법(DOM, SAX, 정규식)이 실패했습니다: D:\Analyzer\CreateMetaDb\projects\sampleSrc\src\main\resources\mybatis\mapper\ImplicitJoinTestMapper.xml
2025-09-14 21:41:32,817 - SourceAnalyzer - INFO - xml_loading.py:171 - === XML 로딩 엔진: SQL 컴포넌트 저장 시작 ===
2025-09-14 21:41:32,817 - SourceAnalyzer - INFO - xml_loading.py:172 - 전달받은 SQL 쿼리 수: 12개
2025-09-14 21:41:32,817 - SourceAnalyzer - INFO - xml_loading.py:180 - XML에서 추출된 SQL 쿼리 타입별 통계: {'select': 9, 'insert': 1, 'update': 1, 'delete': 1}
2025-09-14 21:41:32,817 - SourceAnalyzer - INFO - xml_loading.py:193 - 프로젝트 ID: 1
2025-09-14 21:41:32,818 - SourceAnalyzer - INFO - xml_loading.py:275 - inferred 테이블 생성 시도: USER_PREFERENCES
2025-09-14 21:41:32,818 - SourceAnalyzer - INFO - xml_loading.py:448 - inferred 테이블용 file_id 찾음: 6
2025-09-14 21:41:32,818 - SourceAnalyzer - INFO - xml_loading.py:498 - components 테이블에 데이터 삽입 시도: {'project_id': 1, 'component_type': 'TABLE', 'component_name': 'USER_PREFERENCES', 'parent_id': None, 'file_id': 6, 'layer': 'DATA', 'line_start': None, 'line_end': None, 'hash_value': 'INFERRED', 'has_error': 'N', 'error_message': None, 'del_yn': 'N'}
2025-09-14 21:41:32,818 - SourceAnalyzer - INFO - xml_loading.py:500 - components 테이블 삽입 결과: 82
2025-09-14 21:41:32,818 - SourceAnalyzer - INFO - xml_loading.py:521 - tables 테이블에 데이터 삽입 시도: {'project_id': 1, 'component_id': 82, 'table_name': 'USER_PREFERENCES', 'table_owner': 'UNKNOWN', 'table_comments': 'Inferred from SQL analysis', 'has_error': 'N', 'error_message': None, 'hash_value': 'INFERRED', 'del_yn': 'N'}
2025-09-14 21:41:32,818 - SourceAnalyzer - INFO - xml_loading.py:523 - tables 테이블 삽입 결과: True
2025-09-14 21:41:32,818 - SourceAnalyzer - INFO - xml_loading.py:539 - inferred 테이블 생성 완료: USER_PREFERENCES, component_id: 82
2025-09-14 21:41:32,818 - SourceAnalyzer - INFO - xml_loading.py:279 - inferred 테이블 생성 성공: USER_PREFERENCES (ID: 82)
2025-09-14 21:41:32,818 - SourceAnalyzer - INFO - xml_loading.py:275 - inferred 테이블 생성 시도: NONEXISTENT_TABLE
2025-09-14 21:41:32,818 - SourceAnalyzer - INFO - xml_loading.py:448 - inferred 테이블용 file_id 찾음: 6
2025-09-14 21:41:32,818 - SourceAnalyzer - INFO - xml_loading.py:498 - components 테이블에 데이터 삽입 시도: {'project_id': 1, 'component_type': 'TABLE', 'component_name': 'NONEXISTENT_TABLE', 'parent_id': None, 'file_id': 6, 'layer': 'DATA', 'line_start': None, 'line_end': None, 'hash_value': 'INFERRED', 'has_error': 'N', 'error_message': None, 'del_yn': 'N'}
2025-09-14 21:41:32,819 - SourceAnalyzer - INFO - xml_loading.py:500 - components 테이블 삽입 결과: 83
2025-09-14 21:41:32,819 - SourceAnalyzer - INFO - xml_loading.py:521 - tables 테이블에 데이터 삽입 시도: {'project_id': 1, 'component_id': 83, 'table_name': 'NONEXISTENT_TABLE', 'table_owner': 'UNKNOWN', 'table_comments': 'Inferred from SQL analysis', 'has_error': 'N', 'error_message': None, 'hash_value': 'INFERRED', 'del_yn': 'N'}
2025-09-14 21:41:32,819 - SourceAnalyzer - INFO - xml_loading.py:523 - tables 테이블 삽입 결과: True
2025-09-14 21:41:32,819 - SourceAnalyzer - INFO - xml_loading.py:539 - inferred 테이블 생성 완료: NONEXISTENT_TABLE, component_id: 83
2025-09-14 21:41:32,819 - SourceAnalyzer - INFO - xml_loading.py:279 - inferred 테이블 생성 성공: NONEXISTENT_TABLE (ID: 83)
2025-09-14 21:41:32,819 - SourceAnalyzer - INFO - xml_loading.py:307 - JOIN 관계 저장 완료: 4개
2025-09-14 21:41:32,840 - SourceAnalyzer - INFO - xml_loading.py:171 - === XML 로딩 엔진: SQL 컴포넌트 저장 시작 ===
2025-09-14 21:41:32,840 - SourceAnalyzer - INFO - xml_loading.py:172 - 전달받은 SQL 쿼리 수: 9개
2025-09-14 21:41:32,840 - SourceAnalyzer - INFO - xml_loading.py:180 - XML에서 추출된 SQL 쿼리 타입별 통계: {'select': 5, 'update': 2, 'insert': 1, 'delete': 1}
2025-09-14 21:41:32,840 - SourceAnalyzer - INFO - xml_loading.py:193 - 프로젝트 ID: 1
2025-09-14 21:41:32,840 - SourceAnalyzer - INFO - xml_loading.py:307 - JOIN 관계 저장 완료: 2개
2025-09-14 21:41:32,903 - SourceAnalyzer - INFO - xml_loading.py:171 - === XML 로딩 엔진: SQL 컴포넌트 저장 시작 ===
2025-09-14 21:41:32,903 - SourceAnalyzer - INFO - xml_loading.py:172 - 전달받은 SQL 쿼리 수: 22개
2025-09-14 21:41:32,903 - SourceAnalyzer - INFO - xml_loading.py:180 - XML에서 추출된 SQL 쿼리 타입별 통계: {'select': 15, 'update': 2, 'insert': 2, 'delete': 1, 'merge': 2}
2025-09-14 21:41:32,903 - SourceAnalyzer - INFO - xml_loading.py:193 - 프로젝트 ID: 1
2025-09-14 21:41:32,904 - SourceAnalyzer - INFO - xml_loading.py:275 - inferred 테이블 생성 시도: USER_ACTIVITY_LOG
2025-09-14 21:41:32,904 - SourceAnalyzer - INFO - xml_loading.py:448 - inferred 테이블용 file_id 찾음: 6
2025-09-14 21:41:32,904 - SourceAnalyzer - INFO - xml_loading.py:498 - components 테이블에 데이터 삽입 시도: {'project_id': 1, 'component_type': 'TABLE', 'component_name': 'USER_ACTIVITY_LOG', 'parent_id': None, 'file_id': 6, 'layer': 'DATA', 'line_start': None, 'line_end': None, 'hash_value': 'INFERRED', 'has_error': 'N', 'error_message': None, 'del_yn': 'N'}
2025-09-14 21:41:32,904 - SourceAnalyzer - INFO - xml_loading.py:500 - components 테이블 삽입 결과: 84
2025-09-14 21:41:32,904 - SourceAnalyzer - INFO - xml_loading.py:521 - tables 테이블에 데이터 삽입 시도: {'project_id': 1, 'component_id': 84, 'table_name': 'USER_ACTIVITY_LOG', 'table_owner': 'UNKNOWN', 'table_comments': 'Inferred from SQL analysis', 'has_error': 'N', 'error_message': None, 'hash_value': 'INFERRED', 'del_yn': 'N'}
2025-09-14 21:41:32,904 - SourceAnalyzer - INFO - xml_loading.py:523 - tables 테이블 삽입 결과: True
2025-09-14 21:41:32,904 - SourceAnalyzer - INFO - xml_loading.py:539 - inferred 테이블 생성 완료: USER_ACTIVITY_LOG, component_id: 84
2025-09-14 21:41:32,904 - SourceAnalyzer - INFO - xml_loading.py:279 - inferred 테이블 생성 성공: USER_ACTIVITY_LOG (ID: 84)
2025-09-14 21:41:32,904 - SourceAnalyzer - INFO - xml_loading.py:275 - inferred 테이블 생성 시도: USER_SETTINGS
2025-09-14 21:41:32,904 - SourceAnalyzer - INFO - xml_loading.py:448 - inferred 테이블용 file_id 찾음: 6
2025-09-14 21:41:32,905 - SourceAnalyzer - INFO - xml_loading.py:498 - components 테이블에 데이터 삽입 시도: {'project_id': 1, 'component_type': 'TABLE', 'component_name': 'USER_SETTINGS', 'parent_id': None, 'file_id': 6, 'layer': 'DATA', 'line_start': None, 'line_end': None, 'hash_value': 'INFERRED', 'has_error': 'N', 'error_message': None, 'del_yn': 'N'}
2025-09-14 21:41:32,905 - SourceAnalyzer - INFO - xml_loading.py:500 - components 테이블 삽입 결과: 85
2025-09-14 21:41:32,905 - SourceAnalyzer - INFO - xml_loading.py:521 - tables 테이블에 데이터 삽입 시도: {'project_id': 1, 'component_id': 85, 'table_name': 'USER_SETTINGS', 'table_owner': 'UNKNOWN', 'table_comments': 'Inferred from SQL analysis', 'has_error': 'N', 'error_message': None, 'hash_value': 'INFERRED', 'del_yn': 'N'}
2025-09-14 21:41:32,905 - SourceAnalyzer - INFO - xml_loading.py:523 - tables 테이블 삽입 결과: True
2025-09-14 21:41:32,905 - SourceAnalyzer - INFO - xml_loading.py:539 - inferred 테이블 생성 완료: USER_SETTINGS, component_id: 85
2025-09-14 21:41:32,905 - SourceAnalyzer - INFO - xml_loading.py:279 - inferred 테이블 생성 성공: USER_SETTINGS (ID: 85)
2025-09-14 21:41:32,905 - SourceAnalyzer - INFO - xml_loading.py:275 - inferred 테이블 생성 시도: NEW_TEST_TABLE
2025-09-14 21:41:32,905 - SourceAnalyzer - INFO - xml_loading.py:448 - inferred 테이블용 file_id 찾음: 6
2025-09-14 21:41:32,905 - SourceAnalyzer - INFO - xml_loading.py:498 - components 테이블에 데이터 삽입 시도: {'project_id': 1, 'component_type': 'TABLE', 'component_name': 'NEW_TEST_TABLE', 'parent_id': None, 'file_id': 6, 'layer': 'DATA', 'line_start': None, 'line_end': None, 'hash_value': 'INFERRED', 'has_error': 'N', 'error_message': None, 'del_yn': 'N'}
2025-09-14 21:41:32,905 - SourceAnalyzer - INFO - xml_loading.py:500 - components 테이블 삽입 결과: 86
2025-09-14 21:41:32,905 - SourceAnalyzer - INFO - xml_loading.py:521 - tables 테이블에 데이터 삽입 시도: {'project_id': 1, 'component_id': 86, 'table_name': 'NEW_TEST_TABLE', 'table_owner': 'UNKNOWN', 'table_comments': 'Inferred from SQL analysis', 'has_error': 'N', 'error_message': None, 'hash_value': 'INFERRED', 'del_yn': 'N'}
2025-09-14 21:41:32,905 - SourceAnalyzer - INFO - xml_loading.py:523 - tables 테이블 삽입 결과: True
2025-09-14 21:41:32,905 - SourceAnalyzer - INFO - xml_loading.py:539 - inferred 테이블 생성 완료: NEW_TEST_TABLE, component_id: 86
2025-09-14 21:41:32,906 - SourceAnalyzer - INFO - xml_loading.py:279 - inferred 테이블 생성 성공: NEW_TEST_TABLE (ID: 86)
2025-09-14 21:41:32,918 - SourceAnalyzer - INFO - xml_loading.py:307 - JOIN 관계 저장 완료: 8개
2025-09-14 21:41:32,918 - SourceAnalyzer - INFO - xml_loading.py:843 - === XML 로딩 통계 ===
2025-09-14 21:41:32,918 - SourceAnalyzer - INFO - xml_loading.py:844 - 처리된 XML 파일: 5개
2025-09-14 21:41:32,918 - SourceAnalyzer - INFO - xml_loading.py:845 - 추출된 SQL 쿼리: 56개
2025-09-14 21:41:32,918 - SourceAnalyzer - INFO - xml_loading.py:846 - 생성된 SQL 컴포넌트: 0개
2025-09-14 21:41:32,918 - SourceAnalyzer - INFO - xml_loading.py:847 - 생성된 JOIN 관계: 30개
2025-09-14 21:41:32,918 - SourceAnalyzer - INFO - xml_loading.py:848 - 생성된 inferred 테이블: 9개
2025-09-14 21:41:32,918 - SourceAnalyzer - INFO - xml_loading.py:849 - 생성된 inferred 컬럼: 0개
2025-09-14 21:41:32,918 - SourceAnalyzer - INFO - xml_loading.py:850 - 오류 발생: 1개
2025-09-14 21:41:32,918 - SourceAnalyzer - INFO - xml_loading.py:859 - === SQL Content 통계 ===
2025-09-14 21:41:32,918 - SourceAnalyzer - INFO - xml_loading.py:860 - 저장된 SQL 내용: 0개
2025-09-14 21:41:32,918 - SourceAnalyzer - INFO - xml_loading.py:861 - 총 압축 크기: None bytes
2025-09-14 21:41:32,918 - SourceAnalyzer - INFO - xml_loading.py:866 - 평균 압축 크기: 0.00 bytes
2025-09-14 21:41:32,918 - SourceAnalyzer - INFO - xml_loading.py:867 - 최대 압축 크기: None bytes
2025-09-14 21:41:32,918 - SourceAnalyzer - INFO - xml_loading.py:868 - 최소 압축 크기: None bytes
2025-09-14 21:41:32,919 - SourceAnalyzer - INFO - xml_loading.py:140 - === XML 로딩 완료 ===
2025-09-14 21:41:32,921 - SourceAnalyzer - INFO - sql_content_manager.py:282 - SQL Content 데이터베이스 연결 해제
2025-09-14 21:41:32,922 - SourceAnalyzer - INFO - main.py:139 - 3단계 완료: XML 파일 분석 및 SQL 컴포넌트 등록 + JOIN 관계 분석
2025-09-14 21:41:32,922 - SourceAnalyzer - INFO - main.py:145 - 4단계 실행: Java 소스코드 분석 및 관계 생성
2025-09-14 21:41:32,950 - SourceAnalyzer - INFO - java_parser.py:195 - 정규식 패턴 컴파일 완료: 클래스 12개, 메서드 4개, 패키지 7개, 상속 6개, CALL_QUERY 18개, CALL_METHOD 7개, USE_TABLE 16개
2025-09-14 21:41:32,950 - SourceAnalyzer - INFO - java_loading.py:71 - === Java 로딩 시작: 4단계 통합 처리 ===
2025-09-14 21:41:32,959 - SourceAnalyzer - INFO - java_parser.py:247 - Java 파일 수집 완료: 30개
2025-09-14 21:41:32,959 - SourceAnalyzer - INFO - java_loading.py:85 - 처리할 Java 파일 수: 30개
2025-09-14 21:41:32,961 - SourceAnalyzer - INFO - java_parser.py:887 - 메서드 추출 시작: D:\Analyzer\CreateMetaDb\projects\sampleSrc\src\com\example\dynamicquery\UserDao.java
2025-09-14 21:41:32,961 - SourceAnalyzer - INFO - java_parser.py:888 - 컴파일된 메서드 패턴 수: 4
2025-09-14 21:41:32,961 - SourceAnalyzer - INFO - java_parser.py:898 - 패턴 1에서 메서드 발견: UserDao
2025-09-14 21:41:32,962 - SourceAnalyzer - INFO - java_parser.py:898 - 패턴 2에서 메서드 발견: validateAndSetDefaults
2025-09-14 21:41:32,962 - SourceAnalyzer - INFO - java_parser.py:898 - 패턴 4에서 메서드 발견: UserDao
2025-09-14 21:41:32,962 - SourceAnalyzer - INFO - java_parser.py:898 - 패턴 4에서 메서드 발견: findUsersByCondition
2025-09-14 21:41:32,963 - SourceAnalyzer - INFO - java_parser.py:898 - 패턴 4에서 메서드 발견: findUsersByConditionAnsi
2025-09-14 21:41:32,963 - SourceAnalyzer - INFO - java_parser.py:898 - 패턴 4에서 메서드 발견: validateAndSetDefaults
2025-09-14 21:41:32,964 - SourceAnalyzer - INFO - java_parser.py:898 - 패턴 4에서 메서드 발견: processUserData
2025-09-14 21:41:32,964 - SourceAnalyzer - INFO - java_parser.py:898 - 패턴 4에서 메서드 발견: for
2025-09-14 21:41:32,968 - SourceAnalyzer - INFO - java_loading.py:193 - === Java 클래스 저장 시작: D:\Analyzer\CreateMetaDb\projects\sampleSrc\src\com\example\dynamicquery\UserDao.java ===
2025-09-14 21:41:32,968 - SourceAnalyzer - INFO - java_loading.py:194 - 저장할 클래스 수: 2개
2025-09-14 21:41:32,968 - SourceAnalyzer - INFO - java_loading.py:212 - 프로젝트 ID: 1, 파일 ID: 4
2025-09-14 21:41:32,968 - SourceAnalyzer - INFO - java_loading.py:228 - 클래스 생성 완료: UserDao (ID: True)
2025-09-14 21:41:32,969 - SourceAnalyzer - INFO - java_loading.py:237 - 메서드 생성 완료: UserDao, 7개
2025-09-14 21:41:32,969 - SourceAnalyzer - INFO - java_loading.py:228 - 클래스 생성 완료: UserDao (ID: True)
2025-09-14 21:41:32,969 - SourceAnalyzer - INFO - java_loading.py:244 - === Java 클래스 저장 완료: D:\Analyzer\CreateMetaDb\projects\sampleSrc\src\com\example\dynamicquery\UserDao.java ===
2025-09-14 21:41:32,969 - SourceAnalyzer - INFO - java_loading.py:673 - 저장할 CALL_QUERY 관계 수: 1개
2025-09-14 21:41:32,969 - SourceAnalyzer - INFO - java_loading.py:696 - inferred 쿼리 생성 시도: findUsersWithAnsiJoin
2025-09-14 21:41:32,969 - SourceAnalyzer - INFO - java_loading.py:1045 - inferred 쿼리 생성 완료: findUsersWithAnsiJoin (ID: 92)
2025-09-14 21:41:32,969 - SourceAnalyzer - INFO - java_loading.py:699 - inferred 쿼리 생성 성공: findUsersWithAnsiJoin (ID: 92)
2025-09-14 21:41:32,969 - SourceAnalyzer - INFO - java_loading.py:727 - CALL_QUERY 관계 저장 완료: 1개
2025-09-14 21:41:32,969 - SourceAnalyzer - INFO - java_loading.py:755 - 저장할 CALL_METHOD 관계 수: 78개
2025-09-14 21:41:32,970 - SourceAnalyzer - INFO - java_loading.py:778 - inferred 메서드 생성 시도: getSortOrder
2025-09-14 21:41:32,970 - SourceAnalyzer - INFO - java_loading.py:1092 - inferred 메서드 생성 완료: getSortOrder (ID: 93)
2025-09-14 21:41:32,970 - SourceAnalyzer - INFO - java_loading.py:781 - inferred 메서드 생성 성공: getSortOrder (ID: 93)
2025-09-14 21:41:32,970 - SourceAnalyzer - INFO - java_loading.py:778 - inferred 메서드 생성 시도: warning
2025-09-14 21:41:32,970 - SourceAnalyzer - INFO - java_loading.py:1092 - inferred 메서드 생성 완료: warning (ID: 94)
2025-09-14 21:41:32,970 - SourceAnalyzer - INFO - java_loading.py:781 - inferred 메서드 생성 성공: warning (ID: 94)
2025-09-14 21:41:32,970 - SourceAnalyzer - INFO - java_loading.py:778 - inferred 메서드 생성 시도: setSortOrder
2025-09-14 21:41:32,970 - SourceAnalyzer - INFO - java_loading.py:1092 - inferred 메서드 생성 완료: setSortOrder (ID: 95)
2025-09-14 21:41:32,970 - SourceAnalyzer - INFO - java_loading.py:781 - inferred 메서드 생성 성공: setSortOrder (ID: 95)
2025-09-14 21:41:32,970 - SourceAnalyzer - INFO - java_loading.py:778 - inferred 메서드 생성 시도: info
2025-09-14 21:41:32,970 - SourceAnalyzer - INFO - java_loading.py:1092 - inferred 메서드 생성 완료: info (ID: 96)
2025-09-14 21:41:32,970 - SourceAnalyzer - INFO - java_loading.py:781 - inferred 메서드 생성 성공: info (ID: 96)
2025-09-14 21:41:32,971 - SourceAnalyzer - INFO - java_loading.py:778 - inferred 메서드 생성 시도: equalsIgnoreCase
2025-09-14 21:41:32,971 - SourceAnalyzer - INFO - java_loading.py:1092 - inferred 메서드 생성 완료: equalsIgnoreCase (ID: 97)
2025-09-14 21:41:32,971 - SourceAnalyzer - INFO - java_loading.py:781 - inferred 메서드 생성 성공: equalsIgnoreCase (ID: 97)
2025-09-14 21:41:32,971 - SourceAnalyzer - INFO - java_loading.py:778 - inferred 메서드 생성 시도: size
2025-09-14 21:41:32,971 - SourceAnalyzer - INFO - java_loading.py:1092 - inferred 메서드 생성 완료: size (ID: 98)
2025-09-14 21:41:32,971 - SourceAnalyzer - INFO - java_loading.py:781 - inferred 메서드 생성 성공: size (ID: 98)
2025-09-14 21:41:32,971 - SourceAnalyzer - INFO - java_loading.py:778 - inferred 메서드 생성 시도: getMapper
2025-09-14 21:41:32,971 - SourceAnalyzer - INFO - java_loading.py:1092 - inferred 메서드 생성 완료: getMapper (ID: 99)
2025-09-14 21:41:32,971 - SourceAnalyzer - INFO - java_loading.py:781 - inferred 메서드 생성 성공: getMapper (ID: 99)
2025-09-14 21:41:32,971 - SourceAnalyzer - INFO - java_loading.py:778 - inferred 메서드 생성 시도: findUsersWithAnsiJoin
2025-09-14 21:41:32,971 - SourceAnalyzer - INFO - java_loading.py:1092 - inferred 메서드 생성 완료: findUsersWithAnsiJoin (ID: 100)
2025-09-14 21:41:32,971 - SourceAnalyzer - INFO - java_loading.py:781 - inferred 메서드 생성 성공: findUsersWithAnsiJoin (ID: 100)
2025-09-14 21:41:32,972 - SourceAnalyzer - INFO - java_loading.py:778 - inferred 메서드 생성 시도: get
2025-09-14 21:41:32,972 - SourceAnalyzer - INFO - java_loading.py:1092 - inferred 메서드 생성 완료: get (ID: 101)
2025-09-14 21:41:32,972 - SourceAnalyzer - INFO - java_loading.py:781 - inferred 메서드 생성 성공: get (ID: 101)
2025-09-14 21:41:32,972 - SourceAnalyzer - INFO - java_loading.py:778 - inferred 메서드 생성 시도: put
2025-09-14 21:41:32,972 - SourceAnalyzer - INFO - java_loading.py:1092 - inferred 메서드 생성 완료: put (ID: 102)
2025-09-14 21:41:32,972 - SourceAnalyzer - INFO - java_loading.py:781 - inferred 메서드 생성 성공: put (ID: 102)
2025-09-14 21:41:32,972 - SourceAnalyzer - INFO - java_loading.py:778 - inferred 메서드 생성 시도: getSearchKeyword
2025-09-14 21:41:32,972 - SourceAnalyzer - INFO - java_loading.py:1092 - inferred 메서드 생성 완료: getSearchKeyword (ID: 103)
2025-09-14 21:41:32,972 - SourceAnalyzer - INFO - java_loading.py:781 - inferred 메서드 생성 성공: getSearchKeyword (ID: 103)
2025-09-14 21:41:32,972 - SourceAnalyzer - INFO - java_loading.py:778 - inferred 메서드 생성 시도: class
2025-09-14 21:41:32,972 - SourceAnalyzer - INFO - java_loading.py:1092 - inferred 메서드 생성 완료: class (ID: 104)
2025-09-14 21:41:32,972 - SourceAnalyzer - INFO - java_loading.py:781 - inferred 메서드 생성 성공: class (ID: 104)
2025-09-14 21:41:32,973 - SourceAnalyzer - INFO - java_loading.py:778 - inferred 메서드 생성 시도: for
2025-09-14 21:41:32,973 - SourceAnalyzer - INFO - java_loading.py:1092 - inferred 메서드 생성 완료: for (ID: 105)
2025-09-14 21:41:32,973 - SourceAnalyzer - INFO - java_loading.py:781 - inferred 메서드 생성 성공: for (ID: 105)
2025-09-14 21:41:32,973 - SourceAnalyzer - INFO - java_loading.py:778 - inferred 메서드 생성 시도: isEmpty
2025-09-14 21:41:32,973 - SourceAnalyzer - INFO - java_loading.py:1092 - inferred 메서드 생성 완료: isEmpty (ID: 106)
2025-09-14 21:41:32,973 - SourceAnalyzer - INFO - java_loading.py:781 - inferred 메서드 생성 성공: isEmpty (ID: 106)
2025-09-14 21:41:32,974 - SourceAnalyzer - ERROR - database_utils.py:143 - 데이터베이스 연결 오류: CHECK constraint failed: src_id != dst_id
2025-09-14 21:41:32,977 - SourceAnalyzer - ERROR - logger.py:207 - FATAL ERROR at D:\Analyzer\CreateMetaDb\util\database_utils.py:199 in execute_update()
Code: cursor.execute(query, params)
Message: 데이터베이스 연결 오류: CHECK constraint failed: src_id != dst_id
Exception: IntegrityError: CHECK constraint failed: src_id != dst_id
Stack Trace:
Traceback (most recent call last):
  File "D:\Analyzer\CreateMetaDb\util\database_utils.py", line 141, in get_connection
    yield conn
  File "D:\Analyzer\CreateMetaDb\util\database_utils.py", line 199, in execute_update
    cursor.execute(query, params)
    ~~~~~~~~~~~~~~^^^^^^^^^^^^^^^
sqlite3.IntegrityError: CHECK constraint failed: src_id != dst_id

2025-09-14 21:41:32,977 - SourceAnalyzer - ERROR - logger.py:210 - 
[FATAL ERROR] 프로그램이 에러로 인해 종료됩니다. (종료코드: 1)
2025-09-14 21:41:32,977 - SourceAnalyzer - ERROR - logger.py:211 - 자세한 내용은 로그 파일을 확인하세요: logs/SourceAnalyzer_20250914_214132.log
