=== ProductMapper.xml 1건 샘플 원인파악 ===

1. files 테이블에서 ProductMapper.xml 확인
   파일 ID: 38
   파일명: ProductMapper.xml
   경로: src\main\resources\mybatis\mapper
   타입: XML

2. components 테이블에서 ProductMapper.xml의 QUERY 확인
   ProductMapper.xml QUERY 컴포넌트가 components 테이블에 없음

3. 예상 SQL 쿼리와 비교
   예상 쿼리: 9개
   실제 쿼리: 0개
   누락 쿼리: 9개
     - selectProductById
     - selectProductsByCondition
     - selectProductsByAdvancedCondition
     - selectProductsByCategory
     - updateProductStock
     - updateProductDynamic
     - insertProductDynamic
     - deleteProductsByCondition
     - countProductsByCondition
   추가 쿼리: 0개

4. 원인 분석
   원인: ProductMapper.xml의 SQL 쿼리가 전혀 분석되지 않음
   - XML 파서가 이 파일을 처리하지 못함
   - XML 파싱 오류 또는 파일 인식 실패

5. XML 파싱 관련 정보
   파일 경로: src\main\resources\mybatis\mapper
   파일 ID: 38
   XML 파싱 로그에서 이 파일의 처리 상태를 확인해야 함
