SQL Content 저장된 데이터:
총 56건 저장됨
--------------------------------------------------------------------------------
  - findUsers (SQL_SELECT) - 392 bytes
    file_id: 4, component_id: 514, created: 2025-09-15 00:20:55
  - findUsersWithAnsiJoin (SQL_SELECT) - 411 bytes
    file_id: 4, component_id: 100, created: 2025-09-15 00:20:55
  - findUsersWithAliasOmission (SQL_SELECT) - 230 bytes
    file_id: 4, component_id: 515, created: 2025-09-15 00:20:55
  - findUsersWithMixedJoins (SQL_SELECT) - 274 bytes
    file_id: 4, component_id: 516, created: 2025-09-15 00:20:55
  - findComplexJoins (SQL_SELECT) - 273 bytes
    file_id: 4, component_id: 517, created: 2025-09-15 00:20:55
  - findUsersWithScatteredConditions (SQL_SELECT) - 332 bytes
    file_id: 4, component_id: 518, created: 2025-09-15 00:20:55
  - findOrdersWithScatteredJoins (SQL_SELECT) - 399 bytes
    file_id: 4, component_id: 519, created: 2025-09-15 00:20:55
  - findComplexScatteredJoins (SQL_SELECT) - 462 bytes
    file_id: 4, component_id: 520, created: 2025-09-15 00:20:55
  - getUsersWithTypes (SQL_SELECT) - 164 bytes
    file_id: 35, component_id: 521, created: 2025-09-15 00:20:55
  - getProductsWithCategoryAndBrand (SQL_SELECT) - 219 bytes
    file_id: 35, component_id: 522, created: 2025-09-15 00:20:55
  - getOrdersWithUsers (SQL_SELECT) - 210 bytes
    file_id: 35, component_id: 523, created: 2025-09-15 00:20:55
  - getComplexJoin (SQL_SELECT) - 242 bytes
    file_id: 35, component_id: 524, created: 2025-09-15 00:20:55
  - getMixedJoin (SQL_SELECT) - 249 bytes
    file_id: 35, component_id: 525, created: 2025-09-15 00:20:55
  - selectAll (SQL_SELECT) - 143 bytes
    file_id: 35, component_id: 526, created: 2025-09-15 00:20:55
  - selectById (SQL_SELECT) - 144 bytes
    file_id: 35, component_id: 527, created: 2025-09-15 00:20:55
  - selectByName (SQL_SELECT) - 204 bytes
    file_id: 35, component_id: 528, created: 2025-09-15 00:20:55
  - insert (SQL_INSERT) - 148 bytes
    file_id: 35, component_id: 529, created: 2025-09-15 00:20:55
  - update (SQL_UPDATE) - 217 bytes
    file_id: 35, component_id: 530, created: 2025-09-15 00:20:55
  - delete (SQL_DELETE) - 75 bytes
    file_id: 35, component_id: 531, created: 2025-09-15 00:20:55
  - searchUsers (SQL_SELECT) - 256 bytes
    file_id: 35, component_id: 532, created: 2025-09-15 00:20:55
  - countUsers (SQL_SELECT) - 92 bytes
    file_id: 35, component_id: 533, created: 2025-09-15 00:20:55
  - getUserWithDetails (SQL_SELECT) - 223 bytes
    file_id: 35, component_id: 534, created: 2025-09-15 00:20:55
  - selectFromNonExistentTable (SQL_SELECT) - 151 bytes
    file_id: 35, component_id: 535, created: 2025-09-15 00:20:55
  - selectWithNonExistentColumn (SQL_SELECT) - 156 bytes
    file_id: 35, component_id: 536, created: 2025-09-15 00:20:55
  - selectComplexError (SQL_SELECT) - 198 bytes
    file_id: 35, component_id: 537, created: 2025-09-15 00:20:55
  - selectProductById (SQL_SELECT) - 143 bytes
    file_id: 35, component_id: 538, created: 2025-09-15 00:20:55
  - selectProductsByCondition (SQL_SELECT) - 264 bytes
    file_id: 35, component_id: 539, created: 2025-09-15 00:20:55
  - selectProductsByAdvancedCondition (SQL_SELECT) - 433 bytes
    file_id: 35, component_id: 540, created: 2025-09-15 00:20:55
  - selectProductsByCategory (SQL_SELECT) - 160 bytes
    file_id: 35, component_id: 541, created: 2025-09-15 00:20:55
  - updateProductStock (SQL_UPDATE) - 126 bytes
    file_id: 35, component_id: 542, created: 2025-09-15 00:20:55
  - updateProductDynamic (SQL_UPDATE) - 334 bytes
    file_id: 35, component_id: 543, created: 2025-09-15 00:20:55
  - insertProductDynamic (SQL_INSERT) - 421 bytes
    file_id: 35, component_id: 544, created: 2025-09-15 00:20:55
  - deleteProductsByCondition (SQL_DELETE) - 251 bytes
    file_id: 35, component_id: 545, created: 2025-09-15 00:20:55
  - countProductsByCondition (SQL_SELECT) - 254 bytes
    file_id: 35, component_id: 546, created: 2025-09-15 00:20:55
  - selectUserById (SQL_SELECT) - 135 bytes
    file_id: 35, component_id: 547, created: 2025-09-15 00:20:55
  - selectUsersByCondition (SQL_SELECT) - 234 bytes
    file_id: 35, component_id: 548, created: 2025-09-15 00:20:55
  - selectUsersByAdvancedCondition (SQL_SELECT) - 412 bytes
    file_id: 35, component_id: 549, created: 2025-09-15 00:20:55
  - selectUsersByType (SQL_SELECT) - 151 bytes
    file_id: 35, component_id: 550, created: 2025-09-15 00:20:55
  - updateUserDynamic (SQL_UPDATE) - 267 bytes
    file_id: 35, component_id: 551, created: 2025-09-15 00:20:55
  - insertUserDynamic (SQL_INSERT) - 392 bytes
    file_id: 35, component_id: 552, created: 2025-09-15 00:20:55
  - deleteUsersByCondition (SQL_DELETE) - 222 bytes
    file_id: 35, component_id: 553, created: 2025-09-15 00:20:55
  - countUsersByCondition (SQL_SELECT) - 221 bytes
    file_id: 35, component_id: 554, created: 2025-09-15 00:20:55
  - getUserStatistics (SQL_SELECT) - 422 bytes
    file_id: 35, component_id: 555, created: 2025-09-15 00:20:55
  - getUserAgeDistribution (SQL_SELECT) - 352 bytes
    file_id: 35, component_id: 556, created: 2025-09-15 00:20:55
  - getUserActivityAnalysis (SQL_SELECT) - 395 bytes
    file_id: 35, component_id: 557, created: 2025-09-15 00:20:55
  - searchUsersAdvanced (SQL_SELECT) - 757 bytes
    file_id: 35, component_id: 558, created: 2025-09-15 00:20:55
  - getUserGroupStatistics (SQL_SELECT) - 330 bytes
    file_id: 35, component_id: 559, created: 2025-09-15 00:20:55
  - getUserWithPreferences (SQL_SELECT) - 240 bytes
    file_id: 35, component_id: 560, created: 2025-09-15 00:20:55
  - getUserWithPreferencesAndType (SQL_SELECT) - 255 bytes
    file_id: 35, component_id: 561, created: 2025-09-15 00:20:55
  - getUserActivityLog (SQL_SELECT) - 207 bytes
    file_id: 35, component_id: 562, created: 2025-09-15 00:20:55
  - getUserSettings (SQL_SELECT) - 187 bytes
    file_id: 35, component_id: 563, created: 2025-09-15 00:20:55
  - updateUserPreferences (SQL_UPDATE) - 189 bytes
    file_id: 35, component_id: 564, created: 2025-09-15 00:20:55
  - insertUserPreferences (SQL_INSERT) - 207 bytes
    file_id: 35, component_id: 565, created: 2025-09-15 00:20:55
  - getUserWithNewTable (SQL_SELECT) - 185 bytes
    file_id: 35, component_id: 566, created: 2025-09-15 00:20:55
  - mergeUserStatistics (SQL_MERGE) - 286 bytes
    file_id: 35, component_id: 567, created: 2025-09-15 00:20:55
  - mergeUserActivityLog (SQL_MERGE) - 305 bytes
    file_id: 35, component_id: 568, created: 2025-09-15 00:20:55

메인 메타데이터베이스의 SQL 컴포넌트:
  - SQL_DELETE: 3개
  - SQL_INSERT: 4개
  - SQL_MERGE: 2개
  - SQL_SELECT: 41개
  - SQL_UPDATE: 5개

총 SQL 컴포넌트: 55개
SQL Content 저장: 56개
저장률: 101.8%
