=== UserController.java 1건 샘플 원인파악 ===

1. files 테이블에서 UserController.java 확인
   파일 ID: 15
   파일명: UserController.java
   경로: src\main\java\com\example\controller
   타입: JAVA

2. classes 테이블에서 UserController 확인
   UserController 클래스가 classes 테이블에 없음

3. components 테이블에서 UserController CLASS 확인
   UserController CLASS 컴포넌트가 components 테이블에 없음

4. components 테이블에서 UserController METHOD 확인
   METHOD 컴포넌트: 12개
   - analyzeSearchResults (component_id: 193)
   - applyPaging (component_id: 195)
   - calculateAgeRange (component_id: 197)
   - calculateStatusDistribution (component_id: 198)
   - calculateTypeStatistics (component_id: 194)
   - calculateUserStatistics (component_id: 192)
   - isValidUserType (component_id: 196)
   - logAdvancedSearch (component_id: 200)
   - logTypeBasedAccess (component_id: 201)
   - logUserListAccess (component_id: 199)
   - validateAdvancedSearchParameters (component_id: 191)
   - validateSearchParameters (component_id: 190)

5. 원인 분석
   원인: UserController 클래스가 전혀 분석되지 않음
   - classes 테이블에 없음
   - components 테이블 CLASS 타입에도 없음
   - Java 파서가 이 파일의 클래스를 인식하지 못함

6. 메서드 분석 상태
   - 12개 메서드가 분석됨
   - 메서드는 정상적으로 인식됨
