2025-09-12 00:40:13,682 - SourceAnalyzer - INFO - logger.py:68 - === 처리플로우 1단계 테스트 시작 ===
2025-09-12 00:40:13,682 - SourceAnalyzer - INFO - logger.py:68 - 프로젝트: sampleSrc
2025-09-12 00:40:13,683 - SourceAnalyzer - INFO - logger.py:68 - 메타DB 초기화: True
2025-09-12 00:40:13,683 - SourceAnalyzer - INFO - logger.py:68 - === 처리플로우 1단계 시작: 파일 정보 저장 ===
2025-09-12 00:40:13,688 - SourceAnalyzer - DEBUG - logger.py:64 - 데이터베이스 연결 성공: D:\Analyzer\CreateMetaDb\projects\sampleSrc\metadata.db
2025-09-12 00:40:13,693 - SourceAnalyzer - DEBUG - logger.py:64 - SQL 스크립트 실행 성공: D:\Analyzer\CreateMetaDb\database\create_table_script.sql
2025-09-12 00:40:13,693 - SourceAnalyzer - INFO - logger.py:68 - 메타데이터베이스 초기화 완료: D:\Analyzer\CreateMetaDb\projects\sampleSrc\metadata.db
2025-09-12 00:40:13,695 - SourceAnalyzer - DEBUG - logger.py:64 - 파일 해시 생성 성공: D:\Analyzer\CreateMetaDb\projects\sampleSrc\db_schema\ALL_TABLES.csv (md5)
2025-09-12 00:40:13,696 - SourceAnalyzer - DEBUG - logger.py:64 - 파일 해시 생성 성공: D:\Analyzer\CreateMetaDb\projects\sampleSrc\db_schema\ALL_TAB_COLUMNS.csv (md5)
2025-09-12 00:40:13,697 - SourceAnalyzer - DEBUG - logger.py:64 - 파일 해시 생성 성공: D:\Analyzer\CreateMetaDb\projects\sampleSrc\src\com\example\dynamicquery\UserDao.java (md5)
2025-09-12 00:40:13,697 - SourceAnalyzer - DEBUG - logger.py:64 - 파일 해시 생성 성공: D:\Analyzer\CreateMetaDb\projects\sampleSrc\src\com\example\dynamicquery\UserMapper.java (md5)
2025-09-12 00:40:13,698 - SourceAnalyzer - DEBUG - logger.py:64 - 파일 해시 생성 성공: D:\Analyzer\CreateMetaDb\projects\sampleSrc\src\com\example\dynamicquery\UserMapper.xml (md5)
2025-09-12 00:40:13,698 - SourceAnalyzer - DEBUG - logger.py:64 - 파일 해시 생성 성공: D:\Analyzer\CreateMetaDb\projects\sampleSrc\src\com\example\dynamicquery\UserSearchDto.java (md5)
2025-09-12 00:40:13,699 - SourceAnalyzer - DEBUG - logger.py:64 - 파일 해시 생성 성공: D:\Analyzer\CreateMetaDb\projects\sampleSrc\src\main\java\com\example\controller\ErrorController.java (md5)
2025-09-12 00:40:13,699 - SourceAnalyzer - DEBUG - logger.py:64 - 파일 해시 생성 성공: D:\Analyzer\CreateMetaDb\projects\sampleSrc\src\main\java\com\example\controller\MixedErrorController.java (md5)
2025-09-12 00:40:13,699 - SourceAnalyzer - DEBUG - logger.py:64 - 파일 해시 생성 성공: D:\Analyzer\CreateMetaDb\projects\sampleSrc\src\main\java\com\example\controller\ProductController.java (md5)
2025-09-12 00:40:13,699 - SourceAnalyzer - DEBUG - logger.py:64 - 파일 해시 생성 성공: D:\Analyzer\CreateMetaDb\projects\sampleSrc\src\main\java\com\example\controller\SyntaxErrorController.java (md5)
2025-09-12 00:40:13,700 - SourceAnalyzer - DEBUG - logger.py:64 - 파일 해시 생성 성공: D:\Analyzer\CreateMetaDb\projects\sampleSrc\src\main\java\com\example\controller\UserController.java (md5)
2025-09-12 00:40:13,700 - SourceAnalyzer - DEBUG - logger.py:64 - 파일 해시 생성 성공: D:\Analyzer\CreateMetaDb\projects\sampleSrc\src\main\java\com\example\mapper\BrokenMapper.java (md5)
2025-09-12 00:40:13,700 - SourceAnalyzer - DEBUG - logger.py:64 - 파일 해시 생성 성공: D:\Analyzer\CreateMetaDb\projects\sampleSrc\src\main\java\com\example\mapper\ProductMapper.java (md5)
2025-09-12 00:40:13,700 - SourceAnalyzer - DEBUG - logger.py:64 - 파일 해시 생성 성공: D:\Analyzer\CreateMetaDb\projects\sampleSrc\src\main\java\com\example\mapper\UserMapper.java (md5)
2025-09-12 00:40:13,701 - SourceAnalyzer - DEBUG - logger.py:64 - 파일 해시 생성 성공: D:\Analyzer\CreateMetaDb\projects\sampleSrc\src\main\java\com\example\model\Product.java (md5)
2025-09-12 00:40:13,701 - SourceAnalyzer - DEBUG - logger.py:64 - 파일 해시 생성 성공: D:\Analyzer\CreateMetaDb\projects\sampleSrc\src\main\java\com\example\model\User.java (md5)
2025-09-12 00:40:13,701 - SourceAnalyzer - DEBUG - logger.py:64 - 파일 해시 생성 성공: D:\Analyzer\CreateMetaDb\projects\sampleSrc\src\main\java\com\example\service\LogicErrorService.java (md5)
2025-09-12 00:40:13,702 - SourceAnalyzer - DEBUG - logger.py:64 - 파일 해시 생성 성공: D:\Analyzer\CreateMetaDb\projects\sampleSrc\src\main\java\com\example\service\MixedErrorService.java (md5)
2025-09-12 00:40:13,702 - SourceAnalyzer - DEBUG - logger.py:64 - 파일 해시 생성 성공: D:\Analyzer\CreateMetaDb\projects\sampleSrc\src\main\java\com\example\service\ProductService.java (md5)
2025-09-12 00:40:13,702 - SourceAnalyzer - DEBUG - logger.py:64 - 파일 해시 생성 성공: D:\Analyzer\CreateMetaDb\projects\sampleSrc\src\main\java\com\example\service\ProductServiceImpl.java (md5)
2025-09-12 00:40:13,702 - SourceAnalyzer - DEBUG - logger.py:64 - 파일 해시 생성 성공: D:\Analyzer\CreateMetaDb\projects\sampleSrc\src\main\java\com\example\service\UserService.java (md5)
2025-09-12 00:40:13,702 - SourceAnalyzer - DEBUG - logger.py:64 - 파일 해시 생성 성공: D:\Analyzer\CreateMetaDb\projects\sampleSrc\src\main\java\com\example\service\UserServiceImpl.java (md5)
2025-09-12 00:40:13,703 - SourceAnalyzer - DEBUG - logger.py:64 - 파일 해시 생성 성공: D:\Analyzer\CreateMetaDb\projects\sampleSrc\src\main\resources\mybatis\mapper\ImplicitJoinMapper.xml (md5)
2025-09-12 00:40:13,703 - SourceAnalyzer - DEBUG - logger.py:64 - 파일 해시 생성 성공: D:\Analyzer\CreateMetaDb\projects\sampleSrc\src\main\resources\mybatis\mapper\MixedErrorMapper.xml (md5)
2025-09-12 00:40:13,704 - SourceAnalyzer - DEBUG - logger.py:64 - 파일 해시 생성 성공: D:\Analyzer\CreateMetaDb\projects\sampleSrc\src\main\resources\mybatis\mapper\ProductMapper.xml (md5)
2025-09-12 00:40:13,704 - SourceAnalyzer - DEBUG - logger.py:64 - 파일 해시 생성 성공: D:\Analyzer\CreateMetaDb\projects\sampleSrc\src\main\resources\mybatis\mapper\UserMapper.xml (md5)
2025-09-12 00:40:13,704 - SourceAnalyzer - DEBUG - logger.py:64 - 파일 해시 생성 성공: D:\Analyzer\CreateMetaDb\projects\sampleSrc\src\main\webapp\error\syntaxError.jsp (md5)
2025-09-12 00:40:13,705 - SourceAnalyzer - DEBUG - logger.py:64 - 파일 해시 생성 성공: D:\Analyzer\CreateMetaDb\projects\sampleSrc\src\main\webapp\mixed\partialError.jsp (md5)
2025-09-12 00:40:13,705 - SourceAnalyzer - DEBUG - logger.py:64 - 파일 해시 생성 성공: D:\Analyzer\CreateMetaDb\projects\sampleSrc\src\main\webapp\product\list.jsp (md5)
2025-09-12 00:40:13,705 - SourceAnalyzer - DEBUG - logger.py:64 - 파일 해시 생성 성공: D:\Analyzer\CreateMetaDb\projects\sampleSrc\src\main\webapp\product\searchResult.jsp (md5)
2025-09-12 00:40:13,706 - SourceAnalyzer - DEBUG - logger.py:64 - 파일 해시 생성 성공: D:\Analyzer\CreateMetaDb\projects\sampleSrc\src\main\webapp\user\error.jsp (md5)
2025-09-12 00:40:13,706 - SourceAnalyzer - DEBUG - logger.py:64 - 파일 해시 생성 성공: D:\Analyzer\CreateMetaDb\projects\sampleSrc\src\main\webapp\user\list.jsp (md5)
2025-09-12 00:40:13,706 - SourceAnalyzer - DEBUG - logger.py:64 - 파일 해시 생성 성공: D:\Analyzer\CreateMetaDb\projects\sampleSrc\src\main\webapp\user\searchResult.jsp (md5)
2025-09-12 00:40:13,706 - SourceAnalyzer - DEBUG - logger.py:64 - 파일 해시 생성 성공: D:\Analyzer\CreateMetaDb\projects\sampleSrc\src\main\webapp\user\typeList.jsp (md5)
2025-09-12 00:40:13,706 - SourceAnalyzer - DEBUG - logger.py:64 - 프로젝트 해시 생성 성공: D:\Analyzer\CreateMetaDb\projects\sampleSrc
2025-09-12 00:40:13,707 - SourceAnalyzer - DEBUG - logger.py:64 - 업데이트 쿼리 실행 성공: 
            INSERT OR REPLACE INTO projects (proj..., 영향받은 행: 1
2025-09-12 00:40:13,707 - SourceAnalyzer - DEBUG - logger.py:64 - 프로젝트 정보 저장 완료: sampleSrc
2025-09-12 00:40:13,707 - SourceAnalyzer - INFO - logger.py:68 - 프로젝트 파일 스캔 시작: D:\Analyzer\CreateMetaDb\projects\sampleSrc
2025-09-12 00:40:13,747 - SourceAnalyzer - INFO - logger.py:68 - 파일 스캔 완료: 총 39개 파일
2025-09-12 00:40:13,747 - SourceAnalyzer - DEBUG - logger.py:64 - 쿼리 실행 성공: SELECT project_id FROM projects WHERE project_name...
2025-09-12 00:40:13,748 - SourceAnalyzer - DEBUG - logger.py:64 - 배치 쿼리 실행 성공: 
            INSERT OR REPLACE INTO files (file_pa..., 처리된 행: 39
2025-09-12 00:40:13,748 - SourceAnalyzer - INFO - logger.py:68 - 파일 정보 저장 완료: 39개 파일
2025-09-12 00:40:13,748 - SourceAnalyzer - DEBUG - logger.py:64 - 업데이트 쿼리 실행 성공: UPDATE projects SET total_files = ? WHERE project_..., 영향받은 행: 1
2025-09-12 00:40:13,748 - SourceAnalyzer - DEBUG - logger.py:64 - 프로젝트 총 파일 수 업데이트: 39
2025-09-12 00:40:13,748 - SourceAnalyzer - INFO - logger.py:68 - === 파일 스캔 통계 ===
2025-09-12 00:40:13,748 - SourceAnalyzer - INFO - logger.py:68 - 총 파일 수: 39
2025-09-12 00:40:13,748 - SourceAnalyzer - INFO - logger.py:68 - 성공 스캔: 39
2025-09-12 00:40:13,748 - SourceAnalyzer - INFO - logger.py:68 - 오류 파일: 0
2025-09-12 00:40:13,748 - SourceAnalyzer - INFO - logger.py:68 - Java 파일: 19
2025-09-12 00:40:13,748 - SourceAnalyzer - INFO - logger.py:68 - XML 파일: 5
2025-09-12 00:40:13,749 - SourceAnalyzer - INFO - logger.py:68 - JSP 파일: 8
2025-09-12 00:40:13,749 - SourceAnalyzer - INFO - logger.py:68 - SQL 파일: 0
2025-09-12 00:40:13,749 - SourceAnalyzer - INFO - logger.py:68 - CSV 파일: 2
2025-09-12 00:40:13,749 - SourceAnalyzer - INFO - logger.py:68 - 기타 파일: 5
2025-09-12 00:40:13,749 - SourceAnalyzer - INFO - logger.py:68 - === 처리플로우 1단계 완료 ===
2025-09-12 00:40:13,752 - SourceAnalyzer - DEBUG - logger.py:64 - 데이터베이스 연결 해제: D:\Analyzer\CreateMetaDb\projects\sampleSrc\metadata.db
2025-09-12 00:40:13,753 - SourceAnalyzer - INFO - logger.py:68 - === 처리플로우 1단계 테스트 성공 ===
