2025-09-12 19:38:09,846 - SourceAnalyzer - INFO - logger.py:68 - SourceAnalyzer 시작
2025-09-12 19:38:09,853 - SourceAnalyzer - DEBUG - logger.py:64 - 명령행 인자 파싱 완료: {'project_name': 'sampleSrc', 'clear_metadb': True, 'verbose': True, 'output_format': 'html', 'config_file': None, 'log_level': 'INFO', 'dry_run': False, 'force': False}
2025-09-12 19:38:09,853 - SourceAnalyzer - DEBUG - logger.py:64 - 인자 검증 성공
2025-09-12 19:38:09,853 - SourceAnalyzer - INFO - logger.py:68 - 분석 대상 프로젝트: sampleSrc
2025-09-12 19:38:09,853 - SourceAnalyzer - INFO - logger.py:68 - 분석 옵션:
2025-09-12 19:38:09,854 - SourceAnalyzer - INFO - logger.py:68 -   - 메타데이터베이스 초기화: True
2025-09-12 19:38:09,854 - SourceAnalyzer - INFO - logger.py:68 -   - 상세 로그: True
2025-09-12 19:38:09,854 - SourceAnalyzer - INFO - logger.py:68 -   - 출력 형식: html
2025-09-12 19:38:09,854 - SourceAnalyzer - INFO - logger.py:68 -   - 드라이런 모드: False
2025-09-12 19:38:09,854 - SourceAnalyzer - INFO - logger.py:68 -   - 강제 실행: False
2025-09-12 19:38:09,854 - SourceAnalyzer - INFO - logger.py:68 - 1단계 실행: 파일 정보 저장 (프로젝트 전체 스캔)
2025-09-12 19:38:09,855 - SourceAnalyzer - INFO - logger.py:68 - === 파일 스캔 시작: 파일 정보 저장 ===
2025-09-12 19:38:09,856 - SourceAnalyzer - INFO - logger.py:68 - 기존 메타데이터베이스 삭제: D:\Analyzer\CreateMetaDb\projects\sampleSrc\metadata.db
2025-09-12 19:38:09,859 - SourceAnalyzer - DEBUG - logger.py:64 - 데이터베이스 연결 성공: D:\Analyzer\CreateMetaDb\projects\sampleSrc\metadata.db
2025-09-12 19:38:09,863 - SourceAnalyzer - DEBUG - logger.py:64 - SQL 스크립트 실행 성공: D:\Analyzer\CreateMetaDb\database\create_table_script.sql
2025-09-12 19:38:09,863 - SourceAnalyzer - INFO - logger.py:68 - 메타데이터베이스 초기화 완료: D:\Analyzer\CreateMetaDb\projects\sampleSrc\metadata.db
2025-09-12 19:38:09,863 - SourceAnalyzer - DEBUG - logger.py:64 - 쿼리 실행 성공: 
                SELECT COUNT(*) as count FROM pro...
2025-09-12 19:38:09,863 - SourceAnalyzer - DEBUG - logger.py:64 - 업데이트 쿼리 실행 성공: 
            INSERT INTO projects (project_name, p..., 영향받은 행: 1
2025-09-12 19:38:09,863 - SourceAnalyzer - DEBUG - logger.py:64 - 프로젝트 정보 저장/업데이트 완료: sampleSrc
2025-09-12 19:38:09,863 - SourceAnalyzer - INFO - logger.py:68 - 프로젝트 파일 스캔 시작: D:\Analyzer\CreateMetaDb\projects\sampleSrc
2025-09-12 19:38:09,882 - SourceAnalyzer - DEBUG - logger.py:64 - 디렉토리 스캔 완료: D:\Analyzer\CreateMetaDb\projects\sampleSrc, 파일 수: 42
2025-09-12 19:38:09,884 - SourceAnalyzer - DEBUG - logger.py:64 - 파일 읽기 성공: D:\Analyzer\CreateMetaDb\projects\sampleSrc\config\target_source_config.yaml
2025-09-12 19:38:09,888 - SourceAnalyzer - DEBUG - logger.py:64 - YAML 설정 파일 로드 성공: D:\Analyzer\CreateMetaDb\projects\sampleSrc\config\target_source_config.yaml
2025-09-12 19:38:09,891 - SourceAnalyzer - DEBUG - logger.py:64 - 파일 읽기 성공: D:\Analyzer\CreateMetaDb\projects\sampleSrc\config\target_source_config.yaml
2025-09-12 19:38:09,895 - SourceAnalyzer - DEBUG - logger.py:64 - YAML 설정 파일 로드 성공: D:\Analyzer\CreateMetaDb\projects\sampleSrc\config\target_source_config.yaml
2025-09-12 19:38:09,895 - SourceAnalyzer - DEBUG - logger.py:64 - 파일 읽기 성공: D:\Analyzer\CreateMetaDb\projects\sampleSrc\config\target_source_config.yaml
2025-09-12 19:38:09,899 - SourceAnalyzer - DEBUG - logger.py:64 - YAML 설정 파일 로드 성공: D:\Analyzer\CreateMetaDb\projects\sampleSrc\config\target_source_config.yaml
2025-09-12 19:38:09,900 - SourceAnalyzer - DEBUG - logger.py:64 - 파일 읽기 성공: D:\Analyzer\CreateMetaDb\projects\sampleSrc\config\target_source_config.yaml
2025-09-12 19:38:09,904 - SourceAnalyzer - DEBUG - logger.py:64 - YAML 설정 파일 로드 성공: D:\Analyzer\CreateMetaDb\projects\sampleSrc\config\target_source_config.yaml
2025-09-12 19:38:09,905 - SourceAnalyzer - DEBUG - logger.py:64 - 파일 읽기 성공: D:\Analyzer\CreateMetaDb\projects\sampleSrc\config\target_source_config.yaml
2025-09-12 19:38:09,909 - SourceAnalyzer - DEBUG - logger.py:64 - YAML 설정 파일 로드 성공: D:\Analyzer\CreateMetaDb\projects\sampleSrc\config\target_source_config.yaml
2025-09-12 19:38:09,909 - SourceAnalyzer - DEBUG - logger.py:64 - 파일 읽기 성공: D:\Analyzer\CreateMetaDb\projects\sampleSrc\config\target_source_config.yaml
2025-09-12 19:38:09,913 - SourceAnalyzer - DEBUG - logger.py:64 - YAML 설정 파일 로드 성공: D:\Analyzer\CreateMetaDb\projects\sampleSrc\config\target_source_config.yaml
2025-09-12 19:38:09,914 - SourceAnalyzer - DEBUG - logger.py:64 - 파일 읽기 성공: D:\Analyzer\CreateMetaDb\projects\sampleSrc\config\target_source_config.yaml
2025-09-12 19:38:09,918 - SourceAnalyzer - DEBUG - logger.py:64 - YAML 설정 파일 로드 성공: D:\Analyzer\CreateMetaDb\projects\sampleSrc\config\target_source_config.yaml
2025-09-12 19:38:09,919 - SourceAnalyzer - DEBUG - logger.py:64 - 파일 읽기 성공: D:\Analyzer\CreateMetaDb\projects\sampleSrc\config\target_source_config.yaml
2025-09-12 19:38:09,923 - SourceAnalyzer - DEBUG - logger.py:64 - YAML 설정 파일 로드 성공: D:\Analyzer\CreateMetaDb\projects\sampleSrc\config\target_source_config.yaml
2025-09-12 19:38:09,923 - SourceAnalyzer - DEBUG - logger.py:64 - 파일 읽기 성공: D:\Analyzer\CreateMetaDb\projects\sampleSrc\config\target_source_config.yaml
2025-09-12 19:38:09,928 - SourceAnalyzer - DEBUG - logger.py:64 - YAML 설정 파일 로드 성공: D:\Analyzer\CreateMetaDb\projects\sampleSrc\config\target_source_config.yaml
2025-09-12 19:38:09,929 - SourceAnalyzer - DEBUG - logger.py:64 - 파일 읽기 성공: D:\Analyzer\CreateMetaDb\projects\sampleSrc\config\target_source_config.yaml
2025-09-12 19:38:09,933 - SourceAnalyzer - DEBUG - logger.py:64 - YAML 설정 파일 로드 성공: D:\Analyzer\CreateMetaDb\projects\sampleSrc\config\target_source_config.yaml
2025-09-12 19:38:09,933 - SourceAnalyzer - DEBUG - logger.py:64 - 파일 읽기 성공: D:\Analyzer\CreateMetaDb\projects\sampleSrc\config\target_source_config.yaml
2025-09-12 19:38:09,937 - SourceAnalyzer - DEBUG - logger.py:64 - YAML 설정 파일 로드 성공: D:\Analyzer\CreateMetaDb\projects\sampleSrc\config\target_source_config.yaml
2025-09-12 19:38:09,938 - SourceAnalyzer - DEBUG - logger.py:64 - 파일 읽기 성공: D:\Analyzer\CreateMetaDb\projects\sampleSrc\config\target_source_config.yaml
2025-09-12 19:38:09,942 - SourceAnalyzer - DEBUG - logger.py:64 - YAML 설정 파일 로드 성공: D:\Analyzer\CreateMetaDb\projects\sampleSrc\config\target_source_config.yaml
2025-09-12 19:38:09,943 - SourceAnalyzer - DEBUG - logger.py:64 - 파일 읽기 성공: D:\Analyzer\CreateMetaDb\projects\sampleSrc\config\target_source_config.yaml
2025-09-12 19:38:09,946 - SourceAnalyzer - DEBUG - logger.py:64 - YAML 설정 파일 로드 성공: D:\Analyzer\CreateMetaDb\projects\sampleSrc\config\target_source_config.yaml
2025-09-12 19:38:09,947 - SourceAnalyzer - DEBUG - logger.py:64 - 파일 읽기 성공: D:\Analyzer\CreateMetaDb\projects\sampleSrc\config\target_source_config.yaml
2025-09-12 19:38:09,951 - SourceAnalyzer - DEBUG - logger.py:64 - YAML 설정 파일 로드 성공: D:\Analyzer\CreateMetaDb\projects\sampleSrc\config\target_source_config.yaml
2025-09-12 19:38:09,952 - SourceAnalyzer - DEBUG - logger.py:64 - 파일 읽기 성공: D:\Analyzer\CreateMetaDb\projects\sampleSrc\config\target_source_config.yaml
2025-09-12 19:38:09,956 - SourceAnalyzer - DEBUG - logger.py:64 - YAML 설정 파일 로드 성공: D:\Analyzer\CreateMetaDb\projects\sampleSrc\config\target_source_config.yaml
2025-09-12 19:38:09,956 - SourceAnalyzer - DEBUG - logger.py:64 - 파일 읽기 성공: D:\Analyzer\CreateMetaDb\projects\sampleSrc\config\target_source_config.yaml
2025-09-12 19:38:09,960 - SourceAnalyzer - DEBUG - logger.py:64 - YAML 설정 파일 로드 성공: D:\Analyzer\CreateMetaDb\projects\sampleSrc\config\target_source_config.yaml
2025-09-12 19:38:09,961 - SourceAnalyzer - DEBUG - logger.py:64 - 파일 읽기 성공: D:\Analyzer\CreateMetaDb\projects\sampleSrc\config\target_source_config.yaml
2025-09-12 19:38:09,965 - SourceAnalyzer - DEBUG - logger.py:64 - YAML 설정 파일 로드 성공: D:\Analyzer\CreateMetaDb\projects\sampleSrc\config\target_source_config.yaml
2025-09-12 19:38:09,965 - SourceAnalyzer - DEBUG - logger.py:64 - 파일 읽기 성공: D:\Analyzer\CreateMetaDb\projects\sampleSrc\config\target_source_config.yaml
2025-09-12 19:38:09,969 - SourceAnalyzer - DEBUG - logger.py:64 - YAML 설정 파일 로드 성공: D:\Analyzer\CreateMetaDb\projects\sampleSrc\config\target_source_config.yaml
2025-09-12 19:38:09,970 - SourceAnalyzer - DEBUG - logger.py:64 - 파일 읽기 성공: D:\Analyzer\CreateMetaDb\projects\sampleSrc\config\target_source_config.yaml
2025-09-12 19:38:09,974 - SourceAnalyzer - DEBUG - logger.py:64 - YAML 설정 파일 로드 성공: D:\Analyzer\CreateMetaDb\projects\sampleSrc\config\target_source_config.yaml
2025-09-12 19:38:09,975 - SourceAnalyzer - DEBUG - logger.py:64 - 파일 읽기 성공: D:\Analyzer\CreateMetaDb\projects\sampleSrc\config\target_source_config.yaml
2025-09-12 19:38:09,979 - SourceAnalyzer - DEBUG - logger.py:64 - YAML 설정 파일 로드 성공: D:\Analyzer\CreateMetaDb\projects\sampleSrc\config\target_source_config.yaml
2025-09-12 19:38:09,979 - SourceAnalyzer - DEBUG - logger.py:64 - 파일 읽기 성공: D:\Analyzer\CreateMetaDb\projects\sampleSrc\config\target_source_config.yaml
2025-09-12 19:38:09,983 - SourceAnalyzer - DEBUG - logger.py:64 - YAML 설정 파일 로드 성공: D:\Analyzer\CreateMetaDb\projects\sampleSrc\config\target_source_config.yaml
2025-09-12 19:38:09,983 - SourceAnalyzer - DEBUG - logger.py:64 - 파일 읽기 성공: D:\Analyzer\CreateMetaDb\projects\sampleSrc\config\target_source_config.yaml
2025-09-12 19:38:09,988 - SourceAnalyzer - DEBUG - logger.py:64 - YAML 설정 파일 로드 성공: D:\Analyzer\CreateMetaDb\projects\sampleSrc\config\target_source_config.yaml
2025-09-12 19:38:09,989 - SourceAnalyzer - DEBUG - logger.py:64 - 파일 읽기 성공: D:\Analyzer\CreateMetaDb\projects\sampleSrc\config\target_source_config.yaml
2025-09-12 19:38:09,993 - SourceAnalyzer - DEBUG - logger.py:64 - YAML 설정 파일 로드 성공: D:\Analyzer\CreateMetaDb\projects\sampleSrc\config\target_source_config.yaml
2025-09-12 19:38:09,994 - SourceAnalyzer - DEBUG - logger.py:64 - 파일 읽기 성공: D:\Analyzer\CreateMetaDb\projects\sampleSrc\config\target_source_config.yaml
2025-09-12 19:38:09,998 - SourceAnalyzer - DEBUG - logger.py:64 - YAML 설정 파일 로드 성공: D:\Analyzer\CreateMetaDb\projects\sampleSrc\config\target_source_config.yaml
2025-09-12 19:38:09,998 - SourceAnalyzer - DEBUG - logger.py:64 - 파일 읽기 성공: D:\Analyzer\CreateMetaDb\projects\sampleSrc\config\target_source_config.yaml
2025-09-12 19:38:10,002 - SourceAnalyzer - DEBUG - logger.py:64 - YAML 설정 파일 로드 성공: D:\Analyzer\CreateMetaDb\projects\sampleSrc\config\target_source_config.yaml
2025-09-12 19:38:10,004 - SourceAnalyzer - DEBUG - logger.py:64 - 파일 읽기 성공: D:\Analyzer\CreateMetaDb\projects\sampleSrc\config\target_source_config.yaml
2025-09-12 19:38:10,009 - SourceAnalyzer - DEBUG - logger.py:64 - YAML 설정 파일 로드 성공: D:\Analyzer\CreateMetaDb\projects\sampleSrc\config\target_source_config.yaml
2025-09-12 19:38:10,011 - SourceAnalyzer - DEBUG - logger.py:64 - 파일 읽기 성공: D:\Analyzer\CreateMetaDb\projects\sampleSrc\config\target_source_config.yaml
2025-09-12 19:38:10,015 - SourceAnalyzer - DEBUG - logger.py:64 - YAML 설정 파일 로드 성공: D:\Analyzer\CreateMetaDb\projects\sampleSrc\config\target_source_config.yaml
2025-09-12 19:38:10,016 - SourceAnalyzer - DEBUG - logger.py:64 - 파일 읽기 성공: D:\Analyzer\CreateMetaDb\projects\sampleSrc\config\target_source_config.yaml
2025-09-12 19:38:10,019 - SourceAnalyzer - DEBUG - logger.py:64 - YAML 설정 파일 로드 성공: D:\Analyzer\CreateMetaDb\projects\sampleSrc\config\target_source_config.yaml
2025-09-12 19:38:10,020 - SourceAnalyzer - DEBUG - logger.py:64 - 파일 읽기 성공: D:\Analyzer\CreateMetaDb\projects\sampleSrc\config\target_source_config.yaml
2025-09-12 19:38:10,024 - SourceAnalyzer - DEBUG - logger.py:64 - YAML 설정 파일 로드 성공: D:\Analyzer\CreateMetaDb\projects\sampleSrc\config\target_source_config.yaml
2025-09-12 19:38:10,025 - SourceAnalyzer - DEBUG - logger.py:64 - 파일 읽기 성공: D:\Analyzer\CreateMetaDb\projects\sampleSrc\config\target_source_config.yaml
2025-09-12 19:38:10,029 - SourceAnalyzer - DEBUG - logger.py:64 - YAML 설정 파일 로드 성공: D:\Analyzer\CreateMetaDb\projects\sampleSrc\config\target_source_config.yaml
2025-09-12 19:38:10,030 - SourceAnalyzer - DEBUG - logger.py:64 - 파일 읽기 성공: D:\Analyzer\CreateMetaDb\projects\sampleSrc\config\target_source_config.yaml
2025-09-12 19:38:10,033 - SourceAnalyzer - DEBUG - logger.py:64 - YAML 설정 파일 로드 성공: D:\Analyzer\CreateMetaDb\projects\sampleSrc\config\target_source_config.yaml
2025-09-12 19:38:10,034 - SourceAnalyzer - DEBUG - logger.py:64 - 파일 읽기 성공: D:\Analyzer\CreateMetaDb\projects\sampleSrc\config\target_source_config.yaml
2025-09-12 19:38:10,038 - SourceAnalyzer - DEBUG - logger.py:64 - YAML 설정 파일 로드 성공: D:\Analyzer\CreateMetaDb\projects\sampleSrc\config\target_source_config.yaml
2025-09-12 19:38:10,040 - SourceAnalyzer - DEBUG - logger.py:64 - 파일 읽기 성공: D:\Analyzer\CreateMetaDb\projects\sampleSrc\config\target_source_config.yaml
2025-09-12 19:38:10,044 - SourceAnalyzer - DEBUG - logger.py:64 - YAML 설정 파일 로드 성공: D:\Analyzer\CreateMetaDb\projects\sampleSrc\config\target_source_config.yaml
2025-09-12 19:38:10,045 - SourceAnalyzer - DEBUG - logger.py:64 - 파일 읽기 성공: D:\Analyzer\CreateMetaDb\projects\sampleSrc\config\target_source_config.yaml
2025-09-12 19:38:10,049 - SourceAnalyzer - DEBUG - logger.py:64 - YAML 설정 파일 로드 성공: D:\Analyzer\CreateMetaDb\projects\sampleSrc\config\target_source_config.yaml
2025-09-12 19:38:10,049 - SourceAnalyzer - INFO - logger.py:68 - 파일 스캔 완료: 총 35개 파일
2025-09-12 19:38:10,049 - SourceAnalyzer - DEBUG - logger.py:64 - 쿼리 실행 성공: SELECT project_id FROM projects WHERE project_name...
2025-09-12 19:38:10,049 - SourceAnalyzer - DEBUG - logger.py:64 - 쿼리 실행 성공: 
                SELECT COUNT(*) as count FROM fil...
2025-09-12 19:38:10,050 - SourceAnalyzer - DEBUG - logger.py:64 - 업데이트 쿼리 실행 성공: 
            INSERT INTO files (file_path, file_na..., 영향받은 행: 1
2025-09-12 19:38:10,050 - SourceAnalyzer - DEBUG - logger.py:64 - 쿼리 실행 성공: 
                SELECT COUNT(*) as count FROM fil...
2025-09-12 19:38:10,050 - SourceAnalyzer - DEBUG - logger.py:64 - 업데이트 쿼리 실행 성공: 
            INSERT INTO files (file_path, file_na..., 영향받은 행: 1
2025-09-12 19:38:10,050 - SourceAnalyzer - DEBUG - logger.py:64 - 쿼리 실행 성공: 
                SELECT COUNT(*) as count FROM fil...
2025-09-12 19:38:10,050 - SourceAnalyzer - DEBUG - logger.py:64 - 업데이트 쿼리 실행 성공: 
            INSERT INTO files (file_path, file_na..., 영향받은 행: 1
2025-09-12 19:38:10,050 - SourceAnalyzer - DEBUG - logger.py:64 - 쿼리 실행 성공: 
                SELECT COUNT(*) as count FROM fil...
2025-09-12 19:38:10,050 - SourceAnalyzer - DEBUG - logger.py:64 - 업데이트 쿼리 실행 성공: 
            INSERT INTO files (file_path, file_na..., 영향받은 행: 1
2025-09-12 19:38:10,050 - SourceAnalyzer - DEBUG - logger.py:64 - 쿼리 실행 성공: 
                SELECT COUNT(*) as count FROM fil...
2025-09-12 19:38:10,050 - SourceAnalyzer - DEBUG - logger.py:64 - 업데이트 쿼리 실행 성공: 
            INSERT INTO files (file_path, file_na..., 영향받은 행: 1
2025-09-12 19:38:10,050 - SourceAnalyzer - DEBUG - logger.py:64 - 쿼리 실행 성공: 
                SELECT COUNT(*) as count FROM fil...
2025-09-12 19:38:10,050 - SourceAnalyzer - DEBUG - logger.py:64 - 업데이트 쿼리 실행 성공: 
            INSERT INTO files (file_path, file_na..., 영향받은 행: 1
2025-09-12 19:38:10,050 - SourceAnalyzer - DEBUG - logger.py:64 - 쿼리 실행 성공: 
                SELECT COUNT(*) as count FROM fil...
2025-09-12 19:38:10,051 - SourceAnalyzer - DEBUG - logger.py:64 - 업데이트 쿼리 실행 성공: 
            INSERT INTO files (file_path, file_na..., 영향받은 행: 1
2025-09-12 19:38:10,051 - SourceAnalyzer - DEBUG - logger.py:64 - 쿼리 실행 성공: 
                SELECT COUNT(*) as count FROM fil...
2025-09-12 19:38:10,051 - SourceAnalyzer - DEBUG - logger.py:64 - 업데이트 쿼리 실행 성공: 
            INSERT INTO files (file_path, file_na..., 영향받은 행: 1
2025-09-12 19:38:10,051 - SourceAnalyzer - DEBUG - logger.py:64 - 쿼리 실행 성공: 
                SELECT COUNT(*) as count FROM fil...
2025-09-12 19:38:10,051 - SourceAnalyzer - DEBUG - logger.py:64 - 업데이트 쿼리 실행 성공: 
            INSERT INTO files (file_path, file_na..., 영향받은 행: 1
2025-09-12 19:38:10,051 - SourceAnalyzer - DEBUG - logger.py:64 - 쿼리 실행 성공: 
                SELECT COUNT(*) as count FROM fil...
2025-09-12 19:38:10,051 - SourceAnalyzer - DEBUG - logger.py:64 - 업데이트 쿼리 실행 성공: 
            INSERT INTO files (file_path, file_na..., 영향받은 행: 1
2025-09-12 19:38:10,051 - SourceAnalyzer - DEBUG - logger.py:64 - 쿼리 실행 성공: 
                SELECT COUNT(*) as count FROM fil...
2025-09-12 19:38:10,051 - SourceAnalyzer - DEBUG - logger.py:64 - 업데이트 쿼리 실행 성공: 
            INSERT INTO files (file_path, file_na..., 영향받은 행: 1
2025-09-12 19:38:10,051 - SourceAnalyzer - DEBUG - logger.py:64 - 쿼리 실행 성공: 
                SELECT COUNT(*) as count FROM fil...
2025-09-12 19:38:10,051 - SourceAnalyzer - DEBUG - logger.py:64 - 업데이트 쿼리 실행 성공: 
            INSERT INTO files (file_path, file_na..., 영향받은 행: 1
2025-09-12 19:38:10,051 - SourceAnalyzer - DEBUG - logger.py:64 - 쿼리 실행 성공: 
                SELECT COUNT(*) as count FROM fil...
2025-09-12 19:38:10,052 - SourceAnalyzer - DEBUG - logger.py:64 - 업데이트 쿼리 실행 성공: 
            INSERT INTO files (file_path, file_na..., 영향받은 행: 1
2025-09-12 19:38:10,052 - SourceAnalyzer - DEBUG - logger.py:64 - 쿼리 실행 성공: 
                SELECT COUNT(*) as count FROM fil...
2025-09-12 19:38:10,052 - SourceAnalyzer - DEBUG - logger.py:64 - 업데이트 쿼리 실행 성공: 
            INSERT INTO files (file_path, file_na..., 영향받은 행: 1
2025-09-12 19:38:10,052 - SourceAnalyzer - DEBUG - logger.py:64 - 쿼리 실행 성공: 
                SELECT COUNT(*) as count FROM fil...
2025-09-12 19:38:10,052 - SourceAnalyzer - DEBUG - logger.py:64 - 업데이트 쿼리 실행 성공: 
            INSERT INTO files (file_path, file_na..., 영향받은 행: 1
2025-09-12 19:38:10,052 - SourceAnalyzer - DEBUG - logger.py:64 - 쿼리 실행 성공: 
                SELECT COUNT(*) as count FROM fil...
2025-09-12 19:38:10,052 - SourceAnalyzer - DEBUG - logger.py:64 - 업데이트 쿼리 실행 성공: 
            INSERT INTO files (file_path, file_na..., 영향받은 행: 1
2025-09-12 19:38:10,052 - SourceAnalyzer - DEBUG - logger.py:64 - 쿼리 실행 성공: 
                SELECT COUNT(*) as count FROM fil...
2025-09-12 19:38:10,052 - SourceAnalyzer - DEBUG - logger.py:64 - 업데이트 쿼리 실행 성공: 
            INSERT INTO files (file_path, file_na..., 영향받은 행: 1
2025-09-12 19:38:10,052 - SourceAnalyzer - DEBUG - logger.py:64 - 쿼리 실행 성공: 
                SELECT COUNT(*) as count FROM fil...
2025-09-12 19:38:10,052 - SourceAnalyzer - DEBUG - logger.py:64 - 업데이트 쿼리 실행 성공: 
            INSERT INTO files (file_path, file_na..., 영향받은 행: 1
2025-09-12 19:38:10,052 - SourceAnalyzer - DEBUG - logger.py:64 - 쿼리 실행 성공: 
                SELECT COUNT(*) as count FROM fil...
2025-09-12 19:38:10,052 - SourceAnalyzer - DEBUG - logger.py:64 - 업데이트 쿼리 실행 성공: 
            INSERT INTO files (file_path, file_na..., 영향받은 행: 1
2025-09-12 19:38:10,053 - SourceAnalyzer - DEBUG - logger.py:64 - 쿼리 실행 성공: 
                SELECT COUNT(*) as count FROM fil...
2025-09-12 19:38:10,053 - SourceAnalyzer - DEBUG - logger.py:64 - 업데이트 쿼리 실행 성공: 
            INSERT INTO files (file_path, file_na..., 영향받은 행: 1
2025-09-12 19:38:10,053 - SourceAnalyzer - DEBUG - logger.py:64 - 쿼리 실행 성공: 
                SELECT COUNT(*) as count FROM fil...
2025-09-12 19:38:10,053 - SourceAnalyzer - DEBUG - logger.py:64 - 업데이트 쿼리 실행 성공: 
            INSERT INTO files (file_path, file_na..., 영향받은 행: 1
2025-09-12 19:38:10,053 - SourceAnalyzer - DEBUG - logger.py:64 - 쿼리 실행 성공: 
                SELECT COUNT(*) as count FROM fil...
2025-09-12 19:38:10,053 - SourceAnalyzer - DEBUG - logger.py:64 - 업데이트 쿼리 실행 성공: 
            INSERT INTO files (file_path, file_na..., 영향받은 행: 1
2025-09-12 19:38:10,053 - SourceAnalyzer - DEBUG - logger.py:64 - 쿼리 실행 성공: 
                SELECT COUNT(*) as count FROM fil...
2025-09-12 19:38:10,053 - SourceAnalyzer - DEBUG - logger.py:64 - 업데이트 쿼리 실행 성공: 
            INSERT INTO files (file_path, file_na..., 영향받은 행: 1
2025-09-12 19:38:10,053 - SourceAnalyzer - DEBUG - logger.py:64 - 쿼리 실행 성공: 
                SELECT COUNT(*) as count FROM fil...
2025-09-12 19:38:10,053 - SourceAnalyzer - DEBUG - logger.py:64 - 업데이트 쿼리 실행 성공: 
            INSERT INTO files (file_path, file_na..., 영향받은 행: 1
2025-09-12 19:38:10,053 - SourceAnalyzer - DEBUG - logger.py:64 - 쿼리 실행 성공: 
                SELECT COUNT(*) as count FROM fil...
2025-09-12 19:38:10,053 - SourceAnalyzer - DEBUG - logger.py:64 - 업데이트 쿼리 실행 성공: 
            INSERT INTO files (file_path, file_na..., 영향받은 행: 1
2025-09-12 19:38:10,053 - SourceAnalyzer - DEBUG - logger.py:64 - 쿼리 실행 성공: 
                SELECT COUNT(*) as count FROM fil...
2025-09-12 19:38:10,053 - SourceAnalyzer - DEBUG - logger.py:64 - 업데이트 쿼리 실행 성공: 
            INSERT INTO files (file_path, file_na..., 영향받은 행: 1
2025-09-12 19:38:10,054 - SourceAnalyzer - DEBUG - logger.py:64 - 쿼리 실행 성공: 
                SELECT COUNT(*) as count FROM fil...
2025-09-12 19:38:10,054 - SourceAnalyzer - DEBUG - logger.py:64 - 업데이트 쿼리 실행 성공: 
            INSERT INTO files (file_path, file_na..., 영향받은 행: 1
2025-09-12 19:38:10,054 - SourceAnalyzer - DEBUG - logger.py:64 - 쿼리 실행 성공: 
                SELECT COUNT(*) as count FROM fil...
2025-09-12 19:38:10,054 - SourceAnalyzer - DEBUG - logger.py:64 - 업데이트 쿼리 실행 성공: 
            INSERT INTO files (file_path, file_na..., 영향받은 행: 1
2025-09-12 19:38:10,054 - SourceAnalyzer - DEBUG - logger.py:64 - 쿼리 실행 성공: 
                SELECT COUNT(*) as count FROM fil...
2025-09-12 19:38:10,054 - SourceAnalyzer - DEBUG - logger.py:64 - 업데이트 쿼리 실행 성공: 
            INSERT INTO files (file_path, file_na..., 영향받은 행: 1
2025-09-12 19:38:10,054 - SourceAnalyzer - DEBUG - logger.py:64 - 쿼리 실행 성공: 
                SELECT COUNT(*) as count FROM fil...
2025-09-12 19:38:10,054 - SourceAnalyzer - DEBUG - logger.py:64 - 업데이트 쿼리 실행 성공: 
            INSERT INTO files (file_path, file_na..., 영향받은 행: 1
2025-09-12 19:38:10,054 - SourceAnalyzer - DEBUG - logger.py:64 - 쿼리 실행 성공: 
                SELECT COUNT(*) as count FROM fil...
2025-09-12 19:38:10,054 - SourceAnalyzer - DEBUG - logger.py:64 - 업데이트 쿼리 실행 성공: 
            INSERT INTO files (file_path, file_na..., 영향받은 행: 1
2025-09-12 19:38:10,054 - SourceAnalyzer - DEBUG - logger.py:64 - 쿼리 실행 성공: 
                SELECT COUNT(*) as count FROM fil...
2025-09-12 19:38:10,055 - SourceAnalyzer - DEBUG - logger.py:64 - 업데이트 쿼리 실행 성공: 
            INSERT INTO files (file_path, file_na..., 영향받은 행: 1
2025-09-12 19:38:10,055 - SourceAnalyzer - DEBUG - logger.py:64 - 쿼리 실행 성공: 
                SELECT COUNT(*) as count FROM fil...
2025-09-12 19:38:10,055 - SourceAnalyzer - DEBUG - logger.py:64 - 업데이트 쿼리 실행 성공: 
            INSERT INTO files (file_path, file_na..., 영향받은 행: 1
2025-09-12 19:38:10,055 - SourceAnalyzer - DEBUG - logger.py:64 - 쿼리 실행 성공: 
                SELECT COUNT(*) as count FROM fil...
2025-09-12 19:38:10,055 - SourceAnalyzer - DEBUG - logger.py:64 - 업데이트 쿼리 실행 성공: 
            INSERT INTO files (file_path, file_na..., 영향받은 행: 1
2025-09-12 19:38:10,056 - SourceAnalyzer - DEBUG - logger.py:64 - 쿼리 실행 성공: 
                SELECT COUNT(*) as count FROM fil...
2025-09-12 19:38:10,056 - SourceAnalyzer - DEBUG - logger.py:64 - 업데이트 쿼리 실행 성공: 
            INSERT INTO files (file_path, file_na..., 영향받은 행: 1
2025-09-12 19:38:10,056 - SourceAnalyzer - INFO - logger.py:68 - 파일 정보 저장 완료: 35개 파일
2025-09-12 19:38:10,056 - SourceAnalyzer - DEBUG - logger.py:64 - 업데이트 쿼리 실행 성공: UPDATE projects SET total_files = ? WHERE project_..., 영향받은 행: 1
2025-09-12 19:38:10,056 - SourceAnalyzer - DEBUG - logger.py:64 - 프로젝트 총 파일 수 업데이트: 35
2025-09-12 19:38:10,056 - SourceAnalyzer - INFO - logger.py:68 - === 파일 스캔 통계 ===
2025-09-12 19:38:10,056 - SourceAnalyzer - INFO - logger.py:68 - 총 파일 수: 35
2025-09-12 19:38:10,056 - SourceAnalyzer - INFO - logger.py:68 - 성공 스캔: 35
2025-09-12 19:38:10,056 - SourceAnalyzer - INFO - logger.py:68 - 오류 파일: 0
2025-09-12 19:38:10,056 - SourceAnalyzer - INFO - logger.py:68 - Java 파일: 19
2025-09-12 19:38:10,057 - SourceAnalyzer - INFO - logger.py:68 - XML 파일: 6
2025-09-12 19:38:10,057 - SourceAnalyzer - INFO - logger.py:68 - JSP 파일: 8
2025-09-12 19:38:10,057 - SourceAnalyzer - INFO - logger.py:68 - SQL 파일: 0
2025-09-12 19:38:10,057 - SourceAnalyzer - INFO - logger.py:68 - CSV 파일: 2
2025-09-12 19:38:10,057 - SourceAnalyzer - INFO - logger.py:68 - 기타 파일: 0
2025-09-12 19:38:10,057 - SourceAnalyzer - INFO - logger.py:68 - === 파일 스캔 완료 ===
2025-09-12 19:38:10,062 - SourceAnalyzer - DEBUG - logger.py:64 - 데이터베이스 연결 해제: D:\Analyzer\CreateMetaDb\projects\sampleSrc\metadata.db
2025-09-12 19:38:10,062 - SourceAnalyzer - INFO - logger.py:68 - 1단계 완료: 파일 정보 저장
2025-09-12 19:38:10,062 - SourceAnalyzer - INFO - logger.py:68 - 2단계 실행: 데이터베이스 구조 저장 및 컴포넌트 생성
2025-09-12 19:38:10,062 - SourceAnalyzer - INFO - logger.py:68 - === 데이터베이스 로딩 시작: 데이터베이스 구조 저장 ===
2025-09-12 19:38:10,064 - SourceAnalyzer - DEBUG - logger.py:64 - 데이터베이스 연결 성공: D:\Analyzer\CreateMetaDb\projects\sampleSrc\metadata.db
2025-09-12 19:38:10,064 - SourceAnalyzer - WARNING - logger.py:72 - 인코딩 오류, 다른 인코딩으로 재시도: D:\Analyzer\CreateMetaDb\projects\sampleSrc\db_schema\ALL_TABLES.csv
2025-09-12 19:38:10,064 - SourceAnalyzer - DEBUG - logger.py:64 - 파일 읽기 성공 (cp949): D:\Analyzer\CreateMetaDb\projects\sampleSrc\db_schema\ALL_TABLES.csv
2025-09-12 19:38:10,064 - SourceAnalyzer - INFO - logger.py:68 - CSV 파일 로드 완료: D:\Analyzer\CreateMetaDb\projects\sampleSrc\db_schema\ALL_TABLES.csv, 16개 행
2025-09-12 19:38:10,064 - SourceAnalyzer - DEBUG - logger.py:64 - 쿼리 실행 성공: 
                SELECT f.file_id 
               ...
2025-09-12 19:38:10,066 - SourceAnalyzer - DEBUG - logger.py:64 - 배치 쿼리 실행 성공: 
            INSERT OR IGNORE INTO tables (project..., 처리된 행: 16
2025-09-12 19:38:10,066 - SourceAnalyzer - INFO - logger.py:68 - 테이블 정보 저장 완료: 16개 테이블 (오류: 0개)
2025-09-12 19:38:10,066 - SourceAnalyzer - WARNING - logger.py:72 - 인코딩 오류, 다른 인코딩으로 재시도: D:\Analyzer\CreateMetaDb\projects\sampleSrc\db_schema\ALL_TAB_COLUMNS.csv
2025-09-12 19:38:10,066 - SourceAnalyzer - DEBUG - logger.py:64 - 파일 읽기 성공 (cp949): D:\Analyzer\CreateMetaDb\projects\sampleSrc\db_schema\ALL_TAB_COLUMNS.csv
2025-09-12 19:38:10,066 - SourceAnalyzer - INFO - logger.py:68 - CSV 파일 로드 완료: D:\Analyzer\CreateMetaDb\projects\sampleSrc\db_schema\ALL_TAB_COLUMNS.csv, 91개 행
2025-09-12 19:38:10,067 - SourceAnalyzer - DEBUG - logger.py:64 - 쿼리 실행 성공: 
                SELECT t.table_id 
              ...
2025-09-12 19:38:10,067 - SourceAnalyzer - DEBUG - logger.py:64 - 쿼리 실행 성공: 
                SELECT t.table_id 
              ...
2025-09-12 19:38:10,067 - SourceAnalyzer - DEBUG - logger.py:64 - 쿼리 실행 성공: 
                SELECT t.table_id 
              ...
2025-09-12 19:38:10,067 - SourceAnalyzer - DEBUG - logger.py:64 - 쿼리 실행 성공: 
                SELECT t.table_id 
              ...
2025-09-12 19:38:10,067 - SourceAnalyzer - DEBUG - logger.py:64 - 쿼리 실행 성공: 
                SELECT t.table_id 
              ...
2025-09-12 19:38:10,067 - SourceAnalyzer - DEBUG - logger.py:64 - 쿼리 실행 성공: 
                SELECT t.table_id 
              ...
2025-09-12 19:38:10,067 - SourceAnalyzer - DEBUG - logger.py:64 - 쿼리 실행 성공: 
                SELECT t.table_id 
              ...
2025-09-12 19:38:10,067 - SourceAnalyzer - DEBUG - logger.py:64 - 쿼리 실행 성공: 
                SELECT t.table_id 
              ...
2025-09-12 19:38:10,067 - SourceAnalyzer - DEBUG - logger.py:64 - 쿼리 실행 성공: 
                SELECT t.table_id 
              ...
2025-09-12 19:38:10,067 - SourceAnalyzer - DEBUG - logger.py:64 - 쿼리 실행 성공: 
                SELECT t.table_id 
              ...
2025-09-12 19:38:10,067 - SourceAnalyzer - DEBUG - logger.py:64 - 쿼리 실행 성공: 
                SELECT t.table_id 
              ...
2025-09-12 19:38:10,067 - SourceAnalyzer - DEBUG - logger.py:64 - 쿼리 실행 성공: 
                SELECT t.table_id 
              ...
2025-09-12 19:38:10,067 - SourceAnalyzer - DEBUG - logger.py:64 - 쿼리 실행 성공: 
                SELECT t.table_id 
              ...
2025-09-12 19:38:10,067 - SourceAnalyzer - DEBUG - logger.py:64 - 쿼리 실행 성공: 
                SELECT t.table_id 
              ...
2025-09-12 19:38:10,067 - SourceAnalyzer - DEBUG - logger.py:64 - 쿼리 실행 성공: 
                SELECT t.table_id 
              ...
2025-09-12 19:38:10,068 - SourceAnalyzer - DEBUG - logger.py:64 - 쿼리 실행 성공: 
                SELECT t.table_id 
              ...
2025-09-12 19:38:10,068 - SourceAnalyzer - DEBUG - logger.py:64 - 쿼리 실행 성공: 
                SELECT t.table_id 
              ...
2025-09-12 19:38:10,068 - SourceAnalyzer - DEBUG - logger.py:64 - 쿼리 실행 성공: 
                SELECT t.table_id 
              ...
2025-09-12 19:38:10,068 - SourceAnalyzer - DEBUG - logger.py:64 - 쿼리 실행 성공: 
                SELECT t.table_id 
              ...
2025-09-12 19:38:10,068 - SourceAnalyzer - DEBUG - logger.py:64 - 쿼리 실행 성공: 
                SELECT t.table_id 
              ...
2025-09-12 19:38:10,068 - SourceAnalyzer - DEBUG - logger.py:64 - 쿼리 실행 성공: 
                SELECT t.table_id 
              ...
2025-09-12 19:38:10,068 - SourceAnalyzer - DEBUG - logger.py:64 - 쿼리 실행 성공: 
                SELECT t.table_id 
              ...
2025-09-12 19:38:10,068 - SourceAnalyzer - DEBUG - logger.py:64 - 쿼리 실행 성공: 
                SELECT t.table_id 
              ...
2025-09-12 19:38:10,068 - SourceAnalyzer - DEBUG - logger.py:64 - 쿼리 실행 성공: 
                SELECT t.table_id 
              ...
2025-09-12 19:38:10,068 - SourceAnalyzer - DEBUG - logger.py:64 - 쿼리 실행 성공: 
                SELECT t.table_id 
              ...
2025-09-12 19:38:10,068 - SourceAnalyzer - DEBUG - logger.py:64 - 쿼리 실행 성공: 
                SELECT t.table_id 
              ...
2025-09-12 19:38:10,068 - SourceAnalyzer - DEBUG - logger.py:64 - 쿼리 실행 성공: 
                SELECT t.table_id 
              ...
2025-09-12 19:38:10,068 - SourceAnalyzer - DEBUG - logger.py:64 - 쿼리 실행 성공: 
                SELECT t.table_id 
              ...
2025-09-12 19:38:10,068 - SourceAnalyzer - DEBUG - logger.py:64 - 쿼리 실행 성공: 
                SELECT t.table_id 
              ...
2025-09-12 19:38:10,068 - SourceAnalyzer - DEBUG - logger.py:64 - 쿼리 실행 성공: 
                SELECT t.table_id 
              ...
2025-09-12 19:38:10,068 - SourceAnalyzer - DEBUG - logger.py:64 - 쿼리 실행 성공: 
                SELECT t.table_id 
              ...
2025-09-12 19:38:10,068 - SourceAnalyzer - DEBUG - logger.py:64 - 쿼리 실행 성공: 
                SELECT t.table_id 
              ...
2025-09-12 19:38:10,068 - SourceAnalyzer - DEBUG - logger.py:64 - 쿼리 실행 성공: 
                SELECT t.table_id 
              ...
2025-09-12 19:38:10,068 - SourceAnalyzer - DEBUG - logger.py:64 - 쿼리 실행 성공: 
                SELECT t.table_id 
              ...
2025-09-12 19:38:10,069 - SourceAnalyzer - DEBUG - logger.py:64 - 쿼리 실행 성공: 
                SELECT t.table_id 
              ...
2025-09-12 19:38:10,069 - SourceAnalyzer - DEBUG - logger.py:64 - 쿼리 실행 성공: 
                SELECT t.table_id 
              ...
2025-09-12 19:38:10,069 - SourceAnalyzer - DEBUG - logger.py:64 - 쿼리 실행 성공: 
                SELECT t.table_id 
              ...
2025-09-12 19:38:10,069 - SourceAnalyzer - DEBUG - logger.py:64 - 쿼리 실행 성공: 
                SELECT t.table_id 
              ...
2025-09-12 19:38:10,069 - SourceAnalyzer - DEBUG - logger.py:64 - 쿼리 실행 성공: 
                SELECT t.table_id 
              ...
2025-09-12 19:38:10,069 - SourceAnalyzer - DEBUG - logger.py:64 - 쿼리 실행 성공: 
                SELECT t.table_id 
              ...
2025-09-12 19:38:10,069 - SourceAnalyzer - DEBUG - logger.py:64 - 쿼리 실행 성공: 
                SELECT t.table_id 
              ...
2025-09-12 19:38:10,069 - SourceAnalyzer - DEBUG - logger.py:64 - 쿼리 실행 성공: 
                SELECT t.table_id 
              ...
2025-09-12 19:38:10,069 - SourceAnalyzer - DEBUG - logger.py:64 - 쿼리 실행 성공: 
                SELECT t.table_id 
              ...
2025-09-12 19:38:10,069 - SourceAnalyzer - DEBUG - logger.py:64 - 쿼리 실행 성공: 
                SELECT t.table_id 
              ...
2025-09-12 19:38:10,069 - SourceAnalyzer - DEBUG - logger.py:64 - 쿼리 실행 성공: 
                SELECT t.table_id 
              ...
2025-09-12 19:38:10,069 - SourceAnalyzer - DEBUG - logger.py:64 - 쿼리 실행 성공: 
                SELECT t.table_id 
              ...
2025-09-12 19:38:10,069 - SourceAnalyzer - DEBUG - logger.py:64 - 쿼리 실행 성공: 
                SELECT t.table_id 
              ...
2025-09-12 19:38:10,069 - SourceAnalyzer - DEBUG - logger.py:64 - 쿼리 실행 성공: 
                SELECT t.table_id 
              ...
2025-09-12 19:38:10,069 - SourceAnalyzer - DEBUG - logger.py:64 - 쿼리 실행 성공: 
                SELECT t.table_id 
              ...
2025-09-12 19:38:10,069 - SourceAnalyzer - DEBUG - logger.py:64 - 쿼리 실행 성공: 
                SELECT t.table_id 
              ...
2025-09-12 19:38:10,069 - SourceAnalyzer - DEBUG - logger.py:64 - 쿼리 실행 성공: 
                SELECT t.table_id 
              ...
2025-09-12 19:38:10,069 - SourceAnalyzer - DEBUG - logger.py:64 - 쿼리 실행 성공: 
                SELECT t.table_id 
              ...
2025-09-12 19:38:10,069 - SourceAnalyzer - DEBUG - logger.py:64 - 쿼리 실행 성공: 
                SELECT t.table_id 
              ...
2025-09-12 19:38:10,070 - SourceAnalyzer - DEBUG - logger.py:64 - 쿼리 실행 성공: 
                SELECT t.table_id 
              ...
2025-09-12 19:38:10,070 - SourceAnalyzer - DEBUG - logger.py:64 - 쿼리 실행 성공: 
                SELECT t.table_id 
              ...
2025-09-12 19:38:10,070 - SourceAnalyzer - DEBUG - logger.py:64 - 쿼리 실행 성공: 
                SELECT t.table_id 
              ...
2025-09-12 19:38:10,070 - SourceAnalyzer - DEBUG - logger.py:64 - 쿼리 실행 성공: 
                SELECT t.table_id 
              ...
2025-09-12 19:38:10,070 - SourceAnalyzer - DEBUG - logger.py:64 - 쿼리 실행 성공: 
                SELECT t.table_id 
              ...
2025-09-12 19:38:10,070 - SourceAnalyzer - DEBUG - logger.py:64 - 쿼리 실행 성공: 
                SELECT t.table_id 
              ...
2025-09-12 19:38:10,070 - SourceAnalyzer - DEBUG - logger.py:64 - 쿼리 실행 성공: 
                SELECT t.table_id 
              ...
2025-09-12 19:38:10,070 - SourceAnalyzer - DEBUG - logger.py:64 - 쿼리 실행 성공: 
                SELECT t.table_id 
              ...
2025-09-12 19:38:10,070 - SourceAnalyzer - DEBUG - logger.py:64 - 쿼리 실행 성공: 
                SELECT t.table_id 
              ...
2025-09-12 19:38:10,070 - SourceAnalyzer - DEBUG - logger.py:64 - 쿼리 실행 성공: 
                SELECT t.table_id 
              ...
2025-09-12 19:38:10,070 - SourceAnalyzer - DEBUG - logger.py:64 - 쿼리 실행 성공: 
                SELECT t.table_id 
              ...
2025-09-12 19:38:10,070 - SourceAnalyzer - DEBUG - logger.py:64 - 쿼리 실행 성공: 
                SELECT t.table_id 
              ...
2025-09-12 19:38:10,070 - SourceAnalyzer - DEBUG - logger.py:64 - 쿼리 실행 성공: 
                SELECT t.table_id 
              ...
2025-09-12 19:38:10,070 - SourceAnalyzer - DEBUG - logger.py:64 - 쿼리 실행 성공: 
                SELECT t.table_id 
              ...
2025-09-12 19:38:10,070 - SourceAnalyzer - DEBUG - logger.py:64 - 쿼리 실행 성공: 
                SELECT t.table_id 
              ...
2025-09-12 19:38:10,070 - SourceAnalyzer - DEBUG - logger.py:64 - 쿼리 실행 성공: 
                SELECT t.table_id 
              ...
2025-09-12 19:38:10,070 - SourceAnalyzer - DEBUG - logger.py:64 - 쿼리 실행 성공: 
                SELECT t.table_id 
              ...
2025-09-12 19:38:10,070 - SourceAnalyzer - DEBUG - logger.py:64 - 쿼리 실행 성공: 
                SELECT t.table_id 
              ...
2025-09-12 19:38:10,070 - SourceAnalyzer - DEBUG - logger.py:64 - 쿼리 실행 성공: 
                SELECT t.table_id 
              ...
2025-09-12 19:38:10,070 - SourceAnalyzer - DEBUG - logger.py:64 - 쿼리 실행 성공: 
                SELECT t.table_id 
              ...
2025-09-12 19:38:10,071 - SourceAnalyzer - DEBUG - logger.py:64 - 쿼리 실행 성공: 
                SELECT t.table_id 
              ...
2025-09-12 19:38:10,071 - SourceAnalyzer - DEBUG - logger.py:64 - 쿼리 실행 성공: 
                SELECT t.table_id 
              ...
2025-09-12 19:38:10,071 - SourceAnalyzer - DEBUG - logger.py:64 - 쿼리 실행 성공: 
                SELECT t.table_id 
              ...
2025-09-12 19:38:10,071 - SourceAnalyzer - DEBUG - logger.py:64 - 쿼리 실행 성공: 
                SELECT t.table_id 
              ...
2025-09-12 19:38:10,071 - SourceAnalyzer - DEBUG - logger.py:64 - 쿼리 실행 성공: 
                SELECT t.table_id 
              ...
2025-09-12 19:38:10,071 - SourceAnalyzer - DEBUG - logger.py:64 - 쿼리 실행 성공: 
                SELECT t.table_id 
              ...
2025-09-12 19:38:10,071 - SourceAnalyzer - DEBUG - logger.py:64 - 쿼리 실행 성공: 
                SELECT t.table_id 
              ...
2025-09-12 19:38:10,071 - SourceAnalyzer - DEBUG - logger.py:64 - 쿼리 실행 성공: 
                SELECT t.table_id 
              ...
2025-09-12 19:38:10,071 - SourceAnalyzer - DEBUG - logger.py:64 - 쿼리 실행 성공: 
                SELECT t.table_id 
              ...
2025-09-12 19:38:10,071 - SourceAnalyzer - DEBUG - logger.py:64 - 쿼리 실행 성공: 
                SELECT t.table_id 
              ...
2025-09-12 19:38:10,071 - SourceAnalyzer - DEBUG - logger.py:64 - 쿼리 실행 성공: 
                SELECT t.table_id 
              ...
2025-09-12 19:38:10,071 - SourceAnalyzer - DEBUG - logger.py:64 - 쿼리 실행 성공: 
                SELECT t.table_id 
              ...
2025-09-12 19:38:10,071 - SourceAnalyzer - DEBUG - logger.py:64 - 쿼리 실행 성공: 
                SELECT t.table_id 
              ...
2025-09-12 19:38:10,071 - SourceAnalyzer - DEBUG - logger.py:64 - 쿼리 실행 성공: 
                SELECT t.table_id 
              ...
2025-09-12 19:38:10,071 - SourceAnalyzer - DEBUG - logger.py:64 - 쿼리 실행 성공: 
                SELECT t.table_id 
              ...
2025-09-12 19:38:10,071 - SourceAnalyzer - DEBUG - logger.py:64 - 쿼리 실행 성공: 
                SELECT t.table_id 
              ...
2025-09-12 19:38:10,071 - SourceAnalyzer - DEBUG - logger.py:64 - 쿼리 실행 성공: 
                SELECT t.table_id 
              ...
2025-09-12 19:38:10,071 - SourceAnalyzer - DEBUG - logger.py:64 - 쿼리 실행 성공: 
                SELECT t.table_id 
              ...
2025-09-12 19:38:10,072 - SourceAnalyzer - DEBUG - logger.py:64 - 배치 쿼리 실행 성공: 
            INSERT OR IGNORE INTO columns (table_..., 처리된 행: 91
2025-09-12 19:38:10,073 - SourceAnalyzer - INFO - logger.py:68 - 컬럼 정보 저장 완료: 91개 컬럼 (오류: 0개)
2025-09-12 19:38:10,073 - SourceAnalyzer - DEBUG - logger.py:64 - 쿼리 실행 성공: 
                SELECT f.file_id 
               ...
2025-09-12 19:38:10,073 - SourceAnalyzer - DEBUG - logger.py:64 - 쿼리 실행 성공: 
                SELECT table_id, table_name, tabl...
2025-09-12 19:38:10,074 - SourceAnalyzer - DEBUG - logger.py:64 - 배치 쿼리 실행 성공: 
            INSERT OR IGNORE INTO components (pro..., 처리된 행: 16
2025-09-12 19:38:10,074 - SourceAnalyzer - INFO - logger.py:68 - 테이블 컴포넌트 생성 완료: 16개
2025-09-12 19:38:10,074 - SourceAnalyzer - DEBUG - logger.py:64 - 업데이트 쿼리 실행 성공: 
                UPDATE tables 
                SE..., 영향받은 행: 16
2025-09-12 19:38:10,074 - SourceAnalyzer - DEBUG - logger.py:64 - 테이블 component_id 업데이트 완료
2025-09-12 19:38:10,074 - SourceAnalyzer - DEBUG - logger.py:64 - 쿼리 실행 성공: 
                SELECT f.file_id 
               ...
2025-09-12 19:38:10,075 - SourceAnalyzer - DEBUG - logger.py:64 - 쿼리 실행 성공: 
                SELECT c.column_id, c.column_name...
2025-09-12 19:38:10,075 - SourceAnalyzer - DEBUG - logger.py:64 - 배치 쿼리 실행 성공: 
            INSERT OR IGNORE INTO components (pro..., 처리된 행: 91
2025-09-12 19:38:10,075 - SourceAnalyzer - INFO - logger.py:68 - 컬럼 컴포넌트 생성 완료: 91개
2025-09-12 19:38:10,075 - SourceAnalyzer - INFO - logger.py:68 - === 데이터베이스 구조 저장 통계 ===
2025-09-12 19:38:10,075 - SourceAnalyzer - INFO - logger.py:68 - 테이블 로드: 16 (오류: 0)
2025-09-12 19:38:10,075 - SourceAnalyzer - INFO - logger.py:68 - 컬럼 로드: 91 (오류: 0)
2025-09-12 19:38:10,076 - SourceAnalyzer - INFO - logger.py:68 - 컴포넌트 생성: 107 (오류: 0)
2025-09-12 19:38:10,076 - SourceAnalyzer - INFO - logger.py:68 - 오류 없이 완료
2025-09-12 19:38:10,076 - SourceAnalyzer - INFO - logger.py:68 - === 데이터베이스 로딩 완료 ===
2025-09-12 19:38:10,079 - SourceAnalyzer - DEBUG - logger.py:64 - 데이터베이스 연결 해제: D:\Analyzer\CreateMetaDb\projects\sampleSrc\metadata.db
2025-09-12 19:38:10,079 - SourceAnalyzer - INFO - logger.py:68 - 2단계 완료: 데이터베이스 구조 저장 및 컴포넌트 생성
2025-09-12 19:38:10,079 - SourceAnalyzer - INFO - logger.py:68 - 3단계 실행: XML 파일 분석 및 SQL 컴포넌트 등록 + JOIN 관계 분석
2025-09-12 19:38:10,093 - SourceAnalyzer - DEBUG - logger.py:64 - 파일 읽기 성공: config/parser/sql_keyword.yaml
2025-09-12 19:38:10,113 - SourceAnalyzer - DEBUG - logger.py:64 - YAML 설정 파일 로드 성공: config/parser/sql_keyword.yaml
2025-09-12 19:38:10,113 - SourceAnalyzer - DEBUG - logger.py:64 - 파일 읽기 성공: config/parser/xml_parser_config.yaml
2025-09-12 19:38:10,119 - SourceAnalyzer - DEBUG - logger.py:64 - YAML 설정 파일 로드 성공: config/parser/xml_parser_config.yaml
2025-09-12 19:38:10,120 - SourceAnalyzer - DEBUG - logger.py:64 - 데이터베이스 연결 성공: D:\Analyzer\CreateMetaDb\projects\sampleSrc\SqlContent.db
2025-09-12 19:38:10,121 - SourceAnalyzer - DEBUG - logger.py:64 - SQL 스크립트 실행 성공: D:\Analyzer\CreateMetaDb\database\create_sql_content_db.sql
2025-09-12 19:38:10,121 - SourceAnalyzer - INFO - logger.py:68 - SQL Content 데이터베이스 초기화 완료: D:\Analyzer\CreateMetaDb\projects\sampleSrc\SqlContent.db
2025-09-12 19:38:10,121 - SourceAnalyzer - INFO - logger.py:68 - === XML 로딩 시작: 3~4단계 통합 처리 ===
2025-09-12 19:38:10,123 - SourceAnalyzer - DEBUG - logger.py:64 - 데이터베이스 연결 성공: D:\Analyzer\CreateMetaDb\projects\sampleSrc\metadata.db
2025-09-12 19:38:10,124 - SourceAnalyzer - DEBUG - logger.py:64 - 데이터베이스 연결 성공: D:\Analyzer\CreateMetaDb\projects\sampleSrc\SqlContent.db
2025-09-12 19:38:10,124 - SourceAnalyzer - DEBUG - logger.py:64 - SQL 스크립트 실행 성공: D:\Analyzer\CreateMetaDb\database\create_sql_content_db.sql
2025-09-12 19:38:10,124 - SourceAnalyzer - INFO - logger.py:68 - SQL Content 데이터베이스 초기화 완료: D:\Analyzer\CreateMetaDb\projects\sampleSrc\SqlContent.db
2025-09-12 19:38:10,125 - SourceAnalyzer - DEBUG - logger.py:64 - 파일 읽기 성공: D:\Analyzer\CreateMetaDb\projects\sampleSrc\src\com\example\dynamicquery\UserMapper.xml
2025-09-12 19:38:10,126 - SourceAnalyzer - DEBUG - logger.py:64 - 파일 읽기 성공: D:\Analyzer\CreateMetaDb\projects\sampleSrc\src\main\resources\mybatis\mapper\ImplicitJoinMapper.xml
2025-09-12 19:38:10,126 - SourceAnalyzer - DEBUG - logger.py:64 - 파일 읽기 성공: D:\Analyzer\CreateMetaDb\projects\sampleSrc\src\main\resources\mybatis\mapper\ImplicitJoinTestMapper.xml
2025-09-12 19:38:10,126 - SourceAnalyzer - DEBUG - logger.py:64 - 파일 읽기 성공: D:\Analyzer\CreateMetaDb\projects\sampleSrc\src\main\resources\mybatis\mapper\MixedErrorMapper.xml
2025-09-12 19:38:10,127 - SourceAnalyzer - DEBUG - logger.py:64 - 파일 읽기 성공: D:\Analyzer\CreateMetaDb\projects\sampleSrc\src\main\resources\mybatis\mapper\ProductMapper.xml
2025-09-12 19:38:10,127 - SourceAnalyzer - DEBUG - logger.py:64 - 파일 읽기 성공: D:\Analyzer\CreateMetaDb\projects\sampleSrc\src\main\resources\mybatis\mapper\UserMapper.xml
2025-09-12 19:38:10,127 - SourceAnalyzer - INFO - logger.py:68 - MyBatis XML 파일 수집 완료: 6개
2025-09-12 19:38:10,128 - SourceAnalyzer - DEBUG - logger.py:64 - 파일 읽기 성공: D:\Analyzer\CreateMetaDb\projects\sampleSrc\src\com\example\dynamicquery\UserMapper.xml
2025-09-12 19:38:10,136 - SourceAnalyzer - DEBUG - logger.py:64 - 파일 읽기 성공: D:\Analyzer\CreateMetaDb\projects\sampleSrc\src\com\example\dynamicquery\UserMapper.xml
2025-09-12 19:38:10,137 - SourceAnalyzer - DEBUG - logger.py:64 - 파일 읽기 성공: D:\Analyzer\CreateMetaDb\projects\sampleSrc\src\com\example\dynamicquery\UserMapper.xml
2025-09-12 19:38:10,137 - SourceAnalyzer - DEBUG - logger.py:64 - 파일 읽기 성공: D:\Analyzer\CreateMetaDb\projects\sampleSrc\src\com\example\dynamicquery\UserMapper.xml
2025-09-12 19:38:10,138 - SourceAnalyzer - DEBUG - logger.py:64 - 파일 읽기 성공: D:\Analyzer\CreateMetaDb\projects\sampleSrc\src\com\example\dynamicquery\UserMapper.xml
2025-09-12 19:38:10,138 - SourceAnalyzer - DEBUG - logger.py:64 - 파일 읽기 성공: D:\Analyzer\CreateMetaDb\projects\sampleSrc\src\com\example\dynamicquery\UserMapper.xml
2025-09-12 19:38:10,140 - SourceAnalyzer - DEBUG - logger.py:64 - 파일 읽기 성공: D:\Analyzer\CreateMetaDb\projects\sampleSrc\src\com\example\dynamicquery\UserMapper.xml
2025-09-12 19:38:10,141 - SourceAnalyzer - DEBUG - logger.py:64 - 파일 읽기 성공: D:\Analyzer\CreateMetaDb\projects\sampleSrc\src\com\example\dynamicquery\UserMapper.xml
2025-09-12 19:38:10,142 - SourceAnalyzer - INFO - logger.py:68 - SQL 컴포넌트 저장 시작: 8개 쿼리
2025-09-12 19:38:10,142 - SourceAnalyzer - INFO - logger.py:68 - 프로젝트 ID: 1
2025-09-12 19:38:10,142 - SourceAnalyzer - INFO - logger.py:68 - SQL Content Processor를 사용하여 처리 시작
2025-09-12 19:38:10,142 - SourceAnalyzer - DEBUG - logger.py:64 - 경로 변환: 절대경로=D:\Analyzer\CreateMetaDb\projects\sampleSrc\src\com\example\dynamicquery\UserMapper.xml, 상대경로=src\com\example\dynamicquery\UserMapper.xml, 디렉토리경로=src\com\example\dynamicquery
2025-09-12 19:38:10,142 - SourceAnalyzer - DEBUG - logger.py:64 - file_id 조회: 절대경로=D:\Analyzer\CreateMetaDb\projects\sampleSrc\src\com\example\dynamicquery\UserMapper.xml, 디렉토리경로=src\com\example\dynamicquery, 파일명=UserMapper.xml
2025-09-12 19:38:10,142 - SourceAnalyzer - DEBUG - logger.py:64 - 쿼리 실행 성공: 
                SELECT file_id 
                F...
2025-09-12 19:38:10,142 - SourceAnalyzer - WARNING - logger.py:72 - file_id 조회 실패: D:\Analyzer\CreateMetaDb\projects\sampleSrc\src\com\example\dynamicquery\UserMapper.xml, 0
2025-09-12 19:38:10,142 - SourceAnalyzer - ERROR - logger.py:76 - 파일 ID를 찾을 수 없습니다: D:\Analyzer\CreateMetaDb\projects\sampleSrc\src\com\example\dynamicquery\UserMapper.xml. 1단계 파일 스캔이 제대로 실행되지 않았습니다.
2025-09-12 19:38:10,143 - SourceAnalyzer - INFO - logger.py:68 - SQL Content Processor 처리 결과: False
2025-09-12 19:38:10,143 - SourceAnalyzer - DEBUG - logger.py:64 - 쿼리 실행 성공: 
                SELECT c.component_id 
          ...
2025-09-12 19:38:10,143 - SourceAnalyzer - INFO - logger.py:68 - inferred 테이블 생성 시도: DEPARTMENTS
2025-09-12 19:38:10,143 - SourceAnalyzer - DEBUG - logger.py:64 - 쿼리 실행 성공: 
                SELECT file_id 
                F...
2025-09-12 19:38:10,143 - SourceAnalyzer - ERROR - logger.py:76 - XML 파일이 files 테이블에 없습니다. 1단계 파일 스캔이 제대로 실행되지 않았습니다.
2025-09-12 19:38:10,143 - SourceAnalyzer - ERROR - logger.py:76 - inferred 테이블용 file_id를 찾을 수 없습니다: DEPARTMENTS. 1단계 파일 스캔이 제대로 실행되지 않았습니다.
2025-09-12 19:38:10,143 - SourceAnalyzer - ERROR - logger.py:76 - inferred 테이블 생성 실패: DEPARTMENTS
2025-09-12 19:38:10,143 - SourceAnalyzer - DEBUG - logger.py:64 - 쿼리 실행 성공: 
                SELECT c.component_id 
          ...
2025-09-12 19:38:10,143 - SourceAnalyzer - DEBUG - logger.py:64 - 쿼리 실행 성공: 
                SELECT c.component_id 
          ...
2025-09-12 19:38:10,143 - SourceAnalyzer - INFO - logger.py:68 - inferred 테이블 생성 시도: USER_PROFILES
2025-09-12 19:38:10,143 - SourceAnalyzer - DEBUG - logger.py:64 - 쿼리 실행 성공: 
                SELECT file_id 
                F...
2025-09-12 19:38:10,143 - SourceAnalyzer - ERROR - logger.py:76 - XML 파일이 files 테이블에 없습니다. 1단계 파일 스캔이 제대로 실행되지 않았습니다.
2025-09-12 19:38:10,143 - SourceAnalyzer - ERROR - logger.py:76 - inferred 테이블용 file_id를 찾을 수 없습니다: USER_PROFILES. 1단계 파일 스캔이 제대로 실행되지 않았습니다.
2025-09-12 19:38:10,143 - SourceAnalyzer - ERROR - logger.py:76 - inferred 테이블 생성 실패: USER_PROFILES
2025-09-12 19:38:10,143 - SourceAnalyzer - DEBUG - logger.py:64 - 쿼리 실행 성공: 
                SELECT c.component_id 
          ...
2025-09-12 19:38:10,143 - SourceAnalyzer - DEBUG - logger.py:64 - 쿼리 실행 성공: 
                SELECT c.component_id 
          ...
2025-09-12 19:38:10,143 - SourceAnalyzer - INFO - logger.py:68 - inferred 테이블 생성 시도: DEPARTMENTS
2025-09-12 19:38:10,144 - SourceAnalyzer - DEBUG - logger.py:64 - 쿼리 실행 성공: 
                SELECT file_id 
                F...
2025-09-12 19:38:10,144 - SourceAnalyzer - ERROR - logger.py:76 - XML 파일이 files 테이블에 없습니다. 1단계 파일 스캔이 제대로 실행되지 않았습니다.
2025-09-12 19:38:10,144 - SourceAnalyzer - ERROR - logger.py:76 - inferred 테이블용 file_id를 찾을 수 없습니다: DEPARTMENTS. 1단계 파일 스캔이 제대로 실행되지 않았습니다.
2025-09-12 19:38:10,144 - SourceAnalyzer - ERROR - logger.py:76 - inferred 테이블 생성 실패: DEPARTMENTS
2025-09-12 19:38:10,144 - SourceAnalyzer - DEBUG - logger.py:64 - 쿼리 실행 성공: 
                SELECT c.component_id 
          ...
2025-09-12 19:38:10,144 - SourceAnalyzer - DEBUG - logger.py:64 - 쿼리 실행 성공: 
                SELECT c.component_id 
          ...
2025-09-12 19:38:10,144 - SourceAnalyzer - INFO - logger.py:68 - inferred 테이블 생성 시도: DEPARTMENTS
2025-09-12 19:38:10,144 - SourceAnalyzer - DEBUG - logger.py:64 - 쿼리 실행 성공: 
                SELECT file_id 
                F...
2025-09-12 19:38:10,144 - SourceAnalyzer - ERROR - logger.py:76 - XML 파일이 files 테이블에 없습니다. 1단계 파일 스캔이 제대로 실행되지 않았습니다.
2025-09-12 19:38:10,144 - SourceAnalyzer - ERROR - logger.py:76 - inferred 테이블용 file_id를 찾을 수 없습니다: DEPARTMENTS. 1단계 파일 스캔이 제대로 실행되지 않았습니다.
2025-09-12 19:38:10,144 - SourceAnalyzer - ERROR - logger.py:76 - inferred 테이블 생성 실패: DEPARTMENTS
2025-09-12 19:38:10,144 - SourceAnalyzer - DEBUG - logger.py:64 - 쿼리 실행 성공: 
                SELECT c.component_id 
          ...
2025-09-12 19:38:10,144 - SourceAnalyzer - DEBUG - logger.py:64 - 쿼리 실행 성공: 
                SELECT c.component_id 
          ...
2025-09-12 19:38:10,144 - SourceAnalyzer - DEBUG - logger.py:64 - 쿼리 실행 성공: 
                SELECT c.component_id 
          ...
2025-09-12 19:38:10,144 - SourceAnalyzer - DEBUG - logger.py:64 - 쿼리 실행 성공: 
                SELECT c.component_id 
          ...
2025-09-12 19:38:10,144 - SourceAnalyzer - DEBUG - logger.py:64 - 쿼리 실행 성공: 
                SELECT c.component_id 
          ...
2025-09-12 19:38:10,144 - SourceAnalyzer - DEBUG - logger.py:64 - 쿼리 실행 성공: 
                SELECT c.component_id 
          ...
2025-09-12 19:38:10,144 - SourceAnalyzer - INFO - logger.py:68 - inferred 테이블 생성 시도: USER_ROLES
2025-09-12 19:38:10,145 - SourceAnalyzer - DEBUG - logger.py:64 - 쿼리 실행 성공: 
                SELECT file_id 
                F...
2025-09-12 19:38:10,145 - SourceAnalyzer - ERROR - logger.py:76 - XML 파일이 files 테이블에 없습니다. 1단계 파일 스캔이 제대로 실행되지 않았습니다.
2025-09-12 19:38:10,145 - SourceAnalyzer - ERROR - logger.py:76 - inferred 테이블용 file_id를 찾을 수 없습니다: USER_ROLES. 1단계 파일 스캔이 제대로 실행되지 않았습니다.
2025-09-12 19:38:10,145 - SourceAnalyzer - ERROR - logger.py:76 - inferred 테이블 생성 실패: USER_ROLES
2025-09-12 19:38:10,145 - SourceAnalyzer - DEBUG - logger.py:64 - 쿼리 실행 성공: 
                SELECT c.component_id 
          ...
2025-09-12 19:38:10,145 - SourceAnalyzer - DEBUG - logger.py:64 - 쿼리 실행 성공: 
                SELECT c.component_id 
          ...
2025-09-12 19:38:10,145 - SourceAnalyzer - INFO - logger.py:68 - inferred 테이블 생성 시도: USER_ROLES
2025-09-12 19:38:10,145 - SourceAnalyzer - DEBUG - logger.py:64 - 쿼리 실행 성공: 
                SELECT file_id 
                F...
2025-09-12 19:38:10,145 - SourceAnalyzer - ERROR - logger.py:76 - XML 파일이 files 테이블에 없습니다. 1단계 파일 스캔이 제대로 실행되지 않았습니다.
2025-09-12 19:38:10,145 - SourceAnalyzer - ERROR - logger.py:76 - inferred 테이블용 file_id를 찾을 수 없습니다: USER_ROLES. 1단계 파일 스캔이 제대로 실행되지 않았습니다.
2025-09-12 19:38:10,145 - SourceAnalyzer - ERROR - logger.py:76 - inferred 테이블 생성 실패: USER_ROLES
2025-09-12 19:38:10,145 - SourceAnalyzer - DEBUG - logger.py:64 - 쿼리 실행 성공: 
                SELECT c.component_id 
          ...
2025-09-12 19:38:10,145 - SourceAnalyzer - INFO - logger.py:68 - inferred 테이블 생성 시도: ROLES
2025-09-12 19:38:10,145 - SourceAnalyzer - DEBUG - logger.py:64 - 쿼리 실행 성공: 
                SELECT file_id 
                F...
2025-09-12 19:38:10,145 - SourceAnalyzer - ERROR - logger.py:76 - XML 파일이 files 테이블에 없습니다. 1단계 파일 스캔이 제대로 실행되지 않았습니다.
2025-09-12 19:38:10,145 - SourceAnalyzer - ERROR - logger.py:76 - inferred 테이블용 file_id를 찾을 수 없습니다: ROLES. 1단계 파일 스캔이 제대로 실행되지 않았습니다.
2025-09-12 19:38:10,145 - SourceAnalyzer - ERROR - logger.py:76 - inferred 테이블 생성 실패: ROLES
2025-09-12 19:38:10,145 - SourceAnalyzer - DEBUG - logger.py:64 - 쿼리 실행 성공: 
                SELECT c.component_id 
          ...
2025-09-12 19:38:10,145 - SourceAnalyzer - INFO - logger.py:68 - inferred 테이블 생성 시도: USER_PROFILES
2025-09-12 19:38:10,145 - SourceAnalyzer - DEBUG - logger.py:64 - 쿼리 실행 성공: 
                SELECT file_id 
                F...
2025-09-12 19:38:10,145 - SourceAnalyzer - ERROR - logger.py:76 - XML 파일이 files 테이블에 없습니다. 1단계 파일 스캔이 제대로 실행되지 않았습니다.
2025-09-12 19:38:10,145 - SourceAnalyzer - ERROR - logger.py:76 - inferred 테이블용 file_id를 찾을 수 없습니다: USER_PROFILES. 1단계 파일 스캔이 제대로 실행되지 않았습니다.
2025-09-12 19:38:10,146 - SourceAnalyzer - ERROR - logger.py:76 - inferred 테이블 생성 실패: USER_PROFILES
2025-09-12 19:38:10,146 - SourceAnalyzer - DEBUG - logger.py:64 - 쿼리 실행 성공: 
                SELECT c.component_id 
          ...
2025-09-12 19:38:10,146 - SourceAnalyzer - DEBUG - logger.py:64 - 쿼리 실행 성공: 
                SELECT c.component_id 
          ...
2025-09-12 19:38:10,146 - SourceAnalyzer - DEBUG - logger.py:64 - 쿼리 실행 성공: 
                SELECT c.component_id 
          ...
2025-09-12 19:38:10,146 - SourceAnalyzer - DEBUG - logger.py:64 - 쿼리 실행 성공: 
                SELECT c.component_id 
          ...
2025-09-12 19:38:10,146 - SourceAnalyzer - INFO - logger.py:68 - inferred 테이블 생성 시도: DEPARTMENTS
2025-09-12 19:38:10,146 - SourceAnalyzer - DEBUG - logger.py:64 - 쿼리 실행 성공: 
                SELECT file_id 
                F...
2025-09-12 19:38:10,146 - SourceAnalyzer - ERROR - logger.py:76 - XML 파일이 files 테이블에 없습니다. 1단계 파일 스캔이 제대로 실행되지 않았습니다.
2025-09-12 19:38:10,146 - SourceAnalyzer - ERROR - logger.py:76 - inferred 테이블용 file_id를 찾을 수 없습니다: DEPARTMENTS. 1단계 파일 스캔이 제대로 실행되지 않았습니다.
2025-09-12 19:38:10,146 - SourceAnalyzer - ERROR - logger.py:76 - inferred 테이블 생성 실패: DEPARTMENTS
2025-09-12 19:38:10,146 - SourceAnalyzer - DEBUG - logger.py:64 - 쿼리 실행 성공: 
                SELECT c.component_id 
          ...
2025-09-12 19:38:10,146 - SourceAnalyzer - DEBUG - logger.py:64 - 쿼리 실행 성공: 
                SELECT c.component_id 
          ...
2025-09-12 19:38:10,146 - SourceAnalyzer - DEBUG - logger.py:64 - 쿼리 실행 성공: 
                SELECT c.component_id 
          ...
2025-09-12 19:38:10,146 - SourceAnalyzer - DEBUG - logger.py:64 - 쿼리 실행 성공: 
                SELECT c.component_id 
          ...
2025-09-12 19:38:10,146 - SourceAnalyzer - INFO - logger.py:68 - inferred 테이블 생성 시도: USER_PROFILES
2025-09-12 19:38:10,146 - SourceAnalyzer - DEBUG - logger.py:64 - 쿼리 실행 성공: 
                SELECT file_id 
                F...
2025-09-12 19:38:10,146 - SourceAnalyzer - ERROR - logger.py:76 - XML 파일이 files 테이블에 없습니다. 1단계 파일 스캔이 제대로 실행되지 않았습니다.
2025-09-12 19:38:10,146 - SourceAnalyzer - ERROR - logger.py:76 - inferred 테이블용 file_id를 찾을 수 없습니다: USER_PROFILES. 1단계 파일 스캔이 제대로 실행되지 않았습니다.
2025-09-12 19:38:10,146 - SourceAnalyzer - ERROR - logger.py:76 - inferred 테이블 생성 실패: USER_PROFILES
2025-09-12 19:38:10,146 - SourceAnalyzer - DEBUG - logger.py:64 - 쿼리 실행 성공: 
                SELECT c.component_id 
          ...
2025-09-12 19:38:10,147 - SourceAnalyzer - DEBUG - logger.py:64 - 쿼리 실행 성공: 
                SELECT c.component_id 
          ...
2025-09-12 19:38:10,147 - SourceAnalyzer - DEBUG - logger.py:64 - 쿼리 실행 성공: 
                SELECT c.component_id 
          ...
2025-09-12 19:38:10,147 - SourceAnalyzer - DEBUG - logger.py:64 - 쿼리 실행 성공: 
                SELECT c.component_id 
          ...
2025-09-12 19:38:10,147 - SourceAnalyzer - INFO - logger.py:68 - inferred 테이블 생성 시도: DEPARTMENTS
2025-09-12 19:38:10,147 - SourceAnalyzer - DEBUG - logger.py:64 - 쿼리 실행 성공: 
                SELECT file_id 
                F...
2025-09-12 19:38:10,147 - SourceAnalyzer - ERROR - logger.py:76 - XML 파일이 files 테이블에 없습니다. 1단계 파일 스캔이 제대로 실행되지 않았습니다.
2025-09-12 19:38:10,147 - SourceAnalyzer - ERROR - logger.py:76 - inferred 테이블용 file_id를 찾을 수 없습니다: DEPARTMENTS. 1단계 파일 스캔이 제대로 실행되지 않았습니다.
2025-09-12 19:38:10,147 - SourceAnalyzer - ERROR - logger.py:76 - inferred 테이블 생성 실패: DEPARTMENTS
2025-09-12 19:38:10,147 - SourceAnalyzer - DEBUG - logger.py:64 - 쿼리 실행 성공: 
                SELECT c.component_id 
          ...
2025-09-12 19:38:10,148 - SourceAnalyzer - DEBUG - logger.py:64 - 배치 쿼리 실행 성공: 
            INSERT OR IGNORE INTO relationships (..., 처리된 행: 5
2025-09-12 19:38:10,148 - SourceAnalyzer - INFO - logger.py:68 - JOIN 관계 저장 완료: 5개
2025-09-12 19:38:10,149 - SourceAnalyzer - DEBUG - logger.py:64 - 파일 읽기 성공: D:\Analyzer\CreateMetaDb\projects\sampleSrc\src\main\resources\mybatis\mapper\ImplicitJoinMapper.xml
2025-09-12 19:38:10,149 - SourceAnalyzer - DEBUG - logger.py:64 - 파일 읽기 성공: D:\Analyzer\CreateMetaDb\projects\sampleSrc\src\main\resources\mybatis\mapper\ImplicitJoinMapper.xml
2025-09-12 19:38:10,150 - SourceAnalyzer - DEBUG - logger.py:64 - 파일 읽기 성공: D:\Analyzer\CreateMetaDb\projects\sampleSrc\src\main\resources\mybatis\mapper\ImplicitJoinMapper.xml
2025-09-12 19:38:10,150 - SourceAnalyzer - DEBUG - logger.py:64 - 파일 읽기 성공: D:\Analyzer\CreateMetaDb\projects\sampleSrc\src\main\resources\mybatis\mapper\ImplicitJoinMapper.xml
2025-09-12 19:38:10,151 - SourceAnalyzer - DEBUG - logger.py:64 - 파일 읽기 성공: D:\Analyzer\CreateMetaDb\projects\sampleSrc\src\main\resources\mybatis\mapper\ImplicitJoinMapper.xml
2025-09-12 19:38:10,152 - SourceAnalyzer - INFO - logger.py:68 - SQL 컴포넌트 저장 시작: 5개 쿼리
2025-09-12 19:38:10,152 - SourceAnalyzer - INFO - logger.py:68 - 프로젝트 ID: 1
2025-09-12 19:38:10,153 - SourceAnalyzer - INFO - logger.py:68 - SQL Content Processor를 사용하여 처리 시작
2025-09-12 19:38:10,153 - SourceAnalyzer - DEBUG - logger.py:64 - 경로 변환: 절대경로=D:\Analyzer\CreateMetaDb\projects\sampleSrc\src\main\resources\mybatis\mapper\ImplicitJoinMapper.xml, 상대경로=src\main\resources\mybatis\mapper\ImplicitJoinMapper.xml, 디렉토리경로=src\main\resources\mybatis\mapper
2025-09-12 19:38:10,153 - SourceAnalyzer - DEBUG - logger.py:64 - file_id 조회: 절대경로=D:\Analyzer\CreateMetaDb\projects\sampleSrc\src\main\resources\mybatis\mapper\ImplicitJoinMapper.xml, 디렉토리경로=src\main\resources\mybatis\mapper, 파일명=ImplicitJoinMapper.xml
2025-09-12 19:38:10,153 - SourceAnalyzer - DEBUG - logger.py:64 - 쿼리 실행 성공: 
                SELECT file_id 
                F...
2025-09-12 19:38:10,153 - SourceAnalyzer - WARNING - logger.py:72 - file_id 조회 실패: D:\Analyzer\CreateMetaDb\projects\sampleSrc\src\main\resources\mybatis\mapper\ImplicitJoinMapper.xml, 0
2025-09-12 19:38:10,153 - SourceAnalyzer - ERROR - logger.py:76 - 파일 ID를 찾을 수 없습니다: D:\Analyzer\CreateMetaDb\projects\sampleSrc\src\main\resources\mybatis\mapper\ImplicitJoinMapper.xml. 1단계 파일 스캔이 제대로 실행되지 않았습니다.
2025-09-12 19:38:10,153 - SourceAnalyzer - INFO - logger.py:68 - SQL Content Processor 처리 결과: False
2025-09-12 19:38:10,153 - SourceAnalyzer - DEBUG - logger.py:64 - 쿼리 실행 성공: 
                SELECT c.component_id 
          ...
2025-09-12 19:38:10,153 - SourceAnalyzer - DEBUG - logger.py:64 - 쿼리 실행 성공: 
                SELECT c.component_id 
          ...
2025-09-12 19:38:10,153 - SourceAnalyzer - DEBUG - logger.py:64 - 쿼리 실행 성공: 
                SELECT c.component_id 
          ...
2025-09-12 19:38:10,153 - SourceAnalyzer - DEBUG - logger.py:64 - 쿼리 실행 성공: 
                SELECT c.component_id 
          ...
2025-09-12 19:38:10,153 - SourceAnalyzer - DEBUG - logger.py:64 - 쿼리 실행 성공: 
                SELECT c.component_id 
          ...
2025-09-12 19:38:10,153 - SourceAnalyzer - DEBUG - logger.py:64 - 쿼리 실행 성공: 
                SELECT c.component_id 
          ...
2025-09-12 19:38:10,153 - SourceAnalyzer - DEBUG - logger.py:64 - 쿼리 실행 성공: 
                SELECT c.component_id 
          ...
2025-09-12 19:38:10,153 - SourceAnalyzer - DEBUG - logger.py:64 - 쿼리 실행 성공: 
                SELECT c.component_id 
          ...
2025-09-12 19:38:10,153 - SourceAnalyzer - DEBUG - logger.py:64 - 쿼리 실행 성공: 
                SELECT c.component_id 
          ...
2025-09-12 19:38:10,153 - SourceAnalyzer - DEBUG - logger.py:64 - 쿼리 실행 성공: 
                SELECT c.component_id 
          ...
2025-09-12 19:38:10,154 - SourceAnalyzer - DEBUG - logger.py:64 - 쿼리 실행 성공: 
                SELECT c.component_id 
          ...
2025-09-12 19:38:10,154 - SourceAnalyzer - DEBUG - logger.py:64 - 쿼리 실행 성공: 
                SELECT c.component_id 
          ...
2025-09-12 19:38:10,154 - SourceAnalyzer - DEBUG - logger.py:64 - 쿼리 실행 성공: 
                SELECT c.component_id 
          ...
2025-09-12 19:38:10,154 - SourceAnalyzer - DEBUG - logger.py:64 - 쿼리 실행 성공: 
                SELECT c.component_id 
          ...
2025-09-12 19:38:10,154 - SourceAnalyzer - DEBUG - logger.py:64 - 배치 쿼리 실행 성공: 
            INSERT OR IGNORE INTO relationships (..., 처리된 행: 7
2025-09-12 19:38:10,154 - SourceAnalyzer - INFO - logger.py:68 - JOIN 관계 저장 완료: 7개
2025-09-12 19:38:10,154 - SourceAnalyzer - WARNING - logger.py:72 - XML 파싱 오류: D:\Analyzer\CreateMetaDb\projects\sampleSrc\src\main\resources\mybatis\mapper\ImplicitJoinTestMapper.xml - not well-formed (invalid token): line 190, column 37
2025-09-12 19:38:10,155 - SourceAnalyzer - DEBUG - logger.py:64 - 파일 읽기 성공: D:\Analyzer\CreateMetaDb\projects\sampleSrc\src\main\resources\mybatis\mapper\MixedErrorMapper.xml
2025-09-12 19:38:10,155 - SourceAnalyzer - DEBUG - logger.py:64 - 파일 읽기 성공: D:\Analyzer\CreateMetaDb\projects\sampleSrc\src\main\resources\mybatis\mapper\MixedErrorMapper.xml
2025-09-12 19:38:10,155 - SourceAnalyzer - DEBUG - logger.py:64 - 파일 읽기 성공: D:\Analyzer\CreateMetaDb\projects\sampleSrc\src\main\resources\mybatis\mapper\MixedErrorMapper.xml
2025-09-12 19:38:10,156 - SourceAnalyzer - DEBUG - logger.py:64 - 파일 읽기 성공: D:\Analyzer\CreateMetaDb\projects\sampleSrc\src\main\resources\mybatis\mapper\MixedErrorMapper.xml
2025-09-12 19:38:10,156 - SourceAnalyzer - DEBUG - logger.py:64 - 파일 읽기 성공: D:\Analyzer\CreateMetaDb\projects\sampleSrc\src\main\resources\mybatis\mapper\MixedErrorMapper.xml
2025-09-12 19:38:10,157 - SourceAnalyzer - DEBUG - logger.py:64 - 파일 읽기 성공: D:\Analyzer\CreateMetaDb\projects\sampleSrc\src\main\resources\mybatis\mapper\MixedErrorMapper.xml
2025-09-12 19:38:10,157 - SourceAnalyzer - DEBUG - logger.py:64 - 파일 읽기 성공: D:\Analyzer\CreateMetaDb\projects\sampleSrc\src\main\resources\mybatis\mapper\MixedErrorMapper.xml
2025-09-12 19:38:10,157 - SourceAnalyzer - DEBUG - logger.py:64 - 파일 읽기 성공: D:\Analyzer\CreateMetaDb\projects\sampleSrc\src\main\resources\mybatis\mapper\MixedErrorMapper.xml
2025-09-12 19:38:10,158 - SourceAnalyzer - DEBUG - logger.py:64 - 파일 읽기 성공: D:\Analyzer\CreateMetaDb\projects\sampleSrc\src\main\resources\mybatis\mapper\MixedErrorMapper.xml
2025-09-12 19:38:10,159 - SourceAnalyzer - DEBUG - logger.py:64 - 파일 읽기 성공: D:\Analyzer\CreateMetaDb\projects\sampleSrc\src\main\resources\mybatis\mapper\MixedErrorMapper.xml
2025-09-12 19:38:10,159 - SourceAnalyzer - DEBUG - logger.py:64 - 파일 읽기 성공: D:\Analyzer\CreateMetaDb\projects\sampleSrc\src\main\resources\mybatis\mapper\MixedErrorMapper.xml
2025-09-12 19:38:10,159 - SourceAnalyzer - DEBUG - logger.py:64 - 파일 읽기 성공: D:\Analyzer\CreateMetaDb\projects\sampleSrc\src\main\resources\mybatis\mapper\MixedErrorMapper.xml
2025-09-12 19:38:10,160 - SourceAnalyzer - INFO - logger.py:68 - SQL 컴포넌트 저장 시작: 12개 쿼리
2025-09-12 19:38:10,160 - SourceAnalyzer - INFO - logger.py:68 - 프로젝트 ID: 1
2025-09-12 19:38:10,160 - SourceAnalyzer - INFO - logger.py:68 - SQL Content Processor를 사용하여 처리 시작
2025-09-12 19:38:10,160 - SourceAnalyzer - DEBUG - logger.py:64 - 경로 변환: 절대경로=D:\Analyzer\CreateMetaDb\projects\sampleSrc\src\main\resources\mybatis\mapper\MixedErrorMapper.xml, 상대경로=src\main\resources\mybatis\mapper\MixedErrorMapper.xml, 디렉토리경로=src\main\resources\mybatis\mapper
2025-09-12 19:38:10,160 - SourceAnalyzer - DEBUG - logger.py:64 - file_id 조회: 절대경로=D:\Analyzer\CreateMetaDb\projects\sampleSrc\src\main\resources\mybatis\mapper\MixedErrorMapper.xml, 디렉토리경로=src\main\resources\mybatis\mapper, 파일명=MixedErrorMapper.xml
2025-09-12 19:38:10,160 - SourceAnalyzer - DEBUG - logger.py:64 - 쿼리 실행 성공: 
                SELECT file_id 
                F...
2025-09-12 19:38:10,160 - SourceAnalyzer - WARNING - logger.py:72 - file_id 조회 실패: D:\Analyzer\CreateMetaDb\projects\sampleSrc\src\main\resources\mybatis\mapper\MixedErrorMapper.xml, 0
2025-09-12 19:38:10,160 - SourceAnalyzer - ERROR - logger.py:76 - 파일 ID를 찾을 수 없습니다: D:\Analyzer\CreateMetaDb\projects\sampleSrc\src\main\resources\mybatis\mapper\MixedErrorMapper.xml. 1단계 파일 스캔이 제대로 실행되지 않았습니다.
2025-09-12 19:38:10,160 - SourceAnalyzer - INFO - logger.py:68 - SQL Content Processor 처리 결과: False
2025-09-12 19:38:10,161 - SourceAnalyzer - DEBUG - logger.py:64 - 파일 읽기 성공: D:\Analyzer\CreateMetaDb\projects\sampleSrc\src\main\resources\mybatis\mapper\ProductMapper.xml
2025-09-12 19:38:10,161 - SourceAnalyzer - DEBUG - logger.py:64 - 파일 읽기 성공: D:\Analyzer\CreateMetaDb\projects\sampleSrc\src\main\resources\mybatis\mapper\ProductMapper.xml
2025-09-12 19:38:10,162 - SourceAnalyzer - DEBUG - logger.py:64 - 파일 읽기 성공: D:\Analyzer\CreateMetaDb\projects\sampleSrc\src\main\resources\mybatis\mapper\ProductMapper.xml
2025-09-12 19:38:10,163 - SourceAnalyzer - DEBUG - logger.py:64 - 파일 읽기 성공: D:\Analyzer\CreateMetaDb\projects\sampleSrc\src\main\resources\mybatis\mapper\ProductMapper.xml
2025-09-12 19:38:10,163 - SourceAnalyzer - DEBUG - logger.py:64 - 파일 읽기 성공: D:\Analyzer\CreateMetaDb\projects\sampleSrc\src\main\resources\mybatis\mapper\ProductMapper.xml
2025-09-12 19:38:10,163 - SourceAnalyzer - DEBUG - logger.py:64 - 파일 읽기 성공: D:\Analyzer\CreateMetaDb\projects\sampleSrc\src\main\resources\mybatis\mapper\ProductMapper.xml
2025-09-12 19:38:10,164 - SourceAnalyzer - DEBUG - logger.py:64 - 파일 읽기 성공: D:\Analyzer\CreateMetaDb\projects\sampleSrc\src\main\resources\mybatis\mapper\ProductMapper.xml
2025-09-12 19:38:10,164 - SourceAnalyzer - DEBUG - logger.py:64 - 파일 읽기 성공: D:\Analyzer\CreateMetaDb\projects\sampleSrc\src\main\resources\mybatis\mapper\ProductMapper.xml
2025-09-12 19:38:10,165 - SourceAnalyzer - DEBUG - logger.py:64 - 파일 읽기 성공: D:\Analyzer\CreateMetaDb\projects\sampleSrc\src\main\resources\mybatis\mapper\ProductMapper.xml
2025-09-12 19:38:10,165 - SourceAnalyzer - INFO - logger.py:68 - SQL 컴포넌트 저장 시작: 9개 쿼리
2025-09-12 19:38:10,165 - SourceAnalyzer - INFO - logger.py:68 - 프로젝트 ID: 1
2025-09-12 19:38:10,165 - SourceAnalyzer - INFO - logger.py:68 - SQL Content Processor를 사용하여 처리 시작
2025-09-12 19:38:10,165 - SourceAnalyzer - DEBUG - logger.py:64 - 경로 변환: 절대경로=D:\Analyzer\CreateMetaDb\projects\sampleSrc\src\main\resources\mybatis\mapper\ProductMapper.xml, 상대경로=src\main\resources\mybatis\mapper\ProductMapper.xml, 디렉토리경로=src\main\resources\mybatis\mapper
2025-09-12 19:38:10,165 - SourceAnalyzer - DEBUG - logger.py:64 - file_id 조회: 절대경로=D:\Analyzer\CreateMetaDb\projects\sampleSrc\src\main\resources\mybatis\mapper\ProductMapper.xml, 디렉토리경로=src\main\resources\mybatis\mapper, 파일명=ProductMapper.xml
2025-09-12 19:38:10,165 - SourceAnalyzer - DEBUG - logger.py:64 - 쿼리 실행 성공: 
                SELECT file_id 
                F...
2025-09-12 19:38:10,165 - SourceAnalyzer - WARNING - logger.py:72 - file_id 조회 실패: D:\Analyzer\CreateMetaDb\projects\sampleSrc\src\main\resources\mybatis\mapper\ProductMapper.xml, 0
2025-09-12 19:38:10,165 - SourceAnalyzer - ERROR - logger.py:76 - 파일 ID를 찾을 수 없습니다: D:\Analyzer\CreateMetaDb\projects\sampleSrc\src\main\resources\mybatis\mapper\ProductMapper.xml. 1단계 파일 스캔이 제대로 실행되지 않았습니다.
2025-09-12 19:38:10,165 - SourceAnalyzer - INFO - logger.py:68 - SQL Content Processor 처리 결과: False
2025-09-12 19:38:10,166 - SourceAnalyzer - DEBUG - logger.py:64 - 파일 읽기 성공: D:\Analyzer\CreateMetaDb\projects\sampleSrc\src\main\resources\mybatis\mapper\UserMapper.xml
2025-09-12 19:38:10,166 - SourceAnalyzer - DEBUG - logger.py:64 - 파일 읽기 성공: D:\Analyzer\CreateMetaDb\projects\sampleSrc\src\main\resources\mybatis\mapper\UserMapper.xml
2025-09-12 19:38:10,167 - SourceAnalyzer - DEBUG - logger.py:64 - 파일 읽기 성공: D:\Analyzer\CreateMetaDb\projects\sampleSrc\src\main\resources\mybatis\mapper\UserMapper.xml
2025-09-12 19:38:10,167 - SourceAnalyzer - DEBUG - logger.py:64 - 파일 읽기 성공: D:\Analyzer\CreateMetaDb\projects\sampleSrc\src\main\resources\mybatis\mapper\UserMapper.xml
2025-09-12 19:38:10,168 - SourceAnalyzer - DEBUG - logger.py:64 - 파일 읽기 성공: D:\Analyzer\CreateMetaDb\projects\sampleSrc\src\main\resources\mybatis\mapper\UserMapper.xml
2025-09-12 19:38:10,168 - SourceAnalyzer - DEBUG - logger.py:64 - 파일 읽기 성공: D:\Analyzer\CreateMetaDb\projects\sampleSrc\src\main\resources\mybatis\mapper\UserMapper.xml
2025-09-12 19:38:10,168 - SourceAnalyzer - DEBUG - logger.py:64 - 파일 읽기 성공: D:\Analyzer\CreateMetaDb\projects\sampleSrc\src\main\resources\mybatis\mapper\UserMapper.xml
2025-09-12 19:38:10,169 - SourceAnalyzer - DEBUG - logger.py:64 - 파일 읽기 성공: D:\Analyzer\CreateMetaDb\projects\sampleSrc\src\main\resources\mybatis\mapper\UserMapper.xml
2025-09-12 19:38:10,169 - SourceAnalyzer - DEBUG - logger.py:64 - 파일 읽기 성공: D:\Analyzer\CreateMetaDb\projects\sampleSrc\src\main\resources\mybatis\mapper\UserMapper.xml
2025-09-12 19:38:10,170 - SourceAnalyzer - DEBUG - logger.py:64 - 파일 읽기 성공: D:\Analyzer\CreateMetaDb\projects\sampleSrc\src\main\resources\mybatis\mapper\UserMapper.xml
2025-09-12 19:38:10,171 - SourceAnalyzer - DEBUG - logger.py:64 - 파일 읽기 성공: D:\Analyzer\CreateMetaDb\projects\sampleSrc\src\main\resources\mybatis\mapper\UserMapper.xml
2025-09-12 19:38:10,171 - SourceAnalyzer - DEBUG - logger.py:64 - 파일 읽기 성공: D:\Analyzer\CreateMetaDb\projects\sampleSrc\src\main\resources\mybatis\mapper\UserMapper.xml
2025-09-12 19:38:10,172 - SourceAnalyzer - DEBUG - logger.py:64 - 파일 읽기 성공: D:\Analyzer\CreateMetaDb\projects\sampleSrc\src\main\resources\mybatis\mapper\UserMapper.xml
2025-09-12 19:38:10,173 - SourceAnalyzer - DEBUG - logger.py:64 - 파일 읽기 성공: D:\Analyzer\CreateMetaDb\projects\sampleSrc\src\main\resources\mybatis\mapper\UserMapper.xml
2025-09-12 19:38:10,173 - SourceAnalyzer - DEBUG - logger.py:64 - 파일 읽기 성공: D:\Analyzer\CreateMetaDb\projects\sampleSrc\src\main\resources\mybatis\mapper\UserMapper.xml
2025-09-12 19:38:10,175 - SourceAnalyzer - DEBUG - logger.py:64 - 파일 읽기 성공: D:\Analyzer\CreateMetaDb\projects\sampleSrc\src\main\resources\mybatis\mapper\UserMapper.xml
2025-09-12 19:38:10,175 - SourceAnalyzer - DEBUG - logger.py:64 - 파일 읽기 성공: D:\Analyzer\CreateMetaDb\projects\sampleSrc\src\main\resources\mybatis\mapper\UserMapper.xml
2025-09-12 19:38:10,176 - SourceAnalyzer - DEBUG - logger.py:64 - 파일 읽기 성공: D:\Analyzer\CreateMetaDb\projects\sampleSrc\src\main\resources\mybatis\mapper\UserMapper.xml
2025-09-12 19:38:10,176 - SourceAnalyzer - DEBUG - logger.py:64 - 파일 읽기 성공: D:\Analyzer\CreateMetaDb\projects\sampleSrc\src\main\resources\mybatis\mapper\UserMapper.xml
2025-09-12 19:38:10,177 - SourceAnalyzer - DEBUG - logger.py:64 - 파일 읽기 성공: D:\Analyzer\CreateMetaDb\projects\sampleSrc\src\main\resources\mybatis\mapper\UserMapper.xml
2025-09-12 19:38:10,177 - SourceAnalyzer - INFO - logger.py:68 - SQL 컴포넌트 저장 시작: 20개 쿼리
2025-09-12 19:38:10,177 - SourceAnalyzer - INFO - logger.py:68 - 프로젝트 ID: 1
2025-09-12 19:38:10,177 - SourceAnalyzer - INFO - logger.py:68 - SQL Content Processor를 사용하여 처리 시작
2025-09-12 19:38:10,178 - SourceAnalyzer - DEBUG - logger.py:64 - 경로 변환: 절대경로=D:\Analyzer\CreateMetaDb\projects\sampleSrc\src\main\resources\mybatis\mapper\UserMapper.xml, 상대경로=src\main\resources\mybatis\mapper\UserMapper.xml, 디렉토리경로=src\main\resources\mybatis\mapper
2025-09-12 19:38:10,178 - SourceAnalyzer - DEBUG - logger.py:64 - file_id 조회: 절대경로=D:\Analyzer\CreateMetaDb\projects\sampleSrc\src\main\resources\mybatis\mapper\UserMapper.xml, 디렉토리경로=src\main\resources\mybatis\mapper, 파일명=UserMapper.xml
2025-09-12 19:38:10,178 - SourceAnalyzer - DEBUG - logger.py:64 - 쿼리 실행 성공: 
                SELECT file_id 
                F...
2025-09-12 19:38:10,178 - SourceAnalyzer - WARNING - logger.py:72 - file_id 조회 실패: D:\Analyzer\CreateMetaDb\projects\sampleSrc\src\main\resources\mybatis\mapper\UserMapper.xml, 0
2025-09-12 19:38:10,178 - SourceAnalyzer - ERROR - logger.py:76 - 파일 ID를 찾을 수 없습니다: D:\Analyzer\CreateMetaDb\projects\sampleSrc\src\main\resources\mybatis\mapper\UserMapper.xml. 1단계 파일 스캔이 제대로 실행되지 않았습니다.
2025-09-12 19:38:10,178 - SourceAnalyzer - INFO - logger.py:68 - SQL Content Processor 처리 결과: False
2025-09-12 19:38:10,178 - SourceAnalyzer - INFO - logger.py:68 - === XML 로딩 통계 ===
2025-09-12 19:38:10,178 - SourceAnalyzer - INFO - logger.py:68 - 처리된 XML 파일: 6개
2025-09-12 19:38:10,178 - SourceAnalyzer - INFO - logger.py:68 - 추출된 SQL 쿼리: 54개
2025-09-12 19:38:10,178 - SourceAnalyzer - INFO - logger.py:68 - 생성된 SQL 컴포넌트: 0개
2025-09-12 19:38:10,178 - SourceAnalyzer - INFO - logger.py:68 - 생성된 JOIN 관계: 22개
2025-09-12 19:38:10,178 - SourceAnalyzer - INFO - logger.py:68 - 생성된 inferred 테이블: 0개
2025-09-12 19:38:10,178 - SourceAnalyzer - INFO - logger.py:68 - 생성된 inferred 컬럼: 0개
2025-09-12 19:38:10,178 - SourceAnalyzer - INFO - logger.py:68 - 오류 발생: 0개
2025-09-12 19:38:10,178 - SourceAnalyzer - DEBUG - logger.py:64 - 쿼리 실행 성공: 
            SELECT 
                COUNT(*) as t...
2025-09-12 19:38:10,178 - SourceAnalyzer - DEBUG - logger.py:64 - 쿼리 실행 성공: 
            SELECT 
                file_path, fi...
2025-09-12 19:38:10,178 - SourceAnalyzer - DEBUG - logger.py:64 - 쿼리 실행 성공: 
            SELECT 
                query_type,
 ...
2025-09-12 19:38:10,178 - SourceAnalyzer - INFO - logger.py:68 - === SQL Content 통계 ===
2025-09-12 19:38:10,179 - SourceAnalyzer - INFO - logger.py:68 - 저장된 SQL 내용: 0개
2025-09-12 19:38:10,179 - SourceAnalyzer - INFO - logger.py:68 - 총 압축 크기: None bytes
2025-09-12 19:38:10,179 - SourceAnalyzer - INFO - logger.py:68 - 평균 압축 크기: 0.00 bytes
2025-09-12 19:38:10,179 - SourceAnalyzer - INFO - logger.py:68 - 최대 압축 크기: None bytes
2025-09-12 19:38:10,179 - SourceAnalyzer - INFO - logger.py:68 - 최소 압축 크기: None bytes
2025-09-12 19:38:10,179 - SourceAnalyzer - INFO - logger.py:68 - === XML 로딩 완료 ===
2025-09-12 19:38:10,181 - SourceAnalyzer - DEBUG - logger.py:64 - 데이터베이스 연결 해제: D:\Analyzer\CreateMetaDb\projects\sampleSrc\metadata.db
2025-09-12 19:38:10,182 - SourceAnalyzer - DEBUG - logger.py:64 - 데이터베이스 연결 해제: D:\Analyzer\CreateMetaDb\projects\sampleSrc\SqlContent.db
2025-09-12 19:38:10,182 - SourceAnalyzer - INFO - logger.py:68 - SQL Content 데이터베이스 연결 해제
2025-09-12 19:38:10,183 - SourceAnalyzer - DEBUG - logger.py:64 - 데이터베이스 연결 해제: D:\Analyzer\CreateMetaDb\projects\sampleSrc\SqlContent.db
2025-09-12 19:38:10,183 - SourceAnalyzer - INFO - logger.py:68 - SQL Content 데이터베이스 연결 해제
2025-09-12 19:38:10,183 - SourceAnalyzer - INFO - logger.py:68 - 3단계 완료: XML 파일 분석 및 SQL 컴포넌트 등록 + JOIN 관계 분석
2025-09-12 19:38:10,183 - SourceAnalyzer - INFO - logger.py:68 - 1-3단계 테스트 완료
