2025-09-15 00:17:56,668 - SourceAnalyzer - INFO - main.py:17 - Recursion limit set to: 50
2025-09-15 00:17:56,668 - SourceAnalyzer - INFO - main.py:25 - 오래된 로그 파일 정리 시작
2025-09-15 00:17:56,670 - SourceAnalyzer - INFO - file_utils.py:362 - 삭제할 오래된 로그 파일이 없습니다
2025-09-15 00:17:56,670 - SourceAnalyzer - INFO - main.py:30 - 삭제할 오래된 로그 파일이 없습니다
2025-09-15 00:17:56,670 - SourceAnalyzer - INFO - main.py:33 - SourceAnalyzer 시작
2025-09-15 00:17:56,675 - SourceAnalyzer - INFO - main.py:44 - 분석 대상 프로젝트: sampleSrc
2025-09-15 00:17:56,676 - SourceAnalyzer - INFO - main.py:61 - 분석 옵션:
2025-09-15 00:17:56,676 - SourceAnalyzer - INFO - main.py:62 -   - 메타데이터베이스 초기화: False
2025-09-15 00:17:56,676 - SourceAnalyzer - INFO - main.py:63 -   - 상세 로그: False
2025-09-15 00:17:56,676 - SourceAnalyzer - INFO - main.py:64 -   - 출력 형식: html
2025-09-15 00:17:56,676 - SourceAnalyzer - INFO - main.py:65 -   - 드라이런 모드: False
2025-09-15 00:17:56,676 - SourceAnalyzer - INFO - main.py:66 -   - 강제 실행: False
2025-09-15 00:17:56,676 - SourceAnalyzer - INFO - main.py:75 - 1단계 실행: 파일 정보 저장 (프로젝트 전체 스캔)
2025-09-15 00:17:56,679 - SourceAnalyzer - INFO - file_loading.py:86 - 메타데이터베이스 초기화 완료: D:\Analyzer\CreateMetaDb\projects\sampleSrc\metadata.db
2025-09-15 00:17:56,918 - SourceAnalyzer - INFO - file_loading.py:1161 - === 파일 스캔 완료 ===
2025-09-15 00:17:56,920 - SourceAnalyzer - INFO - main.py:89 - 1단계 완료: 파일 정보 저장
2025-09-15 00:17:56,923 - SourceAnalyzer - INFO - main.py:108 - 전역 프로젝트 정보 설정: sampleSrc (ID: 1)
2025-09-15 00:17:56,923 - SourceAnalyzer - INFO - main.py:118 - 2단계 실행: 데이터베이스 구조 저장 및 컴포넌트 생성
2025-09-15 00:17:56,923 - SourceAnalyzer - INFO - file_loading.py:1181 - === 데이터베이스 로딩 시작: 데이터베이스 구조 저장 ===
2025-09-15 00:17:56,924 - SourceAnalyzer - INFO - file_utils.py:55 - 인코딩 문제 감지, 다른 인코딩으로 재시도: ALL_TABLES.csv
2025-09-15 00:17:56,925 - SourceAnalyzer - INFO - file_loading.py:547 - CSV 파일 로드 완료: D:\Analyzer\CreateMetaDb\projects\sampleSrc\db_schema\ALL_TABLES.csv, 16개 행
2025-09-15 00:17:56,927 - SourceAnalyzer - INFO - file_loading.py:644 - 테이블 정보 저장 완료: 16개 테이블 (오류: 0개)
2025-09-15 00:17:56,927 - SourceAnalyzer - INFO - file_utils.py:55 - 인코딩 문제 감지, 다른 인코딩으로 재시도: ALL_TAB_COLUMNS.csv
2025-09-15 00:17:56,928 - SourceAnalyzer - INFO - file_loading.py:547 - CSV 파일 로드 완료: D:\Analyzer\CreateMetaDb\projects\sampleSrc\db_schema\ALL_TAB_COLUMNS.csv, 91개 행
2025-09-15 00:17:56,931 - SourceAnalyzer - INFO - file_loading.py:762 - 컬럼 정보 저장 완료: 91개 컬럼 (오류: 0개)
2025-09-15 00:17:56,933 - SourceAnalyzer - INFO - file_loading.py:829 - 테이블 컴포넌트 생성 완료: 25개
2025-09-15 00:17:56,941 - SourceAnalyzer - INFO - file_loading.py:909 - 컬럼 컴포넌트 생성 완료: 108개
2025-09-15 00:17:56,944 - SourceAnalyzer - INFO - file_loading.py:967 - 컬럼 component_id 업데이트 완료: 108개
2025-09-15 00:17:56,949 - SourceAnalyzer - INFO - file_loading.py:1212 - === 데이터베이스 로딩 완료 ===
2025-09-15 00:17:56,950 - SourceAnalyzer - INFO - main.py:125 - 2단계 완료: 데이터베이스 구조 저장 및 컴포넌트 생성
2025-09-15 00:17:56,950 - SourceAnalyzer - INFO - main.py:131 - 3단계 실행: XML 파일 분석 및 SQL 컴포넌트 등록 + JOIN 관계 분석
2025-09-15 00:17:56,997 - SourceAnalyzer - INFO - sql_content_manager.py:63 - SQL Content 데이터베이스 초기화 완료: D:\Analyzer\CreateMetaDb\projects\sampleSrc\SqlContent.db
2025-09-15 00:17:56,998 - SourceAnalyzer - INFO - xml_loading.py:49 - SQL Content Manager 초기화 완료
2025-09-15 00:17:57,000 - SourceAnalyzer - INFO - xml_loading.py:79 - === XML 로딩 시작: 3~4단계 통합 처리 ===
2025-09-15 00:17:57,006 - SourceAnalyzer - INFO - xml_parser.py:152 - MyBatis XML 파일 수집 완료: 6개
2025-09-15 00:17:57,006 - SourceAnalyzer - INFO - xml_loading.py:118 - XML 파일: D:\Analyzer\CreateMetaDb\projects\sampleSrc\src\com\example\dynamicquery\UserMapper.xml
2025-09-15 00:17:57,007 - SourceAnalyzer - INFO - xml_loading.py:119 - 디렉토리 경로: src\com\example\dynamicquery
2025-09-15 00:17:57,007 - SourceAnalyzer - INFO - xml_loading.py:130 - SQL 쿼리 결과: 4개
2025-09-15 00:17:57,007 - SourceAnalyzer - INFO - xml_loading.py:134 - file_id 조회 성공: 4
2025-09-15 00:17:57,039 - SourceAnalyzer - INFO - xml_loading.py:224 - === XML 로딩 엔진: SQL 컴포넌트 저장 시작 ===
2025-09-15 00:17:57,040 - SourceAnalyzer - INFO - xml_loading.py:225 - 전달받은 SQL 쿼리 수: 8개
2025-09-15 00:17:57,041 - SourceAnalyzer - INFO - xml_loading.py:233 - XML에서 추출된 SQL 쿼리 타입별 통계: {'select': 8}
2025-09-15 00:17:57,041 - SourceAnalyzer - INFO - xml_loading.py:246 - 프로젝트 ID: 1
2025-09-15 00:17:57,044 - SourceAnalyzer - INFO - xml_loading.py:333 - SQL 컴포넌트 저장 완료: 8/8개 성공
2025-09-15 00:17:57,045 - SourceAnalyzer - INFO - xml_loading.py:432 - JOIN 관계 저장 완료: 5개
2025-09-15 00:17:57,045 - SourceAnalyzer - INFO - xml_loading.py:118 - XML 파일: D:\Analyzer\CreateMetaDb\projects\sampleSrc\src\main\resources\mybatis\mapper\ImplicitJoinMapper.xml
2025-09-15 00:17:57,046 - SourceAnalyzer - INFO - xml_loading.py:119 - 디렉토리 경로: src\main\resources\mybatis\mapper
2025-09-15 00:17:57,046 - SourceAnalyzer - INFO - xml_loading.py:130 - SQL 쿼리 결과: 5개
2025-09-15 00:17:57,046 - SourceAnalyzer - INFO - xml_loading.py:134 - file_id 조회 성공: 35
2025-09-15 00:17:57,067 - SourceAnalyzer - INFO - xml_loading.py:224 - === XML 로딩 엔진: SQL 컴포넌트 저장 시작 ===
2025-09-15 00:17:57,068 - SourceAnalyzer - INFO - xml_loading.py:225 - 전달받은 SQL 쿼리 수: 5개
2025-09-15 00:17:57,068 - SourceAnalyzer - INFO - xml_loading.py:233 - XML에서 추출된 SQL 쿼리 타입별 통계: {'select': 5}
2025-09-15 00:17:57,068 - SourceAnalyzer - INFO - xml_loading.py:246 - 프로젝트 ID: 1
2025-09-15 00:17:57,069 - SourceAnalyzer - INFO - xml_loading.py:333 - SQL 컴포넌트 저장 완료: 5/5개 성공
2025-09-15 00:17:57,070 - SourceAnalyzer - INFO - xml_loading.py:432 - JOIN 관계 저장 완료: 8개
2025-09-15 00:17:57,070 - SourceAnalyzer - INFO - xml_loading.py:118 - XML 파일: D:\Analyzer\CreateMetaDb\projects\sampleSrc\src\main\resources\mybatis\mapper\ImplicitJoinTestMapper.xml
2025-09-15 00:17:57,070 - SourceAnalyzer - INFO - xml_loading.py:119 - 디렉토리 경로: src\main\resources\mybatis\mapper
2025-09-15 00:17:57,071 - SourceAnalyzer - INFO - xml_loading.py:130 - SQL 쿼리 결과: 5개
2025-09-15 00:17:57,075 - SourceAnalyzer - INFO - xml_loading.py:134 - file_id 조회 성공: 35
2025-09-15 00:17:57,082 - SourceAnalyzer - INFO - xml_loading.py:118 - XML 파일: D:\Analyzer\CreateMetaDb\projects\sampleSrc\src\main\resources\mybatis\mapper\MixedErrorMapper.xml
2025-09-15 00:17:57,082 - SourceAnalyzer - INFO - xml_loading.py:119 - 디렉토리 경로: src\main\resources\mybatis\mapper
2025-09-15 00:17:57,082 - SourceAnalyzer - INFO - xml_loading.py:130 - SQL 쿼리 결과: 5개
2025-09-15 00:17:57,082 - SourceAnalyzer - INFO - xml_loading.py:134 - file_id 조회 성공: 35
2025-09-15 00:17:57,101 - SourceAnalyzer - INFO - xml_loading.py:224 - === XML 로딩 엔진: SQL 컴포넌트 저장 시작 ===
2025-09-15 00:17:57,101 - SourceAnalyzer - INFO - xml_loading.py:225 - 전달받은 SQL 쿼리 수: 12개
2025-09-15 00:17:57,101 - SourceAnalyzer - INFO - xml_loading.py:233 - XML에서 추출된 SQL 쿼리 타입별 통계: {'select': 9, 'insert': 1, 'update': 1, 'delete': 1}
2025-09-15 00:17:57,101 - SourceAnalyzer - INFO - xml_loading.py:246 - 프로젝트 ID: 1
2025-09-15 00:17:57,104 - SourceAnalyzer - INFO - xml_loading.py:333 - SQL 컴포넌트 저장 완료: 12/12개 성공
2025-09-15 00:17:57,106 - SourceAnalyzer - INFO - xml_loading.py:432 - JOIN 관계 저장 완료: 4개
2025-09-15 00:17:57,106 - SourceAnalyzer - INFO - xml_loading.py:118 - XML 파일: D:\Analyzer\CreateMetaDb\projects\sampleSrc\src\main\resources\mybatis\mapper\ProductMapper.xml
2025-09-15 00:17:57,106 - SourceAnalyzer - INFO - xml_loading.py:119 - 디렉토리 경로: src\main\resources\mybatis\mapper
2025-09-15 00:17:57,106 - SourceAnalyzer - INFO - xml_loading.py:130 - SQL 쿼리 결과: 5개
2025-09-15 00:17:57,106 - SourceAnalyzer - INFO - xml_loading.py:134 - file_id 조회 성공: 35
2025-09-15 00:17:57,124 - SourceAnalyzer - INFO - xml_loading.py:224 - === XML 로딩 엔진: SQL 컴포넌트 저장 시작 ===
2025-09-15 00:17:57,125 - SourceAnalyzer - INFO - xml_loading.py:225 - 전달받은 SQL 쿼리 수: 9개
2025-09-15 00:17:57,125 - SourceAnalyzer - INFO - xml_loading.py:233 - XML에서 추출된 SQL 쿼리 타입별 통계: {'select': 5, 'update': 2, 'insert': 1, 'delete': 1}
2025-09-15 00:17:57,125 - SourceAnalyzer - INFO - xml_loading.py:246 - 프로젝트 ID: 1
2025-09-15 00:17:57,127 - SourceAnalyzer - INFO - xml_loading.py:333 - SQL 컴포넌트 저장 완료: 9/9개 성공
2025-09-15 00:17:57,128 - SourceAnalyzer - INFO - xml_loading.py:432 - JOIN 관계 저장 완료: 2개
2025-09-15 00:17:57,128 - SourceAnalyzer - INFO - xml_loading.py:118 - XML 파일: D:\Analyzer\CreateMetaDb\projects\sampleSrc\src\main\resources\mybatis\mapper\UserMapper.xml
2025-09-15 00:17:57,128 - SourceAnalyzer - INFO - xml_loading.py:119 - 디렉토리 경로: src\main\resources\mybatis\mapper
2025-09-15 00:17:57,128 - SourceAnalyzer - INFO - xml_loading.py:130 - SQL 쿼리 결과: 5개
2025-09-15 00:17:57,128 - SourceAnalyzer - INFO - xml_loading.py:134 - file_id 조회 성공: 35
2025-09-15 00:17:57,170 - SourceAnalyzer - INFO - xml_loading.py:224 - === XML 로딩 엔진: SQL 컴포넌트 저장 시작 ===
2025-09-15 00:17:57,170 - SourceAnalyzer - INFO - xml_loading.py:225 - 전달받은 SQL 쿼리 수: 22개
2025-09-15 00:17:57,172 - SourceAnalyzer - INFO - xml_loading.py:233 - XML에서 추출된 SQL 쿼리 타입별 통계: {'select': 15, 'update': 2, 'insert': 2, 'delete': 1, 'merge': 2}
2025-09-15 00:17:57,172 - SourceAnalyzer - INFO - xml_loading.py:246 - 프로젝트 ID: 1
2025-09-15 00:17:57,176 - SourceAnalyzer - INFO - xml_loading.py:333 - SQL 컴포넌트 저장 완료: 22/22개 성공
2025-09-15 00:17:57,177 - SourceAnalyzer - INFO - xml_loading.py:432 - JOIN 관계 저장 완료: 8개
2025-09-15 00:17:57,177 - SourceAnalyzer - INFO - xml_loading.py:929 - === XML 로딩 통계 ===
2025-09-15 00:17:57,177 - SourceAnalyzer - INFO - xml_loading.py:930 - 처리된 XML 파일: 5개
2025-09-15 00:17:57,178 - SourceAnalyzer - INFO - xml_loading.py:931 - 추출된 SQL 쿼리: 56개
2025-09-15 00:17:57,178 - SourceAnalyzer - INFO - xml_loading.py:932 - 생성된 SQL 컴포넌트: 56개
2025-09-15 00:17:57,178 - SourceAnalyzer - INFO - xml_loading.py:933 - 생성된 JOIN 관계: 30개
2025-09-15 00:17:57,178 - SourceAnalyzer - INFO - xml_loading.py:934 - 생성된 inferred 테이블: 0개
2025-09-15 00:17:57,178 - SourceAnalyzer - INFO - xml_loading.py:935 - 생성된 inferred 컬럼: 0개
2025-09-15 00:17:57,178 - SourceAnalyzer - INFO - xml_loading.py:936 - 오류 발생: 1개
2025-09-15 00:17:57,179 - SourceAnalyzer - INFO - xml_loading.py:947 - === SQL Content 통계 ===
2025-09-15 00:17:57,179 - SourceAnalyzer - INFO - xml_loading.py:948 - 저장된 SQL 내용: 1개
2025-09-15 00:17:57,179 - SourceAnalyzer - INFO - xml_loading.py:949 - 총 압축 크기: 305 bytes
2025-09-15 00:17:57,179 - SourceAnalyzer - INFO - xml_loading.py:952 - 평균 압축 크기: 305.00 bytes
2025-09-15 00:17:57,179 - SourceAnalyzer - INFO - xml_loading.py:955 - 최대 압축 크기: 305 bytes
2025-09-15 00:17:57,179 - SourceAnalyzer - INFO - xml_loading.py:956 - 최소 압축 크기: 305 bytes
2025-09-15 00:17:57,180 - SourceAnalyzer - INFO - xml_loading.py:189 - === XML 로딩 완료 ===
2025-09-15 00:17:57,186 - SourceAnalyzer - INFO - sql_content_manager.py:282 - SQL Content 데이터베이스 연결 해제
2025-09-15 00:17:57,192 - SourceAnalyzer - INFO - main.py:139 - 3단계 완료: XML 파일 분석 및 SQL 컴포넌트 등록 + JOIN 관계 분석
2025-09-15 00:17:57,192 - SourceAnalyzer - INFO - main.py:145 - 4단계 실행: Java 소스코드 분석 및 관계 생성
2025-09-15 00:17:57,224 - SourceAnalyzer - INFO - java_parser.py:191 - 정규식 패턴 컴파일 완료: 클래스 12개, 메서드 4개, 패키지 7개, 상속 6개, CALL_QUERY 18개, CALL_METHOD 7개, USE_TABLE 16개
2025-09-15 00:17:57,224 - SourceAnalyzer - INFO - java_loading.py:71 - === Java 로딩 시작: 4단계 통합 처리 ===
2025-09-15 00:17:57,236 - SourceAnalyzer - INFO - java_parser.py:243 - Java 파일 수집 완료: 30개
2025-09-15 00:17:57,237 - SourceAnalyzer - INFO - java_loading.py:85 - 처리할 Java 파일 수: 30개
2025-09-15 00:17:57,239 - SourceAnalyzer - INFO - java_parser.py:883 - 메서드 추출 시작: D:\Analyzer\CreateMetaDb\projects\sampleSrc\src\com\example\dynamicquery\UserDao.java
2025-09-15 00:17:57,239 - SourceAnalyzer - INFO - java_parser.py:884 - 컴파일된 메서드 패턴 수: 4
2025-09-15 00:17:57,245 - SourceAnalyzer - INFO - java_loading.py:193 - === Java 클래스 저장 시작: D:\Analyzer\CreateMetaDb\projects\sampleSrc\src\com\example\dynamicquery\UserDao.java ===
2025-09-15 00:17:57,245 - SourceAnalyzer - INFO - java_loading.py:194 - 저장할 클래스 수: 2개
2025-09-15 00:17:57,246 - SourceAnalyzer - INFO - java_loading.py:212 - 프로젝트 ID: 1, 파일 ID: 4
2025-09-15 00:17:57,246 - SourceAnalyzer - INFO - java_loading.py:244 - === Java 클래스 저장 완료: D:\Analyzer\CreateMetaDb\projects\sampleSrc\src\com\example\dynamicquery\UserDao.java ===
2025-09-15 00:17:57,247 - SourceAnalyzer - INFO - java_loading.py:663 - 저장할 CALL_QUERY 관계 수: 1개
2025-09-15 00:17:57,252 - SourceAnalyzer - INFO - java_loading.py:717 - CALL_QUERY 관계 저장 완료: 1개
2025-09-15 00:17:57,252 - SourceAnalyzer - INFO - java_loading.py:745 - 저장할 CALL_METHOD 관계 수: 78개
2025-09-15 00:17:57,253 - SourceAnalyzer - INFO - java_loading.py:768 - inferred 메서드 생성 시도: findUsersWithAnsiJoin
2025-09-15 00:17:57,254 - SourceAnalyzer - INFO - java_loading.py:1098 - inferred 메서드 생성 완료: findUsersWithAnsiJoin (ID: 100)
2025-09-15 00:17:57,254 - SourceAnalyzer - INFO - java_loading.py:771 - inferred 메서드 생성 성공: findUsersWithAnsiJoin (ID: 100)
2025-09-15 00:17:57,256 - SourceAnalyzer - INFO - java_loading.py:804 - CALL_METHOD 관계 저장 완료: 72개
2025-09-15 00:17:57,257 - SourceAnalyzer - INFO - java_parser.py:883 - 메서드 추출 시작: D:\Analyzer\CreateMetaDb\projects\sampleSrc\src\com\example\dynamicquery\UserMapper.java
2025-09-15 00:17:57,257 - SourceAnalyzer - INFO - java_parser.py:884 - 컴파일된 메서드 패턴 수: 4
2025-09-15 00:17:57,258 - SourceAnalyzer - INFO - java_loading.py:193 - === Java 클래스 저장 시작: D:\Analyzer\CreateMetaDb\projects\sampleSrc\src\com\example\dynamicquery\UserMapper.java ===
2025-09-15 00:17:57,258 - SourceAnalyzer - INFO - java_loading.py:194 - 저장할 클래스 수: 2개
2025-09-15 00:17:57,258 - SourceAnalyzer - INFO - java_loading.py:212 - 프로젝트 ID: 1, 파일 ID: 5
2025-09-15 00:17:57,259 - SourceAnalyzer - INFO - java_loading.py:244 - === Java 클래스 저장 완료: D:\Analyzer\CreateMetaDb\projects\sampleSrc\src\com\example\dynamicquery\UserMapper.java ===
2025-09-15 00:17:57,260 - SourceAnalyzer - INFO - java_parser.py:883 - 메서드 추출 시작: D:\Analyzer\CreateMetaDb\projects\sampleSrc\src\com\example\dynamicquery\UserSearchDto.java
2025-09-15 00:17:57,260 - SourceAnalyzer - INFO - java_parser.py:884 - 컴파일된 메서드 패턴 수: 4
2025-09-15 00:17:57,262 - SourceAnalyzer - INFO - java_loading.py:193 - === Java 클래스 저장 시작: D:\Analyzer\CreateMetaDb\projects\sampleSrc\src\com\example\dynamicquery\UserSearchDto.java ===
2025-09-15 00:17:57,262 - SourceAnalyzer - INFO - java_loading.py:194 - 저장할 클래스 수: 2개
2025-09-15 00:17:57,263 - SourceAnalyzer - INFO - java_loading.py:212 - 프로젝트 ID: 1, 파일 ID: 7
2025-09-15 00:17:57,272 - SourceAnalyzer - INFO - java_loading.py:244 - === Java 클래스 저장 완료: D:\Analyzer\CreateMetaDb\projects\sampleSrc\src\com\example\dynamicquery\UserSearchDto.java ===
2025-09-15 00:17:57,272 - SourceAnalyzer - INFO - java_loading.py:745 - 저장할 CALL_METHOD 관계 수: 10개
2025-09-15 00:17:57,272 - SourceAnalyzer - INFO - java_loading.py:804 - CALL_METHOD 관계 저장 완료: 6개
2025-09-15 00:17:57,274 - SourceAnalyzer - INFO - java_parser.py:883 - 메서드 추출 시작: D:\Analyzer\CreateMetaDb\projects\sampleSrc\src\main\java\com\example\annotations\AnnotatedClass.java
2025-09-15 00:17:57,275 - SourceAnalyzer - INFO - java_parser.py:884 - 컴파일된 메서드 패턴 수: 4
2025-09-15 00:17:57,277 - SourceAnalyzer - INFO - java_loading.py:193 - === Java 클래스 저장 시작: D:\Analyzer\CreateMetaDb\projects\sampleSrc\src\main\java\com\example\annotations\AnnotatedClass.java ===
2025-09-15 00:17:57,278 - SourceAnalyzer - INFO - java_loading.py:194 - 저장할 클래스 수: 6개
2025-09-15 00:17:57,278 - SourceAnalyzer - INFO - java_loading.py:212 - 프로젝트 ID: 1, 파일 ID: 8
2025-09-15 00:17:57,278 - SourceAnalyzer - INFO - java_loading.py:244 - === Java 클래스 저장 완료: D:\Analyzer\CreateMetaDb\projects\sampleSrc\src\main\java\com\example\annotations\AnnotatedClass.java ===
2025-09-15 00:17:57,279 - SourceAnalyzer - INFO - java_loading.py:745 - 저장할 CALL_METHOD 관계 수: 4개
2025-09-15 00:17:57,279 - SourceAnalyzer - INFO - java_loading.py:804 - CALL_METHOD 관계 저장 완료: 4개
2025-09-15 00:17:57,281 - SourceAnalyzer - INFO - java_parser.py:883 - 메서드 추출 시작: D:\Analyzer\CreateMetaDb\projects\sampleSrc\src\main\java\com\example\comments\CommentHeavyClass.java
2025-09-15 00:17:57,282 - SourceAnalyzer - INFO - java_parser.py:884 - 컴파일된 메서드 패턴 수: 4
2025-09-15 00:17:57,287 - SourceAnalyzer - INFO - java_loading.py:193 - === Java 클래스 저장 시작: D:\Analyzer\CreateMetaDb\projects\sampleSrc\src\main\java\com\example\comments\CommentHeavyClass.java ===
2025-09-15 00:17:57,287 - SourceAnalyzer - INFO - java_loading.py:194 - 저장할 클래스 수: 2개
2025-09-15 00:17:57,287 - SourceAnalyzer - INFO - java_loading.py:212 - 프로젝트 ID: 1, 파일 ID: 9
2025-09-15 00:17:57,288 - SourceAnalyzer - INFO - java_loading.py:244 - === Java 클래스 저장 완료: D:\Analyzer\CreateMetaDb\projects\sampleSrc\src\main\java\com\example\comments\CommentHeavyClass.java ===
2025-09-15 00:17:57,288 - SourceAnalyzer - INFO - java_loading.py:745 - 저장할 CALL_METHOD 관계 수: 26개
2025-09-15 00:17:57,289 - SourceAnalyzer - INFO - java_loading.py:804 - CALL_METHOD 관계 저장 완료: 22개
2025-09-15 00:17:57,293 - SourceAnalyzer - INFO - java_parser.py:883 - 메서드 추출 시작: D:\Analyzer\CreateMetaDb\projects\sampleSrc\src\main\java\com\example\complex\LargeBusinessClass.java
2025-09-15 00:17:57,293 - SourceAnalyzer - INFO - java_parser.py:884 - 컴파일된 메서드 패턴 수: 4
2025-09-15 00:17:57,304 - SourceAnalyzer - INFO - java_loading.py:193 - === Java 클래스 저장 시작: D:\Analyzer\CreateMetaDb\projects\sampleSrc\src\main\java\com\example\complex\LargeBusinessClass.java ===
2025-09-15 00:17:57,305 - SourceAnalyzer - INFO - java_loading.py:194 - 저장할 클래스 수: 2개
2025-09-15 00:17:57,305 - SourceAnalyzer - INFO - java_loading.py:212 - 프로젝트 ID: 1, 파일 ID: 10
2025-09-15 00:17:57,306 - SourceAnalyzer - INFO - java_loading.py:244 - === Java 클래스 저장 완료: D:\Analyzer\CreateMetaDb\projects\sampleSrc\src\main\java\com\example\complex\LargeBusinessClass.java ===
2025-09-15 00:17:57,306 - SourceAnalyzer - INFO - java_loading.py:745 - 저장할 CALL_METHOD 관계 수: 124개
2025-09-15 00:17:57,311 - SourceAnalyzer - INFO - java_loading.py:804 - CALL_METHOD 관계 저장 완료: 120개
2025-09-15 00:17:57,313 - SourceAnalyzer - INFO - java_parser.py:883 - 메서드 추출 시작: D:\Analyzer\CreateMetaDb\projects\sampleSrc\src\main\java\com\example\controller\ErrorController.java
2025-09-15 00:17:57,313 - SourceAnalyzer - INFO - java_parser.py:884 - 컴파일된 메서드 패턴 수: 4
2025-09-15 00:17:57,318 - SourceAnalyzer - INFO - java_loading.py:193 - === Java 클래스 저장 시작: D:\Analyzer\CreateMetaDb\projects\sampleSrc\src\main\java\com\example\controller\ErrorController.java ===
2025-09-15 00:17:57,318 - SourceAnalyzer - INFO - java_loading.py:194 - 저장할 클래스 수: 2개
2025-09-15 00:17:57,318 - SourceAnalyzer - INFO - java_loading.py:212 - 프로젝트 ID: 1, 파일 ID: 11
2025-09-15 00:17:57,319 - SourceAnalyzer - INFO - java_loading.py:244 - === Java 클래스 저장 완료: D:\Analyzer\CreateMetaDb\projects\sampleSrc\src\main\java\com\example\controller\ErrorController.java ===
2025-09-15 00:17:57,319 - SourceAnalyzer - INFO - java_loading.py:745 - 저장할 CALL_METHOD 관계 수: 32개
2025-09-15 00:17:57,320 - SourceAnalyzer - INFO - java_loading.py:804 - CALL_METHOD 관계 저장 완료: 28개
2025-09-15 00:17:57,323 - SourceAnalyzer - INFO - java_parser.py:883 - 메서드 추출 시작: D:\Analyzer\CreateMetaDb\projects\sampleSrc\src\main\java\com\example\controller\MixedErrorController.java
2025-09-15 00:17:57,323 - SourceAnalyzer - INFO - java_parser.py:884 - 컴파일된 메서드 패턴 수: 4
2025-09-15 00:17:57,328 - SourceAnalyzer - INFO - java_loading.py:193 - === Java 클래스 저장 시작: D:\Analyzer\CreateMetaDb\projects\sampleSrc\src\main\java\com\example\controller\MixedErrorController.java ===
2025-09-15 00:17:57,334 - SourceAnalyzer - INFO - java_loading.py:194 - 저장할 클래스 수: 2개
2025-09-15 00:17:57,334 - SourceAnalyzer - INFO - java_loading.py:212 - 프로젝트 ID: 1, 파일 ID: 12
2025-09-15 00:17:57,335 - SourceAnalyzer - INFO - java_loading.py:244 - === Java 클래스 저장 완료: D:\Analyzer\CreateMetaDb\projects\sampleSrc\src\main\java\com\example\controller\MixedErrorController.java ===
2025-09-15 00:17:57,335 - SourceAnalyzer - INFO - java_loading.py:745 - 저장할 CALL_METHOD 관계 수: 49개
2025-09-15 00:17:57,337 - SourceAnalyzer - INFO - java_loading.py:804 - CALL_METHOD 관계 저장 완료: 31개
2025-09-15 00:17:57,339 - SourceAnalyzer - INFO - java_parser.py:883 - 메서드 추출 시작: D:\Analyzer\CreateMetaDb\projects\sampleSrc\src\main\java\com\example\controller\ProductController.java
2025-09-15 00:17:57,340 - SourceAnalyzer - INFO - java_parser.py:884 - 컴파일된 메서드 패턴 수: 4
2025-09-15 00:17:57,344 - SourceAnalyzer - INFO - java_loading.py:193 - === Java 클래스 저장 시작: D:\Analyzer\CreateMetaDb\projects\sampleSrc\src\main\java\com\example\controller\ProductController.java ===
2025-09-15 00:17:57,346 - SourceAnalyzer - INFO - java_loading.py:194 - 저장할 클래스 수: 2개
2025-09-15 00:17:57,347 - SourceAnalyzer - INFO - java_loading.py:212 - 프로젝트 ID: 1, 파일 ID: 13
2025-09-15 00:17:57,347 - SourceAnalyzer - INFO - java_loading.py:244 - === Java 클래스 저장 완료: D:\Analyzer\CreateMetaDb\projects\sampleSrc\src\main\java\com\example\controller\ProductController.java ===
2025-09-15 00:17:57,348 - SourceAnalyzer - INFO - java_loading.py:745 - 저장할 CALL_METHOD 관계 수: 22개
2025-09-15 00:17:57,349 - SourceAnalyzer - INFO - java_loading.py:804 - CALL_METHOD 관계 저장 완료: 22개
2025-09-15 00:17:57,350 - SourceAnalyzer - INFO - java_parser.py:883 - 메서드 추출 시작: D:\Analyzer\CreateMetaDb\projects\sampleSrc\src\main\java\com\example\controller\SyntaxErrorController.java
2025-09-15 00:17:57,351 - SourceAnalyzer - INFO - java_parser.py:884 - 컴파일된 메서드 패턴 수: 4
2025-09-15 00:17:57,354 - SourceAnalyzer - INFO - java_loading.py:193 - === Java 클래스 저장 시작: D:\Analyzer\CreateMetaDb\projects\sampleSrc\src\main\java\com\example\controller\SyntaxErrorController.java ===
2025-09-15 00:17:57,354 - SourceAnalyzer - INFO - java_loading.py:194 - 저장할 클래스 수: 2개
2025-09-15 00:17:57,355 - SourceAnalyzer - INFO - java_loading.py:212 - 프로젝트 ID: 1, 파일 ID: 14
2025-09-15 00:17:57,355 - SourceAnalyzer - INFO - java_loading.py:244 - === Java 클래스 저장 완료: D:\Analyzer\CreateMetaDb\projects\sampleSrc\src\main\java\com\example\controller\SyntaxErrorController.java ===
2025-09-15 00:17:57,355 - SourceAnalyzer - INFO - java_loading.py:745 - 저장할 CALL_METHOD 관계 수: 37개
2025-09-15 00:17:57,357 - SourceAnalyzer - INFO - java_loading.py:804 - CALL_METHOD 관계 저장 완료: 15개
2025-09-15 00:17:57,365 - SourceAnalyzer - INFO - java_parser.py:883 - 메서드 추출 시작: D:\Analyzer\CreateMetaDb\projects\sampleSrc\src\main\java\com\example\controller\UserController.java
2025-09-15 00:17:57,365 - SourceAnalyzer - INFO - java_parser.py:884 - 컴파일된 메서드 패턴 수: 4
2025-09-15 00:17:57,408 - SourceAnalyzer - INFO - java_loading.py:193 - === Java 클래스 저장 시작: D:\Analyzer\CreateMetaDb\projects\sampleSrc\src\main\java\com\example\controller\UserController.java ===
2025-09-15 00:17:57,408 - SourceAnalyzer - INFO - java_loading.py:194 - 저장할 클래스 수: 2개
2025-09-15 00:17:57,410 - SourceAnalyzer - INFO - java_loading.py:212 - 프로젝트 ID: 1, 파일 ID: 15
2025-09-15 00:17:57,411 - SourceAnalyzer - INFO - java_loading.py:244 - === Java 클래스 저장 완료: D:\Analyzer\CreateMetaDb\projects\sampleSrc\src\main\java\com\example\controller\UserController.java ===
2025-09-15 00:17:57,411 - SourceAnalyzer - INFO - java_loading.py:745 - 저장할 CALL_METHOD 관계 수: 724개
2025-09-15 00:17:57,436 - SourceAnalyzer - INFO - java_loading.py:804 - CALL_METHOD 관계 저장 완료: 724개
2025-09-15 00:17:57,437 - SourceAnalyzer - INFO - java_parser.py:883 - 메서드 추출 시작: D:\Analyzer\CreateMetaDb\projects\sampleSrc\src\main\java\com\example\enums\OrderStatus.java
2025-09-15 00:17:57,437 - SourceAnalyzer - INFO - java_parser.py:884 - 컴파일된 메서드 패턴 수: 4
2025-09-15 00:17:57,439 - SourceAnalyzer - INFO - java_loading.py:193 - === Java 클래스 저장 시작: D:\Analyzer\CreateMetaDb\projects\sampleSrc\src\main\java\com\example\enums\OrderStatus.java ===
2025-09-15 00:17:57,440 - SourceAnalyzer - INFO - java_loading.py:194 - 저장할 클래스 수: 2개
2025-09-15 00:17:57,441 - SourceAnalyzer - INFO - java_loading.py:212 - 프로젝트 ID: 1, 파일 ID: 16
2025-09-15 00:17:57,441 - SourceAnalyzer - INFO - java_loading.py:244 - === Java 클래스 저장 완료: D:\Analyzer\CreateMetaDb\projects\sampleSrc\src\main\java\com\example\enums\OrderStatus.java ===
2025-09-15 00:17:57,441 - SourceAnalyzer - INFO - java_loading.py:745 - 저장할 CALL_METHOD 관계 수: 1개
2025-09-15 00:17:57,441 - SourceAnalyzer - INFO - java_loading.py:804 - CALL_METHOD 관계 저장 완료: 1개
2025-09-15 00:17:57,442 - SourceAnalyzer - INFO - java_parser.py:883 - 메서드 추출 시작: D:\Analyzer\CreateMetaDb\projects\sampleSrc\src\main\java\com\example\errors\SyntaxErrorClass.java
2025-09-15 00:17:57,443 - SourceAnalyzer - INFO - java_parser.py:884 - 컴파일된 메서드 패턴 수: 4
2025-09-15 00:17:57,444 - SourceAnalyzer - INFO - java_loading.py:193 - === Java 클래스 저장 시작: D:\Analyzer\CreateMetaDb\projects\sampleSrc\src\main\java\com\example\errors\SyntaxErrorClass.java ===
2025-09-15 00:17:57,445 - SourceAnalyzer - INFO - java_loading.py:194 - 저장할 클래스 수: 2개
2025-09-15 00:17:57,445 - SourceAnalyzer - INFO - java_loading.py:212 - 프로젝트 ID: 1, 파일 ID: 17
2025-09-15 00:17:57,445 - SourceAnalyzer - INFO - java_loading.py:244 - === Java 클래스 저장 완료: D:\Analyzer\CreateMetaDb\projects\sampleSrc\src\main\java\com\example\errors\SyntaxErrorClass.java ===
2025-09-15 00:17:57,446 - SourceAnalyzer - INFO - java_loading.py:745 - 저장할 CALL_METHOD 관계 수: 4개
2025-09-15 00:17:57,446 - SourceAnalyzer - INFO - java_loading.py:804 - CALL_METHOD 관계 저장 완료: 2개
2025-09-15 00:17:57,448 - SourceAnalyzer - INFO - java_parser.py:883 - 메서드 추출 시작: D:\Analyzer\CreateMetaDb\projects\sampleSrc\src\main\java\com\example\generics\GenericClass.java
2025-09-15 00:17:57,448 - SourceAnalyzer - INFO - java_parser.py:884 - 컴파일된 메서드 패턴 수: 4
2025-09-15 00:17:57,453 - SourceAnalyzer - INFO - java_loading.py:193 - === Java 클래스 저장 시작: D:\Analyzer\CreateMetaDb\projects\sampleSrc\src\main\java\com\example\generics\GenericClass.java ===
2025-09-15 00:17:57,453 - SourceAnalyzer - INFO - java_loading.py:194 - 저장할 클래스 수: 3개
2025-09-15 00:17:57,453 - SourceAnalyzer - INFO - java_loading.py:212 - 프로젝트 ID: 1, 파일 ID: 18
2025-09-15 00:17:57,454 - SourceAnalyzer - INFO - java_loading.py:244 - === Java 클래스 저장 완료: D:\Analyzer\CreateMetaDb\projects\sampleSrc\src\main\java\com\example\generics\GenericClass.java ===
2025-09-15 00:17:57,464 - SourceAnalyzer - INFO - java_loading.py:745 - 저장할 CALL_METHOD 관계 수: 24개
2025-09-15 00:17:57,465 - SourceAnalyzer - INFO - java_loading.py:804 - CALL_METHOD 관계 저장 완료: 20개
2025-09-15 00:17:57,466 - SourceAnalyzer - INFO - java_parser.py:883 - 메서드 추출 시작: D:\Analyzer\CreateMetaDb\projects\sampleSrc\src\main\java\com\example\inheritance\BaseService.java
2025-09-15 00:17:57,466 - SourceAnalyzer - INFO - java_parser.py:884 - 컴파일된 메서드 패턴 수: 4
2025-09-15 00:17:57,471 - SourceAnalyzer - INFO - java_loading.py:193 - === Java 클래스 저장 시작: D:\Analyzer\CreateMetaDb\projects\sampleSrc\src\main\java\com\example\inheritance\BaseService.java ===
2025-09-15 00:17:57,471 - SourceAnalyzer - INFO - java_loading.py:194 - 저장할 클래스 수: 3개
2025-09-15 00:17:57,471 - SourceAnalyzer - INFO - java_loading.py:212 - 프로젝트 ID: 1, 파일 ID: 19
2025-09-15 00:17:57,472 - SourceAnalyzer - INFO - java_loading.py:244 - === Java 클래스 저장 완료: D:\Analyzer\CreateMetaDb\projects\sampleSrc\src\main\java\com\example\inheritance\BaseService.java ===
2025-09-15 00:17:57,472 - SourceAnalyzer - INFO - java_loading.py:745 - 저장할 CALL_METHOD 관계 수: 60개
2025-09-15 00:17:57,474 - SourceAnalyzer - INFO - java_loading.py:804 - CALL_METHOD 관계 저장 완료: 54개
2025-09-15 00:17:57,475 - SourceAnalyzer - INFO - java_parser.py:883 - 메서드 추출 시작: D:\Analyzer\CreateMetaDb\projects\sampleSrc\src\main\java\com\example\inheritance\ConcreteService.java
2025-09-15 00:17:57,476 - SourceAnalyzer - INFO - java_parser.py:884 - 컴파일된 메서드 패턴 수: 4
2025-09-15 00:17:57,477 - SourceAnalyzer - INFO - java_loading.py:193 - === Java 클래스 저장 시작: D:\Analyzer\CreateMetaDb\projects\sampleSrc\src\main\java\com\example\inheritance\ConcreteService.java ===
2025-09-15 00:17:57,478 - SourceAnalyzer - INFO - java_loading.py:194 - 저장할 클래스 수: 2개
2025-09-15 00:17:57,478 - SourceAnalyzer - INFO - java_loading.py:212 - 프로젝트 ID: 1, 파일 ID: 20
2025-09-15 00:17:57,478 - SourceAnalyzer - INFO - java_loading.py:244 - === Java 클래스 저장 완료: D:\Analyzer\CreateMetaDb\projects\sampleSrc\src\main\java\com\example\inheritance\ConcreteService.java ===
2025-09-15 00:17:57,479 - SourceAnalyzer - INFO - java_loading.py:440 - 저장할 상속 관계 수: 2개
2025-09-15 00:17:57,479 - SourceAnalyzer - INFO - java_loading.py:641 - inferred 클래스 생성 완료: ConcreteService (ID: 37)
2025-09-15 00:17:57,479 - SourceAnalyzer - INFO - java_loading.py:641 - inferred 클래스 생성 완료: BaseService (ID: 38)
2025-09-15 00:17:57,479 - SourceAnalyzer - INFO - java_loading.py:641 - inferred 클래스 생성 완료: ConcreteService (ID: 37)
2025-09-15 00:17:57,480 - SourceAnalyzer - INFO - java_loading.py:641 - inferred 클래스 생성 완료: BaseService (ID: 38)
2025-09-15 00:17:57,480 - SourceAnalyzer - INFO - java_loading.py:745 - 저장할 CALL_METHOD 관계 수: 10개
2025-09-15 00:17:57,481 - SourceAnalyzer - INFO - java_loading.py:804 - CALL_METHOD 관계 저장 완료: 8개
2025-09-15 00:17:57,482 - SourceAnalyzer - INFO - java_parser.py:883 - 메서드 추출 시작: D:\Analyzer\CreateMetaDb\projects\sampleSrc\src\main\java\com\example\interfaces\CreditCardProcessor.java
2025-09-15 00:17:57,482 - SourceAnalyzer - INFO - java_parser.py:884 - 컴파일된 메서드 패턴 수: 4
2025-09-15 00:17:57,484 - SourceAnalyzer - INFO - java_loading.py:193 - === Java 클래스 저장 시작: D:\Analyzer\CreateMetaDb\projects\sampleSrc\src\main\java\com\example\interfaces\CreditCardProcessor.java ===
2025-09-15 00:17:57,485 - SourceAnalyzer - INFO - java_loading.py:194 - 저장할 클래스 수: 2개
2025-09-15 00:17:57,485 - SourceAnalyzer - INFO - java_loading.py:212 - 프로젝트 ID: 1, 파일 ID: 21
2025-09-15 00:17:57,486 - SourceAnalyzer - INFO - java_loading.py:244 - === Java 클래스 저장 완료: D:\Analyzer\CreateMetaDb\projects\sampleSrc\src\main\java\com\example\interfaces\CreditCardProcessor.java ===
2025-09-15 00:17:57,499 - SourceAnalyzer - INFO - java_loading.py:745 - 저장할 CALL_METHOD 관계 수: 11개
2025-09-15 00:17:57,500 - SourceAnalyzer - INFO - java_loading.py:804 - CALL_METHOD 관계 저장 완료: 8개
2025-09-15 00:17:57,501 - SourceAnalyzer - INFO - java_parser.py:883 - 메서드 추출 시작: D:\Analyzer\CreateMetaDb\projects\sampleSrc\src\main\java\com\example\interfaces\PaymentProcessor.java
2025-09-15 00:17:57,501 - SourceAnalyzer - INFO - java_parser.py:884 - 컴파일된 메서드 패턴 수: 4
2025-09-15 00:17:57,502 - SourceAnalyzer - INFO - java_loading.py:193 - === Java 클래스 저장 시작: D:\Analyzer\CreateMetaDb\projects\sampleSrc\src\main\java\com\example\interfaces\PaymentProcessor.java ===
2025-09-15 00:17:57,502 - SourceAnalyzer - INFO - java_loading.py:194 - 저장할 클래스 수: 2개
2025-09-15 00:17:57,502 - SourceAnalyzer - INFO - java_loading.py:212 - 프로젝트 ID: 1, 파일 ID: 22
2025-09-15 00:17:57,503 - SourceAnalyzer - INFO - java_loading.py:244 - === Java 클래스 저장 완료: D:\Analyzer\CreateMetaDb\projects\sampleSrc\src\main\java\com\example\interfaces\PaymentProcessor.java ===
2025-09-15 00:17:57,504 - SourceAnalyzer - INFO - java_parser.py:883 - 메서드 추출 시작: D:\Analyzer\CreateMetaDb\projects\sampleSrc\src\main\java\com\example\mapper\BrokenMapper.java
2025-09-15 00:17:57,504 - SourceAnalyzer - INFO - java_parser.py:884 - 컴파일된 메서드 패턴 수: 4
2025-09-15 00:17:57,505 - SourceAnalyzer - INFO - java_loading.py:193 - === Java 클래스 저장 시작: D:\Analyzer\CreateMetaDb\projects\sampleSrc\src\main\java\com\example\mapper\BrokenMapper.java ===
2025-09-15 00:17:57,505 - SourceAnalyzer - INFO - java_loading.py:194 - 저장할 클래스 수: 2개
2025-09-15 00:17:57,506 - SourceAnalyzer - INFO - java_loading.py:212 - 프로젝트 ID: 1, 파일 ID: 23
2025-09-15 00:17:57,506 - SourceAnalyzer - INFO - java_loading.py:244 - === Java 클래스 저장 완료: D:\Analyzer\CreateMetaDb\projects\sampleSrc\src\main\java\com\example\mapper\BrokenMapper.java ===
2025-09-15 00:17:57,507 - SourceAnalyzer - INFO - java_parser.py:883 - 메서드 추출 시작: D:\Analyzer\CreateMetaDb\projects\sampleSrc\src\main\java\com\example\mapper\ProductMapper.java
2025-09-15 00:17:57,507 - SourceAnalyzer - INFO - java_parser.py:884 - 컴파일된 메서드 패턴 수: 4
2025-09-15 00:17:57,508 - SourceAnalyzer - INFO - java_loading.py:193 - === Java 클래스 저장 시작: D:\Analyzer\CreateMetaDb\projects\sampleSrc\src\main\java\com\example\mapper\ProductMapper.java ===
2025-09-15 00:17:57,508 - SourceAnalyzer - INFO - java_loading.py:194 - 저장할 클래스 수: 2개
2025-09-15 00:17:57,508 - SourceAnalyzer - INFO - java_loading.py:212 - 프로젝트 ID: 1, 파일 ID: 24
2025-09-15 00:17:57,508 - SourceAnalyzer - INFO - java_loading.py:244 - === Java 클래스 저장 완료: D:\Analyzer\CreateMetaDb\projects\sampleSrc\src\main\java\com\example\mapper\ProductMapper.java ===
2025-09-15 00:17:57,509 - SourceAnalyzer - INFO - java_parser.py:883 - 메서드 추출 시작: D:\Analyzer\CreateMetaDb\projects\sampleSrc\src\main\java\com\example\mapper\UserMapper.java
2025-09-15 00:17:57,509 - SourceAnalyzer - INFO - java_parser.py:884 - 컴파일된 메서드 패턴 수: 4
2025-09-15 00:17:57,510 - SourceAnalyzer - INFO - java_loading.py:193 - === Java 클래스 저장 시작: D:\Analyzer\CreateMetaDb\projects\sampleSrc\src\main\java\com\example\mapper\UserMapper.java ===
2025-09-15 00:17:57,510 - SourceAnalyzer - INFO - java_loading.py:194 - 저장할 클래스 수: 2개
2025-09-15 00:17:57,510 - SourceAnalyzer - INFO - java_loading.py:212 - 프로젝트 ID: 1, 파일 ID: 25
2025-09-15 00:17:57,510 - SourceAnalyzer - INFO - java_loading.py:244 - === Java 클래스 저장 완료: D:\Analyzer\CreateMetaDb\projects\sampleSrc\src\main\java\com\example\mapper\UserMapper.java ===
2025-09-15 00:17:57,515 - SourceAnalyzer - INFO - java_parser.py:883 - 메서드 추출 시작: D:\Analyzer\CreateMetaDb\projects\sampleSrc\src\main\java\com\example\model\Product.java
2025-09-15 00:17:57,515 - SourceAnalyzer - INFO - java_parser.py:884 - 컴파일된 메서드 패턴 수: 4
2025-09-15 00:17:57,576 - SourceAnalyzer - INFO - java_loading.py:193 - === Java 클래스 저장 시작: D:\Analyzer\CreateMetaDb\projects\sampleSrc\src\main\java\com\example\model\Product.java ===
2025-09-15 00:17:57,577 - SourceAnalyzer - INFO - java_loading.py:194 - 저장할 클래스 수: 2개
2025-09-15 00:17:57,578 - SourceAnalyzer - INFO - java_loading.py:212 - 프로젝트 ID: 1, 파일 ID: 26
2025-09-15 00:17:57,581 - SourceAnalyzer - INFO - java_loading.py:244 - === Java 클래스 저장 완료: D:\Analyzer\CreateMetaDb\projects\sampleSrc\src\main\java\com\example\model\Product.java ===
2025-09-15 00:17:57,581 - SourceAnalyzer - INFO - java_loading.py:745 - 저장할 CALL_METHOD 관계 수: 634개
2025-09-15 00:17:57,602 - SourceAnalyzer - INFO - java_loading.py:804 - CALL_METHOD 관계 저장 완료: 614개
2025-09-15 00:17:57,607 - SourceAnalyzer - INFO - java_parser.py:883 - 메서드 추출 시작: D:\Analyzer\CreateMetaDb\projects\sampleSrc\src\main\java\com\example\model\User.java
2025-09-15 00:17:57,607 - SourceAnalyzer - INFO - java_parser.py:884 - 컴파일된 메서드 패턴 수: 4
2025-09-15 00:17:57,639 - SourceAnalyzer - INFO - java_loading.py:193 - === Java 클래스 저장 시작: D:\Analyzer\CreateMetaDb\projects\sampleSrc\src\main\java\com\example\model\User.java ===
2025-09-15 00:17:57,640 - SourceAnalyzer - INFO - java_loading.py:194 - 저장할 클래스 수: 2개
2025-09-15 00:17:57,642 - SourceAnalyzer - INFO - java_loading.py:212 - 프로젝트 ID: 1, 파일 ID: 27
2025-09-15 00:17:57,644 - SourceAnalyzer - INFO - java_loading.py:244 - === Java 클래스 저장 완료: D:\Analyzer\CreateMetaDb\projects\sampleSrc\src\main\java\com\example\model\User.java ===
2025-09-15 00:17:57,644 - SourceAnalyzer - INFO - java_loading.py:745 - 저장할 CALL_METHOD 관계 수: 318개
2025-09-15 00:17:57,655 - SourceAnalyzer - INFO - java_loading.py:804 - CALL_METHOD 관계 저장 완료: 304개
2025-09-15 00:17:57,657 - SourceAnalyzer - INFO - java_parser.py:883 - 메서드 추출 시작: D:\Analyzer\CreateMetaDb\projects\sampleSrc\src\main\java\com\example\multipleclass\MultipleClassFile.java
2025-09-15 00:17:57,658 - SourceAnalyzer - INFO - java_parser.py:884 - 컴파일된 메서드 패턴 수: 4
2025-09-15 00:17:57,663 - SourceAnalyzer - INFO - java_loading.py:193 - === Java 클래스 저장 시작: D:\Analyzer\CreateMetaDb\projects\sampleSrc\src\main\java\com\example\multipleclass\MultipleClassFile.java ===
2025-09-15 00:17:57,666 - SourceAnalyzer - INFO - java_loading.py:194 - 저장할 클래스 수: 6개
2025-09-15 00:17:57,667 - SourceAnalyzer - INFO - java_loading.py:212 - 프로젝트 ID: 1, 파일 ID: 28
2025-09-15 00:17:57,667 - SourceAnalyzer - INFO - java_loading.py:244 - === Java 클래스 저장 완료: D:\Analyzer\CreateMetaDb\projects\sampleSrc\src\main\java\com\example\multipleclass\MultipleClassFile.java ===
2025-09-15 00:17:57,668 - SourceAnalyzer - INFO - java_loading.py:745 - 저장할 CALL_METHOD 관계 수: 58개
2025-09-15 00:17:57,670 - SourceAnalyzer - INFO - java_loading.py:804 - CALL_METHOD 관계 저장 완료: 46개
2025-09-15 00:17:57,672 - SourceAnalyzer - INFO - java_parser.py:883 - 메서드 추출 시작: D:\Analyzer\CreateMetaDb\projects\sampleSrc\src\main\java\com\example\service\LogicErrorService.java
2025-09-15 00:17:57,672 - SourceAnalyzer - INFO - java_parser.py:884 - 컴파일된 메서드 패턴 수: 4
2025-09-15 00:17:57,677 - SourceAnalyzer - INFO - java_loading.py:193 - === Java 클래스 저장 시작: D:\Analyzer\CreateMetaDb\projects\sampleSrc\src\main\java\com\example\service\LogicErrorService.java ===
2025-09-15 00:17:57,682 - SourceAnalyzer - INFO - java_loading.py:194 - 저장할 클래스 수: 2개
2025-09-15 00:17:57,683 - SourceAnalyzer - INFO - java_loading.py:212 - 프로젝트 ID: 1, 파일 ID: 29
2025-09-15 00:17:57,683 - SourceAnalyzer - INFO - java_loading.py:244 - === Java 클래스 저장 완료: D:\Analyzer\CreateMetaDb\projects\sampleSrc\src\main\java\com\example\service\LogicErrorService.java ===
2025-09-15 00:17:57,684 - SourceAnalyzer - INFO - java_loading.py:663 - 저장할 CALL_QUERY 관계 수: 20개
2025-09-15 00:17:57,685 - SourceAnalyzer - INFO - java_loading.py:717 - CALL_QUERY 관계 저장 완료: 20개
2025-09-15 00:17:57,685 - SourceAnalyzer - INFO - java_loading.py:745 - 저장할 CALL_METHOD 관계 수: 56개
2025-09-15 00:17:57,687 - SourceAnalyzer - INFO - java_loading.py:804 - CALL_METHOD 관계 저장 완료: 50개
2025-09-15 00:17:57,690 - SourceAnalyzer - INFO - java_parser.py:883 - 메서드 추출 시작: D:\Analyzer\CreateMetaDb\projects\sampleSrc\src\main\java\com\example\service\MixedErrorService.java
2025-09-15 00:17:57,690 - SourceAnalyzer - INFO - java_parser.py:884 - 컴파일된 메서드 패턴 수: 4
2025-09-15 00:17:57,701 - SourceAnalyzer - INFO - java_loading.py:193 - === Java 클래스 저장 시작: D:\Analyzer\CreateMetaDb\projects\sampleSrc\src\main\java\com\example\service\MixedErrorService.java ===
2025-09-15 00:17:57,702 - SourceAnalyzer - INFO - java_loading.py:194 - 저장할 클래스 수: 2개
2025-09-15 00:17:57,702 - SourceAnalyzer - INFO - java_loading.py:212 - 프로젝트 ID: 1, 파일 ID: 30
2025-09-15 00:17:57,703 - SourceAnalyzer - INFO - java_loading.py:244 - === Java 클래스 저장 완료: D:\Analyzer\CreateMetaDb\projects\sampleSrc\src\main\java\com\example\service\MixedErrorService.java ===
2025-09-15 00:17:57,703 - SourceAnalyzer - INFO - java_loading.py:663 - 저장할 CALL_QUERY 관계 수: 60개
2025-09-15 00:17:57,706 - SourceAnalyzer - INFO - java_loading.py:717 - CALL_QUERY 관계 저장 완료: 60개
2025-09-15 00:17:57,706 - SourceAnalyzer - INFO - java_loading.py:745 - 저장할 CALL_METHOD 관계 수: 206개
2025-09-15 00:17:57,715 - SourceAnalyzer - INFO - java_loading.py:804 - CALL_METHOD 관계 저장 완료: 198개
2025-09-15 00:17:57,716 - SourceAnalyzer - INFO - java_parser.py:883 - 메서드 추출 시작: D:\Analyzer\CreateMetaDb\projects\sampleSrc\src\main\java\com\example\service\ProductService.java
2025-09-15 00:17:57,717 - SourceAnalyzer - INFO - java_parser.py:884 - 컴파일된 메서드 패턴 수: 4
2025-09-15 00:17:57,717 - SourceAnalyzer - INFO - java_loading.py:193 - === Java 클래스 저장 시작: D:\Analyzer\CreateMetaDb\projects\sampleSrc\src\main\java\com\example\service\ProductService.java ===
2025-09-15 00:17:57,717 - SourceAnalyzer - INFO - java_loading.py:194 - 저장할 클래스 수: 2개
2025-09-15 00:17:57,717 - SourceAnalyzer - INFO - java_loading.py:212 - 프로젝트 ID: 1, 파일 ID: 31
2025-09-15 00:17:57,718 - SourceAnalyzer - INFO - java_loading.py:244 - === Java 클래스 저장 완료: D:\Analyzer\CreateMetaDb\projects\sampleSrc\src\main\java\com\example\service\ProductService.java ===
2025-09-15 00:17:57,727 - SourceAnalyzer - INFO - java_parser.py:883 - 메서드 추출 시작: D:\Analyzer\CreateMetaDb\projects\sampleSrc\src\main\java\com\example\service\ProductServiceImpl.java
2025-09-15 00:17:57,730 - SourceAnalyzer - INFO - java_parser.py:884 - 컴파일된 메서드 패턴 수: 4
2025-09-15 00:17:57,820 - SourceAnalyzer - INFO - java_loading.py:193 - === Java 클래스 저장 시작: D:\Analyzer\CreateMetaDb\projects\sampleSrc\src\main\java\com\example\service\ProductServiceImpl.java ===
2025-09-15 00:17:57,821 - SourceAnalyzer - INFO - java_loading.py:194 - 저장할 클래스 수: 2개
2025-09-15 00:17:57,822 - SourceAnalyzer - INFO - java_loading.py:212 - 프로젝트 ID: 1, 파일 ID: 32
2025-09-15 00:17:57,824 - SourceAnalyzer - INFO - java_loading.py:244 - === Java 클래스 저장 완료: D:\Analyzer\CreateMetaDb\projects\sampleSrc\src\main\java\com\example\service\ProductServiceImpl.java ===
2025-09-15 00:17:57,824 - SourceAnalyzer - INFO - java_loading.py:663 - 저장할 CALL_QUERY 관계 수: 88개
2025-09-15 00:17:57,828 - SourceAnalyzer - INFO - java_loading.py:717 - CALL_QUERY 관계 저장 완료: 88개
2025-09-15 00:17:57,828 - SourceAnalyzer - INFO - java_loading.py:745 - 저장할 CALL_METHOD 관계 수: 1352개
2025-09-15 00:17:57,877 - SourceAnalyzer - INFO - java_loading.py:804 - CALL_METHOD 관계 저장 완료: 1313개
2025-09-15 00:17:57,879 - SourceAnalyzer - INFO - java_parser.py:883 - 메서드 추출 시작: D:\Analyzer\CreateMetaDb\projects\sampleSrc\src\main\java\com\example\service\UserService.java
2025-09-15 00:17:57,879 - SourceAnalyzer - INFO - java_parser.py:884 - 컴파일된 메서드 패턴 수: 4
2025-09-15 00:17:57,879 - SourceAnalyzer - INFO - java_loading.py:193 - === Java 클래스 저장 시작: D:\Analyzer\CreateMetaDb\projects\sampleSrc\src\main\java\com\example\service\UserService.java ===
2025-09-15 00:17:57,880 - SourceAnalyzer - INFO - java_loading.py:194 - 저장할 클래스 수: 2개
2025-09-15 00:17:57,880 - SourceAnalyzer - INFO - java_loading.py:212 - 프로젝트 ID: 1, 파일 ID: 33
2025-09-15 00:17:57,880 - SourceAnalyzer - INFO - java_loading.py:244 - === Java 클래스 저장 완료: D:\Analyzer\CreateMetaDb\projects\sampleSrc\src\main\java\com\example\service\UserService.java ===
2025-09-15 00:17:57,887 - SourceAnalyzer - INFO - java_parser.py:883 - 메서드 추출 시작: D:\Analyzer\CreateMetaDb\projects\sampleSrc\src\main\java\com\example\service\UserServiceImpl.java
2025-09-15 00:17:57,887 - SourceAnalyzer - INFO - java_parser.py:884 - 컴파일된 메서드 패턴 수: 4
2025-09-15 00:17:57,955 - SourceAnalyzer - INFO - java_loading.py:193 - === Java 클래스 저장 시작: D:\Analyzer\CreateMetaDb\projects\sampleSrc\src\main\java\com\example\service\UserServiceImpl.java ===
2025-09-15 00:17:57,956 - SourceAnalyzer - INFO - java_loading.py:194 - 저장할 클래스 수: 2개
2025-09-15 00:17:57,957 - SourceAnalyzer - INFO - java_loading.py:212 - 프로젝트 ID: 1, 파일 ID: 34
2025-09-15 00:17:57,959 - SourceAnalyzer - INFO - java_loading.py:244 - === Java 클래스 저장 완료: D:\Analyzer\CreateMetaDb\projects\sampleSrc\src\main\java\com\example\service\UserServiceImpl.java ===
2025-09-15 00:17:57,959 - SourceAnalyzer - INFO - java_loading.py:663 - 저장할 CALL_QUERY 관계 수: 52개
2025-09-15 00:17:57,961 - SourceAnalyzer - INFO - java_loading.py:717 - CALL_QUERY 관계 저장 완료: 52개
2025-09-15 00:17:57,961 - SourceAnalyzer - INFO - java_loading.py:745 - 저장할 CALL_METHOD 관계 수: 1209개
2025-09-15 00:17:58,012 - SourceAnalyzer - INFO - java_loading.py:804 - CALL_METHOD 관계 저장 완료: 1171개
2025-09-15 00:17:58,012 - SourceAnalyzer - INFO - java_loading.py:1327 - === Java 로딩 통계 (4~5단계 통합) ===
2025-09-15 00:17:58,013 - SourceAnalyzer - INFO - java_loading.py:1328 - 처리된 Java 파일: 30개
2025-09-15 00:17:58,014 - SourceAnalyzer - INFO - java_loading.py:1329 - 추출된 클래스: 70개
2025-09-15 00:17:58,014 - SourceAnalyzer - INFO - java_loading.py:1330 - 추출된 메서드: 528개
2025-09-15 00:17:58,014 - SourceAnalyzer - INFO - java_loading.py:1331 - 생성된 컴포넌트: 528개
2025-09-15 00:17:58,014 - SourceAnalyzer - INFO - java_loading.py:1332 - 생성된 상속 관계: 2개
2025-09-15 00:17:58,014 - SourceAnalyzer - INFO - java_loading.py:1333 - 생성된 CALL_QUERY 관계: 221개
2025-09-15 00:17:58,014 - SourceAnalyzer - INFO - java_loading.py:1334 - 생성된 CALL_METHOD 관계: 5049개
2025-09-15 00:17:58,015 - SourceAnalyzer - INFO - java_loading.py:1335 - 생성된 USE_TABLE 관계: 0개
2025-09-15 00:17:58,015 - SourceAnalyzer - INFO - java_loading.py:1336 - 비즈니스 로직 메서드: 114개
2025-09-15 00:17:58,015 - SourceAnalyzer - INFO - java_loading.py:1337 - 처리 시간: 0.79초
2025-09-15 00:17:58,015 - SourceAnalyzer - INFO - java_loading.py:1338 - 오류 발생: 0개
2025-09-15 00:17:58,015 - SourceAnalyzer - INFO - java_loading.py:169 - === Java 로딩 완료 ===
2025-09-15 00:17:58,016 - SourceAnalyzer - INFO - main.py:153 - 4단계 완료: Java 소스코드 분석 및 관계 생성
2025-09-15 00:17:58,016 - SourceAnalyzer - INFO - main.py:159 - 5단계 실행: JSP 파일 분석 및 컴포넌트 등록 (Phase 1 MVP)
2025-09-15 00:17:58,019 - SourceAnalyzer - INFO - jsp_parser.py:50 - JSP 파서 초기화 완료: D:\Analyzer\CreateMetaDb\config\parser\jsp_keyword.yaml
2025-09-15 00:17:58,019 - SourceAnalyzer - INFO - jsp_loading.py:67 - === JSP 로딩 시작: 5단계 Phase 1 MVP ===
2025-09-15 00:17:58,047 - SourceAnalyzer - INFO - jsp_parser.py:86 - JSP 파일 수집 완료: 9개
2025-09-15 00:17:58,047 - SourceAnalyzer - INFO - jsp_loading.py:81 - 처리할 JSP 파일 수: 9개
2025-09-15 00:17:58,047 - SourceAnalyzer - INFO - jsp_loading.py:316 - JSP 파일 ID 조회 성공: src\test.jsp (filename: test.jsp) -> 3
2025-09-15 00:17:58,048 - SourceAnalyzer - INFO - jsp_loading.py:89 - 현재 처리 중인 JSP 파일: D:\Analyzer\CreateMetaDb\projects\sampleSrc\src\test.jsp, current_file_id: 3
2025-09-15 00:17:58,049 - SourceAnalyzer - INFO - jsp_parser.py:215 - JSP test.jsp에서 14개 메서드 호출 발견
2025-09-15 00:17:58,049 - SourceAnalyzer - INFO - jsp_parser.py:584 - JSP test.jsp에서 4개 JSP 관계 발견
2025-09-15 00:17:58,051 - SourceAnalyzer - INFO - jsp_parser.py:971 - JSP test.jsp에서 25개 고도화 관계 발견
2025-09-15 00:17:58,052 - SourceAnalyzer - INFO - jsp_loading.py:164 - JSP 컴포넌트 생성 시도: test.jsp, current_file_id: 3
2025-09-15 00:17:58,052 - SourceAnalyzer - INFO - jsp_loading.py:191 - JSP 컴포넌트 배치 저장 완료: 1개
2025-09-15 00:17:58,053 - SourceAnalyzer - INFO - jsp_loading.py:316 - JSP 파일 ID 조회 성공: src\main\webapp\error\syntaxError.jsp (filename: syntaxError.jsp) -> 40
2025-09-15 00:17:58,053 - SourceAnalyzer - INFO - jsp_loading.py:89 - 현재 처리 중인 JSP 파일: D:\Analyzer\CreateMetaDb\projects\sampleSrc\src\main\webapp\error\syntaxError.jsp, current_file_id: 40
2025-09-15 00:17:58,053 - SourceAnalyzer - INFO - jsp_parser.py:215 - JSP syntaxError.jsp에서 5개 메서드 호출 발견
2025-09-15 00:17:58,054 - SourceAnalyzer - INFO - jsp_parser.py:584 - JSP syntaxError.jsp에서 0개 JSP 관계 발견
2025-09-15 00:17:58,054 - SourceAnalyzer - INFO - jsp_parser.py:971 - JSP syntaxError.jsp에서 14개 고도화 관계 발견
2025-09-15 00:17:58,054 - SourceAnalyzer - INFO - jsp_loading.py:164 - JSP 컴포넌트 생성 시도: syntaxError.jsp, current_file_id: 40
2025-09-15 00:17:58,054 - SourceAnalyzer - INFO - jsp_loading.py:191 - JSP 컴포넌트 배치 저장 완료: 1개
2025-09-15 00:17:58,055 - SourceAnalyzer - INFO - jsp_loading.py:316 - JSP 파일 ID 조회 성공: src\main\webapp\mixed\partialError.jsp (filename: partialError.jsp) -> 41
2025-09-15 00:17:58,055 - SourceAnalyzer - INFO - jsp_loading.py:89 - 현재 처리 중인 JSP 파일: D:\Analyzer\CreateMetaDb\projects\sampleSrc\src\main\webapp\mixed\partialError.jsp, current_file_id: 41
2025-09-15 00:17:58,055 - SourceAnalyzer - INFO - jsp_parser.py:215 - JSP partialError.jsp에서 5개 메서드 호출 발견
2025-09-15 00:17:58,056 - SourceAnalyzer - INFO - jsp_parser.py:584 - JSP partialError.jsp에서 0개 JSP 관계 발견
2025-09-15 00:17:58,056 - SourceAnalyzer - INFO - jsp_parser.py:971 - JSP partialError.jsp에서 15개 고도화 관계 발견
2025-09-15 00:17:58,056 - SourceAnalyzer - INFO - jsp_loading.py:164 - JSP 컴포넌트 생성 시도: partialError.jsp, current_file_id: 41
2025-09-15 00:17:58,056 - SourceAnalyzer - INFO - jsp_loading.py:191 - JSP 컴포넌트 배치 저장 완료: 1개
2025-09-15 00:17:58,057 - SourceAnalyzer - INFO - jsp_loading.py:316 - JSP 파일 ID 조회 성공: src\main\webapp\product\list.jsp (filename: list.jsp) -> 42
2025-09-15 00:17:58,067 - SourceAnalyzer - INFO - jsp_loading.py:89 - 현재 처리 중인 JSP 파일: D:\Analyzer\CreateMetaDb\projects\sampleSrc\src\main\webapp\product\list.jsp, current_file_id: 42
2025-09-15 00:17:58,068 - SourceAnalyzer - INFO - jsp_parser.py:215 - JSP list.jsp에서 0개 메서드 호출 발견
2025-09-15 00:17:58,068 - SourceAnalyzer - INFO - jsp_parser.py:584 - JSP list.jsp에서 0개 JSP 관계 발견
2025-09-15 00:17:58,069 - SourceAnalyzer - INFO - jsp_parser.py:971 - JSP list.jsp에서 16개 고도화 관계 발견
2025-09-15 00:17:58,069 - SourceAnalyzer - INFO - jsp_loading.py:164 - JSP 컴포넌트 생성 시도: list.jsp, current_file_id: 42
2025-09-15 00:17:58,069 - SourceAnalyzer - INFO - jsp_loading.py:191 - JSP 컴포넌트 배치 저장 완료: 1개
2025-09-15 00:17:58,069 - SourceAnalyzer - INFO - jsp_loading.py:316 - JSP 파일 ID 조회 성공: src\main\webapp\product\searchResult.jsp (filename: searchResult.jsp) -> 43
2025-09-15 00:17:58,069 - SourceAnalyzer - INFO - jsp_loading.py:89 - 현재 처리 중인 JSP 파일: D:\Analyzer\CreateMetaDb\projects\sampleSrc\src\main\webapp\product\searchResult.jsp, current_file_id: 43
2025-09-15 00:17:58,070 - SourceAnalyzer - INFO - jsp_parser.py:215 - JSP searchResult.jsp에서 0개 메서드 호출 발견
2025-09-15 00:17:58,070 - SourceAnalyzer - INFO - jsp_parser.py:584 - JSP searchResult.jsp에서 0개 JSP 관계 발견
2025-09-15 00:17:58,071 - SourceAnalyzer - INFO - jsp_parser.py:971 - JSP searchResult.jsp에서 27개 고도화 관계 발견
2025-09-15 00:17:58,071 - SourceAnalyzer - INFO - jsp_loading.py:164 - JSP 컴포넌트 생성 시도: searchResult.jsp, current_file_id: 43
2025-09-15 00:17:58,071 - SourceAnalyzer - INFO - jsp_loading.py:191 - JSP 컴포넌트 배치 저장 완료: 1개
2025-09-15 00:17:58,071 - SourceAnalyzer - INFO - jsp_loading.py:316 - JSP 파일 ID 조회 성공: src\main\webapp\user\error.jsp (filename: error.jsp) -> 44
2025-09-15 00:17:58,071 - SourceAnalyzer - INFO - jsp_loading.py:89 - 현재 처리 중인 JSP 파일: D:\Analyzer\CreateMetaDb\projects\sampleSrc\src\main\webapp\user\error.jsp, current_file_id: 44
2025-09-15 00:17:58,072 - SourceAnalyzer - INFO - jsp_parser.py:215 - JSP error.jsp에서 0개 메서드 호출 발견
2025-09-15 00:17:58,072 - SourceAnalyzer - INFO - jsp_parser.py:584 - JSP error.jsp에서 0개 JSP 관계 발견
2025-09-15 00:17:58,073 - SourceAnalyzer - INFO - jsp_parser.py:971 - JSP error.jsp에서 19개 고도화 관계 발견
2025-09-15 00:17:58,073 - SourceAnalyzer - INFO - jsp_loading.py:164 - JSP 컴포넌트 생성 시도: error.jsp, current_file_id: 44
2025-09-15 00:17:58,073 - SourceAnalyzer - INFO - jsp_loading.py:191 - JSP 컴포넌트 배치 저장 완료: 1개
2025-09-15 00:17:58,073 - SourceAnalyzer - INFO - jsp_loading.py:316 - JSP 파일 ID 조회 성공: src\main\webapp\user\list.jsp (filename: list.jsp) -> 42
2025-09-15 00:17:58,074 - SourceAnalyzer - INFO - jsp_loading.py:89 - 현재 처리 중인 JSP 파일: D:\Analyzer\CreateMetaDb\projects\sampleSrc\src\main\webapp\user\list.jsp, current_file_id: 42
2025-09-15 00:17:58,074 - SourceAnalyzer - INFO - jsp_parser.py:215 - JSP list.jsp에서 0개 메서드 호출 발견
2025-09-15 00:17:58,075 - SourceAnalyzer - INFO - jsp_parser.py:584 - JSP list.jsp에서 0개 JSP 관계 발견
2025-09-15 00:17:58,076 - SourceAnalyzer - INFO - jsp_parser.py:971 - JSP list.jsp에서 56개 고도화 관계 발견
2025-09-15 00:17:58,076 - SourceAnalyzer - INFO - jsp_loading.py:164 - JSP 컴포넌트 생성 시도: list.jsp, current_file_id: 42
2025-09-15 00:17:58,076 - SourceAnalyzer - INFO - jsp_loading.py:191 - JSP 컴포넌트 배치 저장 완료: 1개
2025-09-15 00:17:58,077 - SourceAnalyzer - INFO - jsp_loading.py:316 - JSP 파일 ID 조회 성공: src\main\webapp\user\searchResult.jsp (filename: searchResult.jsp) -> 43
2025-09-15 00:17:58,077 - SourceAnalyzer - INFO - jsp_loading.py:89 - 현재 처리 중인 JSP 파일: D:\Analyzer\CreateMetaDb\projects\sampleSrc\src\main\webapp\user\searchResult.jsp, current_file_id: 43
2025-09-15 00:17:58,077 - SourceAnalyzer - INFO - jsp_parser.py:215 - JSP searchResult.jsp에서 0개 메서드 호출 발견
2025-09-15 00:17:58,077 - SourceAnalyzer - INFO - jsp_parser.py:584 - JSP searchResult.jsp에서 0개 JSP 관계 발견
2025-09-15 00:17:58,078 - SourceAnalyzer - INFO - jsp_parser.py:971 - JSP searchResult.jsp에서 32개 고도화 관계 발견
2025-09-15 00:17:58,078 - SourceAnalyzer - INFO - jsp_loading.py:164 - JSP 컴포넌트 생성 시도: searchResult.jsp, current_file_id: 43
2025-09-15 00:17:58,079 - SourceAnalyzer - INFO - jsp_loading.py:191 - JSP 컴포넌트 배치 저장 완료: 1개
2025-09-15 00:17:58,079 - SourceAnalyzer - INFO - jsp_loading.py:316 - JSP 파일 ID 조회 성공: src\main\webapp\user\typeList.jsp (filename: typeList.jsp) -> 47
2025-09-15 00:17:58,079 - SourceAnalyzer - INFO - jsp_loading.py:89 - 현재 처리 중인 JSP 파일: D:\Analyzer\CreateMetaDb\projects\sampleSrc\src\main\webapp\user\typeList.jsp, current_file_id: 47
2025-09-15 00:17:58,079 - SourceAnalyzer - INFO - jsp_parser.py:215 - JSP typeList.jsp에서 0개 메서드 호출 발견
2025-09-15 00:17:58,080 - SourceAnalyzer - INFO - jsp_parser.py:584 - JSP typeList.jsp에서 0개 JSP 관계 발견
2025-09-15 00:17:58,080 - SourceAnalyzer - INFO - jsp_parser.py:971 - JSP typeList.jsp에서 26개 고도화 관계 발견
2025-09-15 00:17:58,081 - SourceAnalyzer - INFO - jsp_loading.py:164 - JSP 컴포넌트 생성 시도: typeList.jsp, current_file_id: 47
2025-09-15 00:17:58,081 - SourceAnalyzer - INFO - jsp_loading.py:191 - JSP 컴포넌트 배치 저장 완료: 1개
2025-09-15 00:17:58,081 - SourceAnalyzer - INFO - jsp_loading.py:446 - === JSP 로딩 통계 ===
2025-09-15 00:17:58,081 - SourceAnalyzer - INFO - jsp_loading.py:447 - 처리된 JSP 파일: 9개
2025-09-15 00:17:58,081 - SourceAnalyzer - INFO - jsp_loading.py:448 - 생성된 JSP 컴포넌트: 9개
2025-09-15 00:17:58,082 - SourceAnalyzer - INFO - jsp_loading.py:449 - 생성된 JSP → METHOD 관계: 24개
2025-09-15 00:17:58,082 - SourceAnalyzer - INFO - jsp_loading.py:450 - 오류 발생: 0개
2025-09-15 00:17:58,082 - SourceAnalyzer - INFO - jsp_loading.py:451 - 처리 시간: 0.06초
2025-09-15 00:17:58,082 - SourceAnalyzer - INFO - jsp_loading.py:452 - ==================
2025-09-15 00:17:58,082 - SourceAnalyzer - INFO - jsp_loading.py:127 - === JSP 로딩 완료: 5단계 Phase 1 MVP ===
2025-09-15 00:17:58,082 - SourceAnalyzer - INFO - main.py:167 - 5단계 완료: JSP 파일 분석 및 컴포넌트 등록 (Phase 1 MVP)
2025-09-15 00:17:58,083 - SourceAnalyzer - INFO - main.py:172 - 1-5단계 테스트 완료
