2025-09-14 15:34:20,379 - SourceAnalyzer - INFO - main.py:17 - Recursion limit set to: 50
2025-09-14 15:34:20,379 - SourceAnalyzer - INFO - main.py:24 - SourceAnalyzer 시작
2025-09-14 15:34:20,387 - SourceAnalyzer - INFO - main.py:35 - 분석 대상 프로젝트: sampleSrc
2025-09-14 15:34:20,388 - SourceAnalyzer - INFO - main.py:52 - 분석 옵션:
2025-09-14 15:34:20,388 - SourceAnalyzer - INFO - main.py:53 -   - 메타데이터베이스 초기화: False
2025-09-14 15:34:20,388 - SourceAnalyzer - INFO - main.py:54 -   - 상세 로그: False
2025-09-14 15:34:20,388 - SourceAnalyzer - INFO - main.py:55 -   - 출력 형식: html
2025-09-14 15:34:20,388 - SourceAnalyzer - INFO - main.py:56 -   - 드라이런 모드: False
2025-09-14 15:34:20,389 - SourceAnalyzer - INFO - main.py:57 -   - 강제 실행: False
2025-09-14 15:34:20,392 - SourceAnalyzer - INFO - main.py:66 - 1단계 실행: 파일 정보 저장 (프로젝트 전체 스캔)
2025-09-14 15:34:20,393 - SourceAnalyzer - INFO - file_loading.py:1123 - === 파일 스캔 시작: 파일 정보 저장 ===
2025-09-14 15:34:20,395 - SourceAnalyzer - INFO - file_loading.py:86 - 메타데이터베이스 초기화 완료: D:\Analyzer\CreateMetaDb\projects\sampleSrc\metadata.db
2025-09-14 15:34:20,397 - SourceAnalyzer - INFO - file_loading.py:142 - 프로젝트 파일 스캔 시작: D:\Analyzer\CreateMetaDb\projects\sampleSrc
2025-09-14 15:34:20,625 - SourceAnalyzer - INFO - file_loading.py:183 - 파일 스캔 완료: 총 46개 파일
2025-09-14 15:34:20,627 - SourceAnalyzer - INFO - file_loading.py:470 - 파일 정보 저장 완료: 46개 파일
2025-09-14 15:34:20,627 - SourceAnalyzer - INFO - file_loading.py:1209 - === 파일 스캔 통계 ===
2025-09-14 15:34:20,627 - SourceAnalyzer - INFO - file_loading.py:1210 - 총 파일 수: 46
2025-09-14 15:34:20,627 - SourceAnalyzer - INFO - file_loading.py:1211 - 성공 스캔: 46
2025-09-14 15:34:20,628 - SourceAnalyzer - INFO - file_loading.py:1212 - 오류 파일: 0
2025-09-14 15:34:20,628 - SourceAnalyzer - INFO - file_loading.py:1213 - Java 파일: 30
2025-09-14 15:34:20,628 - SourceAnalyzer - INFO - file_loading.py:1214 - XML 파일: 6
2025-09-14 15:34:20,628 - SourceAnalyzer - INFO - file_loading.py:1215 - JSP 파일: 8
2025-09-14 15:34:20,628 - SourceAnalyzer - INFO - file_loading.py:1216 - SQL 파일: 0
2025-09-14 15:34:20,628 - SourceAnalyzer - INFO - file_loading.py:1217 - CSV 파일: 2
2025-09-14 15:34:20,629 - SourceAnalyzer - INFO - file_loading.py:1218 - 기타 파일: 0
2025-09-14 15:34:20,629 - SourceAnalyzer - INFO - file_loading.py:1146 - === 파일 스캔 완료 ===
2025-09-14 15:34:20,631 - SourceAnalyzer - INFO - main.py:80 - 1단계 완료: 파일 정보 저장
2025-09-14 15:34:20,634 - SourceAnalyzer - INFO - main.py:99 - 전역 프로젝트 정보 설정: sampleSrc (ID: 1)
2025-09-14 15:34:20,634 - SourceAnalyzer - INFO - main.py:109 - 2단계 실행: 데이터베이스 구조 저장 및 컴포넌트 생성
2025-09-14 15:34:20,634 - SourceAnalyzer - INFO - file_loading.py:1165 - === 데이터베이스 로딩 시작: 데이터베이스 구조 저장 ===
2025-09-14 15:34:20,635 - SourceAnalyzer - INFO - file_utils.py:54 - 인코딩 문제 감지, 다른 인코딩으로 재시도: ALL_TABLES.csv
2025-09-14 15:34:20,636 - SourceAnalyzer - INFO - file_loading.py:542 - CSV 파일 로드 완료: D:\Analyzer\CreateMetaDb\projects\sampleSrc\db_schema\ALL_TABLES.csv, 16개 행
2025-09-14 15:34:20,637 - SourceAnalyzer - INFO - file_loading.py:638 - 테이블 정보 저장 완료: 16개 테이블 (오류: 0개)
2025-09-14 15:34:20,638 - SourceAnalyzer - INFO - file_utils.py:54 - 인코딩 문제 감지, 다른 인코딩으로 재시도: ALL_TAB_COLUMNS.csv
2025-09-14 15:34:20,638 - SourceAnalyzer - INFO - file_loading.py:542 - CSV 파일 로드 완료: D:\Analyzer\CreateMetaDb\projects\sampleSrc\db_schema\ALL_TAB_COLUMNS.csv, 91개 행
2025-09-14 15:34:20,640 - SourceAnalyzer - INFO - file_loading.py:755 - 컬럼 정보 저장 완료: 91개 컬럼 (오류: 0개)
2025-09-14 15:34:20,640 - SourceAnalyzer - INFO - file_loading.py:821 - 테이블 컴포넌트 생성 완료: 40개
2025-09-14 15:34:20,643 - SourceAnalyzer - INFO - file_loading.py:900 - 컬럼 컴포넌트 생성 완료: 112개
2025-09-14 15:34:20,653 - SourceAnalyzer - INFO - file_loading.py:957 - 컬럼 component_id 업데이트 완료: 112개
2025-09-14 15:34:20,653 - SourceAnalyzer - INFO - file_loading.py:1222 - === 데이터베이스 구조 저장 통계 ===
2025-09-14 15:34:20,654 - SourceAnalyzer - INFO - file_loading.py:1223 - 테이블 로드: 16 (오류: 0)
2025-09-14 15:34:20,654 - SourceAnalyzer - INFO - file_loading.py:1224 - 컬럼 로드: 91 (오류: 0)
2025-09-14 15:34:20,654 - SourceAnalyzer - INFO - file_loading.py:1225 - 컴포넌트 생성: 152 (오류: 0)
2025-09-14 15:34:20,654 - SourceAnalyzer - INFO - file_loading.py:1226 - inferred 컬럼 생성: 0
2025-09-14 15:34:20,654 - SourceAnalyzer - INFO - file_loading.py:1235 - 오류 없이 완료
2025-09-14 15:34:20,654 - SourceAnalyzer - INFO - file_loading.py:1196 - === 데이터베이스 로딩 완료 ===
2025-09-14 15:34:20,655 - SourceAnalyzer - INFO - main.py:116 - 2단계 완료: 데이터베이스 구조 저장 및 컴포넌트 생성
2025-09-14 15:34:20,655 - SourceAnalyzer - INFO - main.py:122 - 3단계 실행: XML 파일 분석 및 SQL 컴포넌트 등록 + JOIN 관계 분석
2025-09-14 15:34:20,693 - SourceAnalyzer - INFO - sql_content_manager.py:63 - SQL Content 데이터베이스 초기화 완료: D:\Analyzer\CreateMetaDb\projects\sampleSrc\SqlContent.db
2025-09-14 15:34:20,693 - SourceAnalyzer - INFO - xml_loading.py:70 - === XML 로딩 시작: 3~4단계 통합 처리 ===
2025-09-14 15:34:20,701 - SourceAnalyzer - INFO - xml_parser.py:138 - MyBatis XML 파일 수집 완료: 6개
2025-09-14 15:34:20,701 - SourceAnalyzer - INFO - xml_parser.py:177 - DOM 기반 파싱 실패 또는 결과 없음, SAX 파서로 Fallback: D:\Analyzer\CreateMetaDb\projects\sampleSrc\src\com\example\dynamicquery\UserMapper.xml
2025-09-14 15:34:20,728 - SourceAnalyzer - WARNING - sax_fallback_parser.py:253 - SAX 파싱 중 예상치 못한 오류: D:\Analyzer\CreateMetaDb\projects\sampleSrc\src\com\example\dynamicquery\UserMapper.xml - maximum recursion depth exceeded
2025-09-14 15:34:20,728 - SourceAnalyzer - INFO - xml_parser.py:196 - SAX 파싱 오류 메시지: SAX 파싱 중 예상치 못한 오류: D:\Analyzer\CreateMetaDb\projects\sampleSrc\src\com\example\dynamicquery\UserMapper.xml - maximum recursion depth exceeded
2025-09-14 15:34:20,730 - SourceAnalyzer - INFO - xml_parser.py:199 - 정규식 기반 파서로 최종 Fallback: D:\Analyzer\CreateMetaDb\projects\sampleSrc\src\com\example\dynamicquery\UserMapper.xml
2025-09-14 15:34:20,754 - SourceAnalyzer - INFO - xml_loading.py:167 - === XML 로딩 엔진: SQL 컴포넌트 저장 시작 ===
2025-09-14 15:34:20,754 - SourceAnalyzer - INFO - xml_loading.py:168 - 전달받은 SQL 쿼리 수: 8개
2025-09-14 15:34:20,756 - SourceAnalyzer - INFO - xml_loading.py:176 - XML에서 추출된 SQL 쿼리 타입별 통계: {'select': 8}
2025-09-14 15:34:20,756 - SourceAnalyzer - INFO - xml_loading.py:188 - 프로젝트 ID: 1
2025-09-14 15:34:20,757 - SourceAnalyzer - INFO - xml_loading.py:288 - JOIN 관계 저장 완료: 6개
2025-09-14 15:34:20,757 - SourceAnalyzer - INFO - xml_parser.py:177 - DOM 기반 파싱 실패 또는 결과 없음, SAX 파서로 Fallback: D:\Analyzer\CreateMetaDb\projects\sampleSrc\src\main\resources\mybatis\mapper\ImplicitJoinMapper.xml
2025-09-14 15:34:20,776 - SourceAnalyzer - WARNING - sax_fallback_parser.py:253 - SAX 파싱 중 예상치 못한 오류: D:\Analyzer\CreateMetaDb\projects\sampleSrc\src\main\resources\mybatis\mapper\ImplicitJoinMapper.xml - maximum recursion depth exceeded
2025-09-14 15:34:20,777 - SourceAnalyzer - INFO - xml_parser.py:196 - SAX 파싱 오류 메시지: SAX 파싱 중 예상치 못한 오류: D:\Analyzer\CreateMetaDb\projects\sampleSrc\src\main\resources\mybatis\mapper\ImplicitJoinMapper.xml - maximum recursion depth exceeded
2025-09-14 15:34:20,777 - SourceAnalyzer - INFO - xml_parser.py:199 - 정규식 기반 파서로 최종 Fallback: D:\Analyzer\CreateMetaDb\projects\sampleSrc\src\main\resources\mybatis\mapper\ImplicitJoinMapper.xml
2025-09-14 15:34:20,795 - SourceAnalyzer - INFO - xml_loading.py:167 - === XML 로딩 엔진: SQL 컴포넌트 저장 시작 ===
2025-09-14 15:34:20,795 - SourceAnalyzer - INFO - xml_loading.py:168 - 전달받은 SQL 쿼리 수: 5개
2025-09-14 15:34:20,796 - SourceAnalyzer - INFO - xml_loading.py:176 - XML에서 추출된 SQL 쿼리 타입별 통계: {'select': 5}
2025-09-14 15:34:20,796 - SourceAnalyzer - INFO - xml_loading.py:188 - 프로젝트 ID: 1
2025-09-14 15:34:20,797 - SourceAnalyzer - INFO - xml_loading.py:288 - JOIN 관계 저장 완료: 10개
2025-09-14 15:34:20,797 - SourceAnalyzer - INFO - xml_parser.py:177 - DOM 기반 파싱 실패 또는 결과 없음, SAX 파서로 Fallback: D:\Analyzer\CreateMetaDb\projects\sampleSrc\src\main\resources\mybatis\mapper\ImplicitJoinTestMapper.xml
2025-09-14 15:34:20,817 - SourceAnalyzer - WARNING - sax_fallback_parser.py:253 - SAX 파싱 중 예상치 못한 오류: D:\Analyzer\CreateMetaDb\projects\sampleSrc\src\main\resources\mybatis\mapper\ImplicitJoinTestMapper.xml - maximum recursion depth exceeded
2025-09-14 15:34:20,817 - SourceAnalyzer - INFO - xml_parser.py:196 - SAX 파싱 오류 메시지: SAX 파싱 중 예상치 못한 오류: D:\Analyzer\CreateMetaDb\projects\sampleSrc\src\main\resources\mybatis\mapper\ImplicitJoinTestMapper.xml - maximum recursion depth exceeded
2025-09-14 15:34:20,817 - SourceAnalyzer - INFO - xml_parser.py:199 - 정규식 기반 파서로 최종 Fallback: D:\Analyzer\CreateMetaDb\projects\sampleSrc\src\main\resources\mybatis\mapper\ImplicitJoinTestMapper.xml
2025-09-14 15:34:20,818 - SourceAnalyzer - WARNING - xml_parser.py:329 - XML 파싱 오류: D:\Analyzer\CreateMetaDb\projects\sampleSrc\src\main\resources\mybatis\mapper\ImplicitJoinTestMapper.xml - not well-formed (invalid token): line 190, column 37
2025-09-14 15:34:20,821 - SourceAnalyzer - WARNING - xml_loading.py:101 - XML 파싱 에러로 건너뜀: D:\Analyzer\CreateMetaDb\projects\sampleSrc\src\main\resources\mybatis\mapper\ImplicitJoinTestMapper.xml - XML 파싱 오류: not well-formed (invalid token): line 190, column 37
2025-09-14 15:34:20,822 - SourceAnalyzer - INFO - xml_parser.py:177 - DOM 기반 파싱 실패 또는 결과 없음, SAX 파서로 Fallback: D:\Analyzer\CreateMetaDb\projects\sampleSrc\src\main\resources\mybatis\mapper\MixedErrorMapper.xml
2025-09-14 15:34:20,839 - SourceAnalyzer - WARNING - sax_fallback_parser.py:253 - SAX 파싱 중 예상치 못한 오류: D:\Analyzer\CreateMetaDb\projects\sampleSrc\src\main\resources\mybatis\mapper\MixedErrorMapper.xml - maximum recursion depth exceeded
2025-09-14 15:34:20,840 - SourceAnalyzer - INFO - xml_parser.py:196 - SAX 파싱 오류 메시지: SAX 파싱 중 예상치 못한 오류: D:\Analyzer\CreateMetaDb\projects\sampleSrc\src\main\resources\mybatis\mapper\MixedErrorMapper.xml - maximum recursion depth exceeded
2025-09-14 15:34:20,840 - SourceAnalyzer - INFO - xml_parser.py:199 - 정규식 기반 파서로 최종 Fallback: D:\Analyzer\CreateMetaDb\projects\sampleSrc\src\main\resources\mybatis\mapper\MixedErrorMapper.xml
2025-09-14 15:34:20,854 - SourceAnalyzer - INFO - xml_loading.py:167 - === XML 로딩 엔진: SQL 컴포넌트 저장 시작 ===
2025-09-14 15:34:20,854 - SourceAnalyzer - INFO - xml_loading.py:168 - 전달받은 SQL 쿼리 수: 12개
2025-09-14 15:34:20,854 - SourceAnalyzer - INFO - xml_loading.py:176 - XML에서 추출된 SQL 쿼리 타입별 통계: {'select': 9, 'insert': 1, 'update': 1, 'delete': 1}
2025-09-14 15:34:20,854 - SourceAnalyzer - INFO - xml_loading.py:188 - 프로젝트 ID: 1
2025-09-14 15:34:20,855 - SourceAnalyzer - INFO - xml_loading.py:288 - JOIN 관계 저장 완료: 4개
2025-09-14 15:34:20,855 - SourceAnalyzer - INFO - xml_parser.py:177 - DOM 기반 파싱 실패 또는 결과 없음, SAX 파서로 Fallback: D:\Analyzer\CreateMetaDb\projects\sampleSrc\src\main\resources\mybatis\mapper\ProductMapper.xml
2025-09-14 15:34:20,873 - SourceAnalyzer - WARNING - sax_fallback_parser.py:253 - SAX 파싱 중 예상치 못한 오류: D:\Analyzer\CreateMetaDb\projects\sampleSrc\src\main\resources\mybatis\mapper\ProductMapper.xml - maximum recursion depth exceeded
2025-09-14 15:34:20,874 - SourceAnalyzer - INFO - xml_parser.py:196 - SAX 파싱 오류 메시지: SAX 파싱 중 예상치 못한 오류: D:\Analyzer\CreateMetaDb\projects\sampleSrc\src\main\resources\mybatis\mapper\ProductMapper.xml - maximum recursion depth exceeded
2025-09-14 15:34:20,874 - SourceAnalyzer - INFO - xml_parser.py:199 - 정규식 기반 파서로 최종 Fallback: D:\Analyzer\CreateMetaDb\projects\sampleSrc\src\main\resources\mybatis\mapper\ProductMapper.xml
2025-09-14 15:34:20,887 - SourceAnalyzer - INFO - xml_loading.py:167 - === XML 로딩 엔진: SQL 컴포넌트 저장 시작 ===
2025-09-14 15:34:20,887 - SourceAnalyzer - INFO - xml_loading.py:168 - 전달받은 SQL 쿼리 수: 9개
2025-09-14 15:34:20,887 - SourceAnalyzer - INFO - xml_loading.py:176 - XML에서 추출된 SQL 쿼리 타입별 통계: {'select': 5, 'update': 2, 'insert': 1, 'delete': 1}
2025-09-14 15:34:20,887 - SourceAnalyzer - INFO - xml_loading.py:188 - 프로젝트 ID: 1
2025-09-14 15:34:20,888 - SourceAnalyzer - INFO - xml_loading.py:288 - JOIN 관계 저장 완료: 2개
2025-09-14 15:34:20,889 - SourceAnalyzer - INFO - xml_parser.py:177 - DOM 기반 파싱 실패 또는 결과 없음, SAX 파서로 Fallback: D:\Analyzer\CreateMetaDb\projects\sampleSrc\src\main\resources\mybatis\mapper\UserMapper.xml
2025-09-14 15:34:20,907 - SourceAnalyzer - WARNING - sax_fallback_parser.py:253 - SAX 파싱 중 예상치 못한 오류: D:\Analyzer\CreateMetaDb\projects\sampleSrc\src\main\resources\mybatis\mapper\UserMapper.xml - maximum recursion depth exceeded
2025-09-14 15:34:20,908 - SourceAnalyzer - INFO - xml_parser.py:196 - SAX 파싱 오류 메시지: SAX 파싱 중 예상치 못한 오류: D:\Analyzer\CreateMetaDb\projects\sampleSrc\src\main\resources\mybatis\mapper\UserMapper.xml - maximum recursion depth exceeded
2025-09-14 15:34:20,908 - SourceAnalyzer - INFO - xml_parser.py:199 - 정규식 기반 파서로 최종 Fallback: D:\Analyzer\CreateMetaDb\projects\sampleSrc\src\main\resources\mybatis\mapper\UserMapper.xml
2025-09-14 15:34:20,947 - SourceAnalyzer - INFO - xml_loading.py:167 - === XML 로딩 엔진: SQL 컴포넌트 저장 시작 ===
2025-09-14 15:34:20,947 - SourceAnalyzer - INFO - xml_loading.py:168 - 전달받은 SQL 쿼리 수: 22개
2025-09-14 15:34:20,949 - SourceAnalyzer - INFO - xml_loading.py:176 - XML에서 추출된 SQL 쿼리 타입별 통계: {'select': 15, 'update': 2, 'insert': 2, 'delete': 1, 'merge': 2}
2025-09-14 15:34:20,949 - SourceAnalyzer - INFO - xml_loading.py:188 - 프로젝트 ID: 1
2025-09-14 15:34:20,949 - SourceAnalyzer - INFO - xml_loading.py:288 - JOIN 관계 저장 완료: 8개
2025-09-14 15:34:20,950 - SourceAnalyzer - INFO - xml_loading.py:793 - === XML 로딩 통계 ===
2025-09-14 15:34:20,950 - SourceAnalyzer - INFO - xml_loading.py:794 - 처리된 XML 파일: 5개
2025-09-14 15:34:20,950 - SourceAnalyzer - INFO - xml_loading.py:795 - 추출된 SQL 쿼리: 56개
2025-09-14 15:34:20,950 - SourceAnalyzer - INFO - xml_loading.py:796 - 생성된 SQL 컴포넌트: 0개
2025-09-14 15:34:20,950 - SourceAnalyzer - INFO - xml_loading.py:797 - 생성된 JOIN 관계: 30개
2025-09-14 15:34:20,950 - SourceAnalyzer - INFO - xml_loading.py:798 - 생성된 inferred 테이블: 0개
2025-09-14 15:34:20,951 - SourceAnalyzer - INFO - xml_loading.py:799 - 생성된 inferred 컬럼: 0개
2025-09-14 15:34:20,951 - SourceAnalyzer - INFO - xml_loading.py:800 - 오류 발생: 1개
2025-09-14 15:34:20,951 - SourceAnalyzer - INFO - xml_loading.py:809 - === SQL Content 통계 ===
2025-09-14 15:34:20,951 - SourceAnalyzer - INFO - xml_loading.py:810 - 저장된 SQL 내용: 0개
2025-09-14 15:34:20,951 - SourceAnalyzer - INFO - xml_loading.py:811 - 총 압축 크기: None bytes
2025-09-14 15:34:20,952 - SourceAnalyzer - INFO - xml_loading.py:816 - 평균 압축 크기: 0.00 bytes
2025-09-14 15:34:20,952 - SourceAnalyzer - INFO - xml_loading.py:817 - 최대 압축 크기: None bytes
2025-09-14 15:34:20,952 - SourceAnalyzer - INFO - xml_loading.py:818 - 최소 압축 크기: None bytes
2025-09-14 15:34:20,952 - SourceAnalyzer - INFO - xml_loading.py:137 - === XML 로딩 완료 ===
2025-09-14 15:34:20,954 - SourceAnalyzer - INFO - sql_content_manager.py:282 - SQL Content 데이터베이스 연결 해제
2025-09-14 15:34:20,954 - SourceAnalyzer - INFO - main.py:130 - 3단계 완료: XML 파일 분석 및 SQL 컴포넌트 등록 + JOIN 관계 분석
2025-09-14 15:34:20,954 - SourceAnalyzer - INFO - main.py:136 - 4단계 실행: Java 소스코드 분석 및 관계 생성
2025-09-14 15:34:20,984 - SourceAnalyzer - INFO - java_parser.py:193 - 정규식 패턴 컴파일 완료: 클래스 12개, 메서드 4개, 패키지 7개, 상속 6개, CALL_QUERY 18개, CALL_METHOD 7개, USE_TABLE 16개
2025-09-14 15:34:20,984 - SourceAnalyzer - INFO - java_loading.py:71 - === Java 로딩 시작: 4단계 통합 처리 ===
2025-09-14 15:34:20,995 - SourceAnalyzer - INFO - java_parser.py:244 - Java 파일 수집 완료: 30개
2025-09-14 15:34:20,996 - SourceAnalyzer - INFO - java_loading.py:85 - 처리할 Java 파일 수: 30개
2025-09-14 15:34:20,999 - SourceAnalyzer - INFO - java_parser.py:752 - 메서드 추출 시작: D:\Analyzer\CreateMetaDb\projects\sampleSrc\src\com\example\dynamicquery\UserDao.java
2025-09-14 15:34:21,000 - SourceAnalyzer - INFO - java_parser.py:753 - 컴파일된 메서드 패턴 수: 4
2025-09-14 15:34:21,000 - SourceAnalyzer - INFO - java_parser.py:762 - 패턴 1에서 메서드 발견: UserDao
2025-09-14 15:34:21,000 - SourceAnalyzer - INFO - java_parser.py:762 - 패턴 2에서 메서드 발견: validateAndSetDefaults
2025-09-14 15:34:21,001 - SourceAnalyzer - INFO - java_parser.py:762 - 패턴 4에서 메서드 발견: UserDao
2025-09-14 15:34:21,002 - SourceAnalyzer - INFO - java_parser.py:762 - 패턴 4에서 메서드 발견: findUsersByCondition
2025-09-14 15:34:21,002 - SourceAnalyzer - INFO - java_parser.py:762 - 패턴 4에서 메서드 발견: findUsersByConditionAnsi
2025-09-14 15:34:21,002 - SourceAnalyzer - INFO - java_parser.py:762 - 패턴 4에서 메서드 발견: validateAndSetDefaults
2025-09-14 15:34:21,003 - SourceAnalyzer - INFO - java_parser.py:762 - 패턴 4에서 메서드 발견: processUserData
2025-09-14 15:34:21,003 - SourceAnalyzer - INFO - java_parser.py:762 - 패턴 4에서 메서드 발견: for
2025-09-14 15:34:21,008 - SourceAnalyzer - INFO - java_loading.py:184 - === Java 클래스 저장 시작: D:\Analyzer\CreateMetaDb\projects\sampleSrc\src\com\example\dynamicquery\UserDao.java ===
2025-09-14 15:34:21,008 - SourceAnalyzer - INFO - java_loading.py:185 - 저장할 클래스 수: 2개
2025-09-14 15:34:21,008 - SourceAnalyzer - INFO - java_loading.py:203 - 프로젝트 ID: 1, 파일 ID: 3
2025-09-14 15:34:21,009 - SourceAnalyzer - INFO - java_loading.py:219 - 클래스 생성 완료: UserDao (ID: 1)
2025-09-14 15:34:21,016 - SourceAnalyzer - INFO - java_loading.py:219 - 클래스 생성 완료: UserDao (ID: 2)
2025-09-14 15:34:21,017 - SourceAnalyzer - INFO - java_loading.py:235 - === Java 클래스 저장 완료: D:\Analyzer\CreateMetaDb\projects\sampleSrc\src\com\example\dynamicquery\UserDao.java ===
2025-09-14 15:34:21,017 - SourceAnalyzer - INFO - java_loading.py:613 - 저장할 CALL_QUERY 관계 수: 1개
2025-09-14 15:34:21,017 - SourceAnalyzer - ERROR - logger.py:205 - FATAL ERROR: Exception: 소스 메서드 컴포넌트 ID를 찾을 수 없습니다: UserDao.findUsersByConditionAnsi
Message: CALL_QUERY 관계 저장 실패
2025-09-14 15:34:21,017 - SourceAnalyzer - ERROR - logger.py:208 - 
[FATAL ERROR] 프로그램이 에러로 인해 종료됩니다. (종료코드: 1)
2025-09-14 15:34:21,018 - SourceAnalyzer - ERROR - logger.py:209 - 자세한 내용은 로그 파일을 확인하세요: logs/SourceAnalyzer_20250914_153420.log
