2025-09-12 16:07:10,895 - SourceAnalyzer - INFO - logger.py:68 - SourceAnalyzer 시작
2025-09-12 16:07:10,901 - SourceAnalyzer - DEBUG - logger.py:64 - 명령행 인자 파싱 완료: {'project_name': 'sampleSrc', 'clear_metadb': True, 'verbose': False, 'output_format': 'html', 'config_file': None, 'log_level': 'INFO', 'dry_run': False, 'force': False}
2025-09-12 16:07:10,901 - SourceAnalyzer - DEBUG - logger.py:64 - 인자 검증 성공
2025-09-12 16:07:10,901 - SourceAnalyzer - INFO - logger.py:68 - 분석 대상 프로젝트: sampleSrc
2025-09-12 16:07:10,901 - SourceAnalyzer - INFO - logger.py:68 - 분석 옵션:
2025-09-12 16:07:10,901 - SourceAnalyzer - INFO - logger.py:68 -   - 메타데이터베이스 초기화: True
2025-09-12 16:07:10,902 - SourceAnalyzer - INFO - logger.py:68 -   - 상세 로그: False
2025-09-12 16:07:10,902 - SourceAnalyzer - INFO - logger.py:68 -   - 출력 형식: html
2025-09-12 16:07:10,902 - SourceAnalyzer - INFO - logger.py:68 -   - 드라이런 모드: False
2025-09-12 16:07:10,902 - SourceAnalyzer - INFO - logger.py:68 -   - 강제 실행: False
2025-09-12 16:07:10,902 - SourceAnalyzer - INFO - logger.py:68 - 프로젝트 분석 시작...
2025-09-12 16:07:10,903 - SourceAnalyzer - INFO - logger.py:68 - === 파일 스캔 시작: 파일 정보 저장 ===
2025-09-12 16:07:10,903 - SourceAnalyzer - INFO - logger.py:68 - 기존 메타데이터베이스 삭제: D:\Analyzer\CreateMetaDb\projects\sampleSrc\metadata.db
2025-09-12 16:07:10,907 - SourceAnalyzer - DEBUG - logger.py:64 - 데이터베이스 연결 성공: D:\Analyzer\CreateMetaDb\projects\sampleSrc\metadata.db
2025-09-12 16:07:10,910 - SourceAnalyzer - DEBUG - logger.py:64 - SQL 스크립트 실행 성공: D:\Analyzer\CreateMetaDb\database\create_table_script.sql
2025-09-12 16:07:10,910 - SourceAnalyzer - INFO - logger.py:68 - 메타데이터베이스 초기화 완료: D:\Analyzer\CreateMetaDb\projects\sampleSrc\metadata.db
2025-09-12 16:07:10,911 - SourceAnalyzer - DEBUG - logger.py:64 - 쿼리 실행 성공: 
                SELECT COUNT(*) as count FROM pro...
2025-09-12 16:07:10,911 - SourceAnalyzer - DEBUG - logger.py:64 - 업데이트 쿼리 실행 성공: 
            INSERT INTO projects (project_name, p..., 영향받은 행: 1
2025-09-12 16:07:10,911 - SourceAnalyzer - DEBUG - logger.py:64 - 프로젝트 정보 저장/업데이트 완료: sampleSrc
2025-09-12 16:07:10,911 - SourceAnalyzer - INFO - logger.py:68 - 프로젝트 파일 스캔 시작: D:\Analyzer\CreateMetaDb\projects\sampleSrc
2025-09-12 16:07:10,929 - SourceAnalyzer - DEBUG - logger.py:64 - 디렉토리 스캔 완료: D:\Analyzer\CreateMetaDb\projects\sampleSrc, 파일 수: 40
2025-09-12 16:07:10,930 - SourceAnalyzer - DEBUG - logger.py:64 - 파일 읽기 성공: D:\Analyzer\CreateMetaDb\projects\sampleSrc\config\target_source_config.yaml
2025-09-12 16:07:10,934 - SourceAnalyzer - DEBUG - logger.py:64 - YAML 설정 파일 로드 성공: D:\Analyzer\CreateMetaDb\projects\sampleSrc\config\target_source_config.yaml
2025-09-12 16:07:10,937 - SourceAnalyzer - DEBUG - logger.py:64 - 파일 읽기 성공: D:\Analyzer\CreateMetaDb\projects\sampleSrc\config\target_source_config.yaml
2025-09-12 16:07:10,943 - SourceAnalyzer - DEBUG - logger.py:64 - YAML 설정 파일 로드 성공: D:\Analyzer\CreateMetaDb\projects\sampleSrc\config\target_source_config.yaml
2025-09-12 16:07:10,944 - SourceAnalyzer - DEBUG - logger.py:64 - 파일 읽기 성공: D:\Analyzer\CreateMetaDb\projects\sampleSrc\config\target_source_config.yaml
2025-09-12 16:07:10,948 - SourceAnalyzer - DEBUG - logger.py:64 - YAML 설정 파일 로드 성공: D:\Analyzer\CreateMetaDb\projects\sampleSrc\config\target_source_config.yaml
2025-09-12 16:07:10,949 - SourceAnalyzer - DEBUG - logger.py:64 - 파일 읽기 성공: D:\Analyzer\CreateMetaDb\projects\sampleSrc\config\target_source_config.yaml
2025-09-12 16:07:10,953 - SourceAnalyzer - DEBUG - logger.py:64 - YAML 설정 파일 로드 성공: D:\Analyzer\CreateMetaDb\projects\sampleSrc\config\target_source_config.yaml
2025-09-12 16:07:10,953 - SourceAnalyzer - DEBUG - logger.py:64 - 파일 읽기 성공: D:\Analyzer\CreateMetaDb\projects\sampleSrc\config\target_source_config.yaml
2025-09-12 16:07:10,957 - SourceAnalyzer - DEBUG - logger.py:64 - YAML 설정 파일 로드 성공: D:\Analyzer\CreateMetaDb\projects\sampleSrc\config\target_source_config.yaml
2025-09-12 16:07:10,958 - SourceAnalyzer - DEBUG - logger.py:64 - 파일 읽기 성공: D:\Analyzer\CreateMetaDb\projects\sampleSrc\config\target_source_config.yaml
2025-09-12 16:07:10,962 - SourceAnalyzer - DEBUG - logger.py:64 - YAML 설정 파일 로드 성공: D:\Analyzer\CreateMetaDb\projects\sampleSrc\config\target_source_config.yaml
2025-09-12 16:07:10,963 - SourceAnalyzer - DEBUG - logger.py:64 - 파일 읽기 성공: D:\Analyzer\CreateMetaDb\projects\sampleSrc\config\target_source_config.yaml
2025-09-12 16:07:10,967 - SourceAnalyzer - DEBUG - logger.py:64 - YAML 설정 파일 로드 성공: D:\Analyzer\CreateMetaDb\projects\sampleSrc\config\target_source_config.yaml
2025-09-12 16:07:10,967 - SourceAnalyzer - DEBUG - logger.py:64 - 파일 읽기 성공: D:\Analyzer\CreateMetaDb\projects\sampleSrc\config\target_source_config.yaml
2025-09-12 16:07:10,971 - SourceAnalyzer - DEBUG - logger.py:64 - YAML 설정 파일 로드 성공: D:\Analyzer\CreateMetaDb\projects\sampleSrc\config\target_source_config.yaml
2025-09-12 16:07:10,972 - SourceAnalyzer - DEBUG - logger.py:64 - 파일 읽기 성공: D:\Analyzer\CreateMetaDb\projects\sampleSrc\config\target_source_config.yaml
2025-09-12 16:07:10,976 - SourceAnalyzer - DEBUG - logger.py:64 - YAML 설정 파일 로드 성공: D:\Analyzer\CreateMetaDb\projects\sampleSrc\config\target_source_config.yaml
2025-09-12 16:07:10,977 - SourceAnalyzer - DEBUG - logger.py:64 - 파일 읽기 성공: D:\Analyzer\CreateMetaDb\projects\sampleSrc\config\target_source_config.yaml
2025-09-12 16:07:10,981 - SourceAnalyzer - DEBUG - logger.py:64 - YAML 설정 파일 로드 성공: D:\Analyzer\CreateMetaDb\projects\sampleSrc\config\target_source_config.yaml
2025-09-12 16:07:10,981 - SourceAnalyzer - DEBUG - logger.py:64 - 파일 읽기 성공: D:\Analyzer\CreateMetaDb\projects\sampleSrc\config\target_source_config.yaml
2025-09-12 16:07:10,985 - SourceAnalyzer - DEBUG - logger.py:64 - YAML 설정 파일 로드 성공: D:\Analyzer\CreateMetaDb\projects\sampleSrc\config\target_source_config.yaml
2025-09-12 16:07:10,986 - SourceAnalyzer - DEBUG - logger.py:64 - 파일 읽기 성공: D:\Analyzer\CreateMetaDb\projects\sampleSrc\config\target_source_config.yaml
2025-09-12 16:07:10,990 - SourceAnalyzer - DEBUG - logger.py:64 - YAML 설정 파일 로드 성공: D:\Analyzer\CreateMetaDb\projects\sampleSrc\config\target_source_config.yaml
2025-09-12 16:07:10,991 - SourceAnalyzer - DEBUG - logger.py:64 - 파일 읽기 성공: D:\Analyzer\CreateMetaDb\projects\sampleSrc\config\target_source_config.yaml
2025-09-12 16:07:10,995 - SourceAnalyzer - DEBUG - logger.py:64 - YAML 설정 파일 로드 성공: D:\Analyzer\CreateMetaDb\projects\sampleSrc\config\target_source_config.yaml
2025-09-12 16:07:10,996 - SourceAnalyzer - DEBUG - logger.py:64 - 파일 읽기 성공: D:\Analyzer\CreateMetaDb\projects\sampleSrc\config\target_source_config.yaml
2025-09-12 16:07:11,000 - SourceAnalyzer - DEBUG - logger.py:64 - YAML 설정 파일 로드 성공: D:\Analyzer\CreateMetaDb\projects\sampleSrc\config\target_source_config.yaml
2025-09-12 16:07:11,001 - SourceAnalyzer - DEBUG - logger.py:64 - 파일 읽기 성공: D:\Analyzer\CreateMetaDb\projects\sampleSrc\config\target_source_config.yaml
2025-09-12 16:07:11,004 - SourceAnalyzer - DEBUG - logger.py:64 - YAML 설정 파일 로드 성공: D:\Analyzer\CreateMetaDb\projects\sampleSrc\config\target_source_config.yaml
2025-09-12 16:07:11,005 - SourceAnalyzer - DEBUG - logger.py:64 - 파일 읽기 성공: D:\Analyzer\CreateMetaDb\projects\sampleSrc\config\target_source_config.yaml
2025-09-12 16:07:11,009 - SourceAnalyzer - DEBUG - logger.py:64 - YAML 설정 파일 로드 성공: D:\Analyzer\CreateMetaDb\projects\sampleSrc\config\target_source_config.yaml
2025-09-12 16:07:11,010 - SourceAnalyzer - DEBUG - logger.py:64 - 파일 읽기 성공: D:\Analyzer\CreateMetaDb\projects\sampleSrc\config\target_source_config.yaml
2025-09-12 16:07:11,014 - SourceAnalyzer - DEBUG - logger.py:64 - YAML 설정 파일 로드 성공: D:\Analyzer\CreateMetaDb\projects\sampleSrc\config\target_source_config.yaml
2025-09-12 16:07:11,014 - SourceAnalyzer - DEBUG - logger.py:64 - 파일 읽기 성공: D:\Analyzer\CreateMetaDb\projects\sampleSrc\config\target_source_config.yaml
2025-09-12 16:07:11,018 - SourceAnalyzer - DEBUG - logger.py:64 - YAML 설정 파일 로드 성공: D:\Analyzer\CreateMetaDb\projects\sampleSrc\config\target_source_config.yaml
2025-09-12 16:07:11,019 - SourceAnalyzer - DEBUG - logger.py:64 - 파일 읽기 성공: D:\Analyzer\CreateMetaDb\projects\sampleSrc\config\target_source_config.yaml
2025-09-12 16:07:11,023 - SourceAnalyzer - DEBUG - logger.py:64 - YAML 설정 파일 로드 성공: D:\Analyzer\CreateMetaDb\projects\sampleSrc\config\target_source_config.yaml
2025-09-12 16:07:11,024 - SourceAnalyzer - DEBUG - logger.py:64 - 파일 읽기 성공: D:\Analyzer\CreateMetaDb\projects\sampleSrc\config\target_source_config.yaml
2025-09-12 16:07:11,028 - SourceAnalyzer - DEBUG - logger.py:64 - YAML 설정 파일 로드 성공: D:\Analyzer\CreateMetaDb\projects\sampleSrc\config\target_source_config.yaml
2025-09-12 16:07:11,028 - SourceAnalyzer - DEBUG - logger.py:64 - 파일 읽기 성공: D:\Analyzer\CreateMetaDb\projects\sampleSrc\config\target_source_config.yaml
2025-09-12 16:07:11,032 - SourceAnalyzer - DEBUG - logger.py:64 - YAML 설정 파일 로드 성공: D:\Analyzer\CreateMetaDb\projects\sampleSrc\config\target_source_config.yaml
2025-09-12 16:07:11,033 - SourceAnalyzer - DEBUG - logger.py:64 - 파일 읽기 성공: D:\Analyzer\CreateMetaDb\projects\sampleSrc\config\target_source_config.yaml
2025-09-12 16:07:11,036 - SourceAnalyzer - DEBUG - logger.py:64 - YAML 설정 파일 로드 성공: D:\Analyzer\CreateMetaDb\projects\sampleSrc\config\target_source_config.yaml
2025-09-12 16:07:11,037 - SourceAnalyzer - DEBUG - logger.py:64 - 파일 읽기 성공: D:\Analyzer\CreateMetaDb\projects\sampleSrc\config\target_source_config.yaml
2025-09-12 16:07:11,041 - SourceAnalyzer - DEBUG - logger.py:64 - YAML 설정 파일 로드 성공: D:\Analyzer\CreateMetaDb\projects\sampleSrc\config\target_source_config.yaml
2025-09-12 16:07:11,042 - SourceAnalyzer - DEBUG - logger.py:64 - 파일 읽기 성공: D:\Analyzer\CreateMetaDb\projects\sampleSrc\config\target_source_config.yaml
2025-09-12 16:07:11,046 - SourceAnalyzer - DEBUG - logger.py:64 - YAML 설정 파일 로드 성공: D:\Analyzer\CreateMetaDb\projects\sampleSrc\config\target_source_config.yaml
2025-09-12 16:07:11,046 - SourceAnalyzer - DEBUG - logger.py:64 - 파일 읽기 성공: D:\Analyzer\CreateMetaDb\projects\sampleSrc\config\target_source_config.yaml
2025-09-12 16:07:11,050 - SourceAnalyzer - DEBUG - logger.py:64 - YAML 설정 파일 로드 성공: D:\Analyzer\CreateMetaDb\projects\sampleSrc\config\target_source_config.yaml
2025-09-12 16:07:11,051 - SourceAnalyzer - DEBUG - logger.py:64 - 파일 읽기 성공: D:\Analyzer\CreateMetaDb\projects\sampleSrc\config\target_source_config.yaml
2025-09-12 16:07:11,055 - SourceAnalyzer - DEBUG - logger.py:64 - YAML 설정 파일 로드 성공: D:\Analyzer\CreateMetaDb\projects\sampleSrc\config\target_source_config.yaml
2025-09-12 16:07:11,056 - SourceAnalyzer - DEBUG - logger.py:64 - 파일 읽기 성공: D:\Analyzer\CreateMetaDb\projects\sampleSrc\config\target_source_config.yaml
2025-09-12 16:07:11,060 - SourceAnalyzer - DEBUG - logger.py:64 - YAML 설정 파일 로드 성공: D:\Analyzer\CreateMetaDb\projects\sampleSrc\config\target_source_config.yaml
2025-09-12 16:07:11,061 - SourceAnalyzer - DEBUG - logger.py:64 - 파일 읽기 성공: D:\Analyzer\CreateMetaDb\projects\sampleSrc\config\target_source_config.yaml
2025-09-12 16:07:11,064 - SourceAnalyzer - DEBUG - logger.py:64 - YAML 설정 파일 로드 성공: D:\Analyzer\CreateMetaDb\projects\sampleSrc\config\target_source_config.yaml
2025-09-12 16:07:11,065 - SourceAnalyzer - DEBUG - logger.py:64 - 파일 읽기 성공: D:\Analyzer\CreateMetaDb\projects\sampleSrc\config\target_source_config.yaml
2025-09-12 16:07:11,069 - SourceAnalyzer - DEBUG - logger.py:64 - YAML 설정 파일 로드 성공: D:\Analyzer\CreateMetaDb\projects\sampleSrc\config\target_source_config.yaml
2025-09-12 16:07:11,070 - SourceAnalyzer - DEBUG - logger.py:64 - 파일 읽기 성공: D:\Analyzer\CreateMetaDb\projects\sampleSrc\config\target_source_config.yaml
2025-09-12 16:07:11,073 - SourceAnalyzer - DEBUG - logger.py:64 - YAML 설정 파일 로드 성공: D:\Analyzer\CreateMetaDb\projects\sampleSrc\config\target_source_config.yaml
2025-09-12 16:07:11,074 - SourceAnalyzer - DEBUG - logger.py:64 - 파일 읽기 성공: D:\Analyzer\CreateMetaDb\projects\sampleSrc\config\target_source_config.yaml
2025-09-12 16:07:11,078 - SourceAnalyzer - DEBUG - logger.py:64 - YAML 설정 파일 로드 성공: D:\Analyzer\CreateMetaDb\projects\sampleSrc\config\target_source_config.yaml
2025-09-12 16:07:11,079 - SourceAnalyzer - DEBUG - logger.py:64 - 파일 읽기 성공: D:\Analyzer\CreateMetaDb\projects\sampleSrc\config\target_source_config.yaml
2025-09-12 16:07:11,083 - SourceAnalyzer - DEBUG - logger.py:64 - YAML 설정 파일 로드 성공: D:\Analyzer\CreateMetaDb\projects\sampleSrc\config\target_source_config.yaml
2025-09-12 16:07:11,083 - SourceAnalyzer - DEBUG - logger.py:64 - 파일 읽기 성공: D:\Analyzer\CreateMetaDb\projects\sampleSrc\config\target_source_config.yaml
2025-09-12 16:07:11,087 - SourceAnalyzer - DEBUG - logger.py:64 - YAML 설정 파일 로드 성공: D:\Analyzer\CreateMetaDb\projects\sampleSrc\config\target_source_config.yaml
2025-09-12 16:07:11,088 - SourceAnalyzer - INFO - logger.py:68 - 파일 스캔 완료: 총 34개 파일
2025-09-12 16:07:11,088 - SourceAnalyzer - DEBUG - logger.py:64 - 쿼리 실행 성공: SELECT project_id FROM projects WHERE project_name...
2025-09-12 16:07:11,088 - SourceAnalyzer - DEBUG - logger.py:64 - 쿼리 실행 성공: 
                SELECT COUNT(*) as count FROM fil...
2025-09-12 16:07:11,088 - SourceAnalyzer - DEBUG - logger.py:64 - 업데이트 쿼리 실행 성공: 
            INSERT INTO files (file_path, file_na..., 영향받은 행: 1
2025-09-12 16:07:11,088 - SourceAnalyzer - DEBUG - logger.py:64 - 쿼리 실행 성공: 
                SELECT COUNT(*) as count FROM fil...
2025-09-12 16:07:11,088 - SourceAnalyzer - DEBUG - logger.py:64 - 업데이트 쿼리 실행 성공: 
            INSERT INTO files (file_path, file_na..., 영향받은 행: 1
2025-09-12 16:07:11,089 - SourceAnalyzer - DEBUG - logger.py:64 - 쿼리 실행 성공: 
                SELECT COUNT(*) as count FROM fil...
2025-09-12 16:07:11,089 - SourceAnalyzer - DEBUG - logger.py:64 - 업데이트 쿼리 실행 성공: 
            INSERT INTO files (file_path, file_na..., 영향받은 행: 1
2025-09-12 16:07:11,089 - SourceAnalyzer - DEBUG - logger.py:64 - 쿼리 실행 성공: 
                SELECT COUNT(*) as count FROM fil...
2025-09-12 16:07:11,089 - SourceAnalyzer - DEBUG - logger.py:64 - 업데이트 쿼리 실행 성공: 
            INSERT INTO files (file_path, file_na..., 영향받은 행: 1
2025-09-12 16:07:11,089 - SourceAnalyzer - DEBUG - logger.py:64 - 쿼리 실행 성공: 
                SELECT COUNT(*) as count FROM fil...
2025-09-12 16:07:11,089 - SourceAnalyzer - DEBUG - logger.py:64 - 업데이트 쿼리 실행 성공: 
            INSERT INTO files (file_path, file_na..., 영향받은 행: 1
2025-09-12 16:07:11,089 - SourceAnalyzer - DEBUG - logger.py:64 - 쿼리 실행 성공: 
                SELECT COUNT(*) as count FROM fil...
2025-09-12 16:07:11,089 - SourceAnalyzer - DEBUG - logger.py:64 - 업데이트 쿼리 실행 성공: 
            INSERT INTO files (file_path, file_na..., 영향받은 행: 1
2025-09-12 16:07:11,089 - SourceAnalyzer - DEBUG - logger.py:64 - 쿼리 실행 성공: 
                SELECT COUNT(*) as count FROM fil...
2025-09-12 16:07:11,089 - SourceAnalyzer - DEBUG - logger.py:64 - 업데이트 쿼리 실행 성공: 
            INSERT INTO files (file_path, file_na..., 영향받은 행: 1
2025-09-12 16:07:11,089 - SourceAnalyzer - DEBUG - logger.py:64 - 쿼리 실행 성공: 
                SELECT COUNT(*) as count FROM fil...
2025-09-12 16:07:11,090 - SourceAnalyzer - DEBUG - logger.py:64 - 업데이트 쿼리 실행 성공: 
            INSERT INTO files (file_path, file_na..., 영향받은 행: 1
2025-09-12 16:07:11,090 - SourceAnalyzer - DEBUG - logger.py:64 - 쿼리 실행 성공: 
                SELECT COUNT(*) as count FROM fil...
2025-09-12 16:07:11,090 - SourceAnalyzer - DEBUG - logger.py:64 - 업데이트 쿼리 실행 성공: 
            INSERT INTO files (file_path, file_na..., 영향받은 행: 1
2025-09-12 16:07:11,090 - SourceAnalyzer - DEBUG - logger.py:64 - 쿼리 실행 성공: 
                SELECT COUNT(*) as count FROM fil...
2025-09-12 16:07:11,090 - SourceAnalyzer - DEBUG - logger.py:64 - 업데이트 쿼리 실행 성공: 
            INSERT INTO files (file_path, file_na..., 영향받은 행: 1
2025-09-12 16:07:11,090 - SourceAnalyzer - DEBUG - logger.py:64 - 쿼리 실행 성공: 
                SELECT COUNT(*) as count FROM fil...
2025-09-12 16:07:11,090 - SourceAnalyzer - DEBUG - logger.py:64 - 업데이트 쿼리 실행 성공: 
            INSERT INTO files (file_path, file_na..., 영향받은 행: 1
2025-09-12 16:07:11,090 - SourceAnalyzer - DEBUG - logger.py:64 - 쿼리 실행 성공: 
                SELECT COUNT(*) as count FROM fil...
2025-09-12 16:07:11,090 - SourceAnalyzer - DEBUG - logger.py:64 - 업데이트 쿼리 실행 성공: 
            INSERT INTO files (file_path, file_na..., 영향받은 행: 1
2025-09-12 16:07:11,090 - SourceAnalyzer - DEBUG - logger.py:64 - 쿼리 실행 성공: 
                SELECT COUNT(*) as count FROM fil...
2025-09-12 16:07:11,090 - SourceAnalyzer - DEBUG - logger.py:64 - 업데이트 쿼리 실행 성공: 
            INSERT INTO files (file_path, file_na..., 영향받은 행: 1
2025-09-12 16:07:11,090 - SourceAnalyzer - DEBUG - logger.py:64 - 쿼리 실행 성공: 
                SELECT COUNT(*) as count FROM fil...
2025-09-12 16:07:11,090 - SourceAnalyzer - DEBUG - logger.py:64 - 업데이트 쿼리 실행 성공: 
            INSERT INTO files (file_path, file_na..., 영향받은 행: 1
2025-09-12 16:07:11,091 - SourceAnalyzer - DEBUG - logger.py:64 - 쿼리 실행 성공: 
                SELECT COUNT(*) as count FROM fil...
2025-09-12 16:07:11,091 - SourceAnalyzer - DEBUG - logger.py:64 - 업데이트 쿼리 실행 성공: 
            INSERT INTO files (file_path, file_na..., 영향받은 행: 1
2025-09-12 16:07:11,091 - SourceAnalyzer - DEBUG - logger.py:64 - 쿼리 실행 성공: 
                SELECT COUNT(*) as count FROM fil...
2025-09-12 16:07:11,091 - SourceAnalyzer - DEBUG - logger.py:64 - 업데이트 쿼리 실행 성공: 
            INSERT INTO files (file_path, file_na..., 영향받은 행: 1
2025-09-12 16:07:11,091 - SourceAnalyzer - DEBUG - logger.py:64 - 쿼리 실행 성공: 
                SELECT COUNT(*) as count FROM fil...
2025-09-12 16:07:11,091 - SourceAnalyzer - DEBUG - logger.py:64 - 업데이트 쿼리 실행 성공: 
            INSERT INTO files (file_path, file_na..., 영향받은 행: 1
2025-09-12 16:07:11,091 - SourceAnalyzer - DEBUG - logger.py:64 - 쿼리 실행 성공: 
                SELECT COUNT(*) as count FROM fil...
2025-09-12 16:07:11,091 - SourceAnalyzer - DEBUG - logger.py:64 - 업데이트 쿼리 실행 성공: 
            INSERT INTO files (file_path, file_na..., 영향받은 행: 1
2025-09-12 16:07:11,091 - SourceAnalyzer - DEBUG - logger.py:64 - 쿼리 실행 성공: 
                SELECT COUNT(*) as count FROM fil...
2025-09-12 16:07:11,091 - SourceAnalyzer - DEBUG - logger.py:64 - 업데이트 쿼리 실행 성공: 
            INSERT INTO files (file_path, file_na..., 영향받은 행: 1
2025-09-12 16:07:11,091 - SourceAnalyzer - DEBUG - logger.py:64 - 쿼리 실행 성공: 
                SELECT COUNT(*) as count FROM fil...
2025-09-12 16:07:11,091 - SourceAnalyzer - DEBUG - logger.py:64 - 업데이트 쿼리 실행 성공: 
            INSERT INTO files (file_path, file_na..., 영향받은 행: 1
2025-09-12 16:07:11,091 - SourceAnalyzer - DEBUG - logger.py:64 - 쿼리 실행 성공: 
                SELECT COUNT(*) as count FROM fil...
2025-09-12 16:07:11,092 - SourceAnalyzer - DEBUG - logger.py:64 - 업데이트 쿼리 실행 성공: 
            INSERT INTO files (file_path, file_na..., 영향받은 행: 1
2025-09-12 16:07:11,092 - SourceAnalyzer - DEBUG - logger.py:64 - 쿼리 실행 성공: 
                SELECT COUNT(*) as count FROM fil...
2025-09-12 16:07:11,092 - SourceAnalyzer - DEBUG - logger.py:64 - 업데이트 쿼리 실행 성공: 
            INSERT INTO files (file_path, file_na..., 영향받은 행: 1
2025-09-12 16:07:11,092 - SourceAnalyzer - DEBUG - logger.py:64 - 쿼리 실행 성공: 
                SELECT COUNT(*) as count FROM fil...
2025-09-12 16:07:11,092 - SourceAnalyzer - DEBUG - logger.py:64 - 업데이트 쿼리 실행 성공: 
            INSERT INTO files (file_path, file_na..., 영향받은 행: 1
2025-09-12 16:07:11,092 - SourceAnalyzer - DEBUG - logger.py:64 - 쿼리 실행 성공: 
                SELECT COUNT(*) as count FROM fil...
2025-09-12 16:07:11,092 - SourceAnalyzer - DEBUG - logger.py:64 - 업데이트 쿼리 실행 성공: 
            INSERT INTO files (file_path, file_na..., 영향받은 행: 1
2025-09-12 16:07:11,092 - SourceAnalyzer - DEBUG - logger.py:64 - 쿼리 실행 성공: 
                SELECT COUNT(*) as count FROM fil...
2025-09-12 16:07:11,092 - SourceAnalyzer - DEBUG - logger.py:64 - 업데이트 쿼리 실행 성공: 
            INSERT INTO files (file_path, file_na..., 영향받은 행: 1
2025-09-12 16:07:11,092 - SourceAnalyzer - DEBUG - logger.py:64 - 쿼리 실행 성공: 
                SELECT COUNT(*) as count FROM fil...
2025-09-12 16:07:11,092 - SourceAnalyzer - DEBUG - logger.py:64 - 업데이트 쿼리 실행 성공: 
            INSERT INTO files (file_path, file_na..., 영향받은 행: 1
2025-09-12 16:07:11,092 - SourceAnalyzer - DEBUG - logger.py:64 - 쿼리 실행 성공: 
                SELECT COUNT(*) as count FROM fil...
2025-09-12 16:07:11,092 - SourceAnalyzer - DEBUG - logger.py:64 - 업데이트 쿼리 실행 성공: 
            INSERT INTO files (file_path, file_na..., 영향받은 행: 1
2025-09-12 16:07:11,093 - SourceAnalyzer - DEBUG - logger.py:64 - 쿼리 실행 성공: 
                SELECT COUNT(*) as count FROM fil...
2025-09-12 16:07:11,093 - SourceAnalyzer - DEBUG - logger.py:64 - 업데이트 쿼리 실행 성공: 
            INSERT INTO files (file_path, file_na..., 영향받은 행: 1
2025-09-12 16:07:11,093 - SourceAnalyzer - DEBUG - logger.py:64 - 쿼리 실행 성공: 
                SELECT COUNT(*) as count FROM fil...
2025-09-12 16:07:11,093 - SourceAnalyzer - DEBUG - logger.py:64 - 업데이트 쿼리 실행 성공: 
            INSERT INTO files (file_path, file_na..., 영향받은 행: 1
2025-09-12 16:07:11,093 - SourceAnalyzer - DEBUG - logger.py:64 - 쿼리 실행 성공: 
                SELECT COUNT(*) as count FROM fil...
2025-09-12 16:07:11,093 - SourceAnalyzer - DEBUG - logger.py:64 - 업데이트 쿼리 실행 성공: 
            INSERT INTO files (file_path, file_na..., 영향받은 행: 1
2025-09-12 16:07:11,093 - SourceAnalyzer - DEBUG - logger.py:64 - 쿼리 실행 성공: 
                SELECT COUNT(*) as count FROM fil...
2025-09-12 16:07:11,093 - SourceAnalyzer - DEBUG - logger.py:64 - 업데이트 쿼리 실행 성공: 
            INSERT INTO files (file_path, file_na..., 영향받은 행: 1
2025-09-12 16:07:11,093 - SourceAnalyzer - DEBUG - logger.py:64 - 쿼리 실행 성공: 
                SELECT COUNT(*) as count FROM fil...
2025-09-12 16:07:11,093 - SourceAnalyzer - DEBUG - logger.py:64 - 업데이트 쿼리 실행 성공: 
            INSERT INTO files (file_path, file_na..., 영향받은 행: 1
2025-09-12 16:07:11,093 - SourceAnalyzer - DEBUG - logger.py:64 - 쿼리 실행 성공: 
                SELECT COUNT(*) as count FROM fil...
2025-09-12 16:07:11,093 - SourceAnalyzer - DEBUG - logger.py:64 - 업데이트 쿼리 실행 성공: 
            INSERT INTO files (file_path, file_na..., 영향받은 행: 1
2025-09-12 16:07:11,093 - SourceAnalyzer - DEBUG - logger.py:64 - 쿼리 실행 성공: 
                SELECT COUNT(*) as count FROM fil...
2025-09-12 16:07:11,094 - SourceAnalyzer - DEBUG - logger.py:64 - 업데이트 쿼리 실행 성공: 
            INSERT INTO files (file_path, file_na..., 영향받은 행: 1
2025-09-12 16:07:11,094 - SourceAnalyzer - INFO - logger.py:68 - 파일 정보 저장 완료: 34개 파일
2025-09-12 16:07:11,094 - SourceAnalyzer - DEBUG - logger.py:64 - 업데이트 쿼리 실행 성공: UPDATE projects SET total_files = ? WHERE project_..., 영향받은 행: 1
2025-09-12 16:07:11,094 - SourceAnalyzer - DEBUG - logger.py:64 - 프로젝트 총 파일 수 업데이트: 34
2025-09-12 16:07:11,094 - SourceAnalyzer - INFO - logger.py:68 - === 파일 스캔 통계 ===
2025-09-12 16:07:11,094 - SourceAnalyzer - INFO - logger.py:68 - 총 파일 수: 34
2025-09-12 16:07:11,094 - SourceAnalyzer - INFO - logger.py:68 - 성공 스캔: 34
2025-09-12 16:07:11,094 - SourceAnalyzer - INFO - logger.py:68 - 오류 파일: 0
2025-09-12 16:07:11,094 - SourceAnalyzer - INFO - logger.py:68 - Java 파일: 19
2025-09-12 16:07:11,094 - SourceAnalyzer - INFO - logger.py:68 - XML 파일: 5
2025-09-12 16:07:11,094 - SourceAnalyzer - INFO - logger.py:68 - JSP 파일: 8
2025-09-12 16:07:11,094 - SourceAnalyzer - INFO - logger.py:68 - SQL 파일: 0
2025-09-12 16:07:11,094 - SourceAnalyzer - INFO - logger.py:68 - CSV 파일: 2
2025-09-12 16:07:11,094 - SourceAnalyzer - INFO - logger.py:68 - 기타 파일: 0
2025-09-12 16:07:11,094 - SourceAnalyzer - INFO - logger.py:68 - === 파일 스캔 완료 ===
2025-09-12 16:07:11,099 - SourceAnalyzer - DEBUG - logger.py:64 - 데이터베이스 연결 해제: D:\Analyzer\CreateMetaDb\projects\sampleSrc\metadata.db
2025-09-12 16:07:11,099 - SourceAnalyzer - INFO - logger.py:68 - 파일 스캔 완료: 파일 정보 저장
2025-09-12 16:07:11,099 - SourceAnalyzer - INFO - logger.py:68 - === 데이터베이스 로딩 시작: 데이터베이스 구조 저장 ===
2025-09-12 16:07:11,101 - SourceAnalyzer - DEBUG - logger.py:64 - 데이터베이스 연결 성공: D:\Analyzer\CreateMetaDb\projects\sampleSrc\metadata.db
2025-09-12 16:07:11,101 - SourceAnalyzer - WARNING - logger.py:72 - 인코딩 오류, 다른 인코딩으로 재시도: D:\Analyzer\CreateMetaDb\projects\sampleSrc\db_schema\ALL_TABLES.csv
2025-09-12 16:07:11,101 - SourceAnalyzer - DEBUG - logger.py:64 - 파일 읽기 성공 (cp949): D:\Analyzer\CreateMetaDb\projects\sampleSrc\db_schema\ALL_TABLES.csv
2025-09-12 16:07:11,101 - SourceAnalyzer - INFO - logger.py:68 - CSV 파일 로드 완료: D:\Analyzer\CreateMetaDb\projects\sampleSrc\db_schema\ALL_TABLES.csv, 16개 행
2025-09-12 16:07:11,101 - SourceAnalyzer - DEBUG - logger.py:64 - 쿼리 실행 성공: 
                SELECT f.file_id 
               ...
2025-09-12 16:07:11,102 - SourceAnalyzer - DEBUG - logger.py:64 - 배치 쿼리 실행 성공: 
            INSERT OR IGNORE INTO tables (project..., 처리된 행: 16
2025-09-12 16:07:11,103 - SourceAnalyzer - INFO - logger.py:68 - 테이블 정보 저장 완료: 16개 테이블 (오류: 0개)
2025-09-12 16:07:11,103 - SourceAnalyzer - WARNING - logger.py:72 - 인코딩 오류, 다른 인코딩으로 재시도: D:\Analyzer\CreateMetaDb\projects\sampleSrc\db_schema\ALL_TAB_COLUMNS.csv
2025-09-12 16:07:11,103 - SourceAnalyzer - DEBUG - logger.py:64 - 파일 읽기 성공 (cp949): D:\Analyzer\CreateMetaDb\projects\sampleSrc\db_schema\ALL_TAB_COLUMNS.csv
2025-09-12 16:07:11,103 - SourceAnalyzer - INFO - logger.py:68 - CSV 파일 로드 완료: D:\Analyzer\CreateMetaDb\projects\sampleSrc\db_schema\ALL_TAB_COLUMNS.csv, 91개 행
2025-09-12 16:07:11,103 - SourceAnalyzer - DEBUG - logger.py:64 - 쿼리 실행 성공: 
                SELECT t.table_id 
              ...
2025-09-12 16:07:11,103 - SourceAnalyzer - DEBUG - logger.py:64 - 쿼리 실행 성공: 
                SELECT t.table_id 
              ...
2025-09-12 16:07:11,103 - SourceAnalyzer - DEBUG - logger.py:64 - 쿼리 실행 성공: 
                SELECT t.table_id 
              ...
2025-09-12 16:07:11,103 - SourceAnalyzer - DEBUG - logger.py:64 - 쿼리 실행 성공: 
                SELECT t.table_id 
              ...
2025-09-12 16:07:11,104 - SourceAnalyzer - DEBUG - logger.py:64 - 쿼리 실행 성공: 
                SELECT t.table_id 
              ...
2025-09-12 16:07:11,104 - SourceAnalyzer - DEBUG - logger.py:64 - 쿼리 실행 성공: 
                SELECT t.table_id 
              ...
2025-09-12 16:07:11,104 - SourceAnalyzer - DEBUG - logger.py:64 - 쿼리 실행 성공: 
                SELECT t.table_id 
              ...
2025-09-12 16:07:11,104 - SourceAnalyzer - DEBUG - logger.py:64 - 쿼리 실행 성공: 
                SELECT t.table_id 
              ...
2025-09-12 16:07:11,104 - SourceAnalyzer - DEBUG - logger.py:64 - 쿼리 실행 성공: 
                SELECT t.table_id 
              ...
2025-09-12 16:07:11,104 - SourceAnalyzer - DEBUG - logger.py:64 - 쿼리 실행 성공: 
                SELECT t.table_id 
              ...
2025-09-12 16:07:11,104 - SourceAnalyzer - DEBUG - logger.py:64 - 쿼리 실행 성공: 
                SELECT t.table_id 
              ...
2025-09-12 16:07:11,104 - SourceAnalyzer - DEBUG - logger.py:64 - 쿼리 실행 성공: 
                SELECT t.table_id 
              ...
2025-09-12 16:07:11,104 - SourceAnalyzer - DEBUG - logger.py:64 - 쿼리 실행 성공: 
                SELECT t.table_id 
              ...
2025-09-12 16:07:11,104 - SourceAnalyzer - DEBUG - logger.py:64 - 쿼리 실행 성공: 
                SELECT t.table_id 
              ...
2025-09-12 16:07:11,104 - SourceAnalyzer - DEBUG - logger.py:64 - 쿼리 실행 성공: 
                SELECT t.table_id 
              ...
2025-09-12 16:07:11,104 - SourceAnalyzer - DEBUG - logger.py:64 - 쿼리 실행 성공: 
                SELECT t.table_id 
              ...
2025-09-12 16:07:11,104 - SourceAnalyzer - DEBUG - logger.py:64 - 쿼리 실행 성공: 
                SELECT t.table_id 
              ...
2025-09-12 16:07:11,104 - SourceAnalyzer - DEBUG - logger.py:64 - 쿼리 실행 성공: 
                SELECT t.table_id 
              ...
2025-09-12 16:07:11,104 - SourceAnalyzer - DEBUG - logger.py:64 - 쿼리 실행 성공: 
                SELECT t.table_id 
              ...
2025-09-12 16:07:11,104 - SourceAnalyzer - DEBUG - logger.py:64 - 쿼리 실행 성공: 
                SELECT t.table_id 
              ...
2025-09-12 16:07:11,104 - SourceAnalyzer - DEBUG - logger.py:64 - 쿼리 실행 성공: 
                SELECT t.table_id 
              ...
2025-09-12 16:07:11,104 - SourceAnalyzer - DEBUG - logger.py:64 - 쿼리 실행 성공: 
                SELECT t.table_id 
              ...
2025-09-12 16:07:11,104 - SourceAnalyzer - DEBUG - logger.py:64 - 쿼리 실행 성공: 
                SELECT t.table_id 
              ...
2025-09-12 16:07:11,105 - SourceAnalyzer - DEBUG - logger.py:64 - 쿼리 실행 성공: 
                SELECT t.table_id 
              ...
2025-09-12 16:07:11,105 - SourceAnalyzer - DEBUG - logger.py:64 - 쿼리 실행 성공: 
                SELECT t.table_id 
              ...
2025-09-12 16:07:11,105 - SourceAnalyzer - DEBUG - logger.py:64 - 쿼리 실행 성공: 
                SELECT t.table_id 
              ...
2025-09-12 16:07:11,105 - SourceAnalyzer - DEBUG - logger.py:64 - 쿼리 실행 성공: 
                SELECT t.table_id 
              ...
2025-09-12 16:07:11,105 - SourceAnalyzer - DEBUG - logger.py:64 - 쿼리 실행 성공: 
                SELECT t.table_id 
              ...
2025-09-12 16:07:11,105 - SourceAnalyzer - DEBUG - logger.py:64 - 쿼리 실행 성공: 
                SELECT t.table_id 
              ...
2025-09-12 16:07:11,105 - SourceAnalyzer - DEBUG - logger.py:64 - 쿼리 실행 성공: 
                SELECT t.table_id 
              ...
2025-09-12 16:07:11,105 - SourceAnalyzer - DEBUG - logger.py:64 - 쿼리 실행 성공: 
                SELECT t.table_id 
              ...
2025-09-12 16:07:11,105 - SourceAnalyzer - DEBUG - logger.py:64 - 쿼리 실행 성공: 
                SELECT t.table_id 
              ...
2025-09-12 16:07:11,105 - SourceAnalyzer - DEBUG - logger.py:64 - 쿼리 실행 성공: 
                SELECT t.table_id 
              ...
2025-09-12 16:07:11,105 - SourceAnalyzer - DEBUG - logger.py:64 - 쿼리 실행 성공: 
                SELECT t.table_id 
              ...
2025-09-12 16:07:11,105 - SourceAnalyzer - DEBUG - logger.py:64 - 쿼리 실행 성공: 
                SELECT t.table_id 
              ...
2025-09-12 16:07:11,105 - SourceAnalyzer - DEBUG - logger.py:64 - 쿼리 실행 성공: 
                SELECT t.table_id 
              ...
2025-09-12 16:07:11,105 - SourceAnalyzer - DEBUG - logger.py:64 - 쿼리 실행 성공: 
                SELECT t.table_id 
              ...
2025-09-12 16:07:11,105 - SourceAnalyzer - DEBUG - logger.py:64 - 쿼리 실행 성공: 
                SELECT t.table_id 
              ...
2025-09-12 16:07:11,105 - SourceAnalyzer - DEBUG - logger.py:64 - 쿼리 실행 성공: 
                SELECT t.table_id 
              ...
2025-09-12 16:07:11,105 - SourceAnalyzer - DEBUG - logger.py:64 - 쿼리 실행 성공: 
                SELECT t.table_id 
              ...
2025-09-12 16:07:11,106 - SourceAnalyzer - DEBUG - logger.py:64 - 쿼리 실행 성공: 
                SELECT t.table_id 
              ...
2025-09-12 16:07:11,106 - SourceAnalyzer - DEBUG - logger.py:64 - 쿼리 실행 성공: 
                SELECT t.table_id 
              ...
2025-09-12 16:07:11,106 - SourceAnalyzer - DEBUG - logger.py:64 - 쿼리 실행 성공: 
                SELECT t.table_id 
              ...
2025-09-12 16:07:11,106 - SourceAnalyzer - DEBUG - logger.py:64 - 쿼리 실행 성공: 
                SELECT t.table_id 
              ...
2025-09-12 16:07:11,106 - SourceAnalyzer - DEBUG - logger.py:64 - 쿼리 실행 성공: 
                SELECT t.table_id 
              ...
2025-09-12 16:07:11,106 - SourceAnalyzer - DEBUG - logger.py:64 - 쿼리 실행 성공: 
                SELECT t.table_id 
              ...
2025-09-12 16:07:11,106 - SourceAnalyzer - DEBUG - logger.py:64 - 쿼리 실행 성공: 
                SELECT t.table_id 
              ...
2025-09-12 16:07:11,106 - SourceAnalyzer - DEBUG - logger.py:64 - 쿼리 실행 성공: 
                SELECT t.table_id 
              ...
2025-09-12 16:07:11,106 - SourceAnalyzer - DEBUG - logger.py:64 - 쿼리 실행 성공: 
                SELECT t.table_id 
              ...
2025-09-12 16:07:11,106 - SourceAnalyzer - DEBUG - logger.py:64 - 쿼리 실행 성공: 
                SELECT t.table_id 
              ...
2025-09-12 16:07:11,106 - SourceAnalyzer - DEBUG - logger.py:64 - 쿼리 실행 성공: 
                SELECT t.table_id 
              ...
2025-09-12 16:07:11,106 - SourceAnalyzer - DEBUG - logger.py:64 - 쿼리 실행 성공: 
                SELECT t.table_id 
              ...
2025-09-12 16:07:11,106 - SourceAnalyzer - DEBUG - logger.py:64 - 쿼리 실행 성공: 
                SELECT t.table_id 
              ...
2025-09-12 16:07:11,106 - SourceAnalyzer - DEBUG - logger.py:64 - 쿼리 실행 성공: 
                SELECT t.table_id 
              ...
2025-09-12 16:07:11,106 - SourceAnalyzer - DEBUG - logger.py:64 - 쿼리 실행 성공: 
                SELECT t.table_id 
              ...
2025-09-12 16:07:11,106 - SourceAnalyzer - DEBUG - logger.py:64 - 쿼리 실행 성공: 
                SELECT t.table_id 
              ...
2025-09-12 16:07:11,106 - SourceAnalyzer - DEBUG - logger.py:64 - 쿼리 실행 성공: 
                SELECT t.table_id 
              ...
2025-09-12 16:07:11,106 - SourceAnalyzer - DEBUG - logger.py:64 - 쿼리 실행 성공: 
                SELECT t.table_id 
              ...
2025-09-12 16:07:11,107 - SourceAnalyzer - DEBUG - logger.py:64 - 쿼리 실행 성공: 
                SELECT t.table_id 
              ...
2025-09-12 16:07:11,107 - SourceAnalyzer - DEBUG - logger.py:64 - 쿼리 실행 성공: 
                SELECT t.table_id 
              ...
2025-09-12 16:07:11,107 - SourceAnalyzer - DEBUG - logger.py:64 - 쿼리 실행 성공: 
                SELECT t.table_id 
              ...
2025-09-12 16:07:11,107 - SourceAnalyzer - DEBUG - logger.py:64 - 쿼리 실행 성공: 
                SELECT t.table_id 
              ...
2025-09-12 16:07:11,107 - SourceAnalyzer - DEBUG - logger.py:64 - 쿼리 실행 성공: 
                SELECT t.table_id 
              ...
2025-09-12 16:07:11,107 - SourceAnalyzer - DEBUG - logger.py:64 - 쿼리 실행 성공: 
                SELECT t.table_id 
              ...
2025-09-12 16:07:11,107 - SourceAnalyzer - DEBUG - logger.py:64 - 쿼리 실행 성공: 
                SELECT t.table_id 
              ...
2025-09-12 16:07:11,107 - SourceAnalyzer - DEBUG - logger.py:64 - 쿼리 실행 성공: 
                SELECT t.table_id 
              ...
2025-09-12 16:07:11,107 - SourceAnalyzer - DEBUG - logger.py:64 - 쿼리 실행 성공: 
                SELECT t.table_id 
              ...
2025-09-12 16:07:11,107 - SourceAnalyzer - DEBUG - logger.py:64 - 쿼리 실행 성공: 
                SELECT t.table_id 
              ...
2025-09-12 16:07:11,107 - SourceAnalyzer - DEBUG - logger.py:64 - 쿼리 실행 성공: 
                SELECT t.table_id 
              ...
2025-09-12 16:07:11,107 - SourceAnalyzer - DEBUG - logger.py:64 - 쿼리 실행 성공: 
                SELECT t.table_id 
              ...
2025-09-12 16:07:11,107 - SourceAnalyzer - DEBUG - logger.py:64 - 쿼리 실행 성공: 
                SELECT t.table_id 
              ...
2025-09-12 16:07:11,107 - SourceAnalyzer - DEBUG - logger.py:64 - 쿼리 실행 성공: 
                SELECT t.table_id 
              ...
2025-09-12 16:07:11,107 - SourceAnalyzer - DEBUG - logger.py:64 - 쿼리 실행 성공: 
                SELECT t.table_id 
              ...
2025-09-12 16:07:11,107 - SourceAnalyzer - DEBUG - logger.py:64 - 쿼리 실행 성공: 
                SELECT t.table_id 
              ...
2025-09-12 16:07:11,107 - SourceAnalyzer - DEBUG - logger.py:64 - 쿼리 실행 성공: 
                SELECT t.table_id 
              ...
2025-09-12 16:07:11,107 - SourceAnalyzer - DEBUG - logger.py:64 - 쿼리 실행 성공: 
                SELECT t.table_id 
              ...
2025-09-12 16:07:11,108 - SourceAnalyzer - DEBUG - logger.py:64 - 쿼리 실행 성공: 
                SELECT t.table_id 
              ...
2025-09-12 16:07:11,108 - SourceAnalyzer - DEBUG - logger.py:64 - 쿼리 실행 성공: 
                SELECT t.table_id 
              ...
2025-09-12 16:07:11,108 - SourceAnalyzer - DEBUG - logger.py:64 - 쿼리 실행 성공: 
                SELECT t.table_id 
              ...
2025-09-12 16:07:11,108 - SourceAnalyzer - DEBUG - logger.py:64 - 쿼리 실행 성공: 
                SELECT t.table_id 
              ...
2025-09-12 16:07:11,108 - SourceAnalyzer - DEBUG - logger.py:64 - 쿼리 실행 성공: 
                SELECT t.table_id 
              ...
2025-09-12 16:07:11,108 - SourceAnalyzer - DEBUG - logger.py:64 - 쿼리 실행 성공: 
                SELECT t.table_id 
              ...
2025-09-12 16:07:11,108 - SourceAnalyzer - DEBUG - logger.py:64 - 쿼리 실행 성공: 
                SELECT t.table_id 
              ...
2025-09-12 16:07:11,108 - SourceAnalyzer - DEBUG - logger.py:64 - 쿼리 실행 성공: 
                SELECT t.table_id 
              ...
2025-09-12 16:07:11,108 - SourceAnalyzer - DEBUG - logger.py:64 - 쿼리 실행 성공: 
                SELECT t.table_id 
              ...
2025-09-12 16:07:11,108 - SourceAnalyzer - DEBUG - logger.py:64 - 쿼리 실행 성공: 
                SELECT t.table_id 
              ...
2025-09-12 16:07:11,108 - SourceAnalyzer - DEBUG - logger.py:64 - 쿼리 실행 성공: 
                SELECT t.table_id 
              ...
2025-09-12 16:07:11,108 - SourceAnalyzer - DEBUG - logger.py:64 - 쿼리 실행 성공: 
                SELECT t.table_id 
              ...
2025-09-12 16:07:11,108 - SourceAnalyzer - DEBUG - logger.py:64 - 쿼리 실행 성공: 
                SELECT t.table_id 
              ...
2025-09-12 16:07:11,108 - SourceAnalyzer - DEBUG - logger.py:64 - 쿼리 실행 성공: 
                SELECT t.table_id 
              ...
2025-09-12 16:07:11,108 - SourceAnalyzer - DEBUG - logger.py:64 - 쿼리 실행 성공: 
                SELECT t.table_id 
              ...
2025-09-12 16:07:11,109 - SourceAnalyzer - DEBUG - logger.py:64 - 배치 쿼리 실행 성공: 
            INSERT OR IGNORE INTO columns (table_..., 처리된 행: 91
2025-09-12 16:07:11,109 - SourceAnalyzer - INFO - logger.py:68 - 컬럼 정보 저장 완료: 91개 컬럼 (오류: 0개)
2025-09-12 16:07:11,109 - SourceAnalyzer - DEBUG - logger.py:64 - 쿼리 실행 성공: 
                SELECT f.file_id 
               ...
2025-09-12 16:07:11,109 - SourceAnalyzer - DEBUG - logger.py:64 - 쿼리 실행 성공: 
                SELECT table_id, table_name, tabl...
2025-09-12 16:07:11,109 - SourceAnalyzer - DEBUG - logger.py:64 - 배치 쿼리 실행 성공: 
            INSERT OR IGNORE INTO components (pro..., 처리된 행: 16
2025-09-12 16:07:11,109 - SourceAnalyzer - INFO - logger.py:68 - 테이블 컴포넌트 생성 완료: 16개
2025-09-12 16:07:11,109 - SourceAnalyzer - DEBUG - logger.py:64 - 업데이트 쿼리 실행 성공: 
                UPDATE tables 
                SE..., 영향받은 행: 16
2025-09-12 16:07:11,110 - SourceAnalyzer - DEBUG - logger.py:64 - 테이블 component_id 업데이트 완료
2025-09-12 16:07:11,110 - SourceAnalyzer - DEBUG - logger.py:64 - 쿼리 실행 성공: 
                SELECT f.file_id 
               ...
2025-09-12 16:07:11,110 - SourceAnalyzer - DEBUG - logger.py:64 - 쿼리 실행 성공: 
                SELECT c.column_id, c.column_name...
2025-09-12 16:07:11,111 - SourceAnalyzer - DEBUG - logger.py:64 - 배치 쿼리 실행 성공: 
            INSERT OR IGNORE INTO components (pro..., 처리된 행: 91
2025-09-12 16:07:11,111 - SourceAnalyzer - INFO - logger.py:68 - 컬럼 컴포넌트 생성 완료: 91개
2025-09-12 16:07:11,111 - SourceAnalyzer - INFO - logger.py:68 - === 데이터베이스 구조 저장 통계 ===
2025-09-12 16:07:11,111 - SourceAnalyzer - INFO - logger.py:68 - 테이블 로드: 16 (오류: 0)
2025-09-12 16:07:11,111 - SourceAnalyzer - INFO - logger.py:68 - 컬럼 로드: 91 (오류: 0)
2025-09-12 16:07:11,111 - SourceAnalyzer - INFO - logger.py:68 - 컴포넌트 생성: 107 (오류: 0)
2025-09-12 16:07:11,111 - SourceAnalyzer - INFO - logger.py:68 - 오류 없이 완료
2025-09-12 16:07:11,111 - SourceAnalyzer - INFO - logger.py:68 - === 데이터베이스 로딩 완료 ===
2025-09-12 16:07:11,114 - SourceAnalyzer - DEBUG - logger.py:64 - 데이터베이스 연결 해제: D:\Analyzer\CreateMetaDb\projects\sampleSrc\metadata.db
2025-09-12 16:07:11,114 - SourceAnalyzer - INFO - logger.py:68 - 데이터베이스 로딩 완료: 데이터베이스 구조 저장
2025-09-12 16:07:11,123 - SourceAnalyzer - DEBUG - logger.py:64 - 파일 읽기 성공: config/parser/sql_keyword.yaml
2025-09-12 16:07:11,143 - SourceAnalyzer - DEBUG - logger.py:64 - YAML 설정 파일 로드 성공: config/parser/sql_keyword.yaml
2025-09-12 16:07:11,143 - SourceAnalyzer - INFO - logger.py:68 - === XML 로딩 시작: 3~4단계 통합 처리 ===
2025-09-12 16:07:11,145 - SourceAnalyzer - DEBUG - logger.py:64 - 데이터베이스 연결 성공: D:\Analyzer\CreateMetaDb\projects\sampleSrc\metadata.db
2025-09-12 16:07:11,146 - SourceAnalyzer - DEBUG - logger.py:64 - 파일 읽기 성공: D:\Analyzer\CreateMetaDb\projects\sampleSrc\src\com\example\dynamicquery\UserMapper.xml
2025-09-12 16:07:11,147 - SourceAnalyzer - DEBUG - logger.py:64 - 파일 읽기 성공: D:\Analyzer\CreateMetaDb\projects\sampleSrc\src\main\resources\mybatis\mapper\ImplicitJoinMapper.xml
2025-09-12 16:07:11,147 - SourceAnalyzer - DEBUG - logger.py:64 - 파일 읽기 성공: D:\Analyzer\CreateMetaDb\projects\sampleSrc\src\main\resources\mybatis\mapper\MixedErrorMapper.xml
2025-09-12 16:07:11,147 - SourceAnalyzer - DEBUG - logger.py:64 - 파일 읽기 성공: D:\Analyzer\CreateMetaDb\projects\sampleSrc\src\main\resources\mybatis\mapper\ProductMapper.xml
2025-09-12 16:07:11,147 - SourceAnalyzer - DEBUG - logger.py:64 - 파일 읽기 성공: D:\Analyzer\CreateMetaDb\projects\sampleSrc\src\main\resources\mybatis\mapper\UserMapper.xml
2025-09-12 16:07:11,148 - SourceAnalyzer - INFO - logger.py:68 - MyBatis XML 파일 수집 완료: 5개
2025-09-12 16:07:11,149 - SourceAnalyzer - DEBUG - logger.py:64 - 파일 읽기 성공: D:\Analyzer\CreateMetaDb\projects\sampleSrc\src\com\example\dynamicquery\UserMapper.xml
2025-09-12 16:07:11,155 - SourceAnalyzer - DEBUG - logger.py:64 - 파일 읽기 성공: D:\Analyzer\CreateMetaDb\projects\sampleSrc\src\com\example\dynamicquery\UserMapper.xml
2025-09-12 16:07:11,155 - SourceAnalyzer - DEBUG - logger.py:64 - 파일 읽기 성공: D:\Analyzer\CreateMetaDb\projects\sampleSrc\src\com\example\dynamicquery\UserMapper.xml
2025-09-12 16:07:11,155 - SourceAnalyzer - DEBUG - logger.py:64 - 파일 읽기 성공: D:\Analyzer\CreateMetaDb\projects\sampleSrc\src\com\example\dynamicquery\UserMapper.xml
2025-09-12 16:07:11,156 - SourceAnalyzer - DEBUG - logger.py:64 - 파일 읽기 성공: D:\Analyzer\CreateMetaDb\projects\sampleSrc\src\com\example\dynamicquery\UserMapper.xml
2025-09-12 16:07:11,156 - SourceAnalyzer - DEBUG - logger.py:64 - 파일 읽기 성공: D:\Analyzer\CreateMetaDb\projects\sampleSrc\src\com\example\dynamicquery\UserMapper.xml
2025-09-12 16:07:11,157 - SourceAnalyzer - DEBUG - logger.py:64 - 파일 읽기 성공: D:\Analyzer\CreateMetaDb\projects\sampleSrc\src\com\example\dynamicquery\UserMapper.xml
2025-09-12 16:07:11,157 - SourceAnalyzer - DEBUG - logger.py:64 - 파일 읽기 성공: D:\Analyzer\CreateMetaDb\projects\sampleSrc\src\com\example\dynamicquery\UserMapper.xml
2025-09-12 16:07:11,158 - SourceAnalyzer - DEBUG - logger.py:64 - 쿼리 실행 성공: SELECT project_id FROM projects WHERE project_name...
2025-09-12 16:07:11,158 - SourceAnalyzer - DEBUG - logger.py:64 - 쿼리 실행 성공: 
                SELECT file_id FROM files 
      ...
2025-09-12 16:07:11,158 - SourceAnalyzer - DEBUG - logger.py:64 - 쿼리 실행 성공: 
                SELECT file_id FROM files 
      ...
2025-09-12 16:07:11,158 - SourceAnalyzer - DEBUG - logger.py:64 - 쿼리 실행 성공: 
                SELECT file_id FROM files 
      ...
2025-09-12 16:07:11,158 - SourceAnalyzer - DEBUG - logger.py:64 - 쿼리 실행 성공: 
                SELECT file_id FROM files 
      ...
2025-09-12 16:07:11,158 - SourceAnalyzer - DEBUG - logger.py:64 - 쿼리 실행 성공: 
                SELECT file_id FROM files 
      ...
2025-09-12 16:07:11,158 - SourceAnalyzer - DEBUG - logger.py:64 - 쿼리 실행 성공: 
                SELECT file_id FROM files 
      ...
2025-09-12 16:07:11,158 - SourceAnalyzer - DEBUG - logger.py:64 - 쿼리 실행 성공: 
                SELECT file_id FROM files 
      ...
2025-09-12 16:07:11,158 - SourceAnalyzer - DEBUG - logger.py:64 - 쿼리 실행 성공: 
                SELECT file_id FROM files 
      ...
2025-09-12 16:07:11,160 - SourceAnalyzer - DEBUG - logger.py:64 - 배치 쿼리 실행 성공: 
            INSERT OR IGNORE INTO components (pro..., 처리된 행: 8
2025-09-12 16:07:11,160 - SourceAnalyzer - INFO - logger.py:68 - SQL 컴포넌트 저장 완료: 8개
2025-09-12 16:07:11,160 - SourceAnalyzer - DEBUG - logger.py:64 - 쿼리 실행 성공: SELECT project_id FROM projects WHERE project_name...
2025-09-12 16:07:11,160 - SourceAnalyzer - DEBUG - logger.py:64 - 쿼리 실행 성공: 
            SELECT c.component_id 
            FR...
2025-09-12 16:07:11,160 - SourceAnalyzer - DEBUG - logger.py:64 - 쿼리 실행 성공: 
            SELECT c.component_id 
            FR...
2025-09-12 16:07:11,160 - SourceAnalyzer - INFO - logger.py:68 - inferred 테이블 생성 시도: DEPARTMENTS
2025-09-12 16:07:11,160 - SourceAnalyzer - DEBUG - logger.py:64 - 업데이트 쿼리 실행 성공: 
            INSERT OR IGNORE INTO tables (project..., 영향받은 행: 1
2025-09-12 16:07:11,160 - SourceAnalyzer - DEBUG - logger.py:64 - 업데이트 쿼리 실행 성공: 
            INSERT OR IGNORE INTO components (pro..., 영향받은 행: 0
2025-09-12 16:07:11,160 - SourceAnalyzer - ERROR - logger.py:76 - inferred 테이블 생성 실패: DEPARTMENTS
2025-09-12 16:07:11,160 - SourceAnalyzer - DEBUG - logger.py:64 - 쿼리 실행 성공: 
            SELECT c.component_id 
            FR...
2025-09-12 16:07:11,160 - SourceAnalyzer - DEBUG - logger.py:64 - 쿼리 실행 성공: 
            SELECT c.component_id 
            FR...
2025-09-12 16:07:11,160 - SourceAnalyzer - INFO - logger.py:68 - inferred 테이블 생성 시도: USER_PROFILES
2025-09-12 16:07:11,161 - SourceAnalyzer - DEBUG - logger.py:64 - 업데이트 쿼리 실행 성공: 
            INSERT OR IGNORE INTO tables (project..., 영향받은 행: 1
2025-09-12 16:07:11,161 - SourceAnalyzer - DEBUG - logger.py:64 - 업데이트 쿼리 실행 성공: 
            INSERT OR IGNORE INTO components (pro..., 영향받은 행: 0
2025-09-12 16:07:11,161 - SourceAnalyzer - ERROR - logger.py:76 - inferred 테이블 생성 실패: USER_PROFILES
2025-09-12 16:07:11,161 - SourceAnalyzer - DEBUG - logger.py:64 - 쿼리 실행 성공: 
            SELECT c.component_id 
            FR...
2025-09-12 16:07:11,161 - SourceAnalyzer - DEBUG - logger.py:64 - 쿼리 실행 성공: 
            SELECT c.component_id 
            FR...
2025-09-12 16:07:11,161 - SourceAnalyzer - INFO - logger.py:68 - inferred 테이블 생성 시도: DEPARTMENTS
2025-09-12 16:07:11,161 - SourceAnalyzer - DEBUG - logger.py:64 - 업데이트 쿼리 실행 성공: 
            INSERT OR IGNORE INTO tables (project..., 영향받은 행: 0
2025-09-12 16:07:11,161 - SourceAnalyzer - ERROR - logger.py:76 - inferred 테이블 생성 실패: DEPARTMENTS
2025-09-12 16:07:11,161 - SourceAnalyzer - DEBUG - logger.py:64 - 쿼리 실행 성공: 
            SELECT c.component_id 
            FR...
2025-09-12 16:07:11,161 - SourceAnalyzer - DEBUG - logger.py:64 - 쿼리 실행 성공: 
            SELECT c.component_id 
            FR...
2025-09-12 16:07:11,161 - SourceAnalyzer - INFO - logger.py:68 - inferred 테이블 생성 시도: DEPARTMENTS
2025-09-12 16:07:11,161 - SourceAnalyzer - DEBUG - logger.py:64 - 업데이트 쿼리 실행 성공: 
            INSERT OR IGNORE INTO tables (project..., 영향받은 행: 0
2025-09-12 16:07:11,161 - SourceAnalyzer - ERROR - logger.py:76 - inferred 테이블 생성 실패: DEPARTMENTS
2025-09-12 16:07:11,161 - SourceAnalyzer - DEBUG - logger.py:64 - 쿼리 실행 성공: 
            SELECT c.component_id 
            FR...
2025-09-12 16:07:11,161 - SourceAnalyzer - DEBUG - logger.py:64 - 쿼리 실행 성공: 
            SELECT c.component_id 
            FR...
2025-09-12 16:07:11,161 - SourceAnalyzer - DEBUG - logger.py:64 - 쿼리 실행 성공: 
            SELECT c.component_id 
            FR...
2025-09-12 16:07:11,161 - SourceAnalyzer - DEBUG - logger.py:64 - 쿼리 실행 성공: 
            SELECT c.component_id 
            FR...
2025-09-12 16:07:11,161 - SourceAnalyzer - DEBUG - logger.py:64 - 쿼리 실행 성공: 
            SELECT c.component_id 
            FR...
2025-09-12 16:07:11,162 - SourceAnalyzer - DEBUG - logger.py:64 - 쿼리 실행 성공: 
            SELECT c.component_id 
            FR...
2025-09-12 16:07:11,162 - SourceAnalyzer - INFO - logger.py:68 - inferred 테이블 생성 시도: DEPARTMENTS
2025-09-12 16:07:11,162 - SourceAnalyzer - DEBUG - logger.py:64 - 업데이트 쿼리 실행 성공: 
            INSERT OR IGNORE INTO tables (project..., 영향받은 행: 0
2025-09-12 16:07:11,162 - SourceAnalyzer - ERROR - logger.py:76 - inferred 테이블 생성 실패: DEPARTMENTS
2025-09-12 16:07:11,162 - SourceAnalyzer - DEBUG - logger.py:64 - 쿼리 실행 성공: 
            SELECT c.component_id 
            FR...
2025-09-12 16:07:11,162 - SourceAnalyzer - DEBUG - logger.py:64 - 쿼리 실행 성공: 
            SELECT c.component_id 
            FR...
2025-09-12 16:07:11,162 - SourceAnalyzer - INFO - logger.py:68 - inferred 테이블 생성 시도: USER_PROFILES
2025-09-12 16:07:11,162 - SourceAnalyzer - DEBUG - logger.py:64 - 업데이트 쿼리 실행 성공: 
            INSERT OR IGNORE INTO tables (project..., 영향받은 행: 0
2025-09-12 16:07:11,162 - SourceAnalyzer - ERROR - logger.py:76 - inferred 테이블 생성 실패: USER_PROFILES
2025-09-12 16:07:11,162 - SourceAnalyzer - DEBUG - logger.py:64 - 쿼리 실행 성공: 
            SELECT c.component_id 
            FR...
2025-09-12 16:07:11,162 - SourceAnalyzer - DEBUG - logger.py:64 - 쿼리 실행 성공: 
            SELECT c.component_id 
            FR...
2025-09-12 16:07:11,162 - SourceAnalyzer - DEBUG - logger.py:64 - 쿼리 실행 성공: 
            SELECT c.component_id 
            FR...
2025-09-12 16:07:11,162 - SourceAnalyzer - DEBUG - logger.py:64 - 쿼리 실행 성공: 
            SELECT c.component_id 
            FR...
2025-09-12 16:07:11,162 - SourceAnalyzer - INFO - logger.py:68 - inferred 테이블 생성 시도: USER_ROLES
2025-09-12 16:07:11,162 - SourceAnalyzer - DEBUG - logger.py:64 - 업데이트 쿼리 실행 성공: 
            INSERT OR IGNORE INTO tables (project..., 영향받은 행: 1
2025-09-12 16:07:11,162 - SourceAnalyzer - DEBUG - logger.py:64 - 업데이트 쿼리 실행 성공: 
            INSERT OR IGNORE INTO components (pro..., 영향받은 행: 0
2025-09-12 16:07:11,163 - SourceAnalyzer - ERROR - logger.py:76 - inferred 테이블 생성 실패: USER_ROLES
2025-09-12 16:07:11,163 - SourceAnalyzer - DEBUG - logger.py:64 - 쿼리 실행 성공: 
            SELECT c.component_id 
            FR...
2025-09-12 16:07:11,163 - SourceAnalyzer - INFO - logger.py:68 - inferred 테이블 생성 시도: USER_ROLES
2025-09-12 16:07:11,163 - SourceAnalyzer - DEBUG - logger.py:64 - 업데이트 쿼리 실행 성공: 
            INSERT OR IGNORE INTO tables (project..., 영향받은 행: 0
2025-09-12 16:07:11,163 - SourceAnalyzer - ERROR - logger.py:76 - inferred 테이블 생성 실패: USER_ROLES
2025-09-12 16:07:11,163 - SourceAnalyzer - DEBUG - logger.py:64 - 쿼리 실행 성공: 
            SELECT c.component_id 
            FR...
2025-09-12 16:07:11,163 - SourceAnalyzer - INFO - logger.py:68 - inferred 테이블 생성 시도: ROLES
2025-09-12 16:07:11,163 - SourceAnalyzer - DEBUG - logger.py:64 - 업데이트 쿼리 실행 성공: 
            INSERT OR IGNORE INTO tables (project..., 영향받은 행: 1
2025-09-12 16:07:11,163 - SourceAnalyzer - DEBUG - logger.py:64 - 업데이트 쿼리 실행 성공: 
            INSERT OR IGNORE INTO components (pro..., 영향받은 행: 0
2025-09-12 16:07:11,163 - SourceAnalyzer - ERROR - logger.py:76 - inferred 테이블 생성 실패: ROLES
2025-09-12 16:07:11,163 - SourceAnalyzer - DEBUG - logger.py:64 - 쿼리 실행 성공: 
            SELECT c.component_id 
            FR...
2025-09-12 16:07:11,163 - SourceAnalyzer - DEBUG - logger.py:64 - 쿼리 실행 성공: 
            SELECT c.component_id 
            FR...
2025-09-12 16:07:11,163 - SourceAnalyzer - DEBUG - logger.py:64 - 쿼리 실행 성공: 
            SELECT c.component_id 
            FR...
2025-09-12 16:07:11,163 - SourceAnalyzer - DEBUG - logger.py:64 - 쿼리 실행 성공: 
            SELECT c.component_id 
            FR...
2025-09-12 16:07:11,163 - SourceAnalyzer - INFO - logger.py:68 - inferred 테이블 생성 시도: DEPARTMENTS
2025-09-12 16:07:11,163 - SourceAnalyzer - DEBUG - logger.py:64 - 업데이트 쿼리 실행 성공: 
            INSERT OR IGNORE INTO tables (project..., 영향받은 행: 0
2025-09-12 16:07:11,164 - SourceAnalyzer - ERROR - logger.py:76 - inferred 테이블 생성 실패: DEPARTMENTS
2025-09-12 16:07:11,164 - SourceAnalyzer - DEBUG - logger.py:64 - 쿼리 실행 성공: 
            SELECT c.component_id 
            FR...
2025-09-12 16:07:11,164 - SourceAnalyzer - DEBUG - logger.py:64 - 쿼리 실행 성공: 
            SELECT c.component_id 
            FR...
2025-09-12 16:07:11,164 - SourceAnalyzer - INFO - logger.py:68 - inferred 테이블 생성 시도: USER_PROFILES
2025-09-12 16:07:11,164 - SourceAnalyzer - DEBUG - logger.py:64 - 업데이트 쿼리 실행 성공: 
            INSERT OR IGNORE INTO tables (project..., 영향받은 행: 0
2025-09-12 16:07:11,164 - SourceAnalyzer - ERROR - logger.py:76 - inferred 테이블 생성 실패: USER_PROFILES
2025-09-12 16:07:11,164 - SourceAnalyzer - DEBUG - logger.py:64 - 쿼리 실행 성공: 
            SELECT c.component_id 
            FR...
2025-09-12 16:07:11,164 - SourceAnalyzer - DEBUG - logger.py:64 - 쿼리 실행 성공: 
            SELECT c.component_id 
            FR...
2025-09-12 16:07:11,164 - SourceAnalyzer - DEBUG - logger.py:64 - 배치 쿼리 실행 성공: 
            INSERT OR IGNORE INTO relationships (..., 처리된 행: 5
2025-09-12 16:07:11,164 - SourceAnalyzer - INFO - logger.py:68 - JOIN 관계 저장 완료: 5개
2025-09-12 16:07:11,165 - SourceAnalyzer - DEBUG - logger.py:64 - 파일 읽기 성공: D:\Analyzer\CreateMetaDb\projects\sampleSrc\src\main\resources\mybatis\mapper\ImplicitJoinMapper.xml
2025-09-12 16:07:11,165 - SourceAnalyzer - DEBUG - logger.py:64 - 파일 읽기 성공: D:\Analyzer\CreateMetaDb\projects\sampleSrc\src\main\resources\mybatis\mapper\ImplicitJoinMapper.xml
2025-09-12 16:07:11,165 - SourceAnalyzer - DEBUG - logger.py:64 - 파일 읽기 성공: D:\Analyzer\CreateMetaDb\projects\sampleSrc\src\main\resources\mybatis\mapper\ImplicitJoinMapper.xml
2025-09-12 16:07:11,166 - SourceAnalyzer - DEBUG - logger.py:64 - 파일 읽기 성공: D:\Analyzer\CreateMetaDb\projects\sampleSrc\src\main\resources\mybatis\mapper\ImplicitJoinMapper.xml
2025-09-12 16:07:11,166 - SourceAnalyzer - DEBUG - logger.py:64 - 파일 읽기 성공: D:\Analyzer\CreateMetaDb\projects\sampleSrc\src\main\resources\mybatis\mapper\ImplicitJoinMapper.xml
2025-09-12 16:07:11,166 - SourceAnalyzer - DEBUG - logger.py:64 - 쿼리 실행 성공: SELECT project_id FROM projects WHERE project_name...
2025-09-12 16:07:11,166 - SourceAnalyzer - DEBUG - logger.py:64 - 쿼리 실행 성공: 
                SELECT file_id FROM files 
      ...
2025-09-12 16:07:11,166 - SourceAnalyzer - DEBUG - logger.py:64 - 쿼리 실행 성공: 
                SELECT file_id FROM files 
      ...
2025-09-12 16:07:11,167 - SourceAnalyzer - DEBUG - logger.py:64 - 쿼리 실행 성공: 
                SELECT file_id FROM files 
      ...
2025-09-12 16:07:11,167 - SourceAnalyzer - DEBUG - logger.py:64 - 쿼리 실행 성공: 
                SELECT file_id FROM files 
      ...
2025-09-12 16:07:11,167 - SourceAnalyzer - DEBUG - logger.py:64 - 쿼리 실행 성공: 
                SELECT file_id FROM files 
      ...
2025-09-12 16:07:11,167 - SourceAnalyzer - DEBUG - logger.py:64 - 배치 쿼리 실행 성공: 
            INSERT OR IGNORE INTO components (pro..., 처리된 행: 5
2025-09-12 16:07:11,167 - SourceAnalyzer - INFO - logger.py:68 - SQL 컴포넌트 저장 완료: 5개
2025-09-12 16:07:11,167 - SourceAnalyzer - DEBUG - logger.py:64 - 쿼리 실행 성공: SELECT project_id FROM projects WHERE project_name...
2025-09-12 16:07:11,167 - SourceAnalyzer - DEBUG - logger.py:64 - 쿼리 실행 성공: 
            SELECT c.component_id 
            FR...
2025-09-12 16:07:11,167 - SourceAnalyzer - DEBUG - logger.py:64 - 쿼리 실행 성공: 
            SELECT c.component_id 
            FR...
2025-09-12 16:07:11,167 - SourceAnalyzer - DEBUG - logger.py:64 - 쿼리 실행 성공: 
            SELECT c.component_id 
            FR...
2025-09-12 16:07:11,167 - SourceAnalyzer - DEBUG - logger.py:64 - 쿼리 실행 성공: 
            SELECT c.component_id 
            FR...
2025-09-12 16:07:11,167 - SourceAnalyzer - DEBUG - logger.py:64 - 쿼리 실행 성공: 
            SELECT c.component_id 
            FR...
2025-09-12 16:07:11,167 - SourceAnalyzer - DEBUG - logger.py:64 - 쿼리 실행 성공: 
            SELECT c.component_id 
            FR...
2025-09-12 16:07:11,167 - SourceAnalyzer - DEBUG - logger.py:64 - 쿼리 실행 성공: 
            SELECT c.component_id 
            FR...
2025-09-12 16:07:11,167 - SourceAnalyzer - DEBUG - logger.py:64 - 쿼리 실행 성공: 
            SELECT c.component_id 
            FR...
2025-09-12 16:07:11,167 - SourceAnalyzer - DEBUG - logger.py:64 - 쿼리 실행 성공: 
            SELECT c.component_id 
            FR...
2025-09-12 16:07:11,167 - SourceAnalyzer - DEBUG - logger.py:64 - 쿼리 실행 성공: 
            SELECT c.component_id 
            FR...
2025-09-12 16:07:11,167 - SourceAnalyzer - DEBUG - logger.py:64 - 쿼리 실행 성공: 
            SELECT c.component_id 
            FR...
2025-09-12 16:07:11,168 - SourceAnalyzer - DEBUG - logger.py:64 - 쿼리 실행 성공: 
            SELECT c.component_id 
            FR...
2025-09-12 16:07:11,168 - SourceAnalyzer - DEBUG - logger.py:64 - 쿼리 실행 성공: 
            SELECT c.component_id 
            FR...
2025-09-12 16:07:11,168 - SourceAnalyzer - DEBUG - logger.py:64 - 쿼리 실행 성공: 
            SELECT c.component_id 
            FR...
2025-09-12 16:07:11,168 - SourceAnalyzer - DEBUG - logger.py:64 - 배치 쿼리 실행 성공: 
            INSERT OR IGNORE INTO relationships (..., 처리된 행: 7
2025-09-12 16:07:11,168 - SourceAnalyzer - INFO - logger.py:68 - JOIN 관계 저장 완료: 7개
2025-09-12 16:07:11,168 - SourceAnalyzer - DEBUG - logger.py:64 - 파일 읽기 성공: D:\Analyzer\CreateMetaDb\projects\sampleSrc\src\main\resources\mybatis\mapper\MixedErrorMapper.xml
2025-09-12 16:07:11,169 - SourceAnalyzer - DEBUG - logger.py:64 - 파일 읽기 성공: D:\Analyzer\CreateMetaDb\projects\sampleSrc\src\main\resources\mybatis\mapper\MixedErrorMapper.xml
2025-09-12 16:07:11,169 - SourceAnalyzer - DEBUG - logger.py:64 - 파일 읽기 성공: D:\Analyzer\CreateMetaDb\projects\sampleSrc\src\main\resources\mybatis\mapper\MixedErrorMapper.xml
2025-09-12 16:07:11,169 - SourceAnalyzer - DEBUG - logger.py:64 - 파일 읽기 성공: D:\Analyzer\CreateMetaDb\projects\sampleSrc\src\main\resources\mybatis\mapper\MixedErrorMapper.xml
2025-09-12 16:07:11,169 - SourceAnalyzer - DEBUG - logger.py:64 - 파일 읽기 성공: D:\Analyzer\CreateMetaDb\projects\sampleSrc\src\main\resources\mybatis\mapper\MixedErrorMapper.xml
2025-09-12 16:07:11,170 - SourceAnalyzer - DEBUG - logger.py:64 - 파일 읽기 성공: D:\Analyzer\CreateMetaDb\projects\sampleSrc\src\main\resources\mybatis\mapper\MixedErrorMapper.xml
2025-09-12 16:07:11,170 - SourceAnalyzer - DEBUG - logger.py:64 - 파일 읽기 성공: D:\Analyzer\CreateMetaDb\projects\sampleSrc\src\main\resources\mybatis\mapper\MixedErrorMapper.xml
2025-09-12 16:07:11,170 - SourceAnalyzer - DEBUG - logger.py:64 - 파일 읽기 성공: D:\Analyzer\CreateMetaDb\projects\sampleSrc\src\main\resources\mybatis\mapper\MixedErrorMapper.xml
2025-09-12 16:07:11,171 - SourceAnalyzer - DEBUG - logger.py:64 - 파일 읽기 성공: D:\Analyzer\CreateMetaDb\projects\sampleSrc\src\main\resources\mybatis\mapper\MixedErrorMapper.xml
2025-09-12 16:07:11,171 - SourceAnalyzer - DEBUG - logger.py:64 - 파일 읽기 성공: D:\Analyzer\CreateMetaDb\projects\sampleSrc\src\main\resources\mybatis\mapper\MixedErrorMapper.xml
2025-09-12 16:07:11,171 - SourceAnalyzer - DEBUG - logger.py:64 - 파일 읽기 성공: D:\Analyzer\CreateMetaDb\projects\sampleSrc\src\main\resources\mybatis\mapper\MixedErrorMapper.xml
2025-09-12 16:07:11,172 - SourceAnalyzer - DEBUG - logger.py:64 - 파일 읽기 성공: D:\Analyzer\CreateMetaDb\projects\sampleSrc\src\main\resources\mybatis\mapper\MixedErrorMapper.xml
2025-09-12 16:07:11,172 - SourceAnalyzer - DEBUG - logger.py:64 - 쿼리 실행 성공: SELECT project_id FROM projects WHERE project_name...
2025-09-12 16:07:11,172 - SourceAnalyzer - DEBUG - logger.py:64 - 쿼리 실행 성공: 
                SELECT file_id FROM files 
      ...
2025-09-12 16:07:11,172 - SourceAnalyzer - DEBUG - logger.py:64 - 쿼리 실행 성공: 
                SELECT file_id FROM files 
      ...
2025-09-12 16:07:11,172 - SourceAnalyzer - DEBUG - logger.py:64 - 쿼리 실행 성공: 
                SELECT file_id FROM files 
      ...
2025-09-12 16:07:11,172 - SourceAnalyzer - DEBUG - logger.py:64 - 쿼리 실행 성공: 
                SELECT file_id FROM files 
      ...
2025-09-12 16:07:11,172 - SourceAnalyzer - DEBUG - logger.py:64 - 쿼리 실행 성공: 
                SELECT file_id FROM files 
      ...
2025-09-12 16:07:11,172 - SourceAnalyzer - DEBUG - logger.py:64 - 쿼리 실행 성공: 
                SELECT file_id FROM files 
      ...
2025-09-12 16:07:11,172 - SourceAnalyzer - DEBUG - logger.py:64 - 쿼리 실행 성공: 
                SELECT file_id FROM files 
      ...
2025-09-12 16:07:11,172 - SourceAnalyzer - DEBUG - logger.py:64 - 쿼리 실행 성공: 
                SELECT file_id FROM files 
      ...
2025-09-12 16:07:11,172 - SourceAnalyzer - DEBUG - logger.py:64 - 쿼리 실행 성공: 
                SELECT file_id FROM files 
      ...
2025-09-12 16:07:11,173 - SourceAnalyzer - DEBUG - logger.py:64 - 쿼리 실행 성공: 
                SELECT file_id FROM files 
      ...
2025-09-12 16:07:11,173 - SourceAnalyzer - DEBUG - logger.py:64 - 쿼리 실행 성공: 
                SELECT file_id FROM files 
      ...
2025-09-12 16:07:11,173 - SourceAnalyzer - DEBUG - logger.py:64 - 쿼리 실행 성공: 
                SELECT file_id FROM files 
      ...
2025-09-12 16:07:11,173 - SourceAnalyzer - DEBUG - logger.py:64 - 배치 쿼리 실행 성공: 
            INSERT OR IGNORE INTO components (pro..., 처리된 행: 12
2025-09-12 16:07:11,173 - SourceAnalyzer - INFO - logger.py:68 - SQL 컴포넌트 저장 완료: 12개
2025-09-12 16:07:11,173 - SourceAnalyzer - DEBUG - logger.py:64 - 파일 읽기 성공: D:\Analyzer\CreateMetaDb\projects\sampleSrc\src\main\resources\mybatis\mapper\ProductMapper.xml
2025-09-12 16:07:11,174 - SourceAnalyzer - DEBUG - logger.py:64 - 파일 읽기 성공: D:\Analyzer\CreateMetaDb\projects\sampleSrc\src\main\resources\mybatis\mapper\ProductMapper.xml
2025-09-12 16:07:11,174 - SourceAnalyzer - DEBUG - logger.py:64 - 파일 읽기 성공: D:\Analyzer\CreateMetaDb\projects\sampleSrc\src\main\resources\mybatis\mapper\ProductMapper.xml
2025-09-12 16:07:11,174 - SourceAnalyzer - DEBUG - logger.py:64 - 파일 읽기 성공: D:\Analyzer\CreateMetaDb\projects\sampleSrc\src\main\resources\mybatis\mapper\ProductMapper.xml
2025-09-12 16:07:11,175 - SourceAnalyzer - DEBUG - logger.py:64 - 파일 읽기 성공: D:\Analyzer\CreateMetaDb\projects\sampleSrc\src\main\resources\mybatis\mapper\ProductMapper.xml
2025-09-12 16:07:11,175 - SourceAnalyzer - DEBUG - logger.py:64 - 파일 읽기 성공: D:\Analyzer\CreateMetaDb\projects\sampleSrc\src\main\resources\mybatis\mapper\ProductMapper.xml
2025-09-12 16:07:11,175 - SourceAnalyzer - DEBUG - logger.py:64 - 파일 읽기 성공: D:\Analyzer\CreateMetaDb\projects\sampleSrc\src\main\resources\mybatis\mapper\ProductMapper.xml
2025-09-12 16:07:11,176 - SourceAnalyzer - DEBUG - logger.py:64 - 파일 읽기 성공: D:\Analyzer\CreateMetaDb\projects\sampleSrc\src\main\resources\mybatis\mapper\ProductMapper.xml
2025-09-12 16:07:11,176 - SourceAnalyzer - DEBUG - logger.py:64 - 파일 읽기 성공: D:\Analyzer\CreateMetaDb\projects\sampleSrc\src\main\resources\mybatis\mapper\ProductMapper.xml
2025-09-12 16:07:11,176 - SourceAnalyzer - DEBUG - logger.py:64 - 쿼리 실행 성공: SELECT project_id FROM projects WHERE project_name...
2025-09-12 16:07:11,176 - SourceAnalyzer - DEBUG - logger.py:64 - 쿼리 실행 성공: 
                SELECT file_id FROM files 
      ...
2025-09-12 16:07:11,177 - SourceAnalyzer - DEBUG - logger.py:64 - 쿼리 실행 성공: 
                SELECT file_id FROM files 
      ...
2025-09-12 16:07:11,177 - SourceAnalyzer - DEBUG - logger.py:64 - 쿼리 실행 성공: 
                SELECT file_id FROM files 
      ...
2025-09-12 16:07:11,177 - SourceAnalyzer - DEBUG - logger.py:64 - 쿼리 실행 성공: 
                SELECT file_id FROM files 
      ...
2025-09-12 16:07:11,177 - SourceAnalyzer - DEBUG - logger.py:64 - 쿼리 실행 성공: 
                SELECT file_id FROM files 
      ...
2025-09-12 16:07:11,177 - SourceAnalyzer - DEBUG - logger.py:64 - 쿼리 실행 성공: 
                SELECT file_id FROM files 
      ...
2025-09-12 16:07:11,177 - SourceAnalyzer - DEBUG - logger.py:64 - 쿼리 실행 성공: 
                SELECT file_id FROM files 
      ...
2025-09-12 16:07:11,177 - SourceAnalyzer - DEBUG - logger.py:64 - 쿼리 실행 성공: 
                SELECT file_id FROM files 
      ...
2025-09-12 16:07:11,177 - SourceAnalyzer - DEBUG - logger.py:64 - 쿼리 실행 성공: 
                SELECT file_id FROM files 
      ...
2025-09-12 16:07:11,177 - SourceAnalyzer - DEBUG - logger.py:64 - 배치 쿼리 실행 성공: 
            INSERT OR IGNORE INTO components (pro..., 처리된 행: 9
2025-09-12 16:07:11,177 - SourceAnalyzer - INFO - logger.py:68 - SQL 컴포넌트 저장 완료: 9개
2025-09-12 16:07:11,178 - SourceAnalyzer - DEBUG - logger.py:64 - 파일 읽기 성공: D:\Analyzer\CreateMetaDb\projects\sampleSrc\src\main\resources\mybatis\mapper\UserMapper.xml
2025-09-12 16:07:11,178 - SourceAnalyzer - DEBUG - logger.py:64 - 파일 읽기 성공: D:\Analyzer\CreateMetaDb\projects\sampleSrc\src\main\resources\mybatis\mapper\UserMapper.xml
2025-09-12 16:07:11,179 - SourceAnalyzer - DEBUG - logger.py:64 - 파일 읽기 성공: D:\Analyzer\CreateMetaDb\projects\sampleSrc\src\main\resources\mybatis\mapper\UserMapper.xml
2025-09-12 16:07:11,179 - SourceAnalyzer - DEBUG - logger.py:64 - 파일 읽기 성공: D:\Analyzer\CreateMetaDb\projects\sampleSrc\src\main\resources\mybatis\mapper\UserMapper.xml
2025-09-12 16:07:11,179 - SourceAnalyzer - DEBUG - logger.py:64 - 파일 읽기 성공: D:\Analyzer\CreateMetaDb\projects\sampleSrc\src\main\resources\mybatis\mapper\UserMapper.xml
2025-09-12 16:07:11,180 - SourceAnalyzer - DEBUG - logger.py:64 - 파일 읽기 성공: D:\Analyzer\CreateMetaDb\projects\sampleSrc\src\main\resources\mybatis\mapper\UserMapper.xml
2025-09-12 16:07:11,180 - SourceAnalyzer - DEBUG - logger.py:64 - 파일 읽기 성공: D:\Analyzer\CreateMetaDb\projects\sampleSrc\src\main\resources\mybatis\mapper\UserMapper.xml
2025-09-12 16:07:11,181 - SourceAnalyzer - DEBUG - logger.py:64 - 파일 읽기 성공: D:\Analyzer\CreateMetaDb\projects\sampleSrc\src\main\resources\mybatis\mapper\UserMapper.xml
2025-09-12 16:07:11,181 - SourceAnalyzer - DEBUG - logger.py:64 - 파일 읽기 성공: D:\Analyzer\CreateMetaDb\projects\sampleSrc\src\main\resources\mybatis\mapper\UserMapper.xml
2025-09-12 16:07:11,181 - SourceAnalyzer - DEBUG - logger.py:64 - 파일 읽기 성공: D:\Analyzer\CreateMetaDb\projects\sampleSrc\src\main\resources\mybatis\mapper\UserMapper.xml
2025-09-12 16:07:11,182 - SourceAnalyzer - DEBUG - logger.py:64 - 파일 읽기 성공: D:\Analyzer\CreateMetaDb\projects\sampleSrc\src\main\resources\mybatis\mapper\UserMapper.xml
2025-09-12 16:07:11,182 - SourceAnalyzer - DEBUG - logger.py:64 - 파일 읽기 성공: D:\Analyzer\CreateMetaDb\projects\sampleSrc\src\main\resources\mybatis\mapper\UserMapper.xml
2025-09-12 16:07:11,183 - SourceAnalyzer - DEBUG - logger.py:64 - 파일 읽기 성공: D:\Analyzer\CreateMetaDb\projects\sampleSrc\src\main\resources\mybatis\mapper\UserMapper.xml
2025-09-12 16:07:11,183 - SourceAnalyzer - DEBUG - logger.py:64 - 파일 읽기 성공: D:\Analyzer\CreateMetaDb\projects\sampleSrc\src\main\resources\mybatis\mapper\UserMapper.xml
2025-09-12 16:07:11,184 - SourceAnalyzer - DEBUG - logger.py:64 - 파일 읽기 성공: D:\Analyzer\CreateMetaDb\projects\sampleSrc\src\main\resources\mybatis\mapper\UserMapper.xml
2025-09-12 16:07:11,184 - SourceAnalyzer - DEBUG - logger.py:64 - 파일 읽기 성공: D:\Analyzer\CreateMetaDb\projects\sampleSrc\src\main\resources\mybatis\mapper\UserMapper.xml
2025-09-12 16:07:11,185 - SourceAnalyzer - DEBUG - logger.py:64 - 파일 읽기 성공: D:\Analyzer\CreateMetaDb\projects\sampleSrc\src\main\resources\mybatis\mapper\UserMapper.xml
2025-09-12 16:07:11,185 - SourceAnalyzer - DEBUG - logger.py:64 - 파일 읽기 성공: D:\Analyzer\CreateMetaDb\projects\sampleSrc\src\main\resources\mybatis\mapper\UserMapper.xml
2025-09-12 16:07:11,185 - SourceAnalyzer - DEBUG - logger.py:64 - 파일 읽기 성공: D:\Analyzer\CreateMetaDb\projects\sampleSrc\src\main\resources\mybatis\mapper\UserMapper.xml
2025-09-12 16:07:11,186 - SourceAnalyzer - DEBUG - logger.py:64 - 파일 읽기 성공: D:\Analyzer\CreateMetaDb\projects\sampleSrc\src\main\resources\mybatis\mapper\UserMapper.xml
2025-09-12 16:07:11,186 - SourceAnalyzer - DEBUG - logger.py:64 - 쿼리 실행 성공: SELECT project_id FROM projects WHERE project_name...
2025-09-12 16:07:11,186 - SourceAnalyzer - DEBUG - logger.py:64 - 쿼리 실행 성공: 
                SELECT file_id FROM files 
      ...
2025-09-12 16:07:11,186 - SourceAnalyzer - DEBUG - logger.py:64 - 쿼리 실행 성공: 
                SELECT file_id FROM files 
      ...
2025-09-12 16:07:11,186 - SourceAnalyzer - DEBUG - logger.py:64 - 쿼리 실행 성공: 
                SELECT file_id FROM files 
      ...
2025-09-12 16:07:11,186 - SourceAnalyzer - DEBUG - logger.py:64 - 쿼리 실행 성공: 
                SELECT file_id FROM files 
      ...
2025-09-12 16:07:11,186 - SourceAnalyzer - DEBUG - logger.py:64 - 쿼리 실행 성공: 
                SELECT file_id FROM files 
      ...
2025-09-12 16:07:11,186 - SourceAnalyzer - DEBUG - logger.py:64 - 쿼리 실행 성공: 
                SELECT file_id FROM files 
      ...
2025-09-12 16:07:11,186 - SourceAnalyzer - DEBUG - logger.py:64 - 쿼리 실행 성공: 
                SELECT file_id FROM files 
      ...
2025-09-12 16:07:11,186 - SourceAnalyzer - DEBUG - logger.py:64 - 쿼리 실행 성공: 
                SELECT file_id FROM files 
      ...
2025-09-12 16:07:11,186 - SourceAnalyzer - DEBUG - logger.py:64 - 쿼리 실행 성공: 
                SELECT file_id FROM files 
      ...
2025-09-12 16:07:11,187 - SourceAnalyzer - DEBUG - logger.py:64 - 쿼리 실행 성공: 
                SELECT file_id FROM files 
      ...
2025-09-12 16:07:11,187 - SourceAnalyzer - DEBUG - logger.py:64 - 쿼리 실행 성공: 
                SELECT file_id FROM files 
      ...
2025-09-12 16:07:11,187 - SourceAnalyzer - DEBUG - logger.py:64 - 쿼리 실행 성공: 
                SELECT file_id FROM files 
      ...
2025-09-12 16:07:11,187 - SourceAnalyzer - DEBUG - logger.py:64 - 쿼리 실행 성공: 
                SELECT file_id FROM files 
      ...
2025-09-12 16:07:11,187 - SourceAnalyzer - DEBUG - logger.py:64 - 쿼리 실행 성공: 
                SELECT file_id FROM files 
      ...
2025-09-12 16:07:11,187 - SourceAnalyzer - DEBUG - logger.py:64 - 쿼리 실행 성공: 
                SELECT file_id FROM files 
      ...
2025-09-12 16:07:11,187 - SourceAnalyzer - DEBUG - logger.py:64 - 쿼리 실행 성공: 
                SELECT file_id FROM files 
      ...
2025-09-12 16:07:11,187 - SourceAnalyzer - DEBUG - logger.py:64 - 쿼리 실행 성공: 
                SELECT file_id FROM files 
      ...
2025-09-12 16:07:11,187 - SourceAnalyzer - DEBUG - logger.py:64 - 쿼리 실행 성공: 
                SELECT file_id FROM files 
      ...
2025-09-12 16:07:11,187 - SourceAnalyzer - DEBUG - logger.py:64 - 쿼리 실행 성공: 
                SELECT file_id FROM files 
      ...
2025-09-12 16:07:11,187 - SourceAnalyzer - DEBUG - logger.py:64 - 쿼리 실행 성공: 
                SELECT file_id FROM files 
      ...
2025-09-12 16:07:11,187 - SourceAnalyzer - DEBUG - logger.py:64 - 배치 쿼리 실행 성공: 
            INSERT OR IGNORE INTO components (pro..., 처리된 행: 20
2025-09-12 16:07:11,187 - SourceAnalyzer - INFO - logger.py:68 - SQL 컴포넌트 저장 완료: 20개
2025-09-12 16:07:11,188 - SourceAnalyzer - INFO - logger.py:68 - === XML 로딩 통계 ===
2025-09-12 16:07:11,188 - SourceAnalyzer - INFO - logger.py:68 - 처리된 XML 파일: 5개
2025-09-12 16:07:11,188 - SourceAnalyzer - INFO - logger.py:68 - 추출된 SQL 쿼리: 54개
2025-09-12 16:07:11,188 - SourceAnalyzer - INFO - logger.py:68 - 생성된 SQL 컴포넌트: 54개
2025-09-12 16:07:11,188 - SourceAnalyzer - INFO - logger.py:68 - 생성된 JOIN 관계: 22개
2025-09-12 16:07:11,188 - SourceAnalyzer - INFO - logger.py:68 - 생성된 inferred 테이블: 0개
2025-09-12 16:07:11,188 - SourceAnalyzer - INFO - logger.py:68 - 생성된 inferred 컬럼: 0개
2025-09-12 16:07:11,188 - SourceAnalyzer - INFO - logger.py:68 - 오류 발생: 0개
2025-09-12 16:07:11,188 - SourceAnalyzer - INFO - logger.py:68 - === XML 로딩 완료 ===
2025-09-12 16:07:11,191 - SourceAnalyzer - DEBUG - logger.py:64 - 데이터베이스 연결 해제: D:\Analyzer\CreateMetaDb\projects\sampleSrc\metadata.db
2025-09-12 16:07:11,191 - SourceAnalyzer - INFO - logger.py:68 - 3~4단계 완료: XML 파일 분석 및 SQL 컴포넌트 등록 + JOIN 관계 분석
2025-09-12 16:07:11,191 - SourceAnalyzer - INFO - logger.py:68 - 프로젝트 분석 완료
