2025-09-12 16:50:56,701 - SourceAnalyzer - INFO - logger.py:68 - SourceAnalyzer 시작
2025-09-12 16:50:56,707 - SourceAnalyzer - DEBUG - logger.py:64 - 명령행 인자 파싱 완료: {'project_name': 'sampleSrc', 'clear_metadb': True, 'verbose': True, 'output_format': 'html', 'config_file': None, 'log_level': 'INFO', 'dry_run': False, 'force': False}
2025-09-12 16:50:56,708 - SourceAnalyzer - DEBUG - logger.py:64 - 인자 검증 성공
2025-09-12 16:50:56,708 - SourceAnalyzer - INFO - logger.py:68 - 분석 대상 프로젝트: sampleSrc
2025-09-12 16:50:56,708 - SourceAnalyzer - INFO - logger.py:68 - 분석 옵션:
2025-09-12 16:50:56,708 - SourceAnalyzer - INFO - logger.py:68 -   - 메타데이터베이스 초기화: True
2025-09-12 16:50:56,708 - SourceAnalyzer - INFO - logger.py:68 -   - 상세 로그: True
2025-09-12 16:50:56,708 - SourceAnalyzer - INFO - logger.py:68 -   - 출력 형식: html
2025-09-12 16:50:56,709 - SourceAnalyzer - INFO - logger.py:68 -   - 드라이런 모드: False
2025-09-12 16:50:56,709 - SourceAnalyzer - INFO - logger.py:68 -   - 강제 실행: False
2025-09-12 16:50:56,709 - SourceAnalyzer - INFO - logger.py:68 - 1단계 실행: 파일 정보 저장 (프로젝트 전체 스캔)
2025-09-12 16:50:56,710 - SourceAnalyzer - INFO - logger.py:68 - === 파일 스캔 시작: 파일 정보 저장 ===
2025-09-12 16:50:56,711 - SourceAnalyzer - INFO - logger.py:68 - 기존 메타데이터베이스 삭제: D:\Analyzer\CreateMetaDb\projects\sampleSrc\metadata.db
2025-09-12 16:50:56,715 - SourceAnalyzer - DEBUG - logger.py:64 - 데이터베이스 연결 성공: D:\Analyzer\CreateMetaDb\projects\sampleSrc\metadata.db
2025-09-12 16:50:56,719 - SourceAnalyzer - DEBUG - logger.py:64 - SQL 스크립트 실행 성공: D:\Analyzer\CreateMetaDb\database\create_table_script.sql
2025-09-12 16:50:56,719 - SourceAnalyzer - INFO - logger.py:68 - 메타데이터베이스 초기화 완료: D:\Analyzer\CreateMetaDb\projects\sampleSrc\metadata.db
2025-09-12 16:50:56,719 - SourceAnalyzer - DEBUG - logger.py:64 - 쿼리 실행 성공: 
                SELECT COUNT(*) as count FROM pro...
2025-09-12 16:50:56,719 - SourceAnalyzer - DEBUG - logger.py:64 - 업데이트 쿼리 실행 성공: 
            INSERT INTO projects (project_name, p..., 영향받은 행: 1
2025-09-12 16:50:56,719 - SourceAnalyzer - DEBUG - logger.py:64 - 프로젝트 정보 저장/업데이트 완료: sampleSrc
2025-09-12 16:50:56,719 - SourceAnalyzer - INFO - logger.py:68 - 프로젝트 파일 스캔 시작: D:\Analyzer\CreateMetaDb\projects\sampleSrc
2025-09-12 16:50:56,739 - SourceAnalyzer - DEBUG - logger.py:64 - 디렉토리 스캔 완료: D:\Analyzer\CreateMetaDb\projects\sampleSrc, 파일 수: 40
2025-09-12 16:50:56,740 - SourceAnalyzer - DEBUG - logger.py:64 - 파일 읽기 성공: D:\Analyzer\CreateMetaDb\projects\sampleSrc\config\target_source_config.yaml
2025-09-12 16:50:56,745 - SourceAnalyzer - DEBUG - logger.py:64 - YAML 설정 파일 로드 성공: D:\Analyzer\CreateMetaDb\projects\sampleSrc\config\target_source_config.yaml
2025-09-12 16:50:56,748 - SourceAnalyzer - DEBUG - logger.py:64 - 파일 읽기 성공: D:\Analyzer\CreateMetaDb\projects\sampleSrc\config\target_source_config.yaml
2025-09-12 16:50:56,753 - SourceAnalyzer - DEBUG - logger.py:64 - YAML 설정 파일 로드 성공: D:\Analyzer\CreateMetaDb\projects\sampleSrc\config\target_source_config.yaml
2025-09-12 16:50:56,753 - SourceAnalyzer - DEBUG - logger.py:64 - 파일 읽기 성공: D:\Analyzer\CreateMetaDb\projects\sampleSrc\config\target_source_config.yaml
2025-09-12 16:50:56,757 - SourceAnalyzer - DEBUG - logger.py:64 - YAML 설정 파일 로드 성공: D:\Analyzer\CreateMetaDb\projects\sampleSrc\config\target_source_config.yaml
2025-09-12 16:50:56,758 - SourceAnalyzer - DEBUG - logger.py:64 - 파일 읽기 성공: D:\Analyzer\CreateMetaDb\projects\sampleSrc\config\target_source_config.yaml
2025-09-12 16:50:56,762 - SourceAnalyzer - DEBUG - logger.py:64 - YAML 설정 파일 로드 성공: D:\Analyzer\CreateMetaDb\projects\sampleSrc\config\target_source_config.yaml
2025-09-12 16:50:56,763 - SourceAnalyzer - DEBUG - logger.py:64 - 파일 읽기 성공: D:\Analyzer\CreateMetaDb\projects\sampleSrc\config\target_source_config.yaml
2025-09-12 16:50:56,767 - SourceAnalyzer - DEBUG - logger.py:64 - YAML 설정 파일 로드 성공: D:\Analyzer\CreateMetaDb\projects\sampleSrc\config\target_source_config.yaml
2025-09-12 16:50:56,768 - SourceAnalyzer - DEBUG - logger.py:64 - 파일 읽기 성공: D:\Analyzer\CreateMetaDb\projects\sampleSrc\config\target_source_config.yaml
2025-09-12 16:50:56,771 - SourceAnalyzer - DEBUG - logger.py:64 - YAML 설정 파일 로드 성공: D:\Analyzer\CreateMetaDb\projects\sampleSrc\config\target_source_config.yaml
2025-09-12 16:50:56,772 - SourceAnalyzer - DEBUG - logger.py:64 - 파일 읽기 성공: D:\Analyzer\CreateMetaDb\projects\sampleSrc\config\target_source_config.yaml
2025-09-12 16:50:56,776 - SourceAnalyzer - DEBUG - logger.py:64 - YAML 설정 파일 로드 성공: D:\Analyzer\CreateMetaDb\projects\sampleSrc\config\target_source_config.yaml
2025-09-12 16:50:56,777 - SourceAnalyzer - DEBUG - logger.py:64 - 파일 읽기 성공: D:\Analyzer\CreateMetaDb\projects\sampleSrc\config\target_source_config.yaml
2025-09-12 16:50:56,781 - SourceAnalyzer - DEBUG - logger.py:64 - YAML 설정 파일 로드 성공: D:\Analyzer\CreateMetaDb\projects\sampleSrc\config\target_source_config.yaml
2025-09-12 16:50:56,781 - SourceAnalyzer - DEBUG - logger.py:64 - 파일 읽기 성공: D:\Analyzer\CreateMetaDb\projects\sampleSrc\config\target_source_config.yaml
2025-09-12 16:50:56,785 - SourceAnalyzer - DEBUG - logger.py:64 - YAML 설정 파일 로드 성공: D:\Analyzer\CreateMetaDb\projects\sampleSrc\config\target_source_config.yaml
2025-09-12 16:50:56,786 - SourceAnalyzer - DEBUG - logger.py:64 - 파일 읽기 성공: D:\Analyzer\CreateMetaDb\projects\sampleSrc\config\target_source_config.yaml
2025-09-12 16:50:56,790 - SourceAnalyzer - DEBUG - logger.py:64 - YAML 설정 파일 로드 성공: D:\Analyzer\CreateMetaDb\projects\sampleSrc\config\target_source_config.yaml
2025-09-12 16:50:56,791 - SourceAnalyzer - DEBUG - logger.py:64 - 파일 읽기 성공: D:\Analyzer\CreateMetaDb\projects\sampleSrc\config\target_source_config.yaml
2025-09-12 16:50:56,794 - SourceAnalyzer - DEBUG - logger.py:64 - YAML 설정 파일 로드 성공: D:\Analyzer\CreateMetaDb\projects\sampleSrc\config\target_source_config.yaml
2025-09-12 16:50:56,795 - SourceAnalyzer - DEBUG - logger.py:64 - 파일 읽기 성공: D:\Analyzer\CreateMetaDb\projects\sampleSrc\config\target_source_config.yaml
2025-09-12 16:50:56,799 - SourceAnalyzer - DEBUG - logger.py:64 - YAML 설정 파일 로드 성공: D:\Analyzer\CreateMetaDb\projects\sampleSrc\config\target_source_config.yaml
2025-09-12 16:50:56,800 - SourceAnalyzer - DEBUG - logger.py:64 - 파일 읽기 성공: D:\Analyzer\CreateMetaDb\projects\sampleSrc\config\target_source_config.yaml
2025-09-12 16:50:56,804 - SourceAnalyzer - DEBUG - logger.py:64 - YAML 설정 파일 로드 성공: D:\Analyzer\CreateMetaDb\projects\sampleSrc\config\target_source_config.yaml
2025-09-12 16:50:56,804 - SourceAnalyzer - DEBUG - logger.py:64 - 파일 읽기 성공: D:\Analyzer\CreateMetaDb\projects\sampleSrc\config\target_source_config.yaml
2025-09-12 16:50:56,808 - SourceAnalyzer - DEBUG - logger.py:64 - YAML 설정 파일 로드 성공: D:\Analyzer\CreateMetaDb\projects\sampleSrc\config\target_source_config.yaml
2025-09-12 16:50:56,809 - SourceAnalyzer - DEBUG - logger.py:64 - 파일 읽기 성공: D:\Analyzer\CreateMetaDb\projects\sampleSrc\config\target_source_config.yaml
2025-09-12 16:50:56,814 - SourceAnalyzer - DEBUG - logger.py:64 - YAML 설정 파일 로드 성공: D:\Analyzer\CreateMetaDb\projects\sampleSrc\config\target_source_config.yaml
2025-09-12 16:50:56,815 - SourceAnalyzer - DEBUG - logger.py:64 - 파일 읽기 성공: D:\Analyzer\CreateMetaDb\projects\sampleSrc\config\target_source_config.yaml
2025-09-12 16:50:56,819 - SourceAnalyzer - DEBUG - logger.py:64 - YAML 설정 파일 로드 성공: D:\Analyzer\CreateMetaDb\projects\sampleSrc\config\target_source_config.yaml
2025-09-12 16:50:56,820 - SourceAnalyzer - DEBUG - logger.py:64 - 파일 읽기 성공: D:\Analyzer\CreateMetaDb\projects\sampleSrc\config\target_source_config.yaml
2025-09-12 16:50:56,823 - SourceAnalyzer - DEBUG - logger.py:64 - YAML 설정 파일 로드 성공: D:\Analyzer\CreateMetaDb\projects\sampleSrc\config\target_source_config.yaml
2025-09-12 16:50:56,824 - SourceAnalyzer - DEBUG - logger.py:64 - 파일 읽기 성공: D:\Analyzer\CreateMetaDb\projects\sampleSrc\config\target_source_config.yaml
2025-09-12 16:50:56,828 - SourceAnalyzer - DEBUG - logger.py:64 - YAML 설정 파일 로드 성공: D:\Analyzer\CreateMetaDb\projects\sampleSrc\config\target_source_config.yaml
2025-09-12 16:50:56,829 - SourceAnalyzer - DEBUG - logger.py:64 - 파일 읽기 성공: D:\Analyzer\CreateMetaDb\projects\sampleSrc\config\target_source_config.yaml
2025-09-12 16:50:56,833 - SourceAnalyzer - DEBUG - logger.py:64 - YAML 설정 파일 로드 성공: D:\Analyzer\CreateMetaDb\projects\sampleSrc\config\target_source_config.yaml
2025-09-12 16:50:56,834 - SourceAnalyzer - DEBUG - logger.py:64 - 파일 읽기 성공: D:\Analyzer\CreateMetaDb\projects\sampleSrc\config\target_source_config.yaml
2025-09-12 16:50:56,837 - SourceAnalyzer - DEBUG - logger.py:64 - YAML 설정 파일 로드 성공: D:\Analyzer\CreateMetaDb\projects\sampleSrc\config\target_source_config.yaml
2025-09-12 16:50:56,838 - SourceAnalyzer - DEBUG - logger.py:64 - 파일 읽기 성공: D:\Analyzer\CreateMetaDb\projects\sampleSrc\config\target_source_config.yaml
2025-09-12 16:50:56,842 - SourceAnalyzer - DEBUG - logger.py:64 - YAML 설정 파일 로드 성공: D:\Analyzer\CreateMetaDb\projects\sampleSrc\config\target_source_config.yaml
2025-09-12 16:50:56,842 - SourceAnalyzer - DEBUG - logger.py:64 - 파일 읽기 성공: D:\Analyzer\CreateMetaDb\projects\sampleSrc\config\target_source_config.yaml
2025-09-12 16:50:56,846 - SourceAnalyzer - DEBUG - logger.py:64 - YAML 설정 파일 로드 성공: D:\Analyzer\CreateMetaDb\projects\sampleSrc\config\target_source_config.yaml
2025-09-12 16:50:56,847 - SourceAnalyzer - DEBUG - logger.py:64 - 파일 읽기 성공: D:\Analyzer\CreateMetaDb\projects\sampleSrc\config\target_source_config.yaml
2025-09-12 16:50:56,851 - SourceAnalyzer - DEBUG - logger.py:64 - YAML 설정 파일 로드 성공: D:\Analyzer\CreateMetaDb\projects\sampleSrc\config\target_source_config.yaml
2025-09-12 16:50:56,851 - SourceAnalyzer - DEBUG - logger.py:64 - 파일 읽기 성공: D:\Analyzer\CreateMetaDb\projects\sampleSrc\config\target_source_config.yaml
2025-09-12 16:50:56,855 - SourceAnalyzer - DEBUG - logger.py:64 - YAML 설정 파일 로드 성공: D:\Analyzer\CreateMetaDb\projects\sampleSrc\config\target_source_config.yaml
2025-09-12 16:50:56,856 - SourceAnalyzer - DEBUG - logger.py:64 - 파일 읽기 성공: D:\Analyzer\CreateMetaDb\projects\sampleSrc\config\target_source_config.yaml
2025-09-12 16:50:56,860 - SourceAnalyzer - DEBUG - logger.py:64 - YAML 설정 파일 로드 성공: D:\Analyzer\CreateMetaDb\projects\sampleSrc\config\target_source_config.yaml
2025-09-12 16:50:56,861 - SourceAnalyzer - DEBUG - logger.py:64 - 파일 읽기 성공: D:\Analyzer\CreateMetaDb\projects\sampleSrc\config\target_source_config.yaml
2025-09-12 16:50:56,864 - SourceAnalyzer - DEBUG - logger.py:64 - YAML 설정 파일 로드 성공: D:\Analyzer\CreateMetaDb\projects\sampleSrc\config\target_source_config.yaml
2025-09-12 16:50:56,865 - SourceAnalyzer - DEBUG - logger.py:64 - 파일 읽기 성공: D:\Analyzer\CreateMetaDb\projects\sampleSrc\config\target_source_config.yaml
2025-09-12 16:50:56,869 - SourceAnalyzer - DEBUG - logger.py:64 - YAML 설정 파일 로드 성공: D:\Analyzer\CreateMetaDb\projects\sampleSrc\config\target_source_config.yaml
2025-09-12 16:50:56,870 - SourceAnalyzer - DEBUG - logger.py:64 - 파일 읽기 성공: D:\Analyzer\CreateMetaDb\projects\sampleSrc\config\target_source_config.yaml
2025-09-12 16:50:56,873 - SourceAnalyzer - DEBUG - logger.py:64 - YAML 설정 파일 로드 성공: D:\Analyzer\CreateMetaDb\projects\sampleSrc\config\target_source_config.yaml
2025-09-12 16:50:56,874 - SourceAnalyzer - DEBUG - logger.py:64 - 파일 읽기 성공: D:\Analyzer\CreateMetaDb\projects\sampleSrc\config\target_source_config.yaml
2025-09-12 16:50:56,878 - SourceAnalyzer - DEBUG - logger.py:64 - YAML 설정 파일 로드 성공: D:\Analyzer\CreateMetaDb\projects\sampleSrc\config\target_source_config.yaml
2025-09-12 16:50:56,879 - SourceAnalyzer - DEBUG - logger.py:64 - 파일 읽기 성공: D:\Analyzer\CreateMetaDb\projects\sampleSrc\config\target_source_config.yaml
2025-09-12 16:50:56,883 - SourceAnalyzer - DEBUG - logger.py:64 - YAML 설정 파일 로드 성공: D:\Analyzer\CreateMetaDb\projects\sampleSrc\config\target_source_config.yaml
2025-09-12 16:50:56,884 - SourceAnalyzer - DEBUG - logger.py:64 - 파일 읽기 성공: D:\Analyzer\CreateMetaDb\projects\sampleSrc\config\target_source_config.yaml
2025-09-12 16:50:56,888 - SourceAnalyzer - DEBUG - logger.py:64 - YAML 설정 파일 로드 성공: D:\Analyzer\CreateMetaDb\projects\sampleSrc\config\target_source_config.yaml
2025-09-12 16:50:56,889 - SourceAnalyzer - DEBUG - logger.py:64 - 파일 읽기 성공: D:\Analyzer\CreateMetaDb\projects\sampleSrc\config\target_source_config.yaml
2025-09-12 16:50:56,893 - SourceAnalyzer - DEBUG - logger.py:64 - YAML 설정 파일 로드 성공: D:\Analyzer\CreateMetaDb\projects\sampleSrc\config\target_source_config.yaml
2025-09-12 16:50:56,893 - SourceAnalyzer - DEBUG - logger.py:64 - 파일 읽기 성공: D:\Analyzer\CreateMetaDb\projects\sampleSrc\config\target_source_config.yaml
2025-09-12 16:50:56,898 - SourceAnalyzer - DEBUG - logger.py:64 - YAML 설정 파일 로드 성공: D:\Analyzer\CreateMetaDb\projects\sampleSrc\config\target_source_config.yaml
2025-09-12 16:50:56,898 - SourceAnalyzer - INFO - logger.py:68 - 파일 스캔 완료: 총 34개 파일
2025-09-12 16:50:56,899 - SourceAnalyzer - DEBUG - logger.py:64 - 쿼리 실행 성공: SELECT project_id FROM projects WHERE project_name...
2025-09-12 16:50:56,899 - SourceAnalyzer - DEBUG - logger.py:64 - 쿼리 실행 성공: 
                SELECT COUNT(*) as count FROM fil...
2025-09-12 16:50:56,899 - SourceAnalyzer - DEBUG - logger.py:64 - 업데이트 쿼리 실행 성공: 
            INSERT INTO files (file_path, file_na..., 영향받은 행: 1
2025-09-12 16:50:56,899 - SourceAnalyzer - DEBUG - logger.py:64 - 쿼리 실행 성공: 
                SELECT COUNT(*) as count FROM fil...
2025-09-12 16:50:56,899 - SourceAnalyzer - DEBUG - logger.py:64 - 업데이트 쿼리 실행 성공: 
            INSERT INTO files (file_path, file_na..., 영향받은 행: 1
2025-09-12 16:50:56,899 - SourceAnalyzer - DEBUG - logger.py:64 - 쿼리 실행 성공: 
                SELECT COUNT(*) as count FROM fil...
2025-09-12 16:50:56,899 - SourceAnalyzer - DEBUG - logger.py:64 - 업데이트 쿼리 실행 성공: 
            INSERT INTO files (file_path, file_na..., 영향받은 행: 1
2025-09-12 16:50:56,899 - SourceAnalyzer - DEBUG - logger.py:64 - 쿼리 실행 성공: 
                SELECT COUNT(*) as count FROM fil...
2025-09-12 16:50:56,899 - SourceAnalyzer - DEBUG - logger.py:64 - 업데이트 쿼리 실행 성공: 
            INSERT INTO files (file_path, file_na..., 영향받은 행: 1
2025-09-12 16:50:56,900 - SourceAnalyzer - DEBUG - logger.py:64 - 쿼리 실행 성공: 
                SELECT COUNT(*) as count FROM fil...
2025-09-12 16:50:56,900 - SourceAnalyzer - DEBUG - logger.py:64 - 업데이트 쿼리 실행 성공: 
            INSERT INTO files (file_path, file_na..., 영향받은 행: 1
2025-09-12 16:50:56,900 - SourceAnalyzer - DEBUG - logger.py:64 - 쿼리 실행 성공: 
                SELECT COUNT(*) as count FROM fil...
2025-09-12 16:50:56,900 - SourceAnalyzer - DEBUG - logger.py:64 - 업데이트 쿼리 실행 성공: 
            INSERT INTO files (file_path, file_na..., 영향받은 행: 1
2025-09-12 16:50:56,900 - SourceAnalyzer - DEBUG - logger.py:64 - 쿼리 실행 성공: 
                SELECT COUNT(*) as count FROM fil...
2025-09-12 16:50:56,900 - SourceAnalyzer - DEBUG - logger.py:64 - 업데이트 쿼리 실행 성공: 
            INSERT INTO files (file_path, file_na..., 영향받은 행: 1
2025-09-12 16:50:56,900 - SourceAnalyzer - DEBUG - logger.py:64 - 쿼리 실행 성공: 
                SELECT COUNT(*) as count FROM fil...
2025-09-12 16:50:56,900 - SourceAnalyzer - DEBUG - logger.py:64 - 업데이트 쿼리 실행 성공: 
            INSERT INTO files (file_path, file_na..., 영향받은 행: 1
2025-09-12 16:50:56,900 - SourceAnalyzer - DEBUG - logger.py:64 - 쿼리 실행 성공: 
                SELECT COUNT(*) as count FROM fil...
2025-09-12 16:50:56,900 - SourceAnalyzer - DEBUG - logger.py:64 - 업데이트 쿼리 실행 성공: 
            INSERT INTO files (file_path, file_na..., 영향받은 행: 1
2025-09-12 16:50:56,900 - SourceAnalyzer - DEBUG - logger.py:64 - 쿼리 실행 성공: 
                SELECT COUNT(*) as count FROM fil...
2025-09-12 16:50:56,900 - SourceAnalyzer - DEBUG - logger.py:64 - 업데이트 쿼리 실행 성공: 
            INSERT INTO files (file_path, file_na..., 영향받은 행: 1
2025-09-12 16:50:56,901 - SourceAnalyzer - DEBUG - logger.py:64 - 쿼리 실행 성공: 
                SELECT COUNT(*) as count FROM fil...
2025-09-12 16:50:56,901 - SourceAnalyzer - DEBUG - logger.py:64 - 업데이트 쿼리 실행 성공: 
            INSERT INTO files (file_path, file_na..., 영향받은 행: 1
2025-09-12 16:50:56,901 - SourceAnalyzer - DEBUG - logger.py:64 - 쿼리 실행 성공: 
                SELECT COUNT(*) as count FROM fil...
2025-09-12 16:50:56,901 - SourceAnalyzer - DEBUG - logger.py:64 - 업데이트 쿼리 실행 성공: 
            INSERT INTO files (file_path, file_na..., 영향받은 행: 1
2025-09-12 16:50:56,901 - SourceAnalyzer - DEBUG - logger.py:64 - 쿼리 실행 성공: 
                SELECT COUNT(*) as count FROM fil...
2025-09-12 16:50:56,901 - SourceAnalyzer - DEBUG - logger.py:64 - 업데이트 쿼리 실행 성공: 
            INSERT INTO files (file_path, file_na..., 영향받은 행: 1
2025-09-12 16:50:56,901 - SourceAnalyzer - DEBUG - logger.py:64 - 쿼리 실행 성공: 
                SELECT COUNT(*) as count FROM fil...
2025-09-12 16:50:56,901 - SourceAnalyzer - DEBUG - logger.py:64 - 업데이트 쿼리 실행 성공: 
            INSERT INTO files (file_path, file_na..., 영향받은 행: 1
2025-09-12 16:50:56,901 - SourceAnalyzer - DEBUG - logger.py:64 - 쿼리 실행 성공: 
                SELECT COUNT(*) as count FROM fil...
2025-09-12 16:50:56,901 - SourceAnalyzer - DEBUG - logger.py:64 - 업데이트 쿼리 실행 성공: 
            INSERT INTO files (file_path, file_na..., 영향받은 행: 1
2025-09-12 16:50:56,901 - SourceAnalyzer - DEBUG - logger.py:64 - 쿼리 실행 성공: 
                SELECT COUNT(*) as count FROM fil...
2025-09-12 16:50:56,902 - SourceAnalyzer - DEBUG - logger.py:64 - 업데이트 쿼리 실행 성공: 
            INSERT INTO files (file_path, file_na..., 영향받은 행: 1
2025-09-12 16:50:56,902 - SourceAnalyzer - DEBUG - logger.py:64 - 쿼리 실행 성공: 
                SELECT COUNT(*) as count FROM fil...
2025-09-12 16:50:56,902 - SourceAnalyzer - DEBUG - logger.py:64 - 업데이트 쿼리 실행 성공: 
            INSERT INTO files (file_path, file_na..., 영향받은 행: 1
2025-09-12 16:50:56,902 - SourceAnalyzer - DEBUG - logger.py:64 - 쿼리 실행 성공: 
                SELECT COUNT(*) as count FROM fil...
2025-09-12 16:50:56,902 - SourceAnalyzer - DEBUG - logger.py:64 - 업데이트 쿼리 실행 성공: 
            INSERT INTO files (file_path, file_na..., 영향받은 행: 1
2025-09-12 16:50:56,902 - SourceAnalyzer - DEBUG - logger.py:64 - 쿼리 실행 성공: 
                SELECT COUNT(*) as count FROM fil...
2025-09-12 16:50:56,902 - SourceAnalyzer - DEBUG - logger.py:64 - 업데이트 쿼리 실행 성공: 
            INSERT INTO files (file_path, file_na..., 영향받은 행: 1
2025-09-12 16:50:56,902 - SourceAnalyzer - DEBUG - logger.py:64 - 쿼리 실행 성공: 
                SELECT COUNT(*) as count FROM fil...
2025-09-12 16:50:56,902 - SourceAnalyzer - DEBUG - logger.py:64 - 업데이트 쿼리 실행 성공: 
            INSERT INTO files (file_path, file_na..., 영향받은 행: 1
2025-09-12 16:50:56,902 - SourceAnalyzer - DEBUG - logger.py:64 - 쿼리 실행 성공: 
                SELECT COUNT(*) as count FROM fil...
2025-09-12 16:50:56,902 - SourceAnalyzer - DEBUG - logger.py:64 - 업데이트 쿼리 실행 성공: 
            INSERT INTO files (file_path, file_na..., 영향받은 행: 1
2025-09-12 16:50:56,902 - SourceAnalyzer - DEBUG - logger.py:64 - 쿼리 실행 성공: 
                SELECT COUNT(*) as count FROM fil...
2025-09-12 16:50:56,902 - SourceAnalyzer - DEBUG - logger.py:64 - 업데이트 쿼리 실행 성공: 
            INSERT INTO files (file_path, file_na..., 영향받은 행: 1
2025-09-12 16:50:56,902 - SourceAnalyzer - DEBUG - logger.py:64 - 쿼리 실행 성공: 
                SELECT COUNT(*) as count FROM fil...
2025-09-12 16:50:56,903 - SourceAnalyzer - DEBUG - logger.py:64 - 업데이트 쿼리 실행 성공: 
            INSERT INTO files (file_path, file_na..., 영향받은 행: 1
2025-09-12 16:50:56,903 - SourceAnalyzer - DEBUG - logger.py:64 - 쿼리 실행 성공: 
                SELECT COUNT(*) as count FROM fil...
2025-09-12 16:50:56,903 - SourceAnalyzer - DEBUG - logger.py:64 - 업데이트 쿼리 실행 성공: 
            INSERT INTO files (file_path, file_na..., 영향받은 행: 1
2025-09-12 16:50:56,903 - SourceAnalyzer - DEBUG - logger.py:64 - 쿼리 실행 성공: 
                SELECT COUNT(*) as count FROM fil...
2025-09-12 16:50:56,903 - SourceAnalyzer - DEBUG - logger.py:64 - 업데이트 쿼리 실행 성공: 
            INSERT INTO files (file_path, file_na..., 영향받은 행: 1
2025-09-12 16:50:56,903 - SourceAnalyzer - DEBUG - logger.py:64 - 쿼리 실행 성공: 
                SELECT COUNT(*) as count FROM fil...
2025-09-12 16:50:56,903 - SourceAnalyzer - DEBUG - logger.py:64 - 업데이트 쿼리 실행 성공: 
            INSERT INTO files (file_path, file_na..., 영향받은 행: 1
2025-09-12 16:50:56,903 - SourceAnalyzer - DEBUG - logger.py:64 - 쿼리 실행 성공: 
                SELECT COUNT(*) as count FROM fil...
2025-09-12 16:50:56,903 - SourceAnalyzer - DEBUG - logger.py:64 - 업데이트 쿼리 실행 성공: 
            INSERT INTO files (file_path, file_na..., 영향받은 행: 1
2025-09-12 16:50:56,903 - SourceAnalyzer - DEBUG - logger.py:64 - 쿼리 실행 성공: 
                SELECT COUNT(*) as count FROM fil...
2025-09-12 16:50:56,903 - SourceAnalyzer - DEBUG - logger.py:64 - 업데이트 쿼리 실행 성공: 
            INSERT INTO files (file_path, file_na..., 영향받은 행: 1
2025-09-12 16:50:56,903 - SourceAnalyzer - DEBUG - logger.py:64 - 쿼리 실행 성공: 
                SELECT COUNT(*) as count FROM fil...
2025-09-12 16:50:56,903 - SourceAnalyzer - DEBUG - logger.py:64 - 업데이트 쿼리 실행 성공: 
            INSERT INTO files (file_path, file_na..., 영향받은 행: 1
2025-09-12 16:50:56,904 - SourceAnalyzer - DEBUG - logger.py:64 - 쿼리 실행 성공: 
                SELECT COUNT(*) as count FROM fil...
2025-09-12 16:50:56,904 - SourceAnalyzer - DEBUG - logger.py:64 - 업데이트 쿼리 실행 성공: 
            INSERT INTO files (file_path, file_na..., 영향받은 행: 1
2025-09-12 16:50:56,904 - SourceAnalyzer - DEBUG - logger.py:64 - 쿼리 실행 성공: 
                SELECT COUNT(*) as count FROM fil...
2025-09-12 16:50:56,904 - SourceAnalyzer - DEBUG - logger.py:64 - 업데이트 쿼리 실행 성공: 
            INSERT INTO files (file_path, file_na..., 영향받은 행: 1
2025-09-12 16:50:56,904 - SourceAnalyzer - DEBUG - logger.py:64 - 쿼리 실행 성공: 
                SELECT COUNT(*) as count FROM fil...
2025-09-12 16:50:56,904 - SourceAnalyzer - DEBUG - logger.py:64 - 업데이트 쿼리 실행 성공: 
            INSERT INTO files (file_path, file_na..., 영향받은 행: 1
2025-09-12 16:50:56,904 - SourceAnalyzer - DEBUG - logger.py:64 - 쿼리 실행 성공: 
                SELECT COUNT(*) as count FROM fil...
2025-09-12 16:50:56,904 - SourceAnalyzer - DEBUG - logger.py:64 - 업데이트 쿼리 실행 성공: 
            INSERT INTO files (file_path, file_na..., 영향받은 행: 1
2025-09-12 16:50:56,904 - SourceAnalyzer - DEBUG - logger.py:64 - 쿼리 실행 성공: 
                SELECT COUNT(*) as count FROM fil...
2025-09-12 16:50:56,904 - SourceAnalyzer - DEBUG - logger.py:64 - 업데이트 쿼리 실행 성공: 
            INSERT INTO files (file_path, file_na..., 영향받은 행: 1
2025-09-12 16:50:56,904 - SourceAnalyzer - INFO - logger.py:68 - 파일 정보 저장 완료: 34개 파일
2025-09-12 16:50:56,905 - SourceAnalyzer - DEBUG - logger.py:64 - 업데이트 쿼리 실행 성공: UPDATE projects SET total_files = ? WHERE project_..., 영향받은 행: 1
2025-09-12 16:50:56,905 - SourceAnalyzer - DEBUG - logger.py:64 - 프로젝트 총 파일 수 업데이트: 34
2025-09-12 16:50:56,905 - SourceAnalyzer - INFO - logger.py:68 - === 파일 스캔 통계 ===
2025-09-12 16:50:56,905 - SourceAnalyzer - INFO - logger.py:68 - 총 파일 수: 34
2025-09-12 16:50:56,905 - SourceAnalyzer - INFO - logger.py:68 - 성공 스캔: 34
2025-09-12 16:50:56,905 - SourceAnalyzer - INFO - logger.py:68 - 오류 파일: 0
2025-09-12 16:50:56,905 - SourceAnalyzer - INFO - logger.py:68 - Java 파일: 19
2025-09-12 16:50:56,905 - SourceAnalyzer - INFO - logger.py:68 - XML 파일: 5
2025-09-12 16:50:56,905 - SourceAnalyzer - INFO - logger.py:68 - JSP 파일: 8
2025-09-12 16:50:56,905 - SourceAnalyzer - INFO - logger.py:68 - SQL 파일: 0
2025-09-12 16:50:56,906 - SourceAnalyzer - INFO - logger.py:68 - CSV 파일: 2
2025-09-12 16:50:56,906 - SourceAnalyzer - INFO - logger.py:68 - 기타 파일: 0
2025-09-12 16:50:56,906 - SourceAnalyzer - INFO - logger.py:68 - === 파일 스캔 완료 ===
2025-09-12 16:50:56,911 - SourceAnalyzer - DEBUG - logger.py:64 - 데이터베이스 연결 해제: D:\Analyzer\CreateMetaDb\projects\sampleSrc\metadata.db
2025-09-12 16:50:56,911 - SourceAnalyzer - INFO - logger.py:68 - 1단계 완료: 파일 정보 저장
2025-09-12 16:50:56,911 - SourceAnalyzer - INFO - logger.py:68 - 2단계 실행: 데이터베이스 구조 저장 및 컴포넌트 생성
2025-09-12 16:50:56,911 - SourceAnalyzer - INFO - logger.py:68 - === 데이터베이스 로딩 시작: 데이터베이스 구조 저장 ===
2025-09-12 16:50:56,913 - SourceAnalyzer - DEBUG - logger.py:64 - 데이터베이스 연결 성공: D:\Analyzer\CreateMetaDb\projects\sampleSrc\metadata.db
2025-09-12 16:50:56,913 - SourceAnalyzer - WARNING - logger.py:72 - 인코딩 오류, 다른 인코딩으로 재시도: D:\Analyzer\CreateMetaDb\projects\sampleSrc\db_schema\ALL_TABLES.csv
2025-09-12 16:50:56,914 - SourceAnalyzer - DEBUG - logger.py:64 - 파일 읽기 성공 (cp949): D:\Analyzer\CreateMetaDb\projects\sampleSrc\db_schema\ALL_TABLES.csv
2025-09-12 16:50:56,914 - SourceAnalyzer - INFO - logger.py:68 - CSV 파일 로드 완료: D:\Analyzer\CreateMetaDb\projects\sampleSrc\db_schema\ALL_TABLES.csv, 16개 행
2025-09-12 16:50:56,914 - SourceAnalyzer - DEBUG - logger.py:64 - 쿼리 실행 성공: 
                SELECT f.file_id 
               ...
2025-09-12 16:50:56,915 - SourceAnalyzer - DEBUG - logger.py:64 - 배치 쿼리 실행 성공: 
            INSERT OR IGNORE INTO tables (project..., 처리된 행: 16
2025-09-12 16:50:56,915 - SourceAnalyzer - INFO - logger.py:68 - 테이블 정보 저장 완료: 16개 테이블 (오류: 0개)
2025-09-12 16:50:56,916 - SourceAnalyzer - WARNING - logger.py:72 - 인코딩 오류, 다른 인코딩으로 재시도: D:\Analyzer\CreateMetaDb\projects\sampleSrc\db_schema\ALL_TAB_COLUMNS.csv
2025-09-12 16:50:56,916 - SourceAnalyzer - DEBUG - logger.py:64 - 파일 읽기 성공 (cp949): D:\Analyzer\CreateMetaDb\projects\sampleSrc\db_schema\ALL_TAB_COLUMNS.csv
2025-09-12 16:50:56,917 - SourceAnalyzer - INFO - logger.py:68 - CSV 파일 로드 완료: D:\Analyzer\CreateMetaDb\projects\sampleSrc\db_schema\ALL_TAB_COLUMNS.csv, 91개 행
2025-09-12 16:50:56,917 - SourceAnalyzer - DEBUG - logger.py:64 - 쿼리 실행 성공: 
                SELECT t.table_id 
              ...
2025-09-12 16:50:56,917 - SourceAnalyzer - DEBUG - logger.py:64 - 쿼리 실행 성공: 
                SELECT t.table_id 
              ...
2025-09-12 16:50:56,917 - SourceAnalyzer - DEBUG - logger.py:64 - 쿼리 실행 성공: 
                SELECT t.table_id 
              ...
2025-09-12 16:50:56,917 - SourceAnalyzer - DEBUG - logger.py:64 - 쿼리 실행 성공: 
                SELECT t.table_id 
              ...
2025-09-12 16:50:56,917 - SourceAnalyzer - DEBUG - logger.py:64 - 쿼리 실행 성공: 
                SELECT t.table_id 
              ...
2025-09-12 16:50:56,917 - SourceAnalyzer - DEBUG - logger.py:64 - 쿼리 실행 성공: 
                SELECT t.table_id 
              ...
2025-09-12 16:50:56,917 - SourceAnalyzer - DEBUG - logger.py:64 - 쿼리 실행 성공: 
                SELECT t.table_id 
              ...
2025-09-12 16:50:56,917 - SourceAnalyzer - DEBUG - logger.py:64 - 쿼리 실행 성공: 
                SELECT t.table_id 
              ...
2025-09-12 16:50:56,917 - SourceAnalyzer - DEBUG - logger.py:64 - 쿼리 실행 성공: 
                SELECT t.table_id 
              ...
2025-09-12 16:50:56,917 - SourceAnalyzer - DEBUG - logger.py:64 - 쿼리 실행 성공: 
                SELECT t.table_id 
              ...
2025-09-12 16:50:56,917 - SourceAnalyzer - DEBUG - logger.py:64 - 쿼리 실행 성공: 
                SELECT t.table_id 
              ...
2025-09-12 16:50:56,917 - SourceAnalyzer - DEBUG - logger.py:64 - 쿼리 실행 성공: 
                SELECT t.table_id 
              ...
2025-09-12 16:50:56,918 - SourceAnalyzer - DEBUG - logger.py:64 - 쿼리 실행 성공: 
                SELECT t.table_id 
              ...
2025-09-12 16:50:56,918 - SourceAnalyzer - DEBUG - logger.py:64 - 쿼리 실행 성공: 
                SELECT t.table_id 
              ...
2025-09-12 16:50:56,918 - SourceAnalyzer - DEBUG - logger.py:64 - 쿼리 실행 성공: 
                SELECT t.table_id 
              ...
2025-09-12 16:50:56,918 - SourceAnalyzer - DEBUG - logger.py:64 - 쿼리 실행 성공: 
                SELECT t.table_id 
              ...
2025-09-12 16:50:56,918 - SourceAnalyzer - DEBUG - logger.py:64 - 쿼리 실행 성공: 
                SELECT t.table_id 
              ...
2025-09-12 16:50:56,918 - SourceAnalyzer - DEBUG - logger.py:64 - 쿼리 실행 성공: 
                SELECT t.table_id 
              ...
2025-09-12 16:50:56,918 - SourceAnalyzer - DEBUG - logger.py:64 - 쿼리 실행 성공: 
                SELECT t.table_id 
              ...
2025-09-12 16:50:56,918 - SourceAnalyzer - DEBUG - logger.py:64 - 쿼리 실행 성공: 
                SELECT t.table_id 
              ...
2025-09-12 16:50:56,918 - SourceAnalyzer - DEBUG - logger.py:64 - 쿼리 실행 성공: 
                SELECT t.table_id 
              ...
2025-09-12 16:50:56,918 - SourceAnalyzer - DEBUG - logger.py:64 - 쿼리 실행 성공: 
                SELECT t.table_id 
              ...
2025-09-12 16:50:56,918 - SourceAnalyzer - DEBUG - logger.py:64 - 쿼리 실행 성공: 
                SELECT t.table_id 
              ...
2025-09-12 16:50:56,918 - SourceAnalyzer - DEBUG - logger.py:64 - 쿼리 실행 성공: 
                SELECT t.table_id 
              ...
2025-09-12 16:50:56,918 - SourceAnalyzer - DEBUG - logger.py:64 - 쿼리 실행 성공: 
                SELECT t.table_id 
              ...
2025-09-12 16:50:56,918 - SourceAnalyzer - DEBUG - logger.py:64 - 쿼리 실행 성공: 
                SELECT t.table_id 
              ...
2025-09-12 16:50:56,918 - SourceAnalyzer - DEBUG - logger.py:64 - 쿼리 실행 성공: 
                SELECT t.table_id 
              ...
2025-09-12 16:50:56,918 - SourceAnalyzer - DEBUG - logger.py:64 - 쿼리 실행 성공: 
                SELECT t.table_id 
              ...
2025-09-12 16:50:56,918 - SourceAnalyzer - DEBUG - logger.py:64 - 쿼리 실행 성공: 
                SELECT t.table_id 
              ...
2025-09-12 16:50:56,918 - SourceAnalyzer - DEBUG - logger.py:64 - 쿼리 실행 성공: 
                SELECT t.table_id 
              ...
2025-09-12 16:50:56,919 - SourceAnalyzer - DEBUG - logger.py:64 - 쿼리 실행 성공: 
                SELECT t.table_id 
              ...
2025-09-12 16:50:56,919 - SourceAnalyzer - DEBUG - logger.py:64 - 쿼리 실행 성공: 
                SELECT t.table_id 
              ...
2025-09-12 16:50:56,919 - SourceAnalyzer - DEBUG - logger.py:64 - 쿼리 실행 성공: 
                SELECT t.table_id 
              ...
2025-09-12 16:50:56,919 - SourceAnalyzer - DEBUG - logger.py:64 - 쿼리 실행 성공: 
                SELECT t.table_id 
              ...
2025-09-12 16:50:56,919 - SourceAnalyzer - DEBUG - logger.py:64 - 쿼리 실행 성공: 
                SELECT t.table_id 
              ...
2025-09-12 16:50:56,919 - SourceAnalyzer - DEBUG - logger.py:64 - 쿼리 실행 성공: 
                SELECT t.table_id 
              ...
2025-09-12 16:50:56,919 - SourceAnalyzer - DEBUG - logger.py:64 - 쿼리 실행 성공: 
                SELECT t.table_id 
              ...
2025-09-12 16:50:56,919 - SourceAnalyzer - DEBUG - logger.py:64 - 쿼리 실행 성공: 
                SELECT t.table_id 
              ...
2025-09-12 16:50:56,919 - SourceAnalyzer - DEBUG - logger.py:64 - 쿼리 실행 성공: 
                SELECT t.table_id 
              ...
2025-09-12 16:50:56,919 - SourceAnalyzer - DEBUG - logger.py:64 - 쿼리 실행 성공: 
                SELECT t.table_id 
              ...
2025-09-12 16:50:56,919 - SourceAnalyzer - DEBUG - logger.py:64 - 쿼리 실행 성공: 
                SELECT t.table_id 
              ...
2025-09-12 16:50:56,919 - SourceAnalyzer - DEBUG - logger.py:64 - 쿼리 실행 성공: 
                SELECT t.table_id 
              ...
2025-09-12 16:50:56,919 - SourceAnalyzer - DEBUG - logger.py:64 - 쿼리 실행 성공: 
                SELECT t.table_id 
              ...
2025-09-12 16:50:56,919 - SourceAnalyzer - DEBUG - logger.py:64 - 쿼리 실행 성공: 
                SELECT t.table_id 
              ...
2025-09-12 16:50:56,919 - SourceAnalyzer - DEBUG - logger.py:64 - 쿼리 실행 성공: 
                SELECT t.table_id 
              ...
2025-09-12 16:50:56,919 - SourceAnalyzer - DEBUG - logger.py:64 - 쿼리 실행 성공: 
                SELECT t.table_id 
              ...
2025-09-12 16:50:56,919 - SourceAnalyzer - DEBUG - logger.py:64 - 쿼리 실행 성공: 
                SELECT t.table_id 
              ...
2025-09-12 16:50:56,919 - SourceAnalyzer - DEBUG - logger.py:64 - 쿼리 실행 성공: 
                SELECT t.table_id 
              ...
2025-09-12 16:50:56,920 - SourceAnalyzer - DEBUG - logger.py:64 - 쿼리 실행 성공: 
                SELECT t.table_id 
              ...
2025-09-12 16:50:56,920 - SourceAnalyzer - DEBUG - logger.py:64 - 쿼리 실행 성공: 
                SELECT t.table_id 
              ...
2025-09-12 16:50:56,920 - SourceAnalyzer - DEBUG - logger.py:64 - 쿼리 실행 성공: 
                SELECT t.table_id 
              ...
2025-09-12 16:50:56,920 - SourceAnalyzer - DEBUG - logger.py:64 - 쿼리 실행 성공: 
                SELECT t.table_id 
              ...
2025-09-12 16:50:56,920 - SourceAnalyzer - DEBUG - logger.py:64 - 쿼리 실행 성공: 
                SELECT t.table_id 
              ...
2025-09-12 16:50:56,920 - SourceAnalyzer - DEBUG - logger.py:64 - 쿼리 실행 성공: 
                SELECT t.table_id 
              ...
2025-09-12 16:50:56,920 - SourceAnalyzer - DEBUG - logger.py:64 - 쿼리 실행 성공: 
                SELECT t.table_id 
              ...
2025-09-12 16:50:56,920 - SourceAnalyzer - DEBUG - logger.py:64 - 쿼리 실행 성공: 
                SELECT t.table_id 
              ...
2025-09-12 16:50:56,920 - SourceAnalyzer - DEBUG - logger.py:64 - 쿼리 실행 성공: 
                SELECT t.table_id 
              ...
2025-09-12 16:50:56,920 - SourceAnalyzer - DEBUG - logger.py:64 - 쿼리 실행 성공: 
                SELECT t.table_id 
              ...
2025-09-12 16:50:56,920 - SourceAnalyzer - DEBUG - logger.py:64 - 쿼리 실행 성공: 
                SELECT t.table_id 
              ...
2025-09-12 16:50:56,920 - SourceAnalyzer - DEBUG - logger.py:64 - 쿼리 실행 성공: 
                SELECT t.table_id 
              ...
2025-09-12 16:50:56,920 - SourceAnalyzer - DEBUG - logger.py:64 - 쿼리 실행 성공: 
                SELECT t.table_id 
              ...
2025-09-12 16:50:56,920 - SourceAnalyzer - DEBUG - logger.py:64 - 쿼리 실행 성공: 
                SELECT t.table_id 
              ...
2025-09-12 16:50:56,920 - SourceAnalyzer - DEBUG - logger.py:64 - 쿼리 실행 성공: 
                SELECT t.table_id 
              ...
2025-09-12 16:50:56,920 - SourceAnalyzer - DEBUG - logger.py:64 - 쿼리 실행 성공: 
                SELECT t.table_id 
              ...
2025-09-12 16:50:56,920 - SourceAnalyzer - DEBUG - logger.py:64 - 쿼리 실행 성공: 
                SELECT t.table_id 
              ...
2025-09-12 16:50:56,920 - SourceAnalyzer - DEBUG - logger.py:64 - 쿼리 실행 성공: 
                SELECT t.table_id 
              ...
2025-09-12 16:50:56,920 - SourceAnalyzer - DEBUG - logger.py:64 - 쿼리 실행 성공: 
                SELECT t.table_id 
              ...
2025-09-12 16:50:56,921 - SourceAnalyzer - DEBUG - logger.py:64 - 쿼리 실행 성공: 
                SELECT t.table_id 
              ...
2025-09-12 16:50:56,921 - SourceAnalyzer - DEBUG - logger.py:64 - 쿼리 실행 성공: 
                SELECT t.table_id 
              ...
2025-09-12 16:50:56,921 - SourceAnalyzer - DEBUG - logger.py:64 - 쿼리 실행 성공: 
                SELECT t.table_id 
              ...
2025-09-12 16:50:56,921 - SourceAnalyzer - DEBUG - logger.py:64 - 쿼리 실행 성공: 
                SELECT t.table_id 
              ...
2025-09-12 16:50:56,921 - SourceAnalyzer - DEBUG - logger.py:64 - 쿼리 실행 성공: 
                SELECT t.table_id 
              ...
2025-09-12 16:50:56,921 - SourceAnalyzer - DEBUG - logger.py:64 - 쿼리 실행 성공: 
                SELECT t.table_id 
              ...
2025-09-12 16:50:56,921 - SourceAnalyzer - DEBUG - logger.py:64 - 쿼리 실행 성공: 
                SELECT t.table_id 
              ...
2025-09-12 16:50:56,921 - SourceAnalyzer - DEBUG - logger.py:64 - 쿼리 실행 성공: 
                SELECT t.table_id 
              ...
2025-09-12 16:50:56,921 - SourceAnalyzer - DEBUG - logger.py:64 - 쿼리 실행 성공: 
                SELECT t.table_id 
              ...
2025-09-12 16:50:56,921 - SourceAnalyzer - DEBUG - logger.py:64 - 쿼리 실행 성공: 
                SELECT t.table_id 
              ...
2025-09-12 16:50:56,921 - SourceAnalyzer - DEBUG - logger.py:64 - 쿼리 실행 성공: 
                SELECT t.table_id 
              ...
2025-09-12 16:50:56,921 - SourceAnalyzer - DEBUG - logger.py:64 - 쿼리 실행 성공: 
                SELECT t.table_id 
              ...
2025-09-12 16:50:56,921 - SourceAnalyzer - DEBUG - logger.py:64 - 쿼리 실행 성공: 
                SELECT t.table_id 
              ...
2025-09-12 16:50:56,921 - SourceAnalyzer - DEBUG - logger.py:64 - 쿼리 실행 성공: 
                SELECT t.table_id 
              ...
2025-09-12 16:50:56,921 - SourceAnalyzer - DEBUG - logger.py:64 - 쿼리 실행 성공: 
                SELECT t.table_id 
              ...
2025-09-12 16:50:56,921 - SourceAnalyzer - DEBUG - logger.py:64 - 쿼리 실행 성공: 
                SELECT t.table_id 
              ...
2025-09-12 16:50:56,921 - SourceAnalyzer - DEBUG - logger.py:64 - 쿼리 실행 성공: 
                SELECT t.table_id 
              ...
2025-09-12 16:50:56,921 - SourceAnalyzer - DEBUG - logger.py:64 - 쿼리 실행 성공: 
                SELECT t.table_id 
              ...
2025-09-12 16:50:56,921 - SourceAnalyzer - DEBUG - logger.py:64 - 쿼리 실행 성공: 
                SELECT t.table_id 
              ...
2025-09-12 16:50:56,922 - SourceAnalyzer - DEBUG - logger.py:64 - 쿼리 실행 성공: 
                SELECT t.table_id 
              ...
2025-09-12 16:50:56,922 - SourceAnalyzer - DEBUG - logger.py:64 - 쿼리 실행 성공: 
                SELECT t.table_id 
              ...
2025-09-12 16:50:56,922 - SourceAnalyzer - DEBUG - logger.py:64 - 쿼리 실행 성공: 
                SELECT t.table_id 
              ...
2025-09-12 16:50:56,922 - SourceAnalyzer - DEBUG - logger.py:64 - 쿼리 실행 성공: 
                SELECT t.table_id 
              ...
2025-09-12 16:50:56,922 - SourceAnalyzer - DEBUG - logger.py:64 - 쿼리 실행 성공: 
                SELECT t.table_id 
              ...
2025-09-12 16:50:56,922 - SourceAnalyzer - DEBUG - logger.py:64 - 배치 쿼리 실행 성공: 
            INSERT OR IGNORE INTO columns (table_..., 처리된 행: 91
2025-09-12 16:50:56,922 - SourceAnalyzer - INFO - logger.py:68 - 컬럼 정보 저장 완료: 91개 컬럼 (오류: 0개)
2025-09-12 16:50:56,923 - SourceAnalyzer - DEBUG - logger.py:64 - 쿼리 실행 성공: 
                SELECT f.file_id 
               ...
2025-09-12 16:50:56,923 - SourceAnalyzer - DEBUG - logger.py:64 - 쿼리 실행 성공: 
                SELECT table_id, table_name, tabl...
2025-09-12 16:50:56,923 - SourceAnalyzer - DEBUG - logger.py:64 - 배치 쿼리 실행 성공: 
            INSERT OR IGNORE INTO components (pro..., 처리된 행: 16
2025-09-12 16:50:56,923 - SourceAnalyzer - INFO - logger.py:68 - 테이블 컴포넌트 생성 완료: 16개
2025-09-12 16:50:56,923 - SourceAnalyzer - DEBUG - logger.py:64 - 업데이트 쿼리 실행 성공: 
                UPDATE tables 
                SE..., 영향받은 행: 16
2025-09-12 16:50:56,923 - SourceAnalyzer - DEBUG - logger.py:64 - 테이블 component_id 업데이트 완료
2025-09-12 16:50:56,923 - SourceAnalyzer - DEBUG - logger.py:64 - 쿼리 실행 성공: 
                SELECT f.file_id 
               ...
2025-09-12 16:50:56,924 - SourceAnalyzer - DEBUG - logger.py:64 - 쿼리 실행 성공: 
                SELECT c.column_id, c.column_name...
2025-09-12 16:50:56,924 - SourceAnalyzer - DEBUG - logger.py:64 - 배치 쿼리 실행 성공: 
            INSERT OR IGNORE INTO components (pro..., 처리된 행: 91
2025-09-12 16:50:56,924 - SourceAnalyzer - INFO - logger.py:68 - 컬럼 컴포넌트 생성 완료: 91개
2025-09-12 16:50:56,925 - SourceAnalyzer - INFO - logger.py:68 - === 데이터베이스 구조 저장 통계 ===
2025-09-12 16:50:56,925 - SourceAnalyzer - INFO - logger.py:68 - 테이블 로드: 16 (오류: 0)
2025-09-12 16:50:56,925 - SourceAnalyzer - INFO - logger.py:68 - 컬럼 로드: 91 (오류: 0)
2025-09-12 16:50:56,925 - SourceAnalyzer - INFO - logger.py:68 - 컴포넌트 생성: 107 (오류: 0)
2025-09-12 16:50:56,925 - SourceAnalyzer - INFO - logger.py:68 - 오류 없이 완료
2025-09-12 16:50:56,925 - SourceAnalyzer - INFO - logger.py:68 - === 데이터베이스 로딩 완료 ===
2025-09-12 16:50:56,929 - SourceAnalyzer - DEBUG - logger.py:64 - 데이터베이스 연결 해제: D:\Analyzer\CreateMetaDb\projects\sampleSrc\metadata.db
2025-09-12 16:50:56,929 - SourceAnalyzer - INFO - logger.py:68 - 2단계 완료: 데이터베이스 구조 저장 및 컴포넌트 생성
2025-09-12 16:50:56,929 - SourceAnalyzer - INFO - logger.py:68 - 1-2단계 테스트 완료
