2025-09-15 15:12:41,447 - SourceAnalyzer - INFO - main.py:17 - Recursion limit set to: 50
2025-09-15 15:12:41,448 - SourceAnalyzer - INFO - main.py:25 - 오래된 로그 파일 정리 시작
2025-09-15 15:12:41,450 - SourceAnalyzer - INFO - file_utils.py:362 - 삭제할 오래된 로그 파일이 없습니다
2025-09-15 15:12:41,450 - SourceAnalyzer - INFO - main.py:30 - 삭제할 오래된 로그 파일이 없습니다
2025-09-15 15:12:41,451 - SourceAnalyzer - INFO - main.py:33 - SourceAnalyzer 시작
2025-09-15 15:12:41,457 - SourceAnalyzer - INFO - main.py:44 - 분석 대상 프로젝트: sampleSrc
2025-09-15 15:12:41,457 - SourceAnalyzer - INFO - main.py:61 - 분석 옵션:
2025-09-15 15:12:41,458 - SourceAnalyzer - INFO - main.py:62 -   - 메타데이터베이스 초기화: False
2025-09-15 15:12:41,458 - SourceAnalyzer - INFO - main.py:63 -   - 상세 로그: False
2025-09-15 15:12:41,458 - SourceAnalyzer - INFO - main.py:64 -   - 출력 형식: html
2025-09-15 15:12:41,458 - SourceAnalyzer - INFO - main.py:65 -   - 드라이런 모드: False
2025-09-15 15:12:41,458 - SourceAnalyzer - INFO - main.py:66 -   - 강제 실행: False
2025-09-15 15:12:41,458 - SourceAnalyzer - INFO - main.py:75 - 1단계 실행: 파일 정보 저장 (프로젝트 전체 스캔)
2025-09-15 15:12:41,461 - SourceAnalyzer - INFO - file_loading.py:86 - 메타데이터베이스 초기화 완료: D:\Analyzer\CreateMetaDb\projects\sampleSrc\metadata.db
2025-09-15 15:12:41,707 - SourceAnalyzer - INFO - file_loading.py:1161 - === 파일 스캔 완료 ===
2025-09-15 15:12:41,709 - SourceAnalyzer - INFO - main.py:89 - 1단계 완료: 파일 정보 저장
2025-09-15 15:12:41,711 - SourceAnalyzer - INFO - main.py:108 - 전역 프로젝트 정보 설정: sampleSrc (ID: 1)
2025-09-15 15:12:41,711 - SourceAnalyzer - INFO - main.py:118 - 2단계 실행: 데이터베이스 구조 저장 및 컴포넌트 생성
2025-09-15 15:12:41,712 - SourceAnalyzer - INFO - file_loading.py:1181 - === 데이터베이스 로딩 시작: 데이터베이스 구조 저장 ===
2025-09-15 15:12:41,713 - SourceAnalyzer - INFO - file_utils.py:55 - 인코딩 문제 감지, 다른 인코딩으로 재시도: ALL_TABLES.csv
2025-09-15 15:12:41,713 - SourceAnalyzer - INFO - file_loading.py:547 - CSV 파일 로드 완료: D:\Analyzer\CreateMetaDb\projects\sampleSrc\db_schema\ALL_TABLES.csv, 16개 행
2025-09-15 15:12:41,715 - SourceAnalyzer - INFO - file_loading.py:644 - 테이블 정보 저장 완료: 16개 테이블 (오류: 0개)
2025-09-15 15:12:41,715 - SourceAnalyzer - INFO - file_utils.py:55 - 인코딩 문제 감지, 다른 인코딩으로 재시도: ALL_TAB_COLUMNS.csv
2025-09-15 15:12:41,715 - SourceAnalyzer - INFO - file_loading.py:547 - CSV 파일 로드 완료: D:\Analyzer\CreateMetaDb\projects\sampleSrc\db_schema\ALL_TAB_COLUMNS.csv, 91개 행
2025-09-15 15:12:41,719 - SourceAnalyzer - INFO - file_loading.py:762 - 컬럼 정보 저장 완료: 91개 컬럼 (오류: 0개)
2025-09-15 15:12:41,720 - SourceAnalyzer - INFO - file_loading.py:829 - 테이블 컴포넌트 생성 완료: 25개
2025-09-15 15:12:41,728 - SourceAnalyzer - INFO - file_loading.py:909 - 컬럼 컴포넌트 생성 완료: 108개
2025-09-15 15:12:41,731 - SourceAnalyzer - INFO - file_loading.py:967 - 컬럼 component_id 업데이트 완료: 108개
2025-09-15 15:12:41,731 - SourceAnalyzer - INFO - file_loading.py:1212 - === 데이터베이스 로딩 완료 ===
2025-09-15 15:12:41,731 - SourceAnalyzer - INFO - main.py:125 - 2단계 완료: 데이터베이스 구조 저장 및 컴포넌트 생성
2025-09-15 15:12:41,731 - SourceAnalyzer - INFO - main.py:131 - 3단계 실행: XML 파일 분석 및 SQL 컴포넌트 등록 + JOIN 관계 분석
2025-09-15 15:12:41,739 - SourceAnalyzer - INFO - main.py:140 - SQL Content 기능이 비활성화되었습니다 (--sql-content 옵션으로 활성화 가능)
2025-09-15 15:12:41,769 - SourceAnalyzer - INFO - xml_loading.py:60 - SQL Content 기능이 비활성화되어 있습니다
2025-09-15 15:12:41,770 - SourceAnalyzer - INFO - xml_loading.py:85 - === XML 로딩 시작: 3~4단계 통합 처리 ===
2025-09-15 15:12:41,775 - SourceAnalyzer - INFO - xml_parser.py:152 - MyBatis XML 파일 수집 완료: 6개
2025-09-15 15:12:41,775 - SourceAnalyzer - INFO - xml_loading.py:124 - XML 파일: D:\Analyzer\CreateMetaDb\projects\sampleSrc\src\com\example\dynamicquery\UserMapper.xml
2025-09-15 15:12:41,775 - SourceAnalyzer - INFO - xml_loading.py:125 - 디렉토리 경로: src\com\example\dynamicquery
2025-09-15 15:12:41,775 - SourceAnalyzer - INFO - xml_loading.py:136 - SQL 쿼리 결과: 4개
2025-09-15 15:12:41,775 - SourceAnalyzer - INFO - xml_loading.py:140 - file_id 조회 성공: 4
2025-09-15 15:12:41,808 - SourceAnalyzer - INFO - xml_loading.py:250 - === XML 로딩 엔진: SQL 컴포넌트 저장 시작 ===
2025-09-15 15:12:41,808 - SourceAnalyzer - INFO - xml_loading.py:251 - 전달받은 SQL 쿼리 수: 8개
2025-09-15 15:12:41,808 - SourceAnalyzer - INFO - xml_loading.py:259 - XML에서 추출된 SQL 쿼리 타입별 통계: {'select': 8}
2025-09-15 15:12:41,809 - SourceAnalyzer - INFO - xml_loading.py:272 - 프로젝트 ID: 1
2025-09-15 15:12:41,809 - SourceAnalyzer - INFO - xml_loading.py:359 - SQL 컴포넌트 저장 완료: 8/8개 성공
2025-09-15 15:12:41,809 - SourceAnalyzer - INFO - xml_loading.py:458 - JOIN 관계 저장 완료: 5개
2025-09-15 15:12:41,810 - SourceAnalyzer - INFO - xml_loading.py:124 - XML 파일: D:\Analyzer\CreateMetaDb\projects\sampleSrc\src\main\resources\mybatis\mapper\ImplicitJoinMapper.xml
2025-09-15 15:12:41,810 - SourceAnalyzer - INFO - xml_loading.py:125 - 디렉토리 경로: src\main\resources\mybatis\mapper
2025-09-15 15:12:41,810 - SourceAnalyzer - INFO - xml_loading.py:136 - SQL 쿼리 결과: 5개
2025-09-15 15:12:41,810 - SourceAnalyzer - INFO - xml_loading.py:140 - file_id 조회 성공: 35
2025-09-15 15:12:41,835 - SourceAnalyzer - INFO - xml_loading.py:250 - === XML 로딩 엔진: SQL 컴포넌트 저장 시작 ===
2025-09-15 15:12:41,835 - SourceAnalyzer - INFO - xml_loading.py:251 - 전달받은 SQL 쿼리 수: 5개
2025-09-15 15:12:41,835 - SourceAnalyzer - INFO - xml_loading.py:259 - XML에서 추출된 SQL 쿼리 타입별 통계: {'select': 5}
2025-09-15 15:12:41,835 - SourceAnalyzer - INFO - xml_loading.py:272 - 프로젝트 ID: 1
2025-09-15 15:12:41,835 - SourceAnalyzer - INFO - xml_loading.py:359 - SQL 컴포넌트 저장 완료: 5/5개 성공
2025-09-15 15:12:41,836 - SourceAnalyzer - INFO - xml_loading.py:458 - JOIN 관계 저장 완료: 8개
2025-09-15 15:12:41,837 - SourceAnalyzer - INFO - xml_loading.py:124 - XML 파일: D:\Analyzer\CreateMetaDb\projects\sampleSrc\src\main\resources\mybatis\mapper\ImplicitJoinTestMapper.xml
2025-09-15 15:12:41,837 - SourceAnalyzer - INFO - xml_loading.py:125 - 디렉토리 경로: src\main\resources\mybatis\mapper
2025-09-15 15:12:41,837 - SourceAnalyzer - INFO - xml_loading.py:136 - SQL 쿼리 결과: 5개
2025-09-15 15:12:41,837 - SourceAnalyzer - INFO - xml_loading.py:140 - file_id 조회 성공: 35
2025-09-15 15:12:41,843 - SourceAnalyzer - INFO - xml_loading.py:124 - XML 파일: D:\Analyzer\CreateMetaDb\projects\sampleSrc\src\main\resources\mybatis\mapper\MixedErrorMapper.xml
2025-09-15 15:12:41,844 - SourceAnalyzer - INFO - xml_loading.py:125 - 디렉토리 경로: src\main\resources\mybatis\mapper
2025-09-15 15:12:41,844 - SourceAnalyzer - INFO - xml_loading.py:136 - SQL 쿼리 결과: 5개
2025-09-15 15:12:41,844 - SourceAnalyzer - INFO - xml_loading.py:140 - file_id 조회 성공: 35
2025-09-15 15:12:41,863 - SourceAnalyzer - INFO - xml_loading.py:250 - === XML 로딩 엔진: SQL 컴포넌트 저장 시작 ===
2025-09-15 15:12:41,864 - SourceAnalyzer - INFO - xml_loading.py:251 - 전달받은 SQL 쿼리 수: 12개
2025-09-15 15:12:41,864 - SourceAnalyzer - INFO - xml_loading.py:259 - XML에서 추출된 SQL 쿼리 타입별 통계: {'select': 9, 'insert': 1, 'update': 1, 'delete': 1}
2025-09-15 15:12:41,864 - SourceAnalyzer - INFO - xml_loading.py:272 - 프로젝트 ID: 1
2025-09-15 15:12:41,864 - SourceAnalyzer - INFO - xml_loading.py:359 - SQL 컴포넌트 저장 완료: 12/12개 성공
2025-09-15 15:12:41,864 - SourceAnalyzer - INFO - xml_loading.py:458 - JOIN 관계 저장 완료: 4개
2025-09-15 15:12:41,865 - SourceAnalyzer - INFO - xml_loading.py:124 - XML 파일: D:\Analyzer\CreateMetaDb\projects\sampleSrc\src\main\resources\mybatis\mapper\ProductMapper.xml
2025-09-15 15:12:41,865 - SourceAnalyzer - INFO - xml_loading.py:125 - 디렉토리 경로: src\main\resources\mybatis\mapper
2025-09-15 15:12:41,865 - SourceAnalyzer - INFO - xml_loading.py:136 - SQL 쿼리 결과: 5개
2025-09-15 15:12:41,865 - SourceAnalyzer - INFO - xml_loading.py:140 - file_id 조회 성공: 35
2025-09-15 15:12:41,887 - SourceAnalyzer - INFO - xml_loading.py:250 - === XML 로딩 엔진: SQL 컴포넌트 저장 시작 ===
2025-09-15 15:12:41,887 - SourceAnalyzer - INFO - xml_loading.py:251 - 전달받은 SQL 쿼리 수: 9개
2025-09-15 15:12:41,887 - SourceAnalyzer - INFO - xml_loading.py:259 - XML에서 추출된 SQL 쿼리 타입별 통계: {'select': 5, 'update': 2, 'insert': 1, 'delete': 1}
2025-09-15 15:12:41,887 - SourceAnalyzer - INFO - xml_loading.py:272 - 프로젝트 ID: 1
2025-09-15 15:12:41,888 - SourceAnalyzer - INFO - xml_loading.py:359 - SQL 컴포넌트 저장 완료: 9/9개 성공
2025-09-15 15:12:41,888 - SourceAnalyzer - INFO - xml_loading.py:458 - JOIN 관계 저장 완료: 2개
2025-09-15 15:12:41,888 - SourceAnalyzer - INFO - xml_loading.py:124 - XML 파일: D:\Analyzer\CreateMetaDb\projects\sampleSrc\src\main\resources\mybatis\mapper\UserMapper.xml
2025-09-15 15:12:41,888 - SourceAnalyzer - INFO - xml_loading.py:125 - 디렉토리 경로: src\main\resources\mybatis\mapper
2025-09-15 15:12:41,888 - SourceAnalyzer - INFO - xml_loading.py:136 - SQL 쿼리 결과: 5개
2025-09-15 15:12:41,888 - SourceAnalyzer - INFO - xml_loading.py:140 - file_id 조회 성공: 35
2025-09-15 15:12:41,942 - SourceAnalyzer - INFO - xml_loading.py:250 - === XML 로딩 엔진: SQL 컴포넌트 저장 시작 ===
2025-09-15 15:12:41,943 - SourceAnalyzer - INFO - xml_loading.py:251 - 전달받은 SQL 쿼리 수: 22개
2025-09-15 15:12:41,943 - SourceAnalyzer - INFO - xml_loading.py:259 - XML에서 추출된 SQL 쿼리 타입별 통계: {'select': 15, 'update': 2, 'insert': 2, 'delete': 1, 'merge': 2}
2025-09-15 15:12:41,943 - SourceAnalyzer - INFO - xml_loading.py:272 - 프로젝트 ID: 1
2025-09-15 15:12:41,943 - SourceAnalyzer - INFO - xml_loading.py:359 - SQL 컴포넌트 저장 완료: 22/22개 성공
2025-09-15 15:12:41,944 - SourceAnalyzer - INFO - xml_loading.py:458 - JOIN 관계 저장 완료: 8개
2025-09-15 15:12:41,944 - SourceAnalyzer - INFO - xml_loading.py:955 - === XML 로딩 통계 ===
2025-09-15 15:12:41,944 - SourceAnalyzer - INFO - xml_loading.py:956 - 처리된 XML 파일: 5개
2025-09-15 15:12:41,944 - SourceAnalyzer - INFO - xml_loading.py:957 - 추출된 SQL 쿼리: 56개
2025-09-15 15:12:41,944 - SourceAnalyzer - INFO - xml_loading.py:958 - 생성된 SQL 컴포넌트: 56개
2025-09-15 15:12:41,944 - SourceAnalyzer - INFO - xml_loading.py:959 - 생성된 JOIN 관계: 30개
2025-09-15 15:12:41,944 - SourceAnalyzer - INFO - xml_loading.py:960 - 생성된 inferred 테이블: 0개
2025-09-15 15:12:41,944 - SourceAnalyzer - INFO - xml_loading.py:961 - 생성된 inferred 컬럼: 0개
2025-09-15 15:12:41,944 - SourceAnalyzer - INFO - xml_loading.py:962 - 오류 발생: 1개
2025-09-15 15:12:41,944 - SourceAnalyzer - INFO - xml_loading.py:993 - === SQL Content 통계 ===
2025-09-15 15:12:41,944 - SourceAnalyzer - INFO - xml_loading.py:994 - SQL Content Manager가 초기화되지 않았습니다.
2025-09-15 15:12:41,944 - SourceAnalyzer - INFO - xml_loading.py:215 - === XML 로딩 완료 ===
2025-09-15 15:12:41,945 - SourceAnalyzer - INFO - main.py:146 - 3단계 완료: XML 파일 분석 및 SQL 컴포넌트 등록 + JOIN 관계 분석
2025-09-15 15:12:41,945 - SourceAnalyzer - INFO - main.py:152 - 4단계 실행: Java 소스코드 분석 및 관계 생성
2025-09-15 15:12:41,976 - SourceAnalyzer - INFO - java_parser.py:191 - 정규식 패턴 컴파일 완료: 클래스 12개, 메서드 4개, 패키지 7개, 상속 6개, CALL_QUERY 18개, CALL_METHOD 7개, USE_TABLE 16개
2025-09-15 15:12:41,977 - SourceAnalyzer - INFO - java_loading.py:71 - === Java 로딩 시작: 4단계 통합 처리 ===
2025-09-15 15:12:41,985 - SourceAnalyzer - INFO - java_parser.py:243 - Java 파일 수집 완료: 30개
2025-09-15 15:12:41,986 - SourceAnalyzer - INFO - java_loading.py:85 - 처리할 Java 파일 수: 30개
2025-09-15 15:12:41,988 - SourceAnalyzer - INFO - java_parser.py:883 - 메서드 추출 시작: D:\Analyzer\CreateMetaDb\projects\sampleSrc\src\com\example\dynamicquery\UserDao.java
2025-09-15 15:12:41,988 - SourceAnalyzer - INFO - java_parser.py:884 - 컴파일된 메서드 패턴 수: 4
2025-09-15 15:12:41,993 - SourceAnalyzer - INFO - java_loading.py:193 - === Java 클래스 저장 시작: D:\Analyzer\CreateMetaDb\projects\sampleSrc\src\com\example\dynamicquery\UserDao.java ===
2025-09-15 15:12:41,993 - SourceAnalyzer - INFO - java_loading.py:194 - 저장할 클래스 수: 2개
2025-09-15 15:12:41,993 - SourceAnalyzer - INFO - java_loading.py:212 - 프로젝트 ID: 1, 파일 ID: 4
2025-09-15 15:12:41,994 - SourceAnalyzer - INFO - java_loading.py:244 - === Java 클래스 저장 완료: D:\Analyzer\CreateMetaDb\projects\sampleSrc\src\com\example\dynamicquery\UserDao.java ===
2025-09-15 15:12:41,994 - SourceAnalyzer - INFO - java_loading.py:663 - 저장할 CALL_QUERY 관계 수: 1개
2025-09-15 15:12:41,994 - SourceAnalyzer - INFO - java_loading.py:717 - CALL_QUERY 관계 저장 완료: 1개
2025-09-15 15:12:41,994 - SourceAnalyzer - INFO - java_loading.py:745 - 저장할 CALL_METHOD 관계 수: 78개
2025-09-15 15:12:41,995 - SourceAnalyzer - INFO - java_loading.py:768 - inferred 메서드 생성 시도: findUsersWithAnsiJoin
2025-09-15 15:12:41,995 - SourceAnalyzer - INFO - java_loading.py:1098 - inferred 메서드 생성 완료: findUsersWithAnsiJoin (ID: 100)
2025-09-15 15:12:41,995 - SourceAnalyzer - INFO - java_loading.py:771 - inferred 메서드 생성 성공: findUsersWithAnsiJoin (ID: 100)
2025-09-15 15:12:41,998 - SourceAnalyzer - INFO - java_loading.py:804 - CALL_METHOD 관계 저장 완료: 72개
2025-09-15 15:12:41,998 - SourceAnalyzer - INFO - java_parser.py:883 - 메서드 추출 시작: D:\Analyzer\CreateMetaDb\projects\sampleSrc\src\com\example\dynamicquery\UserMapper.java
2025-09-15 15:12:41,998 - SourceAnalyzer - INFO - java_parser.py:884 - 컴파일된 메서드 패턴 수: 4
2025-09-15 15:12:41,999 - SourceAnalyzer - INFO - java_loading.py:193 - === Java 클래스 저장 시작: D:\Analyzer\CreateMetaDb\projects\sampleSrc\src\com\example\dynamicquery\UserMapper.java ===
2025-09-15 15:12:41,999 - SourceAnalyzer - INFO - java_loading.py:194 - 저장할 클래스 수: 2개
2025-09-15 15:12:41,999 - SourceAnalyzer - INFO - java_loading.py:212 - 프로젝트 ID: 1, 파일 ID: 5
2025-09-15 15:12:41,999 - SourceAnalyzer - INFO - java_loading.py:244 - === Java 클래스 저장 완료: D:\Analyzer\CreateMetaDb\projects\sampleSrc\src\com\example\dynamicquery\UserMapper.java ===
2025-09-15 15:12:42,000 - SourceAnalyzer - INFO - java_parser.py:883 - 메서드 추출 시작: D:\Analyzer\CreateMetaDb\projects\sampleSrc\src\com\example\dynamicquery\UserSearchDto.java
2025-09-15 15:12:42,000 - SourceAnalyzer - INFO - java_parser.py:884 - 컴파일된 메서드 패턴 수: 4
2025-09-15 15:12:42,002 - SourceAnalyzer - INFO - java_loading.py:193 - === Java 클래스 저장 시작: D:\Analyzer\CreateMetaDb\projects\sampleSrc\src\com\example\dynamicquery\UserSearchDto.java ===
2025-09-15 15:12:42,002 - SourceAnalyzer - INFO - java_loading.py:194 - 저장할 클래스 수: 2개
2025-09-15 15:12:42,003 - SourceAnalyzer - INFO - java_loading.py:212 - 프로젝트 ID: 1, 파일 ID: 7
2025-09-15 15:12:42,003 - SourceAnalyzer - INFO - java_loading.py:244 - === Java 클래스 저장 완료: D:\Analyzer\CreateMetaDb\projects\sampleSrc\src\com\example\dynamicquery\UserSearchDto.java ===
2025-09-15 15:12:42,003 - SourceAnalyzer - INFO - java_loading.py:745 - 저장할 CALL_METHOD 관계 수: 10개
2025-09-15 15:12:42,004 - SourceAnalyzer - INFO - java_loading.py:804 - CALL_METHOD 관계 저장 완료: 6개
2025-09-15 15:12:42,006 - SourceAnalyzer - INFO - java_parser.py:883 - 메서드 추출 시작: D:\Analyzer\CreateMetaDb\projects\sampleSrc\src\main\java\com\example\annotations\AnnotatedClass.java
2025-09-15 15:12:42,006 - SourceAnalyzer - INFO - java_parser.py:884 - 컴파일된 메서드 패턴 수: 4
2025-09-15 15:12:42,008 - SourceAnalyzer - INFO - java_loading.py:193 - === Java 클래스 저장 시작: D:\Analyzer\CreateMetaDb\projects\sampleSrc\src\main\java\com\example\annotations\AnnotatedClass.java ===
2025-09-15 15:12:42,008 - SourceAnalyzer - INFO - java_loading.py:194 - 저장할 클래스 수: 6개
2025-09-15 15:12:42,008 - SourceAnalyzer - INFO - java_loading.py:212 - 프로젝트 ID: 1, 파일 ID: 8
2025-09-15 15:12:42,009 - SourceAnalyzer - INFO - java_loading.py:244 - === Java 클래스 저장 완료: D:\Analyzer\CreateMetaDb\projects\sampleSrc\src\main\java\com\example\annotations\AnnotatedClass.java ===
2025-09-15 15:12:42,009 - SourceAnalyzer - INFO - java_loading.py:745 - 저장할 CALL_METHOD 관계 수: 4개
2025-09-15 15:12:42,009 - SourceAnalyzer - INFO - java_loading.py:804 - CALL_METHOD 관계 저장 완료: 4개
2025-09-15 15:12:42,011 - SourceAnalyzer - INFO - java_parser.py:883 - 메서드 추출 시작: D:\Analyzer\CreateMetaDb\projects\sampleSrc\src\main\java\com\example\comments\CommentHeavyClass.java
2025-09-15 15:12:42,011 - SourceAnalyzer - INFO - java_parser.py:884 - 컴파일된 메서드 패턴 수: 4
2025-09-15 15:12:42,016 - SourceAnalyzer - INFO - java_loading.py:193 - === Java 클래스 저장 시작: D:\Analyzer\CreateMetaDb\projects\sampleSrc\src\main\java\com\example\comments\CommentHeavyClass.java ===
2025-09-15 15:12:42,016 - SourceAnalyzer - INFO - java_loading.py:194 - 저장할 클래스 수: 2개
2025-09-15 15:12:42,016 - SourceAnalyzer - INFO - java_loading.py:212 - 프로젝트 ID: 1, 파일 ID: 9
2025-09-15 15:12:42,016 - SourceAnalyzer - INFO - java_loading.py:244 - === Java 클래스 저장 완료: D:\Analyzer\CreateMetaDb\projects\sampleSrc\src\main\java\com\example\comments\CommentHeavyClass.java ===
2025-09-15 15:12:42,016 - SourceAnalyzer - INFO - java_loading.py:745 - 저장할 CALL_METHOD 관계 수: 26개
2025-09-15 15:12:42,017 - SourceAnalyzer - INFO - java_loading.py:804 - CALL_METHOD 관계 저장 완료: 22개
2025-09-15 15:12:42,020 - SourceAnalyzer - INFO - java_parser.py:883 - 메서드 추출 시작: D:\Analyzer\CreateMetaDb\projects\sampleSrc\src\main\java\com\example\complex\LargeBusinessClass.java
2025-09-15 15:12:42,020 - SourceAnalyzer - INFO - java_parser.py:884 - 컴파일된 메서드 패턴 수: 4
2025-09-15 15:12:42,066 - SourceAnalyzer - INFO - java_loading.py:193 - === Java 클래스 저장 시작: D:\Analyzer\CreateMetaDb\projects\sampleSrc\src\main\java\com\example\complex\LargeBusinessClass.java ===
2025-09-15 15:12:42,066 - SourceAnalyzer - INFO - java_loading.py:194 - 저장할 클래스 수: 2개
2025-09-15 15:12:42,068 - SourceAnalyzer - INFO - java_loading.py:212 - 프로젝트 ID: 1, 파일 ID: 10
2025-09-15 15:12:42,072 - SourceAnalyzer - INFO - java_loading.py:244 - === Java 클래스 저장 완료: D:\Analyzer\CreateMetaDb\projects\sampleSrc\src\main\java\com\example\complex\LargeBusinessClass.java ===
2025-09-15 15:12:42,072 - SourceAnalyzer - INFO - java_loading.py:745 - 저장할 CALL_METHOD 관계 수: 124개
2025-09-15 15:12:42,079 - SourceAnalyzer - INFO - java_loading.py:804 - CALL_METHOD 관계 저장 완료: 120개
2025-09-15 15:12:42,083 - SourceAnalyzer - INFO - java_parser.py:883 - 메서드 추출 시작: D:\Analyzer\CreateMetaDb\projects\sampleSrc\src\main\java\com\example\controller\ErrorController.java
2025-09-15 15:12:42,083 - SourceAnalyzer - INFO - java_parser.py:884 - 컴파일된 메서드 패턴 수: 4
2025-09-15 15:12:42,094 - SourceAnalyzer - INFO - java_loading.py:193 - === Java 클래스 저장 시작: D:\Analyzer\CreateMetaDb\projects\sampleSrc\src\main\java\com\example\controller\ErrorController.java ===
2025-09-15 15:12:42,094 - SourceAnalyzer - INFO - java_loading.py:194 - 저장할 클래스 수: 2개
2025-09-15 15:12:42,094 - SourceAnalyzer - INFO - java_loading.py:212 - 프로젝트 ID: 1, 파일 ID: 11
2025-09-15 15:12:42,095 - SourceAnalyzer - INFO - java_loading.py:244 - === Java 클래스 저장 완료: D:\Analyzer\CreateMetaDb\projects\sampleSrc\src\main\java\com\example\controller\ErrorController.java ===
2025-09-15 15:12:42,095 - SourceAnalyzer - INFO - java_loading.py:745 - 저장할 CALL_METHOD 관계 수: 32개
2025-09-15 15:12:42,097 - SourceAnalyzer - INFO - java_loading.py:804 - CALL_METHOD 관계 저장 완료: 28개
2025-09-15 15:12:42,099 - SourceAnalyzer - INFO - java_parser.py:883 - 메서드 추출 시작: D:\Analyzer\CreateMetaDb\projects\sampleSrc\src\main\java\com\example\controller\MixedErrorController.java
2025-09-15 15:12:42,099 - SourceAnalyzer - INFO - java_parser.py:884 - 컴파일된 메서드 패턴 수: 4
2025-09-15 15:12:42,107 - SourceAnalyzer - INFO - java_loading.py:193 - === Java 클래스 저장 시작: D:\Analyzer\CreateMetaDb\projects\sampleSrc\src\main\java\com\example\controller\MixedErrorController.java ===
2025-09-15 15:12:42,107 - SourceAnalyzer - INFO - java_loading.py:194 - 저장할 클래스 수: 2개
2025-09-15 15:12:42,107 - SourceAnalyzer - INFO - java_loading.py:212 - 프로젝트 ID: 1, 파일 ID: 12
2025-09-15 15:12:42,108 - SourceAnalyzer - INFO - java_loading.py:244 - === Java 클래스 저장 완료: D:\Analyzer\CreateMetaDb\projects\sampleSrc\src\main\java\com\example\controller\MixedErrorController.java ===
2025-09-15 15:12:42,108 - SourceAnalyzer - INFO - java_loading.py:745 - 저장할 CALL_METHOD 관계 수: 49개
2025-09-15 15:12:42,111 - SourceAnalyzer - INFO - java_loading.py:804 - CALL_METHOD 관계 저장 완료: 31개
2025-09-15 15:12:42,114 - SourceAnalyzer - INFO - java_parser.py:883 - 메서드 추출 시작: D:\Analyzer\CreateMetaDb\projects\sampleSrc\src\main\java\com\example\controller\ProductController.java
2025-09-15 15:12:42,115 - SourceAnalyzer - INFO - java_parser.py:884 - 컴파일된 메서드 패턴 수: 4
2025-09-15 15:12:42,122 - SourceAnalyzer - INFO - java_loading.py:193 - === Java 클래스 저장 시작: D:\Analyzer\CreateMetaDb\projects\sampleSrc\src\main\java\com\example\controller\ProductController.java ===
2025-09-15 15:12:42,122 - SourceAnalyzer - INFO - java_loading.py:194 - 저장할 클래스 수: 2개
2025-09-15 15:12:42,122 - SourceAnalyzer - INFO - java_loading.py:212 - 프로젝트 ID: 1, 파일 ID: 13
2025-09-15 15:12:42,123 - SourceAnalyzer - INFO - java_loading.py:244 - === Java 클래스 저장 완료: D:\Analyzer\CreateMetaDb\projects\sampleSrc\src\main\java\com\example\controller\ProductController.java ===
2025-09-15 15:12:42,123 - SourceAnalyzer - INFO - java_loading.py:745 - 저장할 CALL_METHOD 관계 수: 22개
2025-09-15 15:12:42,124 - SourceAnalyzer - INFO - java_loading.py:804 - CALL_METHOD 관계 저장 완료: 22개
2025-09-15 15:12:42,127 - SourceAnalyzer - INFO - java_parser.py:883 - 메서드 추출 시작: D:\Analyzer\CreateMetaDb\projects\sampleSrc\src\main\java\com\example\controller\SyntaxErrorController.java
2025-09-15 15:12:42,127 - SourceAnalyzer - INFO - java_parser.py:884 - 컴파일된 메서드 패턴 수: 4
2025-09-15 15:12:42,132 - SourceAnalyzer - INFO - java_loading.py:193 - === Java 클래스 저장 시작: D:\Analyzer\CreateMetaDb\projects\sampleSrc\src\main\java\com\example\controller\SyntaxErrorController.java ===
2025-09-15 15:12:42,132 - SourceAnalyzer - INFO - java_loading.py:194 - 저장할 클래스 수: 2개
2025-09-15 15:12:42,133 - SourceAnalyzer - INFO - java_loading.py:212 - 프로젝트 ID: 1, 파일 ID: 14
2025-09-15 15:12:42,133 - SourceAnalyzer - INFO - java_loading.py:244 - === Java 클래스 저장 완료: D:\Analyzer\CreateMetaDb\projects\sampleSrc\src\main\java\com\example\controller\SyntaxErrorController.java ===
2025-09-15 15:12:42,134 - SourceAnalyzer - INFO - java_loading.py:745 - 저장할 CALL_METHOD 관계 수: 37개
2025-09-15 15:12:42,136 - SourceAnalyzer - INFO - java_loading.py:804 - CALL_METHOD 관계 저장 완료: 15개
2025-09-15 15:12:42,152 - SourceAnalyzer - INFO - java_parser.py:883 - 메서드 추출 시작: D:\Analyzer\CreateMetaDb\projects\sampleSrc\src\main\java\com\example\controller\UserController.java
2025-09-15 15:12:42,152 - SourceAnalyzer - INFO - java_parser.py:884 - 컴파일된 메서드 패턴 수: 4
2025-09-15 15:12:42,216 - SourceAnalyzer - INFO - java_loading.py:193 - === Java 클래스 저장 시작: D:\Analyzer\CreateMetaDb\projects\sampleSrc\src\main\java\com\example\controller\UserController.java ===
2025-09-15 15:12:42,216 - SourceAnalyzer - INFO - java_loading.py:194 - 저장할 클래스 수: 2개
2025-09-15 15:12:42,216 - SourceAnalyzer - INFO - java_loading.py:212 - 프로젝트 ID: 1, 파일 ID: 15
2025-09-15 15:12:42,218 - SourceAnalyzer - INFO - java_loading.py:244 - === Java 클래스 저장 완료: D:\Analyzer\CreateMetaDb\projects\sampleSrc\src\main\java\com\example\controller\UserController.java ===
2025-09-15 15:12:42,218 - SourceAnalyzer - INFO - java_loading.py:745 - 저장할 CALL_METHOD 관계 수: 724개
2025-09-15 15:12:42,245 - SourceAnalyzer - INFO - java_loading.py:804 - CALL_METHOD 관계 저장 완료: 724개
2025-09-15 15:12:42,246 - SourceAnalyzer - INFO - java_parser.py:883 - 메서드 추출 시작: D:\Analyzer\CreateMetaDb\projects\sampleSrc\src\main\java\com\example\enums\OrderStatus.java
2025-09-15 15:12:42,246 - SourceAnalyzer - INFO - java_parser.py:884 - 컴파일된 메서드 패턴 수: 4
2025-09-15 15:12:42,247 - SourceAnalyzer - INFO - java_loading.py:193 - === Java 클래스 저장 시작: D:\Analyzer\CreateMetaDb\projects\sampleSrc\src\main\java\com\example\enums\OrderStatus.java ===
2025-09-15 15:12:42,247 - SourceAnalyzer - INFO - java_loading.py:194 - 저장할 클래스 수: 2개
2025-09-15 15:12:42,248 - SourceAnalyzer - INFO - java_loading.py:212 - 프로젝트 ID: 1, 파일 ID: 16
2025-09-15 15:12:42,248 - SourceAnalyzer - INFO - java_loading.py:244 - === Java 클래스 저장 완료: D:\Analyzer\CreateMetaDb\projects\sampleSrc\src\main\java\com\example\enums\OrderStatus.java ===
2025-09-15 15:12:42,248 - SourceAnalyzer - INFO - java_loading.py:745 - 저장할 CALL_METHOD 관계 수: 1개
2025-09-15 15:12:42,248 - SourceAnalyzer - INFO - java_loading.py:804 - CALL_METHOD 관계 저장 완료: 1개
2025-09-15 15:12:42,249 - SourceAnalyzer - INFO - java_parser.py:883 - 메서드 추출 시작: D:\Analyzer\CreateMetaDb\projects\sampleSrc\src\main\java\com\example\errors\SyntaxErrorClass.java
2025-09-15 15:12:42,249 - SourceAnalyzer - INFO - java_parser.py:884 - 컴파일된 메서드 패턴 수: 4
2025-09-15 15:12:42,251 - SourceAnalyzer - INFO - java_loading.py:193 - === Java 클래스 저장 시작: D:\Analyzer\CreateMetaDb\projects\sampleSrc\src\main\java\com\example\errors\SyntaxErrorClass.java ===
2025-09-15 15:12:42,251 - SourceAnalyzer - INFO - java_loading.py:194 - 저장할 클래스 수: 2개
2025-09-15 15:12:42,251 - SourceAnalyzer - INFO - java_loading.py:212 - 프로젝트 ID: 1, 파일 ID: 17
2025-09-15 15:12:42,252 - SourceAnalyzer - INFO - java_loading.py:244 - === Java 클래스 저장 완료: D:\Analyzer\CreateMetaDb\projects\sampleSrc\src\main\java\com\example\errors\SyntaxErrorClass.java ===
2025-09-15 15:12:42,252 - SourceAnalyzer - INFO - java_loading.py:745 - 저장할 CALL_METHOD 관계 수: 4개
2025-09-15 15:12:42,252 - SourceAnalyzer - INFO - java_loading.py:804 - CALL_METHOD 관계 저장 완료: 2개
2025-09-15 15:12:42,254 - SourceAnalyzer - INFO - java_parser.py:883 - 메서드 추출 시작: D:\Analyzer\CreateMetaDb\projects\sampleSrc\src\main\java\com\example\generics\GenericClass.java
2025-09-15 15:12:42,254 - SourceAnalyzer - INFO - java_parser.py:884 - 컴파일된 메서드 패턴 수: 4
2025-09-15 15:12:42,258 - SourceAnalyzer - INFO - java_loading.py:193 - === Java 클래스 저장 시작: D:\Analyzer\CreateMetaDb\projects\sampleSrc\src\main\java\com\example\generics\GenericClass.java ===
2025-09-15 15:12:42,258 - SourceAnalyzer - INFO - java_loading.py:194 - 저장할 클래스 수: 3개
2025-09-15 15:12:42,258 - SourceAnalyzer - INFO - java_loading.py:212 - 프로젝트 ID: 1, 파일 ID: 18
2025-09-15 15:12:42,259 - SourceAnalyzer - INFO - java_loading.py:244 - === Java 클래스 저장 완료: D:\Analyzer\CreateMetaDb\projects\sampleSrc\src\main\java\com\example\generics\GenericClass.java ===
2025-09-15 15:12:42,259 - SourceAnalyzer - INFO - java_loading.py:745 - 저장할 CALL_METHOD 관계 수: 24개
2025-09-15 15:12:42,260 - SourceAnalyzer - INFO - java_loading.py:804 - CALL_METHOD 관계 저장 완료: 20개
2025-09-15 15:12:42,262 - SourceAnalyzer - INFO - java_parser.py:883 - 메서드 추출 시작: D:\Analyzer\CreateMetaDb\projects\sampleSrc\src\main\java\com\example\inheritance\BaseService.java
2025-09-15 15:12:42,262 - SourceAnalyzer - INFO - java_parser.py:884 - 컴파일된 메서드 패턴 수: 4
2025-09-15 15:12:42,269 - SourceAnalyzer - INFO - java_loading.py:193 - === Java 클래스 저장 시작: D:\Analyzer\CreateMetaDb\projects\sampleSrc\src\main\java\com\example\inheritance\BaseService.java ===
2025-09-15 15:12:42,269 - SourceAnalyzer - INFO - java_loading.py:194 - 저장할 클래스 수: 3개
2025-09-15 15:12:42,269 - SourceAnalyzer - INFO - java_loading.py:212 - 프로젝트 ID: 1, 파일 ID: 19
2025-09-15 15:12:42,270 - SourceAnalyzer - INFO - java_loading.py:244 - === Java 클래스 저장 완료: D:\Analyzer\CreateMetaDb\projects\sampleSrc\src\main\java\com\example\inheritance\BaseService.java ===
2025-09-15 15:12:42,270 - SourceAnalyzer - INFO - java_loading.py:745 - 저장할 CALL_METHOD 관계 수: 60개
2025-09-15 15:12:42,272 - SourceAnalyzer - INFO - java_loading.py:804 - CALL_METHOD 관계 저장 완료: 54개
2025-09-15 15:12:42,273 - SourceAnalyzer - INFO - java_parser.py:883 - 메서드 추출 시작: D:\Analyzer\CreateMetaDb\projects\sampleSrc\src\main\java\com\example\inheritance\ConcreteService.java
2025-09-15 15:12:42,273 - SourceAnalyzer - INFO - java_parser.py:884 - 컴파일된 메서드 패턴 수: 4
2025-09-15 15:12:42,275 - SourceAnalyzer - INFO - java_loading.py:193 - === Java 클래스 저장 시작: D:\Analyzer\CreateMetaDb\projects\sampleSrc\src\main\java\com\example\inheritance\ConcreteService.java ===
2025-09-15 15:12:42,275 - SourceAnalyzer - INFO - java_loading.py:194 - 저장할 클래스 수: 2개
2025-09-15 15:12:42,276 - SourceAnalyzer - INFO - java_loading.py:212 - 프로젝트 ID: 1, 파일 ID: 20
2025-09-15 15:12:42,276 - SourceAnalyzer - INFO - java_loading.py:244 - === Java 클래스 저장 완료: D:\Analyzer\CreateMetaDb\projects\sampleSrc\src\main\java\com\example\inheritance\ConcreteService.java ===
2025-09-15 15:12:42,276 - SourceAnalyzer - INFO - java_loading.py:440 - 저장할 상속 관계 수: 2개
2025-09-15 15:12:42,276 - SourceAnalyzer - INFO - java_loading.py:641 - inferred 클래스 생성 완료: ConcreteService (ID: 37)
2025-09-15 15:12:42,277 - SourceAnalyzer - INFO - java_loading.py:641 - inferred 클래스 생성 완료: BaseService (ID: 38)
2025-09-15 15:12:42,277 - SourceAnalyzer - INFO - java_loading.py:641 - inferred 클래스 생성 완료: ConcreteService (ID: 37)
2025-09-15 15:12:42,277 - SourceAnalyzer - INFO - java_loading.py:641 - inferred 클래스 생성 완료: BaseService (ID: 38)
2025-09-15 15:12:42,277 - SourceAnalyzer - INFO - java_loading.py:745 - 저장할 CALL_METHOD 관계 수: 10개
2025-09-15 15:12:42,278 - SourceAnalyzer - INFO - java_loading.py:804 - CALL_METHOD 관계 저장 완료: 8개
2025-09-15 15:12:42,280 - SourceAnalyzer - INFO - java_parser.py:883 - 메서드 추출 시작: D:\Analyzer\CreateMetaDb\projects\sampleSrc\src\main\java\com\example\interfaces\CreditCardProcessor.java
2025-09-15 15:12:42,280 - SourceAnalyzer - INFO - java_parser.py:884 - 컴파일된 메서드 패턴 수: 4
2025-09-15 15:12:42,283 - SourceAnalyzer - INFO - java_loading.py:193 - === Java 클래스 저장 시작: D:\Analyzer\CreateMetaDb\projects\sampleSrc\src\main\java\com\example\interfaces\CreditCardProcessor.java ===
2025-09-15 15:12:42,284 - SourceAnalyzer - INFO - java_loading.py:194 - 저장할 클래스 수: 2개
2025-09-15 15:12:42,285 - SourceAnalyzer - INFO - java_loading.py:212 - 프로젝트 ID: 1, 파일 ID: 21
2025-09-15 15:12:42,286 - SourceAnalyzer - INFO - java_loading.py:244 - === Java 클래스 저장 완료: D:\Analyzer\CreateMetaDb\projects\sampleSrc\src\main\java\com\example\interfaces\CreditCardProcessor.java ===
2025-09-15 15:12:42,287 - SourceAnalyzer - INFO - java_loading.py:745 - 저장할 CALL_METHOD 관계 수: 11개
2025-09-15 15:12:42,290 - SourceAnalyzer - INFO - java_loading.py:804 - CALL_METHOD 관계 저장 완료: 8개
2025-09-15 15:12:42,292 - SourceAnalyzer - INFO - java_parser.py:883 - 메서드 추출 시작: D:\Analyzer\CreateMetaDb\projects\sampleSrc\src\main\java\com\example\interfaces\PaymentProcessor.java
2025-09-15 15:12:42,292 - SourceAnalyzer - INFO - java_parser.py:884 - 컴파일된 메서드 패턴 수: 4
2025-09-15 15:12:42,292 - SourceAnalyzer - INFO - java_loading.py:193 - === Java 클래스 저장 시작: D:\Analyzer\CreateMetaDb\projects\sampleSrc\src\main\java\com\example\interfaces\PaymentProcessor.java ===
2025-09-15 15:12:42,292 - SourceAnalyzer - INFO - java_loading.py:194 - 저장할 클래스 수: 2개
2025-09-15 15:12:42,293 - SourceAnalyzer - INFO - java_loading.py:212 - 프로젝트 ID: 1, 파일 ID: 22
2025-09-15 15:12:42,293 - SourceAnalyzer - INFO - java_loading.py:244 - === Java 클래스 저장 완료: D:\Analyzer\CreateMetaDb\projects\sampleSrc\src\main\java\com\example\interfaces\PaymentProcessor.java ===
2025-09-15 15:12:42,296 - SourceAnalyzer - INFO - java_parser.py:883 - 메서드 추출 시작: D:\Analyzer\CreateMetaDb\projects\sampleSrc\src\main\java\com\example\mapper\BrokenMapper.java
2025-09-15 15:12:42,296 - SourceAnalyzer - INFO - java_parser.py:884 - 컴파일된 메서드 패턴 수: 4
2025-09-15 15:12:42,296 - SourceAnalyzer - INFO - java_loading.py:193 - === Java 클래스 저장 시작: D:\Analyzer\CreateMetaDb\projects\sampleSrc\src\main\java\com\example\mapper\BrokenMapper.java ===
2025-09-15 15:12:42,297 - SourceAnalyzer - INFO - java_loading.py:194 - 저장할 클래스 수: 2개
2025-09-15 15:12:42,297 - SourceAnalyzer - INFO - java_loading.py:212 - 프로젝트 ID: 1, 파일 ID: 23
2025-09-15 15:12:42,297 - SourceAnalyzer - INFO - java_loading.py:244 - === Java 클래스 저장 완료: D:\Analyzer\CreateMetaDb\projects\sampleSrc\src\main\java\com\example\mapper\BrokenMapper.java ===
2025-09-15 15:12:42,298 - SourceAnalyzer - INFO - java_parser.py:883 - 메서드 추출 시작: D:\Analyzer\CreateMetaDb\projects\sampleSrc\src\main\java\com\example\mapper\ProductMapper.java
2025-09-15 15:12:42,298 - SourceAnalyzer - INFO - java_parser.py:884 - 컴파일된 메서드 패턴 수: 4
2025-09-15 15:12:42,298 - SourceAnalyzer - INFO - java_loading.py:193 - === Java 클래스 저장 시작: D:\Analyzer\CreateMetaDb\projects\sampleSrc\src\main\java\com\example\mapper\ProductMapper.java ===
2025-09-15 15:12:42,298 - SourceAnalyzer - INFO - java_loading.py:194 - 저장할 클래스 수: 2개
2025-09-15 15:12:42,299 - SourceAnalyzer - INFO - java_loading.py:212 - 프로젝트 ID: 1, 파일 ID: 24
2025-09-15 15:12:42,299 - SourceAnalyzer - INFO - java_loading.py:244 - === Java 클래스 저장 완료: D:\Analyzer\CreateMetaDb\projects\sampleSrc\src\main\java\com\example\mapper\ProductMapper.java ===
2025-09-15 15:12:42,299 - SourceAnalyzer - INFO - java_parser.py:883 - 메서드 추출 시작: D:\Analyzer\CreateMetaDb\projects\sampleSrc\src\main\java\com\example\mapper\UserMapper.java
2025-09-15 15:12:42,299 - SourceAnalyzer - INFO - java_parser.py:884 - 컴파일된 메서드 패턴 수: 4
2025-09-15 15:12:42,300 - SourceAnalyzer - INFO - java_loading.py:193 - === Java 클래스 저장 시작: D:\Analyzer\CreateMetaDb\projects\sampleSrc\src\main\java\com\example\mapper\UserMapper.java ===
2025-09-15 15:12:42,300 - SourceAnalyzer - INFO - java_loading.py:194 - 저장할 클래스 수: 2개
2025-09-15 15:12:42,300 - SourceAnalyzer - INFO - java_loading.py:212 - 프로젝트 ID: 1, 파일 ID: 25
2025-09-15 15:12:42,300 - SourceAnalyzer - INFO - java_loading.py:244 - === Java 클래스 저장 완료: D:\Analyzer\CreateMetaDb\projects\sampleSrc\src\main\java\com\example\mapper\UserMapper.java ===
2025-09-15 15:12:42,305 - SourceAnalyzer - INFO - java_parser.py:883 - 메서드 추출 시작: D:\Analyzer\CreateMetaDb\projects\sampleSrc\src\main\java\com\example\model\Product.java
2025-09-15 15:12:42,305 - SourceAnalyzer - INFO - java_parser.py:884 - 컴파일된 메서드 패턴 수: 4
2025-09-15 15:12:42,372 - SourceAnalyzer - INFO - java_loading.py:193 - === Java 클래스 저장 시작: D:\Analyzer\CreateMetaDb\projects\sampleSrc\src\main\java\com\example\model\Product.java ===
2025-09-15 15:12:42,372 - SourceAnalyzer - INFO - java_loading.py:194 - 저장할 클래스 수: 2개
2025-09-15 15:12:42,372 - SourceAnalyzer - INFO - java_loading.py:212 - 프로젝트 ID: 1, 파일 ID: 26
2025-09-15 15:12:42,374 - SourceAnalyzer - INFO - java_loading.py:244 - === Java 클래스 저장 완료: D:\Analyzer\CreateMetaDb\projects\sampleSrc\src\main\java\com\example\model\Product.java ===
2025-09-15 15:12:42,374 - SourceAnalyzer - INFO - java_loading.py:745 - 저장할 CALL_METHOD 관계 수: 634개
2025-09-15 15:12:42,396 - SourceAnalyzer - INFO - java_loading.py:804 - CALL_METHOD 관계 저장 완료: 614개
2025-09-15 15:12:42,400 - SourceAnalyzer - INFO - java_parser.py:883 - 메서드 추출 시작: D:\Analyzer\CreateMetaDb\projects\sampleSrc\src\main\java\com\example\model\User.java
2025-09-15 15:12:42,400 - SourceAnalyzer - INFO - java_parser.py:884 - 컴파일된 메서드 패턴 수: 4
2025-09-15 15:12:42,433 - SourceAnalyzer - INFO - java_loading.py:193 - === Java 클래스 저장 시작: D:\Analyzer\CreateMetaDb\projects\sampleSrc\src\main\java\com\example\model\User.java ===
2025-09-15 15:12:42,434 - SourceAnalyzer - INFO - java_loading.py:194 - 저장할 클래스 수: 2개
2025-09-15 15:12:42,434 - SourceAnalyzer - INFO - java_loading.py:212 - 프로젝트 ID: 1, 파일 ID: 27
2025-09-15 15:12:42,436 - SourceAnalyzer - INFO - java_loading.py:244 - === Java 클래스 저장 완료: D:\Analyzer\CreateMetaDb\projects\sampleSrc\src\main\java\com\example\model\User.java ===
2025-09-15 15:12:42,437 - SourceAnalyzer - INFO - java_loading.py:745 - 저장할 CALL_METHOD 관계 수: 318개
2025-09-15 15:12:42,448 - SourceAnalyzer - INFO - java_loading.py:804 - CALL_METHOD 관계 저장 완료: 304개
2025-09-15 15:12:42,449 - SourceAnalyzer - INFO - java_parser.py:883 - 메서드 추출 시작: D:\Analyzer\CreateMetaDb\projects\sampleSrc\src\main\java\com\example\multipleclass\MultipleClassFile.java
2025-09-15 15:12:42,449 - SourceAnalyzer - INFO - java_parser.py:884 - 컴파일된 메서드 패턴 수: 4
2025-09-15 15:12:42,455 - SourceAnalyzer - INFO - java_loading.py:193 - === Java 클래스 저장 시작: D:\Analyzer\CreateMetaDb\projects\sampleSrc\src\main\java\com\example\multipleclass\MultipleClassFile.java ===
2025-09-15 15:12:42,455 - SourceAnalyzer - INFO - java_loading.py:194 - 저장할 클래스 수: 6개
2025-09-15 15:12:42,455 - SourceAnalyzer - INFO - java_loading.py:212 - 프로젝트 ID: 1, 파일 ID: 28
2025-09-15 15:12:42,456 - SourceAnalyzer - INFO - java_loading.py:244 - === Java 클래스 저장 완료: D:\Analyzer\CreateMetaDb\projects\sampleSrc\src\main\java\com\example\multipleclass\MultipleClassFile.java ===
2025-09-15 15:12:42,456 - SourceAnalyzer - INFO - java_loading.py:745 - 저장할 CALL_METHOD 관계 수: 58개
2025-09-15 15:12:42,458 - SourceAnalyzer - INFO - java_loading.py:804 - CALL_METHOD 관계 저장 완료: 46개
2025-09-15 15:12:42,460 - SourceAnalyzer - INFO - java_parser.py:883 - 메서드 추출 시작: D:\Analyzer\CreateMetaDb\projects\sampleSrc\src\main\java\com\example\service\LogicErrorService.java
2025-09-15 15:12:42,460 - SourceAnalyzer - INFO - java_parser.py:884 - 컴파일된 메서드 패턴 수: 4
2025-09-15 15:12:42,464 - SourceAnalyzer - INFO - java_loading.py:193 - === Java 클래스 저장 시작: D:\Analyzer\CreateMetaDb\projects\sampleSrc\src\main\java\com\example\service\LogicErrorService.java ===
2025-09-15 15:12:42,464 - SourceAnalyzer - INFO - java_loading.py:194 - 저장할 클래스 수: 2개
2025-09-15 15:12:42,465 - SourceAnalyzer - INFO - java_loading.py:212 - 프로젝트 ID: 1, 파일 ID: 29
2025-09-15 15:12:42,465 - SourceAnalyzer - INFO - java_loading.py:244 - === Java 클래스 저장 완료: D:\Analyzer\CreateMetaDb\projects\sampleSrc\src\main\java\com\example\service\LogicErrorService.java ===
2025-09-15 15:12:42,465 - SourceAnalyzer - INFO - java_loading.py:663 - 저장할 CALL_QUERY 관계 수: 20개
2025-09-15 15:12:42,466 - SourceAnalyzer - INFO - java_loading.py:717 - CALL_QUERY 관계 저장 완료: 20개
2025-09-15 15:12:42,466 - SourceAnalyzer - INFO - java_loading.py:745 - 저장할 CALL_METHOD 관계 수: 56개
2025-09-15 15:12:42,469 - SourceAnalyzer - INFO - java_loading.py:804 - CALL_METHOD 관계 저장 완료: 50개
2025-09-15 15:12:42,472 - SourceAnalyzer - INFO - java_parser.py:883 - 메서드 추출 시작: D:\Analyzer\CreateMetaDb\projects\sampleSrc\src\main\java\com\example\service\MixedErrorService.java
2025-09-15 15:12:42,472 - SourceAnalyzer - INFO - java_parser.py:884 - 컴파일된 메서드 패턴 수: 4
2025-09-15 15:12:42,483 - SourceAnalyzer - INFO - java_loading.py:193 - === Java 클래스 저장 시작: D:\Analyzer\CreateMetaDb\projects\sampleSrc\src\main\java\com\example\service\MixedErrorService.java ===
2025-09-15 15:12:42,483 - SourceAnalyzer - INFO - java_loading.py:194 - 저장할 클래스 수: 2개
2025-09-15 15:12:42,483 - SourceAnalyzer - INFO - java_loading.py:212 - 프로젝트 ID: 1, 파일 ID: 30
2025-09-15 15:12:42,484 - SourceAnalyzer - INFO - java_loading.py:244 - === Java 클래스 저장 완료: D:\Analyzer\CreateMetaDb\projects\sampleSrc\src\main\java\com\example\service\MixedErrorService.java ===
2025-09-15 15:12:42,484 - SourceAnalyzer - INFO - java_loading.py:663 - 저장할 CALL_QUERY 관계 수: 60개
2025-09-15 15:12:42,486 - SourceAnalyzer - INFO - java_loading.py:717 - CALL_QUERY 관계 저장 완료: 60개
2025-09-15 15:12:42,487 - SourceAnalyzer - INFO - java_loading.py:745 - 저장할 CALL_METHOD 관계 수: 206개
2025-09-15 15:12:42,496 - SourceAnalyzer - INFO - java_loading.py:804 - CALL_METHOD 관계 저장 완료: 198개
2025-09-15 15:12:42,497 - SourceAnalyzer - INFO - java_parser.py:883 - 메서드 추출 시작: D:\Analyzer\CreateMetaDb\projects\sampleSrc\src\main\java\com\example\service\ProductService.java
2025-09-15 15:12:42,497 - SourceAnalyzer - INFO - java_parser.py:884 - 컴파일된 메서드 패턴 수: 4
2025-09-15 15:12:42,497 - SourceAnalyzer - INFO - java_loading.py:193 - === Java 클래스 저장 시작: D:\Analyzer\CreateMetaDb\projects\sampleSrc\src\main\java\com\example\service\ProductService.java ===
2025-09-15 15:12:42,497 - SourceAnalyzer - INFO - java_loading.py:194 - 저장할 클래스 수: 2개
2025-09-15 15:12:42,498 - SourceAnalyzer - INFO - java_loading.py:212 - 프로젝트 ID: 1, 파일 ID: 31
2025-09-15 15:12:42,498 - SourceAnalyzer - INFO - java_loading.py:244 - === Java 클래스 저장 완료: D:\Analyzer\CreateMetaDb\projects\sampleSrc\src\main\java\com\example\service\ProductService.java ===
2025-09-15 15:12:42,507 - SourceAnalyzer - INFO - java_parser.py:883 - 메서드 추출 시작: D:\Analyzer\CreateMetaDb\projects\sampleSrc\src\main\java\com\example\service\ProductServiceImpl.java
2025-09-15 15:12:42,508 - SourceAnalyzer - INFO - java_parser.py:884 - 컴파일된 메서드 패턴 수: 4
2025-09-15 15:12:42,600 - SourceAnalyzer - INFO - java_loading.py:193 - === Java 클래스 저장 시작: D:\Analyzer\CreateMetaDb\projects\sampleSrc\src\main\java\com\example\service\ProductServiceImpl.java ===
2025-09-15 15:12:42,601 - SourceAnalyzer - INFO - java_loading.py:194 - 저장할 클래스 수: 2개
2025-09-15 15:12:42,601 - SourceAnalyzer - INFO - java_loading.py:212 - 프로젝트 ID: 1, 파일 ID: 32
2025-09-15 15:12:42,602 - SourceAnalyzer - INFO - java_loading.py:244 - === Java 클래스 저장 완료: D:\Analyzer\CreateMetaDb\projects\sampleSrc\src\main\java\com\example\service\ProductServiceImpl.java ===
2025-09-15 15:12:42,603 - SourceAnalyzer - INFO - java_loading.py:663 - 저장할 CALL_QUERY 관계 수: 88개
2025-09-15 15:12:42,606 - SourceAnalyzer - INFO - java_loading.py:717 - CALL_QUERY 관계 저장 완료: 88개
2025-09-15 15:12:42,606 - SourceAnalyzer - INFO - java_loading.py:745 - 저장할 CALL_METHOD 관계 수: 1352개
2025-09-15 15:12:42,658 - SourceAnalyzer - INFO - java_loading.py:804 - CALL_METHOD 관계 저장 완료: 1313개
2025-09-15 15:12:42,659 - SourceAnalyzer - INFO - java_parser.py:883 - 메서드 추출 시작: D:\Analyzer\CreateMetaDb\projects\sampleSrc\src\main\java\com\example\service\UserService.java
2025-09-15 15:12:42,659 - SourceAnalyzer - INFO - java_parser.py:884 - 컴파일된 메서드 패턴 수: 4
2025-09-15 15:12:42,660 - SourceAnalyzer - INFO - java_loading.py:193 - === Java 클래스 저장 시작: D:\Analyzer\CreateMetaDb\projects\sampleSrc\src\main\java\com\example\service\UserService.java ===
2025-09-15 15:12:42,660 - SourceAnalyzer - INFO - java_loading.py:194 - 저장할 클래스 수: 2개
2025-09-15 15:12:42,660 - SourceAnalyzer - INFO - java_loading.py:212 - 프로젝트 ID: 1, 파일 ID: 33
2025-09-15 15:12:42,660 - SourceAnalyzer - INFO - java_loading.py:244 - === Java 클래스 저장 완료: D:\Analyzer\CreateMetaDb\projects\sampleSrc\src\main\java\com\example\service\UserService.java ===
2025-09-15 15:12:42,666 - SourceAnalyzer - INFO - java_parser.py:883 - 메서드 추출 시작: D:\Analyzer\CreateMetaDb\projects\sampleSrc\src\main\java\com\example\service\UserServiceImpl.java
2025-09-15 15:12:42,666 - SourceAnalyzer - INFO - java_parser.py:884 - 컴파일된 메서드 패턴 수: 4
2025-09-15 15:12:42,733 - SourceAnalyzer - INFO - java_loading.py:193 - === Java 클래스 저장 시작: D:\Analyzer\CreateMetaDb\projects\sampleSrc\src\main\java\com\example\service\UserServiceImpl.java ===
2025-09-15 15:12:42,733 - SourceAnalyzer - INFO - java_loading.py:194 - 저장할 클래스 수: 2개
2025-09-15 15:12:42,733 - SourceAnalyzer - INFO - java_loading.py:212 - 프로젝트 ID: 1, 파일 ID: 34
2025-09-15 15:12:42,735 - SourceAnalyzer - INFO - java_loading.py:244 - === Java 클래스 저장 완료: D:\Analyzer\CreateMetaDb\projects\sampleSrc\src\main\java\com\example\service\UserServiceImpl.java ===
2025-09-15 15:12:42,735 - SourceAnalyzer - INFO - java_loading.py:663 - 저장할 CALL_QUERY 관계 수: 52개
2025-09-15 15:12:42,737 - SourceAnalyzer - INFO - java_loading.py:717 - CALL_QUERY 관계 저장 완료: 52개
2025-09-15 15:12:42,737 - SourceAnalyzer - INFO - java_loading.py:745 - 저장할 CALL_METHOD 관계 수: 1209개
2025-09-15 15:12:42,785 - SourceAnalyzer - INFO - java_loading.py:804 - CALL_METHOD 관계 저장 완료: 1171개
2025-09-15 15:12:42,786 - SourceAnalyzer - INFO - java_loading.py:1327 - === Java 로딩 통계 (4~5단계 통합) ===
2025-09-15 15:12:42,786 - SourceAnalyzer - INFO - java_loading.py:1328 - 처리된 Java 파일: 30개
2025-09-15 15:12:42,786 - SourceAnalyzer - INFO - java_loading.py:1329 - 추출된 클래스: 70개
2025-09-15 15:12:42,786 - SourceAnalyzer - INFO - java_loading.py:1330 - 추출된 메서드: 528개
2025-09-15 15:12:42,786 - SourceAnalyzer - INFO - java_loading.py:1331 - 생성된 컴포넌트: 528개
2025-09-15 15:12:42,786 - SourceAnalyzer - INFO - java_loading.py:1332 - 생성된 상속 관계: 2개
2025-09-15 15:12:42,786 - SourceAnalyzer - INFO - java_loading.py:1333 - 생성된 CALL_QUERY 관계: 221개
2025-09-15 15:12:42,786 - SourceAnalyzer - INFO - java_loading.py:1334 - 생성된 CALL_METHOD 관계: 5049개
2025-09-15 15:12:42,786 - SourceAnalyzer - INFO - java_loading.py:1335 - 생성된 USE_TABLE 관계: 0개
2025-09-15 15:12:42,786 - SourceAnalyzer - INFO - java_loading.py:1336 - 비즈니스 로직 메서드: 114개
2025-09-15 15:12:42,786 - SourceAnalyzer - INFO - java_loading.py:1337 - 처리 시간: 0.81초
2025-09-15 15:12:42,786 - SourceAnalyzer - INFO - java_loading.py:1338 - 오류 발생: 0개
2025-09-15 15:12:42,786 - SourceAnalyzer - INFO - java_loading.py:169 - === Java 로딩 완료 ===
2025-09-15 15:12:42,787 - SourceAnalyzer - INFO - main.py:160 - 4단계 완료: Java 소스코드 분석 및 관계 생성
2025-09-15 15:12:42,787 - SourceAnalyzer - INFO - main.py:166 - 5단계 실행: Spring API 진입점 분석 (Phase 1)
2025-09-15 15:12:42,809 - SourceAnalyzer - INFO - entry_analyzer_factory.py:178 - 총 1개 분석기 로드 완료
2025-09-15 15:12:42,809 - SourceAnalyzer - INFO - backend_entry_loading.py:57 - 분석기 로드 완료: 1개
2025-09-15 15:12:42,809 - SourceAnalyzer - INFO - backend_entry_loading.py:44 - 로드된 분석기: ['spring']
2025-09-15 15:12:42,809 - SourceAnalyzer - INFO - backend_entry_loading.py:46 - 백엔드 진입점 분석 엔진 초기화 완료: sampleSrc
2025-09-15 15:12:42,809 - SourceAnalyzer - INFO - backend_entry_loading.py:72 - === 백엔드 진입점 분석 시작 ===
2025-09-15 15:12:42,809 - SourceAnalyzer - INFO - statistics_utils.py:57 - 분석 통계 수집 시작
2025-09-15 15:12:42,816 - SourceAnalyzer - INFO - backend_entry_loading.py:83 - Java 파일 수집 완료: 30개 파일
2025-09-15 15:12:42,816 - SourceAnalyzer - INFO - backend_entry_loading.py:232 - 분석기 spring로 파일 D:\Analyzer\CreateMetaDb\src\com\example\dynamicquery\UserDao.java 필터링 확인
2025-09-15 15:12:42,817 - SourceAnalyzer - INFO - backend_entry_loading.py:239 - 파일 D:\Analyzer\CreateMetaDb\src\com\example\dynamicquery\UserDao.java이 분석기 spring의 대상이 아님
2025-09-15 15:12:42,817 - SourceAnalyzer - INFO - backend_entry_loading.py:232 - 분석기 spring로 파일 D:\Analyzer\CreateMetaDb\src\com\example\dynamicquery\UserMapper.java 필터링 확인
2025-09-15 15:12:42,817 - SourceAnalyzer - INFO - backend_entry_loading.py:239 - 파일 D:\Analyzer\CreateMetaDb\src\com\example\dynamicquery\UserMapper.java이 분석기 spring의 대상이 아님
2025-09-15 15:12:42,817 - SourceAnalyzer - INFO - backend_entry_loading.py:232 - 분석기 spring로 파일 D:\Analyzer\CreateMetaDb\src\com\example\dynamicquery\UserSearchDto.java 필터링 확인
2025-09-15 15:12:42,817 - SourceAnalyzer - INFO - backend_entry_loading.py:239 - 파일 D:\Analyzer\CreateMetaDb\src\com\example\dynamicquery\UserSearchDto.java이 분석기 spring의 대상이 아님
2025-09-15 15:12:42,817 - SourceAnalyzer - INFO - backend_entry_loading.py:232 - 분석기 spring로 파일 D:\Analyzer\CreateMetaDb\src\main\java\com\example\annotations\AnnotatedClass.java 필터링 확인
2025-09-15 15:12:42,817 - SourceAnalyzer - INFO - backend_entry_loading.py:239 - 파일 D:\Analyzer\CreateMetaDb\src\main\java\com\example\annotations\AnnotatedClass.java이 분석기 spring의 대상이 아님
2025-09-15 15:12:42,817 - SourceAnalyzer - INFO - backend_entry_loading.py:232 - 분석기 spring로 파일 D:\Analyzer\CreateMetaDb\src\main\java\com\example\comments\CommentHeavyClass.java 필터링 확인
2025-09-15 15:12:42,817 - SourceAnalyzer - INFO - backend_entry_loading.py:239 - 파일 D:\Analyzer\CreateMetaDb\src\main\java\com\example\comments\CommentHeavyClass.java이 분석기 spring의 대상이 아님
2025-09-15 15:12:42,817 - SourceAnalyzer - INFO - backend_entry_loading.py:232 - 분석기 spring로 파일 D:\Analyzer\CreateMetaDb\src\main\java\com\example\complex\LargeBusinessClass.java 필터링 확인
2025-09-15 15:12:42,817 - SourceAnalyzer - INFO - backend_entry_loading.py:239 - 파일 D:\Analyzer\CreateMetaDb\src\main\java\com\example\complex\LargeBusinessClass.java이 분석기 spring의 대상이 아님
2025-09-15 15:12:42,817 - SourceAnalyzer - INFO - backend_entry_loading.py:232 - 분석기 spring로 파일 D:\Analyzer\CreateMetaDb\src\main\java\com\example\controller\ErrorController.java 필터링 확인
2025-09-15 15:12:42,817 - SourceAnalyzer - INFO - backend_entry_loading.py:234 - 파일 D:\Analyzer\CreateMetaDb\src\main\java\com\example\controller\ErrorController.java이 분석기 spring의 대상임
2025-09-15 15:12:42,826 - SourceAnalyzer - WARNING - spring_entry_analyzer.py:108 - 모든 파싱 방법으로 진입점을 찾지 못했습니다: src\main\java\com\example\controller
2025-09-15 15:12:42,826 - SourceAnalyzer - WARNING - statistics_utils.py:119 - 파일 분석 실패: src\main\java\com\example\controller (spring, full_failure, 0.009s) - 모든 파싱 방법으로 진입점을 찾지 못했습니다
2025-09-15 15:12:42,826 - SourceAnalyzer - INFO - backend_entry_loading.py:236 - 분석기 spring에서 0개 진입점 발견
2025-09-15 15:12:42,826 - SourceAnalyzer - INFO - backend_entry_loading.py:232 - 분석기 spring로 파일 D:\Analyzer\CreateMetaDb\src\main\java\com\example\controller\MixedErrorController.java 필터링 확인
2025-09-15 15:12:42,826 - SourceAnalyzer - INFO - backend_entry_loading.py:234 - 파일 D:\Analyzer\CreateMetaDb\src\main\java\com\example\controller\MixedErrorController.java이 분석기 spring의 대상임
2025-09-15 15:12:42,828 - SourceAnalyzer - WARNING - spring_entry_analyzer.py:108 - 모든 파싱 방법으로 진입점을 찾지 못했습니다: src\main\java\com\example\controller
2025-09-15 15:12:42,828 - SourceAnalyzer - WARNING - statistics_utils.py:119 - 파일 분석 실패: src\main\java\com\example\controller (spring, full_failure, 0.002s) - 모든 파싱 방법으로 진입점을 찾지 못했습니다
2025-09-15 15:12:42,828 - SourceAnalyzer - INFO - backend_entry_loading.py:236 - 분석기 spring에서 0개 진입점 발견
2025-09-15 15:12:42,828 - SourceAnalyzer - INFO - backend_entry_loading.py:232 - 분석기 spring로 파일 D:\Analyzer\CreateMetaDb\src\main\java\com\example\controller\ProductController.java 필터링 확인
2025-09-15 15:12:42,828 - SourceAnalyzer - INFO - backend_entry_loading.py:234 - 파일 D:\Analyzer\CreateMetaDb\src\main\java\com\example\controller\ProductController.java이 분석기 spring의 대상임
2025-09-15 15:12:42,831 - SourceAnalyzer - WARNING - spring_entry_analyzer.py:108 - 모든 파싱 방법으로 진입점을 찾지 못했습니다: src\main\java\com\example\controller
2025-09-15 15:12:42,831 - SourceAnalyzer - WARNING - statistics_utils.py:119 - 파일 분석 실패: src\main\java\com\example\controller (spring, full_failure, 0.002s) - 모든 파싱 방법으로 진입점을 찾지 못했습니다
2025-09-15 15:12:42,831 - SourceAnalyzer - INFO - backend_entry_loading.py:236 - 분석기 spring에서 0개 진입점 발견
2025-09-15 15:12:42,831 - SourceAnalyzer - INFO - backend_entry_loading.py:232 - 분석기 spring로 파일 D:\Analyzer\CreateMetaDb\src\main\java\com\example\controller\SyntaxErrorController.java 필터링 확인
2025-09-15 15:12:42,831 - SourceAnalyzer - INFO - backend_entry_loading.py:234 - 파일 D:\Analyzer\CreateMetaDb\src\main\java\com\example\controller\SyntaxErrorController.java이 분석기 spring의 대상임
2025-09-15 15:12:42,833 - SourceAnalyzer - INFO - backend_entry_loading.py:236 - 분석기 spring에서 10개 진입점 발견
2025-09-15 15:12:42,833 - SourceAnalyzer - INFO - backend_entry_loading.py:232 - 분석기 spring로 파일 D:\Analyzer\CreateMetaDb\src\main\java\com\example\controller\UserController.java 필터링 확인
2025-09-15 15:12:42,833 - SourceAnalyzer - INFO - backend_entry_loading.py:234 - 파일 D:\Analyzer\CreateMetaDb\src\main\java\com\example\controller\UserController.java이 분석기 spring의 대상임
2025-09-15 15:12:42,842 - SourceAnalyzer - WARNING - spring_entry_analyzer.py:108 - 모든 파싱 방법으로 진입점을 찾지 못했습니다: src\main\java\com\example\controller
2025-09-15 15:12:42,842 - SourceAnalyzer - WARNING - statistics_utils.py:119 - 파일 분석 실패: src\main\java\com\example\controller (spring, full_failure, 0.008s) - 모든 파싱 방법으로 진입점을 찾지 못했습니다
2025-09-15 15:12:42,842 - SourceAnalyzer - INFO - backend_entry_loading.py:236 - 분석기 spring에서 0개 진입점 발견
2025-09-15 15:12:42,842 - SourceAnalyzer - INFO - backend_entry_loading.py:232 - 분석기 spring로 파일 D:\Analyzer\CreateMetaDb\src\main\java\com\example\enums\OrderStatus.java 필터링 확인
2025-09-15 15:12:42,842 - SourceAnalyzer - INFO - backend_entry_loading.py:239 - 파일 D:\Analyzer\CreateMetaDb\src\main\java\com\example\enums\OrderStatus.java이 분석기 spring의 대상이 아님
2025-09-15 15:12:42,842 - SourceAnalyzer - INFO - backend_entry_loading.py:232 - 분석기 spring로 파일 D:\Analyzer\CreateMetaDb\src\main\java\com\example\errors\SyntaxErrorClass.java 필터링 확인
2025-09-15 15:12:42,842 - SourceAnalyzer - INFO - backend_entry_loading.py:239 - 파일 D:\Analyzer\CreateMetaDb\src\main\java\com\example\errors\SyntaxErrorClass.java이 분석기 spring의 대상이 아님
2025-09-15 15:12:42,842 - SourceAnalyzer - INFO - backend_entry_loading.py:232 - 분석기 spring로 파일 D:\Analyzer\CreateMetaDb\src\main\java\com\example\generics\GenericClass.java 필터링 확인
2025-09-15 15:12:42,842 - SourceAnalyzer - INFO - backend_entry_loading.py:239 - 파일 D:\Analyzer\CreateMetaDb\src\main\java\com\example\generics\GenericClass.java이 분석기 spring의 대상이 아님
2025-09-15 15:12:42,842 - SourceAnalyzer - INFO - backend_entry_loading.py:232 - 분석기 spring로 파일 D:\Analyzer\CreateMetaDb\src\main\java\com\example\inheritance\BaseService.java 필터링 확인
2025-09-15 15:12:42,842 - SourceAnalyzer - INFO - backend_entry_loading.py:239 - 파일 D:\Analyzer\CreateMetaDb\src\main\java\com\example\inheritance\BaseService.java이 분석기 spring의 대상이 아님
2025-09-15 15:12:42,842 - SourceAnalyzer - INFO - backend_entry_loading.py:232 - 분석기 spring로 파일 D:\Analyzer\CreateMetaDb\src\main\java\com\example\inheritance\ConcreteService.java 필터링 확인
2025-09-15 15:12:42,842 - SourceAnalyzer - INFO - backend_entry_loading.py:239 - 파일 D:\Analyzer\CreateMetaDb\src\main\java\com\example\inheritance\ConcreteService.java이 분석기 spring의 대상이 아님
2025-09-15 15:12:42,842 - SourceAnalyzer - INFO - backend_entry_loading.py:232 - 분석기 spring로 파일 D:\Analyzer\CreateMetaDb\src\main\java\com\example\interfaces\CreditCardProcessor.java 필터링 확인
2025-09-15 15:12:42,842 - SourceAnalyzer - INFO - backend_entry_loading.py:239 - 파일 D:\Analyzer\CreateMetaDb\src\main\java\com\example\interfaces\CreditCardProcessor.java이 분석기 spring의 대상이 아님
2025-09-15 15:12:42,843 - SourceAnalyzer - INFO - backend_entry_loading.py:232 - 분석기 spring로 파일 D:\Analyzer\CreateMetaDb\src\main\java\com\example\interfaces\PaymentProcessor.java 필터링 확인
2025-09-15 15:12:42,843 - SourceAnalyzer - INFO - backend_entry_loading.py:239 - 파일 D:\Analyzer\CreateMetaDb\src\main\java\com\example\interfaces\PaymentProcessor.java이 분석기 spring의 대상이 아님
2025-09-15 15:12:42,843 - SourceAnalyzer - INFO - backend_entry_loading.py:232 - 분석기 spring로 파일 D:\Analyzer\CreateMetaDb\src\main\java\com\example\mapper\BrokenMapper.java 필터링 확인
2025-09-15 15:12:42,843 - SourceAnalyzer - INFO - backend_entry_loading.py:239 - 파일 D:\Analyzer\CreateMetaDb\src\main\java\com\example\mapper\BrokenMapper.java이 분석기 spring의 대상이 아님
2025-09-15 15:12:42,843 - SourceAnalyzer - INFO - backend_entry_loading.py:232 - 분석기 spring로 파일 D:\Analyzer\CreateMetaDb\src\main\java\com\example\mapper\ProductMapper.java 필터링 확인
2025-09-15 15:12:42,843 - SourceAnalyzer - INFO - backend_entry_loading.py:239 - 파일 D:\Analyzer\CreateMetaDb\src\main\java\com\example\mapper\ProductMapper.java이 분석기 spring의 대상이 아님
2025-09-15 15:12:42,843 - SourceAnalyzer - INFO - backend_entry_loading.py:232 - 분석기 spring로 파일 D:\Analyzer\CreateMetaDb\src\main\java\com\example\mapper\UserMapper.java 필터링 확인
2025-09-15 15:12:42,843 - SourceAnalyzer - INFO - backend_entry_loading.py:239 - 파일 D:\Analyzer\CreateMetaDb\src\main\java\com\example\mapper\UserMapper.java이 분석기 spring의 대상이 아님
2025-09-15 15:12:42,843 - SourceAnalyzer - INFO - backend_entry_loading.py:232 - 분석기 spring로 파일 D:\Analyzer\CreateMetaDb\src\main\java\com\example\model\Product.java 필터링 확인
2025-09-15 15:12:42,843 - SourceAnalyzer - INFO - backend_entry_loading.py:239 - 파일 D:\Analyzer\CreateMetaDb\src\main\java\com\example\model\Product.java이 분석기 spring의 대상이 아님
2025-09-15 15:12:42,843 - SourceAnalyzer - INFO - backend_entry_loading.py:232 - 분석기 spring로 파일 D:\Analyzer\CreateMetaDb\src\main\java\com\example\model\User.java 필터링 확인
2025-09-15 15:12:42,843 - SourceAnalyzer - INFO - backend_entry_loading.py:239 - 파일 D:\Analyzer\CreateMetaDb\src\main\java\com\example\model\User.java이 분석기 spring의 대상이 아님
2025-09-15 15:12:42,843 - SourceAnalyzer - INFO - backend_entry_loading.py:232 - 분석기 spring로 파일 D:\Analyzer\CreateMetaDb\src\main\java\com\example\multipleclass\MultipleClassFile.java 필터링 확인
2025-09-15 15:12:42,843 - SourceAnalyzer - INFO - backend_entry_loading.py:239 - 파일 D:\Analyzer\CreateMetaDb\src\main\java\com\example\multipleclass\MultipleClassFile.java이 분석기 spring의 대상이 아님
2025-09-15 15:12:42,843 - SourceAnalyzer - INFO - backend_entry_loading.py:232 - 분석기 spring로 파일 D:\Analyzer\CreateMetaDb\src\main\java\com\example\service\LogicErrorService.java 필터링 확인
2025-09-15 15:12:42,843 - SourceAnalyzer - INFO - backend_entry_loading.py:239 - 파일 D:\Analyzer\CreateMetaDb\src\main\java\com\example\service\LogicErrorService.java이 분석기 spring의 대상이 아님
2025-09-15 15:12:42,843 - SourceAnalyzer - INFO - backend_entry_loading.py:232 - 분석기 spring로 파일 D:\Analyzer\CreateMetaDb\src\main\java\com\example\service\MixedErrorService.java 필터링 확인
2025-09-15 15:12:42,844 - SourceAnalyzer - INFO - backend_entry_loading.py:239 - 파일 D:\Analyzer\CreateMetaDb\src\main\java\com\example\service\MixedErrorService.java이 분석기 spring의 대상이 아님
2025-09-15 15:12:42,844 - SourceAnalyzer - INFO - backend_entry_loading.py:232 - 분석기 spring로 파일 D:\Analyzer\CreateMetaDb\src\main\java\com\example\service\ProductService.java 필터링 확인
2025-09-15 15:12:42,844 - SourceAnalyzer - INFO - backend_entry_loading.py:239 - 파일 D:\Analyzer\CreateMetaDb\src\main\java\com\example\service\ProductService.java이 분석기 spring의 대상이 아님
2025-09-15 15:12:42,844 - SourceAnalyzer - INFO - backend_entry_loading.py:232 - 분석기 spring로 파일 D:\Analyzer\CreateMetaDb\src\main\java\com\example\service\ProductServiceImpl.java 필터링 확인
2025-09-15 15:12:42,844 - SourceAnalyzer - INFO - backend_entry_loading.py:239 - 파일 D:\Analyzer\CreateMetaDb\src\main\java\com\example\service\ProductServiceImpl.java이 분석기 spring의 대상이 아님
2025-09-15 15:12:42,844 - SourceAnalyzer - INFO - backend_entry_loading.py:232 - 분석기 spring로 파일 D:\Analyzer\CreateMetaDb\src\main\java\com\example\service\UserService.java 필터링 확인
2025-09-15 15:12:42,844 - SourceAnalyzer - INFO - backend_entry_loading.py:239 - 파일 D:\Analyzer\CreateMetaDb\src\main\java\com\example\service\UserService.java이 분석기 spring의 대상이 아님
2025-09-15 15:12:42,844 - SourceAnalyzer - INFO - backend_entry_loading.py:232 - 분석기 spring로 파일 D:\Analyzer\CreateMetaDb\src\main\java\com\example\service\UserServiceImpl.java 필터링 확인
2025-09-15 15:12:42,844 - SourceAnalyzer - INFO - backend_entry_loading.py:239 - 파일 D:\Analyzer\CreateMetaDb\src\main\java\com\example\service\UserServiceImpl.java이 분석기 spring의 대상이 아님
2025-09-15 15:12:42,844 - SourceAnalyzer - INFO - backend_entry_loading.py:92 - 백엔드 진입점 분석 완료: 10개 진입점
2025-09-15 15:12:42,845 - SourceAnalyzer - ERROR - database_utils.py:143 - 데이터베이스 연결 오류: NOT NULL constraint failed: components.file_id
2025-09-15 15:12:42,846 - SourceAnalyzer - ERROR - logger.py:207 - FATAL ERROR at D:\Analyzer\CreateMetaDb\util\database_utils.py:199 in execute_update()
Code: cursor.execute(query, params)
Message: 데이터베이스 연결 오류: NOT NULL constraint failed: components.file_id
Exception: IntegrityError: NOT NULL constraint failed: components.file_id
Stack Trace:
Traceback (most recent call last):
  File "D:\Analyzer\CreateMetaDb\util\database_utils.py", line 141, in get_connection
    yield conn
  File "D:\Analyzer\CreateMetaDb\util\database_utils.py", line 199, in execute_update
    cursor.execute(query, params)
    ~~~~~~~~~~~~~~^^^^^^^^^^^^^^^
sqlite3.IntegrityError: NOT NULL constraint failed: components.file_id

2025-09-15 15:12:42,846 - SourceAnalyzer - ERROR - logger.py:210 - 
[FATAL ERROR] 프로그램이 에러로 인해 종료됩니다. (종료코드: 1)
2025-09-15 15:12:42,846 - SourceAnalyzer - ERROR - logger.py:211 - 자세한 내용은 로그 파일을 확인하세요: logs/SourceAnalyzer_20250915_151241.log
2025-09-15 15:12:42,846 - SourceAnalyzer - INFO - statistics_utils.py:63 - 분석 통계 수집 종료
