2025-09-14 14:54:50,293 - SourceAnalyzer - INFO - logger.py:73 - Recursion limit set to: 50
2025-09-14 14:54:50,293 - SourceAnalyzer - INFO - logger.py:73 - SourceAnalyzer 시작
2025-09-14 14:54:50,299 - SourceAnalyzer - DEBUG - logger.py:65 - 명령행 인자 파싱 완료: {'project_name': 'sampleSrc', 'clear_metadb': False, 'verbose': False, 'output_format': 'html', 'config_file': None, 'log_level': 'INFO', 'dry_run': False, 'force': False}
2025-09-14 14:54:50,299 - SourceAnalyzer - DEBUG - logger.py:65 - 인자 검증 성공
2025-09-14 14:54:50,299 - SourceAnalyzer - INFO - logger.py:73 - 분석 대상 프로젝트: sampleSrc
2025-09-14 14:54:50,299 - SourceAnalyzer - INFO - logger.py:73 - 분석 옵션:
2025-09-14 14:54:50,299 - SourceAnalyzer - INFO - logger.py:73 -   - 메타데이터베이스 초기화: False
2025-09-14 14:54:50,300 - SourceAnalyzer - INFO - logger.py:73 -   - 상세 로그: False
2025-09-14 14:54:50,300 - SourceAnalyzer - INFO - logger.py:73 -   - 출력 형식: html
2025-09-14 14:54:50,300 - SourceAnalyzer - INFO - logger.py:73 -   - 드라이런 모드: False
2025-09-14 14:54:50,300 - SourceAnalyzer - INFO - logger.py:73 -   - 강제 실행: False
2025-09-14 14:54:50,300 - SourceAnalyzer - INFO - logger.py:73 - 1단계 실행: 파일 정보 저장 (프로젝트 전체 스캔)
2025-09-14 14:54:50,301 - SourceAnalyzer - INFO - logger.py:73 - === 파일 스캔 시작: 파일 정보 저장 ===
2025-09-14 14:54:50,304 - SourceAnalyzer - DEBUG - logger.py:65 - 데이터베이스 연결 성공: D:\Analyzer\CreateMetaDb\projects\sampleSrc\metadata.db
2025-09-14 14:54:50,308 - SourceAnalyzer - DEBUG - logger.py:65 - SQL 스크립트 실행 성공: D:\Analyzer\CreateMetaDb\database\create_table_script.sql
2025-09-14 14:54:50,308 - SourceAnalyzer - INFO - logger.py:73 - 메타데이터베이스 초기화 완료: D:\Analyzer\CreateMetaDb\projects\sampleSrc\metadata.db
2025-09-14 14:54:50,308 - SourceAnalyzer - DEBUG - logger.py:65 - 쿼리 실행 성공: 
                SELECT COUNT(*) as count FROM pro...
2025-09-14 14:54:50,308 - SourceAnalyzer - DEBUG - logger.py:65 - 업데이트 쿼리 실행 성공: 
            INSERT INTO projects (project_name, p..., 영향받은 행: 1
2025-09-14 14:54:50,308 - SourceAnalyzer - DEBUG - logger.py:65 - 프로젝트 정보 저장/업데이트 완료: sampleSrc
2025-09-14 14:54:50,308 - SourceAnalyzer - INFO - logger.py:73 - 프로젝트 파일 스캔 시작: D:\Analyzer\CreateMetaDb\projects\sampleSrc
2025-09-14 14:54:50,332 - SourceAnalyzer - DEBUG - logger.py:65 - 디렉토리 스캔 완료: D:\Analyzer\CreateMetaDb\projects\sampleSrc, 파일 수: 52
2025-09-14 14:54:50,333 - SourceAnalyzer - DEBUG - logger.py:65 - 파일 읽기 성공: D:\Analyzer\CreateMetaDb\projects\sampleSrc\config\target_source_config.yaml
2025-09-14 14:54:50,337 - SourceAnalyzer - DEBUG - logger.py:65 - YAML 설정 파일 로드 성공: D:\Analyzer\CreateMetaDb\projects\sampleSrc\config\target_source_config.yaml
2025-09-14 14:54:50,340 - SourceAnalyzer - DEBUG - logger.py:65 - 파일 읽기 성공: D:\Analyzer\CreateMetaDb\projects\sampleSrc\config\target_source_config.yaml
2025-09-14 14:54:50,344 - SourceAnalyzer - DEBUG - logger.py:65 - YAML 설정 파일 로드 성공: D:\Analyzer\CreateMetaDb\projects\sampleSrc\config\target_source_config.yaml
2025-09-14 14:54:50,345 - SourceAnalyzer - DEBUG - logger.py:65 - 파일 읽기 성공: D:\Analyzer\CreateMetaDb\projects\sampleSrc\config\target_source_config.yaml
2025-09-14 14:54:50,349 - SourceAnalyzer - DEBUG - logger.py:65 - YAML 설정 파일 로드 성공: D:\Analyzer\CreateMetaDb\projects\sampleSrc\config\target_source_config.yaml
2025-09-14 14:54:50,350 - SourceAnalyzer - DEBUG - logger.py:65 - 파일 읽기 성공: D:\Analyzer\CreateMetaDb\projects\sampleSrc\config\target_source_config.yaml
2025-09-14 14:54:50,354 - SourceAnalyzer - DEBUG - logger.py:65 - YAML 설정 파일 로드 성공: D:\Analyzer\CreateMetaDb\projects\sampleSrc\config\target_source_config.yaml
2025-09-14 14:54:50,354 - SourceAnalyzer - DEBUG - logger.py:65 - 파일 읽기 성공: D:\Analyzer\CreateMetaDb\projects\sampleSrc\config\target_source_config.yaml
2025-09-14 14:54:50,358 - SourceAnalyzer - DEBUG - logger.py:65 - YAML 설정 파일 로드 성공: D:\Analyzer\CreateMetaDb\projects\sampleSrc\config\target_source_config.yaml
2025-09-14 14:54:50,359 - SourceAnalyzer - DEBUG - logger.py:65 - 파일 읽기 성공: D:\Analyzer\CreateMetaDb\projects\sampleSrc\config\target_source_config.yaml
2025-09-14 14:54:50,363 - SourceAnalyzer - DEBUG - logger.py:65 - YAML 설정 파일 로드 성공: D:\Analyzer\CreateMetaDb\projects\sampleSrc\config\target_source_config.yaml
2025-09-14 14:54:50,364 - SourceAnalyzer - DEBUG - logger.py:65 - 파일 읽기 성공: D:\Analyzer\CreateMetaDb\projects\sampleSrc\config\target_source_config.yaml
2025-09-14 14:54:50,368 - SourceAnalyzer - DEBUG - logger.py:65 - YAML 설정 파일 로드 성공: D:\Analyzer\CreateMetaDb\projects\sampleSrc\config\target_source_config.yaml
2025-09-14 14:54:50,368 - SourceAnalyzer - DEBUG - logger.py:65 - 파일 읽기 성공: D:\Analyzer\CreateMetaDb\projects\sampleSrc\config\target_source_config.yaml
2025-09-14 14:54:50,372 - SourceAnalyzer - DEBUG - logger.py:65 - YAML 설정 파일 로드 성공: D:\Analyzer\CreateMetaDb\projects\sampleSrc\config\target_source_config.yaml
2025-09-14 14:54:50,373 - SourceAnalyzer - DEBUG - logger.py:65 - 파일 읽기 성공: D:\Analyzer\CreateMetaDb\projects\sampleSrc\config\target_source_config.yaml
2025-09-14 14:54:50,377 - SourceAnalyzer - DEBUG - logger.py:65 - YAML 설정 파일 로드 성공: D:\Analyzer\CreateMetaDb\projects\sampleSrc\config\target_source_config.yaml
2025-09-14 14:54:50,378 - SourceAnalyzer - DEBUG - logger.py:65 - 파일 읽기 성공: D:\Analyzer\CreateMetaDb\projects\sampleSrc\config\target_source_config.yaml
2025-09-14 14:54:50,382 - SourceAnalyzer - DEBUG - logger.py:65 - YAML 설정 파일 로드 성공: D:\Analyzer\CreateMetaDb\projects\sampleSrc\config\target_source_config.yaml
2025-09-14 14:54:50,383 - SourceAnalyzer - DEBUG - logger.py:65 - 파일 읽기 성공: D:\Analyzer\CreateMetaDb\projects\sampleSrc\config\target_source_config.yaml
2025-09-14 14:54:50,387 - SourceAnalyzer - DEBUG - logger.py:65 - YAML 설정 파일 로드 성공: D:\Analyzer\CreateMetaDb\projects\sampleSrc\config\target_source_config.yaml
2025-09-14 14:54:50,388 - SourceAnalyzer - DEBUG - logger.py:65 - 파일 읽기 성공: D:\Analyzer\CreateMetaDb\projects\sampleSrc\config\target_source_config.yaml
2025-09-14 14:54:50,393 - SourceAnalyzer - DEBUG - logger.py:65 - YAML 설정 파일 로드 성공: D:\Analyzer\CreateMetaDb\projects\sampleSrc\config\target_source_config.yaml
2025-09-14 14:54:50,394 - SourceAnalyzer - DEBUG - logger.py:65 - 파일 읽기 성공: D:\Analyzer\CreateMetaDb\projects\sampleSrc\config\target_source_config.yaml
2025-09-14 14:54:50,398 - SourceAnalyzer - DEBUG - logger.py:65 - YAML 설정 파일 로드 성공: D:\Analyzer\CreateMetaDb\projects\sampleSrc\config\target_source_config.yaml
2025-09-14 14:54:50,398 - SourceAnalyzer - DEBUG - logger.py:65 - 파일 읽기 성공: D:\Analyzer\CreateMetaDb\projects\sampleSrc\config\target_source_config.yaml
2025-09-14 14:54:50,403 - SourceAnalyzer - DEBUG - logger.py:65 - YAML 설정 파일 로드 성공: D:\Analyzer\CreateMetaDb\projects\sampleSrc\config\target_source_config.yaml
2025-09-14 14:54:50,404 - SourceAnalyzer - DEBUG - logger.py:65 - 파일 읽기 성공: D:\Analyzer\CreateMetaDb\projects\sampleSrc\config\target_source_config.yaml
2025-09-14 14:54:50,408 - SourceAnalyzer - DEBUG - logger.py:65 - YAML 설정 파일 로드 성공: D:\Analyzer\CreateMetaDb\projects\sampleSrc\config\target_source_config.yaml
2025-09-14 14:54:50,409 - SourceAnalyzer - DEBUG - logger.py:65 - 파일 읽기 성공: D:\Analyzer\CreateMetaDb\projects\sampleSrc\config\target_source_config.yaml
2025-09-14 14:54:50,413 - SourceAnalyzer - DEBUG - logger.py:65 - YAML 설정 파일 로드 성공: D:\Analyzer\CreateMetaDb\projects\sampleSrc\config\target_source_config.yaml
2025-09-14 14:54:50,413 - SourceAnalyzer - DEBUG - logger.py:65 - 파일 읽기 성공: D:\Analyzer\CreateMetaDb\projects\sampleSrc\config\target_source_config.yaml
2025-09-14 14:54:50,418 - SourceAnalyzer - DEBUG - logger.py:65 - YAML 설정 파일 로드 성공: D:\Analyzer\CreateMetaDb\projects\sampleSrc\config\target_source_config.yaml
2025-09-14 14:54:50,419 - SourceAnalyzer - DEBUG - logger.py:65 - 파일 읽기 성공: D:\Analyzer\CreateMetaDb\projects\sampleSrc\config\target_source_config.yaml
2025-09-14 14:54:50,423 - SourceAnalyzer - DEBUG - logger.py:65 - YAML 설정 파일 로드 성공: D:\Analyzer\CreateMetaDb\projects\sampleSrc\config\target_source_config.yaml
2025-09-14 14:54:50,424 - SourceAnalyzer - DEBUG - logger.py:65 - 파일 읽기 성공: D:\Analyzer\CreateMetaDb\projects\sampleSrc\config\target_source_config.yaml
2025-09-14 14:54:50,428 - SourceAnalyzer - DEBUG - logger.py:65 - YAML 설정 파일 로드 성공: D:\Analyzer\CreateMetaDb\projects\sampleSrc\config\target_source_config.yaml
2025-09-14 14:54:50,429 - SourceAnalyzer - DEBUG - logger.py:65 - 파일 읽기 성공: D:\Analyzer\CreateMetaDb\projects\sampleSrc\config\target_source_config.yaml
2025-09-14 14:54:50,433 - SourceAnalyzer - DEBUG - logger.py:65 - YAML 설정 파일 로드 성공: D:\Analyzer\CreateMetaDb\projects\sampleSrc\config\target_source_config.yaml
2025-09-14 14:54:50,434 - SourceAnalyzer - DEBUG - logger.py:65 - 파일 읽기 성공: D:\Analyzer\CreateMetaDb\projects\sampleSrc\config\target_source_config.yaml
2025-09-14 14:54:50,438 - SourceAnalyzer - DEBUG - logger.py:65 - YAML 설정 파일 로드 성공: D:\Analyzer\CreateMetaDb\projects\sampleSrc\config\target_source_config.yaml
2025-09-14 14:54:50,438 - SourceAnalyzer - DEBUG - logger.py:65 - 파일 읽기 성공: D:\Analyzer\CreateMetaDb\projects\sampleSrc\config\target_source_config.yaml
2025-09-14 14:54:50,442 - SourceAnalyzer - DEBUG - logger.py:65 - YAML 설정 파일 로드 성공: D:\Analyzer\CreateMetaDb\projects\sampleSrc\config\target_source_config.yaml
2025-09-14 14:54:50,443 - SourceAnalyzer - DEBUG - logger.py:65 - 파일 읽기 성공: D:\Analyzer\CreateMetaDb\projects\sampleSrc\config\target_source_config.yaml
2025-09-14 14:54:50,447 - SourceAnalyzer - DEBUG - logger.py:65 - YAML 설정 파일 로드 성공: D:\Analyzer\CreateMetaDb\projects\sampleSrc\config\target_source_config.yaml
2025-09-14 14:54:50,448 - SourceAnalyzer - DEBUG - logger.py:65 - 파일 읽기 성공: D:\Analyzer\CreateMetaDb\projects\sampleSrc\config\target_source_config.yaml
2025-09-14 14:54:50,453 - SourceAnalyzer - DEBUG - logger.py:65 - YAML 설정 파일 로드 성공: D:\Analyzer\CreateMetaDb\projects\sampleSrc\config\target_source_config.yaml
2025-09-14 14:54:50,454 - SourceAnalyzer - DEBUG - logger.py:65 - 파일 읽기 성공: D:\Analyzer\CreateMetaDb\projects\sampleSrc\config\target_source_config.yaml
2025-09-14 14:54:50,458 - SourceAnalyzer - DEBUG - logger.py:65 - YAML 설정 파일 로드 성공: D:\Analyzer\CreateMetaDb\projects\sampleSrc\config\target_source_config.yaml
2025-09-14 14:54:50,460 - SourceAnalyzer - DEBUG - logger.py:65 - 파일 읽기 성공: D:\Analyzer\CreateMetaDb\projects\sampleSrc\config\target_source_config.yaml
2025-09-14 14:54:50,465 - SourceAnalyzer - DEBUG - logger.py:65 - YAML 설정 파일 로드 성공: D:\Analyzer\CreateMetaDb\projects\sampleSrc\config\target_source_config.yaml
2025-09-14 14:54:50,466 - SourceAnalyzer - DEBUG - logger.py:65 - 파일 읽기 성공: D:\Analyzer\CreateMetaDb\projects\sampleSrc\config\target_source_config.yaml
2025-09-14 14:54:50,470 - SourceAnalyzer - DEBUG - logger.py:65 - YAML 설정 파일 로드 성공: D:\Analyzer\CreateMetaDb\projects\sampleSrc\config\target_source_config.yaml
2025-09-14 14:54:50,471 - SourceAnalyzer - DEBUG - logger.py:65 - 파일 읽기 성공: D:\Analyzer\CreateMetaDb\projects\sampleSrc\config\target_source_config.yaml
2025-09-14 14:54:50,475 - SourceAnalyzer - DEBUG - logger.py:65 - YAML 설정 파일 로드 성공: D:\Analyzer\CreateMetaDb\projects\sampleSrc\config\target_source_config.yaml
2025-09-14 14:54:50,476 - SourceAnalyzer - DEBUG - logger.py:65 - 파일 읽기 성공: D:\Analyzer\CreateMetaDb\projects\sampleSrc\config\target_source_config.yaml
2025-09-14 14:54:50,480 - SourceAnalyzer - DEBUG - logger.py:65 - YAML 설정 파일 로드 성공: D:\Analyzer\CreateMetaDb\projects\sampleSrc\config\target_source_config.yaml
2025-09-14 14:54:50,481 - SourceAnalyzer - DEBUG - logger.py:65 - 파일 읽기 성공: D:\Analyzer\CreateMetaDb\projects\sampleSrc\config\target_source_config.yaml
2025-09-14 14:54:50,485 - SourceAnalyzer - DEBUG - logger.py:65 - YAML 설정 파일 로드 성공: D:\Analyzer\CreateMetaDb\projects\sampleSrc\config\target_source_config.yaml
2025-09-14 14:54:50,485 - SourceAnalyzer - DEBUG - logger.py:65 - 파일 읽기 성공: D:\Analyzer\CreateMetaDb\projects\sampleSrc\config\target_source_config.yaml
2025-09-14 14:54:50,489 - SourceAnalyzer - DEBUG - logger.py:65 - YAML 설정 파일 로드 성공: D:\Analyzer\CreateMetaDb\projects\sampleSrc\config\target_source_config.yaml
2025-09-14 14:54:50,490 - SourceAnalyzer - DEBUG - logger.py:65 - 파일 읽기 성공: D:\Analyzer\CreateMetaDb\projects\sampleSrc\config\target_source_config.yaml
2025-09-14 14:54:50,494 - SourceAnalyzer - DEBUG - logger.py:65 - YAML 설정 파일 로드 성공: D:\Analyzer\CreateMetaDb\projects\sampleSrc\config\target_source_config.yaml
2025-09-14 14:54:50,494 - SourceAnalyzer - DEBUG - logger.py:65 - 파일 읽기 성공: D:\Analyzer\CreateMetaDb\projects\sampleSrc\config\target_source_config.yaml
2025-09-14 14:54:50,498 - SourceAnalyzer - DEBUG - logger.py:65 - YAML 설정 파일 로드 성공: D:\Analyzer\CreateMetaDb\projects\sampleSrc\config\target_source_config.yaml
2025-09-14 14:54:50,499 - SourceAnalyzer - DEBUG - logger.py:65 - 파일 읽기 성공: D:\Analyzer\CreateMetaDb\projects\sampleSrc\config\target_source_config.yaml
2025-09-14 14:54:50,503 - SourceAnalyzer - DEBUG - logger.py:65 - YAML 설정 파일 로드 성공: D:\Analyzer\CreateMetaDb\projects\sampleSrc\config\target_source_config.yaml
2025-09-14 14:54:50,504 - SourceAnalyzer - DEBUG - logger.py:65 - 파일 읽기 성공: D:\Analyzer\CreateMetaDb\projects\sampleSrc\config\target_source_config.yaml
2025-09-14 14:54:50,508 - SourceAnalyzer - DEBUG - logger.py:65 - YAML 설정 파일 로드 성공: D:\Analyzer\CreateMetaDb\projects\sampleSrc\config\target_source_config.yaml
2025-09-14 14:54:50,509 - SourceAnalyzer - DEBUG - logger.py:65 - 파일 읽기 성공: D:\Analyzer\CreateMetaDb\projects\sampleSrc\config\target_source_config.yaml
2025-09-14 14:54:50,513 - SourceAnalyzer - DEBUG - logger.py:65 - YAML 설정 파일 로드 성공: D:\Analyzer\CreateMetaDb\projects\sampleSrc\config\target_source_config.yaml
2025-09-14 14:54:50,514 - SourceAnalyzer - DEBUG - logger.py:65 - 파일 읽기 성공: D:\Analyzer\CreateMetaDb\projects\sampleSrc\config\target_source_config.yaml
2025-09-14 14:54:50,517 - SourceAnalyzer - DEBUG - logger.py:65 - YAML 설정 파일 로드 성공: D:\Analyzer\CreateMetaDb\projects\sampleSrc\config\target_source_config.yaml
2025-09-14 14:54:50,518 - SourceAnalyzer - DEBUG - logger.py:65 - 파일 읽기 성공: D:\Analyzer\CreateMetaDb\projects\sampleSrc\config\target_source_config.yaml
2025-09-14 14:54:50,522 - SourceAnalyzer - DEBUG - logger.py:65 - YAML 설정 파일 로드 성공: D:\Analyzer\CreateMetaDb\projects\sampleSrc\config\target_source_config.yaml
2025-09-14 14:54:50,523 - SourceAnalyzer - DEBUG - logger.py:65 - 파일 읽기 성공: D:\Analyzer\CreateMetaDb\projects\sampleSrc\config\target_source_config.yaml
2025-09-14 14:54:50,527 - SourceAnalyzer - DEBUG - logger.py:65 - YAML 설정 파일 로드 성공: D:\Analyzer\CreateMetaDb\projects\sampleSrc\config\target_source_config.yaml
2025-09-14 14:54:50,528 - SourceAnalyzer - DEBUG - logger.py:65 - 파일 읽기 성공: D:\Analyzer\CreateMetaDb\projects\sampleSrc\config\target_source_config.yaml
2025-09-14 14:54:50,532 - SourceAnalyzer - DEBUG - logger.py:65 - YAML 설정 파일 로드 성공: D:\Analyzer\CreateMetaDb\projects\sampleSrc\config\target_source_config.yaml
2025-09-14 14:54:50,533 - SourceAnalyzer - DEBUG - logger.py:65 - 파일 읽기 성공: D:\Analyzer\CreateMetaDb\projects\sampleSrc\config\target_source_config.yaml
2025-09-14 14:54:50,536 - SourceAnalyzer - DEBUG - logger.py:65 - YAML 설정 파일 로드 성공: D:\Analyzer\CreateMetaDb\projects\sampleSrc\config\target_source_config.yaml
2025-09-14 14:54:50,537 - SourceAnalyzer - DEBUG - logger.py:65 - 파일 읽기 성공: D:\Analyzer\CreateMetaDb\projects\sampleSrc\config\target_source_config.yaml
2025-09-14 14:54:50,541 - SourceAnalyzer - DEBUG - logger.py:65 - YAML 설정 파일 로드 성공: D:\Analyzer\CreateMetaDb\projects\sampleSrc\config\target_source_config.yaml
2025-09-14 14:54:50,543 - SourceAnalyzer - DEBUG - logger.py:65 - 파일 읽기 성공: D:\Analyzer\CreateMetaDb\projects\sampleSrc\config\target_source_config.yaml
2025-09-14 14:54:50,550 - SourceAnalyzer - DEBUG - logger.py:65 - YAML 설정 파일 로드 성공: D:\Analyzer\CreateMetaDb\projects\sampleSrc\config\target_source_config.yaml
2025-09-14 14:54:50,551 - SourceAnalyzer - DEBUG - logger.py:65 - 파일 읽기 성공: D:\Analyzer\CreateMetaDb\projects\sampleSrc\config\target_source_config.yaml
2025-09-14 14:54:50,557 - SourceAnalyzer - DEBUG - logger.py:65 - YAML 설정 파일 로드 성공: D:\Analyzer\CreateMetaDb\projects\sampleSrc\config\target_source_config.yaml
2025-09-14 14:54:50,559 - SourceAnalyzer - DEBUG - logger.py:65 - 파일 읽기 성공: D:\Analyzer\CreateMetaDb\projects\sampleSrc\config\target_source_config.yaml
2025-09-14 14:54:50,565 - SourceAnalyzer - DEBUG - logger.py:65 - YAML 설정 파일 로드 성공: D:\Analyzer\CreateMetaDb\projects\sampleSrc\config\target_source_config.yaml
2025-09-14 14:54:50,566 - SourceAnalyzer - INFO - logger.py:73 - 파일 스캔 완료: 총 46개 파일
2025-09-14 14:54:50,566 - SourceAnalyzer - DEBUG - logger.py:65 - 쿼리 실행 성공: SELECT project_id FROM projects WHERE project_name...
2025-09-14 14:54:50,566 - SourceAnalyzer - DEBUG - logger.py:65 - 쿼리 실행 성공: 
                SELECT COUNT(*) as count FROM fil...
2025-09-14 14:54:50,566 - SourceAnalyzer - DEBUG - logger.py:65 - 업데이트 쿼리 실행 성공: 
            INSERT INTO files (file_path, file_na..., 영향받은 행: 1
2025-09-14 14:54:50,566 - SourceAnalyzer - DEBUG - logger.py:65 - 쿼리 실행 성공: 
                SELECT COUNT(*) as count FROM fil...
2025-09-14 14:54:50,566 - SourceAnalyzer - DEBUG - logger.py:65 - 업데이트 쿼리 실행 성공: 
            INSERT INTO files (file_path, file_na..., 영향받은 행: 1
2025-09-14 14:54:50,566 - SourceAnalyzer - DEBUG - logger.py:65 - 쿼리 실행 성공: 
                SELECT COUNT(*) as count FROM fil...
2025-09-14 14:54:50,566 - SourceAnalyzer - DEBUG - logger.py:65 - 업데이트 쿼리 실행 성공: 
            INSERT INTO files (file_path, file_na..., 영향받은 행: 1
2025-09-14 14:54:50,566 - SourceAnalyzer - DEBUG - logger.py:65 - 쿼리 실행 성공: 
                SELECT COUNT(*) as count FROM fil...
2025-09-14 14:54:50,566 - SourceAnalyzer - DEBUG - logger.py:65 - 업데이트 쿼리 실행 성공: 
            INSERT INTO files (file_path, file_na..., 영향받은 행: 1
2025-09-14 14:54:50,567 - SourceAnalyzer - DEBUG - logger.py:65 - 쿼리 실행 성공: 
                SELECT COUNT(*) as count FROM fil...
2025-09-14 14:54:50,567 - SourceAnalyzer - DEBUG - logger.py:65 - 업데이트 쿼리 실행 성공: 
            INSERT INTO files (file_path, file_na..., 영향받은 행: 1
2025-09-14 14:54:50,567 - SourceAnalyzer - DEBUG - logger.py:65 - 쿼리 실행 성공: 
                SELECT COUNT(*) as count FROM fil...
2025-09-14 14:54:50,567 - SourceAnalyzer - DEBUG - logger.py:65 - 업데이트 쿼리 실행 성공: 
            INSERT INTO files (file_path, file_na..., 영향받은 행: 1
2025-09-14 14:54:50,567 - SourceAnalyzer - DEBUG - logger.py:65 - 쿼리 실행 성공: 
                SELECT COUNT(*) as count FROM fil...
2025-09-14 14:54:50,567 - SourceAnalyzer - DEBUG - logger.py:65 - 업데이트 쿼리 실행 성공: 
            INSERT INTO files (file_path, file_na..., 영향받은 행: 1
2025-09-14 14:54:50,567 - SourceAnalyzer - DEBUG - logger.py:65 - 쿼리 실행 성공: 
                SELECT COUNT(*) as count FROM fil...
2025-09-14 14:54:50,567 - SourceAnalyzer - DEBUG - logger.py:65 - 업데이트 쿼리 실행 성공: 
            INSERT INTO files (file_path, file_na..., 영향받은 행: 1
2025-09-14 14:54:50,567 - SourceAnalyzer - DEBUG - logger.py:65 - 쿼리 실행 성공: 
                SELECT COUNT(*) as count FROM fil...
2025-09-14 14:54:50,567 - SourceAnalyzer - DEBUG - logger.py:65 - 업데이트 쿼리 실행 성공: 
            INSERT INTO files (file_path, file_na..., 영향받은 행: 1
2025-09-14 14:54:50,567 - SourceAnalyzer - DEBUG - logger.py:65 - 쿼리 실행 성공: 
                SELECT COUNT(*) as count FROM fil...
2025-09-14 14:54:50,567 - SourceAnalyzer - DEBUG - logger.py:65 - 업데이트 쿼리 실행 성공: 
            INSERT INTO files (file_path, file_na..., 영향받은 행: 1
2025-09-14 14:54:50,567 - SourceAnalyzer - DEBUG - logger.py:65 - 쿼리 실행 성공: 
                SELECT COUNT(*) as count FROM fil...
2025-09-14 14:54:50,568 - SourceAnalyzer - DEBUG - logger.py:65 - 업데이트 쿼리 실행 성공: 
            INSERT INTO files (file_path, file_na..., 영향받은 행: 1
2025-09-14 14:54:50,568 - SourceAnalyzer - DEBUG - logger.py:65 - 쿼리 실행 성공: 
                SELECT COUNT(*) as count FROM fil...
2025-09-14 14:54:50,568 - SourceAnalyzer - DEBUG - logger.py:65 - 업데이트 쿼리 실행 성공: 
            INSERT INTO files (file_path, file_na..., 영향받은 행: 1
2025-09-14 14:54:50,568 - SourceAnalyzer - DEBUG - logger.py:65 - 쿼리 실행 성공: 
                SELECT COUNT(*) as count FROM fil...
2025-09-14 14:54:50,568 - SourceAnalyzer - DEBUG - logger.py:65 - 업데이트 쿼리 실행 성공: 
            INSERT INTO files (file_path, file_na..., 영향받은 행: 1
2025-09-14 14:54:50,568 - SourceAnalyzer - DEBUG - logger.py:65 - 쿼리 실행 성공: 
                SELECT COUNT(*) as count FROM fil...
2025-09-14 14:54:50,568 - SourceAnalyzer - DEBUG - logger.py:65 - 업데이트 쿼리 실행 성공: 
            INSERT INTO files (file_path, file_na..., 영향받은 행: 1
2025-09-14 14:54:50,568 - SourceAnalyzer - DEBUG - logger.py:65 - 쿼리 실행 성공: 
                SELECT COUNT(*) as count FROM fil...
2025-09-14 14:54:50,568 - SourceAnalyzer - DEBUG - logger.py:65 - 업데이트 쿼리 실행 성공: 
            INSERT INTO files (file_path, file_na..., 영향받은 행: 1
2025-09-14 14:54:50,568 - SourceAnalyzer - DEBUG - logger.py:65 - 쿼리 실행 성공: 
                SELECT COUNT(*) as count FROM fil...
2025-09-14 14:54:50,568 - SourceAnalyzer - DEBUG - logger.py:65 - 업데이트 쿼리 실행 성공: 
            INSERT INTO files (file_path, file_na..., 영향받은 행: 1
2025-09-14 14:54:50,568 - SourceAnalyzer - DEBUG - logger.py:65 - 쿼리 실행 성공: 
                SELECT COUNT(*) as count FROM fil...
2025-09-14 14:54:50,569 - SourceAnalyzer - DEBUG - logger.py:65 - 업데이트 쿼리 실행 성공: 
            INSERT INTO files (file_path, file_na..., 영향받은 행: 1
2025-09-14 14:54:50,569 - SourceAnalyzer - DEBUG - logger.py:65 - 쿼리 실행 성공: 
                SELECT COUNT(*) as count FROM fil...
2025-09-14 14:54:50,569 - SourceAnalyzer - DEBUG - logger.py:65 - 업데이트 쿼리 실행 성공: 
            INSERT INTO files (file_path, file_na..., 영향받은 행: 1
2025-09-14 14:54:50,569 - SourceAnalyzer - DEBUG - logger.py:65 - 쿼리 실행 성공: 
                SELECT COUNT(*) as count FROM fil...
2025-09-14 14:54:50,569 - SourceAnalyzer - DEBUG - logger.py:65 - 업데이트 쿼리 실행 성공: 
            INSERT INTO files (file_path, file_na..., 영향받은 행: 1
2025-09-14 14:54:50,569 - SourceAnalyzer - DEBUG - logger.py:65 - 쿼리 실행 성공: 
                SELECT COUNT(*) as count FROM fil...
2025-09-14 14:54:50,569 - SourceAnalyzer - DEBUG - logger.py:65 - 업데이트 쿼리 실행 성공: 
            INSERT INTO files (file_path, file_na..., 영향받은 행: 1
2025-09-14 14:54:50,569 - SourceAnalyzer - DEBUG - logger.py:65 - 쿼리 실행 성공: 
                SELECT COUNT(*) as count FROM fil...
2025-09-14 14:54:50,569 - SourceAnalyzer - DEBUG - logger.py:65 - 업데이트 쿼리 실행 성공: 
            INSERT INTO files (file_path, file_na..., 영향받은 행: 1
2025-09-14 14:54:50,569 - SourceAnalyzer - DEBUG - logger.py:65 - 쿼리 실행 성공: 
                SELECT COUNT(*) as count FROM fil...
2025-09-14 14:54:50,569 - SourceAnalyzer - DEBUG - logger.py:65 - 업데이트 쿼리 실행 성공: 
            INSERT INTO files (file_path, file_na..., 영향받은 행: 1
2025-09-14 14:54:50,569 - SourceAnalyzer - DEBUG - logger.py:65 - 쿼리 실행 성공: 
                SELECT COUNT(*) as count FROM fil...
2025-09-14 14:54:50,569 - SourceAnalyzer - DEBUG - logger.py:65 - 업데이트 쿼리 실행 성공: 
            INSERT INTO files (file_path, file_na..., 영향받은 행: 1
2025-09-14 14:54:50,569 - SourceAnalyzer - DEBUG - logger.py:65 - 쿼리 실행 성공: 
                SELECT COUNT(*) as count FROM fil...
2025-09-14 14:54:50,570 - SourceAnalyzer - DEBUG - logger.py:65 - 업데이트 쿼리 실행 성공: 
            INSERT INTO files (file_path, file_na..., 영향받은 행: 1
2025-09-14 14:54:50,570 - SourceAnalyzer - DEBUG - logger.py:65 - 쿼리 실행 성공: 
                SELECT COUNT(*) as count FROM fil...
2025-09-14 14:54:50,570 - SourceAnalyzer - DEBUG - logger.py:65 - 업데이트 쿼리 실행 성공: 
            INSERT INTO files (file_path, file_na..., 영향받은 행: 1
2025-09-14 14:54:50,570 - SourceAnalyzer - DEBUG - logger.py:65 - 쿼리 실행 성공: 
                SELECT COUNT(*) as count FROM fil...
2025-09-14 14:54:50,570 - SourceAnalyzer - DEBUG - logger.py:65 - 업데이트 쿼리 실행 성공: 
            INSERT INTO files (file_path, file_na..., 영향받은 행: 1
2025-09-14 14:54:50,570 - SourceAnalyzer - DEBUG - logger.py:65 - 쿼리 실행 성공: 
                SELECT COUNT(*) as count FROM fil...
2025-09-14 14:54:50,570 - SourceAnalyzer - DEBUG - logger.py:65 - 업데이트 쿼리 실행 성공: 
            INSERT INTO files (file_path, file_na..., 영향받은 행: 1
2025-09-14 14:54:50,570 - SourceAnalyzer - DEBUG - logger.py:65 - 쿼리 실행 성공: 
                SELECT COUNT(*) as count FROM fil...
2025-09-14 14:54:50,570 - SourceAnalyzer - DEBUG - logger.py:65 - 업데이트 쿼리 실행 성공: 
            INSERT INTO files (file_path, file_na..., 영향받은 행: 1
2025-09-14 14:54:50,570 - SourceAnalyzer - DEBUG - logger.py:65 - 쿼리 실행 성공: 
                SELECT COUNT(*) as count FROM fil...
2025-09-14 14:54:50,570 - SourceAnalyzer - DEBUG - logger.py:65 - 업데이트 쿼리 실행 성공: 
            INSERT INTO files (file_path, file_na..., 영향받은 행: 1
2025-09-14 14:54:50,570 - SourceAnalyzer - DEBUG - logger.py:65 - 쿼리 실행 성공: 
                SELECT COUNT(*) as count FROM fil...
2025-09-14 14:54:50,570 - SourceAnalyzer - DEBUG - logger.py:65 - 업데이트 쿼리 실행 성공: 
            INSERT INTO files (file_path, file_na..., 영향받은 행: 1
2025-09-14 14:54:50,571 - SourceAnalyzer - DEBUG - logger.py:65 - 쿼리 실행 성공: 
                SELECT COUNT(*) as count FROM fil...
2025-09-14 14:54:50,571 - SourceAnalyzer - DEBUG - logger.py:65 - 업데이트 쿼리 실행 성공: 
            INSERT INTO files (file_path, file_na..., 영향받은 행: 1
2025-09-14 14:54:50,571 - SourceAnalyzer - DEBUG - logger.py:65 - 쿼리 실행 성공: 
                SELECT COUNT(*) as count FROM fil...
2025-09-14 14:54:50,571 - SourceAnalyzer - DEBUG - logger.py:65 - 업데이트 쿼리 실행 성공: 
            INSERT INTO files (file_path, file_na..., 영향받은 행: 1
2025-09-14 14:54:50,571 - SourceAnalyzer - DEBUG - logger.py:65 - 쿼리 실행 성공: 
                SELECT COUNT(*) as count FROM fil...
2025-09-14 14:54:50,571 - SourceAnalyzer - DEBUG - logger.py:65 - 업데이트 쿼리 실행 성공: 
            INSERT INTO files (file_path, file_na..., 영향받은 행: 1
2025-09-14 14:54:50,571 - SourceAnalyzer - DEBUG - logger.py:65 - 쿼리 실행 성공: 
                SELECT COUNT(*) as count FROM fil...
2025-09-14 14:54:50,571 - SourceAnalyzer - DEBUG - logger.py:65 - 업데이트 쿼리 실행 성공: 
            INSERT INTO files (file_path, file_na..., 영향받은 행: 1
2025-09-14 14:54:50,571 - SourceAnalyzer - DEBUG - logger.py:65 - 쿼리 실행 성공: 
                SELECT COUNT(*) as count FROM fil...
2025-09-14 14:54:50,572 - SourceAnalyzer - DEBUG - logger.py:65 - 업데이트 쿼리 실행 성공: 
            INSERT INTO files (file_path, file_na..., 영향받은 행: 1
2025-09-14 14:54:50,572 - SourceAnalyzer - DEBUG - logger.py:65 - 쿼리 실행 성공: 
                SELECT COUNT(*) as count FROM fil...
2025-09-14 14:54:50,572 - SourceAnalyzer - DEBUG - logger.py:65 - 업데이트 쿼리 실행 성공: 
            INSERT INTO files (file_path, file_na..., 영향받은 행: 1
2025-09-14 14:54:50,572 - SourceAnalyzer - DEBUG - logger.py:65 - 쿼리 실행 성공: 
                SELECT COUNT(*) as count FROM fil...
2025-09-14 14:54:50,572 - SourceAnalyzer - DEBUG - logger.py:65 - 업데이트 쿼리 실행 성공: 
            INSERT INTO files (file_path, file_na..., 영향받은 행: 1
2025-09-14 14:54:50,572 - SourceAnalyzer - DEBUG - logger.py:65 - 쿼리 실행 성공: 
                SELECT COUNT(*) as count FROM fil...
2025-09-14 14:54:50,572 - SourceAnalyzer - DEBUG - logger.py:65 - 업데이트 쿼리 실행 성공: 
            INSERT INTO files (file_path, file_na..., 영향받은 행: 1
2025-09-14 14:54:50,572 - SourceAnalyzer - DEBUG - logger.py:65 - 쿼리 실행 성공: 
                SELECT COUNT(*) as count FROM fil...
2025-09-14 14:54:50,572 - SourceAnalyzer - DEBUG - logger.py:65 - 업데이트 쿼리 실행 성공: 
            INSERT INTO files (file_path, file_na..., 영향받은 행: 1
2025-09-14 14:54:50,572 - SourceAnalyzer - DEBUG - logger.py:65 - 쿼리 실행 성공: 
                SELECT COUNT(*) as count FROM fil...
2025-09-14 14:54:50,572 - SourceAnalyzer - DEBUG - logger.py:65 - 업데이트 쿼리 실행 성공: 
            INSERT INTO files (file_path, file_na..., 영향받은 행: 1
2025-09-14 14:54:50,572 - SourceAnalyzer - DEBUG - logger.py:65 - 쿼리 실행 성공: 
                SELECT COUNT(*) as count FROM fil...
2025-09-14 14:54:50,573 - SourceAnalyzer - DEBUG - logger.py:65 - 업데이트 쿼리 실행 성공: 
            INSERT INTO files (file_path, file_na..., 영향받은 행: 1
2025-09-14 14:54:50,573 - SourceAnalyzer - DEBUG - logger.py:65 - 쿼리 실행 성공: 
                SELECT COUNT(*) as count FROM fil...
2025-09-14 14:54:50,573 - SourceAnalyzer - DEBUG - logger.py:65 - 업데이트 쿼리 실행 성공: 
            INSERT INTO files (file_path, file_na..., 영향받은 행: 1
2025-09-14 14:54:50,573 - SourceAnalyzer - DEBUG - logger.py:65 - 쿼리 실행 성공: 
                SELECT COUNT(*) as count FROM fil...
2025-09-14 14:54:50,573 - SourceAnalyzer - DEBUG - logger.py:65 - 업데이트 쿼리 실행 성공: 
            INSERT INTO files (file_path, file_na..., 영향받은 행: 1
2025-09-14 14:54:50,573 - SourceAnalyzer - DEBUG - logger.py:65 - 쿼리 실행 성공: 
                SELECT COUNT(*) as count FROM fil...
2025-09-14 14:54:50,573 - SourceAnalyzer - DEBUG - logger.py:65 - 업데이트 쿼리 실행 성공: 
            INSERT INTO files (file_path, file_na..., 영향받은 행: 1
2025-09-14 14:54:50,573 - SourceAnalyzer - DEBUG - logger.py:65 - 쿼리 실행 성공: 
                SELECT COUNT(*) as count FROM fil...
2025-09-14 14:54:50,573 - SourceAnalyzer - DEBUG - logger.py:65 - 업데이트 쿼리 실행 성공: 
            INSERT INTO files (file_path, file_na..., 영향받은 행: 1
2025-09-14 14:54:50,573 - SourceAnalyzer - DEBUG - logger.py:65 - 쿼리 실행 성공: 
                SELECT COUNT(*) as count FROM fil...
2025-09-14 14:54:50,573 - SourceAnalyzer - DEBUG - logger.py:65 - 업데이트 쿼리 실행 성공: 
            INSERT INTO files (file_path, file_na..., 영향받은 행: 1
2025-09-14 14:54:50,573 - SourceAnalyzer - INFO - logger.py:73 - 파일 정보 저장 완료: 46개 파일
2025-09-14 14:54:50,574 - SourceAnalyzer - DEBUG - logger.py:65 - 업데이트 쿼리 실행 성공: UPDATE projects SET total_files = ? WHERE project_..., 영향받은 행: 1
2025-09-14 14:54:50,574 - SourceAnalyzer - DEBUG - logger.py:65 - 프로젝트 총 파일 수 업데이트: 46
2025-09-14 14:54:50,574 - SourceAnalyzer - INFO - logger.py:73 - === 파일 스캔 통계 ===
2025-09-14 14:54:50,574 - SourceAnalyzer - INFO - logger.py:73 - 총 파일 수: 46
2025-09-14 14:54:50,574 - SourceAnalyzer - INFO - logger.py:73 - 성공 스캔: 46
2025-09-14 14:54:50,574 - SourceAnalyzer - INFO - logger.py:73 - 오류 파일: 0
2025-09-14 14:54:50,574 - SourceAnalyzer - INFO - logger.py:73 - Java 파일: 30
2025-09-14 14:54:50,574 - SourceAnalyzer - INFO - logger.py:73 - XML 파일: 6
2025-09-14 14:54:50,574 - SourceAnalyzer - INFO - logger.py:73 - JSP 파일: 8
2025-09-14 14:54:50,574 - SourceAnalyzer - INFO - logger.py:73 - SQL 파일: 0
2025-09-14 14:54:50,574 - SourceAnalyzer - INFO - logger.py:73 - CSV 파일: 2
2025-09-14 14:54:50,574 - SourceAnalyzer - INFO - logger.py:73 - 기타 파일: 0
2025-09-14 14:54:50,574 - SourceAnalyzer - INFO - logger.py:73 - === 파일 스캔 완료 ===
2025-09-14 14:54:50,579 - SourceAnalyzer - DEBUG - logger.py:65 - 데이터베이스 연결 해제: D:\Analyzer\CreateMetaDb\projects\sampleSrc\metadata.db
2025-09-14 14:54:50,579 - SourceAnalyzer - INFO - logger.py:73 - 1단계 완료: 파일 정보 저장
2025-09-14 14:54:50,581 - SourceAnalyzer - DEBUG - logger.py:65 - 데이터베이스 연결 성공: D:\Analyzer\CreateMetaDb\projects\sampleSrc\metadata.db
2025-09-14 14:54:50,581 - SourceAnalyzer - INFO - logger.py:73 - 전역 프로젝트 정보 설정: sampleSrc (ID: 1)
2025-09-14 14:54:50,581 - SourceAnalyzer - INFO - logger.py:73 - 2단계 실행: 데이터베이스 구조 저장 및 컴포넌트 생성
2025-09-14 14:54:50,582 - SourceAnalyzer - INFO - logger.py:73 - === 데이터베이스 로딩 시작: 데이터베이스 구조 저장 ===
2025-09-14 14:54:50,582 - SourceAnalyzer - DEBUG - logger.py:65 - 데이터베이스 연결 성공: D:\Analyzer\CreateMetaDb\projects\sampleSrc\metadata.db
2025-09-14 14:54:50,583 - SourceAnalyzer - INFO - logger.py:73 - 인코딩 문제 감지, 다른 인코딩으로 재시도: ALL_TABLES.csv
2025-09-14 14:54:50,583 - SourceAnalyzer - DEBUG - logger.py:65 - 파일 읽기 성공 (cp949): D:\Analyzer\CreateMetaDb\projects\sampleSrc\db_schema\ALL_TABLES.csv
2025-09-14 14:54:50,583 - SourceAnalyzer - INFO - logger.py:73 - CSV 파일 로드 완료: D:\Analyzer\CreateMetaDb\projects\sampleSrc\db_schema\ALL_TABLES.csv, 16개 행
2025-09-14 14:54:50,583 - SourceAnalyzer - DEBUG - logger.py:65 - 쿼리 실행 성공: 
                SELECT f.file_id 
               ...
2025-09-14 14:54:50,584 - SourceAnalyzer - DEBUG - logger.py:65 - 배치 쿼리 실행 성공: 
            INSERT OR IGNORE INTO tables (project..., 처리된 행: 16
2025-09-14 14:54:50,584 - SourceAnalyzer - INFO - logger.py:73 - 테이블 정보 저장 완료: 16개 테이블 (오류: 0개)
2025-09-14 14:54:50,585 - SourceAnalyzer - INFO - logger.py:73 - 인코딩 문제 감지, 다른 인코딩으로 재시도: ALL_TAB_COLUMNS.csv
2025-09-14 14:54:50,585 - SourceAnalyzer - DEBUG - logger.py:65 - 파일 읽기 성공 (cp949): D:\Analyzer\CreateMetaDb\projects\sampleSrc\db_schema\ALL_TAB_COLUMNS.csv
2025-09-14 14:54:50,585 - SourceAnalyzer - INFO - logger.py:73 - CSV 파일 로드 완료: D:\Analyzer\CreateMetaDb\projects\sampleSrc\db_schema\ALL_TAB_COLUMNS.csv, 91개 행
2025-09-14 14:54:50,585 - SourceAnalyzer - DEBUG - logger.py:65 - 쿼리 실행 성공: 
                SELECT t.table_id 
              ...
2025-09-14 14:54:50,585 - SourceAnalyzer - DEBUG - logger.py:65 - 쿼리 실행 성공: 
                SELECT t.table_id 
              ...
2025-09-14 14:54:50,585 - SourceAnalyzer - DEBUG - logger.py:65 - 쿼리 실행 성공: 
                SELECT t.table_id 
              ...
2025-09-14 14:54:50,585 - SourceAnalyzer - DEBUG - logger.py:65 - 쿼리 실행 성공: 
                SELECT t.table_id 
              ...
2025-09-14 14:54:50,585 - SourceAnalyzer - DEBUG - logger.py:65 - 쿼리 실행 성공: 
                SELECT t.table_id 
              ...
2025-09-14 14:54:50,586 - SourceAnalyzer - DEBUG - logger.py:65 - 쿼리 실행 성공: 
                SELECT t.table_id 
              ...
2025-09-14 14:54:50,586 - SourceAnalyzer - DEBUG - logger.py:65 - 쿼리 실행 성공: 
                SELECT t.table_id 
              ...
2025-09-14 14:54:50,586 - SourceAnalyzer - DEBUG - logger.py:65 - 쿼리 실행 성공: 
                SELECT t.table_id 
              ...
2025-09-14 14:54:50,586 - SourceAnalyzer - DEBUG - logger.py:65 - 쿼리 실행 성공: 
                SELECT t.table_id 
              ...
2025-09-14 14:54:50,586 - SourceAnalyzer - DEBUG - logger.py:65 - 쿼리 실행 성공: 
                SELECT t.table_id 
              ...
2025-09-14 14:54:50,586 - SourceAnalyzer - DEBUG - logger.py:65 - 쿼리 실행 성공: 
                SELECT t.table_id 
              ...
2025-09-14 14:54:50,586 - SourceAnalyzer - DEBUG - logger.py:65 - 쿼리 실행 성공: 
                SELECT t.table_id 
              ...
2025-09-14 14:54:50,586 - SourceAnalyzer - DEBUG - logger.py:65 - 쿼리 실행 성공: 
                SELECT t.table_id 
              ...
2025-09-14 14:54:50,586 - SourceAnalyzer - DEBUG - logger.py:65 - 쿼리 실행 성공: 
                SELECT t.table_id 
              ...
2025-09-14 14:54:50,586 - SourceAnalyzer - DEBUG - logger.py:65 - 쿼리 실행 성공: 
                SELECT t.table_id 
              ...
2025-09-14 14:54:50,586 - SourceAnalyzer - DEBUG - logger.py:65 - 쿼리 실행 성공: 
                SELECT t.table_id 
              ...
2025-09-14 14:54:50,586 - SourceAnalyzer - DEBUG - logger.py:65 - 쿼리 실행 성공: 
                SELECT t.table_id 
              ...
2025-09-14 14:54:50,586 - SourceAnalyzer - DEBUG - logger.py:65 - 쿼리 실행 성공: 
                SELECT t.table_id 
              ...
2025-09-14 14:54:50,586 - SourceAnalyzer - DEBUG - logger.py:65 - 쿼리 실행 성공: 
                SELECT t.table_id 
              ...
2025-09-14 14:54:50,586 - SourceAnalyzer - DEBUG - logger.py:65 - 쿼리 실행 성공: 
                SELECT t.table_id 
              ...
2025-09-14 14:54:50,586 - SourceAnalyzer - DEBUG - logger.py:65 - 쿼리 실행 성공: 
                SELECT t.table_id 
              ...
2025-09-14 14:54:50,586 - SourceAnalyzer - DEBUG - logger.py:65 - 쿼리 실행 성공: 
                SELECT t.table_id 
              ...
2025-09-14 14:54:50,586 - SourceAnalyzer - DEBUG - logger.py:65 - 쿼리 실행 성공: 
                SELECT t.table_id 
              ...
2025-09-14 14:54:50,587 - SourceAnalyzer - DEBUG - logger.py:65 - 쿼리 실행 성공: 
                SELECT t.table_id 
              ...
2025-09-14 14:54:50,587 - SourceAnalyzer - DEBUG - logger.py:65 - 쿼리 실행 성공: 
                SELECT t.table_id 
              ...
2025-09-14 14:54:50,587 - SourceAnalyzer - DEBUG - logger.py:65 - 쿼리 실행 성공: 
                SELECT t.table_id 
              ...
2025-09-14 14:54:50,587 - SourceAnalyzer - DEBUG - logger.py:65 - 쿼리 실행 성공: 
                SELECT t.table_id 
              ...
2025-09-14 14:54:50,587 - SourceAnalyzer - DEBUG - logger.py:65 - 쿼리 실행 성공: 
                SELECT t.table_id 
              ...
2025-09-14 14:54:50,587 - SourceAnalyzer - DEBUG - logger.py:65 - 쿼리 실행 성공: 
                SELECT t.table_id 
              ...
2025-09-14 14:54:50,587 - SourceAnalyzer - DEBUG - logger.py:65 - 쿼리 실행 성공: 
                SELECT t.table_id 
              ...
2025-09-14 14:54:50,587 - SourceAnalyzer - DEBUG - logger.py:65 - 쿼리 실행 성공: 
                SELECT t.table_id 
              ...
2025-09-14 14:54:50,587 - SourceAnalyzer - DEBUG - logger.py:65 - 쿼리 실행 성공: 
                SELECT t.table_id 
              ...
2025-09-14 14:54:50,587 - SourceAnalyzer - DEBUG - logger.py:65 - 쿼리 실행 성공: 
                SELECT t.table_id 
              ...
2025-09-14 14:54:50,587 - SourceAnalyzer - DEBUG - logger.py:65 - 쿼리 실행 성공: 
                SELECT t.table_id 
              ...
2025-09-14 14:54:50,587 - SourceAnalyzer - DEBUG - logger.py:65 - 쿼리 실행 성공: 
                SELECT t.table_id 
              ...
2025-09-14 14:54:50,587 - SourceAnalyzer - DEBUG - logger.py:65 - 쿼리 실행 성공: 
                SELECT t.table_id 
              ...
2025-09-14 14:54:50,587 - SourceAnalyzer - DEBUG - logger.py:65 - 쿼리 실행 성공: 
                SELECT t.table_id 
              ...
2025-09-14 14:54:50,587 - SourceAnalyzer - DEBUG - logger.py:65 - 쿼리 실행 성공: 
                SELECT t.table_id 
              ...
2025-09-14 14:54:50,587 - SourceAnalyzer - DEBUG - logger.py:65 - 쿼리 실행 성공: 
                SELECT t.table_id 
              ...
2025-09-14 14:54:50,587 - SourceAnalyzer - DEBUG - logger.py:65 - 쿼리 실행 성공: 
                SELECT t.table_id 
              ...
2025-09-14 14:54:50,588 - SourceAnalyzer - DEBUG - logger.py:65 - 쿼리 실행 성공: 
                SELECT t.table_id 
              ...
2025-09-14 14:54:50,588 - SourceAnalyzer - DEBUG - logger.py:65 - 쿼리 실행 성공: 
                SELECT t.table_id 
              ...
2025-09-14 14:54:50,588 - SourceAnalyzer - DEBUG - logger.py:65 - 쿼리 실행 성공: 
                SELECT t.table_id 
              ...
2025-09-14 14:54:50,588 - SourceAnalyzer - DEBUG - logger.py:65 - 쿼리 실행 성공: 
                SELECT t.table_id 
              ...
2025-09-14 14:54:50,588 - SourceAnalyzer - DEBUG - logger.py:65 - 쿼리 실행 성공: 
                SELECT t.table_id 
              ...
2025-09-14 14:54:50,588 - SourceAnalyzer - DEBUG - logger.py:65 - 쿼리 실행 성공: 
                SELECT t.table_id 
              ...
2025-09-14 14:54:50,588 - SourceAnalyzer - DEBUG - logger.py:65 - 쿼리 실행 성공: 
                SELECT t.table_id 
              ...
2025-09-14 14:54:50,588 - SourceAnalyzer - DEBUG - logger.py:65 - 쿼리 실행 성공: 
                SELECT t.table_id 
              ...
2025-09-14 14:54:50,588 - SourceAnalyzer - DEBUG - logger.py:65 - 쿼리 실행 성공: 
                SELECT t.table_id 
              ...
2025-09-14 14:54:50,588 - SourceAnalyzer - DEBUG - logger.py:65 - 쿼리 실행 성공: 
                SELECT t.table_id 
              ...
2025-09-14 14:54:50,588 - SourceAnalyzer - DEBUG - logger.py:65 - 쿼리 실행 성공: 
                SELECT t.table_id 
              ...
2025-09-14 14:54:50,588 - SourceAnalyzer - DEBUG - logger.py:65 - 쿼리 실행 성공: 
                SELECT t.table_id 
              ...
2025-09-14 14:54:50,588 - SourceAnalyzer - DEBUG - logger.py:65 - 쿼리 실행 성공: 
                SELECT t.table_id 
              ...
2025-09-14 14:54:50,588 - SourceAnalyzer - DEBUG - logger.py:65 - 쿼리 실행 성공: 
                SELECT t.table_id 
              ...
2025-09-14 14:54:50,588 - SourceAnalyzer - DEBUG - logger.py:65 - 쿼리 실행 성공: 
                SELECT t.table_id 
              ...
2025-09-14 14:54:50,588 - SourceAnalyzer - DEBUG - logger.py:65 - 쿼리 실행 성공: 
                SELECT t.table_id 
              ...
2025-09-14 14:54:50,588 - SourceAnalyzer - DEBUG - logger.py:65 - 쿼리 실행 성공: 
                SELECT t.table_id 
              ...
2025-09-14 14:54:50,588 - SourceAnalyzer - DEBUG - logger.py:65 - 쿼리 실행 성공: 
                SELECT t.table_id 
              ...
2025-09-14 14:54:50,589 - SourceAnalyzer - DEBUG - logger.py:65 - 쿼리 실행 성공: 
                SELECT t.table_id 
              ...
2025-09-14 14:54:50,589 - SourceAnalyzer - DEBUG - logger.py:65 - 쿼리 실행 성공: 
                SELECT t.table_id 
              ...
2025-09-14 14:54:50,589 - SourceAnalyzer - DEBUG - logger.py:65 - 쿼리 실행 성공: 
                SELECT t.table_id 
              ...
2025-09-14 14:54:50,589 - SourceAnalyzer - DEBUG - logger.py:65 - 쿼리 실행 성공: 
                SELECT t.table_id 
              ...
2025-09-14 14:54:50,589 - SourceAnalyzer - DEBUG - logger.py:65 - 쿼리 실행 성공: 
                SELECT t.table_id 
              ...
2025-09-14 14:54:50,589 - SourceAnalyzer - DEBUG - logger.py:65 - 쿼리 실행 성공: 
                SELECT t.table_id 
              ...
2025-09-14 14:54:50,589 - SourceAnalyzer - DEBUG - logger.py:65 - 쿼리 실행 성공: 
                SELECT t.table_id 
              ...
2025-09-14 14:54:50,589 - SourceAnalyzer - DEBUG - logger.py:65 - 쿼리 실행 성공: 
                SELECT t.table_id 
              ...
2025-09-14 14:54:50,589 - SourceAnalyzer - DEBUG - logger.py:65 - 쿼리 실행 성공: 
                SELECT t.table_id 
              ...
2025-09-14 14:54:50,589 - SourceAnalyzer - DEBUG - logger.py:65 - 쿼리 실행 성공: 
                SELECT t.table_id 
              ...
2025-09-14 14:54:50,589 - SourceAnalyzer - DEBUG - logger.py:65 - 쿼리 실행 성공: 
                SELECT t.table_id 
              ...
2025-09-14 14:54:50,589 - SourceAnalyzer - DEBUG - logger.py:65 - 쿼리 실행 성공: 
                SELECT t.table_id 
              ...
2025-09-14 14:54:50,589 - SourceAnalyzer - DEBUG - logger.py:65 - 쿼리 실행 성공: 
                SELECT t.table_id 
              ...
2025-09-14 14:54:50,589 - SourceAnalyzer - DEBUG - logger.py:65 - 쿼리 실행 성공: 
                SELECT t.table_id 
              ...
2025-09-14 14:54:50,589 - SourceAnalyzer - DEBUG - logger.py:65 - 쿼리 실행 성공: 
                SELECT t.table_id 
              ...
2025-09-14 14:54:50,589 - SourceAnalyzer - DEBUG - logger.py:65 - 쿼리 실행 성공: 
                SELECT t.table_id 
              ...
2025-09-14 14:54:50,589 - SourceAnalyzer - DEBUG - logger.py:65 - 쿼리 실행 성공: 
                SELECT t.table_id 
              ...
2025-09-14 14:54:50,589 - SourceAnalyzer - DEBUG - logger.py:65 - 쿼리 실행 성공: 
                SELECT t.table_id 
              ...
2025-09-14 14:54:50,589 - SourceAnalyzer - DEBUG - logger.py:65 - 쿼리 실행 성공: 
                SELECT t.table_id 
              ...
2025-09-14 14:54:50,590 - SourceAnalyzer - DEBUG - logger.py:65 - 쿼리 실행 성공: 
                SELECT t.table_id 
              ...
2025-09-14 14:54:50,590 - SourceAnalyzer - DEBUG - logger.py:65 - 쿼리 실행 성공: 
                SELECT t.table_id 
              ...
2025-09-14 14:54:50,590 - SourceAnalyzer - DEBUG - logger.py:65 - 쿼리 실행 성공: 
                SELECT t.table_id 
              ...
2025-09-14 14:54:50,590 - SourceAnalyzer - DEBUG - logger.py:65 - 쿼리 실행 성공: 
                SELECT t.table_id 
              ...
2025-09-14 14:54:50,590 - SourceAnalyzer - DEBUG - logger.py:65 - 쿼리 실행 성공: 
                SELECT t.table_id 
              ...
2025-09-14 14:54:50,590 - SourceAnalyzer - DEBUG - logger.py:65 - 쿼리 실행 성공: 
                SELECT t.table_id 
              ...
2025-09-14 14:54:50,590 - SourceAnalyzer - DEBUG - logger.py:65 - 쿼리 실행 성공: 
                SELECT t.table_id 
              ...
2025-09-14 14:54:50,590 - SourceAnalyzer - DEBUG - logger.py:65 - 쿼리 실행 성공: 
                SELECT t.table_id 
              ...
2025-09-14 14:54:50,590 - SourceAnalyzer - DEBUG - logger.py:65 - 쿼리 실행 성공: 
                SELECT t.table_id 
              ...
2025-09-14 14:54:50,590 - SourceAnalyzer - DEBUG - logger.py:65 - 쿼리 실행 성공: 
                SELECT t.table_id 
              ...
2025-09-14 14:54:50,590 - SourceAnalyzer - DEBUG - logger.py:65 - 쿼리 실행 성공: 
                SELECT t.table_id 
              ...
2025-09-14 14:54:50,590 - SourceAnalyzer - DEBUG - logger.py:65 - 쿼리 실행 성공: 
                SELECT t.table_id 
              ...
2025-09-14 14:54:50,590 - SourceAnalyzer - DEBUG - logger.py:65 - 쿼리 실행 성공: 
                SELECT t.table_id 
              ...
2025-09-14 14:54:50,590 - SourceAnalyzer - DEBUG - logger.py:65 - 쿼리 실행 성공: 
                SELECT t.table_id 
              ...
2025-09-14 14:54:50,591 - SourceAnalyzer - DEBUG - logger.py:65 - 배치 쿼리 실행 성공: 
            INSERT OR IGNORE INTO columns (table_..., 처리된 행: 91
2025-09-14 14:54:50,591 - SourceAnalyzer - INFO - logger.py:73 - 컬럼 정보 저장 완료: 91개 컬럼 (오류: 0개)
2025-09-14 14:54:50,591 - SourceAnalyzer - DEBUG - logger.py:65 - 쿼리 실행 성공: 
                SELECT f.file_id 
               ...
2025-09-14 14:54:50,591 - SourceAnalyzer - DEBUG - logger.py:65 - 쿼리 실행 성공: 
                SELECT table_id, table_name, tabl...
2025-09-14 14:54:50,591 - SourceAnalyzer - DEBUG - logger.py:65 - 배치 쿼리 실행 성공: 
            INSERT OR IGNORE INTO components (pro..., 처리된 행: 16
2025-09-14 14:54:50,592 - SourceAnalyzer - INFO - logger.py:73 - 테이블 컴포넌트 생성 완료: 16개
2025-09-14 14:54:50,592 - SourceAnalyzer - DEBUG - logger.py:65 - 업데이트 쿼리 실행 성공: 
                UPDATE tables 
                SE..., 영향받은 행: 16
2025-09-14 14:54:50,592 - SourceAnalyzer - DEBUG - logger.py:65 - 테이블 component_id 업데이트 완료
2025-09-14 14:54:50,592 - SourceAnalyzer - DEBUG - logger.py:65 - 쿼리 실행 성공: 
                SELECT f.file_id 
               ...
2025-09-14 14:54:50,592 - SourceAnalyzer - DEBUG - logger.py:65 - 쿼리 실행 성공: 
                SELECT c.column_id, c.column_name...
2025-09-14 14:54:50,592 - SourceAnalyzer - DEBUG - logger.py:65 - 쿼리 실행 성공: 
                    SELECT t.component_id 
      ...
2025-09-14 14:54:50,592 - SourceAnalyzer - DEBUG - logger.py:65 - 쿼리 실행 성공: 
                    SELECT t.component_id 
      ...
2025-09-14 14:54:50,593 - SourceAnalyzer - DEBUG - logger.py:65 - 쿼리 실행 성공: 
                    SELECT t.component_id 
      ...
2025-09-14 14:54:50,593 - SourceAnalyzer - DEBUG - logger.py:65 - 쿼리 실행 성공: 
                    SELECT t.component_id 
      ...
2025-09-14 14:54:50,593 - SourceAnalyzer - DEBUG - logger.py:65 - 쿼리 실행 성공: 
                    SELECT t.component_id 
      ...
2025-09-14 14:54:50,593 - SourceAnalyzer - DEBUG - logger.py:65 - 쿼리 실행 성공: 
                    SELECT t.component_id 
      ...
2025-09-14 14:54:50,593 - SourceAnalyzer - DEBUG - logger.py:65 - 쿼리 실행 성공: 
                    SELECT t.component_id 
      ...
2025-09-14 14:54:50,593 - SourceAnalyzer - DEBUG - logger.py:65 - 쿼리 실행 성공: 
                    SELECT t.component_id 
      ...
2025-09-14 14:54:50,593 - SourceAnalyzer - DEBUG - logger.py:65 - 쿼리 실행 성공: 
                    SELECT t.component_id 
      ...
2025-09-14 14:54:50,593 - SourceAnalyzer - DEBUG - logger.py:65 - 쿼리 실행 성공: 
                    SELECT t.component_id 
      ...
2025-09-14 14:54:50,593 - SourceAnalyzer - DEBUG - logger.py:65 - 쿼리 실행 성공: 
                    SELECT t.component_id 
      ...
2025-09-14 14:54:50,593 - SourceAnalyzer - DEBUG - logger.py:65 - 쿼리 실행 성공: 
                    SELECT t.component_id 
      ...
2025-09-14 14:54:50,593 - SourceAnalyzer - DEBUG - logger.py:65 - 쿼리 실행 성공: 
                    SELECT t.component_id 
      ...
2025-09-14 14:54:50,593 - SourceAnalyzer - DEBUG - logger.py:65 - 쿼리 실행 성공: 
                    SELECT t.component_id 
      ...
2025-09-14 14:54:50,593 - SourceAnalyzer - DEBUG - logger.py:65 - 쿼리 실행 성공: 
                    SELECT t.component_id 
      ...
2025-09-14 14:54:50,593 - SourceAnalyzer - DEBUG - logger.py:65 - 쿼리 실행 성공: 
                    SELECT t.component_id 
      ...
2025-09-14 14:54:50,593 - SourceAnalyzer - DEBUG - logger.py:65 - 쿼리 실행 성공: 
                    SELECT t.component_id 
      ...
2025-09-14 14:54:50,593 - SourceAnalyzer - DEBUG - logger.py:65 - 쿼리 실행 성공: 
                    SELECT t.component_id 
      ...
2025-09-14 14:54:50,593 - SourceAnalyzer - DEBUG - logger.py:65 - 쿼리 실행 성공: 
                    SELECT t.component_id 
      ...
2025-09-14 14:54:50,593 - SourceAnalyzer - DEBUG - logger.py:65 - 쿼리 실행 성공: 
                    SELECT t.component_id 
      ...
2025-09-14 14:54:50,593 - SourceAnalyzer - DEBUG - logger.py:65 - 쿼리 실행 성공: 
                    SELECT t.component_id 
      ...
2025-09-14 14:54:50,594 - SourceAnalyzer - DEBUG - logger.py:65 - 쿼리 실행 성공: 
                    SELECT t.component_id 
      ...
2025-09-14 14:54:50,594 - SourceAnalyzer - DEBUG - logger.py:65 - 쿼리 실행 성공: 
                    SELECT t.component_id 
      ...
2025-09-14 14:54:50,594 - SourceAnalyzer - DEBUG - logger.py:65 - 쿼리 실행 성공: 
                    SELECT t.component_id 
      ...
2025-09-14 14:54:50,594 - SourceAnalyzer - DEBUG - logger.py:65 - 쿼리 실행 성공: 
                    SELECT t.component_id 
      ...
2025-09-14 14:54:50,594 - SourceAnalyzer - DEBUG - logger.py:65 - 쿼리 실행 성공: 
                    SELECT t.component_id 
      ...
2025-09-14 14:54:50,594 - SourceAnalyzer - DEBUG - logger.py:65 - 쿼리 실행 성공: 
                    SELECT t.component_id 
      ...
2025-09-14 14:54:50,594 - SourceAnalyzer - DEBUG - logger.py:65 - 쿼리 실행 성공: 
                    SELECT t.component_id 
      ...
2025-09-14 14:54:50,594 - SourceAnalyzer - DEBUG - logger.py:65 - 쿼리 실행 성공: 
                    SELECT t.component_id 
      ...
2025-09-14 14:54:50,594 - SourceAnalyzer - DEBUG - logger.py:65 - 쿼리 실행 성공: 
                    SELECT t.component_id 
      ...
2025-09-14 14:54:50,594 - SourceAnalyzer - DEBUG - logger.py:65 - 쿼리 실행 성공: 
                    SELECT t.component_id 
      ...
2025-09-14 14:54:50,594 - SourceAnalyzer - DEBUG - logger.py:65 - 쿼리 실행 성공: 
                    SELECT t.component_id 
      ...
2025-09-14 14:54:50,594 - SourceAnalyzer - DEBUG - logger.py:65 - 쿼리 실행 성공: 
                    SELECT t.component_id 
      ...
2025-09-14 14:54:50,594 - SourceAnalyzer - DEBUG - logger.py:65 - 쿼리 실행 성공: 
                    SELECT t.component_id 
      ...
2025-09-14 14:54:50,594 - SourceAnalyzer - DEBUG - logger.py:65 - 쿼리 실행 성공: 
                    SELECT t.component_id 
      ...
2025-09-14 14:54:50,594 - SourceAnalyzer - DEBUG - logger.py:65 - 쿼리 실행 성공: 
                    SELECT t.component_id 
      ...
2025-09-14 14:54:50,594 - SourceAnalyzer - DEBUG - logger.py:65 - 쿼리 실행 성공: 
                    SELECT t.component_id 
      ...
2025-09-14 14:54:50,594 - SourceAnalyzer - DEBUG - logger.py:65 - 쿼리 실행 성공: 
                    SELECT t.component_id 
      ...
2025-09-14 14:54:50,594 - SourceAnalyzer - DEBUG - logger.py:65 - 쿼리 실행 성공: 
                    SELECT t.component_id 
      ...
2025-09-14 14:54:50,594 - SourceAnalyzer - DEBUG - logger.py:65 - 쿼리 실행 성공: 
                    SELECT t.component_id 
      ...
2025-09-14 14:54:50,594 - SourceAnalyzer - DEBUG - logger.py:65 - 쿼리 실행 성공: 
                    SELECT t.component_id 
      ...
2025-09-14 14:54:50,595 - SourceAnalyzer - DEBUG - logger.py:65 - 쿼리 실행 성공: 
                    SELECT t.component_id 
      ...
2025-09-14 14:54:50,595 - SourceAnalyzer - DEBUG - logger.py:65 - 쿼리 실행 성공: 
                    SELECT t.component_id 
      ...
2025-09-14 14:54:50,595 - SourceAnalyzer - DEBUG - logger.py:65 - 쿼리 실행 성공: 
                    SELECT t.component_id 
      ...
2025-09-14 14:54:50,595 - SourceAnalyzer - DEBUG - logger.py:65 - 쿼리 실행 성공: 
                    SELECT t.component_id 
      ...
2025-09-14 14:54:50,595 - SourceAnalyzer - DEBUG - logger.py:65 - 쿼리 실행 성공: 
                    SELECT t.component_id 
      ...
2025-09-14 14:54:50,595 - SourceAnalyzer - DEBUG - logger.py:65 - 쿼리 실행 성공: 
                    SELECT t.component_id 
      ...
2025-09-14 14:54:50,595 - SourceAnalyzer - DEBUG - logger.py:65 - 쿼리 실행 성공: 
                    SELECT t.component_id 
      ...
2025-09-14 14:54:50,595 - SourceAnalyzer - DEBUG - logger.py:65 - 쿼리 실행 성공: 
                    SELECT t.component_id 
      ...
2025-09-14 14:54:50,595 - SourceAnalyzer - DEBUG - logger.py:65 - 쿼리 실행 성공: 
                    SELECT t.component_id 
      ...
2025-09-14 14:54:50,595 - SourceAnalyzer - DEBUG - logger.py:65 - 쿼리 실행 성공: 
                    SELECT t.component_id 
      ...
2025-09-14 14:54:50,595 - SourceAnalyzer - DEBUG - logger.py:65 - 쿼리 실행 성공: 
                    SELECT t.component_id 
      ...
2025-09-14 14:54:50,595 - SourceAnalyzer - DEBUG - logger.py:65 - 쿼리 실행 성공: 
                    SELECT t.component_id 
      ...
2025-09-14 14:54:50,595 - SourceAnalyzer - DEBUG - logger.py:65 - 쿼리 실행 성공: 
                    SELECT t.component_id 
      ...
2025-09-14 14:54:50,595 - SourceAnalyzer - DEBUG - logger.py:65 - 쿼리 실행 성공: 
                    SELECT t.component_id 
      ...
2025-09-14 14:54:50,595 - SourceAnalyzer - DEBUG - logger.py:65 - 쿼리 실행 성공: 
                    SELECT t.component_id 
      ...
2025-09-14 14:54:50,597 - SourceAnalyzer - DEBUG - logger.py:65 - 쿼리 실행 성공: 
                    SELECT t.component_id 
      ...
2025-09-14 14:54:50,597 - SourceAnalyzer - DEBUG - logger.py:65 - 쿼리 실행 성공: 
                    SELECT t.component_id 
      ...
2025-09-14 14:54:50,597 - SourceAnalyzer - DEBUG - logger.py:65 - 쿼리 실행 성공: 
                    SELECT t.component_id 
      ...
2025-09-14 14:54:50,597 - SourceAnalyzer - DEBUG - logger.py:65 - 쿼리 실행 성공: 
                    SELECT t.component_id 
      ...
2025-09-14 14:54:50,597 - SourceAnalyzer - DEBUG - logger.py:65 - 쿼리 실행 성공: 
                    SELECT t.component_id 
      ...
2025-09-14 14:54:50,598 - SourceAnalyzer - DEBUG - logger.py:65 - 쿼리 실행 성공: 
                    SELECT t.component_id 
      ...
2025-09-14 14:54:50,598 - SourceAnalyzer - DEBUG - logger.py:65 - 쿼리 실행 성공: 
                    SELECT t.component_id 
      ...
2025-09-14 14:54:50,598 - SourceAnalyzer - DEBUG - logger.py:65 - 쿼리 실행 성공: 
                    SELECT t.component_id 
      ...
2025-09-14 14:54:50,598 - SourceAnalyzer - DEBUG - logger.py:65 - 쿼리 실행 성공: 
                    SELECT t.component_id 
      ...
2025-09-14 14:54:50,598 - SourceAnalyzer - DEBUG - logger.py:65 - 쿼리 실행 성공: 
                    SELECT t.component_id 
      ...
2025-09-14 14:54:50,598 - SourceAnalyzer - DEBUG - logger.py:65 - 쿼리 실행 성공: 
                    SELECT t.component_id 
      ...
2025-09-14 14:54:50,598 - SourceAnalyzer - DEBUG - logger.py:65 - 쿼리 실행 성공: 
                    SELECT t.component_id 
      ...
2025-09-14 14:54:50,598 - SourceAnalyzer - DEBUG - logger.py:65 - 쿼리 실행 성공: 
                    SELECT t.component_id 
      ...
2025-09-14 14:54:50,598 - SourceAnalyzer - DEBUG - logger.py:65 - 쿼리 실행 성공: 
                    SELECT t.component_id 
      ...
2025-09-14 14:54:50,598 - SourceAnalyzer - DEBUG - logger.py:65 - 쿼리 실행 성공: 
                    SELECT t.component_id 
      ...
2025-09-14 14:54:50,598 - SourceAnalyzer - DEBUG - logger.py:65 - 쿼리 실행 성공: 
                    SELECT t.component_id 
      ...
2025-09-14 14:54:50,598 - SourceAnalyzer - DEBUG - logger.py:65 - 쿼리 실행 성공: 
                    SELECT t.component_id 
      ...
2025-09-14 14:54:50,598 - SourceAnalyzer - DEBUG - logger.py:65 - 쿼리 실행 성공: 
                    SELECT t.component_id 
      ...
2025-09-14 14:54:50,598 - SourceAnalyzer - DEBUG - logger.py:65 - 쿼리 실행 성공: 
                    SELECT t.component_id 
      ...
2025-09-14 14:54:50,598 - SourceAnalyzer - DEBUG - logger.py:65 - 쿼리 실행 성공: 
                    SELECT t.component_id 
      ...
2025-09-14 14:54:50,598 - SourceAnalyzer - DEBUG - logger.py:65 - 쿼리 실행 성공: 
                    SELECT t.component_id 
      ...
2025-09-14 14:54:50,598 - SourceAnalyzer - DEBUG - logger.py:65 - 쿼리 실행 성공: 
                    SELECT t.component_id 
      ...
2025-09-14 14:54:50,598 - SourceAnalyzer - DEBUG - logger.py:65 - 쿼리 실행 성공: 
                    SELECT t.component_id 
      ...
2025-09-14 14:54:50,598 - SourceAnalyzer - DEBUG - logger.py:65 - 쿼리 실행 성공: 
                    SELECT t.component_id 
      ...
2025-09-14 14:54:50,598 - SourceAnalyzer - DEBUG - logger.py:65 - 쿼리 실행 성공: 
                    SELECT t.component_id 
      ...
2025-09-14 14:54:50,598 - SourceAnalyzer - DEBUG - logger.py:65 - 쿼리 실행 성공: 
                    SELECT t.component_id 
      ...
2025-09-14 14:54:50,599 - SourceAnalyzer - DEBUG - logger.py:65 - 쿼리 실행 성공: 
                    SELECT t.component_id 
      ...
2025-09-14 14:54:50,599 - SourceAnalyzer - DEBUG - logger.py:65 - 쿼리 실행 성공: 
                    SELECT t.component_id 
      ...
2025-09-14 14:54:50,599 - SourceAnalyzer - DEBUG - logger.py:65 - 쿼리 실행 성공: 
                    SELECT t.component_id 
      ...
2025-09-14 14:54:50,599 - SourceAnalyzer - DEBUG - logger.py:65 - 쿼리 실행 성공: 
                    SELECT t.component_id 
      ...
2025-09-14 14:54:50,599 - SourceAnalyzer - DEBUG - logger.py:65 - 쿼리 실행 성공: 
                    SELECT t.component_id 
      ...
2025-09-14 14:54:50,599 - SourceAnalyzer - DEBUG - logger.py:65 - 쿼리 실행 성공: 
                    SELECT t.component_id 
      ...
2025-09-14 14:54:50,599 - SourceAnalyzer - DEBUG - logger.py:65 - 쿼리 실행 성공: 
                    SELECT t.component_id 
      ...
2025-09-14 14:54:50,599 - SourceAnalyzer - DEBUG - logger.py:65 - 쿼리 실행 성공: 
                    SELECT t.component_id 
      ...
2025-09-14 14:54:50,599 - SourceAnalyzer - DEBUG - logger.py:65 - 쿼리 실행 성공: 
                    SELECT t.component_id 
      ...
2025-09-14 14:54:50,600 - SourceAnalyzer - DEBUG - logger.py:65 - 배치 쿼리 실행 성공: 
            INSERT OR IGNORE INTO components (pro..., 처리된 행: 91
2025-09-14 14:54:50,600 - SourceAnalyzer - INFO - logger.py:73 - 컬럼 컴포넌트 생성 완료: 91개
2025-09-14 14:54:50,600 - SourceAnalyzer - DEBUG - logger.py:65 - 쿼리 실행 성공: 
                SELECT component_id FROM componen...
2025-09-14 14:54:50,600 - SourceAnalyzer - DEBUG - logger.py:65 - 쿼리 실행 성공: 
                SELECT component_id FROM componen...
2025-09-14 14:54:50,600 - SourceAnalyzer - DEBUG - logger.py:65 - 쿼리 실행 성공: 
                SELECT component_id FROM componen...
2025-09-14 14:54:50,600 - SourceAnalyzer - DEBUG - logger.py:65 - 쿼리 실행 성공: 
                SELECT component_id FROM componen...
2025-09-14 14:54:50,600 - SourceAnalyzer - DEBUG - logger.py:65 - 쿼리 실행 성공: 
                SELECT component_id FROM componen...
2025-09-14 14:54:50,600 - SourceAnalyzer - DEBUG - logger.py:65 - 쿼리 실행 성공: 
                SELECT component_id FROM componen...
2025-09-14 14:54:50,600 - SourceAnalyzer - DEBUG - logger.py:65 - 쿼리 실행 성공: 
                SELECT component_id FROM componen...
2025-09-14 14:54:50,600 - SourceAnalyzer - DEBUG - logger.py:65 - 쿼리 실행 성공: 
                SELECT component_id FROM componen...
2025-09-14 14:54:50,600 - SourceAnalyzer - DEBUG - logger.py:65 - 쿼리 실행 성공: 
                SELECT component_id FROM componen...
2025-09-14 14:54:50,600 - SourceAnalyzer - DEBUG - logger.py:65 - 쿼리 실행 성공: 
                SELECT component_id FROM componen...
2025-09-14 14:54:50,600 - SourceAnalyzer - DEBUG - logger.py:65 - 쿼리 실행 성공: 
                SELECT component_id FROM componen...
2025-09-14 14:54:50,600 - SourceAnalyzer - DEBUG - logger.py:65 - 쿼리 실행 성공: 
                SELECT component_id FROM componen...
2025-09-14 14:54:50,600 - SourceAnalyzer - DEBUG - logger.py:65 - 쿼리 실행 성공: 
                SELECT component_id FROM componen...
2025-09-14 14:54:50,600 - SourceAnalyzer - DEBUG - logger.py:65 - 쿼리 실행 성공: 
                SELECT component_id FROM componen...
2025-09-14 14:54:50,600 - SourceAnalyzer - DEBUG - logger.py:65 - 쿼리 실행 성공: 
                SELECT component_id FROM componen...
2025-09-14 14:54:50,601 - SourceAnalyzer - DEBUG - logger.py:65 - 쿼리 실행 성공: 
                SELECT component_id FROM componen...
2025-09-14 14:54:50,601 - SourceAnalyzer - DEBUG - logger.py:65 - 쿼리 실행 성공: 
                SELECT component_id FROM componen...
2025-09-14 14:54:50,601 - SourceAnalyzer - DEBUG - logger.py:65 - 쿼리 실행 성공: 
                SELECT component_id FROM componen...
2025-09-14 14:54:50,601 - SourceAnalyzer - DEBUG - logger.py:65 - 쿼리 실행 성공: 
                SELECT component_id FROM componen...
2025-09-14 14:54:50,601 - SourceAnalyzer - DEBUG - logger.py:65 - 쿼리 실행 성공: 
                SELECT component_id FROM componen...
2025-09-14 14:54:50,601 - SourceAnalyzer - DEBUG - logger.py:65 - 쿼리 실행 성공: 
                SELECT component_id FROM componen...
2025-09-14 14:54:50,601 - SourceAnalyzer - DEBUG - logger.py:65 - 쿼리 실행 성공: 
                SELECT component_id FROM componen...
2025-09-14 14:54:50,601 - SourceAnalyzer - DEBUG - logger.py:65 - 쿼리 실행 성공: 
                SELECT component_id FROM componen...
2025-09-14 14:54:50,601 - SourceAnalyzer - DEBUG - logger.py:65 - 쿼리 실행 성공: 
                SELECT component_id FROM componen...
2025-09-14 14:54:50,601 - SourceAnalyzer - DEBUG - logger.py:65 - 쿼리 실행 성공: 
                SELECT component_id FROM componen...
2025-09-14 14:54:50,601 - SourceAnalyzer - DEBUG - logger.py:65 - 쿼리 실행 성공: 
                SELECT component_id FROM componen...
2025-09-14 14:54:50,601 - SourceAnalyzer - DEBUG - logger.py:65 - 쿼리 실행 성공: 
                SELECT component_id FROM componen...
2025-09-14 14:54:50,601 - SourceAnalyzer - DEBUG - logger.py:65 - 쿼리 실행 성공: 
                SELECT component_id FROM componen...
2025-09-14 14:54:50,601 - SourceAnalyzer - DEBUG - logger.py:65 - 쿼리 실행 성공: 
                SELECT component_id FROM componen...
2025-09-14 14:54:50,601 - SourceAnalyzer - DEBUG - logger.py:65 - 쿼리 실행 성공: 
                SELECT component_id FROM componen...
2025-09-14 14:54:50,601 - SourceAnalyzer - DEBUG - logger.py:65 - 쿼리 실행 성공: 
                SELECT component_id FROM componen...
2025-09-14 14:54:50,601 - SourceAnalyzer - DEBUG - logger.py:65 - 쿼리 실행 성공: 
                SELECT component_id FROM componen...
2025-09-14 14:54:50,601 - SourceAnalyzer - DEBUG - logger.py:65 - 쿼리 실행 성공: 
                SELECT component_id FROM componen...
2025-09-14 14:54:50,601 - SourceAnalyzer - DEBUG - logger.py:65 - 쿼리 실행 성공: 
                SELECT component_id FROM componen...
2025-09-14 14:54:50,601 - SourceAnalyzer - DEBUG - logger.py:65 - 쿼리 실행 성공: 
                SELECT component_id FROM componen...
2025-09-14 14:54:50,601 - SourceAnalyzer - DEBUG - logger.py:65 - 쿼리 실행 성공: 
                SELECT component_id FROM componen...
2025-09-14 14:54:50,602 - SourceAnalyzer - DEBUG - logger.py:65 - 쿼리 실행 성공: 
                SELECT component_id FROM componen...
2025-09-14 14:54:50,602 - SourceAnalyzer - DEBUG - logger.py:65 - 쿼리 실행 성공: 
                SELECT component_id FROM componen...
2025-09-14 14:54:50,602 - SourceAnalyzer - DEBUG - logger.py:65 - 쿼리 실행 성공: 
                SELECT component_id FROM componen...
2025-09-14 14:54:50,602 - SourceAnalyzer - DEBUG - logger.py:65 - 쿼리 실행 성공: 
                SELECT component_id FROM componen...
2025-09-14 14:54:50,602 - SourceAnalyzer - DEBUG - logger.py:65 - 쿼리 실행 성공: 
                SELECT component_id FROM componen...
2025-09-14 14:54:50,602 - SourceAnalyzer - DEBUG - logger.py:65 - 쿼리 실행 성공: 
                SELECT component_id FROM componen...
2025-09-14 14:54:50,602 - SourceAnalyzer - DEBUG - logger.py:65 - 쿼리 실행 성공: 
                SELECT component_id FROM componen...
2025-09-14 14:54:50,602 - SourceAnalyzer - DEBUG - logger.py:65 - 쿼리 실행 성공: 
                SELECT component_id FROM componen...
2025-09-14 14:54:50,602 - SourceAnalyzer - DEBUG - logger.py:65 - 쿼리 실행 성공: 
                SELECT component_id FROM componen...
2025-09-14 14:54:50,602 - SourceAnalyzer - DEBUG - logger.py:65 - 쿼리 실행 성공: 
                SELECT component_id FROM componen...
2025-09-14 14:54:50,602 - SourceAnalyzer - DEBUG - logger.py:65 - 쿼리 실행 성공: 
                SELECT component_id FROM componen...
2025-09-14 14:54:50,602 - SourceAnalyzer - DEBUG - logger.py:65 - 쿼리 실행 성공: 
                SELECT component_id FROM componen...
2025-09-14 14:54:50,602 - SourceAnalyzer - DEBUG - logger.py:65 - 쿼리 실행 성공: 
                SELECT component_id FROM componen...
2025-09-14 14:54:50,602 - SourceAnalyzer - DEBUG - logger.py:65 - 쿼리 실행 성공: 
                SELECT component_id FROM componen...
2025-09-14 14:54:50,603 - SourceAnalyzer - DEBUG - logger.py:65 - 쿼리 실행 성공: 
                SELECT component_id FROM componen...
2025-09-14 14:54:50,603 - SourceAnalyzer - DEBUG - logger.py:65 - 쿼리 실행 성공: 
                SELECT component_id FROM componen...
2025-09-14 14:54:50,603 - SourceAnalyzer - DEBUG - logger.py:65 - 쿼리 실행 성공: 
                SELECT component_id FROM componen...
2025-09-14 14:54:50,603 - SourceAnalyzer - DEBUG - logger.py:65 - 쿼리 실행 성공: 
                SELECT component_id FROM componen...
2025-09-14 14:54:50,603 - SourceAnalyzer - DEBUG - logger.py:65 - 쿼리 실행 성공: 
                SELECT component_id FROM componen...
2025-09-14 14:54:50,603 - SourceAnalyzer - DEBUG - logger.py:65 - 쿼리 실행 성공: 
                SELECT component_id FROM componen...
2025-09-14 14:54:50,603 - SourceAnalyzer - DEBUG - logger.py:65 - 쿼리 실행 성공: 
                SELECT component_id FROM componen...
2025-09-14 14:54:50,603 - SourceAnalyzer - DEBUG - logger.py:65 - 쿼리 실행 성공: 
                SELECT component_id FROM componen...
2025-09-14 14:54:50,603 - SourceAnalyzer - DEBUG - logger.py:65 - 쿼리 실행 성공: 
                SELECT component_id FROM componen...
2025-09-14 14:54:50,603 - SourceAnalyzer - DEBUG - logger.py:65 - 쿼리 실행 성공: 
                SELECT component_id FROM componen...
2025-09-14 14:54:50,603 - SourceAnalyzer - DEBUG - logger.py:65 - 쿼리 실행 성공: 
                SELECT component_id FROM componen...
2025-09-14 14:54:50,603 - SourceAnalyzer - DEBUG - logger.py:65 - 쿼리 실행 성공: 
                SELECT component_id FROM componen...
2025-09-14 14:54:50,603 - SourceAnalyzer - DEBUG - logger.py:65 - 쿼리 실행 성공: 
                SELECT component_id FROM componen...
2025-09-14 14:54:50,603 - SourceAnalyzer - DEBUG - logger.py:65 - 쿼리 실행 성공: 
                SELECT component_id FROM componen...
2025-09-14 14:54:50,603 - SourceAnalyzer - DEBUG - logger.py:65 - 쿼리 실행 성공: 
                SELECT component_id FROM componen...
2025-09-14 14:54:50,603 - SourceAnalyzer - DEBUG - logger.py:65 - 쿼리 실행 성공: 
                SELECT component_id FROM componen...
2025-09-14 14:54:50,603 - SourceAnalyzer - DEBUG - logger.py:65 - 쿼리 실행 성공: 
                SELECT component_id FROM componen...
2025-09-14 14:54:50,603 - SourceAnalyzer - DEBUG - logger.py:65 - 쿼리 실행 성공: 
                SELECT component_id FROM componen...
2025-09-14 14:54:50,603 - SourceAnalyzer - DEBUG - logger.py:65 - 쿼리 실행 성공: 
                SELECT component_id FROM componen...
2025-09-14 14:54:50,603 - SourceAnalyzer - DEBUG - logger.py:65 - 쿼리 실행 성공: 
                SELECT component_id FROM componen...
2025-09-14 14:54:50,603 - SourceAnalyzer - DEBUG - logger.py:65 - 쿼리 실행 성공: 
                SELECT component_id FROM componen...
2025-09-14 14:54:50,604 - SourceAnalyzer - DEBUG - logger.py:65 - 쿼리 실행 성공: 
                SELECT component_id FROM componen...
2025-09-14 14:54:50,604 - SourceAnalyzer - DEBUG - logger.py:65 - 쿼리 실행 성공: 
                SELECT component_id FROM componen...
2025-09-14 14:54:50,604 - SourceAnalyzer - DEBUG - logger.py:65 - 쿼리 실행 성공: 
                SELECT component_id FROM componen...
2025-09-14 14:54:50,604 - SourceAnalyzer - DEBUG - logger.py:65 - 쿼리 실행 성공: 
                SELECT component_id FROM componen...
2025-09-14 14:54:50,604 - SourceAnalyzer - DEBUG - logger.py:65 - 쿼리 실행 성공: 
                SELECT component_id FROM componen...
2025-09-14 14:54:50,604 - SourceAnalyzer - DEBUG - logger.py:65 - 쿼리 실행 성공: 
                SELECT component_id FROM componen...
2025-09-14 14:54:50,604 - SourceAnalyzer - DEBUG - logger.py:65 - 쿼리 실행 성공: 
                SELECT component_id FROM componen...
2025-09-14 14:54:50,604 - SourceAnalyzer - DEBUG - logger.py:65 - 쿼리 실행 성공: 
                SELECT component_id FROM componen...
2025-09-14 14:54:50,604 - SourceAnalyzer - DEBUG - logger.py:65 - 쿼리 실행 성공: 
                SELECT component_id FROM componen...
2025-09-14 14:54:50,604 - SourceAnalyzer - DEBUG - logger.py:65 - 쿼리 실행 성공: 
                SELECT component_id FROM componen...
2025-09-14 14:54:50,604 - SourceAnalyzer - DEBUG - logger.py:65 - 쿼리 실행 성공: 
                SELECT component_id FROM componen...
2025-09-14 14:54:50,604 - SourceAnalyzer - DEBUG - logger.py:65 - 쿼리 실행 성공: 
                SELECT component_id FROM componen...
2025-09-14 14:54:50,604 - SourceAnalyzer - DEBUG - logger.py:65 - 쿼리 실행 성공: 
                SELECT component_id FROM componen...
2025-09-14 14:54:50,604 - SourceAnalyzer - DEBUG - logger.py:65 - 쿼리 실행 성공: 
                SELECT component_id FROM componen...
2025-09-14 14:54:50,604 - SourceAnalyzer - DEBUG - logger.py:65 - 쿼리 실행 성공: 
                SELECT component_id FROM componen...
2025-09-14 14:54:50,604 - SourceAnalyzer - DEBUG - logger.py:65 - 쿼리 실행 성공: 
                SELECT component_id FROM componen...
2025-09-14 14:54:50,604 - SourceAnalyzer - DEBUG - logger.py:65 - 쿼리 실행 성공: 
                SELECT component_id FROM componen...
2025-09-14 14:54:50,604 - SourceAnalyzer - DEBUG - logger.py:65 - 쿼리 실행 성공: 
                SELECT component_id FROM componen...
2025-09-14 14:54:50,604 - SourceAnalyzer - DEBUG - logger.py:65 - 쿼리 실행 성공: 
                SELECT component_id FROM componen...
2025-09-14 14:54:50,604 - SourceAnalyzer - DEBUG - logger.py:65 - 쿼리 실행 성공: 
                SELECT component_id FROM componen...
2025-09-14 14:54:50,605 - SourceAnalyzer - DEBUG - logger.py:65 - 업데이트 쿼리 실행 성공: 
            UPDATE columns
            SET compon..., 영향받은 행: 1
2025-09-14 14:54:50,605 - SourceAnalyzer - DEBUG - logger.py:65 - 업데이트 쿼리 실행 성공: 
            UPDATE columns
            SET compon..., 영향받은 행: 1
2025-09-14 14:54:50,605 - SourceAnalyzer - DEBUG - logger.py:65 - 업데이트 쿼리 실행 성공: 
            UPDATE columns
            SET compon..., 영향받은 행: 1
2025-09-14 14:54:50,605 - SourceAnalyzer - DEBUG - logger.py:65 - 업데이트 쿼리 실행 성공: 
            UPDATE columns
            SET compon..., 영향받은 행: 1
2025-09-14 14:54:50,605 - SourceAnalyzer - DEBUG - logger.py:65 - 업데이트 쿼리 실행 성공: 
            UPDATE columns
            SET compon..., 영향받은 행: 1
2025-09-14 14:54:50,605 - SourceAnalyzer - DEBUG - logger.py:65 - 업데이트 쿼리 실행 성공: 
            UPDATE columns
            SET compon..., 영향받은 행: 1
2025-09-14 14:54:50,605 - SourceAnalyzer - DEBUG - logger.py:65 - 업데이트 쿼리 실행 성공: 
            UPDATE columns
            SET compon..., 영향받은 행: 1
2025-09-14 14:54:50,605 - SourceAnalyzer - DEBUG - logger.py:65 - 업데이트 쿼리 실행 성공: 
            UPDATE columns
            SET compon..., 영향받은 행: 1
2025-09-14 14:54:50,605 - SourceAnalyzer - DEBUG - logger.py:65 - 업데이트 쿼리 실행 성공: 
            UPDATE columns
            SET compon..., 영향받은 행: 1
2025-09-14 14:54:50,605 - SourceAnalyzer - DEBUG - logger.py:65 - 업데이트 쿼리 실행 성공: 
            UPDATE columns
            SET compon..., 영향받은 행: 1
2025-09-14 14:54:50,605 - SourceAnalyzer - DEBUG - logger.py:65 - 업데이트 쿼리 실행 성공: 
            UPDATE columns
            SET compon..., 영향받은 행: 1
2025-09-14 14:54:50,605 - SourceAnalyzer - DEBUG - logger.py:65 - 업데이트 쿼리 실행 성공: 
            UPDATE columns
            SET compon..., 영향받은 행: 1
2025-09-14 14:54:50,606 - SourceAnalyzer - DEBUG - logger.py:65 - 업데이트 쿼리 실행 성공: 
            UPDATE columns
            SET compon..., 영향받은 행: 1
2025-09-14 14:54:50,606 - SourceAnalyzer - DEBUG - logger.py:65 - 업데이트 쿼리 실행 성공: 
            UPDATE columns
            SET compon..., 영향받은 행: 1
2025-09-14 14:54:50,606 - SourceAnalyzer - DEBUG - logger.py:65 - 업데이트 쿼리 실행 성공: 
            UPDATE columns
            SET compon..., 영향받은 행: 1
2025-09-14 14:54:50,606 - SourceAnalyzer - DEBUG - logger.py:65 - 업데이트 쿼리 실행 성공: 
            UPDATE columns
            SET compon..., 영향받은 행: 1
2025-09-14 14:54:50,606 - SourceAnalyzer - DEBUG - logger.py:65 - 업데이트 쿼리 실행 성공: 
            UPDATE columns
            SET compon..., 영향받은 행: 1
2025-09-14 14:54:50,606 - SourceAnalyzer - DEBUG - logger.py:65 - 업데이트 쿼리 실행 성공: 
            UPDATE columns
            SET compon..., 영향받은 행: 1
2025-09-14 14:54:50,606 - SourceAnalyzer - DEBUG - logger.py:65 - 업데이트 쿼리 실행 성공: 
            UPDATE columns
            SET compon..., 영향받은 행: 1
2025-09-14 14:54:50,606 - SourceAnalyzer - DEBUG - logger.py:65 - 업데이트 쿼리 실행 성공: 
            UPDATE columns
            SET compon..., 영향받은 행: 1
2025-09-14 14:54:50,606 - SourceAnalyzer - DEBUG - logger.py:65 - 업데이트 쿼리 실행 성공: 
            UPDATE columns
            SET compon..., 영향받은 행: 1
2025-09-14 14:54:50,606 - SourceAnalyzer - DEBUG - logger.py:65 - 업데이트 쿼리 실행 성공: 
            UPDATE columns
            SET compon..., 영향받은 행: 1
2025-09-14 14:54:50,606 - SourceAnalyzer - DEBUG - logger.py:65 - 업데이트 쿼리 실행 성공: 
            UPDATE columns
            SET compon..., 영향받은 행: 1
2025-09-14 14:54:50,606 - SourceAnalyzer - DEBUG - logger.py:65 - 업데이트 쿼리 실행 성공: 
            UPDATE columns
            SET compon..., 영향받은 행: 1
2025-09-14 14:54:50,607 - SourceAnalyzer - DEBUG - logger.py:65 - 업데이트 쿼리 실행 성공: 
            UPDATE columns
            SET compon..., 영향받은 행: 1
2025-09-14 14:54:50,607 - SourceAnalyzer - DEBUG - logger.py:65 - 업데이트 쿼리 실행 성공: 
            UPDATE columns
            SET compon..., 영향받은 행: 1
2025-09-14 14:54:50,607 - SourceAnalyzer - DEBUG - logger.py:65 - 업데이트 쿼리 실행 성공: 
            UPDATE columns
            SET compon..., 영향받은 행: 1
2025-09-14 14:54:50,607 - SourceAnalyzer - DEBUG - logger.py:65 - 업데이트 쿼리 실행 성공: 
            UPDATE columns
            SET compon..., 영향받은 행: 1
2025-09-14 14:54:50,607 - SourceAnalyzer - DEBUG - logger.py:65 - 업데이트 쿼리 실행 성공: 
            UPDATE columns
            SET compon..., 영향받은 행: 1
2025-09-14 14:54:50,607 - SourceAnalyzer - DEBUG - logger.py:65 - 업데이트 쿼리 실행 성공: 
            UPDATE columns
            SET compon..., 영향받은 행: 1
2025-09-14 14:54:50,607 - SourceAnalyzer - DEBUG - logger.py:65 - 업데이트 쿼리 실행 성공: 
            UPDATE columns
            SET compon..., 영향받은 행: 1
2025-09-14 14:54:50,607 - SourceAnalyzer - DEBUG - logger.py:65 - 업데이트 쿼리 실행 성공: 
            UPDATE columns
            SET compon..., 영향받은 행: 1
2025-09-14 14:54:50,607 - SourceAnalyzer - DEBUG - logger.py:65 - 업데이트 쿼리 실행 성공: 
            UPDATE columns
            SET compon..., 영향받은 행: 1
2025-09-14 14:54:50,607 - SourceAnalyzer - DEBUG - logger.py:65 - 업데이트 쿼리 실행 성공: 
            UPDATE columns
            SET compon..., 영향받은 행: 1
2025-09-14 14:54:50,607 - SourceAnalyzer - DEBUG - logger.py:65 - 업데이트 쿼리 실행 성공: 
            UPDATE columns
            SET compon..., 영향받은 행: 1
2025-09-14 14:54:50,607 - SourceAnalyzer - DEBUG - logger.py:65 - 업데이트 쿼리 실행 성공: 
            UPDATE columns
            SET compon..., 영향받은 행: 1
2025-09-14 14:54:50,607 - SourceAnalyzer - DEBUG - logger.py:65 - 업데이트 쿼리 실행 성공: 
            UPDATE columns
            SET compon..., 영향받은 행: 1
2025-09-14 14:54:50,607 - SourceAnalyzer - DEBUG - logger.py:65 - 업데이트 쿼리 실행 성공: 
            UPDATE columns
            SET compon..., 영향받은 행: 1
2025-09-14 14:54:50,608 - SourceAnalyzer - DEBUG - logger.py:65 - 업데이트 쿼리 실행 성공: 
            UPDATE columns
            SET compon..., 영향받은 행: 1
2025-09-14 14:54:50,608 - SourceAnalyzer - DEBUG - logger.py:65 - 업데이트 쿼리 실행 성공: 
            UPDATE columns
            SET compon..., 영향받은 행: 1
2025-09-14 14:54:50,608 - SourceAnalyzer - DEBUG - logger.py:65 - 업데이트 쿼리 실행 성공: 
            UPDATE columns
            SET compon..., 영향받은 행: 1
2025-09-14 14:54:50,608 - SourceAnalyzer - DEBUG - logger.py:65 - 업데이트 쿼리 실행 성공: 
            UPDATE columns
            SET compon..., 영향받은 행: 1
2025-09-14 14:54:50,608 - SourceAnalyzer - DEBUG - logger.py:65 - 업데이트 쿼리 실행 성공: 
            UPDATE columns
            SET compon..., 영향받은 행: 1
2025-09-14 14:54:50,608 - SourceAnalyzer - DEBUG - logger.py:65 - 업데이트 쿼리 실행 성공: 
            UPDATE columns
            SET compon..., 영향받은 행: 1
2025-09-14 14:54:50,608 - SourceAnalyzer - DEBUG - logger.py:65 - 업데이트 쿼리 실행 성공: 
            UPDATE columns
            SET compon..., 영향받은 행: 1
2025-09-14 14:54:50,608 - SourceAnalyzer - DEBUG - logger.py:65 - 업데이트 쿼리 실행 성공: 
            UPDATE columns
            SET compon..., 영향받은 행: 1
2025-09-14 14:54:50,608 - SourceAnalyzer - DEBUG - logger.py:65 - 업데이트 쿼리 실행 성공: 
            UPDATE columns
            SET compon..., 영향받은 행: 1
2025-09-14 14:54:50,608 - SourceAnalyzer - DEBUG - logger.py:65 - 업데이트 쿼리 실행 성공: 
            UPDATE columns
            SET compon..., 영향받은 행: 1
2025-09-14 14:54:50,608 - SourceAnalyzer - DEBUG - logger.py:65 - 업데이트 쿼리 실행 성공: 
            UPDATE columns
            SET compon..., 영향받은 행: 1
2025-09-14 14:54:50,608 - SourceAnalyzer - DEBUG - logger.py:65 - 업데이트 쿼리 실행 성공: 
            UPDATE columns
            SET compon..., 영향받은 행: 1
2025-09-14 14:54:50,609 - SourceAnalyzer - DEBUG - logger.py:65 - 업데이트 쿼리 실행 성공: 
            UPDATE columns
            SET compon..., 영향받은 행: 1
2025-09-14 14:54:50,609 - SourceAnalyzer - DEBUG - logger.py:65 - 업데이트 쿼리 실행 성공: 
            UPDATE columns
            SET compon..., 영향받은 행: 1
2025-09-14 14:54:50,609 - SourceAnalyzer - DEBUG - logger.py:65 - 업데이트 쿼리 실행 성공: 
            UPDATE columns
            SET compon..., 영향받은 행: 1
2025-09-14 14:54:50,609 - SourceAnalyzer - DEBUG - logger.py:65 - 업데이트 쿼리 실행 성공: 
            UPDATE columns
            SET compon..., 영향받은 행: 1
2025-09-14 14:54:50,609 - SourceAnalyzer - DEBUG - logger.py:65 - 업데이트 쿼리 실행 성공: 
            UPDATE columns
            SET compon..., 영향받은 행: 1
2025-09-14 14:54:50,609 - SourceAnalyzer - DEBUG - logger.py:65 - 업데이트 쿼리 실행 성공: 
            UPDATE columns
            SET compon..., 영향받은 행: 1
2025-09-14 14:54:50,609 - SourceAnalyzer - DEBUG - logger.py:65 - 업데이트 쿼리 실행 성공: 
            UPDATE columns
            SET compon..., 영향받은 행: 1
2025-09-14 14:54:50,609 - SourceAnalyzer - DEBUG - logger.py:65 - 업데이트 쿼리 실행 성공: 
            UPDATE columns
            SET compon..., 영향받은 행: 1
2025-09-14 14:54:50,609 - SourceAnalyzer - DEBUG - logger.py:65 - 업데이트 쿼리 실행 성공: 
            UPDATE columns
            SET compon..., 영향받은 행: 1
2025-09-14 14:54:50,609 - SourceAnalyzer - DEBUG - logger.py:65 - 업데이트 쿼리 실행 성공: 
            UPDATE columns
            SET compon..., 영향받은 행: 1
2025-09-14 14:54:50,609 - SourceAnalyzer - DEBUG - logger.py:65 - 업데이트 쿼리 실행 성공: 
            UPDATE columns
            SET compon..., 영향받은 행: 1
2025-09-14 14:54:50,609 - SourceAnalyzer - DEBUG - logger.py:65 - 업데이트 쿼리 실행 성공: 
            UPDATE columns
            SET compon..., 영향받은 행: 1
2025-09-14 14:54:50,609 - SourceAnalyzer - DEBUG - logger.py:65 - 업데이트 쿼리 실행 성공: 
            UPDATE columns
            SET compon..., 영향받은 행: 1
2025-09-14 14:54:50,610 - SourceAnalyzer - DEBUG - logger.py:65 - 업데이트 쿼리 실행 성공: 
            UPDATE columns
            SET compon..., 영향받은 행: 1
2025-09-14 14:54:50,610 - SourceAnalyzer - DEBUG - logger.py:65 - 업데이트 쿼리 실행 성공: 
            UPDATE columns
            SET compon..., 영향받은 행: 1
2025-09-14 14:54:50,610 - SourceAnalyzer - DEBUG - logger.py:65 - 업데이트 쿼리 실행 성공: 
            UPDATE columns
            SET compon..., 영향받은 행: 1
2025-09-14 14:54:50,610 - SourceAnalyzer - DEBUG - logger.py:65 - 업데이트 쿼리 실행 성공: 
            UPDATE columns
            SET compon..., 영향받은 행: 1
2025-09-14 14:54:50,610 - SourceAnalyzer - DEBUG - logger.py:65 - 업데이트 쿼리 실행 성공: 
            UPDATE columns
            SET compon..., 영향받은 행: 1
2025-09-14 14:54:50,610 - SourceAnalyzer - DEBUG - logger.py:65 - 업데이트 쿼리 실행 성공: 
            UPDATE columns
            SET compon..., 영향받은 행: 1
2025-09-14 14:54:50,610 - SourceAnalyzer - DEBUG - logger.py:65 - 업데이트 쿼리 실행 성공: 
            UPDATE columns
            SET compon..., 영향받은 행: 1
2025-09-14 14:54:50,610 - SourceAnalyzer - DEBUG - logger.py:65 - 업데이트 쿼리 실행 성공: 
            UPDATE columns
            SET compon..., 영향받은 행: 1
2025-09-14 14:54:50,610 - SourceAnalyzer - DEBUG - logger.py:65 - 업데이트 쿼리 실행 성공: 
            UPDATE columns
            SET compon..., 영향받은 행: 1
2025-09-14 14:54:50,610 - SourceAnalyzer - DEBUG - logger.py:65 - 업데이트 쿼리 실행 성공: 
            UPDATE columns
            SET compon..., 영향받은 행: 1
2025-09-14 14:54:50,610 - SourceAnalyzer - DEBUG - logger.py:65 - 업데이트 쿼리 실행 성공: 
            UPDATE columns
            SET compon..., 영향받은 행: 1
2025-09-14 14:54:50,610 - SourceAnalyzer - DEBUG - logger.py:65 - 업데이트 쿼리 실행 성공: 
            UPDATE columns
            SET compon..., 영향받은 행: 1
2025-09-14 14:54:50,610 - SourceAnalyzer - DEBUG - logger.py:65 - 업데이트 쿼리 실행 성공: 
            UPDATE columns
            SET compon..., 영향받은 행: 1
2025-09-14 14:54:50,611 - SourceAnalyzer - DEBUG - logger.py:65 - 업데이트 쿼리 실행 성공: 
            UPDATE columns
            SET compon..., 영향받은 행: 1
2025-09-14 14:54:50,611 - SourceAnalyzer - DEBUG - logger.py:65 - 업데이트 쿼리 실행 성공: 
            UPDATE columns
            SET compon..., 영향받은 행: 1
2025-09-14 14:54:50,611 - SourceAnalyzer - DEBUG - logger.py:65 - 업데이트 쿼리 실행 성공: 
            UPDATE columns
            SET compon..., 영향받은 행: 1
2025-09-14 14:54:50,611 - SourceAnalyzer - DEBUG - logger.py:65 - 업데이트 쿼리 실행 성공: 
            UPDATE columns
            SET compon..., 영향받은 행: 1
2025-09-14 14:54:50,611 - SourceAnalyzer - DEBUG - logger.py:65 - 업데이트 쿼리 실행 성공: 
            UPDATE columns
            SET compon..., 영향받은 행: 1
2025-09-14 14:54:50,611 - SourceAnalyzer - DEBUG - logger.py:65 - 업데이트 쿼리 실행 성공: 
            UPDATE columns
            SET compon..., 영향받은 행: 1
2025-09-14 14:54:50,611 - SourceAnalyzer - DEBUG - logger.py:65 - 업데이트 쿼리 실행 성공: 
            UPDATE columns
            SET compon..., 영향받은 행: 1
2025-09-14 14:54:50,611 - SourceAnalyzer - DEBUG - logger.py:65 - 업데이트 쿼리 실행 성공: 
            UPDATE columns
            SET compon..., 영향받은 행: 1
2025-09-14 14:54:50,611 - SourceAnalyzer - DEBUG - logger.py:65 - 업데이트 쿼리 실행 성공: 
            UPDATE columns
            SET compon..., 영향받은 행: 1
2025-09-14 14:54:50,611 - SourceAnalyzer - DEBUG - logger.py:65 - 업데이트 쿼리 실행 성공: 
            UPDATE columns
            SET compon..., 영향받은 행: 1
2025-09-14 14:54:50,611 - SourceAnalyzer - DEBUG - logger.py:65 - 업데이트 쿼리 실행 성공: 
            UPDATE columns
            SET compon..., 영향받은 행: 1
2025-09-14 14:54:50,611 - SourceAnalyzer - DEBUG - logger.py:65 - 업데이트 쿼리 실행 성공: 
            UPDATE columns
            SET compon..., 영향받은 행: 1
2025-09-14 14:54:50,611 - SourceAnalyzer - DEBUG - logger.py:65 - 업데이트 쿼리 실행 성공: 
            UPDATE columns
            SET compon..., 영향받은 행: 1
2025-09-14 14:54:50,611 - SourceAnalyzer - DEBUG - logger.py:65 - 업데이트 쿼리 실행 성공: 
            UPDATE columns
            SET compon..., 영향받은 행: 1
2025-09-14 14:54:50,612 - SourceAnalyzer - DEBUG - logger.py:65 - 업데이트 쿼리 실행 성공: 
            UPDATE columns
            SET compon..., 영향받은 행: 1
2025-09-14 14:54:50,612 - SourceAnalyzer - INFO - logger.py:73 - 컬럼 component_id 업데이트 완료: 91개
2025-09-14 14:54:50,612 - SourceAnalyzer - INFO - logger.py:73 - === 데이터베이스 구조 저장 통계 ===
2025-09-14 14:54:50,612 - SourceAnalyzer - INFO - logger.py:73 - 테이블 로드: 16 (오류: 0)
2025-09-14 14:54:50,612 - SourceAnalyzer - INFO - logger.py:73 - 컬럼 로드: 91 (오류: 0)
2025-09-14 14:54:50,612 - SourceAnalyzer - INFO - logger.py:73 - 컴포넌트 생성: 107 (오류: 0)
2025-09-14 14:54:50,612 - SourceAnalyzer - INFO - logger.py:73 - inferred 컬럼 생성: 0
2025-09-14 14:54:50,612 - SourceAnalyzer - INFO - logger.py:73 - 오류 없이 완료
2025-09-14 14:54:50,612 - SourceAnalyzer - INFO - logger.py:73 - === 데이터베이스 로딩 완료 ===
2025-09-14 14:54:50,612 - SourceAnalyzer - DEBUG - logger.py:65 - 데이터베이스 연결 해제: D:\Analyzer\CreateMetaDb\projects\sampleSrc\metadata.db
2025-09-14 14:54:50,612 - SourceAnalyzer - INFO - logger.py:73 - 2단계 완료: 데이터베이스 구조 저장 및 컴포넌트 생성
2025-09-14 14:54:50,612 - SourceAnalyzer - INFO - logger.py:73 - 3단계 실행: XML 파일 분석 및 SQL 컴포넌트 등록 + JOIN 관계 분석
2025-09-14 14:54:50,627 - SourceAnalyzer - ERROR - logger.py:141 - FATAL ERROR at <frozen importlib._bootstrap_external>:166 in _path_isfile()
Message: 프로그램 실행 중 오류 발생
Exception: RecursionError: maximum recursion depth exceeded
Stack Trace:
Traceback (most recent call last):
  File "D:\Analyzer\CreateMetaDb\main.py", line 124, in main
    from xml_loading import XmlLoadingEngine
  File "D:\Analyzer\CreateMetaDb\xml_loading.py", line 22, in <module>
    from parser.xml_parser import XmlParser
  File "D:\Analyzer\CreateMetaDb\parser\__init__.py", line 12, in <module>
    from .xml_parser import XmlParser
  File "D:\Analyzer\CreateMetaDb\parser\xml_parser.py", line 23, in <module>
    from .sax_fallback_parser import MyBatisSaxParser
  File "D:\Analyzer\CreateMetaDb\parser\sax_fallback_parser.py", line 14, in <module>
    import xml.sax
  File "C:\Python313\Lib\xml\sax\__init__.py", line 22, in <module>
    from .xmlreader import InputSource
  File "C:\Python313\Lib\xml\sax\xmlreader.py", line 4, in <module>
    from . import handler
  File "<frozen importlib._bootstrap>", line 1360, in _find_and_load
  File "<frozen importlib._bootstrap>", line 1322, in _find_and_load_unlocked
  File "<frozen importlib._bootstrap>", line 1262, in _find_spec
  File "<frozen importlib._bootstrap_external>", line 1559, in find_spec
  File "<frozen importlib._bootstrap_external>", line 1533, in _get_spec
  File "<frozen importlib._bootstrap_external>", line 1665, in find_spec
  File "<frozen importlib._bootstrap_external>", line 166, in _path_isfile
RecursionError: maximum recursion depth exceeded

