2025-09-13 18:42:23,646 - SourceAnalyzer - INFO - logger.py:68 - SourceAnalyzer 시작
2025-09-13 18:42:23,652 - SourceAnalyzer - DEBUG - logger.py:64 - 명령행 인자 파싱 완료: {'project_name': 'sampleSrc', 'clear_metadb': False, 'verbose': False, 'output_format': 'html', 'config_file': None, 'log_level': 'INFO', 'dry_run': False, 'force': False}
2025-09-13 18:42:23,653 - SourceAnalyzer - DEBUG - logger.py:64 - 인자 검증 성공
2025-09-13 18:42:23,653 - SourceAnalyzer - INFO - logger.py:68 - 분석 대상 프로젝트: sampleSrc
2025-09-13 18:42:23,653 - SourceAnalyzer - INFO - logger.py:68 - 분석 옵션:
2025-09-13 18:42:23,653 - SourceAnalyzer - INFO - logger.py:68 -   - 메타데이터베이스 초기화: False
2025-09-13 18:42:23,653 - SourceAnalyzer - INFO - logger.py:68 -   - 상세 로그: False
2025-09-13 18:42:23,653 - SourceAnalyzer - INFO - logger.py:68 -   - 출력 형식: html
2025-09-13 18:42:23,653 - SourceAnalyzer - INFO - logger.py:68 -   - 드라이런 모드: False
2025-09-13 18:42:23,653 - SourceAnalyzer - INFO - logger.py:68 -   - 강제 실행: False
2025-09-13 18:42:23,653 - SourceAnalyzer - INFO - logger.py:68 - 1단계 실행: 파일 정보 저장 (프로젝트 전체 스캔)
2025-09-13 18:42:23,654 - SourceAnalyzer - INFO - logger.py:68 - === 파일 스캔 시작: 파일 정보 저장 ===
2025-09-13 18:42:23,658 - SourceAnalyzer - DEBUG - logger.py:64 - 데이터베이스 연결 성공: D:\Analyzer\CreateMetaDb\projects\sampleSrc\metadata.db
2025-09-13 18:42:23,662 - SourceAnalyzer - DEBUG - logger.py:64 - SQL 스크립트 실행 성공: D:\Analyzer\CreateMetaDb\database\create_table_script.sql
2025-09-13 18:42:23,662 - SourceAnalyzer - INFO - logger.py:68 - 메타데이터베이스 초기화 완료: D:\Analyzer\CreateMetaDb\projects\sampleSrc\metadata.db
2025-09-13 18:42:23,662 - SourceAnalyzer - DEBUG - logger.py:64 - 쿼리 실행 성공: 
                SELECT COUNT(*) as count FROM pro...
2025-09-13 18:42:23,662 - SourceAnalyzer - DEBUG - logger.py:64 - 업데이트 쿼리 실행 성공: 
            INSERT INTO projects (project_name, p..., 영향받은 행: 1
2025-09-13 18:42:23,662 - SourceAnalyzer - DEBUG - logger.py:64 - 프로젝트 정보 저장/업데이트 완료: sampleSrc
2025-09-13 18:42:23,662 - SourceAnalyzer - INFO - logger.py:68 - 프로젝트 파일 스캔 시작: D:\Analyzer\CreateMetaDb\projects\sampleSrc
2025-09-13 18:42:23,681 - SourceAnalyzer - DEBUG - logger.py:64 - 디렉토리 스캔 완료: D:\Analyzer\CreateMetaDb\projects\sampleSrc, 파일 수: 41
2025-09-13 18:42:23,682 - SourceAnalyzer - DEBUG - logger.py:64 - 파일 읽기 성공: D:\Analyzer\CreateMetaDb\projects\sampleSrc\config\target_source_config.yaml
2025-09-13 18:42:23,687 - SourceAnalyzer - DEBUG - logger.py:64 - YAML 설정 파일 로드 성공: D:\Analyzer\CreateMetaDb\projects\sampleSrc\config\target_source_config.yaml
2025-09-13 18:42:23,690 - SourceAnalyzer - DEBUG - logger.py:64 - 파일 읽기 성공: D:\Analyzer\CreateMetaDb\projects\sampleSrc\config\target_source_config.yaml
2025-09-13 18:42:23,694 - SourceAnalyzer - DEBUG - logger.py:64 - YAML 설정 파일 로드 성공: D:\Analyzer\CreateMetaDb\projects\sampleSrc\config\target_source_config.yaml
2025-09-13 18:42:23,694 - SourceAnalyzer - DEBUG - logger.py:64 - 파일 읽기 성공: D:\Analyzer\CreateMetaDb\projects\sampleSrc\config\target_source_config.yaml
2025-09-13 18:42:23,698 - SourceAnalyzer - DEBUG - logger.py:64 - YAML 설정 파일 로드 성공: D:\Analyzer\CreateMetaDb\projects\sampleSrc\config\target_source_config.yaml
2025-09-13 18:42:23,699 - SourceAnalyzer - DEBUG - logger.py:64 - 파일 읽기 성공: D:\Analyzer\CreateMetaDb\projects\sampleSrc\config\target_source_config.yaml
2025-09-13 18:42:23,704 - SourceAnalyzer - DEBUG - logger.py:64 - YAML 설정 파일 로드 성공: D:\Analyzer\CreateMetaDb\projects\sampleSrc\config\target_source_config.yaml
2025-09-13 18:42:23,704 - SourceAnalyzer - DEBUG - logger.py:64 - 파일 읽기 성공: D:\Analyzer\CreateMetaDb\projects\sampleSrc\config\target_source_config.yaml
2025-09-13 18:42:23,708 - SourceAnalyzer - DEBUG - logger.py:64 - YAML 설정 파일 로드 성공: D:\Analyzer\CreateMetaDb\projects\sampleSrc\config\target_source_config.yaml
2025-09-13 18:42:23,709 - SourceAnalyzer - DEBUG - logger.py:64 - 파일 읽기 성공: D:\Analyzer\CreateMetaDb\projects\sampleSrc\config\target_source_config.yaml
2025-09-13 18:42:23,713 - SourceAnalyzer - DEBUG - logger.py:64 - YAML 설정 파일 로드 성공: D:\Analyzer\CreateMetaDb\projects\sampleSrc\config\target_source_config.yaml
2025-09-13 18:42:23,714 - SourceAnalyzer - DEBUG - logger.py:64 - 파일 읽기 성공: D:\Analyzer\CreateMetaDb\projects\sampleSrc\config\target_source_config.yaml
2025-09-13 18:42:23,717 - SourceAnalyzer - DEBUG - logger.py:64 - YAML 설정 파일 로드 성공: D:\Analyzer\CreateMetaDb\projects\sampleSrc\config\target_source_config.yaml
2025-09-13 18:42:23,719 - SourceAnalyzer - DEBUG - logger.py:64 - 파일 읽기 성공: D:\Analyzer\CreateMetaDb\projects\sampleSrc\config\target_source_config.yaml
2025-09-13 18:42:23,722 - SourceAnalyzer - DEBUG - logger.py:64 - YAML 설정 파일 로드 성공: D:\Analyzer\CreateMetaDb\projects\sampleSrc\config\target_source_config.yaml
2025-09-13 18:42:23,723 - SourceAnalyzer - DEBUG - logger.py:64 - 파일 읽기 성공: D:\Analyzer\CreateMetaDb\projects\sampleSrc\config\target_source_config.yaml
2025-09-13 18:42:23,727 - SourceAnalyzer - DEBUG - logger.py:64 - YAML 설정 파일 로드 성공: D:\Analyzer\CreateMetaDb\projects\sampleSrc\config\target_source_config.yaml
2025-09-13 18:42:23,728 - SourceAnalyzer - DEBUG - logger.py:64 - 파일 읽기 성공: D:\Analyzer\CreateMetaDb\projects\sampleSrc\config\target_source_config.yaml
2025-09-13 18:42:23,732 - SourceAnalyzer - DEBUG - logger.py:64 - YAML 설정 파일 로드 성공: D:\Analyzer\CreateMetaDb\projects\sampleSrc\config\target_source_config.yaml
2025-09-13 18:42:23,732 - SourceAnalyzer - DEBUG - logger.py:64 - 파일 읽기 성공: D:\Analyzer\CreateMetaDb\projects\sampleSrc\config\target_source_config.yaml
2025-09-13 18:42:23,737 - SourceAnalyzer - DEBUG - logger.py:64 - YAML 설정 파일 로드 성공: D:\Analyzer\CreateMetaDb\projects\sampleSrc\config\target_source_config.yaml
2025-09-13 18:42:23,738 - SourceAnalyzer - DEBUG - logger.py:64 - 파일 읽기 성공: D:\Analyzer\CreateMetaDb\projects\sampleSrc\config\target_source_config.yaml
2025-09-13 18:42:23,742 - SourceAnalyzer - DEBUG - logger.py:64 - YAML 설정 파일 로드 성공: D:\Analyzer\CreateMetaDb\projects\sampleSrc\config\target_source_config.yaml
2025-09-13 18:42:23,742 - SourceAnalyzer - DEBUG - logger.py:64 - 파일 읽기 성공: D:\Analyzer\CreateMetaDb\projects\sampleSrc\config\target_source_config.yaml
2025-09-13 18:42:23,746 - SourceAnalyzer - DEBUG - logger.py:64 - YAML 설정 파일 로드 성공: D:\Analyzer\CreateMetaDb\projects\sampleSrc\config\target_source_config.yaml
2025-09-13 18:42:23,747 - SourceAnalyzer - DEBUG - logger.py:64 - 파일 읽기 성공: D:\Analyzer\CreateMetaDb\projects\sampleSrc\config\target_source_config.yaml
2025-09-13 18:42:23,751 - SourceAnalyzer - DEBUG - logger.py:64 - YAML 설정 파일 로드 성공: D:\Analyzer\CreateMetaDb\projects\sampleSrc\config\target_source_config.yaml
2025-09-13 18:42:23,752 - SourceAnalyzer - DEBUG - logger.py:64 - 파일 읽기 성공: D:\Analyzer\CreateMetaDb\projects\sampleSrc\config\target_source_config.yaml
2025-09-13 18:42:23,756 - SourceAnalyzer - DEBUG - logger.py:64 - YAML 설정 파일 로드 성공: D:\Analyzer\CreateMetaDb\projects\sampleSrc\config\target_source_config.yaml
2025-09-13 18:42:23,757 - SourceAnalyzer - DEBUG - logger.py:64 - 파일 읽기 성공: D:\Analyzer\CreateMetaDb\projects\sampleSrc\config\target_source_config.yaml
2025-09-13 18:42:23,761 - SourceAnalyzer - DEBUG - logger.py:64 - YAML 설정 파일 로드 성공: D:\Analyzer\CreateMetaDb\projects\sampleSrc\config\target_source_config.yaml
2025-09-13 18:42:23,762 - SourceAnalyzer - DEBUG - logger.py:64 - 파일 읽기 성공: D:\Analyzer\CreateMetaDb\projects\sampleSrc\config\target_source_config.yaml
2025-09-13 18:42:23,766 - SourceAnalyzer - DEBUG - logger.py:64 - YAML 설정 파일 로드 성공: D:\Analyzer\CreateMetaDb\projects\sampleSrc\config\target_source_config.yaml
2025-09-13 18:42:23,766 - SourceAnalyzer - DEBUG - logger.py:64 - 파일 읽기 성공: D:\Analyzer\CreateMetaDb\projects\sampleSrc\config\target_source_config.yaml
2025-09-13 18:42:23,771 - SourceAnalyzer - DEBUG - logger.py:64 - YAML 설정 파일 로드 성공: D:\Analyzer\CreateMetaDb\projects\sampleSrc\config\target_source_config.yaml
2025-09-13 18:42:23,772 - SourceAnalyzer - DEBUG - logger.py:64 - 파일 읽기 성공: D:\Analyzer\CreateMetaDb\projects\sampleSrc\config\target_source_config.yaml
2025-09-13 18:42:23,776 - SourceAnalyzer - DEBUG - logger.py:64 - YAML 설정 파일 로드 성공: D:\Analyzer\CreateMetaDb\projects\sampleSrc\config\target_source_config.yaml
2025-09-13 18:42:23,776 - SourceAnalyzer - DEBUG - logger.py:64 - 파일 읽기 성공: D:\Analyzer\CreateMetaDb\projects\sampleSrc\config\target_source_config.yaml
2025-09-13 18:42:23,780 - SourceAnalyzer - DEBUG - logger.py:64 - YAML 설정 파일 로드 성공: D:\Analyzer\CreateMetaDb\projects\sampleSrc\config\target_source_config.yaml
2025-09-13 18:42:23,781 - SourceAnalyzer - DEBUG - logger.py:64 - 파일 읽기 성공: D:\Analyzer\CreateMetaDb\projects\sampleSrc\config\target_source_config.yaml
2025-09-13 18:42:23,785 - SourceAnalyzer - DEBUG - logger.py:64 - YAML 설정 파일 로드 성공: D:\Analyzer\CreateMetaDb\projects\sampleSrc\config\target_source_config.yaml
2025-09-13 18:42:23,785 - SourceAnalyzer - DEBUG - logger.py:64 - 파일 읽기 성공: D:\Analyzer\CreateMetaDb\projects\sampleSrc\config\target_source_config.yaml
2025-09-13 18:42:23,789 - SourceAnalyzer - DEBUG - logger.py:64 - YAML 설정 파일 로드 성공: D:\Analyzer\CreateMetaDb\projects\sampleSrc\config\target_source_config.yaml
2025-09-13 18:42:23,790 - SourceAnalyzer - DEBUG - logger.py:64 - 파일 읽기 성공: D:\Analyzer\CreateMetaDb\projects\sampleSrc\config\target_source_config.yaml
2025-09-13 18:42:23,794 - SourceAnalyzer - DEBUG - logger.py:64 - YAML 설정 파일 로드 성공: D:\Analyzer\CreateMetaDb\projects\sampleSrc\config\target_source_config.yaml
2025-09-13 18:42:23,795 - SourceAnalyzer - DEBUG - logger.py:64 - 파일 읽기 성공: D:\Analyzer\CreateMetaDb\projects\sampleSrc\config\target_source_config.yaml
2025-09-13 18:42:23,799 - SourceAnalyzer - DEBUG - logger.py:64 - YAML 설정 파일 로드 성공: D:\Analyzer\CreateMetaDb\projects\sampleSrc\config\target_source_config.yaml
2025-09-13 18:42:23,799 - SourceAnalyzer - DEBUG - logger.py:64 - 파일 읽기 성공: D:\Analyzer\CreateMetaDb\projects\sampleSrc\config\target_source_config.yaml
2025-09-13 18:42:23,803 - SourceAnalyzer - DEBUG - logger.py:64 - YAML 설정 파일 로드 성공: D:\Analyzer\CreateMetaDb\projects\sampleSrc\config\target_source_config.yaml
2025-09-13 18:42:23,804 - SourceAnalyzer - DEBUG - logger.py:64 - 파일 읽기 성공: D:\Analyzer\CreateMetaDb\projects\sampleSrc\config\target_source_config.yaml
2025-09-13 18:42:23,808 - SourceAnalyzer - DEBUG - logger.py:64 - YAML 설정 파일 로드 성공: D:\Analyzer\CreateMetaDb\projects\sampleSrc\config\target_source_config.yaml
2025-09-13 18:42:23,809 - SourceAnalyzer - DEBUG - logger.py:64 - 파일 읽기 성공: D:\Analyzer\CreateMetaDb\projects\sampleSrc\config\target_source_config.yaml
2025-09-13 18:42:23,813 - SourceAnalyzer - DEBUG - logger.py:64 - YAML 설정 파일 로드 성공: D:\Analyzer\CreateMetaDb\projects\sampleSrc\config\target_source_config.yaml
2025-09-13 18:42:23,814 - SourceAnalyzer - DEBUG - logger.py:64 - 파일 읽기 성공: D:\Analyzer\CreateMetaDb\projects\sampleSrc\config\target_source_config.yaml
2025-09-13 18:42:23,818 - SourceAnalyzer - DEBUG - logger.py:64 - YAML 설정 파일 로드 성공: D:\Analyzer\CreateMetaDb\projects\sampleSrc\config\target_source_config.yaml
2025-09-13 18:42:23,820 - SourceAnalyzer - DEBUG - logger.py:64 - 파일 읽기 성공: D:\Analyzer\CreateMetaDb\projects\sampleSrc\config\target_source_config.yaml
2025-09-13 18:42:23,824 - SourceAnalyzer - DEBUG - logger.py:64 - YAML 설정 파일 로드 성공: D:\Analyzer\CreateMetaDb\projects\sampleSrc\config\target_source_config.yaml
2025-09-13 18:42:23,825 - SourceAnalyzer - DEBUG - logger.py:64 - 파일 읽기 성공: D:\Analyzer\CreateMetaDb\projects\sampleSrc\config\target_source_config.yaml
2025-09-13 18:42:23,829 - SourceAnalyzer - DEBUG - logger.py:64 - YAML 설정 파일 로드 성공: D:\Analyzer\CreateMetaDb\projects\sampleSrc\config\target_source_config.yaml
2025-09-13 18:42:23,829 - SourceAnalyzer - DEBUG - logger.py:64 - 파일 읽기 성공: D:\Analyzer\CreateMetaDb\projects\sampleSrc\config\target_source_config.yaml
2025-09-13 18:42:23,833 - SourceAnalyzer - DEBUG - logger.py:64 - YAML 설정 파일 로드 성공: D:\Analyzer\CreateMetaDb\projects\sampleSrc\config\target_source_config.yaml
2025-09-13 18:42:23,834 - SourceAnalyzer - DEBUG - logger.py:64 - 파일 읽기 성공: D:\Analyzer\CreateMetaDb\projects\sampleSrc\config\target_source_config.yaml
2025-09-13 18:42:23,838 - SourceAnalyzer - DEBUG - logger.py:64 - YAML 설정 파일 로드 성공: D:\Analyzer\CreateMetaDb\projects\sampleSrc\config\target_source_config.yaml
2025-09-13 18:42:23,839 - SourceAnalyzer - DEBUG - logger.py:64 - 파일 읽기 성공: D:\Analyzer\CreateMetaDb\projects\sampleSrc\config\target_source_config.yaml
2025-09-13 18:42:23,843 - SourceAnalyzer - DEBUG - logger.py:64 - YAML 설정 파일 로드 성공: D:\Analyzer\CreateMetaDb\projects\sampleSrc\config\target_source_config.yaml
2025-09-13 18:42:23,844 - SourceAnalyzer - DEBUG - logger.py:64 - 파일 읽기 성공: D:\Analyzer\CreateMetaDb\projects\sampleSrc\config\target_source_config.yaml
2025-09-13 18:42:23,847 - SourceAnalyzer - DEBUG - logger.py:64 - YAML 설정 파일 로드 성공: D:\Analyzer\CreateMetaDb\projects\sampleSrc\config\target_source_config.yaml
2025-09-13 18:42:23,848 - SourceAnalyzer - INFO - logger.py:68 - 파일 스캔 완료: 총 35개 파일
2025-09-13 18:42:23,848 - SourceAnalyzer - DEBUG - logger.py:64 - 쿼리 실행 성공: SELECT project_id FROM projects WHERE project_name...
2025-09-13 18:42:23,848 - SourceAnalyzer - DEBUG - logger.py:64 - 쿼리 실행 성공: 
                SELECT COUNT(*) as count FROM fil...
2025-09-13 18:42:23,848 - SourceAnalyzer - DEBUG - logger.py:64 - 업데이트 쿼리 실행 성공: 
            INSERT INTO files (file_path, file_na..., 영향받은 행: 1
2025-09-13 18:42:23,848 - SourceAnalyzer - DEBUG - logger.py:64 - 쿼리 실행 성공: 
                SELECT COUNT(*) as count FROM fil...
2025-09-13 18:42:23,849 - SourceAnalyzer - DEBUG - logger.py:64 - 업데이트 쿼리 실행 성공: 
            INSERT INTO files (file_path, file_na..., 영향받은 행: 1
2025-09-13 18:42:23,849 - SourceAnalyzer - DEBUG - logger.py:64 - 쿼리 실행 성공: 
                SELECT COUNT(*) as count FROM fil...
2025-09-13 18:42:23,849 - SourceAnalyzer - DEBUG - logger.py:64 - 업데이트 쿼리 실행 성공: 
            INSERT INTO files (file_path, file_na..., 영향받은 행: 1
2025-09-13 18:42:23,849 - SourceAnalyzer - DEBUG - logger.py:64 - 쿼리 실행 성공: 
                SELECT COUNT(*) as count FROM fil...
2025-09-13 18:42:23,849 - SourceAnalyzer - DEBUG - logger.py:64 - 업데이트 쿼리 실행 성공: 
            INSERT INTO files (file_path, file_na..., 영향받은 행: 1
2025-09-13 18:42:23,849 - SourceAnalyzer - DEBUG - logger.py:64 - 쿼리 실행 성공: 
                SELECT COUNT(*) as count FROM fil...
2025-09-13 18:42:23,849 - SourceAnalyzer - DEBUG - logger.py:64 - 업데이트 쿼리 실행 성공: 
            INSERT INTO files (file_path, file_na..., 영향받은 행: 1
2025-09-13 18:42:23,849 - SourceAnalyzer - DEBUG - logger.py:64 - 쿼리 실행 성공: 
                SELECT COUNT(*) as count FROM fil...
2025-09-13 18:42:23,849 - SourceAnalyzer - DEBUG - logger.py:64 - 업데이트 쿼리 실행 성공: 
            INSERT INTO files (file_path, file_na..., 영향받은 행: 1
2025-09-13 18:42:23,849 - SourceAnalyzer - DEBUG - logger.py:64 - 쿼리 실행 성공: 
                SELECT COUNT(*) as count FROM fil...
2025-09-13 18:42:23,850 - SourceAnalyzer - DEBUG - logger.py:64 - 업데이트 쿼리 실행 성공: 
            INSERT INTO files (file_path, file_na..., 영향받은 행: 1
2025-09-13 18:42:23,850 - SourceAnalyzer - DEBUG - logger.py:64 - 쿼리 실행 성공: 
                SELECT COUNT(*) as count FROM fil...
2025-09-13 18:42:23,850 - SourceAnalyzer - DEBUG - logger.py:64 - 업데이트 쿼리 실행 성공: 
            INSERT INTO files (file_path, file_na..., 영향받은 행: 1
2025-09-13 18:42:23,850 - SourceAnalyzer - DEBUG - logger.py:64 - 쿼리 실행 성공: 
                SELECT COUNT(*) as count FROM fil...
2025-09-13 18:42:23,850 - SourceAnalyzer - DEBUG - logger.py:64 - 업데이트 쿼리 실행 성공: 
            INSERT INTO files (file_path, file_na..., 영향받은 행: 1
2025-09-13 18:42:23,850 - SourceAnalyzer - DEBUG - logger.py:64 - 쿼리 실행 성공: 
                SELECT COUNT(*) as count FROM fil...
2025-09-13 18:42:23,850 - SourceAnalyzer - DEBUG - logger.py:64 - 업데이트 쿼리 실행 성공: 
            INSERT INTO files (file_path, file_na..., 영향받은 행: 1
2025-09-13 18:42:23,851 - SourceAnalyzer - DEBUG - logger.py:64 - 쿼리 실행 성공: 
                SELECT COUNT(*) as count FROM fil...
2025-09-13 18:42:23,851 - SourceAnalyzer - DEBUG - logger.py:64 - 업데이트 쿼리 실행 성공: 
            INSERT INTO files (file_path, file_na..., 영향받은 행: 1
2025-09-13 18:42:23,851 - SourceAnalyzer - DEBUG - logger.py:64 - 쿼리 실행 성공: 
                SELECT COUNT(*) as count FROM fil...
2025-09-13 18:42:23,851 - SourceAnalyzer - DEBUG - logger.py:64 - 업데이트 쿼리 실행 성공: 
            INSERT INTO files (file_path, file_na..., 영향받은 행: 1
2025-09-13 18:42:23,851 - SourceAnalyzer - DEBUG - logger.py:64 - 쿼리 실행 성공: 
                SELECT COUNT(*) as count FROM fil...
2025-09-13 18:42:23,851 - SourceAnalyzer - DEBUG - logger.py:64 - 업데이트 쿼리 실행 성공: 
            INSERT INTO files (file_path, file_na..., 영향받은 행: 1
2025-09-13 18:42:23,851 - SourceAnalyzer - DEBUG - logger.py:64 - 쿼리 실행 성공: 
                SELECT COUNT(*) as count FROM fil...
2025-09-13 18:42:23,851 - SourceAnalyzer - DEBUG - logger.py:64 - 업데이트 쿼리 실행 성공: 
            INSERT INTO files (file_path, file_na..., 영향받은 행: 1
2025-09-13 18:42:23,851 - SourceAnalyzer - DEBUG - logger.py:64 - 쿼리 실행 성공: 
                SELECT COUNT(*) as count FROM fil...
2025-09-13 18:42:23,851 - SourceAnalyzer - DEBUG - logger.py:64 - 업데이트 쿼리 실행 성공: 
            INSERT INTO files (file_path, file_na..., 영향받은 행: 1
2025-09-13 18:42:23,852 - SourceAnalyzer - DEBUG - logger.py:64 - 쿼리 실행 성공: 
                SELECT COUNT(*) as count FROM fil...
2025-09-13 18:42:23,852 - SourceAnalyzer - DEBUG - logger.py:64 - 업데이트 쿼리 실행 성공: 
            INSERT INTO files (file_path, file_na..., 영향받은 행: 1
2025-09-13 18:42:23,852 - SourceAnalyzer - DEBUG - logger.py:64 - 쿼리 실행 성공: 
                SELECT COUNT(*) as count FROM fil...
2025-09-13 18:42:23,852 - SourceAnalyzer - DEBUG - logger.py:64 - 업데이트 쿼리 실행 성공: 
            INSERT INTO files (file_path, file_na..., 영향받은 행: 1
2025-09-13 18:42:23,852 - SourceAnalyzer - DEBUG - logger.py:64 - 쿼리 실행 성공: 
                SELECT COUNT(*) as count FROM fil...
2025-09-13 18:42:23,852 - SourceAnalyzer - DEBUG - logger.py:64 - 업데이트 쿼리 실행 성공: 
            INSERT INTO files (file_path, file_na..., 영향받은 행: 1
2025-09-13 18:42:23,852 - SourceAnalyzer - DEBUG - logger.py:64 - 쿼리 실행 성공: 
                SELECT COUNT(*) as count FROM fil...
2025-09-13 18:42:23,852 - SourceAnalyzer - DEBUG - logger.py:64 - 업데이트 쿼리 실행 성공: 
            INSERT INTO files (file_path, file_na..., 영향받은 행: 1
2025-09-13 18:42:23,852 - SourceAnalyzer - DEBUG - logger.py:64 - 쿼리 실행 성공: 
                SELECT COUNT(*) as count FROM fil...
2025-09-13 18:42:23,852 - SourceAnalyzer - DEBUG - logger.py:64 - 업데이트 쿼리 실행 성공: 
            INSERT INTO files (file_path, file_na..., 영향받은 행: 1
2025-09-13 18:42:23,852 - SourceAnalyzer - DEBUG - logger.py:64 - 쿼리 실행 성공: 
                SELECT COUNT(*) as count FROM fil...
2025-09-13 18:42:23,852 - SourceAnalyzer - DEBUG - logger.py:64 - 업데이트 쿼리 실행 성공: 
            INSERT INTO files (file_path, file_na..., 영향받은 행: 1
2025-09-13 18:42:23,852 - SourceAnalyzer - DEBUG - logger.py:64 - 쿼리 실행 성공: 
                SELECT COUNT(*) as count FROM fil...
2025-09-13 18:42:23,853 - SourceAnalyzer - DEBUG - logger.py:64 - 업데이트 쿼리 실행 성공: 
            INSERT INTO files (file_path, file_na..., 영향받은 행: 1
2025-09-13 18:42:23,853 - SourceAnalyzer - DEBUG - logger.py:64 - 쿼리 실행 성공: 
                SELECT COUNT(*) as count FROM fil...
2025-09-13 18:42:23,853 - SourceAnalyzer - DEBUG - logger.py:64 - 업데이트 쿼리 실행 성공: 
            INSERT INTO files (file_path, file_na..., 영향받은 행: 1
2025-09-13 18:42:23,853 - SourceAnalyzer - DEBUG - logger.py:64 - 쿼리 실행 성공: 
                SELECT COUNT(*) as count FROM fil...
2025-09-13 18:42:23,853 - SourceAnalyzer - DEBUG - logger.py:64 - 업데이트 쿼리 실행 성공: 
            INSERT INTO files (file_path, file_na..., 영향받은 행: 1
2025-09-13 18:42:23,853 - SourceAnalyzer - DEBUG - logger.py:64 - 쿼리 실행 성공: 
                SELECT COUNT(*) as count FROM fil...
2025-09-13 18:42:23,853 - SourceAnalyzer - DEBUG - logger.py:64 - 업데이트 쿼리 실행 성공: 
            INSERT INTO files (file_path, file_na..., 영향받은 행: 1
2025-09-13 18:42:23,853 - SourceAnalyzer - DEBUG - logger.py:64 - 쿼리 실행 성공: 
                SELECT COUNT(*) as count FROM fil...
2025-09-13 18:42:23,853 - SourceAnalyzer - DEBUG - logger.py:64 - 업데이트 쿼리 실행 성공: 
            INSERT INTO files (file_path, file_na..., 영향받은 행: 1
2025-09-13 18:42:23,853 - SourceAnalyzer - DEBUG - logger.py:64 - 쿼리 실행 성공: 
                SELECT COUNT(*) as count FROM fil...
2025-09-13 18:42:23,854 - SourceAnalyzer - DEBUG - logger.py:64 - 업데이트 쿼리 실행 성공: 
            INSERT INTO files (file_path, file_na..., 영향받은 행: 1
2025-09-13 18:42:23,854 - SourceAnalyzer - DEBUG - logger.py:64 - 쿼리 실행 성공: 
                SELECT COUNT(*) as count FROM fil...
2025-09-13 18:42:23,854 - SourceAnalyzer - DEBUG - logger.py:64 - 업데이트 쿼리 실행 성공: 
            INSERT INTO files (file_path, file_na..., 영향받은 행: 1
2025-09-13 18:42:23,854 - SourceAnalyzer - DEBUG - logger.py:64 - 쿼리 실행 성공: 
                SELECT COUNT(*) as count FROM fil...
2025-09-13 18:42:23,854 - SourceAnalyzer - DEBUG - logger.py:64 - 업데이트 쿼리 실행 성공: 
            INSERT INTO files (file_path, file_na..., 영향받은 행: 1
2025-09-13 18:42:23,854 - SourceAnalyzer - DEBUG - logger.py:64 - 쿼리 실행 성공: 
                SELECT COUNT(*) as count FROM fil...
2025-09-13 18:42:23,854 - SourceAnalyzer - DEBUG - logger.py:64 - 업데이트 쿼리 실행 성공: 
            INSERT INTO files (file_path, file_na..., 영향받은 행: 1
2025-09-13 18:42:23,854 - SourceAnalyzer - DEBUG - logger.py:64 - 쿼리 실행 성공: 
                SELECT COUNT(*) as count FROM fil...
2025-09-13 18:42:23,854 - SourceAnalyzer - DEBUG - logger.py:64 - 업데이트 쿼리 실행 성공: 
            INSERT INTO files (file_path, file_na..., 영향받은 행: 1
2025-09-13 18:42:23,854 - SourceAnalyzer - DEBUG - logger.py:64 - 쿼리 실행 성공: 
                SELECT COUNT(*) as count FROM fil...
2025-09-13 18:42:23,854 - SourceAnalyzer - DEBUG - logger.py:64 - 업데이트 쿼리 실행 성공: 
            INSERT INTO files (file_path, file_na..., 영향받은 행: 1
2025-09-13 18:42:23,854 - SourceAnalyzer - DEBUG - logger.py:64 - 쿼리 실행 성공: 
                SELECT COUNT(*) as count FROM fil...
2025-09-13 18:42:23,855 - SourceAnalyzer - DEBUG - logger.py:64 - 업데이트 쿼리 실행 성공: 
            INSERT INTO files (file_path, file_na..., 영향받은 행: 1
2025-09-13 18:42:23,855 - SourceAnalyzer - DEBUG - logger.py:64 - 쿼리 실행 성공: 
                SELECT COUNT(*) as count FROM fil...
2025-09-13 18:42:23,855 - SourceAnalyzer - DEBUG - logger.py:64 - 업데이트 쿼리 실행 성공: 
            INSERT INTO files (file_path, file_na..., 영향받은 행: 1
2025-09-13 18:42:23,855 - SourceAnalyzer - DEBUG - logger.py:64 - 쿼리 실행 성공: 
                SELECT COUNT(*) as count FROM fil...
2025-09-13 18:42:23,855 - SourceAnalyzer - DEBUG - logger.py:64 - 업데이트 쿼리 실행 성공: 
            INSERT INTO files (file_path, file_na..., 영향받은 행: 1
2025-09-13 18:42:23,855 - SourceAnalyzer - INFO - logger.py:68 - 파일 정보 저장 완료: 35개 파일
2025-09-13 18:42:23,855 - SourceAnalyzer - DEBUG - logger.py:64 - 업데이트 쿼리 실행 성공: UPDATE projects SET total_files = ? WHERE project_..., 영향받은 행: 1
2025-09-13 18:42:23,855 - SourceAnalyzer - DEBUG - logger.py:64 - 프로젝트 총 파일 수 업데이트: 35
2025-09-13 18:42:23,855 - SourceAnalyzer - INFO - logger.py:68 - === 파일 스캔 통계 ===
2025-09-13 18:42:23,855 - SourceAnalyzer - INFO - logger.py:68 - 총 파일 수: 35
2025-09-13 18:42:23,855 - SourceAnalyzer - INFO - logger.py:68 - 성공 스캔: 35
2025-09-13 18:42:23,855 - SourceAnalyzer - INFO - logger.py:68 - 오류 파일: 0
2025-09-13 18:42:23,855 - SourceAnalyzer - INFO - logger.py:68 - Java 파일: 19
2025-09-13 18:42:23,855 - SourceAnalyzer - INFO - logger.py:68 - XML 파일: 6
2025-09-13 18:42:23,855 - SourceAnalyzer - INFO - logger.py:68 - JSP 파일: 8
2025-09-13 18:42:23,855 - SourceAnalyzer - INFO - logger.py:68 - SQL 파일: 0
2025-09-13 18:42:23,855 - SourceAnalyzer - INFO - logger.py:68 - CSV 파일: 2
2025-09-13 18:42:23,855 - SourceAnalyzer - INFO - logger.py:68 - 기타 파일: 0
2025-09-13 18:42:23,855 - SourceAnalyzer - INFO - logger.py:68 - === 파일 스캔 완료 ===
2025-09-13 18:42:23,860 - SourceAnalyzer - DEBUG - logger.py:64 - 데이터베이스 연결 해제: D:\Analyzer\CreateMetaDb\projects\sampleSrc\metadata.db
2025-09-13 18:42:23,860 - SourceAnalyzer - INFO - logger.py:68 - 1단계 완료: 파일 정보 저장
2025-09-13 18:42:23,860 - SourceAnalyzer - INFO - logger.py:68 - 2단계 실행: 데이터베이스 구조 저장 및 컴포넌트 생성
2025-09-13 18:42:23,860 - SourceAnalyzer - INFO - logger.py:68 - === 데이터베이스 로딩 시작: 데이터베이스 구조 저장 ===
2025-09-13 18:42:23,862 - SourceAnalyzer - DEBUG - logger.py:64 - 데이터베이스 연결 성공: D:\Analyzer\CreateMetaDb\projects\sampleSrc\metadata.db
2025-09-13 18:42:23,862 - SourceAnalyzer - INFO - logger.py:68 - 인코딩 문제 감지, 다른 인코딩으로 재시도: ALL_TABLES.csv
2025-09-13 18:42:23,862 - SourceAnalyzer - DEBUG - logger.py:64 - 파일 읽기 성공 (cp949): D:\Analyzer\CreateMetaDb\projects\sampleSrc\db_schema\ALL_TABLES.csv
2025-09-13 18:42:23,862 - SourceAnalyzer - INFO - logger.py:68 - CSV 파일 로드 완료: D:\Analyzer\CreateMetaDb\projects\sampleSrc\db_schema\ALL_TABLES.csv, 16개 행
2025-09-13 18:42:23,862 - SourceAnalyzer - DEBUG - logger.py:64 - 쿼리 실행 성공: 
                SELECT f.file_id 
               ...
2025-09-13 18:42:23,864 - SourceAnalyzer - DEBUG - logger.py:64 - 배치 쿼리 실행 성공: 
            INSERT OR IGNORE INTO tables (project..., 처리된 행: 16
2025-09-13 18:42:23,864 - SourceAnalyzer - INFO - logger.py:68 - 테이블 정보 저장 완료: 16개 테이블 (오류: 0개)
2025-09-13 18:42:23,864 - SourceAnalyzer - INFO - logger.py:68 - 인코딩 문제 감지, 다른 인코딩으로 재시도: ALL_TAB_COLUMNS.csv
2025-09-13 18:42:23,864 - SourceAnalyzer - DEBUG - logger.py:64 - 파일 읽기 성공 (cp949): D:\Analyzer\CreateMetaDb\projects\sampleSrc\db_schema\ALL_TAB_COLUMNS.csv
2025-09-13 18:42:23,865 - SourceAnalyzer - INFO - logger.py:68 - CSV 파일 로드 완료: D:\Analyzer\CreateMetaDb\projects\sampleSrc\db_schema\ALL_TAB_COLUMNS.csv, 91개 행
2025-09-13 18:42:23,865 - SourceAnalyzer - DEBUG - logger.py:64 - 쿼리 실행 성공: 
                SELECT t.table_id 
              ...
2025-09-13 18:42:23,865 - SourceAnalyzer - DEBUG - logger.py:64 - 쿼리 실행 성공: 
                SELECT t.table_id 
              ...
2025-09-13 18:42:23,865 - SourceAnalyzer - DEBUG - logger.py:64 - 쿼리 실행 성공: 
                SELECT t.table_id 
              ...
2025-09-13 18:42:23,865 - SourceAnalyzer - DEBUG - logger.py:64 - 쿼리 실행 성공: 
                SELECT t.table_id 
              ...
2025-09-13 18:42:23,865 - SourceAnalyzer - DEBUG - logger.py:64 - 쿼리 실행 성공: 
                SELECT t.table_id 
              ...
2025-09-13 18:42:23,865 - SourceAnalyzer - DEBUG - logger.py:64 - 쿼리 실행 성공: 
                SELECT t.table_id 
              ...
2025-09-13 18:42:23,865 - SourceAnalyzer - DEBUG - logger.py:64 - 쿼리 실행 성공: 
                SELECT t.table_id 
              ...
2025-09-13 18:42:23,865 - SourceAnalyzer - DEBUG - logger.py:64 - 쿼리 실행 성공: 
                SELECT t.table_id 
              ...
2025-09-13 18:42:23,865 - SourceAnalyzer - DEBUG - logger.py:64 - 쿼리 실행 성공: 
                SELECT t.table_id 
              ...
2025-09-13 18:42:23,865 - SourceAnalyzer - DEBUG - logger.py:64 - 쿼리 실행 성공: 
                SELECT t.table_id 
              ...
2025-09-13 18:42:23,865 - SourceAnalyzer - DEBUG - logger.py:64 - 쿼리 실행 성공: 
                SELECT t.table_id 
              ...
2025-09-13 18:42:23,865 - SourceAnalyzer - DEBUG - logger.py:64 - 쿼리 실행 성공: 
                SELECT t.table_id 
              ...
2025-09-13 18:42:23,865 - SourceAnalyzer - DEBUG - logger.py:64 - 쿼리 실행 성공: 
                SELECT t.table_id 
              ...
2025-09-13 18:42:23,865 - SourceAnalyzer - DEBUG - logger.py:64 - 쿼리 실행 성공: 
                SELECT t.table_id 
              ...
2025-09-13 18:42:23,865 - SourceAnalyzer - DEBUG - logger.py:64 - 쿼리 실행 성공: 
                SELECT t.table_id 
              ...
2025-09-13 18:42:23,866 - SourceAnalyzer - DEBUG - logger.py:64 - 쿼리 실행 성공: 
                SELECT t.table_id 
              ...
2025-09-13 18:42:23,866 - SourceAnalyzer - DEBUG - logger.py:64 - 쿼리 실행 성공: 
                SELECT t.table_id 
              ...
2025-09-13 18:42:23,866 - SourceAnalyzer - DEBUG - logger.py:64 - 쿼리 실행 성공: 
                SELECT t.table_id 
              ...
2025-09-13 18:42:23,866 - SourceAnalyzer - DEBUG - logger.py:64 - 쿼리 실행 성공: 
                SELECT t.table_id 
              ...
2025-09-13 18:42:23,866 - SourceAnalyzer - DEBUG - logger.py:64 - 쿼리 실행 성공: 
                SELECT t.table_id 
              ...
2025-09-13 18:42:23,866 - SourceAnalyzer - DEBUG - logger.py:64 - 쿼리 실행 성공: 
                SELECT t.table_id 
              ...
2025-09-13 18:42:23,866 - SourceAnalyzer - DEBUG - logger.py:64 - 쿼리 실행 성공: 
                SELECT t.table_id 
              ...
2025-09-13 18:42:23,866 - SourceAnalyzer - DEBUG - logger.py:64 - 쿼리 실행 성공: 
                SELECT t.table_id 
              ...
2025-09-13 18:42:23,866 - SourceAnalyzer - DEBUG - logger.py:64 - 쿼리 실행 성공: 
                SELECT t.table_id 
              ...
2025-09-13 18:42:23,866 - SourceAnalyzer - DEBUG - logger.py:64 - 쿼리 실행 성공: 
                SELECT t.table_id 
              ...
2025-09-13 18:42:23,866 - SourceAnalyzer - DEBUG - logger.py:64 - 쿼리 실행 성공: 
                SELECT t.table_id 
              ...
2025-09-13 18:42:23,866 - SourceAnalyzer - DEBUG - logger.py:64 - 쿼리 실행 성공: 
                SELECT t.table_id 
              ...
2025-09-13 18:42:23,866 - SourceAnalyzer - DEBUG - logger.py:64 - 쿼리 실행 성공: 
                SELECT t.table_id 
              ...
2025-09-13 18:42:23,866 - SourceAnalyzer - DEBUG - logger.py:64 - 쿼리 실행 성공: 
                SELECT t.table_id 
              ...
2025-09-13 18:42:23,866 - SourceAnalyzer - DEBUG - logger.py:64 - 쿼리 실행 성공: 
                SELECT t.table_id 
              ...
2025-09-13 18:42:23,866 - SourceAnalyzer - DEBUG - logger.py:64 - 쿼리 실행 성공: 
                SELECT t.table_id 
              ...
2025-09-13 18:42:23,866 - SourceAnalyzer - DEBUG - logger.py:64 - 쿼리 실행 성공: 
                SELECT t.table_id 
              ...
2025-09-13 18:42:23,866 - SourceAnalyzer - DEBUG - logger.py:64 - 쿼리 실행 성공: 
                SELECT t.table_id 
              ...
2025-09-13 18:42:23,867 - SourceAnalyzer - DEBUG - logger.py:64 - 쿼리 실행 성공: 
                SELECT t.table_id 
              ...
2025-09-13 18:42:23,867 - SourceAnalyzer - DEBUG - logger.py:64 - 쿼리 실행 성공: 
                SELECT t.table_id 
              ...
2025-09-13 18:42:23,867 - SourceAnalyzer - DEBUG - logger.py:64 - 쿼리 실행 성공: 
                SELECT t.table_id 
              ...
2025-09-13 18:42:23,867 - SourceAnalyzer - DEBUG - logger.py:64 - 쿼리 실행 성공: 
                SELECT t.table_id 
              ...
2025-09-13 18:42:23,867 - SourceAnalyzer - DEBUG - logger.py:64 - 쿼리 실행 성공: 
                SELECT t.table_id 
              ...
2025-09-13 18:42:23,867 - SourceAnalyzer - DEBUG - logger.py:64 - 쿼리 실행 성공: 
                SELECT t.table_id 
              ...
2025-09-13 18:42:23,867 - SourceAnalyzer - DEBUG - logger.py:64 - 쿼리 실행 성공: 
                SELECT t.table_id 
              ...
2025-09-13 18:42:23,867 - SourceAnalyzer - DEBUG - logger.py:64 - 쿼리 실행 성공: 
                SELECT t.table_id 
              ...
2025-09-13 18:42:23,867 - SourceAnalyzer - DEBUG - logger.py:64 - 쿼리 실행 성공: 
                SELECT t.table_id 
              ...
2025-09-13 18:42:23,867 - SourceAnalyzer - DEBUG - logger.py:64 - 쿼리 실행 성공: 
                SELECT t.table_id 
              ...
2025-09-13 18:42:23,867 - SourceAnalyzer - DEBUG - logger.py:64 - 쿼리 실행 성공: 
                SELECT t.table_id 
              ...
2025-09-13 18:42:23,867 - SourceAnalyzer - DEBUG - logger.py:64 - 쿼리 실행 성공: 
                SELECT t.table_id 
              ...
2025-09-13 18:42:23,867 - SourceAnalyzer - DEBUG - logger.py:64 - 쿼리 실행 성공: 
                SELECT t.table_id 
              ...
2025-09-13 18:42:23,867 - SourceAnalyzer - DEBUG - logger.py:64 - 쿼리 실행 성공: 
                SELECT t.table_id 
              ...
2025-09-13 18:42:23,867 - SourceAnalyzer - DEBUG - logger.py:64 - 쿼리 실행 성공: 
                SELECT t.table_id 
              ...
2025-09-13 18:42:23,867 - SourceAnalyzer - DEBUG - logger.py:64 - 쿼리 실행 성공: 
                SELECT t.table_id 
              ...
2025-09-13 18:42:23,867 - SourceAnalyzer - DEBUG - logger.py:64 - 쿼리 실행 성공: 
                SELECT t.table_id 
              ...
2025-09-13 18:42:23,867 - SourceAnalyzer - DEBUG - logger.py:64 - 쿼리 실행 성공: 
                SELECT t.table_id 
              ...
2025-09-13 18:42:23,867 - SourceAnalyzer - DEBUG - logger.py:64 - 쿼리 실행 성공: 
                SELECT t.table_id 
              ...
2025-09-13 18:42:23,867 - SourceAnalyzer - DEBUG - logger.py:64 - 쿼리 실행 성공: 
                SELECT t.table_id 
              ...
2025-09-13 18:42:23,868 - SourceAnalyzer - DEBUG - logger.py:64 - 쿼리 실행 성공: 
                SELECT t.table_id 
              ...
2025-09-13 18:42:23,868 - SourceAnalyzer - DEBUG - logger.py:64 - 쿼리 실행 성공: 
                SELECT t.table_id 
              ...
2025-09-13 18:42:23,868 - SourceAnalyzer - DEBUG - logger.py:64 - 쿼리 실행 성공: 
                SELECT t.table_id 
              ...
2025-09-13 18:42:23,868 - SourceAnalyzer - DEBUG - logger.py:64 - 쿼리 실행 성공: 
                SELECT t.table_id 
              ...
2025-09-13 18:42:23,868 - SourceAnalyzer - DEBUG - logger.py:64 - 쿼리 실행 성공: 
                SELECT t.table_id 
              ...
2025-09-13 18:42:23,868 - SourceAnalyzer - DEBUG - logger.py:64 - 쿼리 실행 성공: 
                SELECT t.table_id 
              ...
2025-09-13 18:42:23,868 - SourceAnalyzer - DEBUG - logger.py:64 - 쿼리 실행 성공: 
                SELECT t.table_id 
              ...
2025-09-13 18:42:23,868 - SourceAnalyzer - DEBUG - logger.py:64 - 쿼리 실행 성공: 
                SELECT t.table_id 
              ...
2025-09-13 18:42:23,868 - SourceAnalyzer - DEBUG - logger.py:64 - 쿼리 실행 성공: 
                SELECT t.table_id 
              ...
2025-09-13 18:42:23,868 - SourceAnalyzer - DEBUG - logger.py:64 - 쿼리 실행 성공: 
                SELECT t.table_id 
              ...
2025-09-13 18:42:23,868 - SourceAnalyzer - DEBUG - logger.py:64 - 쿼리 실행 성공: 
                SELECT t.table_id 
              ...
2025-09-13 18:42:23,868 - SourceAnalyzer - DEBUG - logger.py:64 - 쿼리 실행 성공: 
                SELECT t.table_id 
              ...
2025-09-13 18:42:23,868 - SourceAnalyzer - DEBUG - logger.py:64 - 쿼리 실행 성공: 
                SELECT t.table_id 
              ...
2025-09-13 18:42:23,868 - SourceAnalyzer - DEBUG - logger.py:64 - 쿼리 실행 성공: 
                SELECT t.table_id 
              ...
2025-09-13 18:42:23,868 - SourceAnalyzer - DEBUG - logger.py:64 - 쿼리 실행 성공: 
                SELECT t.table_id 
              ...
2025-09-13 18:42:23,868 - SourceAnalyzer - DEBUG - logger.py:64 - 쿼리 실행 성공: 
                SELECT t.table_id 
              ...
2025-09-13 18:42:23,868 - SourceAnalyzer - DEBUG - logger.py:64 - 쿼리 실행 성공: 
                SELECT t.table_id 
              ...
2025-09-13 18:42:23,868 - SourceAnalyzer - DEBUG - logger.py:64 - 쿼리 실행 성공: 
                SELECT t.table_id 
              ...
2025-09-13 18:42:23,869 - SourceAnalyzer - DEBUG - logger.py:64 - 쿼리 실행 성공: 
                SELECT t.table_id 
              ...
2025-09-13 18:42:23,869 - SourceAnalyzer - DEBUG - logger.py:64 - 쿼리 실행 성공: 
                SELECT t.table_id 
              ...
2025-09-13 18:42:23,869 - SourceAnalyzer - DEBUG - logger.py:64 - 쿼리 실행 성공: 
                SELECT t.table_id 
              ...
2025-09-13 18:42:23,869 - SourceAnalyzer - DEBUG - logger.py:64 - 쿼리 실행 성공: 
                SELECT t.table_id 
              ...
2025-09-13 18:42:23,869 - SourceAnalyzer - DEBUG - logger.py:64 - 쿼리 실행 성공: 
                SELECT t.table_id 
              ...
2025-09-13 18:42:23,869 - SourceAnalyzer - DEBUG - logger.py:64 - 쿼리 실행 성공: 
                SELECT t.table_id 
              ...
2025-09-13 18:42:23,869 - SourceAnalyzer - DEBUG - logger.py:64 - 쿼리 실행 성공: 
                SELECT t.table_id 
              ...
2025-09-13 18:42:23,869 - SourceAnalyzer - DEBUG - logger.py:64 - 쿼리 실행 성공: 
                SELECT t.table_id 
              ...
2025-09-13 18:42:23,869 - SourceAnalyzer - DEBUG - logger.py:64 - 쿼리 실행 성공: 
                SELECT t.table_id 
              ...
2025-09-13 18:42:23,869 - SourceAnalyzer - DEBUG - logger.py:64 - 쿼리 실행 성공: 
                SELECT t.table_id 
              ...
2025-09-13 18:42:23,869 - SourceAnalyzer - DEBUG - logger.py:64 - 쿼리 실행 성공: 
                SELECT t.table_id 
              ...
2025-09-13 18:42:23,869 - SourceAnalyzer - DEBUG - logger.py:64 - 쿼리 실행 성공: 
                SELECT t.table_id 
              ...
2025-09-13 18:42:23,869 - SourceAnalyzer - DEBUG - logger.py:64 - 쿼리 실행 성공: 
                SELECT t.table_id 
              ...
2025-09-13 18:42:23,869 - SourceAnalyzer - DEBUG - logger.py:64 - 쿼리 실행 성공: 
                SELECT t.table_id 
              ...
2025-09-13 18:42:23,869 - SourceAnalyzer - DEBUG - logger.py:64 - 쿼리 실행 성공: 
                SELECT t.table_id 
              ...
2025-09-13 18:42:23,869 - SourceAnalyzer - DEBUG - logger.py:64 - 쿼리 실행 성공: 
                SELECT t.table_id 
              ...
2025-09-13 18:42:23,869 - SourceAnalyzer - DEBUG - logger.py:64 - 쿼리 실행 성공: 
                SELECT t.table_id 
              ...
2025-09-13 18:42:23,869 - SourceAnalyzer - DEBUG - logger.py:64 - 쿼리 실행 성공: 
                SELECT t.table_id 
              ...
2025-09-13 18:42:23,869 - SourceAnalyzer - DEBUG - logger.py:64 - 쿼리 실행 성공: 
                SELECT t.table_id 
              ...
2025-09-13 18:42:23,869 - SourceAnalyzer - DEBUG - logger.py:64 - 쿼리 실행 성공: 
                SELECT t.table_id 
              ...
2025-09-13 18:42:23,870 - SourceAnalyzer - DEBUG - logger.py:64 - 배치 쿼리 실행 성공: 
            INSERT OR IGNORE INTO columns (table_..., 처리된 행: 91
2025-09-13 18:42:23,870 - SourceAnalyzer - INFO - logger.py:68 - 컬럼 정보 저장 완료: 91개 컬럼 (오류: 0개)
2025-09-13 18:42:23,870 - SourceAnalyzer - DEBUG - logger.py:64 - 쿼리 실행 성공: 
                SELECT f.file_id 
               ...
2025-09-13 18:42:23,870 - SourceAnalyzer - DEBUG - logger.py:64 - 쿼리 실행 성공: 
                SELECT table_id, table_name, tabl...
2025-09-13 18:42:23,871 - SourceAnalyzer - DEBUG - logger.py:64 - 배치 쿼리 실행 성공: 
            INSERT OR IGNORE INTO components (pro..., 처리된 행: 16
2025-09-13 18:42:23,871 - SourceAnalyzer - INFO - logger.py:68 - 테이블 컴포넌트 생성 완료: 16개
2025-09-13 18:42:23,871 - SourceAnalyzer - DEBUG - logger.py:64 - 업데이트 쿼리 실행 성공: 
                UPDATE tables 
                SE..., 영향받은 행: 16
2025-09-13 18:42:23,871 - SourceAnalyzer - DEBUG - logger.py:64 - 테이블 component_id 업데이트 완료
2025-09-13 18:42:23,871 - SourceAnalyzer - DEBUG - logger.py:64 - 쿼리 실행 성공: 
                SELECT f.file_id 
               ...
2025-09-13 18:42:23,871 - SourceAnalyzer - DEBUG - logger.py:64 - 쿼리 실행 성공: 
                SELECT c.column_id, c.column_name...
2025-09-13 18:42:23,871 - SourceAnalyzer - DEBUG - logger.py:64 - 쿼리 실행 성공: 
                    SELECT t.component_id 
      ...
2025-09-13 18:42:23,871 - SourceAnalyzer - DEBUG - logger.py:64 - 쿼리 실행 성공: 
                    SELECT t.component_id 
      ...
2025-09-13 18:42:23,871 - SourceAnalyzer - DEBUG - logger.py:64 - 쿼리 실행 성공: 
                    SELECT t.component_id 
      ...
2025-09-13 18:42:23,871 - SourceAnalyzer - DEBUG - logger.py:64 - 쿼리 실행 성공: 
                    SELECT t.component_id 
      ...
2025-09-13 18:42:23,871 - SourceAnalyzer - DEBUG - logger.py:64 - 쿼리 실행 성공: 
                    SELECT t.component_id 
      ...
2025-09-13 18:42:23,871 - SourceAnalyzer - DEBUG - logger.py:64 - 쿼리 실행 성공: 
                    SELECT t.component_id 
      ...
2025-09-13 18:42:23,872 - SourceAnalyzer - DEBUG - logger.py:64 - 쿼리 실행 성공: 
                    SELECT t.component_id 
      ...
2025-09-13 18:42:23,872 - SourceAnalyzer - DEBUG - logger.py:64 - 쿼리 실행 성공: 
                    SELECT t.component_id 
      ...
2025-09-13 18:42:23,872 - SourceAnalyzer - DEBUG - logger.py:64 - 쿼리 실행 성공: 
                    SELECT t.component_id 
      ...
2025-09-13 18:42:23,872 - SourceAnalyzer - DEBUG - logger.py:64 - 쿼리 실행 성공: 
                    SELECT t.component_id 
      ...
2025-09-13 18:42:23,872 - SourceAnalyzer - DEBUG - logger.py:64 - 쿼리 실행 성공: 
                    SELECT t.component_id 
      ...
2025-09-13 18:42:23,872 - SourceAnalyzer - DEBUG - logger.py:64 - 쿼리 실행 성공: 
                    SELECT t.component_id 
      ...
2025-09-13 18:42:23,872 - SourceAnalyzer - DEBUG - logger.py:64 - 쿼리 실행 성공: 
                    SELECT t.component_id 
      ...
2025-09-13 18:42:23,872 - SourceAnalyzer - DEBUG - logger.py:64 - 쿼리 실행 성공: 
                    SELECT t.component_id 
      ...
2025-09-13 18:42:23,872 - SourceAnalyzer - DEBUG - logger.py:64 - 쿼리 실행 성공: 
                    SELECT t.component_id 
      ...
2025-09-13 18:42:23,872 - SourceAnalyzer - DEBUG - logger.py:64 - 쿼리 실행 성공: 
                    SELECT t.component_id 
      ...
2025-09-13 18:42:23,872 - SourceAnalyzer - DEBUG - logger.py:64 - 쿼리 실행 성공: 
                    SELECT t.component_id 
      ...
2025-09-13 18:42:23,872 - SourceAnalyzer - DEBUG - logger.py:64 - 쿼리 실행 성공: 
                    SELECT t.component_id 
      ...
2025-09-13 18:42:23,872 - SourceAnalyzer - DEBUG - logger.py:64 - 쿼리 실행 성공: 
                    SELECT t.component_id 
      ...
2025-09-13 18:42:23,872 - SourceAnalyzer - DEBUG - logger.py:64 - 쿼리 실행 성공: 
                    SELECT t.component_id 
      ...
2025-09-13 18:42:23,872 - SourceAnalyzer - DEBUG - logger.py:64 - 쿼리 실행 성공: 
                    SELECT t.component_id 
      ...
2025-09-13 18:42:23,872 - SourceAnalyzer - DEBUG - logger.py:64 - 쿼리 실행 성공: 
                    SELECT t.component_id 
      ...
2025-09-13 18:42:23,872 - SourceAnalyzer - DEBUG - logger.py:64 - 쿼리 실행 성공: 
                    SELECT t.component_id 
      ...
2025-09-13 18:42:23,872 - SourceAnalyzer - DEBUG - logger.py:64 - 쿼리 실행 성공: 
                    SELECT t.component_id 
      ...
2025-09-13 18:42:23,872 - SourceAnalyzer - DEBUG - logger.py:64 - 쿼리 실행 성공: 
                    SELECT t.component_id 
      ...
2025-09-13 18:42:23,872 - SourceAnalyzer - DEBUG - logger.py:64 - 쿼리 실행 성공: 
                    SELECT t.component_id 
      ...
2025-09-13 18:42:23,872 - SourceAnalyzer - DEBUG - logger.py:64 - 쿼리 실행 성공: 
                    SELECT t.component_id 
      ...
2025-09-13 18:42:23,873 - SourceAnalyzer - DEBUG - logger.py:64 - 쿼리 실행 성공: 
                    SELECT t.component_id 
      ...
2025-09-13 18:42:23,873 - SourceAnalyzer - DEBUG - logger.py:64 - 쿼리 실행 성공: 
                    SELECT t.component_id 
      ...
2025-09-13 18:42:23,873 - SourceAnalyzer - DEBUG - logger.py:64 - 쿼리 실행 성공: 
                    SELECT t.component_id 
      ...
2025-09-13 18:42:23,873 - SourceAnalyzer - DEBUG - logger.py:64 - 쿼리 실행 성공: 
                    SELECT t.component_id 
      ...
2025-09-13 18:42:23,873 - SourceAnalyzer - DEBUG - logger.py:64 - 쿼리 실행 성공: 
                    SELECT t.component_id 
      ...
2025-09-13 18:42:23,873 - SourceAnalyzer - DEBUG - logger.py:64 - 쿼리 실행 성공: 
                    SELECT t.component_id 
      ...
2025-09-13 18:42:23,873 - SourceAnalyzer - DEBUG - logger.py:64 - 쿼리 실행 성공: 
                    SELECT t.component_id 
      ...
2025-09-13 18:42:23,873 - SourceAnalyzer - DEBUG - logger.py:64 - 쿼리 실행 성공: 
                    SELECT t.component_id 
      ...
2025-09-13 18:42:23,873 - SourceAnalyzer - DEBUG - logger.py:64 - 쿼리 실행 성공: 
                    SELECT t.component_id 
      ...
2025-09-13 18:42:23,873 - SourceAnalyzer - DEBUG - logger.py:64 - 쿼리 실행 성공: 
                    SELECT t.component_id 
      ...
2025-09-13 18:42:23,873 - SourceAnalyzer - DEBUG - logger.py:64 - 쿼리 실행 성공: 
                    SELECT t.component_id 
      ...
2025-09-13 18:42:23,873 - SourceAnalyzer - DEBUG - logger.py:64 - 쿼리 실행 성공: 
                    SELECT t.component_id 
      ...
2025-09-13 18:42:23,873 - SourceAnalyzer - DEBUG - logger.py:64 - 쿼리 실행 성공: 
                    SELECT t.component_id 
      ...
2025-09-13 18:42:23,873 - SourceAnalyzer - DEBUG - logger.py:64 - 쿼리 실행 성공: 
                    SELECT t.component_id 
      ...
2025-09-13 18:42:23,873 - SourceAnalyzer - DEBUG - logger.py:64 - 쿼리 실행 성공: 
                    SELECT t.component_id 
      ...
2025-09-13 18:42:23,873 - SourceAnalyzer - DEBUG - logger.py:64 - 쿼리 실행 성공: 
                    SELECT t.component_id 
      ...
2025-09-13 18:42:23,873 - SourceAnalyzer - DEBUG - logger.py:64 - 쿼리 실행 성공: 
                    SELECT t.component_id 
      ...
2025-09-13 18:42:23,873 - SourceAnalyzer - DEBUG - logger.py:64 - 쿼리 실행 성공: 
                    SELECT t.component_id 
      ...
2025-09-13 18:42:23,873 - SourceAnalyzer - DEBUG - logger.py:64 - 쿼리 실행 성공: 
                    SELECT t.component_id 
      ...
2025-09-13 18:42:23,873 - SourceAnalyzer - DEBUG - logger.py:64 - 쿼리 실행 성공: 
                    SELECT t.component_id 
      ...
2025-09-13 18:42:23,873 - SourceAnalyzer - DEBUG - logger.py:64 - 쿼리 실행 성공: 
                    SELECT t.component_id 
      ...
2025-09-13 18:42:23,874 - SourceAnalyzer - DEBUG - logger.py:64 - 쿼리 실행 성공: 
                    SELECT t.component_id 
      ...
2025-09-13 18:42:23,874 - SourceAnalyzer - DEBUG - logger.py:64 - 쿼리 실행 성공: 
                    SELECT t.component_id 
      ...
2025-09-13 18:42:23,874 - SourceAnalyzer - DEBUG - logger.py:64 - 쿼리 실행 성공: 
                    SELECT t.component_id 
      ...
2025-09-13 18:42:23,874 - SourceAnalyzer - DEBUG - logger.py:64 - 쿼리 실행 성공: 
                    SELECT t.component_id 
      ...
2025-09-13 18:42:23,874 - SourceAnalyzer - DEBUG - logger.py:64 - 쿼리 실행 성공: 
                    SELECT t.component_id 
      ...
2025-09-13 18:42:23,874 - SourceAnalyzer - DEBUG - logger.py:64 - 쿼리 실행 성공: 
                    SELECT t.component_id 
      ...
2025-09-13 18:42:23,874 - SourceAnalyzer - DEBUG - logger.py:64 - 쿼리 실행 성공: 
                    SELECT t.component_id 
      ...
2025-09-13 18:42:23,874 - SourceAnalyzer - DEBUG - logger.py:64 - 쿼리 실행 성공: 
                    SELECT t.component_id 
      ...
2025-09-13 18:42:23,874 - SourceAnalyzer - DEBUG - logger.py:64 - 쿼리 실행 성공: 
                    SELECT t.component_id 
      ...
2025-09-13 18:42:23,874 - SourceAnalyzer - DEBUG - logger.py:64 - 쿼리 실행 성공: 
                    SELECT t.component_id 
      ...
2025-09-13 18:42:23,874 - SourceAnalyzer - DEBUG - logger.py:64 - 쿼리 실행 성공: 
                    SELECT t.component_id 
      ...
2025-09-13 18:42:23,874 - SourceAnalyzer - DEBUG - logger.py:64 - 쿼리 실행 성공: 
                    SELECT t.component_id 
      ...
2025-09-13 18:42:23,874 - SourceAnalyzer - DEBUG - logger.py:64 - 쿼리 실행 성공: 
                    SELECT t.component_id 
      ...
2025-09-13 18:42:23,874 - SourceAnalyzer - DEBUG - logger.py:64 - 쿼리 실행 성공: 
                    SELECT t.component_id 
      ...
2025-09-13 18:42:23,874 - SourceAnalyzer - DEBUG - logger.py:64 - 쿼리 실행 성공: 
                    SELECT t.component_id 
      ...
2025-09-13 18:42:23,874 - SourceAnalyzer - DEBUG - logger.py:64 - 쿼리 실행 성공: 
                    SELECT t.component_id 
      ...
2025-09-13 18:42:23,874 - SourceAnalyzer - DEBUG - logger.py:64 - 쿼리 실행 성공: 
                    SELECT t.component_id 
      ...
2025-09-13 18:42:23,874 - SourceAnalyzer - DEBUG - logger.py:64 - 쿼리 실행 성공: 
                    SELECT t.component_id 
      ...
2025-09-13 18:42:23,874 - SourceAnalyzer - DEBUG - logger.py:64 - 쿼리 실행 성공: 
                    SELECT t.component_id 
      ...
2025-09-13 18:42:23,874 - SourceAnalyzer - DEBUG - logger.py:64 - 쿼리 실행 성공: 
                    SELECT t.component_id 
      ...
2025-09-13 18:42:23,874 - SourceAnalyzer - DEBUG - logger.py:64 - 쿼리 실행 성공: 
                    SELECT t.component_id 
      ...
2025-09-13 18:42:23,875 - SourceAnalyzer - DEBUG - logger.py:64 - 쿼리 실행 성공: 
                    SELECT t.component_id 
      ...
2025-09-13 18:42:23,875 - SourceAnalyzer - DEBUG - logger.py:64 - 쿼리 실행 성공: 
                    SELECT t.component_id 
      ...
2025-09-13 18:42:23,875 - SourceAnalyzer - DEBUG - logger.py:64 - 쿼리 실행 성공: 
                    SELECT t.component_id 
      ...
2025-09-13 18:42:23,875 - SourceAnalyzer - DEBUG - logger.py:64 - 쿼리 실행 성공: 
                    SELECT t.component_id 
      ...
2025-09-13 18:42:23,875 - SourceAnalyzer - DEBUG - logger.py:64 - 쿼리 실행 성공: 
                    SELECT t.component_id 
      ...
2025-09-13 18:42:23,875 - SourceAnalyzer - DEBUG - logger.py:64 - 쿼리 실행 성공: 
                    SELECT t.component_id 
      ...
2025-09-13 18:42:23,875 - SourceAnalyzer - DEBUG - logger.py:64 - 쿼리 실행 성공: 
                    SELECT t.component_id 
      ...
2025-09-13 18:42:23,875 - SourceAnalyzer - DEBUG - logger.py:64 - 쿼리 실행 성공: 
                    SELECT t.component_id 
      ...
2025-09-13 18:42:23,875 - SourceAnalyzer - DEBUG - logger.py:64 - 쿼리 실행 성공: 
                    SELECT t.component_id 
      ...
2025-09-13 18:42:23,875 - SourceAnalyzer - DEBUG - logger.py:64 - 쿼리 실행 성공: 
                    SELECT t.component_id 
      ...
2025-09-13 18:42:23,875 - SourceAnalyzer - DEBUG - logger.py:64 - 쿼리 실행 성공: 
                    SELECT t.component_id 
      ...
2025-09-13 18:42:23,875 - SourceAnalyzer - DEBUG - logger.py:64 - 쿼리 실행 성공: 
                    SELECT t.component_id 
      ...
2025-09-13 18:42:23,875 - SourceAnalyzer - DEBUG - logger.py:64 - 쿼리 실행 성공: 
                    SELECT t.component_id 
      ...
2025-09-13 18:42:23,875 - SourceAnalyzer - DEBUG - logger.py:64 - 쿼리 실행 성공: 
                    SELECT t.component_id 
      ...
2025-09-13 18:42:23,875 - SourceAnalyzer - DEBUG - logger.py:64 - 쿼리 실행 성공: 
                    SELECT t.component_id 
      ...
2025-09-13 18:42:23,875 - SourceAnalyzer - DEBUG - logger.py:64 - 쿼리 실행 성공: 
                    SELECT t.component_id 
      ...
2025-09-13 18:42:23,875 - SourceAnalyzer - DEBUG - logger.py:64 - 쿼리 실행 성공: 
                    SELECT t.component_id 
      ...
2025-09-13 18:42:23,875 - SourceAnalyzer - DEBUG - logger.py:64 - 쿼리 실행 성공: 
                    SELECT t.component_id 
      ...
2025-09-13 18:42:23,875 - SourceAnalyzer - DEBUG - logger.py:64 - 쿼리 실행 성공: 
                    SELECT t.component_id 
      ...
2025-09-13 18:42:23,875 - SourceAnalyzer - DEBUG - logger.py:64 - 쿼리 실행 성공: 
                    SELECT t.component_id 
      ...
2025-09-13 18:42:23,875 - SourceAnalyzer - DEBUG - logger.py:64 - 쿼리 실행 성공: 
                    SELECT t.component_id 
      ...
2025-09-13 18:42:23,875 - SourceAnalyzer - DEBUG - logger.py:64 - 쿼리 실행 성공: 
                    SELECT t.component_id 
      ...
2025-09-13 18:42:23,876 - SourceAnalyzer - DEBUG - logger.py:64 - 배치 쿼리 실행 성공: 
            INSERT OR IGNORE INTO components (pro..., 처리된 행: 91
2025-09-13 18:42:23,876 - SourceAnalyzer - INFO - logger.py:68 - 컬럼 컴포넌트 생성 완료: 91개
2025-09-13 18:42:23,877 - SourceAnalyzer - DEBUG - logger.py:64 - 쿼리 실행 성공: 
                SELECT component_id FROM componen...
2025-09-13 18:42:23,877 - SourceAnalyzer - DEBUG - logger.py:64 - 쿼리 실행 성공: 
                SELECT component_id FROM componen...
2025-09-13 18:42:23,877 - SourceAnalyzer - DEBUG - logger.py:64 - 쿼리 실행 성공: 
                SELECT component_id FROM componen...
2025-09-13 18:42:23,877 - SourceAnalyzer - DEBUG - logger.py:64 - 쿼리 실행 성공: 
                SELECT component_id FROM componen...
2025-09-13 18:42:23,877 - SourceAnalyzer - DEBUG - logger.py:64 - 쿼리 실행 성공: 
                SELECT component_id FROM componen...
2025-09-13 18:42:23,877 - SourceAnalyzer - DEBUG - logger.py:64 - 쿼리 실행 성공: 
                SELECT component_id FROM componen...
2025-09-13 18:42:23,877 - SourceAnalyzer - DEBUG - logger.py:64 - 쿼리 실행 성공: 
                SELECT component_id FROM componen...
2025-09-13 18:42:23,877 - SourceAnalyzer - DEBUG - logger.py:64 - 쿼리 실행 성공: 
                SELECT component_id FROM componen...
2025-09-13 18:42:23,877 - SourceAnalyzer - DEBUG - logger.py:64 - 쿼리 실행 성공: 
                SELECT component_id FROM componen...
2025-09-13 18:42:23,877 - SourceAnalyzer - DEBUG - logger.py:64 - 쿼리 실행 성공: 
                SELECT component_id FROM componen...
2025-09-13 18:42:23,877 - SourceAnalyzer - DEBUG - logger.py:64 - 쿼리 실행 성공: 
                SELECT component_id FROM componen...
2025-09-13 18:42:23,877 - SourceAnalyzer - DEBUG - logger.py:64 - 쿼리 실행 성공: 
                SELECT component_id FROM componen...
2025-09-13 18:42:23,877 - SourceAnalyzer - DEBUG - logger.py:64 - 쿼리 실행 성공: 
                SELECT component_id FROM componen...
2025-09-13 18:42:23,877 - SourceAnalyzer - DEBUG - logger.py:64 - 쿼리 실행 성공: 
                SELECT component_id FROM componen...
2025-09-13 18:42:23,877 - SourceAnalyzer - DEBUG - logger.py:64 - 쿼리 실행 성공: 
                SELECT component_id FROM componen...
2025-09-13 18:42:23,877 - SourceAnalyzer - DEBUG - logger.py:64 - 쿼리 실행 성공: 
                SELECT component_id FROM componen...
2025-09-13 18:42:23,878 - SourceAnalyzer - DEBUG - logger.py:64 - 쿼리 실행 성공: 
                SELECT component_id FROM componen...
2025-09-13 18:42:23,878 - SourceAnalyzer - DEBUG - logger.py:64 - 쿼리 실행 성공: 
                SELECT component_id FROM componen...
2025-09-13 18:42:23,878 - SourceAnalyzer - DEBUG - logger.py:64 - 쿼리 실행 성공: 
                SELECT component_id FROM componen...
2025-09-13 18:42:23,878 - SourceAnalyzer - DEBUG - logger.py:64 - 쿼리 실행 성공: 
                SELECT component_id FROM componen...
2025-09-13 18:42:23,878 - SourceAnalyzer - DEBUG - logger.py:64 - 쿼리 실행 성공: 
                SELECT component_id FROM componen...
2025-09-13 18:42:23,878 - SourceAnalyzer - DEBUG - logger.py:64 - 쿼리 실행 성공: 
                SELECT component_id FROM componen...
2025-09-13 18:42:23,878 - SourceAnalyzer - DEBUG - logger.py:64 - 쿼리 실행 성공: 
                SELECT component_id FROM componen...
2025-09-13 18:42:23,878 - SourceAnalyzer - DEBUG - logger.py:64 - 쿼리 실행 성공: 
                SELECT component_id FROM componen...
2025-09-13 18:42:23,878 - SourceAnalyzer - DEBUG - logger.py:64 - 쿼리 실행 성공: 
                SELECT component_id FROM componen...
2025-09-13 18:42:23,878 - SourceAnalyzer - DEBUG - logger.py:64 - 쿼리 실행 성공: 
                SELECT component_id FROM componen...
2025-09-13 18:42:23,878 - SourceAnalyzer - DEBUG - logger.py:64 - 쿼리 실행 성공: 
                SELECT component_id FROM componen...
2025-09-13 18:42:23,878 - SourceAnalyzer - DEBUG - logger.py:64 - 쿼리 실행 성공: 
                SELECT component_id FROM componen...
2025-09-13 18:42:23,878 - SourceAnalyzer - DEBUG - logger.py:64 - 쿼리 실행 성공: 
                SELECT component_id FROM componen...
2025-09-13 18:42:23,878 - SourceAnalyzer - DEBUG - logger.py:64 - 쿼리 실행 성공: 
                SELECT component_id FROM componen...
2025-09-13 18:42:23,878 - SourceAnalyzer - DEBUG - logger.py:64 - 쿼리 실행 성공: 
                SELECT component_id FROM componen...
2025-09-13 18:42:23,878 - SourceAnalyzer - DEBUG - logger.py:64 - 쿼리 실행 성공: 
                SELECT component_id FROM componen...
2025-09-13 18:42:23,878 - SourceAnalyzer - DEBUG - logger.py:64 - 쿼리 실행 성공: 
                SELECT component_id FROM componen...
2025-09-13 18:42:23,878 - SourceAnalyzer - DEBUG - logger.py:64 - 쿼리 실행 성공: 
                SELECT component_id FROM componen...
2025-09-13 18:42:23,878 - SourceAnalyzer - DEBUG - logger.py:64 - 쿼리 실행 성공: 
                SELECT component_id FROM componen...
2025-09-13 18:42:23,878 - SourceAnalyzer - DEBUG - logger.py:64 - 쿼리 실행 성공: 
                SELECT component_id FROM componen...
2025-09-13 18:42:23,879 - SourceAnalyzer - DEBUG - logger.py:64 - 쿼리 실행 성공: 
                SELECT component_id FROM componen...
2025-09-13 18:42:23,879 - SourceAnalyzer - DEBUG - logger.py:64 - 쿼리 실행 성공: 
                SELECT component_id FROM componen...
2025-09-13 18:42:23,879 - SourceAnalyzer - DEBUG - logger.py:64 - 쿼리 실행 성공: 
                SELECT component_id FROM componen...
2025-09-13 18:42:23,879 - SourceAnalyzer - DEBUG - logger.py:64 - 쿼리 실행 성공: 
                SELECT component_id FROM componen...
2025-09-13 18:42:23,879 - SourceAnalyzer - DEBUG - logger.py:64 - 쿼리 실행 성공: 
                SELECT component_id FROM componen...
2025-09-13 18:42:23,879 - SourceAnalyzer - DEBUG - logger.py:64 - 쿼리 실행 성공: 
                SELECT component_id FROM componen...
2025-09-13 18:42:23,879 - SourceAnalyzer - DEBUG - logger.py:64 - 쿼리 실행 성공: 
                SELECT component_id FROM componen...
2025-09-13 18:42:23,879 - SourceAnalyzer - DEBUG - logger.py:64 - 쿼리 실행 성공: 
                SELECT component_id FROM componen...
2025-09-13 18:42:23,879 - SourceAnalyzer - DEBUG - logger.py:64 - 쿼리 실행 성공: 
                SELECT component_id FROM componen...
2025-09-13 18:42:23,879 - SourceAnalyzer - DEBUG - logger.py:64 - 쿼리 실행 성공: 
                SELECT component_id FROM componen...
2025-09-13 18:42:23,879 - SourceAnalyzer - DEBUG - logger.py:64 - 쿼리 실행 성공: 
                SELECT component_id FROM componen...
2025-09-13 18:42:23,879 - SourceAnalyzer - DEBUG - logger.py:64 - 쿼리 실행 성공: 
                SELECT component_id FROM componen...
2025-09-13 18:42:23,879 - SourceAnalyzer - DEBUG - logger.py:64 - 쿼리 실행 성공: 
                SELECT component_id FROM componen...
2025-09-13 18:42:23,879 - SourceAnalyzer - DEBUG - logger.py:64 - 쿼리 실행 성공: 
                SELECT component_id FROM componen...
2025-09-13 18:42:23,879 - SourceAnalyzer - DEBUG - logger.py:64 - 쿼리 실행 성공: 
                SELECT component_id FROM componen...
2025-09-13 18:42:23,879 - SourceAnalyzer - DEBUG - logger.py:64 - 쿼리 실행 성공: 
                SELECT component_id FROM componen...
2025-09-13 18:42:23,879 - SourceAnalyzer - DEBUG - logger.py:64 - 쿼리 실행 성공: 
                SELECT component_id FROM componen...
2025-09-13 18:42:23,879 - SourceAnalyzer - DEBUG - logger.py:64 - 쿼리 실행 성공: 
                SELECT component_id FROM componen...
2025-09-13 18:42:23,879 - SourceAnalyzer - DEBUG - logger.py:64 - 쿼리 실행 성공: 
                SELECT component_id FROM componen...
2025-09-13 18:42:23,879 - SourceAnalyzer - DEBUG - logger.py:64 - 쿼리 실행 성공: 
                SELECT component_id FROM componen...
2025-09-13 18:42:23,880 - SourceAnalyzer - DEBUG - logger.py:64 - 쿼리 실행 성공: 
                SELECT component_id FROM componen...
2025-09-13 18:42:23,880 - SourceAnalyzer - DEBUG - logger.py:64 - 쿼리 실행 성공: 
                SELECT component_id FROM componen...
2025-09-13 18:42:23,880 - SourceAnalyzer - DEBUG - logger.py:64 - 쿼리 실행 성공: 
                SELECT component_id FROM componen...
2025-09-13 18:42:23,880 - SourceAnalyzer - DEBUG - logger.py:64 - 쿼리 실행 성공: 
                SELECT component_id FROM componen...
2025-09-13 18:42:23,880 - SourceAnalyzer - DEBUG - logger.py:64 - 쿼리 실행 성공: 
                SELECT component_id FROM componen...
2025-09-13 18:42:23,880 - SourceAnalyzer - DEBUG - logger.py:64 - 쿼리 실행 성공: 
                SELECT component_id FROM componen...
2025-09-13 18:42:23,880 - SourceAnalyzer - DEBUG - logger.py:64 - 쿼리 실행 성공: 
                SELECT component_id FROM componen...
2025-09-13 18:42:23,880 - SourceAnalyzer - DEBUG - logger.py:64 - 쿼리 실행 성공: 
                SELECT component_id FROM componen...
2025-09-13 18:42:23,880 - SourceAnalyzer - DEBUG - logger.py:64 - 쿼리 실행 성공: 
                SELECT component_id FROM componen...
2025-09-13 18:42:23,880 - SourceAnalyzer - DEBUG - logger.py:64 - 쿼리 실행 성공: 
                SELECT component_id FROM componen...
2025-09-13 18:42:23,880 - SourceAnalyzer - DEBUG - logger.py:64 - 쿼리 실행 성공: 
                SELECT component_id FROM componen...
2025-09-13 18:42:23,880 - SourceAnalyzer - DEBUG - logger.py:64 - 쿼리 실행 성공: 
                SELECT component_id FROM componen...
2025-09-13 18:42:23,880 - SourceAnalyzer - DEBUG - logger.py:64 - 쿼리 실행 성공: 
                SELECT component_id FROM componen...
2025-09-13 18:42:23,880 - SourceAnalyzer - DEBUG - logger.py:64 - 쿼리 실행 성공: 
                SELECT component_id FROM componen...
2025-09-13 18:42:23,880 - SourceAnalyzer - DEBUG - logger.py:64 - 쿼리 실행 성공: 
                SELECT component_id FROM componen...
2025-09-13 18:42:23,880 - SourceAnalyzer - DEBUG - logger.py:64 - 쿼리 실행 성공: 
                SELECT component_id FROM componen...
2025-09-13 18:42:23,881 - SourceAnalyzer - DEBUG - logger.py:64 - 쿼리 실행 성공: 
                SELECT component_id FROM componen...
2025-09-13 18:42:23,881 - SourceAnalyzer - DEBUG - logger.py:64 - 쿼리 실행 성공: 
                SELECT component_id FROM componen...
2025-09-13 18:42:23,881 - SourceAnalyzer - DEBUG - logger.py:64 - 쿼리 실행 성공: 
                SELECT component_id FROM componen...
2025-09-13 18:42:23,881 - SourceAnalyzer - DEBUG - logger.py:64 - 쿼리 실행 성공: 
                SELECT component_id FROM componen...
2025-09-13 18:42:23,881 - SourceAnalyzer - DEBUG - logger.py:64 - 쿼리 실행 성공: 
                SELECT component_id FROM componen...
2025-09-13 18:42:23,881 - SourceAnalyzer - DEBUG - logger.py:64 - 쿼리 실행 성공: 
                SELECT component_id FROM componen...
2025-09-13 18:42:23,881 - SourceAnalyzer - DEBUG - logger.py:64 - 쿼리 실행 성공: 
                SELECT component_id FROM componen...
2025-09-13 18:42:23,881 - SourceAnalyzer - DEBUG - logger.py:64 - 쿼리 실행 성공: 
                SELECT component_id FROM componen...
2025-09-13 18:42:23,881 - SourceAnalyzer - DEBUG - logger.py:64 - 쿼리 실행 성공: 
                SELECT component_id FROM componen...
2025-09-13 18:42:23,881 - SourceAnalyzer - DEBUG - logger.py:64 - 쿼리 실행 성공: 
                SELECT component_id FROM componen...
2025-09-13 18:42:23,881 - SourceAnalyzer - DEBUG - logger.py:64 - 쿼리 실행 성공: 
                SELECT component_id FROM componen...
2025-09-13 18:42:23,881 - SourceAnalyzer - DEBUG - logger.py:64 - 쿼리 실행 성공: 
                SELECT component_id FROM componen...
2025-09-13 18:42:23,881 - SourceAnalyzer - DEBUG - logger.py:64 - 쿼리 실행 성공: 
                SELECT component_id FROM componen...
2025-09-13 18:42:23,881 - SourceAnalyzer - DEBUG - logger.py:64 - 쿼리 실행 성공: 
                SELECT component_id FROM componen...
2025-09-13 18:42:23,881 - SourceAnalyzer - DEBUG - logger.py:64 - 쿼리 실행 성공: 
                SELECT component_id FROM componen...
2025-09-13 18:42:23,881 - SourceAnalyzer - DEBUG - logger.py:64 - 쿼리 실행 성공: 
                SELECT component_id FROM componen...
2025-09-13 18:42:23,881 - SourceAnalyzer - DEBUG - logger.py:64 - 쿼리 실행 성공: 
                SELECT component_id FROM componen...
2025-09-13 18:42:23,882 - SourceAnalyzer - DEBUG - logger.py:64 - 쿼리 실행 성공: 
                SELECT component_id FROM componen...
2025-09-13 18:42:23,882 - SourceAnalyzer - DEBUG - logger.py:64 - 쿼리 실행 성공: 
                SELECT component_id FROM componen...
2025-09-13 18:42:23,882 - SourceAnalyzer - DEBUG - logger.py:64 - 업데이트 쿼리 실행 성공: 
            UPDATE columns
            SET compon..., 영향받은 행: 1
2025-09-13 18:42:23,882 - SourceAnalyzer - DEBUG - logger.py:64 - 업데이트 쿼리 실행 성공: 
            UPDATE columns
            SET compon..., 영향받은 행: 1
2025-09-13 18:42:23,882 - SourceAnalyzer - DEBUG - logger.py:64 - 업데이트 쿼리 실행 성공: 
            UPDATE columns
            SET compon..., 영향받은 행: 1
2025-09-13 18:42:23,882 - SourceAnalyzer - DEBUG - logger.py:64 - 업데이트 쿼리 실행 성공: 
            UPDATE columns
            SET compon..., 영향받은 행: 1
2025-09-13 18:42:23,882 - SourceAnalyzer - DEBUG - logger.py:64 - 업데이트 쿼리 실행 성공: 
            UPDATE columns
            SET compon..., 영향받은 행: 1
2025-09-13 18:42:23,882 - SourceAnalyzer - DEBUG - logger.py:64 - 업데이트 쿼리 실행 성공: 
            UPDATE columns
            SET compon..., 영향받은 행: 1
2025-09-13 18:42:23,882 - SourceAnalyzer - DEBUG - logger.py:64 - 업데이트 쿼리 실행 성공: 
            UPDATE columns
            SET compon..., 영향받은 행: 1
2025-09-13 18:42:23,882 - SourceAnalyzer - DEBUG - logger.py:64 - 업데이트 쿼리 실행 성공: 
            UPDATE columns
            SET compon..., 영향받은 행: 1
2025-09-13 18:42:23,882 - SourceAnalyzer - DEBUG - logger.py:64 - 업데이트 쿼리 실행 성공: 
            UPDATE columns
            SET compon..., 영향받은 행: 1
2025-09-13 18:42:23,883 - SourceAnalyzer - DEBUG - logger.py:64 - 업데이트 쿼리 실행 성공: 
            UPDATE columns
            SET compon..., 영향받은 행: 1
2025-09-13 18:42:23,883 - SourceAnalyzer - DEBUG - logger.py:64 - 업데이트 쿼리 실행 성공: 
            UPDATE columns
            SET compon..., 영향받은 행: 1
2025-09-13 18:42:23,883 - SourceAnalyzer - DEBUG - logger.py:64 - 업데이트 쿼리 실행 성공: 
            UPDATE columns
            SET compon..., 영향받은 행: 1
2025-09-13 18:42:23,883 - SourceAnalyzer - DEBUG - logger.py:64 - 업데이트 쿼리 실행 성공: 
            UPDATE columns
            SET compon..., 영향받은 행: 1
2025-09-13 18:42:23,883 - SourceAnalyzer - DEBUG - logger.py:64 - 업데이트 쿼리 실행 성공: 
            UPDATE columns
            SET compon..., 영향받은 행: 1
2025-09-13 18:42:23,883 - SourceAnalyzer - DEBUG - logger.py:64 - 업데이트 쿼리 실행 성공: 
            UPDATE columns
            SET compon..., 영향받은 행: 1
2025-09-13 18:42:23,883 - SourceAnalyzer - DEBUG - logger.py:64 - 업데이트 쿼리 실행 성공: 
            UPDATE columns
            SET compon..., 영향받은 행: 1
2025-09-13 18:42:23,883 - SourceAnalyzer - DEBUG - logger.py:64 - 업데이트 쿼리 실행 성공: 
            UPDATE columns
            SET compon..., 영향받은 행: 1
2025-09-13 18:42:23,883 - SourceAnalyzer - DEBUG - logger.py:64 - 업데이트 쿼리 실행 성공: 
            UPDATE columns
            SET compon..., 영향받은 행: 1
2025-09-13 18:42:23,883 - SourceAnalyzer - DEBUG - logger.py:64 - 업데이트 쿼리 실행 성공: 
            UPDATE columns
            SET compon..., 영향받은 행: 1
2025-09-13 18:42:23,884 - SourceAnalyzer - DEBUG - logger.py:64 - 업데이트 쿼리 실행 성공: 
            UPDATE columns
            SET compon..., 영향받은 행: 1
2025-09-13 18:42:23,884 - SourceAnalyzer - DEBUG - logger.py:64 - 업데이트 쿼리 실행 성공: 
            UPDATE columns
            SET compon..., 영향받은 행: 1
2025-09-13 18:42:23,884 - SourceAnalyzer - DEBUG - logger.py:64 - 업데이트 쿼리 실행 성공: 
            UPDATE columns
            SET compon..., 영향받은 행: 1
2025-09-13 18:42:23,884 - SourceAnalyzer - DEBUG - logger.py:64 - 업데이트 쿼리 실행 성공: 
            UPDATE columns
            SET compon..., 영향받은 행: 1
2025-09-13 18:42:23,884 - SourceAnalyzer - DEBUG - logger.py:64 - 업데이트 쿼리 실행 성공: 
            UPDATE columns
            SET compon..., 영향받은 행: 1
2025-09-13 18:42:23,884 - SourceAnalyzer - DEBUG - logger.py:64 - 업데이트 쿼리 실행 성공: 
            UPDATE columns
            SET compon..., 영향받은 행: 1
2025-09-13 18:42:23,884 - SourceAnalyzer - DEBUG - logger.py:64 - 업데이트 쿼리 실행 성공: 
            UPDATE columns
            SET compon..., 영향받은 행: 1
2025-09-13 18:42:23,884 - SourceAnalyzer - DEBUG - logger.py:64 - 업데이트 쿼리 실행 성공: 
            UPDATE columns
            SET compon..., 영향받은 행: 1
2025-09-13 18:42:23,885 - SourceAnalyzer - DEBUG - logger.py:64 - 업데이트 쿼리 실행 성공: 
            UPDATE columns
            SET compon..., 영향받은 행: 1
2025-09-13 18:42:23,885 - SourceAnalyzer - DEBUG - logger.py:64 - 업데이트 쿼리 실행 성공: 
            UPDATE columns
            SET compon..., 영향받은 행: 1
2025-09-13 18:42:23,885 - SourceAnalyzer - DEBUG - logger.py:64 - 업데이트 쿼리 실행 성공: 
            UPDATE columns
            SET compon..., 영향받은 행: 1
2025-09-13 18:42:23,885 - SourceAnalyzer - DEBUG - logger.py:64 - 업데이트 쿼리 실행 성공: 
            UPDATE columns
            SET compon..., 영향받은 행: 1
2025-09-13 18:42:23,885 - SourceAnalyzer - DEBUG - logger.py:64 - 업데이트 쿼리 실행 성공: 
            UPDATE columns
            SET compon..., 영향받은 행: 1
2025-09-13 18:42:23,885 - SourceAnalyzer - DEBUG - logger.py:64 - 업데이트 쿼리 실행 성공: 
            UPDATE columns
            SET compon..., 영향받은 행: 1
2025-09-13 18:42:23,885 - SourceAnalyzer - DEBUG - logger.py:64 - 업데이트 쿼리 실행 성공: 
            UPDATE columns
            SET compon..., 영향받은 행: 1
2025-09-13 18:42:23,885 - SourceAnalyzer - DEBUG - logger.py:64 - 업데이트 쿼리 실행 성공: 
            UPDATE columns
            SET compon..., 영향받은 행: 1
2025-09-13 18:42:23,885 - SourceAnalyzer - DEBUG - logger.py:64 - 업데이트 쿼리 실행 성공: 
            UPDATE columns
            SET compon..., 영향받은 행: 1
2025-09-13 18:42:23,885 - SourceAnalyzer - DEBUG - logger.py:64 - 업데이트 쿼리 실행 성공: 
            UPDATE columns
            SET compon..., 영향받은 행: 1
2025-09-13 18:42:23,885 - SourceAnalyzer - DEBUG - logger.py:64 - 업데이트 쿼리 실행 성공: 
            UPDATE columns
            SET compon..., 영향받은 행: 1
2025-09-13 18:42:23,886 - SourceAnalyzer - DEBUG - logger.py:64 - 업데이트 쿼리 실행 성공: 
            UPDATE columns
            SET compon..., 영향받은 행: 1
2025-09-13 18:42:23,886 - SourceAnalyzer - DEBUG - logger.py:64 - 업데이트 쿼리 실행 성공: 
            UPDATE columns
            SET compon..., 영향받은 행: 1
2025-09-13 18:42:23,886 - SourceAnalyzer - DEBUG - logger.py:64 - 업데이트 쿼리 실행 성공: 
            UPDATE columns
            SET compon..., 영향받은 행: 1
2025-09-13 18:42:23,886 - SourceAnalyzer - DEBUG - logger.py:64 - 업데이트 쿼리 실행 성공: 
            UPDATE columns
            SET compon..., 영향받은 행: 1
2025-09-13 18:42:23,886 - SourceAnalyzer - DEBUG - logger.py:64 - 업데이트 쿼리 실행 성공: 
            UPDATE columns
            SET compon..., 영향받은 행: 1
2025-09-13 18:42:23,886 - SourceAnalyzer - DEBUG - logger.py:64 - 업데이트 쿼리 실행 성공: 
            UPDATE columns
            SET compon..., 영향받은 행: 1
2025-09-13 18:42:23,886 - SourceAnalyzer - DEBUG - logger.py:64 - 업데이트 쿼리 실행 성공: 
            UPDATE columns
            SET compon..., 영향받은 행: 1
2025-09-13 18:42:23,886 - SourceAnalyzer - DEBUG - logger.py:64 - 업데이트 쿼리 실행 성공: 
            UPDATE columns
            SET compon..., 영향받은 행: 1
2025-09-13 18:42:23,886 - SourceAnalyzer - DEBUG - logger.py:64 - 업데이트 쿼리 실행 성공: 
            UPDATE columns
            SET compon..., 영향받은 행: 1
2025-09-13 18:42:23,887 - SourceAnalyzer - DEBUG - logger.py:64 - 업데이트 쿼리 실행 성공: 
            UPDATE columns
            SET compon..., 영향받은 행: 1
2025-09-13 18:42:23,887 - SourceAnalyzer - DEBUG - logger.py:64 - 업데이트 쿼리 실행 성공: 
            UPDATE columns
            SET compon..., 영향받은 행: 1
2025-09-13 18:42:23,887 - SourceAnalyzer - DEBUG - logger.py:64 - 업데이트 쿼리 실행 성공: 
            UPDATE columns
            SET compon..., 영향받은 행: 1
2025-09-13 18:42:23,887 - SourceAnalyzer - DEBUG - logger.py:64 - 업데이트 쿼리 실행 성공: 
            UPDATE columns
            SET compon..., 영향받은 행: 1
2025-09-13 18:42:23,887 - SourceAnalyzer - DEBUG - logger.py:64 - 업데이트 쿼리 실행 성공: 
            UPDATE columns
            SET compon..., 영향받은 행: 1
2025-09-13 18:42:23,887 - SourceAnalyzer - DEBUG - logger.py:64 - 업데이트 쿼리 실행 성공: 
            UPDATE columns
            SET compon..., 영향받은 행: 1
2025-09-13 18:42:23,887 - SourceAnalyzer - DEBUG - logger.py:64 - 업데이트 쿼리 실행 성공: 
            UPDATE columns
            SET compon..., 영향받은 행: 1
2025-09-13 18:42:23,887 - SourceAnalyzer - DEBUG - logger.py:64 - 업데이트 쿼리 실행 성공: 
            UPDATE columns
            SET compon..., 영향받은 행: 1
2025-09-13 18:42:23,887 - SourceAnalyzer - DEBUG - logger.py:64 - 업데이트 쿼리 실행 성공: 
            UPDATE columns
            SET compon..., 영향받은 행: 1
2025-09-13 18:42:23,887 - SourceAnalyzer - DEBUG - logger.py:64 - 업데이트 쿼리 실행 성공: 
            UPDATE columns
            SET compon..., 영향받은 행: 1
2025-09-13 18:42:23,887 - SourceAnalyzer - DEBUG - logger.py:64 - 업데이트 쿼리 실행 성공: 
            UPDATE columns
            SET compon..., 영향받은 행: 1
2025-09-13 18:42:23,887 - SourceAnalyzer - DEBUG - logger.py:64 - 업데이트 쿼리 실행 성공: 
            UPDATE columns
            SET compon..., 영향받은 행: 1
2025-09-13 18:42:23,887 - SourceAnalyzer - DEBUG - logger.py:64 - 업데이트 쿼리 실행 성공: 
            UPDATE columns
            SET compon..., 영향받은 행: 1
2025-09-13 18:42:23,888 - SourceAnalyzer - DEBUG - logger.py:64 - 업데이트 쿼리 실행 성공: 
            UPDATE columns
            SET compon..., 영향받은 행: 1
2025-09-13 18:42:23,888 - SourceAnalyzer - DEBUG - logger.py:64 - 업데이트 쿼리 실행 성공: 
            UPDATE columns
            SET compon..., 영향받은 행: 1
2025-09-13 18:42:23,888 - SourceAnalyzer - DEBUG - logger.py:64 - 업데이트 쿼리 실행 성공: 
            UPDATE columns
            SET compon..., 영향받은 행: 1
2025-09-13 18:42:23,888 - SourceAnalyzer - DEBUG - logger.py:64 - 업데이트 쿼리 실행 성공: 
            UPDATE columns
            SET compon..., 영향받은 행: 1
2025-09-13 18:42:23,888 - SourceAnalyzer - DEBUG - logger.py:64 - 업데이트 쿼리 실행 성공: 
            UPDATE columns
            SET compon..., 영향받은 행: 1
2025-09-13 18:42:23,888 - SourceAnalyzer - DEBUG - logger.py:64 - 업데이트 쿼리 실행 성공: 
            UPDATE columns
            SET compon..., 영향받은 행: 1
2025-09-13 18:42:23,888 - SourceAnalyzer - DEBUG - logger.py:64 - 업데이트 쿼리 실행 성공: 
            UPDATE columns
            SET compon..., 영향받은 행: 1
2025-09-13 18:42:23,888 - SourceAnalyzer - DEBUG - logger.py:64 - 업데이트 쿼리 실행 성공: 
            UPDATE columns
            SET compon..., 영향받은 행: 1
2025-09-13 18:42:23,888 - SourceAnalyzer - DEBUG - logger.py:64 - 업데이트 쿼리 실행 성공: 
            UPDATE columns
            SET compon..., 영향받은 행: 1
2025-09-13 18:42:23,888 - SourceAnalyzer - DEBUG - logger.py:64 - 업데이트 쿼리 실행 성공: 
            UPDATE columns
            SET compon..., 영향받은 행: 1
2025-09-13 18:42:23,888 - SourceAnalyzer - DEBUG - logger.py:64 - 업데이트 쿼리 실행 성공: 
            UPDATE columns
            SET compon..., 영향받은 행: 1
2025-09-13 18:42:23,888 - SourceAnalyzer - DEBUG - logger.py:64 - 업데이트 쿼리 실행 성공: 
            UPDATE columns
            SET compon..., 영향받은 행: 1
2025-09-13 18:42:23,888 - SourceAnalyzer - DEBUG - logger.py:64 - 업데이트 쿼리 실행 성공: 
            UPDATE columns
            SET compon..., 영향받은 행: 1
2025-09-13 18:42:23,889 - SourceAnalyzer - DEBUG - logger.py:64 - 업데이트 쿼리 실행 성공: 
            UPDATE columns
            SET compon..., 영향받은 행: 1
2025-09-13 18:42:23,889 - SourceAnalyzer - DEBUG - logger.py:64 - 업데이트 쿼리 실행 성공: 
            UPDATE columns
            SET compon..., 영향받은 행: 1
2025-09-13 18:42:23,889 - SourceAnalyzer - DEBUG - logger.py:64 - 업데이트 쿼리 실행 성공: 
            UPDATE columns
            SET compon..., 영향받은 행: 1
2025-09-13 18:42:23,889 - SourceAnalyzer - DEBUG - logger.py:64 - 업데이트 쿼리 실행 성공: 
            UPDATE columns
            SET compon..., 영향받은 행: 1
2025-09-13 18:42:23,889 - SourceAnalyzer - DEBUG - logger.py:64 - 업데이트 쿼리 실행 성공: 
            UPDATE columns
            SET compon..., 영향받은 행: 1
2025-09-13 18:42:23,889 - SourceAnalyzer - DEBUG - logger.py:64 - 업데이트 쿼리 실행 성공: 
            UPDATE columns
            SET compon..., 영향받은 행: 1
2025-09-13 18:42:23,889 - SourceAnalyzer - DEBUG - logger.py:64 - 업데이트 쿼리 실행 성공: 
            UPDATE columns
            SET compon..., 영향받은 행: 1
2025-09-13 18:42:23,889 - SourceAnalyzer - DEBUG - logger.py:64 - 업데이트 쿼리 실행 성공: 
            UPDATE columns
            SET compon..., 영향받은 행: 1
2025-09-13 18:42:23,889 - SourceAnalyzer - DEBUG - logger.py:64 - 업데이트 쿼리 실행 성공: 
            UPDATE columns
            SET compon..., 영향받은 행: 1
2025-09-13 18:42:23,889 - SourceAnalyzer - DEBUG - logger.py:64 - 업데이트 쿼리 실행 성공: 
            UPDATE columns
            SET compon..., 영향받은 행: 1
2025-09-13 18:42:23,889 - SourceAnalyzer - DEBUG - logger.py:64 - 업데이트 쿼리 실행 성공: 
            UPDATE columns
            SET compon..., 영향받은 행: 1
2025-09-13 18:42:23,889 - SourceAnalyzer - DEBUG - logger.py:64 - 업데이트 쿼리 실행 성공: 
            UPDATE columns
            SET compon..., 영향받은 행: 1
2025-09-13 18:42:23,889 - SourceAnalyzer - DEBUG - logger.py:64 - 업데이트 쿼리 실행 성공: 
            UPDATE columns
            SET compon..., 영향받은 행: 1
2025-09-13 18:42:23,889 - SourceAnalyzer - DEBUG - logger.py:64 - 업데이트 쿼리 실행 성공: 
            UPDATE columns
            SET compon..., 영향받은 행: 1
2025-09-13 18:42:23,890 - SourceAnalyzer - DEBUG - logger.py:64 - 업데이트 쿼리 실행 성공: 
            UPDATE columns
            SET compon..., 영향받은 행: 1
2025-09-13 18:42:23,890 - SourceAnalyzer - DEBUG - logger.py:64 - 업데이트 쿼리 실행 성공: 
            UPDATE columns
            SET compon..., 영향받은 행: 1
2025-09-13 18:42:23,890 - SourceAnalyzer - DEBUG - logger.py:64 - 업데이트 쿼리 실행 성공: 
            UPDATE columns
            SET compon..., 영향받은 행: 1
2025-09-13 18:42:23,890 - SourceAnalyzer - DEBUG - logger.py:64 - 업데이트 쿼리 실행 성공: 
            UPDATE columns
            SET compon..., 영향받은 행: 1
2025-09-13 18:42:23,890 - SourceAnalyzer - INFO - logger.py:68 - 컬럼 component_id 업데이트 완료: 91개
2025-09-13 18:42:23,890 - SourceAnalyzer - INFO - logger.py:68 - === 데이터베이스 구조 저장 통계 ===
2025-09-13 18:42:23,890 - SourceAnalyzer - INFO - logger.py:68 - 테이블 로드: 16 (오류: 0)
2025-09-13 18:42:23,890 - SourceAnalyzer - INFO - logger.py:68 - 컬럼 로드: 91 (오류: 0)
2025-09-13 18:42:23,890 - SourceAnalyzer - INFO - logger.py:68 - 컴포넌트 생성: 107 (오류: 0)
2025-09-13 18:42:23,890 - SourceAnalyzer - INFO - logger.py:68 - inferred 컬럼 생성: 0
2025-09-13 18:42:23,890 - SourceAnalyzer - INFO - logger.py:68 - 오류 없이 완료
2025-09-13 18:42:23,890 - SourceAnalyzer - INFO - logger.py:68 - === 데이터베이스 로딩 완료 ===
2025-09-13 18:42:23,895 - SourceAnalyzer - DEBUG - logger.py:64 - 데이터베이스 연결 해제: D:\Analyzer\CreateMetaDb\projects\sampleSrc\metadata.db
2025-09-13 18:42:23,895 - SourceAnalyzer - INFO - logger.py:68 - 2단계 완료: 데이터베이스 구조 저장 및 컴포넌트 생성
2025-09-13 18:42:23,895 - SourceAnalyzer - INFO - logger.py:68 - 3단계 실행: XML 파일 분석 및 SQL 컴포넌트 등록 + JOIN 관계 분석
2025-09-13 18:42:23,925 - SourceAnalyzer - DEBUG - logger.py:64 - 파일 읽기 성공: config/parser/sql_keyword.yaml
2025-09-13 18:42:23,946 - SourceAnalyzer - DEBUG - logger.py:64 - YAML 설정 파일 로드 성공: config/parser/sql_keyword.yaml
2025-09-13 18:42:23,947 - SourceAnalyzer - DEBUG - logger.py:64 - 파일 읽기 성공: config/parser/xml_parser_config.yaml
2025-09-13 18:42:23,953 - SourceAnalyzer - DEBUG - logger.py:64 - YAML 설정 파일 로드 성공: config/parser/xml_parser_config.yaml
2025-09-13 18:42:23,956 - SourceAnalyzer - DEBUG - logger.py:64 - 데이터베이스 연결 성공: D:\Analyzer\CreateMetaDb\projects\sampleSrc\SqlContent.db
2025-09-13 18:42:23,959 - SourceAnalyzer - DEBUG - logger.py:64 - SQL 스크립트 실행 성공: D:\Analyzer\CreateMetaDb\database\create_sql_content_db.sql
2025-09-13 18:42:23,959 - SourceAnalyzer - INFO - logger.py:68 - SQL Content 데이터베이스 초기화 완료: D:\Analyzer\CreateMetaDb\projects\sampleSrc\SqlContent.db
2025-09-13 18:42:23,959 - SourceAnalyzer - INFO - logger.py:68 - === XML 로딩 시작: 3~4단계 통합 처리 ===
2025-09-13 18:42:23,961 - SourceAnalyzer - DEBUG - logger.py:64 - 데이터베이스 연결 성공: D:\Analyzer\CreateMetaDb\projects\sampleSrc\metadata.db
2025-09-13 18:42:23,961 - SourceAnalyzer - INFO - logger.py:68 - SQL Content Processor 초기화 시작
2025-09-13 18:42:23,963 - SourceAnalyzer - DEBUG - logger.py:64 - 데이터베이스 연결 성공: D:\Analyzer\CreateMetaDb\projects\sampleSrc\SqlContent.db
2025-09-13 18:42:23,963 - SourceAnalyzer - DEBUG - logger.py:64 - SQL 스크립트 실행 성공: D:\Analyzer\CreateMetaDb\database\create_sql_content_db.sql
2025-09-13 18:42:23,963 - SourceAnalyzer - INFO - logger.py:68 - SQL Content 데이터베이스 초기화 완료: D:\Analyzer\CreateMetaDb\projects\sampleSrc\SqlContent.db
2025-09-13 18:42:23,963 - SourceAnalyzer - DEBUG - logger.py:64 - 쿼리 실행 성공: 
                SELECT file_id, file_path, file_n...
2025-09-13 18:42:23,963 - SourceAnalyzer - DEBUG - logger.py:64 - LOAD XML ID 매핑: src\com\example\dynamicquery + UserMapper.xml -> src/com/example/dynamicquery/UserMapper.xml (ID: 5)
2025-09-13 18:42:23,963 - SourceAnalyzer - DEBUG - logger.py:64 - LOAD XML ID 매핑: src\main\resources\mybatis\mapper + ImplicitJoinMapper.xml -> src/main/resources/mybatis/mapper/ImplicitJoinMapper.xml (ID: 23)
2025-09-13 18:42:23,963 - SourceAnalyzer - DEBUG - logger.py:64 - LOAD XML ID 매핑: src\main\resources\mybatis\mapper + ImplicitJoinTestMapper.xml -> src/main/resources/mybatis/mapper/ImplicitJoinTestMapper.xml (ID: 24)
2025-09-13 18:42:23,963 - SourceAnalyzer - DEBUG - logger.py:64 - LOAD XML ID 매핑: src\main\resources\mybatis\mapper + MixedErrorMapper.xml -> src/main/resources/mybatis/mapper/MixedErrorMapper.xml (ID: 25)
2025-09-13 18:42:23,964 - SourceAnalyzer - DEBUG - logger.py:64 - LOAD XML ID 매핑: src\main\resources\mybatis\mapper + ProductMapper.xml -> src/main/resources/mybatis/mapper/ProductMapper.xml (ID: 26)
2025-09-13 18:42:23,964 - SourceAnalyzer - DEBUG - logger.py:64 - LOAD XML ID 매핑: src\main\resources\mybatis\mapper + UserMapper.xml -> src/main/resources/mybatis/mapper/UserMapper.xml (ID: 27)
2025-09-13 18:42:23,964 - SourceAnalyzer - INFO - logger.py:68 - XML 파일 ID 매핑 로드 완료: 6개 파일
2025-09-13 18:42:23,964 - SourceAnalyzer - DEBUG - logger.py:64 - 매핑 테이블 키들: ['src/com/example/dynamicquery/UserMapper.xml', 'src/main/resources/mybatis/mapper/ImplicitJoinMapper.xml', 'src/main/resources/mybatis/mapper/ImplicitJoinTestMapper.xml', 'src/main/resources/mybatis/mapper/MixedErrorMapper.xml', 'src/main/resources/mybatis/mapper/ProductMapper.xml', 'src/main/resources/mybatis/mapper/UserMapper.xml']
2025-09-13 18:42:23,964 - SourceAnalyzer - INFO - logger.py:68 - SQL Content Processor 초기화 완료
2025-09-13 18:42:23,964 - SourceAnalyzer - DEBUG - logger.py:64 - 파일 읽기 성공: D:\Analyzer\CreateMetaDb\projects\sampleSrc\src\com\example\dynamicquery\UserMapper.xml
2025-09-13 18:42:23,966 - SourceAnalyzer - DEBUG - logger.py:64 - 파일 읽기 성공: D:\Analyzer\CreateMetaDb\projects\sampleSrc\src\main\resources\mybatis\mapper\ImplicitJoinMapper.xml
2025-09-13 18:42:23,966 - SourceAnalyzer - DEBUG - logger.py:64 - 파일 읽기 성공: D:\Analyzer\CreateMetaDb\projects\sampleSrc\src\main\resources\mybatis\mapper\ImplicitJoinTestMapper.xml
2025-09-13 18:42:23,966 - SourceAnalyzer - DEBUG - logger.py:64 - 파일 읽기 성공: D:\Analyzer\CreateMetaDb\projects\sampleSrc\src\main\resources\mybatis\mapper\MixedErrorMapper.xml
2025-09-13 18:42:23,966 - SourceAnalyzer - DEBUG - logger.py:64 - 파일 읽기 성공: D:\Analyzer\CreateMetaDb\projects\sampleSrc\src\main\resources\mybatis\mapper\ProductMapper.xml
2025-09-13 18:42:23,967 - SourceAnalyzer - DEBUG - logger.py:64 - 파일 읽기 성공: D:\Analyzer\CreateMetaDb\projects\sampleSrc\src\main\resources\mybatis\mapper\UserMapper.xml
2025-09-13 18:42:23,967 - SourceAnalyzer - INFO - logger.py:68 - MyBatis XML 파일 수집 완료: 6개
2025-09-13 18:42:23,968 - SourceAnalyzer - DEBUG - logger.py:64 - 파일 읽기 성공: D:\Analyzer\CreateMetaDb\projects\sampleSrc\src\com\example\dynamicquery\UserMapper.xml
2025-09-13 18:42:23,981 - SourceAnalyzer - ERROR - logger.py:128 - FATAL ERROR at C:\Python313\Lib\re\_parser.py:689 in _parse()
Code: raise source.error("multiple repeat",
Message: SQL 정규화 실패
Exception: PatternError: multiple repeat at position 4
Stack Trace:
Traceback (most recent call last):
  File "D:\Analyzer\CreateMetaDb\parser\xml_parser.py", line 229, in _normalize_sql_for_analysis
    normalized_sql = re.sub(r'/*.**/', '', normalized_sql, flags=re.DOTALL)
  File "C:\Python313\Lib\re\__init__.py", line 208, in sub
    return _compile(pattern, flags).sub(repl, string, count)
           ~~~~~~~~^^^^^^^^^^^^^^^^
  File "C:\Python313\Lib\re\__init__.py", line 350, in _compile
    p = _compiler.compile(pattern, flags)
  File "C:\Python313\Lib\re\_compiler.py", line 748, in compile
    p = _parser.parse(p, flags)
  File "C:\Python313\Lib\re\_parser.py", line 980, in parse
    p = _parse_sub(source, state, flags & SRE_FLAG_VERBOSE, 0)
  File "C:\Python313\Lib\re\_parser.py", line 459, in _parse_sub
    itemsappend(_parse(source, state, verbose, nested + 1,
                ~~~~~~^^^^^^^^^^^^^^^^^^^^^^^^^^^^^^^^^^^^
                       not nested and not items))
                       ^^^^^^^^^^^^^^^^^^^^^^^^^
  File "C:\Python313\Lib\re\_parser.py", line 689, in _parse
    raise source.error("multiple repeat",
                       source.tell() - here + len(this))
re.PatternError: multiple repeat at position 4

2025-09-13 18:42:23,982 - SourceAnalyzer - DEBUG - logger.py:64 - 데이터베이스 연결 해제: D:\Analyzer\CreateMetaDb\projects\sampleSrc\metadata.db
2025-09-13 18:42:23,982 - SourceAnalyzer - DEBUG - logger.py:64 - 데이터베이스 연결 해제: D:\Analyzer\CreateMetaDb\projects\sampleSrc\SqlContent.db
2025-09-13 18:42:23,982 - SourceAnalyzer - INFO - logger.py:68 - SQL Content 데이터베이스 연결 해제
2025-09-13 18:42:23,986 - SourceAnalyzer - DEBUG - logger.py:64 - 데이터베이스 연결 해제: D:\Analyzer\CreateMetaDb\projects\sampleSrc\SqlContent.db
2025-09-13 18:42:23,986 - SourceAnalyzer - INFO - logger.py:68 - SQL Content 데이터베이스 연결 해제
