2025-09-14 15:27:21,979 - SourceAnalyzer - INFO - logger.py:120 - Recursion limit set to: 50
2025-09-14 15:27:21,979 - SourceAnalyzer - INFO - logger.py:120 - SourceAnalyzer 시작
2025-09-14 15:27:21,985 - SourceAnalyzer - INFO - logger.py:120 - 분석 대상 프로젝트: sampleSrc
2025-09-14 15:27:21,985 - SourceAnalyzer - INFO - logger.py:120 - 분석 옵션:
2025-09-14 15:27:21,985 - SourceAnalyzer - INFO - logger.py:120 -   - 메타데이터베이스 초기화: False
2025-09-14 15:27:21,986 - SourceAnalyzer - INFO - logger.py:120 -   - 상세 로그: False
2025-09-14 15:27:21,986 - SourceAnalyzer - INFO - logger.py:120 -   - 출력 형식: html
2025-09-14 15:27:21,986 - SourceAnalyzer - INFO - logger.py:120 -   - 드라이런 모드: False
2025-09-14 15:27:21,986 - SourceAnalyzer - INFO - logger.py:120 -   - 강제 실행: False
2025-09-14 15:27:21,986 - SourceAnalyzer - INFO - logger.py:120 - 1단계 실행: 파일 정보 저장 (프로젝트 전체 스캔)
2025-09-14 15:27:21,987 - SourceAnalyzer - INFO - logger.py:120 - === 파일 스캔 시작: 파일 정보 저장 ===
2025-09-14 15:27:21,989 - SourceAnalyzer - INFO - logger.py:120 - 메타데이터베이스 초기화 완료: D:\Analyzer\CreateMetaDb\projects\sampleSrc\metadata.db
2025-09-14 15:27:21,991 - SourceAnalyzer - INFO - logger.py:120 - 프로젝트 파일 스캔 시작: D:\Analyzer\CreateMetaDb\projects\sampleSrc
2025-09-14 15:27:22,217 - SourceAnalyzer - INFO - logger.py:120 - 파일 스캔 완료: 총 46개 파일
2025-09-14 15:27:22,219 - SourceAnalyzer - INFO - logger.py:120 - 파일 정보 저장 완료: 46개 파일
2025-09-14 15:27:22,219 - SourceAnalyzer - INFO - logger.py:120 - === 파일 스캔 통계 ===
2025-09-14 15:27:22,219 - SourceAnalyzer - INFO - logger.py:120 - 총 파일 수: 46
2025-09-14 15:27:22,220 - SourceAnalyzer - INFO - logger.py:120 - 성공 스캔: 46
2025-09-14 15:27:22,220 - SourceAnalyzer - INFO - logger.py:120 - 오류 파일: 0
2025-09-14 15:27:22,220 - SourceAnalyzer - INFO - logger.py:120 - Java 파일: 30
2025-09-14 15:27:22,220 - SourceAnalyzer - INFO - logger.py:120 - XML 파일: 6
2025-09-14 15:27:22,220 - SourceAnalyzer - INFO - logger.py:120 - JSP 파일: 8
2025-09-14 15:27:22,220 - SourceAnalyzer - INFO - logger.py:120 - SQL 파일: 0
2025-09-14 15:27:22,220 - SourceAnalyzer - INFO - logger.py:120 - CSV 파일: 2
2025-09-14 15:27:22,220 - SourceAnalyzer - INFO - logger.py:120 - 기타 파일: 0
2025-09-14 15:27:22,220 - SourceAnalyzer - INFO - logger.py:120 - === 파일 스캔 완료 ===
2025-09-14 15:27:22,223 - SourceAnalyzer - INFO - logger.py:120 - 1단계 완료: 파일 정보 저장
2025-09-14 15:27:22,225 - SourceAnalyzer - INFO - logger.py:120 - 전역 프로젝트 정보 설정: sampleSrc (ID: 1)
2025-09-14 15:27:22,225 - SourceAnalyzer - INFO - logger.py:120 - 2단계 실행: 데이터베이스 구조 저장 및 컴포넌트 생성
2025-09-14 15:27:22,226 - SourceAnalyzer - INFO - logger.py:120 - === 데이터베이스 로딩 시작: 데이터베이스 구조 저장 ===
2025-09-14 15:27:22,227 - SourceAnalyzer - INFO - logger.py:120 - 인코딩 문제 감지, 다른 인코딩으로 재시도: ALL_TABLES.csv
2025-09-14 15:27:22,227 - SourceAnalyzer - INFO - logger.py:120 - CSV 파일 로드 완료: D:\Analyzer\CreateMetaDb\projects\sampleSrc\db_schema\ALL_TABLES.csv, 16개 행
2025-09-14 15:27:22,228 - SourceAnalyzer - INFO - logger.py:120 - 테이블 정보 저장 완료: 16개 테이블 (오류: 0개)
2025-09-14 15:27:22,229 - SourceAnalyzer - INFO - logger.py:120 - 인코딩 문제 감지, 다른 인코딩으로 재시도: ALL_TAB_COLUMNS.csv
2025-09-14 15:27:22,229 - SourceAnalyzer - INFO - logger.py:120 - CSV 파일 로드 완료: D:\Analyzer\CreateMetaDb\projects\sampleSrc\db_schema\ALL_TAB_COLUMNS.csv, 91개 행
2025-09-14 15:27:22,231 - SourceAnalyzer - INFO - logger.py:120 - 컬럼 정보 저장 완료: 91개 컬럼 (오류: 0개)
2025-09-14 15:27:22,231 - SourceAnalyzer - INFO - logger.py:120 - 테이블 컴포넌트 생성 완료: 40개
2025-09-14 15:27:22,233 - SourceAnalyzer - INFO - logger.py:120 - 컬럼 컴포넌트 생성 완료: 111개
2025-09-14 15:27:22,236 - SourceAnalyzer - INFO - logger.py:120 - 컬럼 component_id 업데이트 완료: 111개
2025-09-14 15:27:22,243 - SourceAnalyzer - INFO - logger.py:120 - === 데이터베이스 구조 저장 통계 ===
2025-09-14 15:27:22,243 - SourceAnalyzer - INFO - logger.py:120 - 테이블 로드: 16 (오류: 0)
2025-09-14 15:27:22,243 - SourceAnalyzer - INFO - logger.py:120 - 컬럼 로드: 91 (오류: 0)
2025-09-14 15:27:22,244 - SourceAnalyzer - INFO - logger.py:120 - 컴포넌트 생성: 151 (오류: 0)
2025-09-14 15:27:22,244 - SourceAnalyzer - INFO - logger.py:120 - inferred 컬럼 생성: 0
2025-09-14 15:27:22,244 - SourceAnalyzer - INFO - logger.py:120 - 오류 없이 완료
2025-09-14 15:27:22,244 - SourceAnalyzer - INFO - logger.py:120 - === 데이터베이스 로딩 완료 ===
2025-09-14 15:27:22,245 - SourceAnalyzer - INFO - logger.py:120 - 2단계 완료: 데이터베이스 구조 저장 및 컴포넌트 생성
2025-09-14 15:27:22,245 - SourceAnalyzer - INFO - logger.py:120 - 3단계 실행: XML 파일 분석 및 SQL 컴포넌트 등록 + JOIN 관계 분석
2025-09-14 15:27:22,281 - SourceAnalyzer - INFO - logger.py:120 - SQL Content 데이터베이스 초기화 완료: D:\Analyzer\CreateMetaDb\projects\sampleSrc\SqlContent.db
2025-09-14 15:27:22,281 - SourceAnalyzer - INFO - logger.py:120 - === XML 로딩 시작: 3~4단계 통합 처리 ===
2025-09-14 15:27:22,289 - SourceAnalyzer - INFO - logger.py:120 - MyBatis XML 파일 수집 완료: 6개
2025-09-14 15:27:22,289 - SourceAnalyzer - INFO - logger.py:120 - DOM 기반 파싱 시도: D:\Analyzer\CreateMetaDb\projects\sampleSrc\src\com\example\dynamicquery\UserMapper.xml
2025-09-14 15:27:22,290 - SourceAnalyzer - INFO - logger.py:120 - DOM 파싱 불가, SAX로 fallback합니다: D:\Analyzer\CreateMetaDb\projects\sampleSrc\src\com\example\dynamicquery\UserMapper.xml (사유: cannot access local variable 'child' where it is not associated with a value)
2025-09-14 15:27:22,290 - SourceAnalyzer - INFO - logger.py:120 - DOM 기반 파싱 실패 또는 결과 없음, SAX 파서로 Fallback: D:\Analyzer\CreateMetaDb\projects\sampleSrc\src\com\example\dynamicquery\UserMapper.xml
2025-09-14 15:27:22,291 - SourceAnalyzer - INFO - logger.py:120 - SAX 파서로 Fallback: D:\Analyzer\CreateMetaDb\projects\sampleSrc\src\com\example\dynamicquery\UserMapper.xml
2025-09-14 15:27:22,305 - SourceAnalyzer - INFO - logger.py:120 - SAX 파싱 시작: D:\Analyzer\CreateMetaDb\projects\sampleSrc\src\com\example\dynamicquery\UserMapper.xml
2025-09-14 15:27:22,314 - SourceAnalyzer - WARNING - logger.py:127 - SAX 파싱 중 예상치 못한 오류: D:\Analyzer\CreateMetaDb\projects\sampleSrc\src\com\example\dynamicquery\UserMapper.xml - maximum recursion depth exceeded
2025-09-14 15:27:22,315 - SourceAnalyzer - INFO - logger.py:120 - SAX 파싱도 실패, 정규식 파서로 최종 Fallback: D:\Analyzer\CreateMetaDb\projects\sampleSrc\src\com\example\dynamicquery\UserMapper.xml
2025-09-14 15:27:22,316 - SourceAnalyzer - INFO - logger.py:120 - SAX 파싱 오류 메시지: SAX 파싱 중 예상치 못한 오류: D:\Analyzer\CreateMetaDb\projects\sampleSrc\src\com\example\dynamicquery\UserMapper.xml - maximum recursion depth exceeded
2025-09-14 15:27:22,316 - SourceAnalyzer - INFO - logger.py:120 - 정규식 기반 파서로 최종 Fallback: D:\Analyzer\CreateMetaDb\projects\sampleSrc\src\com\example\dynamicquery\UserMapper.xml
2025-09-14 15:27:22,317 - SourceAnalyzer - INFO - logger.py:120 - DOM 파싱 불가, SAX로 fallback합니다: D:\Analyzer\CreateMetaDb\projects\sampleSrc\src\com\example\dynamicquery\UserMapper.xml (사유: cannot access local variable 'child' where it is not associated with a value)
2025-09-14 15:27:22,328 - SourceAnalyzer - INFO - logger.py:120 - DOM 파싱 불가, SAX로 fallback합니다: D:\Analyzer\CreateMetaDb\projects\sampleSrc\src\com\example\dynamicquery\UserMapper.xml (사유: cannot access local variable 'child' where it is not associated with a value)
2025-09-14 15:27:22,333 - SourceAnalyzer - INFO - logger.py:120 - DOM 파싱 불가, SAX로 fallback합니다: D:\Analyzer\CreateMetaDb\projects\sampleSrc\src\com\example\dynamicquery\UserMapper.xml (사유: cannot access local variable 'child' where it is not associated with a value)
2025-09-14 15:27:22,335 - SourceAnalyzer - INFO - logger.py:120 - DOM 파싱 불가, SAX로 fallback합니다: D:\Analyzer\CreateMetaDb\projects\sampleSrc\src\com\example\dynamicquery\UserMapper.xml (사유: cannot access local variable 'child' where it is not associated with a value)
2025-09-14 15:27:22,337 - SourceAnalyzer - INFO - logger.py:120 - DOM 파싱 불가, SAX로 fallback합니다: D:\Analyzer\CreateMetaDb\projects\sampleSrc\src\com\example\dynamicquery\UserMapper.xml (사유: cannot access local variable 'child' where it is not associated with a value)
2025-09-14 15:27:22,340 - SourceAnalyzer - INFO - logger.py:120 - DOM 파싱 불가, SAX로 fallback합니다: D:\Analyzer\CreateMetaDb\projects\sampleSrc\src\com\example\dynamicquery\UserMapper.xml (사유: cannot access local variable 'child' where it is not associated with a value)
2025-09-14 15:27:22,341 - SourceAnalyzer - INFO - logger.py:120 - DOM 파싱 불가, SAX로 fallback합니다: D:\Analyzer\CreateMetaDb\projects\sampleSrc\src\com\example\dynamicquery\UserMapper.xml (사유: cannot access local variable 'child' where it is not associated with a value)
2025-09-14 15:27:22,342 - SourceAnalyzer - INFO - logger.py:120 - DOM 파싱 불가, SAX로 fallback합니다: D:\Analyzer\CreateMetaDb\projects\sampleSrc\src\com\example\dynamicquery\UserMapper.xml (사유: cannot access local variable 'child' where it is not associated with a value)
2025-09-14 15:27:22,343 - SourceAnalyzer - INFO - logger.py:120 - === XML 로딩 엔진: SQL 컴포넌트 저장 시작 ===
2025-09-14 15:27:22,343 - SourceAnalyzer - INFO - logger.py:120 - 전달받은 SQL 쿼리 수: 8개
2025-09-14 15:27:22,343 - SourceAnalyzer - INFO - logger.py:120 - XML에서 추출된 SQL 쿼리 타입별 통계: {'select': 8}
2025-09-14 15:27:22,343 - SourceAnalyzer - INFO - logger.py:120 - 프로젝트 ID: 1
2025-09-14 15:27:22,344 - SourceAnalyzer - INFO - logger.py:120 - JOIN 관계 저장 완료: 6개
2025-09-14 15:27:22,344 - SourceAnalyzer - INFO - logger.py:120 - DOM 기반 파싱 시도: D:\Analyzer\CreateMetaDb\projects\sampleSrc\src\main\resources\mybatis\mapper\ImplicitJoinMapper.xml
2025-09-14 15:27:22,344 - SourceAnalyzer - INFO - logger.py:120 - DOM 파싱 불가, SAX로 fallback합니다: D:\Analyzer\CreateMetaDb\projects\sampleSrc\src\main\resources\mybatis\mapper\ImplicitJoinMapper.xml (사유: cannot access local variable 'child' where it is not associated with a value)
2025-09-14 15:27:22,345 - SourceAnalyzer - INFO - logger.py:120 - DOM 기반 파싱 실패 또는 결과 없음, SAX 파서로 Fallback: D:\Analyzer\CreateMetaDb\projects\sampleSrc\src\main\resources\mybatis\mapper\ImplicitJoinMapper.xml
2025-09-14 15:27:22,345 - SourceAnalyzer - INFO - logger.py:120 - SAX 파서로 Fallback: D:\Analyzer\CreateMetaDb\projects\sampleSrc\src\main\resources\mybatis\mapper\ImplicitJoinMapper.xml
2025-09-14 15:27:22,358 - SourceAnalyzer - INFO - logger.py:120 - SAX 파싱 시작: D:\Analyzer\CreateMetaDb\projects\sampleSrc\src\main\resources\mybatis\mapper\ImplicitJoinMapper.xml
2025-09-14 15:27:22,365 - SourceAnalyzer - WARNING - logger.py:127 - SAX 파싱 중 예상치 못한 오류: D:\Analyzer\CreateMetaDb\projects\sampleSrc\src\main\resources\mybatis\mapper\ImplicitJoinMapper.xml - maximum recursion depth exceeded
2025-09-14 15:27:22,365 - SourceAnalyzer - INFO - logger.py:120 - SAX 파싱도 실패, 정규식 파서로 최종 Fallback: D:\Analyzer\CreateMetaDb\projects\sampleSrc\src\main\resources\mybatis\mapper\ImplicitJoinMapper.xml
2025-09-14 15:27:22,365 - SourceAnalyzer - INFO - logger.py:120 - SAX 파싱 오류 메시지: SAX 파싱 중 예상치 못한 오류: D:\Analyzer\CreateMetaDb\projects\sampleSrc\src\main\resources\mybatis\mapper\ImplicitJoinMapper.xml - maximum recursion depth exceeded
2025-09-14 15:27:22,365 - SourceAnalyzer - INFO - logger.py:120 - 정규식 기반 파서로 최종 Fallback: D:\Analyzer\CreateMetaDb\projects\sampleSrc\src\main\resources\mybatis\mapper\ImplicitJoinMapper.xml
2025-09-14 15:27:22,366 - SourceAnalyzer - INFO - logger.py:120 - DOM 파싱 불가, SAX로 fallback합니다: D:\Analyzer\CreateMetaDb\projects\sampleSrc\src\main\resources\mybatis\mapper\ImplicitJoinMapper.xml (사유: cannot access local variable 'child' where it is not associated with a value)
2025-09-14 15:27:22,369 - SourceAnalyzer - INFO - logger.py:120 - DOM 파싱 불가, SAX로 fallback합니다: D:\Analyzer\CreateMetaDb\projects\sampleSrc\src\main\resources\mybatis\mapper\ImplicitJoinMapper.xml (사유: cannot access local variable 'child' where it is not associated with a value)
2025-09-14 15:27:22,373 - SourceAnalyzer - INFO - logger.py:120 - DOM 파싱 불가, SAX로 fallback합니다: D:\Analyzer\CreateMetaDb\projects\sampleSrc\src\main\resources\mybatis\mapper\ImplicitJoinMapper.xml (사유: cannot access local variable 'child' where it is not associated with a value)
2025-09-14 15:27:22,375 - SourceAnalyzer - INFO - logger.py:120 - DOM 파싱 불가, SAX로 fallback합니다: D:\Analyzer\CreateMetaDb\projects\sampleSrc\src\main\resources\mybatis\mapper\ImplicitJoinMapper.xml (사유: cannot access local variable 'child' where it is not associated with a value)
2025-09-14 15:27:22,380 - SourceAnalyzer - INFO - logger.py:120 - DOM 파싱 불가, SAX로 fallback합니다: D:\Analyzer\CreateMetaDb\projects\sampleSrc\src\main\resources\mybatis\mapper\ImplicitJoinMapper.xml (사유: cannot access local variable 'child' where it is not associated with a value)
2025-09-14 15:27:22,390 - SourceAnalyzer - INFO - logger.py:120 - === XML 로딩 엔진: SQL 컴포넌트 저장 시작 ===
2025-09-14 15:27:22,391 - SourceAnalyzer - INFO - logger.py:120 - 전달받은 SQL 쿼리 수: 5개
2025-09-14 15:27:22,391 - SourceAnalyzer - INFO - logger.py:120 - XML에서 추출된 SQL 쿼리 타입별 통계: {'select': 5}
2025-09-14 15:27:22,391 - SourceAnalyzer - INFO - logger.py:120 - 프로젝트 ID: 1
2025-09-14 15:27:22,392 - SourceAnalyzer - INFO - logger.py:120 - JOIN 관계 저장 완료: 10개
2025-09-14 15:27:22,392 - SourceAnalyzer - INFO - logger.py:120 - DOM 기반 파싱 시도: D:\Analyzer\CreateMetaDb\projects\sampleSrc\src\main\resources\mybatis\mapper\ImplicitJoinTestMapper.xml
2025-09-14 15:27:22,392 - SourceAnalyzer - INFO - logger.py:120 - DOM 파싱 불가, SAX로 fallback합니다: D:\Analyzer\CreateMetaDb\projects\sampleSrc\src\main\resources\mybatis\mapper\ImplicitJoinTestMapper.xml (사유: not well-formed (invalid token): line 190, column 37)
2025-09-14 15:27:22,396 - SourceAnalyzer - INFO - logger.py:120 - DOM 기반 파싱 실패 또는 결과 없음, SAX 파서로 Fallback: D:\Analyzer\CreateMetaDb\projects\sampleSrc\src\main\resources\mybatis\mapper\ImplicitJoinTestMapper.xml
2025-09-14 15:27:22,397 - SourceAnalyzer - INFO - logger.py:120 - SAX 파서로 Fallback: D:\Analyzer\CreateMetaDb\projects\sampleSrc\src\main\resources\mybatis\mapper\ImplicitJoinTestMapper.xml
2025-09-14 15:27:22,411 - SourceAnalyzer - INFO - logger.py:120 - SAX 파싱 시작: D:\Analyzer\CreateMetaDb\projects\sampleSrc\src\main\resources\mybatis\mapper\ImplicitJoinTestMapper.xml
2025-09-14 15:27:22,417 - SourceAnalyzer - WARNING - logger.py:127 - SAX 파싱 중 예상치 못한 오류: D:\Analyzer\CreateMetaDb\projects\sampleSrc\src\main\resources\mybatis\mapper\ImplicitJoinTestMapper.xml - maximum recursion depth exceeded
2025-09-14 15:27:22,418 - SourceAnalyzer - INFO - logger.py:120 - SAX 파싱도 실패, 정규식 파서로 최종 Fallback: D:\Analyzer\CreateMetaDb\projects\sampleSrc\src\main\resources\mybatis\mapper\ImplicitJoinTestMapper.xml
2025-09-14 15:27:22,418 - SourceAnalyzer - INFO - logger.py:120 - SAX 파싱 오류 메시지: SAX 파싱 중 예상치 못한 오류: D:\Analyzer\CreateMetaDb\projects\sampleSrc\src\main\resources\mybatis\mapper\ImplicitJoinTestMapper.xml - maximum recursion depth exceeded
2025-09-14 15:27:22,418 - SourceAnalyzer - INFO - logger.py:120 - 정규식 기반 파서로 최종 Fallback: D:\Analyzer\CreateMetaDb\projects\sampleSrc\src\main\resources\mybatis\mapper\ImplicitJoinTestMapper.xml
2025-09-14 15:27:22,419 - SourceAnalyzer - WARNING - logger.py:127 - XML 파싱 오류: D:\Analyzer\CreateMetaDb\projects\sampleSrc\src\main\resources\mybatis\mapper\ImplicitJoinTestMapper.xml - not well-formed (invalid token): line 190, column 37
2025-09-14 15:27:22,419 - SourceAnalyzer - WARNING - logger.py:127 - XML 파싱 에러로 건너뜀: D:\Analyzer\CreateMetaDb\projects\sampleSrc\src\main\resources\mybatis\mapper\ImplicitJoinTestMapper.xml - XML 파싱 오류: not well-formed (invalid token): line 190, column 37
2025-09-14 15:27:22,419 - SourceAnalyzer - INFO - logger.py:120 - DOM 기반 파싱 시도: D:\Analyzer\CreateMetaDb\projects\sampleSrc\src\main\resources\mybatis\mapper\MixedErrorMapper.xml
2025-09-14 15:27:22,420 - SourceAnalyzer - INFO - logger.py:120 - DOM 파싱 불가, SAX로 fallback합니다: D:\Analyzer\CreateMetaDb\projects\sampleSrc\src\main\resources\mybatis\mapper\MixedErrorMapper.xml (사유: cannot access local variable 'child' where it is not associated with a value)
2025-09-14 15:27:22,420 - SourceAnalyzer - INFO - logger.py:120 - DOM 기반 파싱 실패 또는 결과 없음, SAX 파서로 Fallback: D:\Analyzer\CreateMetaDb\projects\sampleSrc\src\main\resources\mybatis\mapper\MixedErrorMapper.xml
2025-09-14 15:27:22,420 - SourceAnalyzer - INFO - logger.py:120 - SAX 파서로 Fallback: D:\Analyzer\CreateMetaDb\projects\sampleSrc\src\main\resources\mybatis\mapper\MixedErrorMapper.xml
2025-09-14 15:27:22,433 - SourceAnalyzer - INFO - logger.py:120 - SAX 파싱 시작: D:\Analyzer\CreateMetaDb\projects\sampleSrc\src\main\resources\mybatis\mapper\MixedErrorMapper.xml
2025-09-14 15:27:22,439 - SourceAnalyzer - WARNING - logger.py:127 - SAX 파싱 중 예상치 못한 오류: D:\Analyzer\CreateMetaDb\projects\sampleSrc\src\main\resources\mybatis\mapper\MixedErrorMapper.xml - maximum recursion depth exceeded
2025-09-14 15:27:22,439 - SourceAnalyzer - INFO - logger.py:120 - SAX 파싱도 실패, 정규식 파서로 최종 Fallback: D:\Analyzer\CreateMetaDb\projects\sampleSrc\src\main\resources\mybatis\mapper\MixedErrorMapper.xml
2025-09-14 15:27:22,440 - SourceAnalyzer - INFO - logger.py:120 - SAX 파싱 오류 메시지: SAX 파싱 중 예상치 못한 오류: D:\Analyzer\CreateMetaDb\projects\sampleSrc\src\main\resources\mybatis\mapper\MixedErrorMapper.xml - maximum recursion depth exceeded
2025-09-14 15:27:22,440 - SourceAnalyzer - INFO - logger.py:120 - 정규식 기반 파서로 최종 Fallback: D:\Analyzer\CreateMetaDb\projects\sampleSrc\src\main\resources\mybatis\mapper\MixedErrorMapper.xml
2025-09-14 15:27:22,441 - SourceAnalyzer - INFO - logger.py:120 - DOM 파싱 불가, SAX로 fallback합니다: D:\Analyzer\CreateMetaDb\projects\sampleSrc\src\main\resources\mybatis\mapper\MixedErrorMapper.xml (사유: cannot access local variable 'child' where it is not associated with a value)
2025-09-14 15:27:22,445 - SourceAnalyzer - INFO - logger.py:120 - DOM 파싱 불가, SAX로 fallback합니다: D:\Analyzer\CreateMetaDb\projects\sampleSrc\src\main\resources\mybatis\mapper\MixedErrorMapper.xml (사유: cannot access local variable 'child' where it is not associated with a value)
2025-09-14 15:27:22,446 - SourceAnalyzer - INFO - logger.py:120 - DOM 파싱 불가, SAX로 fallback합니다: D:\Analyzer\CreateMetaDb\projects\sampleSrc\src\main\resources\mybatis\mapper\MixedErrorMapper.xml (사유: cannot access local variable 'child' where it is not associated with a value)
2025-09-14 15:27:22,446 - SourceAnalyzer - INFO - logger.py:120 - DOM 파싱 불가, SAX로 fallback합니다: D:\Analyzer\CreateMetaDb\projects\sampleSrc\src\main\resources\mybatis\mapper\MixedErrorMapper.xml (사유: cannot access local variable 'child' where it is not associated with a value)
2025-09-14 15:27:22,447 - SourceAnalyzer - INFO - logger.py:120 - DOM 파싱 불가, SAX로 fallback합니다: D:\Analyzer\CreateMetaDb\projects\sampleSrc\src\main\resources\mybatis\mapper\MixedErrorMapper.xml (사유: cannot access local variable 'child' where it is not associated with a value)
2025-09-14 15:27:22,448 - SourceAnalyzer - INFO - logger.py:120 - DOM 파싱 불가, SAX로 fallback합니다: D:\Analyzer\CreateMetaDb\projects\sampleSrc\src\main\resources\mybatis\mapper\MixedErrorMapper.xml (사유: cannot access local variable 'child' where it is not associated with a value)
2025-09-14 15:27:22,449 - SourceAnalyzer - INFO - logger.py:120 - DOM 파싱 불가, SAX로 fallback합니다: D:\Analyzer\CreateMetaDb\projects\sampleSrc\src\main\resources\mybatis\mapper\MixedErrorMapper.xml (사유: cannot access local variable 'child' where it is not associated with a value)
2025-09-14 15:27:22,450 - SourceAnalyzer - INFO - logger.py:120 - DOM 파싱 불가, SAX로 fallback합니다: D:\Analyzer\CreateMetaDb\projects\sampleSrc\src\main\resources\mybatis\mapper\MixedErrorMapper.xml (사유: cannot access local variable 'child' where it is not associated with a value)
2025-09-14 15:27:22,450 - SourceAnalyzer - INFO - logger.py:120 - DOM 파싱 불가, SAX로 fallback합니다: D:\Analyzer\CreateMetaDb\projects\sampleSrc\src\main\resources\mybatis\mapper\MixedErrorMapper.xml (사유: cannot access local variable 'child' where it is not associated with a value)
2025-09-14 15:27:22,456 - SourceAnalyzer - INFO - logger.py:120 - DOM 파싱 불가, SAX로 fallback합니다: D:\Analyzer\CreateMetaDb\projects\sampleSrc\src\main\resources\mybatis\mapper\MixedErrorMapper.xml (사유: cannot access local variable 'child' where it is not associated with a value)
2025-09-14 15:27:22,457 - SourceAnalyzer - INFO - logger.py:120 - DOM 파싱 불가, SAX로 fallback합니다: D:\Analyzer\CreateMetaDb\projects\sampleSrc\src\main\resources\mybatis\mapper\MixedErrorMapper.xml (사유: cannot access local variable 'child' where it is not associated with a value)
2025-09-14 15:27:22,466 - SourceAnalyzer - INFO - logger.py:120 - DOM 파싱 불가, SAX로 fallback합니다: D:\Analyzer\CreateMetaDb\projects\sampleSrc\src\main\resources\mybatis\mapper\MixedErrorMapper.xml (사유: cannot access local variable 'child' where it is not associated with a value)
2025-09-14 15:27:22,468 - SourceAnalyzer - INFO - logger.py:120 - === XML 로딩 엔진: SQL 컴포넌트 저장 시작 ===
2025-09-14 15:27:22,468 - SourceAnalyzer - INFO - logger.py:120 - 전달받은 SQL 쿼리 수: 12개
2025-09-14 15:27:22,468 - SourceAnalyzer - INFO - logger.py:120 - XML에서 추출된 SQL 쿼리 타입별 통계: {'select': 9, 'insert': 1, 'update': 1, 'delete': 1}
2025-09-14 15:27:22,469 - SourceAnalyzer - INFO - logger.py:120 - 프로젝트 ID: 1
2025-09-14 15:27:22,469 - SourceAnalyzer - INFO - logger.py:120 - JOIN 관계 저장 완료: 4개
2025-09-14 15:27:22,469 - SourceAnalyzer - INFO - logger.py:120 - DOM 기반 파싱 시도: D:\Analyzer\CreateMetaDb\projects\sampleSrc\src\main\resources\mybatis\mapper\ProductMapper.xml
2025-09-14 15:27:22,470 - SourceAnalyzer - INFO - logger.py:120 - DOM 파싱 불가, SAX로 fallback합니다: D:\Analyzer\CreateMetaDb\projects\sampleSrc\src\main\resources\mybatis\mapper\ProductMapper.xml (사유: cannot access local variable 'child' where it is not associated with a value)
2025-09-14 15:27:22,470 - SourceAnalyzer - INFO - logger.py:120 - DOM 기반 파싱 실패 또는 결과 없음, SAX 파서로 Fallback: D:\Analyzer\CreateMetaDb\projects\sampleSrc\src\main\resources\mybatis\mapper\ProductMapper.xml
2025-09-14 15:27:22,470 - SourceAnalyzer - INFO - logger.py:120 - SAX 파서로 Fallback: D:\Analyzer\CreateMetaDb\projects\sampleSrc\src\main\resources\mybatis\mapper\ProductMapper.xml
2025-09-14 15:27:22,483 - SourceAnalyzer - INFO - logger.py:120 - SAX 파싱 시작: D:\Analyzer\CreateMetaDb\projects\sampleSrc\src\main\resources\mybatis\mapper\ProductMapper.xml
2025-09-14 15:27:22,490 - SourceAnalyzer - WARNING - logger.py:127 - SAX 파싱 중 예상치 못한 오류: D:\Analyzer\CreateMetaDb\projects\sampleSrc\src\main\resources\mybatis\mapper\ProductMapper.xml - maximum recursion depth exceeded
2025-09-14 15:27:22,499 - SourceAnalyzer - INFO - logger.py:120 - SAX 파싱도 실패, 정규식 파서로 최종 Fallback: D:\Analyzer\CreateMetaDb\projects\sampleSrc\src\main\resources\mybatis\mapper\ProductMapper.xml
2025-09-14 15:27:22,499 - SourceAnalyzer - INFO - logger.py:120 - SAX 파싱 오류 메시지: SAX 파싱 중 예상치 못한 오류: D:\Analyzer\CreateMetaDb\projects\sampleSrc\src\main\resources\mybatis\mapper\ProductMapper.xml - maximum recursion depth exceeded
2025-09-14 15:27:22,500 - SourceAnalyzer - INFO - logger.py:120 - 정규식 기반 파서로 최종 Fallback: D:\Analyzer\CreateMetaDb\projects\sampleSrc\src\main\resources\mybatis\mapper\ProductMapper.xml
2025-09-14 15:27:22,501 - SourceAnalyzer - INFO - logger.py:120 - DOM 파싱 불가, SAX로 fallback합니다: D:\Analyzer\CreateMetaDb\projects\sampleSrc\src\main\resources\mybatis\mapper\ProductMapper.xml (사유: cannot access local variable 'child' where it is not associated with a value)
2025-09-14 15:27:22,502 - SourceAnalyzer - INFO - logger.py:120 - DOM 파싱 불가, SAX로 fallback합니다: D:\Analyzer\CreateMetaDb\projects\sampleSrc\src\main\resources\mybatis\mapper\ProductMapper.xml (사유: cannot access local variable 'child' where it is not associated with a value)
2025-09-14 15:27:22,503 - SourceAnalyzer - INFO - logger.py:120 - DOM 파싱 불가, SAX로 fallback합니다: D:\Analyzer\CreateMetaDb\projects\sampleSrc\src\main\resources\mybatis\mapper\ProductMapper.xml (사유: cannot access local variable 'child' where it is not associated with a value)
2025-09-14 15:27:22,508 - SourceAnalyzer - INFO - logger.py:120 - DOM 파싱 불가, SAX로 fallback합니다: D:\Analyzer\CreateMetaDb\projects\sampleSrc\src\main\resources\mybatis\mapper\ProductMapper.xml (사유: cannot access local variable 'child' where it is not associated with a value)
2025-09-14 15:27:22,509 - SourceAnalyzer - INFO - logger.py:120 - DOM 파싱 불가, SAX로 fallback합니다: D:\Analyzer\CreateMetaDb\projects\sampleSrc\src\main\resources\mybatis\mapper\ProductMapper.xml (사유: cannot access local variable 'child' where it is not associated with a value)
2025-09-14 15:27:22,510 - SourceAnalyzer - INFO - logger.py:120 - DOM 파싱 불가, SAX로 fallback합니다: D:\Analyzer\CreateMetaDb\projects\sampleSrc\src\main\resources\mybatis\mapper\ProductMapper.xml (사유: cannot access local variable 'child' where it is not associated with a value)
2025-09-14 15:27:22,511 - SourceAnalyzer - INFO - logger.py:120 - DOM 파싱 불가, SAX로 fallback합니다: D:\Analyzer\CreateMetaDb\projects\sampleSrc\src\main\resources\mybatis\mapper\ProductMapper.xml (사유: cannot access local variable 'child' where it is not associated with a value)
2025-09-14 15:27:22,514 - SourceAnalyzer - INFO - logger.py:120 - DOM 파싱 불가, SAX로 fallback합니다: D:\Analyzer\CreateMetaDb\projects\sampleSrc\src\main\resources\mybatis\mapper\ProductMapper.xml (사유: cannot access local variable 'child' where it is not associated with a value)
2025-09-14 15:27:22,515 - SourceAnalyzer - INFO - logger.py:120 - DOM 파싱 불가, SAX로 fallback합니다: D:\Analyzer\CreateMetaDb\projects\sampleSrc\src\main\resources\mybatis\mapper\ProductMapper.xml (사유: cannot access local variable 'child' where it is not associated with a value)
2025-09-14 15:27:22,516 - SourceAnalyzer - INFO - logger.py:120 - === XML 로딩 엔진: SQL 컴포넌트 저장 시작 ===
2025-09-14 15:27:22,516 - SourceAnalyzer - INFO - logger.py:120 - 전달받은 SQL 쿼리 수: 9개
2025-09-14 15:27:22,516 - SourceAnalyzer - INFO - logger.py:120 - XML에서 추출된 SQL 쿼리 타입별 통계: {'select': 5, 'update': 2, 'insert': 1, 'delete': 1}
2025-09-14 15:27:22,516 - SourceAnalyzer - INFO - logger.py:120 - 프로젝트 ID: 1
2025-09-14 15:27:22,517 - SourceAnalyzer - INFO - logger.py:120 - JOIN 관계 저장 완료: 2개
2025-09-14 15:27:22,517 - SourceAnalyzer - INFO - logger.py:120 - DOM 기반 파싱 시도: D:\Analyzer\CreateMetaDb\projects\sampleSrc\src\main\resources\mybatis\mapper\UserMapper.xml
2025-09-14 15:27:22,517 - SourceAnalyzer - INFO - logger.py:120 - DOM 파싱 불가, SAX로 fallback합니다: D:\Analyzer\CreateMetaDb\projects\sampleSrc\src\main\resources\mybatis\mapper\UserMapper.xml (사유: cannot access local variable 'child' where it is not associated with a value)
2025-09-14 15:27:22,518 - SourceAnalyzer - INFO - logger.py:120 - DOM 기반 파싱 실패 또는 결과 없음, SAX 파서로 Fallback: D:\Analyzer\CreateMetaDb\projects\sampleSrc\src\main\resources\mybatis\mapper\UserMapper.xml
2025-09-14 15:27:22,518 - SourceAnalyzer - INFO - logger.py:120 - SAX 파서로 Fallback: D:\Analyzer\CreateMetaDb\projects\sampleSrc\src\main\resources\mybatis\mapper\UserMapper.xml
2025-09-14 15:27:22,530 - SourceAnalyzer - INFO - logger.py:120 - SAX 파싱 시작: D:\Analyzer\CreateMetaDb\projects\sampleSrc\src\main\resources\mybatis\mapper\UserMapper.xml
2025-09-14 15:27:22,541 - SourceAnalyzer - WARNING - logger.py:127 - SAX 파싱 중 예상치 못한 오류: D:\Analyzer\CreateMetaDb\projects\sampleSrc\src\main\resources\mybatis\mapper\UserMapper.xml - maximum recursion depth exceeded
2025-09-14 15:27:22,542 - SourceAnalyzer - INFO - logger.py:120 - SAX 파싱도 실패, 정규식 파서로 최종 Fallback: D:\Analyzer\CreateMetaDb\projects\sampleSrc\src\main\resources\mybatis\mapper\UserMapper.xml
2025-09-14 15:27:22,542 - SourceAnalyzer - INFO - logger.py:120 - SAX 파싱 오류 메시지: SAX 파싱 중 예상치 못한 오류: D:\Analyzer\CreateMetaDb\projects\sampleSrc\src\main\resources\mybatis\mapper\UserMapper.xml - maximum recursion depth exceeded
2025-09-14 15:27:22,542 - SourceAnalyzer - INFO - logger.py:120 - 정규식 기반 파서로 최종 Fallback: D:\Analyzer\CreateMetaDb\projects\sampleSrc\src\main\resources\mybatis\mapper\UserMapper.xml
2025-09-14 15:27:22,543 - SourceAnalyzer - INFO - logger.py:120 - DOM 파싱 불가, SAX로 fallback합니다: D:\Analyzer\CreateMetaDb\projects\sampleSrc\src\main\resources\mybatis\mapper\UserMapper.xml (사유: cannot access local variable 'child' where it is not associated with a value)
2025-09-14 15:27:22,544 - SourceAnalyzer - INFO - logger.py:120 - DOM 파싱 불가, SAX로 fallback합니다: D:\Analyzer\CreateMetaDb\projects\sampleSrc\src\main\resources\mybatis\mapper\UserMapper.xml (사유: cannot access local variable 'child' where it is not associated with a value)
2025-09-14 15:27:22,546 - SourceAnalyzer - INFO - logger.py:120 - DOM 파싱 불가, SAX로 fallback합니다: D:\Analyzer\CreateMetaDb\projects\sampleSrc\src\main\resources\mybatis\mapper\UserMapper.xml (사유: cannot access local variable 'child' where it is not associated with a value)
2025-09-14 15:27:22,549 - SourceAnalyzer - INFO - logger.py:120 - DOM 파싱 불가, SAX로 fallback합니다: D:\Analyzer\CreateMetaDb\projects\sampleSrc\src\main\resources\mybatis\mapper\UserMapper.xml (사유: cannot access local variable 'child' where it is not associated with a value)
2025-09-14 15:27:22,550 - SourceAnalyzer - INFO - logger.py:120 - DOM 파싱 불가, SAX로 fallback합니다: D:\Analyzer\CreateMetaDb\projects\sampleSrc\src\main\resources\mybatis\mapper\UserMapper.xml (사유: cannot access local variable 'child' where it is not associated with a value)
2025-09-14 15:27:22,551 - SourceAnalyzer - INFO - logger.py:120 - DOM 파싱 불가, SAX로 fallback합니다: D:\Analyzer\CreateMetaDb\projects\sampleSrc\src\main\resources\mybatis\mapper\UserMapper.xml (사유: cannot access local variable 'child' where it is not associated with a value)
2025-09-14 15:27:22,553 - SourceAnalyzer - INFO - logger.py:120 - DOM 파싱 불가, SAX로 fallback합니다: D:\Analyzer\CreateMetaDb\projects\sampleSrc\src\main\resources\mybatis\mapper\UserMapper.xml (사유: cannot access local variable 'child' where it is not associated with a value)
2025-09-14 15:27:22,562 - SourceAnalyzer - INFO - logger.py:120 - DOM 파싱 불가, SAX로 fallback합니다: D:\Analyzer\CreateMetaDb\projects\sampleSrc\src\main\resources\mybatis\mapper\UserMapper.xml (사유: cannot access local variable 'child' where it is not associated with a value)
2025-09-14 15:27:22,563 - SourceAnalyzer - INFO - logger.py:120 - DOM 파싱 불가, SAX로 fallback합니다: D:\Analyzer\CreateMetaDb\projects\sampleSrc\src\main\resources\mybatis\mapper\UserMapper.xml (사유: cannot access local variable 'child' where it is not associated with a value)
2025-09-14 15:27:22,565 - SourceAnalyzer - INFO - logger.py:120 - DOM 파싱 불가, SAX로 fallback합니다: D:\Analyzer\CreateMetaDb\projects\sampleSrc\src\main\resources\mybatis\mapper\UserMapper.xml (사유: cannot access local variable 'child' where it is not associated with a value)
2025-09-14 15:27:22,566 - SourceAnalyzer - INFO - logger.py:120 - DOM 파싱 불가, SAX로 fallback합니다: D:\Analyzer\CreateMetaDb\projects\sampleSrc\src\main\resources\mybatis\mapper\UserMapper.xml (사유: cannot access local variable 'child' where it is not associated with a value)
2025-09-14 15:27:22,567 - SourceAnalyzer - INFO - logger.py:120 - DOM 파싱 불가, SAX로 fallback합니다: D:\Analyzer\CreateMetaDb\projects\sampleSrc\src\main\resources\mybatis\mapper\UserMapper.xml (사유: cannot access local variable 'child' where it is not associated with a value)
2025-09-14 15:27:22,574 - SourceAnalyzer - INFO - logger.py:120 - DOM 파싱 불가, SAX로 fallback합니다: D:\Analyzer\CreateMetaDb\projects\sampleSrc\src\main\resources\mybatis\mapper\UserMapper.xml (사유: cannot access local variable 'child' where it is not associated with a value)
2025-09-14 15:27:22,575 - SourceAnalyzer - INFO - logger.py:120 - DOM 파싱 불가, SAX로 fallback합니다: D:\Analyzer\CreateMetaDb\projects\sampleSrc\src\main\resources\mybatis\mapper\UserMapper.xml (사유: cannot access local variable 'child' where it is not associated with a value)
2025-09-14 15:27:22,578 - SourceAnalyzer - INFO - logger.py:120 - DOM 파싱 불가, SAX로 fallback합니다: D:\Analyzer\CreateMetaDb\projects\sampleSrc\src\main\resources\mybatis\mapper\UserMapper.xml (사유: cannot access local variable 'child' where it is not associated with a value)
2025-09-14 15:27:22,582 - SourceAnalyzer - INFO - logger.py:120 - DOM 파싱 불가, SAX로 fallback합니다: D:\Analyzer\CreateMetaDb\projects\sampleSrc\src\main\resources\mybatis\mapper\UserMapper.xml (사유: cannot access local variable 'child' where it is not associated with a value)
2025-09-14 15:27:22,584 - SourceAnalyzer - INFO - logger.py:120 - DOM 파싱 불가, SAX로 fallback합니다: D:\Analyzer\CreateMetaDb\projects\sampleSrc\src\main\resources\mybatis\mapper\UserMapper.xml (사유: cannot access local variable 'child' where it is not associated with a value)
2025-09-14 15:27:22,588 - SourceAnalyzer - INFO - logger.py:120 - DOM 파싱 불가, SAX로 fallback합니다: D:\Analyzer\CreateMetaDb\projects\sampleSrc\src\main\resources\mybatis\mapper\UserMapper.xml (사유: cannot access local variable 'child' where it is not associated with a value)
2025-09-14 15:27:22,591 - SourceAnalyzer - INFO - logger.py:120 - DOM 파싱 불가, SAX로 fallback합니다: D:\Analyzer\CreateMetaDb\projects\sampleSrc\src\main\resources\mybatis\mapper\UserMapper.xml (사유: cannot access local variable 'child' where it is not associated with a value)
2025-09-14 15:27:22,592 - SourceAnalyzer - INFO - logger.py:120 - DOM 파싱 불가, SAX로 fallback합니다: D:\Analyzer\CreateMetaDb\projects\sampleSrc\src\main\resources\mybatis\mapper\UserMapper.xml (사유: cannot access local variable 'child' where it is not associated with a value)
2025-09-14 15:27:22,596 - SourceAnalyzer - ERROR - logger.py:131 - 데이터베이스 연결 오류: FOREIGN KEY constraint failed
2025-09-14 15:27:22,600 - SourceAnalyzer - ERROR - logger.py:188 - FATAL ERROR at D:\Analyzer\CreateMetaDb\util\database_utils.py:196 in execute_update()
Code: cursor.execute(query, params)
Message: 업데이트 쿼리 실행 실패: 
            INSERT OR REPLACE INTO components (pr...
Exception: IntegrityError: FOREIGN KEY constraint failed
Stack Trace:
Traceback (most recent call last):
  File "D:\Analyzer\CreateMetaDb\util\database_utils.py", line 196, in execute_update
    cursor.execute(query, params)
    ~~~~~~~~~~~~~~^^^^^^^^^^^^^^^
sqlite3.IntegrityError: FOREIGN KEY constraint failed

2025-09-14 15:27:22,601 - SourceAnalyzer - ERROR - logger.py:191 - 
[FATAL ERROR] 프로그램이 에러로 인해 종료됩니다. (종료코드: 1)
2025-09-14 15:27:22,605 - SourceAnalyzer - ERROR - logger.py:192 - 자세한 내용은 로그 파일을 확인하세요: logs/SourceAnalyzer_20250914_152721.log
2025-09-14 15:27:22,607 - SourceAnalyzer - INFO - logger.py:120 - SQL Content 데이터베이스 연결 해제
