2025-09-12 16:16:58,031 - SourceAnalyzer - INFO - logger.py:68 - SourceAnalyzer 시작
2025-09-12 16:16:58,038 - SourceAnalyzer - DEBUG - logger.py:64 - 명령행 인자 파싱 완료: {'project_name': 'sampleSrc', 'clear_metadb': True, 'verbose': False, 'output_format': 'html', 'config_file': None, 'log_level': 'INFO', 'dry_run': False, 'force': False}
2025-09-12 16:16:58,038 - SourceAnalyzer - DEBUG - logger.py:64 - 인자 검증 성공
2025-09-12 16:16:58,038 - SourceAnalyzer - INFO - logger.py:68 - 분석 대상 프로젝트: sampleSrc
2025-09-12 16:16:58,038 - SourceAnalyzer - INFO - logger.py:68 - 분석 옵션:
2025-09-12 16:16:58,038 - SourceAnalyzer - INFO - logger.py:68 -   - 메타데이터베이스 초기화: True
2025-09-12 16:16:58,038 - SourceAnalyzer - INFO - logger.py:68 -   - 상세 로그: False
2025-09-12 16:16:58,038 - SourceAnalyzer - INFO - logger.py:68 -   - 출력 형식: html
2025-09-12 16:16:58,038 - SourceAnalyzer - INFO - logger.py:68 -   - 드라이런 모드: False
2025-09-12 16:16:58,038 - SourceAnalyzer - INFO - logger.py:68 -   - 강제 실행: False
2025-09-12 16:16:58,039 - SourceAnalyzer - INFO - logger.py:68 - 프로젝트 분석 시작...
2025-09-12 16:16:58,039 - SourceAnalyzer - INFO - logger.py:68 - === 파일 스캔 시작: 파일 정보 저장 ===
2025-09-12 16:16:58,040 - SourceAnalyzer - INFO - logger.py:68 - 기존 메타데이터베이스 삭제: D:\Analyzer\CreateMetaDb\projects\sampleSrc\metadata.db
2025-09-12 16:16:58,044 - SourceAnalyzer - DEBUG - logger.py:64 - 데이터베이스 연결 성공: D:\Analyzer\CreateMetaDb\projects\sampleSrc\metadata.db
2025-09-12 16:16:58,047 - SourceAnalyzer - DEBUG - logger.py:64 - SQL 스크립트 실행 성공: D:\Analyzer\CreateMetaDb\database\create_table_script.sql
2025-09-12 16:16:58,047 - SourceAnalyzer - INFO - logger.py:68 - 메타데이터베이스 초기화 완료: D:\Analyzer\CreateMetaDb\projects\sampleSrc\metadata.db
2025-09-12 16:16:58,047 - SourceAnalyzer - DEBUG - logger.py:64 - 쿼리 실행 성공: 
                SELECT COUNT(*) as count FROM pro...
2025-09-12 16:16:58,048 - SourceAnalyzer - DEBUG - logger.py:64 - 업데이트 쿼리 실행 성공: 
            INSERT INTO projects (project_name, p..., 영향받은 행: 1
2025-09-12 16:16:58,048 - SourceAnalyzer - DEBUG - logger.py:64 - 프로젝트 정보 저장/업데이트 완료: sampleSrc
2025-09-12 16:16:58,048 - SourceAnalyzer - INFO - logger.py:68 - 프로젝트 파일 스캔 시작: D:\Analyzer\CreateMetaDb\projects\sampleSrc
2025-09-12 16:16:58,068 - SourceAnalyzer - DEBUG - logger.py:64 - 디렉토리 스캔 완료: D:\Analyzer\CreateMetaDb\projects\sampleSrc, 파일 수: 40
2025-09-12 16:16:58,069 - SourceAnalyzer - DEBUG - logger.py:64 - 파일 읽기 성공: D:\Analyzer\CreateMetaDb\projects\sampleSrc\config\target_source_config.yaml
2025-09-12 16:16:58,073 - SourceAnalyzer - DEBUG - logger.py:64 - YAML 설정 파일 로드 성공: D:\Analyzer\CreateMetaDb\projects\sampleSrc\config\target_source_config.yaml
2025-09-12 16:16:58,076 - SourceAnalyzer - DEBUG - logger.py:64 - 파일 읽기 성공: D:\Analyzer\CreateMetaDb\projects\sampleSrc\config\target_source_config.yaml
2025-09-12 16:16:58,083 - SourceAnalyzer - DEBUG - logger.py:64 - YAML 설정 파일 로드 성공: D:\Analyzer\CreateMetaDb\projects\sampleSrc\config\target_source_config.yaml
2025-09-12 16:16:58,084 - SourceAnalyzer - DEBUG - logger.py:64 - 파일 읽기 성공: D:\Analyzer\CreateMetaDb\projects\sampleSrc\config\target_source_config.yaml
2025-09-12 16:16:58,088 - SourceAnalyzer - DEBUG - logger.py:64 - YAML 설정 파일 로드 성공: D:\Analyzer\CreateMetaDb\projects\sampleSrc\config\target_source_config.yaml
2025-09-12 16:16:58,089 - SourceAnalyzer - DEBUG - logger.py:64 - 파일 읽기 성공: D:\Analyzer\CreateMetaDb\projects\sampleSrc\config\target_source_config.yaml
2025-09-12 16:16:58,093 - SourceAnalyzer - DEBUG - logger.py:64 - YAML 설정 파일 로드 성공: D:\Analyzer\CreateMetaDb\projects\sampleSrc\config\target_source_config.yaml
2025-09-12 16:16:58,094 - SourceAnalyzer - DEBUG - logger.py:64 - 파일 읽기 성공: D:\Analyzer\CreateMetaDb\projects\sampleSrc\config\target_source_config.yaml
2025-09-12 16:16:58,098 - SourceAnalyzer - DEBUG - logger.py:64 - YAML 설정 파일 로드 성공: D:\Analyzer\CreateMetaDb\projects\sampleSrc\config\target_source_config.yaml
2025-09-12 16:16:58,099 - SourceAnalyzer - DEBUG - logger.py:64 - 파일 읽기 성공: D:\Analyzer\CreateMetaDb\projects\sampleSrc\config\target_source_config.yaml
2025-09-12 16:16:58,103 - SourceAnalyzer - DEBUG - logger.py:64 - YAML 설정 파일 로드 성공: D:\Analyzer\CreateMetaDb\projects\sampleSrc\config\target_source_config.yaml
2025-09-12 16:16:58,104 - SourceAnalyzer - DEBUG - logger.py:64 - 파일 읽기 성공: D:\Analyzer\CreateMetaDb\projects\sampleSrc\config\target_source_config.yaml
2025-09-12 16:16:58,108 - SourceAnalyzer - DEBUG - logger.py:64 - YAML 설정 파일 로드 성공: D:\Analyzer\CreateMetaDb\projects\sampleSrc\config\target_source_config.yaml
2025-09-12 16:16:58,108 - SourceAnalyzer - DEBUG - logger.py:64 - 파일 읽기 성공: D:\Analyzer\CreateMetaDb\projects\sampleSrc\config\target_source_config.yaml
2025-09-12 16:16:58,112 - SourceAnalyzer - DEBUG - logger.py:64 - YAML 설정 파일 로드 성공: D:\Analyzer\CreateMetaDb\projects\sampleSrc\config\target_source_config.yaml
2025-09-12 16:16:58,113 - SourceAnalyzer - DEBUG - logger.py:64 - 파일 읽기 성공: D:\Analyzer\CreateMetaDb\projects\sampleSrc\config\target_source_config.yaml
2025-09-12 16:16:58,117 - SourceAnalyzer - DEBUG - logger.py:64 - YAML 설정 파일 로드 성공: D:\Analyzer\CreateMetaDb\projects\sampleSrc\config\target_source_config.yaml
2025-09-12 16:16:58,119 - SourceAnalyzer - DEBUG - logger.py:64 - 파일 읽기 성공: D:\Analyzer\CreateMetaDb\projects\sampleSrc\config\target_source_config.yaml
2025-09-12 16:16:58,123 - SourceAnalyzer - DEBUG - logger.py:64 - YAML 설정 파일 로드 성공: D:\Analyzer\CreateMetaDb\projects\sampleSrc\config\target_source_config.yaml
2025-09-12 16:16:58,123 - SourceAnalyzer - DEBUG - logger.py:64 - 파일 읽기 성공: D:\Analyzer\CreateMetaDb\projects\sampleSrc\config\target_source_config.yaml
2025-09-12 16:16:58,127 - SourceAnalyzer - DEBUG - logger.py:64 - YAML 설정 파일 로드 성공: D:\Analyzer\CreateMetaDb\projects\sampleSrc\config\target_source_config.yaml
2025-09-12 16:16:58,128 - SourceAnalyzer - DEBUG - logger.py:64 - 파일 읽기 성공: D:\Analyzer\CreateMetaDb\projects\sampleSrc\config\target_source_config.yaml
2025-09-12 16:16:58,132 - SourceAnalyzer - DEBUG - logger.py:64 - YAML 설정 파일 로드 성공: D:\Analyzer\CreateMetaDb\projects\sampleSrc\config\target_source_config.yaml
2025-09-12 16:16:58,133 - SourceAnalyzer - DEBUG - logger.py:64 - 파일 읽기 성공: D:\Analyzer\CreateMetaDb\projects\sampleSrc\config\target_source_config.yaml
2025-09-12 16:16:58,137 - SourceAnalyzer - DEBUG - logger.py:64 - YAML 설정 파일 로드 성공: D:\Analyzer\CreateMetaDb\projects\sampleSrc\config\target_source_config.yaml
2025-09-12 16:16:58,138 - SourceAnalyzer - DEBUG - logger.py:64 - 파일 읽기 성공: D:\Analyzer\CreateMetaDb\projects\sampleSrc\config\target_source_config.yaml
2025-09-12 16:16:58,142 - SourceAnalyzer - DEBUG - logger.py:64 - YAML 설정 파일 로드 성공: D:\Analyzer\CreateMetaDb\projects\sampleSrc\config\target_source_config.yaml
2025-09-12 16:16:58,143 - SourceAnalyzer - DEBUG - logger.py:64 - 파일 읽기 성공: D:\Analyzer\CreateMetaDb\projects\sampleSrc\config\target_source_config.yaml
2025-09-12 16:16:58,147 - SourceAnalyzer - DEBUG - logger.py:64 - YAML 설정 파일 로드 성공: D:\Analyzer\CreateMetaDb\projects\sampleSrc\config\target_source_config.yaml
2025-09-12 16:16:58,148 - SourceAnalyzer - DEBUG - logger.py:64 - 파일 읽기 성공: D:\Analyzer\CreateMetaDb\projects\sampleSrc\config\target_source_config.yaml
2025-09-12 16:16:58,152 - SourceAnalyzer - DEBUG - logger.py:64 - YAML 설정 파일 로드 성공: D:\Analyzer\CreateMetaDb\projects\sampleSrc\config\target_source_config.yaml
2025-09-12 16:16:58,153 - SourceAnalyzer - DEBUG - logger.py:64 - 파일 읽기 성공: D:\Analyzer\CreateMetaDb\projects\sampleSrc\config\target_source_config.yaml
2025-09-12 16:16:58,156 - SourceAnalyzer - DEBUG - logger.py:64 - YAML 설정 파일 로드 성공: D:\Analyzer\CreateMetaDb\projects\sampleSrc\config\target_source_config.yaml
2025-09-12 16:16:58,157 - SourceAnalyzer - DEBUG - logger.py:64 - 파일 읽기 성공: D:\Analyzer\CreateMetaDb\projects\sampleSrc\config\target_source_config.yaml
2025-09-12 16:16:58,161 - SourceAnalyzer - DEBUG - logger.py:64 - YAML 설정 파일 로드 성공: D:\Analyzer\CreateMetaDb\projects\sampleSrc\config\target_source_config.yaml
2025-09-12 16:16:58,162 - SourceAnalyzer - DEBUG - logger.py:64 - 파일 읽기 성공: D:\Analyzer\CreateMetaDb\projects\sampleSrc\config\target_source_config.yaml
2025-09-12 16:16:58,166 - SourceAnalyzer - DEBUG - logger.py:64 - YAML 설정 파일 로드 성공: D:\Analyzer\CreateMetaDb\projects\sampleSrc\config\target_source_config.yaml
2025-09-12 16:16:58,166 - SourceAnalyzer - DEBUG - logger.py:64 - 파일 읽기 성공: D:\Analyzer\CreateMetaDb\projects\sampleSrc\config\target_source_config.yaml
2025-09-12 16:16:58,170 - SourceAnalyzer - DEBUG - logger.py:64 - YAML 설정 파일 로드 성공: D:\Analyzer\CreateMetaDb\projects\sampleSrc\config\target_source_config.yaml
2025-09-12 16:16:58,171 - SourceAnalyzer - DEBUG - logger.py:64 - 파일 읽기 성공: D:\Analyzer\CreateMetaDb\projects\sampleSrc\config\target_source_config.yaml
2025-09-12 16:16:58,175 - SourceAnalyzer - DEBUG - logger.py:64 - YAML 설정 파일 로드 성공: D:\Analyzer\CreateMetaDb\projects\sampleSrc\config\target_source_config.yaml
2025-09-12 16:16:58,175 - SourceAnalyzer - DEBUG - logger.py:64 - 파일 읽기 성공: D:\Analyzer\CreateMetaDb\projects\sampleSrc\config\target_source_config.yaml
2025-09-12 16:16:58,179 - SourceAnalyzer - DEBUG - logger.py:64 - YAML 설정 파일 로드 성공: D:\Analyzer\CreateMetaDb\projects\sampleSrc\config\target_source_config.yaml
2025-09-12 16:16:58,180 - SourceAnalyzer - DEBUG - logger.py:64 - 파일 읽기 성공: D:\Analyzer\CreateMetaDb\projects\sampleSrc\config\target_source_config.yaml
2025-09-12 16:16:58,184 - SourceAnalyzer - DEBUG - logger.py:64 - YAML 설정 파일 로드 성공: D:\Analyzer\CreateMetaDb\projects\sampleSrc\config\target_source_config.yaml
2025-09-12 16:16:58,185 - SourceAnalyzer - DEBUG - logger.py:64 - 파일 읽기 성공: D:\Analyzer\CreateMetaDb\projects\sampleSrc\config\target_source_config.yaml
2025-09-12 16:16:58,189 - SourceAnalyzer - DEBUG - logger.py:64 - YAML 설정 파일 로드 성공: D:\Analyzer\CreateMetaDb\projects\sampleSrc\config\target_source_config.yaml
2025-09-12 16:16:58,190 - SourceAnalyzer - DEBUG - logger.py:64 - 파일 읽기 성공: D:\Analyzer\CreateMetaDb\projects\sampleSrc\config\target_source_config.yaml
2025-09-12 16:16:58,193 - SourceAnalyzer - DEBUG - logger.py:64 - YAML 설정 파일 로드 성공: D:\Analyzer\CreateMetaDb\projects\sampleSrc\config\target_source_config.yaml
2025-09-12 16:16:58,194 - SourceAnalyzer - DEBUG - logger.py:64 - 파일 읽기 성공: D:\Analyzer\CreateMetaDb\projects\sampleSrc\config\target_source_config.yaml
2025-09-12 16:16:58,198 - SourceAnalyzer - DEBUG - logger.py:64 - YAML 설정 파일 로드 성공: D:\Analyzer\CreateMetaDb\projects\sampleSrc\config\target_source_config.yaml
2025-09-12 16:16:58,199 - SourceAnalyzer - DEBUG - logger.py:64 - 파일 읽기 성공: D:\Analyzer\CreateMetaDb\projects\sampleSrc\config\target_source_config.yaml
2025-09-12 16:16:58,203 - SourceAnalyzer - DEBUG - logger.py:64 - YAML 설정 파일 로드 성공: D:\Analyzer\CreateMetaDb\projects\sampleSrc\config\target_source_config.yaml
2025-09-12 16:16:58,204 - SourceAnalyzer - DEBUG - logger.py:64 - 파일 읽기 성공: D:\Analyzer\CreateMetaDb\projects\sampleSrc\config\target_source_config.yaml
2025-09-12 16:16:58,207 - SourceAnalyzer - DEBUG - logger.py:64 - YAML 설정 파일 로드 성공: D:\Analyzer\CreateMetaDb\projects\sampleSrc\config\target_source_config.yaml
2025-09-12 16:16:58,208 - SourceAnalyzer - DEBUG - logger.py:64 - 파일 읽기 성공: D:\Analyzer\CreateMetaDb\projects\sampleSrc\config\target_source_config.yaml
2025-09-12 16:16:58,212 - SourceAnalyzer - DEBUG - logger.py:64 - YAML 설정 파일 로드 성공: D:\Analyzer\CreateMetaDb\projects\sampleSrc\config\target_source_config.yaml
2025-09-12 16:16:58,213 - SourceAnalyzer - DEBUG - logger.py:64 - 파일 읽기 성공: D:\Analyzer\CreateMetaDb\projects\sampleSrc\config\target_source_config.yaml
2025-09-12 16:16:58,217 - SourceAnalyzer - DEBUG - logger.py:64 - YAML 설정 파일 로드 성공: D:\Analyzer\CreateMetaDb\projects\sampleSrc\config\target_source_config.yaml
2025-09-12 16:16:58,218 - SourceAnalyzer - DEBUG - logger.py:64 - 파일 읽기 성공: D:\Analyzer\CreateMetaDb\projects\sampleSrc\config\target_source_config.yaml
2025-09-12 16:16:58,222 - SourceAnalyzer - DEBUG - logger.py:64 - YAML 설정 파일 로드 성공: D:\Analyzer\CreateMetaDb\projects\sampleSrc\config\target_source_config.yaml
2025-09-12 16:16:58,223 - SourceAnalyzer - DEBUG - logger.py:64 - 파일 읽기 성공: D:\Analyzer\CreateMetaDb\projects\sampleSrc\config\target_source_config.yaml
2025-09-12 16:16:58,227 - SourceAnalyzer - DEBUG - logger.py:64 - YAML 설정 파일 로드 성공: D:\Analyzer\CreateMetaDb\projects\sampleSrc\config\target_source_config.yaml
2025-09-12 16:16:58,228 - SourceAnalyzer - DEBUG - logger.py:64 - 파일 읽기 성공: D:\Analyzer\CreateMetaDb\projects\sampleSrc\config\target_source_config.yaml
2025-09-12 16:16:58,232 - SourceAnalyzer - DEBUG - logger.py:64 - YAML 설정 파일 로드 성공: D:\Analyzer\CreateMetaDb\projects\sampleSrc\config\target_source_config.yaml
2025-09-12 16:16:58,233 - SourceAnalyzer - INFO - logger.py:68 - 파일 스캔 완료: 총 34개 파일
2025-09-12 16:16:58,233 - SourceAnalyzer - DEBUG - logger.py:64 - 쿼리 실행 성공: SELECT project_id FROM projects WHERE project_name...
2025-09-12 16:16:58,233 - SourceAnalyzer - DEBUG - logger.py:64 - 쿼리 실행 성공: 
                SELECT COUNT(*) as count FROM fil...
2025-09-12 16:16:58,233 - SourceAnalyzer - DEBUG - logger.py:64 - 업데이트 쿼리 실행 성공: 
            INSERT INTO files (file_path, file_na..., 영향받은 행: 1
2025-09-12 16:16:58,233 - SourceAnalyzer - DEBUG - logger.py:64 - 쿼리 실행 성공: 
                SELECT COUNT(*) as count FROM fil...
2025-09-12 16:16:58,233 - SourceAnalyzer - DEBUG - logger.py:64 - 업데이트 쿼리 실행 성공: 
            INSERT INTO files (file_path, file_na..., 영향받은 행: 1
2025-09-12 16:16:58,233 - SourceAnalyzer - DEBUG - logger.py:64 - 쿼리 실행 성공: 
                SELECT COUNT(*) as count FROM fil...
2025-09-12 16:16:58,234 - SourceAnalyzer - DEBUG - logger.py:64 - 업데이트 쿼리 실행 성공: 
            INSERT INTO files (file_path, file_na..., 영향받은 행: 1
2025-09-12 16:16:58,234 - SourceAnalyzer - DEBUG - logger.py:64 - 쿼리 실행 성공: 
                SELECT COUNT(*) as count FROM fil...
2025-09-12 16:16:58,234 - SourceAnalyzer - DEBUG - logger.py:64 - 업데이트 쿼리 실행 성공: 
            INSERT INTO files (file_path, file_na..., 영향받은 행: 1
2025-09-12 16:16:58,234 - SourceAnalyzer - DEBUG - logger.py:64 - 쿼리 실행 성공: 
                SELECT COUNT(*) as count FROM fil...
2025-09-12 16:16:58,234 - SourceAnalyzer - DEBUG - logger.py:64 - 업데이트 쿼리 실행 성공: 
            INSERT INTO files (file_path, file_na..., 영향받은 행: 1
2025-09-12 16:16:58,234 - SourceAnalyzer - DEBUG - logger.py:64 - 쿼리 실행 성공: 
                SELECT COUNT(*) as count FROM fil...
2025-09-12 16:16:58,234 - SourceAnalyzer - DEBUG - logger.py:64 - 업데이트 쿼리 실행 성공: 
            INSERT INTO files (file_path, file_na..., 영향받은 행: 1
2025-09-12 16:16:58,234 - SourceAnalyzer - DEBUG - logger.py:64 - 쿼리 실행 성공: 
                SELECT COUNT(*) as count FROM fil...
2025-09-12 16:16:58,234 - SourceAnalyzer - DEBUG - logger.py:64 - 업데이트 쿼리 실행 성공: 
            INSERT INTO files (file_path, file_na..., 영향받은 행: 1
2025-09-12 16:16:58,234 - SourceAnalyzer - DEBUG - logger.py:64 - 쿼리 실행 성공: 
                SELECT COUNT(*) as count FROM fil...
2025-09-12 16:16:58,234 - SourceAnalyzer - DEBUG - logger.py:64 - 업데이트 쿼리 실행 성공: 
            INSERT INTO files (file_path, file_na..., 영향받은 행: 1
2025-09-12 16:16:58,235 - SourceAnalyzer - DEBUG - logger.py:64 - 쿼리 실행 성공: 
                SELECT COUNT(*) as count FROM fil...
2025-09-12 16:16:58,235 - SourceAnalyzer - DEBUG - logger.py:64 - 업데이트 쿼리 실행 성공: 
            INSERT INTO files (file_path, file_na..., 영향받은 행: 1
2025-09-12 16:16:58,235 - SourceAnalyzer - DEBUG - logger.py:64 - 쿼리 실행 성공: 
                SELECT COUNT(*) as count FROM fil...
2025-09-12 16:16:58,235 - SourceAnalyzer - DEBUG - logger.py:64 - 업데이트 쿼리 실행 성공: 
            INSERT INTO files (file_path, file_na..., 영향받은 행: 1
2025-09-12 16:16:58,235 - SourceAnalyzer - DEBUG - logger.py:64 - 쿼리 실행 성공: 
                SELECT COUNT(*) as count FROM fil...
2025-09-12 16:16:58,235 - SourceAnalyzer - DEBUG - logger.py:64 - 업데이트 쿼리 실행 성공: 
            INSERT INTO files (file_path, file_na..., 영향받은 행: 1
2025-09-12 16:16:58,235 - SourceAnalyzer - DEBUG - logger.py:64 - 쿼리 실행 성공: 
                SELECT COUNT(*) as count FROM fil...
2025-09-12 16:16:58,235 - SourceAnalyzer - DEBUG - logger.py:64 - 업데이트 쿼리 실행 성공: 
            INSERT INTO files (file_path, file_na..., 영향받은 행: 1
2025-09-12 16:16:58,235 - SourceAnalyzer - DEBUG - logger.py:64 - 쿼리 실행 성공: 
                SELECT COUNT(*) as count FROM fil...
2025-09-12 16:16:58,235 - SourceAnalyzer - DEBUG - logger.py:64 - 업데이트 쿼리 실행 성공: 
            INSERT INTO files (file_path, file_na..., 영향받은 행: 1
2025-09-12 16:16:58,235 - SourceAnalyzer - DEBUG - logger.py:64 - 쿼리 실행 성공: 
                SELECT COUNT(*) as count FROM fil...
2025-09-12 16:16:58,235 - SourceAnalyzer - DEBUG - logger.py:64 - 업데이트 쿼리 실행 성공: 
            INSERT INTO files (file_path, file_na..., 영향받은 행: 1
2025-09-12 16:16:58,235 - SourceAnalyzer - DEBUG - logger.py:64 - 쿼리 실행 성공: 
                SELECT COUNT(*) as count FROM fil...
2025-09-12 16:16:58,236 - SourceAnalyzer - DEBUG - logger.py:64 - 업데이트 쿼리 실행 성공: 
            INSERT INTO files (file_path, file_na..., 영향받은 행: 1
2025-09-12 16:16:58,236 - SourceAnalyzer - DEBUG - logger.py:64 - 쿼리 실행 성공: 
                SELECT COUNT(*) as count FROM fil...
2025-09-12 16:16:58,236 - SourceAnalyzer - DEBUG - logger.py:64 - 업데이트 쿼리 실행 성공: 
            INSERT INTO files (file_path, file_na..., 영향받은 행: 1
2025-09-12 16:16:58,236 - SourceAnalyzer - DEBUG - logger.py:64 - 쿼리 실행 성공: 
                SELECT COUNT(*) as count FROM fil...
2025-09-12 16:16:58,236 - SourceAnalyzer - DEBUG - logger.py:64 - 업데이트 쿼리 실행 성공: 
            INSERT INTO files (file_path, file_na..., 영향받은 행: 1
2025-09-12 16:16:58,236 - SourceAnalyzer - DEBUG - logger.py:64 - 쿼리 실행 성공: 
                SELECT COUNT(*) as count FROM fil...
2025-09-12 16:16:58,236 - SourceAnalyzer - DEBUG - logger.py:64 - 업데이트 쿼리 실행 성공: 
            INSERT INTO files (file_path, file_na..., 영향받은 행: 1
2025-09-12 16:16:58,236 - SourceAnalyzer - DEBUG - logger.py:64 - 쿼리 실행 성공: 
                SELECT COUNT(*) as count FROM fil...
2025-09-12 16:16:58,236 - SourceAnalyzer - DEBUG - logger.py:64 - 업데이트 쿼리 실행 성공: 
            INSERT INTO files (file_path, file_na..., 영향받은 행: 1
2025-09-12 16:16:58,236 - SourceAnalyzer - DEBUG - logger.py:64 - 쿼리 실행 성공: 
                SELECT COUNT(*) as count FROM fil...
2025-09-12 16:16:58,236 - SourceAnalyzer - DEBUG - logger.py:64 - 업데이트 쿼리 실행 성공: 
            INSERT INTO files (file_path, file_na..., 영향받은 행: 1
2025-09-12 16:16:58,236 - SourceAnalyzer - DEBUG - logger.py:64 - 쿼리 실행 성공: 
                SELECT COUNT(*) as count FROM fil...
2025-09-12 16:16:58,236 - SourceAnalyzer - DEBUG - logger.py:64 - 업데이트 쿼리 실행 성공: 
            INSERT INTO files (file_path, file_na..., 영향받은 행: 1
2025-09-12 16:16:58,236 - SourceAnalyzer - DEBUG - logger.py:64 - 쿼리 실행 성공: 
                SELECT COUNT(*) as count FROM fil...
2025-09-12 16:16:58,237 - SourceAnalyzer - DEBUG - logger.py:64 - 업데이트 쿼리 실행 성공: 
            INSERT INTO files (file_path, file_na..., 영향받은 행: 1
2025-09-12 16:16:58,237 - SourceAnalyzer - DEBUG - logger.py:64 - 쿼리 실행 성공: 
                SELECT COUNT(*) as count FROM fil...
2025-09-12 16:16:58,237 - SourceAnalyzer - DEBUG - logger.py:64 - 업데이트 쿼리 실행 성공: 
            INSERT INTO files (file_path, file_na..., 영향받은 행: 1
2025-09-12 16:16:58,237 - SourceAnalyzer - DEBUG - logger.py:64 - 쿼리 실행 성공: 
                SELECT COUNT(*) as count FROM fil...
2025-09-12 16:16:58,237 - SourceAnalyzer - DEBUG - logger.py:64 - 업데이트 쿼리 실행 성공: 
            INSERT INTO files (file_path, file_na..., 영향받은 행: 1
2025-09-12 16:16:58,237 - SourceAnalyzer - DEBUG - logger.py:64 - 쿼리 실행 성공: 
                SELECT COUNT(*) as count FROM fil...
2025-09-12 16:16:58,237 - SourceAnalyzer - DEBUG - logger.py:64 - 업데이트 쿼리 실행 성공: 
            INSERT INTO files (file_path, file_na..., 영향받은 행: 1
2025-09-12 16:16:58,237 - SourceAnalyzer - DEBUG - logger.py:64 - 쿼리 실행 성공: 
                SELECT COUNT(*) as count FROM fil...
2025-09-12 16:16:58,237 - SourceAnalyzer - DEBUG - logger.py:64 - 업데이트 쿼리 실행 성공: 
            INSERT INTO files (file_path, file_na..., 영향받은 행: 1
2025-09-12 16:16:58,237 - SourceAnalyzer - DEBUG - logger.py:64 - 쿼리 실행 성공: 
                SELECT COUNT(*) as count FROM fil...
2025-09-12 16:16:58,237 - SourceAnalyzer - DEBUG - logger.py:64 - 업데이트 쿼리 실행 성공: 
            INSERT INTO files (file_path, file_na..., 영향받은 행: 1
2025-09-12 16:16:58,237 - SourceAnalyzer - DEBUG - logger.py:64 - 쿼리 실행 성공: 
                SELECT COUNT(*) as count FROM fil...
2025-09-12 16:16:58,238 - SourceAnalyzer - DEBUG - logger.py:64 - 업데이트 쿼리 실행 성공: 
            INSERT INTO files (file_path, file_na..., 영향받은 행: 1
2025-09-12 16:16:58,238 - SourceAnalyzer - DEBUG - logger.py:64 - 쿼리 실행 성공: 
                SELECT COUNT(*) as count FROM fil...
2025-09-12 16:16:58,238 - SourceAnalyzer - DEBUG - logger.py:64 - 업데이트 쿼리 실행 성공: 
            INSERT INTO files (file_path, file_na..., 영향받은 행: 1
2025-09-12 16:16:58,238 - SourceAnalyzer - DEBUG - logger.py:64 - 쿼리 실행 성공: 
                SELECT COUNT(*) as count FROM fil...
2025-09-12 16:16:58,238 - SourceAnalyzer - DEBUG - logger.py:64 - 업데이트 쿼리 실행 성공: 
            INSERT INTO files (file_path, file_na..., 영향받은 행: 1
2025-09-12 16:16:58,238 - SourceAnalyzer - DEBUG - logger.py:64 - 쿼리 실행 성공: 
                SELECT COUNT(*) as count FROM fil...
2025-09-12 16:16:58,238 - SourceAnalyzer - DEBUG - logger.py:64 - 업데이트 쿼리 실행 성공: 
            INSERT INTO files (file_path, file_na..., 영향받은 행: 1
2025-09-12 16:16:58,238 - SourceAnalyzer - DEBUG - logger.py:64 - 쿼리 실행 성공: 
                SELECT COUNT(*) as count FROM fil...
2025-09-12 16:16:58,238 - SourceAnalyzer - DEBUG - logger.py:64 - 업데이트 쿼리 실행 성공: 
            INSERT INTO files (file_path, file_na..., 영향받은 행: 1
2025-09-12 16:16:58,238 - SourceAnalyzer - DEBUG - logger.py:64 - 쿼리 실행 성공: 
                SELECT COUNT(*) as count FROM fil...
2025-09-12 16:16:58,238 - SourceAnalyzer - DEBUG - logger.py:64 - 업데이트 쿼리 실행 성공: 
            INSERT INTO files (file_path, file_na..., 영향받은 행: 1
2025-09-12 16:16:58,238 - SourceAnalyzer - DEBUG - logger.py:64 - 쿼리 실행 성공: 
                SELECT COUNT(*) as count FROM fil...
2025-09-12 16:16:58,238 - SourceAnalyzer - DEBUG - logger.py:64 - 업데이트 쿼리 실행 성공: 
            INSERT INTO files (file_path, file_na..., 영향받은 행: 1
2025-09-12 16:16:58,238 - SourceAnalyzer - INFO - logger.py:68 - 파일 정보 저장 완료: 34개 파일
2025-09-12 16:16:58,239 - SourceAnalyzer - DEBUG - logger.py:64 - 업데이트 쿼리 실행 성공: UPDATE projects SET total_files = ? WHERE project_..., 영향받은 행: 1
2025-09-12 16:16:58,239 - SourceAnalyzer - DEBUG - logger.py:64 - 프로젝트 총 파일 수 업데이트: 34
2025-09-12 16:16:58,239 - SourceAnalyzer - INFO - logger.py:68 - === 파일 스캔 통계 ===
2025-09-12 16:16:58,239 - SourceAnalyzer - INFO - logger.py:68 - 총 파일 수: 34
2025-09-12 16:16:58,239 - SourceAnalyzer - INFO - logger.py:68 - 성공 스캔: 34
2025-09-12 16:16:58,239 - SourceAnalyzer - INFO - logger.py:68 - 오류 파일: 0
2025-09-12 16:16:58,239 - SourceAnalyzer - INFO - logger.py:68 - Java 파일: 19
2025-09-12 16:16:58,239 - SourceAnalyzer - INFO - logger.py:68 - XML 파일: 5
2025-09-12 16:16:58,239 - SourceAnalyzer - INFO - logger.py:68 - JSP 파일: 8
2025-09-12 16:16:58,239 - SourceAnalyzer - INFO - logger.py:68 - SQL 파일: 0
2025-09-12 16:16:58,239 - SourceAnalyzer - INFO - logger.py:68 - CSV 파일: 2
2025-09-12 16:16:58,239 - SourceAnalyzer - INFO - logger.py:68 - 기타 파일: 0
2025-09-12 16:16:58,239 - SourceAnalyzer - INFO - logger.py:68 - === 파일 스캔 완료 ===
2025-09-12 16:16:58,244 - SourceAnalyzer - DEBUG - logger.py:64 - 데이터베이스 연결 해제: D:\Analyzer\CreateMetaDb\projects\sampleSrc\metadata.db
2025-09-12 16:16:58,244 - SourceAnalyzer - INFO - logger.py:68 - 파일 스캔 완료: 파일 정보 저장
2025-09-12 16:16:58,244 - SourceAnalyzer - INFO - logger.py:68 - === 데이터베이스 로딩 시작: 데이터베이스 구조 저장 ===
2025-09-12 16:16:58,245 - SourceAnalyzer - DEBUG - logger.py:64 - 데이터베이스 연결 성공: D:\Analyzer\CreateMetaDb\projects\sampleSrc\metadata.db
2025-09-12 16:16:58,246 - SourceAnalyzer - WARNING - logger.py:72 - 인코딩 오류, 다른 인코딩으로 재시도: D:\Analyzer\CreateMetaDb\projects\sampleSrc\db_schema\ALL_TABLES.csv
2025-09-12 16:16:58,246 - SourceAnalyzer - DEBUG - logger.py:64 - 파일 읽기 성공 (cp949): D:\Analyzer\CreateMetaDb\projects\sampleSrc\db_schema\ALL_TABLES.csv
2025-09-12 16:16:58,246 - SourceAnalyzer - INFO - logger.py:68 - CSV 파일 로드 완료: D:\Analyzer\CreateMetaDb\projects\sampleSrc\db_schema\ALL_TABLES.csv, 16개 행
2025-09-12 16:16:58,246 - SourceAnalyzer - DEBUG - logger.py:64 - 쿼리 실행 성공: 
                SELECT f.file_id 
               ...
2025-09-12 16:16:58,247 - SourceAnalyzer - DEBUG - logger.py:64 - 배치 쿼리 실행 성공: 
            INSERT OR IGNORE INTO tables (project..., 처리된 행: 16
2025-09-12 16:16:58,247 - SourceAnalyzer - INFO - logger.py:68 - 테이블 정보 저장 완료: 16개 테이블 (오류: 0개)
2025-09-12 16:16:58,248 - SourceAnalyzer - WARNING - logger.py:72 - 인코딩 오류, 다른 인코딩으로 재시도: D:\Analyzer\CreateMetaDb\projects\sampleSrc\db_schema\ALL_TAB_COLUMNS.csv
2025-09-12 16:16:58,248 - SourceAnalyzer - DEBUG - logger.py:64 - 파일 읽기 성공 (cp949): D:\Analyzer\CreateMetaDb\projects\sampleSrc\db_schema\ALL_TAB_COLUMNS.csv
2025-09-12 16:16:58,248 - SourceAnalyzer - INFO - logger.py:68 - CSV 파일 로드 완료: D:\Analyzer\CreateMetaDb\projects\sampleSrc\db_schema\ALL_TAB_COLUMNS.csv, 91개 행
2025-09-12 16:16:58,248 - SourceAnalyzer - DEBUG - logger.py:64 - 쿼리 실행 성공: 
                SELECT t.table_id 
              ...
2025-09-12 16:16:58,248 - SourceAnalyzer - DEBUG - logger.py:64 - 쿼리 실행 성공: 
                SELECT t.table_id 
              ...
2025-09-12 16:16:58,248 - SourceAnalyzer - DEBUG - logger.py:64 - 쿼리 실행 성공: 
                SELECT t.table_id 
              ...
2025-09-12 16:16:58,248 - SourceAnalyzer - DEBUG - logger.py:64 - 쿼리 실행 성공: 
                SELECT t.table_id 
              ...
2025-09-12 16:16:58,248 - SourceAnalyzer - DEBUG - logger.py:64 - 쿼리 실행 성공: 
                SELECT t.table_id 
              ...
2025-09-12 16:16:58,248 - SourceAnalyzer - DEBUG - logger.py:64 - 쿼리 실행 성공: 
                SELECT t.table_id 
              ...
2025-09-12 16:16:58,249 - SourceAnalyzer - DEBUG - logger.py:64 - 쿼리 실행 성공: 
                SELECT t.table_id 
              ...
2025-09-12 16:16:58,249 - SourceAnalyzer - DEBUG - logger.py:64 - 쿼리 실행 성공: 
                SELECT t.table_id 
              ...
2025-09-12 16:16:58,249 - SourceAnalyzer - DEBUG - logger.py:64 - 쿼리 실행 성공: 
                SELECT t.table_id 
              ...
2025-09-12 16:16:58,249 - SourceAnalyzer - DEBUG - logger.py:64 - 쿼리 실행 성공: 
                SELECT t.table_id 
              ...
2025-09-12 16:16:58,249 - SourceAnalyzer - DEBUG - logger.py:64 - 쿼리 실행 성공: 
                SELECT t.table_id 
              ...
2025-09-12 16:16:58,249 - SourceAnalyzer - DEBUG - logger.py:64 - 쿼리 실행 성공: 
                SELECT t.table_id 
              ...
2025-09-12 16:16:58,249 - SourceAnalyzer - DEBUG - logger.py:64 - 쿼리 실행 성공: 
                SELECT t.table_id 
              ...
2025-09-12 16:16:58,249 - SourceAnalyzer - DEBUG - logger.py:64 - 쿼리 실행 성공: 
                SELECT t.table_id 
              ...
2025-09-12 16:16:58,249 - SourceAnalyzer - DEBUG - logger.py:64 - 쿼리 실행 성공: 
                SELECT t.table_id 
              ...
2025-09-12 16:16:58,249 - SourceAnalyzer - DEBUG - logger.py:64 - 쿼리 실행 성공: 
                SELECT t.table_id 
              ...
2025-09-12 16:16:58,249 - SourceAnalyzer - DEBUG - logger.py:64 - 쿼리 실행 성공: 
                SELECT t.table_id 
              ...
2025-09-12 16:16:58,249 - SourceAnalyzer - DEBUG - logger.py:64 - 쿼리 실행 성공: 
                SELECT t.table_id 
              ...
2025-09-12 16:16:58,249 - SourceAnalyzer - DEBUG - logger.py:64 - 쿼리 실행 성공: 
                SELECT t.table_id 
              ...
2025-09-12 16:16:58,249 - SourceAnalyzer - DEBUG - logger.py:64 - 쿼리 실행 성공: 
                SELECT t.table_id 
              ...
2025-09-12 16:16:58,249 - SourceAnalyzer - DEBUG - logger.py:64 - 쿼리 실행 성공: 
                SELECT t.table_id 
              ...
2025-09-12 16:16:58,249 - SourceAnalyzer - DEBUG - logger.py:64 - 쿼리 실행 성공: 
                SELECT t.table_id 
              ...
2025-09-12 16:16:58,250 - SourceAnalyzer - DEBUG - logger.py:64 - 쿼리 실행 성공: 
                SELECT t.table_id 
              ...
2025-09-12 16:16:58,250 - SourceAnalyzer - DEBUG - logger.py:64 - 쿼리 실행 성공: 
                SELECT t.table_id 
              ...
2025-09-12 16:16:58,250 - SourceAnalyzer - DEBUG - logger.py:64 - 쿼리 실행 성공: 
                SELECT t.table_id 
              ...
2025-09-12 16:16:58,250 - SourceAnalyzer - DEBUG - logger.py:64 - 쿼리 실행 성공: 
                SELECT t.table_id 
              ...
2025-09-12 16:16:58,250 - SourceAnalyzer - DEBUG - logger.py:64 - 쿼리 실행 성공: 
                SELECT t.table_id 
              ...
2025-09-12 16:16:58,250 - SourceAnalyzer - DEBUG - logger.py:64 - 쿼리 실행 성공: 
                SELECT t.table_id 
              ...
2025-09-12 16:16:58,250 - SourceAnalyzer - DEBUG - logger.py:64 - 쿼리 실행 성공: 
                SELECT t.table_id 
              ...
2025-09-12 16:16:58,250 - SourceAnalyzer - DEBUG - logger.py:64 - 쿼리 실행 성공: 
                SELECT t.table_id 
              ...
2025-09-12 16:16:58,250 - SourceAnalyzer - DEBUG - logger.py:64 - 쿼리 실행 성공: 
                SELECT t.table_id 
              ...
2025-09-12 16:16:58,250 - SourceAnalyzer - DEBUG - logger.py:64 - 쿼리 실행 성공: 
                SELECT t.table_id 
              ...
2025-09-12 16:16:58,250 - SourceAnalyzer - DEBUG - logger.py:64 - 쿼리 실행 성공: 
                SELECT t.table_id 
              ...
2025-09-12 16:16:58,250 - SourceAnalyzer - DEBUG - logger.py:64 - 쿼리 실행 성공: 
                SELECT t.table_id 
              ...
2025-09-12 16:16:58,250 - SourceAnalyzer - DEBUG - logger.py:64 - 쿼리 실행 성공: 
                SELECT t.table_id 
              ...
2025-09-12 16:16:58,251 - SourceAnalyzer - DEBUG - logger.py:64 - 쿼리 실행 성공: 
                SELECT t.table_id 
              ...
2025-09-12 16:16:58,251 - SourceAnalyzer - DEBUG - logger.py:64 - 쿼리 실행 성공: 
                SELECT t.table_id 
              ...
2025-09-12 16:16:58,251 - SourceAnalyzer - DEBUG - logger.py:64 - 쿼리 실행 성공: 
                SELECT t.table_id 
              ...
2025-09-12 16:16:58,251 - SourceAnalyzer - DEBUG - logger.py:64 - 쿼리 실행 성공: 
                SELECT t.table_id 
              ...
2025-09-12 16:16:58,251 - SourceAnalyzer - DEBUG - logger.py:64 - 쿼리 실행 성공: 
                SELECT t.table_id 
              ...
2025-09-12 16:16:58,251 - SourceAnalyzer - DEBUG - logger.py:64 - 쿼리 실행 성공: 
                SELECT t.table_id 
              ...
2025-09-12 16:16:58,251 - SourceAnalyzer - DEBUG - logger.py:64 - 쿼리 실행 성공: 
                SELECT t.table_id 
              ...
2025-09-12 16:16:58,251 - SourceAnalyzer - DEBUG - logger.py:64 - 쿼리 실행 성공: 
                SELECT t.table_id 
              ...
2025-09-12 16:16:58,251 - SourceAnalyzer - DEBUG - logger.py:64 - 쿼리 실행 성공: 
                SELECT t.table_id 
              ...
2025-09-12 16:16:58,251 - SourceAnalyzer - DEBUG - logger.py:64 - 쿼리 실행 성공: 
                SELECT t.table_id 
              ...
2025-09-12 16:16:58,251 - SourceAnalyzer - DEBUG - logger.py:64 - 쿼리 실행 성공: 
                SELECT t.table_id 
              ...
2025-09-12 16:16:58,251 - SourceAnalyzer - DEBUG - logger.py:64 - 쿼리 실행 성공: 
                SELECT t.table_id 
              ...
2025-09-12 16:16:58,251 - SourceAnalyzer - DEBUG - logger.py:64 - 쿼리 실행 성공: 
                SELECT t.table_id 
              ...
2025-09-12 16:16:58,251 - SourceAnalyzer - DEBUG - logger.py:64 - 쿼리 실행 성공: 
                SELECT t.table_id 
              ...
2025-09-12 16:16:58,251 - SourceAnalyzer - DEBUG - logger.py:64 - 쿼리 실행 성공: 
                SELECT t.table_id 
              ...
2025-09-12 16:16:58,251 - SourceAnalyzer - DEBUG - logger.py:64 - 쿼리 실행 성공: 
                SELECT t.table_id 
              ...
2025-09-12 16:16:58,251 - SourceAnalyzer - DEBUG - logger.py:64 - 쿼리 실행 성공: 
                SELECT t.table_id 
              ...
2025-09-12 16:16:58,251 - SourceAnalyzer - DEBUG - logger.py:64 - 쿼리 실행 성공: 
                SELECT t.table_id 
              ...
2025-09-12 16:16:58,252 - SourceAnalyzer - DEBUG - logger.py:64 - 쿼리 실행 성공: 
                SELECT t.table_id 
              ...
2025-09-12 16:16:58,252 - SourceAnalyzer - DEBUG - logger.py:64 - 쿼리 실행 성공: 
                SELECT t.table_id 
              ...
2025-09-12 16:16:58,252 - SourceAnalyzer - DEBUG - logger.py:64 - 쿼리 실행 성공: 
                SELECT t.table_id 
              ...
2025-09-12 16:16:58,252 - SourceAnalyzer - DEBUG - logger.py:64 - 쿼리 실행 성공: 
                SELECT t.table_id 
              ...
2025-09-12 16:16:58,252 - SourceAnalyzer - DEBUG - logger.py:64 - 쿼리 실행 성공: 
                SELECT t.table_id 
              ...
2025-09-12 16:16:58,252 - SourceAnalyzer - DEBUG - logger.py:64 - 쿼리 실행 성공: 
                SELECT t.table_id 
              ...
2025-09-12 16:16:58,252 - SourceAnalyzer - DEBUG - logger.py:64 - 쿼리 실행 성공: 
                SELECT t.table_id 
              ...
2025-09-12 16:16:58,252 - SourceAnalyzer - DEBUG - logger.py:64 - 쿼리 실행 성공: 
                SELECT t.table_id 
              ...
2025-09-12 16:16:58,252 - SourceAnalyzer - DEBUG - logger.py:64 - 쿼리 실행 성공: 
                SELECT t.table_id 
              ...
2025-09-12 16:16:58,252 - SourceAnalyzer - DEBUG - logger.py:64 - 쿼리 실행 성공: 
                SELECT t.table_id 
              ...
2025-09-12 16:16:58,252 - SourceAnalyzer - DEBUG - logger.py:64 - 쿼리 실행 성공: 
                SELECT t.table_id 
              ...
2025-09-12 16:16:58,252 - SourceAnalyzer - DEBUG - logger.py:64 - 쿼리 실행 성공: 
                SELECT t.table_id 
              ...
2025-09-12 16:16:58,252 - SourceAnalyzer - DEBUG - logger.py:64 - 쿼리 실행 성공: 
                SELECT t.table_id 
              ...
2025-09-12 16:16:58,252 - SourceAnalyzer - DEBUG - logger.py:64 - 쿼리 실행 성공: 
                SELECT t.table_id 
              ...
2025-09-12 16:16:58,252 - SourceAnalyzer - DEBUG - logger.py:64 - 쿼리 실행 성공: 
                SELECT t.table_id 
              ...
2025-09-12 16:16:58,252 - SourceAnalyzer - DEBUG - logger.py:64 - 쿼리 실행 성공: 
                SELECT t.table_id 
              ...
2025-09-12 16:16:58,252 - SourceAnalyzer - DEBUG - logger.py:64 - 쿼리 실행 성공: 
                SELECT t.table_id 
              ...
2025-09-12 16:16:58,252 - SourceAnalyzer - DEBUG - logger.py:64 - 쿼리 실행 성공: 
                SELECT t.table_id 
              ...
2025-09-12 16:16:58,252 - SourceAnalyzer - DEBUG - logger.py:64 - 쿼리 실행 성공: 
                SELECT t.table_id 
              ...
2025-09-12 16:16:58,253 - SourceAnalyzer - DEBUG - logger.py:64 - 쿼리 실행 성공: 
                SELECT t.table_id 
              ...
2025-09-12 16:16:58,253 - SourceAnalyzer - DEBUG - logger.py:64 - 쿼리 실행 성공: 
                SELECT t.table_id 
              ...
2025-09-12 16:16:58,253 - SourceAnalyzer - DEBUG - logger.py:64 - 쿼리 실행 성공: 
                SELECT t.table_id 
              ...
2025-09-12 16:16:58,253 - SourceAnalyzer - DEBUG - logger.py:64 - 쿼리 실행 성공: 
                SELECT t.table_id 
              ...
2025-09-12 16:16:58,253 - SourceAnalyzer - DEBUG - logger.py:64 - 쿼리 실행 성공: 
                SELECT t.table_id 
              ...
2025-09-12 16:16:58,253 - SourceAnalyzer - DEBUG - logger.py:64 - 쿼리 실행 성공: 
                SELECT t.table_id 
              ...
2025-09-12 16:16:58,253 - SourceAnalyzer - DEBUG - logger.py:64 - 쿼리 실행 성공: 
                SELECT t.table_id 
              ...
2025-09-12 16:16:58,253 - SourceAnalyzer - DEBUG - logger.py:64 - 쿼리 실행 성공: 
                SELECT t.table_id 
              ...
2025-09-12 16:16:58,253 - SourceAnalyzer - DEBUG - logger.py:64 - 쿼리 실행 성공: 
                SELECT t.table_id 
              ...
2025-09-12 16:16:58,253 - SourceAnalyzer - DEBUG - logger.py:64 - 쿼리 실행 성공: 
                SELECT t.table_id 
              ...
2025-09-12 16:16:58,253 - SourceAnalyzer - DEBUG - logger.py:64 - 쿼리 실행 성공: 
                SELECT t.table_id 
              ...
2025-09-12 16:16:58,253 - SourceAnalyzer - DEBUG - logger.py:64 - 쿼리 실행 성공: 
                SELECT t.table_id 
              ...
2025-09-12 16:16:58,253 - SourceAnalyzer - DEBUG - logger.py:64 - 쿼리 실행 성공: 
                SELECT t.table_id 
              ...
2025-09-12 16:16:58,253 - SourceAnalyzer - DEBUG - logger.py:64 - 쿼리 실행 성공: 
                SELECT t.table_id 
              ...
2025-09-12 16:16:58,253 - SourceAnalyzer - DEBUG - logger.py:64 - 쿼리 실행 성공: 
                SELECT t.table_id 
              ...
2025-09-12 16:16:58,253 - SourceAnalyzer - DEBUG - logger.py:64 - 쿼리 실행 성공: 
                SELECT t.table_id 
              ...
2025-09-12 16:16:58,253 - SourceAnalyzer - DEBUG - logger.py:64 - 쿼리 실행 성공: 
                SELECT t.table_id 
              ...
2025-09-12 16:16:58,253 - SourceAnalyzer - DEBUG - logger.py:64 - 쿼리 실행 성공: 
                SELECT t.table_id 
              ...
2025-09-12 16:16:58,253 - SourceAnalyzer - DEBUG - logger.py:64 - 쿼리 실행 성공: 
                SELECT t.table_id 
              ...
2025-09-12 16:16:58,254 - SourceAnalyzer - DEBUG - logger.py:64 - 배치 쿼리 실행 성공: 
            INSERT OR IGNORE INTO columns (table_..., 처리된 행: 91
2025-09-12 16:16:58,254 - SourceAnalyzer - INFO - logger.py:68 - 컬럼 정보 저장 완료: 91개 컬럼 (오류: 0개)
2025-09-12 16:16:58,254 - SourceAnalyzer - DEBUG - logger.py:64 - 쿼리 실행 성공: 
                SELECT f.file_id 
               ...
2025-09-12 16:16:58,254 - SourceAnalyzer - DEBUG - logger.py:64 - 쿼리 실행 성공: 
                SELECT table_id, table_name, tabl...
2025-09-12 16:16:58,255 - SourceAnalyzer - DEBUG - logger.py:64 - 배치 쿼리 실행 성공: 
            INSERT OR IGNORE INTO components (pro..., 처리된 행: 16
2025-09-12 16:16:58,255 - SourceAnalyzer - INFO - logger.py:68 - 테이블 컴포넌트 생성 완료: 16개
2025-09-12 16:16:58,255 - SourceAnalyzer - DEBUG - logger.py:64 - 업데이트 쿼리 실행 성공: 
                UPDATE tables 
                SE..., 영향받은 행: 16
2025-09-12 16:16:58,255 - SourceAnalyzer - DEBUG - logger.py:64 - 테이블 component_id 업데이트 완료
2025-09-12 16:16:58,255 - SourceAnalyzer - DEBUG - logger.py:64 - 쿼리 실행 성공: 
                SELECT f.file_id 
               ...
2025-09-12 16:16:58,255 - SourceAnalyzer - DEBUG - logger.py:64 - 쿼리 실행 성공: 
                SELECT c.column_id, c.column_name...
2025-09-12 16:16:58,256 - SourceAnalyzer - DEBUG - logger.py:64 - 배치 쿼리 실행 성공: 
            INSERT OR IGNORE INTO components (pro..., 처리된 행: 91
2025-09-12 16:16:58,256 - SourceAnalyzer - INFO - logger.py:68 - 컬럼 컴포넌트 생성 완료: 91개
2025-09-12 16:16:58,256 - SourceAnalyzer - INFO - logger.py:68 - === 데이터베이스 구조 저장 통계 ===
2025-09-12 16:16:58,256 - SourceAnalyzer - INFO - logger.py:68 - 테이블 로드: 16 (오류: 0)
2025-09-12 16:16:58,256 - SourceAnalyzer - INFO - logger.py:68 - 컬럼 로드: 91 (오류: 0)
2025-09-12 16:16:58,256 - SourceAnalyzer - INFO - logger.py:68 - 컴포넌트 생성: 107 (오류: 0)
2025-09-12 16:16:58,256 - SourceAnalyzer - INFO - logger.py:68 - 오류 없이 완료
2025-09-12 16:16:58,256 - SourceAnalyzer - INFO - logger.py:68 - === 데이터베이스 로딩 완료 ===
2025-09-12 16:16:58,259 - SourceAnalyzer - DEBUG - logger.py:64 - 데이터베이스 연결 해제: D:\Analyzer\CreateMetaDb\projects\sampleSrc\metadata.db
2025-09-12 16:16:58,259 - SourceAnalyzer - INFO - logger.py:68 - 데이터베이스 로딩 완료: 데이터베이스 구조 저장
2025-09-12 16:16:58,265 - SourceAnalyzer - DEBUG - logger.py:64 - 파일 읽기 성공: config/parser/sql_keyword.yaml
2025-09-12 16:16:58,285 - SourceAnalyzer - DEBUG - logger.py:64 - YAML 설정 파일 로드 성공: config/parser/sql_keyword.yaml
2025-09-12 16:16:58,285 - SourceAnalyzer - INFO - logger.py:68 - === XML 로딩 시작: 3~4단계 통합 처리 ===
2025-09-12 16:16:58,286 - SourceAnalyzer - DEBUG - logger.py:64 - 데이터베이스 연결 성공: D:\Analyzer\CreateMetaDb\projects\sampleSrc\metadata.db
2025-09-12 16:16:58,287 - SourceAnalyzer - DEBUG - logger.py:64 - 파일 읽기 성공: D:\Analyzer\CreateMetaDb\projects\sampleSrc\src\com\example\dynamicquery\UserMapper.xml
2025-09-12 16:16:58,288 - SourceAnalyzer - DEBUG - logger.py:64 - 파일 읽기 성공: D:\Analyzer\CreateMetaDb\projects\sampleSrc\src\main\resources\mybatis\mapper\ImplicitJoinMapper.xml
2025-09-12 16:16:58,288 - SourceAnalyzer - DEBUG - logger.py:64 - 파일 읽기 성공: D:\Analyzer\CreateMetaDb\projects\sampleSrc\src\main\resources\mybatis\mapper\MixedErrorMapper.xml
2025-09-12 16:16:58,289 - SourceAnalyzer - DEBUG - logger.py:64 - 파일 읽기 성공: D:\Analyzer\CreateMetaDb\projects\sampleSrc\src\main\resources\mybatis\mapper\ProductMapper.xml
2025-09-12 16:16:58,289 - SourceAnalyzer - DEBUG - logger.py:64 - 파일 읽기 성공: D:\Analyzer\CreateMetaDb\projects\sampleSrc\src\main\resources\mybatis\mapper\UserMapper.xml
2025-09-12 16:16:58,289 - SourceAnalyzer - INFO - logger.py:68 - MyBatis XML 파일 수집 완료: 5개
2025-09-12 16:16:58,291 - SourceAnalyzer - DEBUG - logger.py:64 - 파일 읽기 성공: D:\Analyzer\CreateMetaDb\projects\sampleSrc\src\com\example\dynamicquery\UserMapper.xml
2025-09-12 16:16:58,296 - SourceAnalyzer - DEBUG - logger.py:64 - 파일 읽기 성공: D:\Analyzer\CreateMetaDb\projects\sampleSrc\src\com\example\dynamicquery\UserMapper.xml
2025-09-12 16:16:58,296 - SourceAnalyzer - DEBUG - logger.py:64 - 파일 읽기 성공: D:\Analyzer\CreateMetaDb\projects\sampleSrc\src\com\example\dynamicquery\UserMapper.xml
2025-09-12 16:16:58,296 - SourceAnalyzer - DEBUG - logger.py:64 - 파일 읽기 성공: D:\Analyzer\CreateMetaDb\projects\sampleSrc\src\com\example\dynamicquery\UserMapper.xml
2025-09-12 16:16:58,297 - SourceAnalyzer - DEBUG - logger.py:64 - 파일 읽기 성공: D:\Analyzer\CreateMetaDb\projects\sampleSrc\src\com\example\dynamicquery\UserMapper.xml
2025-09-12 16:16:58,297 - SourceAnalyzer - DEBUG - logger.py:64 - 파일 읽기 성공: D:\Analyzer\CreateMetaDb\projects\sampleSrc\src\com\example\dynamicquery\UserMapper.xml
2025-09-12 16:16:58,298 - SourceAnalyzer - DEBUG - logger.py:64 - 파일 읽기 성공: D:\Analyzer\CreateMetaDb\projects\sampleSrc\src\com\example\dynamicquery\UserMapper.xml
2025-09-12 16:16:58,298 - SourceAnalyzer - DEBUG - logger.py:64 - 파일 읽기 성공: D:\Analyzer\CreateMetaDb\projects\sampleSrc\src\com\example\dynamicquery\UserMapper.xml
2025-09-12 16:16:58,299 - SourceAnalyzer - DEBUG - logger.py:64 - 쿼리 실행 성공: SELECT project_id FROM projects WHERE project_name...
2025-09-12 16:16:58,299 - SourceAnalyzer - DEBUG - logger.py:64 - 쿼리 실행 성공: 
                SELECT file_id FROM files 
      ...
2025-09-12 16:16:58,299 - SourceAnalyzer - DEBUG - logger.py:64 - 쿼리 실행 성공: 
                SELECT file_id FROM files 
      ...
2025-09-12 16:16:58,299 - SourceAnalyzer - DEBUG - logger.py:64 - 쿼리 실행 성공: 
                SELECT file_id FROM files 
      ...
2025-09-12 16:16:58,299 - SourceAnalyzer - DEBUG - logger.py:64 - 쿼리 실행 성공: 
                SELECT file_id FROM files 
      ...
2025-09-12 16:16:58,299 - SourceAnalyzer - DEBUG - logger.py:64 - 쿼리 실행 성공: 
                SELECT file_id FROM files 
      ...
2025-09-12 16:16:58,299 - SourceAnalyzer - DEBUG - logger.py:64 - 쿼리 실행 성공: 
                SELECT file_id FROM files 
      ...
2025-09-12 16:16:58,299 - SourceAnalyzer - DEBUG - logger.py:64 - 쿼리 실행 성공: 
                SELECT file_id FROM files 
      ...
2025-09-12 16:16:58,299 - SourceAnalyzer - DEBUG - logger.py:64 - 쿼리 실행 성공: 
                SELECT file_id FROM files 
      ...
2025-09-12 16:16:58,301 - SourceAnalyzer - DEBUG - logger.py:64 - 배치 쿼리 실행 성공: 
            INSERT OR IGNORE INTO components (pro..., 처리된 행: 8
2025-09-12 16:16:58,301 - SourceAnalyzer - INFO - logger.py:68 - SQL 컴포넌트 저장 완료: 8개
2025-09-12 16:16:58,301 - SourceAnalyzer - DEBUG - logger.py:64 - 쿼리 실행 성공: SELECT project_id FROM projects WHERE project_name...
2025-09-12 16:16:58,302 - SourceAnalyzer - DEBUG - logger.py:64 - 쿼리 실행 성공: 
            SELECT c.component_id 
            FR...
2025-09-12 16:16:58,302 - SourceAnalyzer - DEBUG - logger.py:64 - 쿼리 실행 성공: 
            SELECT c.component_id 
            FR...
2025-09-12 16:16:58,302 - SourceAnalyzer - INFO - logger.py:68 - inferred 테이블 생성 시도: DEPARTMENTS
2025-09-12 16:16:58,302 - SourceAnalyzer - DEBUG - logger.py:64 - tables 테이블에 데이터 삽입 시도: {'project_id': 1, 'component_id': None, 'table_name': 'DEPARTMENTS', 'table_owner': 'UNKNOWN', 'table_comments': 'Inferred from SQL analysis', 'has_error': 'N', 'error_message': None, 'hash_value': 'INFERRED', 'del_yn': 'N'}
2025-09-12 16:16:58,302 - SourceAnalyzer - DEBUG - logger.py:64 - tables 테이블 삽입 결과: 17
2025-09-12 16:16:58,302 - SourceAnalyzer - DEBUG - logger.py:64 - components 테이블에 데이터 삽입 시도: {'project_id': 1, 'component_type': 'TABLE', 'component_name': 'DEPARTMENTS', 'parent_id': None, 'file_id': None, 'line_start': None, 'line_end': None, 'hash_value': 'INFERRED', 'has_error': 'N', 'error_message': None, 'del_yn': 'N'}
2025-09-12 16:16:58,302 - SourceAnalyzer - ERROR - logger.py:76 - 데이터베이스 연결 오류: NOT NULL constraint failed: components.file_id
2025-09-12 16:16:58,302 - SourceAnalyzer - ERROR - logger.py:76 - INSERT OR REPLACE WITH ID 실패: components, 오류: NOT NULL constraint failed: components.file_id
2025-09-12 16:16:58,302 - SourceAnalyzer - DEBUG - logger.py:64 - components 테이블 삽입 결과: 0
2025-09-12 16:16:58,302 - SourceAnalyzer - WARNING - logger.py:72 - components 테이블 삽입 실패: DEPARTMENTS
2025-09-12 16:16:58,302 - SourceAnalyzer - DEBUG - logger.py:64 - inferred 테이블 생성 완료: DEPARTMENTS, component_id: 0
2025-09-12 16:16:58,302 - SourceAnalyzer - ERROR - logger.py:76 - inferred 테이블 생성 실패: DEPARTMENTS
2025-09-12 16:16:58,302 - SourceAnalyzer - DEBUG - logger.py:64 - 쿼리 실행 성공: 
            SELECT c.component_id 
            FR...
2025-09-12 16:16:58,302 - SourceAnalyzer - DEBUG - logger.py:64 - 쿼리 실행 성공: 
            SELECT c.component_id 
            FR...
2025-09-12 16:16:58,302 - SourceAnalyzer - INFO - logger.py:68 - inferred 테이블 생성 시도: USER_PROFILES
2025-09-12 16:16:58,303 - SourceAnalyzer - DEBUG - logger.py:64 - tables 테이블에 데이터 삽입 시도: {'project_id': 1, 'component_id': None, 'table_name': 'USER_PROFILES', 'table_owner': 'UNKNOWN', 'table_comments': 'Inferred from SQL analysis', 'has_error': 'N', 'error_message': None, 'hash_value': 'INFERRED', 'del_yn': 'N'}
2025-09-12 16:16:58,303 - SourceAnalyzer - DEBUG - logger.py:64 - tables 테이블 삽입 결과: 18
2025-09-12 16:16:58,303 - SourceAnalyzer - DEBUG - logger.py:64 - components 테이블에 데이터 삽입 시도: {'project_id': 1, 'component_type': 'TABLE', 'component_name': 'USER_PROFILES', 'parent_id': None, 'file_id': None, 'line_start': None, 'line_end': None, 'hash_value': 'INFERRED', 'has_error': 'N', 'error_message': None, 'del_yn': 'N'}
2025-09-12 16:16:58,303 - SourceAnalyzer - ERROR - logger.py:76 - 데이터베이스 연결 오류: NOT NULL constraint failed: components.file_id
2025-09-12 16:16:58,303 - SourceAnalyzer - ERROR - logger.py:76 - INSERT OR REPLACE WITH ID 실패: components, 오류: NOT NULL constraint failed: components.file_id
2025-09-12 16:16:58,303 - SourceAnalyzer - DEBUG - logger.py:64 - components 테이블 삽입 결과: 0
2025-09-12 16:16:58,303 - SourceAnalyzer - WARNING - logger.py:72 - components 테이블 삽입 실패: USER_PROFILES
2025-09-12 16:16:58,303 - SourceAnalyzer - DEBUG - logger.py:64 - inferred 테이블 생성 완료: USER_PROFILES, component_id: 0
2025-09-12 16:16:58,303 - SourceAnalyzer - ERROR - logger.py:76 - inferred 테이블 생성 실패: USER_PROFILES
2025-09-12 16:16:58,303 - SourceAnalyzer - DEBUG - logger.py:64 - 쿼리 실행 성공: 
            SELECT c.component_id 
            FR...
2025-09-12 16:16:58,303 - SourceAnalyzer - DEBUG - logger.py:64 - 쿼리 실행 성공: 
            SELECT c.component_id 
            FR...
2025-09-12 16:16:58,303 - SourceAnalyzer - INFO - logger.py:68 - inferred 테이블 생성 시도: DEPARTMENTS
2025-09-12 16:16:58,303 - SourceAnalyzer - DEBUG - logger.py:64 - tables 테이블에 데이터 삽입 시도: {'project_id': 1, 'component_id': None, 'table_name': 'DEPARTMENTS', 'table_owner': 'UNKNOWN', 'table_comments': 'Inferred from SQL analysis', 'has_error': 'N', 'error_message': None, 'hash_value': 'INFERRED', 'del_yn': 'N'}
2025-09-12 16:16:58,303 - SourceAnalyzer - DEBUG - logger.py:64 - tables 테이블 삽입 결과: 19
2025-09-12 16:16:58,303 - SourceAnalyzer - DEBUG - logger.py:64 - components 테이블에 데이터 삽입 시도: {'project_id': 1, 'component_type': 'TABLE', 'component_name': 'DEPARTMENTS', 'parent_id': None, 'file_id': None, 'line_start': None, 'line_end': None, 'hash_value': 'INFERRED', 'has_error': 'N', 'error_message': None, 'del_yn': 'N'}
2025-09-12 16:16:58,303 - SourceAnalyzer - ERROR - logger.py:76 - 데이터베이스 연결 오류: NOT NULL constraint failed: components.file_id
2025-09-12 16:16:58,303 - SourceAnalyzer - ERROR - logger.py:76 - INSERT OR REPLACE WITH ID 실패: components, 오류: NOT NULL constraint failed: components.file_id
2025-09-12 16:16:58,303 - SourceAnalyzer - DEBUG - logger.py:64 - components 테이블 삽입 결과: 0
2025-09-12 16:16:58,303 - SourceAnalyzer - WARNING - logger.py:72 - components 테이블 삽입 실패: DEPARTMENTS
2025-09-12 16:16:58,303 - SourceAnalyzer - DEBUG - logger.py:64 - inferred 테이블 생성 완료: DEPARTMENTS, component_id: 0
2025-09-12 16:16:58,304 - SourceAnalyzer - ERROR - logger.py:76 - inferred 테이블 생성 실패: DEPARTMENTS
2025-09-12 16:16:58,304 - SourceAnalyzer - DEBUG - logger.py:64 - 쿼리 실행 성공: 
            SELECT c.component_id 
            FR...
2025-09-12 16:16:58,304 - SourceAnalyzer - DEBUG - logger.py:64 - 쿼리 실행 성공: 
            SELECT c.component_id 
            FR...
2025-09-12 16:16:58,304 - SourceAnalyzer - INFO - logger.py:68 - inferred 테이블 생성 시도: DEPARTMENTS
2025-09-12 16:16:58,304 - SourceAnalyzer - DEBUG - logger.py:64 - tables 테이블에 데이터 삽입 시도: {'project_id': 1, 'component_id': None, 'table_name': 'DEPARTMENTS', 'table_owner': 'UNKNOWN', 'table_comments': 'Inferred from SQL analysis', 'has_error': 'N', 'error_message': None, 'hash_value': 'INFERRED', 'del_yn': 'N'}
2025-09-12 16:16:58,304 - SourceAnalyzer - DEBUG - logger.py:64 - tables 테이블 삽입 결과: 20
2025-09-12 16:16:58,304 - SourceAnalyzer - DEBUG - logger.py:64 - components 테이블에 데이터 삽입 시도: {'project_id': 1, 'component_type': 'TABLE', 'component_name': 'DEPARTMENTS', 'parent_id': None, 'file_id': None, 'line_start': None, 'line_end': None, 'hash_value': 'INFERRED', 'has_error': 'N', 'error_message': None, 'del_yn': 'N'}
2025-09-12 16:16:58,304 - SourceAnalyzer - ERROR - logger.py:76 - 데이터베이스 연결 오류: NOT NULL constraint failed: components.file_id
2025-09-12 16:16:58,304 - SourceAnalyzer - ERROR - logger.py:76 - INSERT OR REPLACE WITH ID 실패: components, 오류: NOT NULL constraint failed: components.file_id
2025-09-12 16:16:58,304 - SourceAnalyzer - DEBUG - logger.py:64 - components 테이블 삽입 결과: 0
2025-09-12 16:16:58,304 - SourceAnalyzer - WARNING - logger.py:72 - components 테이블 삽입 실패: DEPARTMENTS
2025-09-12 16:16:58,304 - SourceAnalyzer - DEBUG - logger.py:64 - inferred 테이블 생성 완료: DEPARTMENTS, component_id: 0
2025-09-12 16:16:58,304 - SourceAnalyzer - ERROR - logger.py:76 - inferred 테이블 생성 실패: DEPARTMENTS
2025-09-12 16:16:58,304 - SourceAnalyzer - DEBUG - logger.py:64 - 쿼리 실행 성공: 
            SELECT c.component_id 
            FR...
2025-09-12 16:16:58,304 - SourceAnalyzer - DEBUG - logger.py:64 - 쿼리 실행 성공: 
            SELECT c.component_id 
            FR...
2025-09-12 16:16:58,304 - SourceAnalyzer - DEBUG - logger.py:64 - 쿼리 실행 성공: 
            SELECT c.component_id 
            FR...
2025-09-12 16:16:58,304 - SourceAnalyzer - DEBUG - logger.py:64 - 쿼리 실행 성공: 
            SELECT c.component_id 
            FR...
2025-09-12 16:16:58,304 - SourceAnalyzer - DEBUG - logger.py:64 - 쿼리 실행 성공: 
            SELECT c.component_id 
            FR...
2025-09-12 16:16:58,304 - SourceAnalyzer - DEBUG - logger.py:64 - 쿼리 실행 성공: 
            SELECT c.component_id 
            FR...
2025-09-12 16:16:58,304 - SourceAnalyzer - INFO - logger.py:68 - inferred 테이블 생성 시도: DEPARTMENTS
2025-09-12 16:16:58,304 - SourceAnalyzer - DEBUG - logger.py:64 - tables 테이블에 데이터 삽입 시도: {'project_id': 1, 'component_id': None, 'table_name': 'DEPARTMENTS', 'table_owner': 'UNKNOWN', 'table_comments': 'Inferred from SQL analysis', 'has_error': 'N', 'error_message': None, 'hash_value': 'INFERRED', 'del_yn': 'N'}
2025-09-12 16:16:58,304 - SourceAnalyzer - DEBUG - logger.py:64 - tables 테이블 삽입 결과: 21
2025-09-12 16:16:58,304 - SourceAnalyzer - DEBUG - logger.py:64 - components 테이블에 데이터 삽입 시도: {'project_id': 1, 'component_type': 'TABLE', 'component_name': 'DEPARTMENTS', 'parent_id': None, 'file_id': None, 'line_start': None, 'line_end': None, 'hash_value': 'INFERRED', 'has_error': 'N', 'error_message': None, 'del_yn': 'N'}
2025-09-12 16:16:58,305 - SourceAnalyzer - ERROR - logger.py:76 - 데이터베이스 연결 오류: NOT NULL constraint failed: components.file_id
2025-09-12 16:16:58,305 - SourceAnalyzer - ERROR - logger.py:76 - INSERT OR REPLACE WITH ID 실패: components, 오류: NOT NULL constraint failed: components.file_id
2025-09-12 16:16:58,305 - SourceAnalyzer - DEBUG - logger.py:64 - components 테이블 삽입 결과: 0
2025-09-12 16:16:58,305 - SourceAnalyzer - WARNING - logger.py:72 - components 테이블 삽입 실패: DEPARTMENTS
2025-09-12 16:16:58,305 - SourceAnalyzer - DEBUG - logger.py:64 - inferred 테이블 생성 완료: DEPARTMENTS, component_id: 0
2025-09-12 16:16:58,305 - SourceAnalyzer - ERROR - logger.py:76 - inferred 테이블 생성 실패: DEPARTMENTS
2025-09-12 16:16:58,305 - SourceAnalyzer - DEBUG - logger.py:64 - 쿼리 실행 성공: 
            SELECT c.component_id 
            FR...
2025-09-12 16:16:58,305 - SourceAnalyzer - DEBUG - logger.py:64 - 쿼리 실행 성공: 
            SELECT c.component_id 
            FR...
2025-09-12 16:16:58,305 - SourceAnalyzer - INFO - logger.py:68 - inferred 테이블 생성 시도: USER_PROFILES
2025-09-12 16:16:58,305 - SourceAnalyzer - DEBUG - logger.py:64 - tables 테이블에 데이터 삽입 시도: {'project_id': 1, 'component_id': None, 'table_name': 'USER_PROFILES', 'table_owner': 'UNKNOWN', 'table_comments': 'Inferred from SQL analysis', 'has_error': 'N', 'error_message': None, 'hash_value': 'INFERRED', 'del_yn': 'N'}
2025-09-12 16:16:58,305 - SourceAnalyzer - DEBUG - logger.py:64 - tables 테이블 삽입 결과: 22
2025-09-12 16:16:58,305 - SourceAnalyzer - DEBUG - logger.py:64 - components 테이블에 데이터 삽입 시도: {'project_id': 1, 'component_type': 'TABLE', 'component_name': 'USER_PROFILES', 'parent_id': None, 'file_id': None, 'line_start': None, 'line_end': None, 'hash_value': 'INFERRED', 'has_error': 'N', 'error_message': None, 'del_yn': 'N'}
2025-09-12 16:16:58,305 - SourceAnalyzer - ERROR - logger.py:76 - 데이터베이스 연결 오류: NOT NULL constraint failed: components.file_id
2025-09-12 16:16:58,305 - SourceAnalyzer - ERROR - logger.py:76 - INSERT OR REPLACE WITH ID 실패: components, 오류: NOT NULL constraint failed: components.file_id
2025-09-12 16:16:58,305 - SourceAnalyzer - DEBUG - logger.py:64 - components 테이블 삽입 결과: 0
2025-09-12 16:16:58,305 - SourceAnalyzer - WARNING - logger.py:72 - components 테이블 삽입 실패: USER_PROFILES
2025-09-12 16:16:58,305 - SourceAnalyzer - DEBUG - logger.py:64 - inferred 테이블 생성 완료: USER_PROFILES, component_id: 0
2025-09-12 16:16:58,305 - SourceAnalyzer - ERROR - logger.py:76 - inferred 테이블 생성 실패: USER_PROFILES
2025-09-12 16:16:58,305 - SourceAnalyzer - DEBUG - logger.py:64 - 쿼리 실행 성공: 
            SELECT c.component_id 
            FR...
2025-09-12 16:16:58,305 - SourceAnalyzer - DEBUG - logger.py:64 - 쿼리 실행 성공: 
            SELECT c.component_id 
            FR...
2025-09-12 16:16:58,305 - SourceAnalyzer - DEBUG - logger.py:64 - 쿼리 실행 성공: 
            SELECT c.component_id 
            FR...
2025-09-12 16:16:58,305 - SourceAnalyzer - DEBUG - logger.py:64 - 쿼리 실행 성공: 
            SELECT c.component_id 
            FR...
2025-09-12 16:16:58,306 - SourceAnalyzer - INFO - logger.py:68 - inferred 테이블 생성 시도: USER_ROLES
2025-09-12 16:16:58,306 - SourceAnalyzer - DEBUG - logger.py:64 - tables 테이블에 데이터 삽입 시도: {'project_id': 1, 'component_id': None, 'table_name': 'USER_ROLES', 'table_owner': 'UNKNOWN', 'table_comments': 'Inferred from SQL analysis', 'has_error': 'N', 'error_message': None, 'hash_value': 'INFERRED', 'del_yn': 'N'}
2025-09-12 16:16:58,306 - SourceAnalyzer - DEBUG - logger.py:64 - tables 테이블 삽입 결과: 23
2025-09-12 16:16:58,306 - SourceAnalyzer - DEBUG - logger.py:64 - components 테이블에 데이터 삽입 시도: {'project_id': 1, 'component_type': 'TABLE', 'component_name': 'USER_ROLES', 'parent_id': None, 'file_id': None, 'line_start': None, 'line_end': None, 'hash_value': 'INFERRED', 'has_error': 'N', 'error_message': None, 'del_yn': 'N'}
2025-09-12 16:16:58,306 - SourceAnalyzer - ERROR - logger.py:76 - 데이터베이스 연결 오류: NOT NULL constraint failed: components.file_id
2025-09-12 16:16:58,306 - SourceAnalyzer - ERROR - logger.py:76 - INSERT OR REPLACE WITH ID 실패: components, 오류: NOT NULL constraint failed: components.file_id
2025-09-12 16:16:58,306 - SourceAnalyzer - DEBUG - logger.py:64 - components 테이블 삽입 결과: 0
2025-09-12 16:16:58,306 - SourceAnalyzer - WARNING - logger.py:72 - components 테이블 삽입 실패: USER_ROLES
2025-09-12 16:16:58,306 - SourceAnalyzer - DEBUG - logger.py:64 - inferred 테이블 생성 완료: USER_ROLES, component_id: 0
2025-09-12 16:16:58,306 - SourceAnalyzer - ERROR - logger.py:76 - inferred 테이블 생성 실패: USER_ROLES
2025-09-12 16:16:58,306 - SourceAnalyzer - DEBUG - logger.py:64 - 쿼리 실행 성공: 
            SELECT c.component_id 
            FR...
2025-09-12 16:16:58,306 - SourceAnalyzer - INFO - logger.py:68 - inferred 테이블 생성 시도: USER_ROLES
2025-09-12 16:16:58,306 - SourceAnalyzer - DEBUG - logger.py:64 - tables 테이블에 데이터 삽입 시도: {'project_id': 1, 'component_id': None, 'table_name': 'USER_ROLES', 'table_owner': 'UNKNOWN', 'table_comments': 'Inferred from SQL analysis', 'has_error': 'N', 'error_message': None, 'hash_value': 'INFERRED', 'del_yn': 'N'}
2025-09-12 16:16:58,306 - SourceAnalyzer - DEBUG - logger.py:64 - tables 테이블 삽입 결과: 24
2025-09-12 16:16:58,306 - SourceAnalyzer - DEBUG - logger.py:64 - components 테이블에 데이터 삽입 시도: {'project_id': 1, 'component_type': 'TABLE', 'component_name': 'USER_ROLES', 'parent_id': None, 'file_id': None, 'line_start': None, 'line_end': None, 'hash_value': 'INFERRED', 'has_error': 'N', 'error_message': None, 'del_yn': 'N'}
2025-09-12 16:16:58,306 - SourceAnalyzer - ERROR - logger.py:76 - 데이터베이스 연결 오류: NOT NULL constraint failed: components.file_id
2025-09-12 16:16:58,306 - SourceAnalyzer - ERROR - logger.py:76 - INSERT OR REPLACE WITH ID 실패: components, 오류: NOT NULL constraint failed: components.file_id
2025-09-12 16:16:58,306 - SourceAnalyzer - DEBUG - logger.py:64 - components 테이블 삽입 결과: 0
2025-09-12 16:16:58,306 - SourceAnalyzer - WARNING - logger.py:72 - components 테이블 삽입 실패: USER_ROLES
2025-09-12 16:16:58,306 - SourceAnalyzer - DEBUG - logger.py:64 - inferred 테이블 생성 완료: USER_ROLES, component_id: 0
2025-09-12 16:16:58,306 - SourceAnalyzer - ERROR - logger.py:76 - inferred 테이블 생성 실패: USER_ROLES
2025-09-12 16:16:58,307 - SourceAnalyzer - DEBUG - logger.py:64 - 쿼리 실행 성공: 
            SELECT c.component_id 
            FR...
2025-09-12 16:16:58,307 - SourceAnalyzer - INFO - logger.py:68 - inferred 테이블 생성 시도: ROLES
2025-09-12 16:16:58,307 - SourceAnalyzer - DEBUG - logger.py:64 - tables 테이블에 데이터 삽입 시도: {'project_id': 1, 'component_id': None, 'table_name': 'ROLES', 'table_owner': 'UNKNOWN', 'table_comments': 'Inferred from SQL analysis', 'has_error': 'N', 'error_message': None, 'hash_value': 'INFERRED', 'del_yn': 'N'}
2025-09-12 16:16:58,307 - SourceAnalyzer - DEBUG - logger.py:64 - tables 테이블 삽입 결과: 25
2025-09-12 16:16:58,307 - SourceAnalyzer - DEBUG - logger.py:64 - components 테이블에 데이터 삽입 시도: {'project_id': 1, 'component_type': 'TABLE', 'component_name': 'ROLES', 'parent_id': None, 'file_id': None, 'line_start': None, 'line_end': None, 'hash_value': 'INFERRED', 'has_error': 'N', 'error_message': None, 'del_yn': 'N'}
2025-09-12 16:16:58,307 - SourceAnalyzer - ERROR - logger.py:76 - 데이터베이스 연결 오류: NOT NULL constraint failed: components.file_id
2025-09-12 16:16:58,307 - SourceAnalyzer - ERROR - logger.py:76 - INSERT OR REPLACE WITH ID 실패: components, 오류: NOT NULL constraint failed: components.file_id
2025-09-12 16:16:58,307 - SourceAnalyzer - DEBUG - logger.py:64 - components 테이블 삽입 결과: 0
2025-09-12 16:16:58,307 - SourceAnalyzer - WARNING - logger.py:72 - components 테이블 삽입 실패: ROLES
2025-09-12 16:16:58,307 - SourceAnalyzer - DEBUG - logger.py:64 - inferred 테이블 생성 완료: ROLES, component_id: 0
2025-09-12 16:16:58,307 - SourceAnalyzer - ERROR - logger.py:76 - inferred 테이블 생성 실패: ROLES
2025-09-12 16:16:58,307 - SourceAnalyzer - DEBUG - logger.py:64 - 쿼리 실행 성공: 
            SELECT c.component_id 
            FR...
2025-09-12 16:16:58,307 - SourceAnalyzer - DEBUG - logger.py:64 - 쿼리 실행 성공: 
            SELECT c.component_id 
            FR...
2025-09-12 16:16:58,307 - SourceAnalyzer - DEBUG - logger.py:64 - 쿼리 실행 성공: 
            SELECT c.component_id 
            FR...
2025-09-12 16:16:58,307 - SourceAnalyzer - DEBUG - logger.py:64 - 쿼리 실행 성공: 
            SELECT c.component_id 
            FR...
2025-09-12 16:16:58,307 - SourceAnalyzer - INFO - logger.py:68 - inferred 테이블 생성 시도: DEPARTMENTS
2025-09-12 16:16:58,307 - SourceAnalyzer - DEBUG - logger.py:64 - tables 테이블에 데이터 삽입 시도: {'project_id': 1, 'component_id': None, 'table_name': 'DEPARTMENTS', 'table_owner': 'UNKNOWN', 'table_comments': 'Inferred from SQL analysis', 'has_error': 'N', 'error_message': None, 'hash_value': 'INFERRED', 'del_yn': 'N'}
2025-09-12 16:16:58,307 - SourceAnalyzer - DEBUG - logger.py:64 - tables 테이블 삽입 결과: 26
2025-09-12 16:16:58,307 - SourceAnalyzer - DEBUG - logger.py:64 - components 테이블에 데이터 삽입 시도: {'project_id': 1, 'component_type': 'TABLE', 'component_name': 'DEPARTMENTS', 'parent_id': None, 'file_id': None, 'line_start': None, 'line_end': None, 'hash_value': 'INFERRED', 'has_error': 'N', 'error_message': None, 'del_yn': 'N'}
2025-09-12 16:16:58,307 - SourceAnalyzer - ERROR - logger.py:76 - 데이터베이스 연결 오류: NOT NULL constraint failed: components.file_id
2025-09-12 16:16:58,307 - SourceAnalyzer - ERROR - logger.py:76 - INSERT OR REPLACE WITH ID 실패: components, 오류: NOT NULL constraint failed: components.file_id
2025-09-12 16:16:58,308 - SourceAnalyzer - DEBUG - logger.py:64 - components 테이블 삽입 결과: 0
2025-09-12 16:16:58,308 - SourceAnalyzer - WARNING - logger.py:72 - components 테이블 삽입 실패: DEPARTMENTS
2025-09-12 16:16:58,308 - SourceAnalyzer - DEBUG - logger.py:64 - inferred 테이블 생성 완료: DEPARTMENTS, component_id: 0
2025-09-12 16:16:58,308 - SourceAnalyzer - ERROR - logger.py:76 - inferred 테이블 생성 실패: DEPARTMENTS
2025-09-12 16:16:58,308 - SourceAnalyzer - DEBUG - logger.py:64 - 쿼리 실행 성공: 
            SELECT c.component_id 
            FR...
2025-09-12 16:16:58,308 - SourceAnalyzer - DEBUG - logger.py:64 - 쿼리 실행 성공: 
            SELECT c.component_id 
            FR...
2025-09-12 16:16:58,308 - SourceAnalyzer - INFO - logger.py:68 - inferred 테이블 생성 시도: USER_PROFILES
2025-09-12 16:16:58,308 - SourceAnalyzer - DEBUG - logger.py:64 - tables 테이블에 데이터 삽입 시도: {'project_id': 1, 'component_id': None, 'table_name': 'USER_PROFILES', 'table_owner': 'UNKNOWN', 'table_comments': 'Inferred from SQL analysis', 'has_error': 'N', 'error_message': None, 'hash_value': 'INFERRED', 'del_yn': 'N'}
2025-09-12 16:16:58,308 - SourceAnalyzer - DEBUG - logger.py:64 - tables 테이블 삽입 결과: 27
2025-09-12 16:16:58,308 - SourceAnalyzer - DEBUG - logger.py:64 - components 테이블에 데이터 삽입 시도: {'project_id': 1, 'component_type': 'TABLE', 'component_name': 'USER_PROFILES', 'parent_id': None, 'file_id': None, 'line_start': None, 'line_end': None, 'hash_value': 'INFERRED', 'has_error': 'N', 'error_message': None, 'del_yn': 'N'}
2025-09-12 16:16:58,308 - SourceAnalyzer - ERROR - logger.py:76 - 데이터베이스 연결 오류: NOT NULL constraint failed: components.file_id
2025-09-12 16:16:58,308 - SourceAnalyzer - ERROR - logger.py:76 - INSERT OR REPLACE WITH ID 실패: components, 오류: NOT NULL constraint failed: components.file_id
2025-09-12 16:16:58,308 - SourceAnalyzer - DEBUG - logger.py:64 - components 테이블 삽입 결과: 0
2025-09-12 16:16:58,308 - SourceAnalyzer - WARNING - logger.py:72 - components 테이블 삽입 실패: USER_PROFILES
2025-09-12 16:16:58,308 - SourceAnalyzer - DEBUG - logger.py:64 - inferred 테이블 생성 완료: USER_PROFILES, component_id: 0
2025-09-12 16:16:58,308 - SourceAnalyzer - ERROR - logger.py:76 - inferred 테이블 생성 실패: USER_PROFILES
2025-09-12 16:16:58,308 - SourceAnalyzer - DEBUG - logger.py:64 - 쿼리 실행 성공: 
            SELECT c.component_id 
            FR...
2025-09-12 16:16:58,308 - SourceAnalyzer - DEBUG - logger.py:64 - 쿼리 실행 성공: 
            SELECT c.component_id 
            FR...
2025-09-12 16:16:58,308 - SourceAnalyzer - DEBUG - logger.py:64 - 배치 쿼리 실행 성공: 
            INSERT OR IGNORE INTO relationships (..., 처리된 행: 5
2025-09-12 16:16:58,308 - SourceAnalyzer - INFO - logger.py:68 - JOIN 관계 저장 완료: 5개
2025-09-12 16:16:58,309 - SourceAnalyzer - DEBUG - logger.py:64 - 파일 읽기 성공: D:\Analyzer\CreateMetaDb\projects\sampleSrc\src\main\resources\mybatis\mapper\ImplicitJoinMapper.xml
2025-09-12 16:16:58,309 - SourceAnalyzer - DEBUG - logger.py:64 - 파일 읽기 성공: D:\Analyzer\CreateMetaDb\projects\sampleSrc\src\main\resources\mybatis\mapper\ImplicitJoinMapper.xml
2025-09-12 16:16:58,310 - SourceAnalyzer - DEBUG - logger.py:64 - 파일 읽기 성공: D:\Analyzer\CreateMetaDb\projects\sampleSrc\src\main\resources\mybatis\mapper\ImplicitJoinMapper.xml
2025-09-12 16:16:58,310 - SourceAnalyzer - DEBUG - logger.py:64 - 파일 읽기 성공: D:\Analyzer\CreateMetaDb\projects\sampleSrc\src\main\resources\mybatis\mapper\ImplicitJoinMapper.xml
2025-09-12 16:16:58,310 - SourceAnalyzer - DEBUG - logger.py:64 - 파일 읽기 성공: D:\Analyzer\CreateMetaDb\projects\sampleSrc\src\main\resources\mybatis\mapper\ImplicitJoinMapper.xml
2025-09-12 16:16:58,311 - SourceAnalyzer - DEBUG - logger.py:64 - 쿼리 실행 성공: SELECT project_id FROM projects WHERE project_name...
2025-09-12 16:16:58,311 - SourceAnalyzer - DEBUG - logger.py:64 - 쿼리 실행 성공: 
                SELECT file_id FROM files 
      ...
2025-09-12 16:16:58,311 - SourceAnalyzer - DEBUG - logger.py:64 - 쿼리 실행 성공: 
                SELECT file_id FROM files 
      ...
2025-09-12 16:16:58,311 - SourceAnalyzer - DEBUG - logger.py:64 - 쿼리 실행 성공: 
                SELECT file_id FROM files 
      ...
2025-09-12 16:16:58,311 - SourceAnalyzer - DEBUG - logger.py:64 - 쿼리 실행 성공: 
                SELECT file_id FROM files 
      ...
2025-09-12 16:16:58,311 - SourceAnalyzer - DEBUG - logger.py:64 - 쿼리 실행 성공: 
                SELECT file_id FROM files 
      ...
2025-09-12 16:16:58,311 - SourceAnalyzer - DEBUG - logger.py:64 - 배치 쿼리 실행 성공: 
            INSERT OR IGNORE INTO components (pro..., 처리된 행: 5
2025-09-12 16:16:58,311 - SourceAnalyzer - INFO - logger.py:68 - SQL 컴포넌트 저장 완료: 5개
2025-09-12 16:16:58,311 - SourceAnalyzer - DEBUG - logger.py:64 - 쿼리 실행 성공: SELECT project_id FROM projects WHERE project_name...
2025-09-12 16:16:58,311 - SourceAnalyzer - DEBUG - logger.py:64 - 쿼리 실행 성공: 
            SELECT c.component_id 
            FR...
2025-09-12 16:16:58,311 - SourceAnalyzer - DEBUG - logger.py:64 - 쿼리 실행 성공: 
            SELECT c.component_id 
            FR...
2025-09-12 16:16:58,312 - SourceAnalyzer - DEBUG - logger.py:64 - 쿼리 실행 성공: 
            SELECT c.component_id 
            FR...
2025-09-12 16:16:58,312 - SourceAnalyzer - DEBUG - logger.py:64 - 쿼리 실행 성공: 
            SELECT c.component_id 
            FR...
2025-09-12 16:16:58,312 - SourceAnalyzer - DEBUG - logger.py:64 - 쿼리 실행 성공: 
            SELECT c.component_id 
            FR...
2025-09-12 16:16:58,312 - SourceAnalyzer - DEBUG - logger.py:64 - 쿼리 실행 성공: 
            SELECT c.component_id 
            FR...
2025-09-12 16:16:58,312 - SourceAnalyzer - DEBUG - logger.py:64 - 쿼리 실행 성공: 
            SELECT c.component_id 
            FR...
2025-09-12 16:16:58,312 - SourceAnalyzer - DEBUG - logger.py:64 - 쿼리 실행 성공: 
            SELECT c.component_id 
            FR...
2025-09-12 16:16:58,312 - SourceAnalyzer - DEBUG - logger.py:64 - 쿼리 실행 성공: 
            SELECT c.component_id 
            FR...
2025-09-12 16:16:58,312 - SourceAnalyzer - DEBUG - logger.py:64 - 쿼리 실행 성공: 
            SELECT c.component_id 
            FR...
2025-09-12 16:16:58,312 - SourceAnalyzer - DEBUG - logger.py:64 - 쿼리 실행 성공: 
            SELECT c.component_id 
            FR...
2025-09-12 16:16:58,312 - SourceAnalyzer - DEBUG - logger.py:64 - 쿼리 실행 성공: 
            SELECT c.component_id 
            FR...
2025-09-12 16:16:58,312 - SourceAnalyzer - DEBUG - logger.py:64 - 쿼리 실행 성공: 
            SELECT c.component_id 
            FR...
2025-09-12 16:16:58,312 - SourceAnalyzer - DEBUG - logger.py:64 - 쿼리 실행 성공: 
            SELECT c.component_id 
            FR...
2025-09-12 16:16:58,312 - SourceAnalyzer - DEBUG - logger.py:64 - 배치 쿼리 실행 성공: 
            INSERT OR IGNORE INTO relationships (..., 처리된 행: 7
2025-09-12 16:16:58,312 - SourceAnalyzer - INFO - logger.py:68 - JOIN 관계 저장 완료: 7개
2025-09-12 16:16:58,313 - SourceAnalyzer - DEBUG - logger.py:64 - 파일 읽기 성공: D:\Analyzer\CreateMetaDb\projects\sampleSrc\src\main\resources\mybatis\mapper\MixedErrorMapper.xml
2025-09-12 16:16:58,313 - SourceAnalyzer - DEBUG - logger.py:64 - 파일 읽기 성공: D:\Analyzer\CreateMetaDb\projects\sampleSrc\src\main\resources\mybatis\mapper\MixedErrorMapper.xml
2025-09-12 16:16:58,313 - SourceAnalyzer - DEBUG - logger.py:64 - 파일 읽기 성공: D:\Analyzer\CreateMetaDb\projects\sampleSrc\src\main\resources\mybatis\mapper\MixedErrorMapper.xml
2025-09-12 16:16:58,314 - SourceAnalyzer - DEBUG - logger.py:64 - 파일 읽기 성공: D:\Analyzer\CreateMetaDb\projects\sampleSrc\src\main\resources\mybatis\mapper\MixedErrorMapper.xml
2025-09-12 16:16:58,314 - SourceAnalyzer - DEBUG - logger.py:64 - 파일 읽기 성공: D:\Analyzer\CreateMetaDb\projects\sampleSrc\src\main\resources\mybatis\mapper\MixedErrorMapper.xml
2025-09-12 16:16:58,314 - SourceAnalyzer - DEBUG - logger.py:64 - 파일 읽기 성공: D:\Analyzer\CreateMetaDb\projects\sampleSrc\src\main\resources\mybatis\mapper\MixedErrorMapper.xml
2025-09-12 16:16:58,314 - SourceAnalyzer - DEBUG - logger.py:64 - 파일 읽기 성공: D:\Analyzer\CreateMetaDb\projects\sampleSrc\src\main\resources\mybatis\mapper\MixedErrorMapper.xml
2025-09-12 16:16:58,315 - SourceAnalyzer - DEBUG - logger.py:64 - 파일 읽기 성공: D:\Analyzer\CreateMetaDb\projects\sampleSrc\src\main\resources\mybatis\mapper\MixedErrorMapper.xml
2025-09-12 16:16:58,315 - SourceAnalyzer - DEBUG - logger.py:64 - 파일 읽기 성공: D:\Analyzer\CreateMetaDb\projects\sampleSrc\src\main\resources\mybatis\mapper\MixedErrorMapper.xml
2025-09-12 16:16:58,315 - SourceAnalyzer - DEBUG - logger.py:64 - 파일 읽기 성공: D:\Analyzer\CreateMetaDb\projects\sampleSrc\src\main\resources\mybatis\mapper\MixedErrorMapper.xml
2025-09-12 16:16:58,316 - SourceAnalyzer - DEBUG - logger.py:64 - 파일 읽기 성공: D:\Analyzer\CreateMetaDb\projects\sampleSrc\src\main\resources\mybatis\mapper\MixedErrorMapper.xml
2025-09-12 16:16:58,316 - SourceAnalyzer - DEBUG - logger.py:64 - 파일 읽기 성공: D:\Analyzer\CreateMetaDb\projects\sampleSrc\src\main\resources\mybatis\mapper\MixedErrorMapper.xml
2025-09-12 16:16:58,316 - SourceAnalyzer - DEBUG - logger.py:64 - 쿼리 실행 성공: SELECT project_id FROM projects WHERE project_name...
2025-09-12 16:16:58,316 - SourceAnalyzer - DEBUG - logger.py:64 - 쿼리 실행 성공: 
                SELECT file_id FROM files 
      ...
2025-09-12 16:16:58,316 - SourceAnalyzer - DEBUG - logger.py:64 - 쿼리 실행 성공: 
                SELECT file_id FROM files 
      ...
2025-09-12 16:16:58,316 - SourceAnalyzer - DEBUG - logger.py:64 - 쿼리 실행 성공: 
                SELECT file_id FROM files 
      ...
2025-09-12 16:16:58,317 - SourceAnalyzer - DEBUG - logger.py:64 - 쿼리 실행 성공: 
                SELECT file_id FROM files 
      ...
2025-09-12 16:16:58,317 - SourceAnalyzer - DEBUG - logger.py:64 - 쿼리 실행 성공: 
                SELECT file_id FROM files 
      ...
2025-09-12 16:16:58,317 - SourceAnalyzer - DEBUG - logger.py:64 - 쿼리 실행 성공: 
                SELECT file_id FROM files 
      ...
2025-09-12 16:16:58,317 - SourceAnalyzer - DEBUG - logger.py:64 - 쿼리 실행 성공: 
                SELECT file_id FROM files 
      ...
2025-09-12 16:16:58,317 - SourceAnalyzer - DEBUG - logger.py:64 - 쿼리 실행 성공: 
                SELECT file_id FROM files 
      ...
2025-09-12 16:16:58,317 - SourceAnalyzer - DEBUG - logger.py:64 - 쿼리 실행 성공: 
                SELECT file_id FROM files 
      ...
2025-09-12 16:16:58,317 - SourceAnalyzer - DEBUG - logger.py:64 - 쿼리 실행 성공: 
                SELECT file_id FROM files 
      ...
2025-09-12 16:16:58,317 - SourceAnalyzer - DEBUG - logger.py:64 - 쿼리 실행 성공: 
                SELECT file_id FROM files 
      ...
2025-09-12 16:16:58,317 - SourceAnalyzer - DEBUG - logger.py:64 - 쿼리 실행 성공: 
                SELECT file_id FROM files 
      ...
2025-09-12 16:16:58,317 - SourceAnalyzer - DEBUG - logger.py:64 - 배치 쿼리 실행 성공: 
            INSERT OR IGNORE INTO components (pro..., 처리된 행: 12
2025-09-12 16:16:58,317 - SourceAnalyzer - INFO - logger.py:68 - SQL 컴포넌트 저장 완료: 12개
2025-09-12 16:16:58,318 - SourceAnalyzer - DEBUG - logger.py:64 - 파일 읽기 성공: D:\Analyzer\CreateMetaDb\projects\sampleSrc\src\main\resources\mybatis\mapper\ProductMapper.xml
2025-09-12 16:16:58,318 - SourceAnalyzer - DEBUG - logger.py:64 - 파일 읽기 성공: D:\Analyzer\CreateMetaDb\projects\sampleSrc\src\main\resources\mybatis\mapper\ProductMapper.xml
2025-09-12 16:16:58,319 - SourceAnalyzer - DEBUG - logger.py:64 - 파일 읽기 성공: D:\Analyzer\CreateMetaDb\projects\sampleSrc\src\main\resources\mybatis\mapper\ProductMapper.xml
2025-09-12 16:16:58,319 - SourceAnalyzer - DEBUG - logger.py:64 - 파일 읽기 성공: D:\Analyzer\CreateMetaDb\projects\sampleSrc\src\main\resources\mybatis\mapper\ProductMapper.xml
2025-09-12 16:16:58,319 - SourceAnalyzer - DEBUG - logger.py:64 - 파일 읽기 성공: D:\Analyzer\CreateMetaDb\projects\sampleSrc\src\main\resources\mybatis\mapper\ProductMapper.xml
2025-09-12 16:16:58,320 - SourceAnalyzer - DEBUG - logger.py:64 - 파일 읽기 성공: D:\Analyzer\CreateMetaDb\projects\sampleSrc\src\main\resources\mybatis\mapper\ProductMapper.xml
2025-09-12 16:16:58,320 - SourceAnalyzer - DEBUG - logger.py:64 - 파일 읽기 성공: D:\Analyzer\CreateMetaDb\projects\sampleSrc\src\main\resources\mybatis\mapper\ProductMapper.xml
2025-09-12 16:16:58,320 - SourceAnalyzer - DEBUG - logger.py:64 - 파일 읽기 성공: D:\Analyzer\CreateMetaDb\projects\sampleSrc\src\main\resources\mybatis\mapper\ProductMapper.xml
2025-09-12 16:16:58,321 - SourceAnalyzer - DEBUG - logger.py:64 - 파일 읽기 성공: D:\Analyzer\CreateMetaDb\projects\sampleSrc\src\main\resources\mybatis\mapper\ProductMapper.xml
2025-09-12 16:16:58,321 - SourceAnalyzer - DEBUG - logger.py:64 - 쿼리 실행 성공: SELECT project_id FROM projects WHERE project_name...
2025-09-12 16:16:58,321 - SourceAnalyzer - DEBUG - logger.py:64 - 쿼리 실행 성공: 
                SELECT file_id FROM files 
      ...
2025-09-12 16:16:58,321 - SourceAnalyzer - DEBUG - logger.py:64 - 쿼리 실행 성공: 
                SELECT file_id FROM files 
      ...
2025-09-12 16:16:58,321 - SourceAnalyzer - DEBUG - logger.py:64 - 쿼리 실행 성공: 
                SELECT file_id FROM files 
      ...
2025-09-12 16:16:58,321 - SourceAnalyzer - DEBUG - logger.py:64 - 쿼리 실행 성공: 
                SELECT file_id FROM files 
      ...
2025-09-12 16:16:58,321 - SourceAnalyzer - DEBUG - logger.py:64 - 쿼리 실행 성공: 
                SELECT file_id FROM files 
      ...
2025-09-12 16:16:58,321 - SourceAnalyzer - DEBUG - logger.py:64 - 쿼리 실행 성공: 
                SELECT file_id FROM files 
      ...
2025-09-12 16:16:58,321 - SourceAnalyzer - DEBUG - logger.py:64 - 쿼리 실행 성공: 
                SELECT file_id FROM files 
      ...
2025-09-12 16:16:58,322 - SourceAnalyzer - DEBUG - logger.py:64 - 쿼리 실행 성공: 
                SELECT file_id FROM files 
      ...
2025-09-12 16:16:58,322 - SourceAnalyzer - DEBUG - logger.py:64 - 쿼리 실행 성공: 
                SELECT file_id FROM files 
      ...
2025-09-12 16:16:58,322 - SourceAnalyzer - DEBUG - logger.py:64 - 배치 쿼리 실행 성공: 
            INSERT OR IGNORE INTO components (pro..., 처리된 행: 9
2025-09-12 16:16:58,322 - SourceAnalyzer - INFO - logger.py:68 - SQL 컴포넌트 저장 완료: 9개
2025-09-12 16:16:58,322 - SourceAnalyzer - DEBUG - logger.py:64 - 파일 읽기 성공: D:\Analyzer\CreateMetaDb\projects\sampleSrc\src\main\resources\mybatis\mapper\UserMapper.xml
2025-09-12 16:16:58,323 - SourceAnalyzer - DEBUG - logger.py:64 - 파일 읽기 성공: D:\Analyzer\CreateMetaDb\projects\sampleSrc\src\main\resources\mybatis\mapper\UserMapper.xml
2025-09-12 16:16:58,323 - SourceAnalyzer - DEBUG - logger.py:64 - 파일 읽기 성공: D:\Analyzer\CreateMetaDb\projects\sampleSrc\src\main\resources\mybatis\mapper\UserMapper.xml
2025-09-12 16:16:58,324 - SourceAnalyzer - DEBUG - logger.py:64 - 파일 읽기 성공: D:\Analyzer\CreateMetaDb\projects\sampleSrc\src\main\resources\mybatis\mapper\UserMapper.xml
2025-09-12 16:16:58,324 - SourceAnalyzer - DEBUG - logger.py:64 - 파일 읽기 성공: D:\Analyzer\CreateMetaDb\projects\sampleSrc\src\main\resources\mybatis\mapper\UserMapper.xml
2025-09-12 16:16:58,324 - SourceAnalyzer - DEBUG - logger.py:64 - 파일 읽기 성공: D:\Analyzer\CreateMetaDb\projects\sampleSrc\src\main\resources\mybatis\mapper\UserMapper.xml
2025-09-12 16:16:58,325 - SourceAnalyzer - DEBUG - logger.py:64 - 파일 읽기 성공: D:\Analyzer\CreateMetaDb\projects\sampleSrc\src\main\resources\mybatis\mapper\UserMapper.xml
2025-09-12 16:16:58,325 - SourceAnalyzer - DEBUG - logger.py:64 - 파일 읽기 성공: D:\Analyzer\CreateMetaDb\projects\sampleSrc\src\main\resources\mybatis\mapper\UserMapper.xml
2025-09-12 16:16:58,325 - SourceAnalyzer - DEBUG - logger.py:64 - 파일 읽기 성공: D:\Analyzer\CreateMetaDb\projects\sampleSrc\src\main\resources\mybatis\mapper\UserMapper.xml
2025-09-12 16:16:58,326 - SourceAnalyzer - DEBUG - logger.py:64 - 파일 읽기 성공: D:\Analyzer\CreateMetaDb\projects\sampleSrc\src\main\resources\mybatis\mapper\UserMapper.xml
2025-09-12 16:16:58,326 - SourceAnalyzer - DEBUG - logger.py:64 - 파일 읽기 성공: D:\Analyzer\CreateMetaDb\projects\sampleSrc\src\main\resources\mybatis\mapper\UserMapper.xml
2025-09-12 16:16:58,327 - SourceAnalyzer - DEBUG - logger.py:64 - 파일 읽기 성공: D:\Analyzer\CreateMetaDb\projects\sampleSrc\src\main\resources\mybatis\mapper\UserMapper.xml
2025-09-12 16:16:58,327 - SourceAnalyzer - DEBUG - logger.py:64 - 파일 읽기 성공: D:\Analyzer\CreateMetaDb\projects\sampleSrc\src\main\resources\mybatis\mapper\UserMapper.xml
2025-09-12 16:16:58,328 - SourceAnalyzer - DEBUG - logger.py:64 - 파일 읽기 성공: D:\Analyzer\CreateMetaDb\projects\sampleSrc\src\main\resources\mybatis\mapper\UserMapper.xml
2025-09-12 16:16:58,328 - SourceAnalyzer - DEBUG - logger.py:64 - 파일 읽기 성공: D:\Analyzer\CreateMetaDb\projects\sampleSrc\src\main\resources\mybatis\mapper\UserMapper.xml
2025-09-12 16:16:58,328 - SourceAnalyzer - DEBUG - logger.py:64 - 파일 읽기 성공: D:\Analyzer\CreateMetaDb\projects\sampleSrc\src\main\resources\mybatis\mapper\UserMapper.xml
2025-09-12 16:16:58,329 - SourceAnalyzer - DEBUG - logger.py:64 - 파일 읽기 성공: D:\Analyzer\CreateMetaDb\projects\sampleSrc\src\main\resources\mybatis\mapper\UserMapper.xml
2025-09-12 16:16:58,329 - SourceAnalyzer - DEBUG - logger.py:64 - 파일 읽기 성공: D:\Analyzer\CreateMetaDb\projects\sampleSrc\src\main\resources\mybatis\mapper\UserMapper.xml
2025-09-12 16:16:58,330 - SourceAnalyzer - DEBUG - logger.py:64 - 파일 읽기 성공: D:\Analyzer\CreateMetaDb\projects\sampleSrc\src\main\resources\mybatis\mapper\UserMapper.xml
2025-09-12 16:16:58,330 - SourceAnalyzer - DEBUG - logger.py:64 - 파일 읽기 성공: D:\Analyzer\CreateMetaDb\projects\sampleSrc\src\main\resources\mybatis\mapper\UserMapper.xml
2025-09-12 16:16:58,330 - SourceAnalyzer - DEBUG - logger.py:64 - 쿼리 실행 성공: SELECT project_id FROM projects WHERE project_name...
2025-09-12 16:16:58,330 - SourceAnalyzer - DEBUG - logger.py:64 - 쿼리 실행 성공: 
                SELECT file_id FROM files 
      ...
2025-09-12 16:16:58,330 - SourceAnalyzer - DEBUG - logger.py:64 - 쿼리 실행 성공: 
                SELECT file_id FROM files 
      ...
2025-09-12 16:16:58,330 - SourceAnalyzer - DEBUG - logger.py:64 - 쿼리 실행 성공: 
                SELECT file_id FROM files 
      ...
2025-09-12 16:16:58,330 - SourceAnalyzer - DEBUG - logger.py:64 - 쿼리 실행 성공: 
                SELECT file_id FROM files 
      ...
2025-09-12 16:16:58,331 - SourceAnalyzer - DEBUG - logger.py:64 - 쿼리 실행 성공: 
                SELECT file_id FROM files 
      ...
2025-09-12 16:16:58,331 - SourceAnalyzer - DEBUG - logger.py:64 - 쿼리 실행 성공: 
                SELECT file_id FROM files 
      ...
2025-09-12 16:16:58,331 - SourceAnalyzer - DEBUG - logger.py:64 - 쿼리 실행 성공: 
                SELECT file_id FROM files 
      ...
2025-09-12 16:16:58,331 - SourceAnalyzer - DEBUG - logger.py:64 - 쿼리 실행 성공: 
                SELECT file_id FROM files 
      ...
2025-09-12 16:16:58,331 - SourceAnalyzer - DEBUG - logger.py:64 - 쿼리 실행 성공: 
                SELECT file_id FROM files 
      ...
2025-09-12 16:16:58,331 - SourceAnalyzer - DEBUG - logger.py:64 - 쿼리 실행 성공: 
                SELECT file_id FROM files 
      ...
2025-09-12 16:16:58,331 - SourceAnalyzer - DEBUG - logger.py:64 - 쿼리 실행 성공: 
                SELECT file_id FROM files 
      ...
2025-09-12 16:16:58,331 - SourceAnalyzer - DEBUG - logger.py:64 - 쿼리 실행 성공: 
                SELECT file_id FROM files 
      ...
2025-09-12 16:16:58,331 - SourceAnalyzer - DEBUG - logger.py:64 - 쿼리 실행 성공: 
                SELECT file_id FROM files 
      ...
2025-09-12 16:16:58,331 - SourceAnalyzer - DEBUG - logger.py:64 - 쿼리 실행 성공: 
                SELECT file_id FROM files 
      ...
2025-09-12 16:16:58,331 - SourceAnalyzer - DEBUG - logger.py:64 - 쿼리 실행 성공: 
                SELECT file_id FROM files 
      ...
2025-09-12 16:16:58,331 - SourceAnalyzer - DEBUG - logger.py:64 - 쿼리 실행 성공: 
                SELECT file_id FROM files 
      ...
2025-09-12 16:16:58,331 - SourceAnalyzer - DEBUG - logger.py:64 - 쿼리 실행 성공: 
                SELECT file_id FROM files 
      ...
2025-09-12 16:16:58,331 - SourceAnalyzer - DEBUG - logger.py:64 - 쿼리 실행 성공: 
                SELECT file_id FROM files 
      ...
2025-09-12 16:16:58,331 - SourceAnalyzer - DEBUG - logger.py:64 - 쿼리 실행 성공: 
                SELECT file_id FROM files 
      ...
2025-09-12 16:16:58,332 - SourceAnalyzer - DEBUG - logger.py:64 - 쿼리 실행 성공: 
                SELECT file_id FROM files 
      ...
2025-09-12 16:16:58,332 - SourceAnalyzer - DEBUG - logger.py:64 - 배치 쿼리 실행 성공: 
            INSERT OR IGNORE INTO components (pro..., 처리된 행: 20
2025-09-12 16:16:58,332 - SourceAnalyzer - INFO - logger.py:68 - SQL 컴포넌트 저장 완료: 20개
2025-09-12 16:16:58,332 - SourceAnalyzer - INFO - logger.py:68 - === XML 로딩 통계 ===
2025-09-12 16:16:58,332 - SourceAnalyzer - INFO - logger.py:68 - 처리된 XML 파일: 5개
2025-09-12 16:16:58,332 - SourceAnalyzer - INFO - logger.py:68 - 추출된 SQL 쿼리: 54개
2025-09-12 16:16:58,332 - SourceAnalyzer - INFO - logger.py:68 - 생성된 SQL 컴포넌트: 54개
2025-09-12 16:16:58,332 - SourceAnalyzer - INFO - logger.py:68 - 생성된 JOIN 관계: 22개
2025-09-12 16:16:58,332 - SourceAnalyzer - INFO - logger.py:68 - 생성된 inferred 테이블: 0개
2025-09-12 16:16:58,332 - SourceAnalyzer - INFO - logger.py:68 - 생성된 inferred 컬럼: 0개
2025-09-12 16:16:58,332 - SourceAnalyzer - INFO - logger.py:68 - 오류 발생: 0개
2025-09-12 16:16:58,332 - SourceAnalyzer - INFO - logger.py:68 - === XML 로딩 완료 ===
2025-09-12 16:16:58,335 - SourceAnalyzer - DEBUG - logger.py:64 - 데이터베이스 연결 해제: D:\Analyzer\CreateMetaDb\projects\sampleSrc\metadata.db
2025-09-12 16:16:58,335 - SourceAnalyzer - INFO - logger.py:68 - 3~4단계 완료: XML 파일 분석 및 SQL 컴포넌트 등록 + JOIN 관계 분석
2025-09-12 16:16:58,335 - SourceAnalyzer - INFO - logger.py:68 - 프로젝트 분석 완료
