2025-09-12 02:10:00,886 - SourceAnalyzer - INFO - logger.py:68 - SourceAnalyzer 시작
2025-09-12 02:10:00,892 - SourceAnalyzer - DEBUG - logger.py:64 - 명령행 인자 파싱 완료: {'project_name': 'sampleSrc', 'clear_metadb': False, 'verbose': False, 'output_format': 'html', 'config_file': None, 'log_level': 'INFO', 'dry_run': False, 'force': False}
2025-09-12 02:10:00,893 - SourceAnalyzer - DEBUG - logger.py:64 - 인자 검증 성공
2025-09-12 02:10:00,893 - SourceAnalyzer - INFO - logger.py:68 - 분석 대상 프로젝트: sampleSrc
2025-09-12 02:10:00,893 - SourceAnalyzer - INFO - logger.py:68 - 분석 옵션:
2025-09-12 02:10:00,893 - SourceAnalyzer - INFO - logger.py:68 -   - 메타데이터베이스 초기화: False
2025-09-12 02:10:00,893 - SourceAnalyzer - INFO - logger.py:68 -   - 상세 로그: False
2025-09-12 02:10:00,893 - SourceAnalyzer - INFO - logger.py:68 -   - 출력 형식: html
2025-09-12 02:10:00,894 - SourceAnalyzer - INFO - logger.py:68 -   - 드라이런 모드: False
2025-09-12 02:10:00,894 - SourceAnalyzer - INFO - logger.py:68 -   - 강제 실행: False
2025-09-12 02:10:00,894 - SourceAnalyzer - INFO - logger.py:68 - 프로젝트 분석 시작...
2025-09-12 02:10:00,895 - SourceAnalyzer - INFO - logger.py:68 - === 처리플로우 1단계 시작: 파일 정보 저장 ===
2025-09-12 02:10:00,897 - SourceAnalyzer - DEBUG - logger.py:64 - 데이터베이스 연결 성공: D:\Analyzer\CreateMetaDb\projects\sampleSrc\metadata.db
2025-09-12 02:10:00,898 - SourceAnalyzer - DEBUG - logger.py:64 - 인덱스가 이미 존재함 (무시): CREATE UNIQUE INDEX ix_projects_01 ON projects (pr...
2025-09-12 02:10:00,898 - SourceAnalyzer - DEBUG - logger.py:64 - 인덱스가 이미 존재함 (무시): CREATE UNIQUE INDEX ix_tables_01 ON tables (table_...
2025-09-12 02:10:00,898 - SourceAnalyzer - DEBUG - logger.py:64 - 인덱스가 이미 존재함 (무시): CREATE UNIQUE INDEX ix_columns_01 ON columns (tabl...
2025-09-12 02:10:00,898 - SourceAnalyzer - DEBUG - logger.py:64 - 인덱스가 이미 존재함 (무시): CREATE UNIQUE INDEX ix_files_01 ON files (file_nam...
2025-09-12 02:10:00,898 - SourceAnalyzer - DEBUG - logger.py:64 - 인덱스가 이미 존재함 (무시): CREATE UNIQUE INDEX ix_classes_01 ON classes (clas...
2025-09-12 02:10:00,898 - SourceAnalyzer - DEBUG - logger.py:64 - 인덱스가 이미 존재함 (무시): CREATE INDEX ix_classes_02 ON classes (parent_clas...
2025-09-12 02:10:00,898 - SourceAnalyzer - DEBUG - logger.py:64 - 인덱스가 이미 존재함 (무시): CREATE UNIQUE INDEX ix_components_01 ON components...
2025-09-12 02:10:00,898 - SourceAnalyzer - DEBUG - logger.py:64 - 인덱스가 이미 존재함 (무시): CREATE INDEX ix_components_parent_id ON components...
2025-09-12 02:10:00,898 - SourceAnalyzer - DEBUG - logger.py:64 - 인덱스가 이미 존재함 (무시): CREATE UNIQUE INDEX ix_relationships_01 ON relatio...
2025-09-12 02:10:00,898 - SourceAnalyzer - DEBUG - logger.py:64 - SQL 스크립트 실행 성공: D:\Analyzer\CreateMetaDb\database\create_table_script.sql
2025-09-12 02:10:00,898 - SourceAnalyzer - INFO - logger.py:68 - 메타데이터베이스 초기화 완료: D:\Analyzer\CreateMetaDb\projects\sampleSrc\metadata.db
2025-09-12 02:10:00,899 - SourceAnalyzer - DEBUG - logger.py:64 - 파일 해시 생성 성공: D:\Analyzer\CreateMetaDb\projects\sampleSrc\db_schema\ALL_TABLES.csv (md5)
2025-09-12 02:10:00,900 - SourceAnalyzer - DEBUG - logger.py:64 - 파일 해시 생성 성공: D:\Analyzer\CreateMetaDb\projects\sampleSrc\db_schema\ALL_TAB_COLUMNS.csv (md5)
2025-09-12 02:10:00,900 - SourceAnalyzer - DEBUG - logger.py:64 - 파일 해시 생성 성공: D:\Analyzer\CreateMetaDb\projects\sampleSrc\src\com\example\dynamicquery\UserDao.java (md5)
2025-09-12 02:10:00,901 - SourceAnalyzer - DEBUG - logger.py:64 - 파일 해시 생성 성공: D:\Analyzer\CreateMetaDb\projects\sampleSrc\src\com\example\dynamicquery\UserMapper.java (md5)
2025-09-12 02:10:00,901 - SourceAnalyzer - DEBUG - logger.py:64 - 파일 해시 생성 성공: D:\Analyzer\CreateMetaDb\projects\sampleSrc\src\com\example\dynamicquery\UserMapper.xml (md5)
2025-09-12 02:10:00,901 - SourceAnalyzer - DEBUG - logger.py:64 - 파일 해시 생성 성공: D:\Analyzer\CreateMetaDb\projects\sampleSrc\src\com\example\dynamicquery\UserSearchDto.java (md5)
2025-09-12 02:10:00,902 - SourceAnalyzer - DEBUG - logger.py:64 - 파일 해시 생성 성공: D:\Analyzer\CreateMetaDb\projects\sampleSrc\src\main\java\com\example\controller\ErrorController.java (md5)
2025-09-12 02:10:00,902 - SourceAnalyzer - DEBUG - logger.py:64 - 파일 해시 생성 성공: D:\Analyzer\CreateMetaDb\projects\sampleSrc\src\main\java\com\example\controller\MixedErrorController.java (md5)
2025-09-12 02:10:00,902 - SourceAnalyzer - DEBUG - logger.py:64 - 파일 해시 생성 성공: D:\Analyzer\CreateMetaDb\projects\sampleSrc\src\main\java\com\example\controller\ProductController.java (md5)
2025-09-12 02:10:00,903 - SourceAnalyzer - DEBUG - logger.py:64 - 파일 해시 생성 성공: D:\Analyzer\CreateMetaDb\projects\sampleSrc\src\main\java\com\example\controller\SyntaxErrorController.java (md5)
2025-09-12 02:10:00,903 - SourceAnalyzer - DEBUG - logger.py:64 - 파일 해시 생성 성공: D:\Analyzer\CreateMetaDb\projects\sampleSrc\src\main\java\com\example\controller\UserController.java (md5)
2025-09-12 02:10:00,903 - SourceAnalyzer - DEBUG - logger.py:64 - 파일 해시 생성 성공: D:\Analyzer\CreateMetaDb\projects\sampleSrc\src\main\java\com\example\mapper\BrokenMapper.java (md5)
2025-09-12 02:10:00,903 - SourceAnalyzer - DEBUG - logger.py:64 - 파일 해시 생성 성공: D:\Analyzer\CreateMetaDb\projects\sampleSrc\src\main\java\com\example\mapper\ProductMapper.java (md5)
2025-09-12 02:10:00,904 - SourceAnalyzer - DEBUG - logger.py:64 - 파일 해시 생성 성공: D:\Analyzer\CreateMetaDb\projects\sampleSrc\src\main\java\com\example\mapper\UserMapper.java (md5)
2025-09-12 02:10:00,904 - SourceAnalyzer - DEBUG - logger.py:64 - 파일 해시 생성 성공: D:\Analyzer\CreateMetaDb\projects\sampleSrc\src\main\java\com\example\model\Product.java (md5)
2025-09-12 02:10:00,904 - SourceAnalyzer - DEBUG - logger.py:64 - 파일 해시 생성 성공: D:\Analyzer\CreateMetaDb\projects\sampleSrc\src\main\java\com\example\model\User.java (md5)
2025-09-12 02:10:00,905 - SourceAnalyzer - DEBUG - logger.py:64 - 파일 해시 생성 성공: D:\Analyzer\CreateMetaDb\projects\sampleSrc\src\main\java\com\example\service\LogicErrorService.java (md5)
2025-09-12 02:10:00,905 - SourceAnalyzer - DEBUG - logger.py:64 - 파일 해시 생성 성공: D:\Analyzer\CreateMetaDb\projects\sampleSrc\src\main\java\com\example\service\MixedErrorService.java (md5)
2025-09-12 02:10:00,905 - SourceAnalyzer - DEBUG - logger.py:64 - 파일 해시 생성 성공: D:\Analyzer\CreateMetaDb\projects\sampleSrc\src\main\java\com\example\service\ProductService.java (md5)
2025-09-12 02:10:00,906 - SourceAnalyzer - DEBUG - logger.py:64 - 파일 해시 생성 성공: D:\Analyzer\CreateMetaDb\projects\sampleSrc\src\main\java\com\example\service\ProductServiceImpl.java (md5)
2025-09-12 02:10:00,906 - SourceAnalyzer - DEBUG - logger.py:64 - 파일 해시 생성 성공: D:\Analyzer\CreateMetaDb\projects\sampleSrc\src\main\java\com\example\service\UserService.java (md5)
2025-09-12 02:10:00,906 - SourceAnalyzer - DEBUG - logger.py:64 - 파일 해시 생성 성공: D:\Analyzer\CreateMetaDb\projects\sampleSrc\src\main\java\com\example\service\UserServiceImpl.java (md5)
2025-09-12 02:10:00,907 - SourceAnalyzer - DEBUG - logger.py:64 - 파일 해시 생성 성공: D:\Analyzer\CreateMetaDb\projects\sampleSrc\src\main\resources\mybatis\mapper\ImplicitJoinMapper.xml (md5)
2025-09-12 02:10:00,907 - SourceAnalyzer - DEBUG - logger.py:64 - 파일 해시 생성 성공: D:\Analyzer\CreateMetaDb\projects\sampleSrc\src\main\resources\mybatis\mapper\MixedErrorMapper.xml (md5)
2025-09-12 02:10:00,907 - SourceAnalyzer - DEBUG - logger.py:64 - 파일 해시 생성 성공: D:\Analyzer\CreateMetaDb\projects\sampleSrc\src\main\resources\mybatis\mapper\ProductMapper.xml (md5)
2025-09-12 02:10:00,907 - SourceAnalyzer - DEBUG - logger.py:64 - 파일 해시 생성 성공: D:\Analyzer\CreateMetaDb\projects\sampleSrc\src\main\resources\mybatis\mapper\UserMapper.xml (md5)
2025-09-12 02:10:00,908 - SourceAnalyzer - DEBUG - logger.py:64 - 파일 해시 생성 성공: D:\Analyzer\CreateMetaDb\projects\sampleSrc\src\main\webapp\error\syntaxError.jsp (md5)
2025-09-12 02:10:00,908 - SourceAnalyzer - DEBUG - logger.py:64 - 파일 해시 생성 성공: D:\Analyzer\CreateMetaDb\projects\sampleSrc\src\main\webapp\mixed\partialError.jsp (md5)
2025-09-12 02:10:00,909 - SourceAnalyzer - DEBUG - logger.py:64 - 파일 해시 생성 성공: D:\Analyzer\CreateMetaDb\projects\sampleSrc\src\main\webapp\product\list.jsp (md5)
2025-09-12 02:10:00,909 - SourceAnalyzer - DEBUG - logger.py:64 - 파일 해시 생성 성공: D:\Analyzer\CreateMetaDb\projects\sampleSrc\src\main\webapp\product\searchResult.jsp (md5)
2025-09-12 02:10:00,909 - SourceAnalyzer - DEBUG - logger.py:64 - 파일 해시 생성 성공: D:\Analyzer\CreateMetaDb\projects\sampleSrc\src\main\webapp\user\error.jsp (md5)
2025-09-12 02:10:00,909 - SourceAnalyzer - DEBUG - logger.py:64 - 파일 해시 생성 성공: D:\Analyzer\CreateMetaDb\projects\sampleSrc\src\main\webapp\user\list.jsp (md5)
2025-09-12 02:10:00,910 - SourceAnalyzer - DEBUG - logger.py:64 - 파일 해시 생성 성공: D:\Analyzer\CreateMetaDb\projects\sampleSrc\src\main\webapp\user\searchResult.jsp (md5)
2025-09-12 02:10:00,910 - SourceAnalyzer - DEBUG - logger.py:64 - 파일 해시 생성 성공: D:\Analyzer\CreateMetaDb\projects\sampleSrc\src\main\webapp\user\typeList.jsp (md5)
2025-09-12 02:10:00,910 - SourceAnalyzer - DEBUG - logger.py:64 - 프로젝트 해시 생성 성공: D:\Analyzer\CreateMetaDb\projects\sampleSrc
2025-09-12 02:10:00,910 - SourceAnalyzer - DEBUG - logger.py:64 - 쿼리 실행 성공: SELECT project_id FROM projects WHERE project_name...
2025-09-12 02:10:00,911 - SourceAnalyzer - DEBUG - logger.py:64 - 업데이트 쿼리 실행 성공: 
            UPDATE projects
            SET hash_..., 영향받은 행: 1
2025-09-12 02:10:00,912 - SourceAnalyzer - DEBUG - logger.py:64 - 프로젝트 정보 업데이트 완료: sampleSrc
2025-09-12 02:10:00,912 - SourceAnalyzer - INFO - logger.py:68 - 프로젝트 파일 스캔 시작: D:\Analyzer\CreateMetaDb\projects\sampleSrc
2025-09-12 02:10:00,934 - SourceAnalyzer - INFO - logger.py:68 - 파일 스캔 완료: 총 39개 파일
2025-09-12 02:10:00,935 - SourceAnalyzer - DEBUG - logger.py:64 - 쿼리 실행 성공: SELECT project_id FROM projects WHERE project_name...
2025-09-12 02:10:00,935 - SourceAnalyzer - DEBUG - logger.py:64 - 배치 쿼리 실행 성공: 
            INSERT OR IGNORE INTO files (file_pat..., 처리된 행: 39
2025-09-12 02:10:00,935 - SourceAnalyzer - INFO - logger.py:68 - 파일 정보 저장 완료: 39개 파일
2025-09-12 02:10:00,935 - SourceAnalyzer - DEBUG - logger.py:64 - 업데이트 쿼리 실행 성공: UPDATE projects SET total_files = ? WHERE project_..., 영향받은 행: 1
2025-09-12 02:10:00,935 - SourceAnalyzer - DEBUG - logger.py:64 - 프로젝트 총 파일 수 업데이트: 39
2025-09-12 02:10:00,935 - SourceAnalyzer - INFO - logger.py:68 - === 파일 스캔 통계 ===
2025-09-12 02:10:00,935 - SourceAnalyzer - INFO - logger.py:68 - 총 파일 수: 39
2025-09-12 02:10:00,936 - SourceAnalyzer - INFO - logger.py:68 - 성공 스캔: 39
2025-09-12 02:10:00,936 - SourceAnalyzer - INFO - logger.py:68 - 오류 파일: 0
2025-09-12 02:10:00,936 - SourceAnalyzer - INFO - logger.py:68 - Java 파일: 19
2025-09-12 02:10:00,936 - SourceAnalyzer - INFO - logger.py:68 - XML 파일: 5
2025-09-12 02:10:00,936 - SourceAnalyzer - INFO - logger.py:68 - JSP 파일: 8
2025-09-12 02:10:00,936 - SourceAnalyzer - INFO - logger.py:68 - SQL 파일: 0
2025-09-12 02:10:00,936 - SourceAnalyzer - INFO - logger.py:68 - CSV 파일: 2
2025-09-12 02:10:00,937 - SourceAnalyzer - INFO - logger.py:68 - 기타 파일: 5
2025-09-12 02:10:00,937 - SourceAnalyzer - INFO - logger.py:68 - === 처리플로우 1단계 완료 ===
2025-09-12 02:10:00,940 - SourceAnalyzer - DEBUG - logger.py:64 - 데이터베이스 연결 해제: D:\Analyzer\CreateMetaDb\projects\sampleSrc\metadata.db
2025-09-12 02:10:00,941 - SourceAnalyzer - INFO - logger.py:68 - 파일 스캔 완료: 파일 정보 저장
2025-09-12 02:10:00,941 - SourceAnalyzer - INFO - logger.py:68 - === 처리플로우 2단계 시작: 데이터베이스 구조 저장 ===
2025-09-12 02:10:00,943 - SourceAnalyzer - DEBUG - logger.py:64 - 데이터베이스 연결 성공: D:\Analyzer\CreateMetaDb\projects\sampleSrc\metadata.db
2025-09-12 02:10:00,943 - SourceAnalyzer - INFO - logger.py:68 - CSV 파일 로드 완료: D:\Analyzer\CreateMetaDb\projects\sampleSrc\db_schema\ALL_TABLES.csv, 16개 행
2025-09-12 02:10:00,943 - SourceAnalyzer - DEBUG - logger.py:64 - 쿼리 실행 성공: SELECT project_id FROM projects WHERE project_name...
2025-09-12 02:10:00,943 - SourceAnalyzer - DEBUG - logger.py:64 - 쿼리 실행 성공: 
                SELECT f.file_id 
               ...
2025-09-12 02:10:00,945 - SourceAnalyzer - DEBUG - logger.py:64 - 배치 쿼리 실행 성공: 
            INSERT OR IGNORE INTO tables (project..., 처리된 행: 16
2025-09-12 02:10:00,945 - SourceAnalyzer - INFO - logger.py:68 - 테이블 정보 저장 완료: 16개 테이블
2025-09-12 02:10:00,945 - SourceAnalyzer - INFO - logger.py:68 - CSV 파일 로드 완료: D:\Analyzer\CreateMetaDb\projects\sampleSrc\db_schema\ALL_TAB_COLUMNS.csv, 91개 행
2025-09-12 02:10:00,945 - SourceAnalyzer - DEBUG - logger.py:64 - 쿼리 실행 성공: 
                SELECT t.table_id 
              ...
2025-09-12 02:10:00,945 - SourceAnalyzer - DEBUG - logger.py:64 - 쿼리 실행 성공: 
                SELECT t.table_id 
              ...
2025-09-12 02:10:00,945 - SourceAnalyzer - DEBUG - logger.py:64 - 쿼리 실행 성공: 
                SELECT t.table_id 
              ...
2025-09-12 02:10:00,945 - SourceAnalyzer - DEBUG - logger.py:64 - 쿼리 실행 성공: 
                SELECT t.table_id 
              ...
2025-09-12 02:10:00,946 - SourceAnalyzer - DEBUG - logger.py:64 - 쿼리 실행 성공: 
                SELECT t.table_id 
              ...
2025-09-12 02:10:00,946 - SourceAnalyzer - DEBUG - logger.py:64 - 쿼리 실행 성공: 
                SELECT t.table_id 
              ...
2025-09-12 02:10:00,946 - SourceAnalyzer - DEBUG - logger.py:64 - 쿼리 실행 성공: 
                SELECT t.table_id 
              ...
2025-09-12 02:10:00,946 - SourceAnalyzer - DEBUG - logger.py:64 - 쿼리 실행 성공: 
                SELECT t.table_id 
              ...
2025-09-12 02:10:00,946 - SourceAnalyzer - DEBUG - logger.py:64 - 쿼리 실행 성공: 
                SELECT t.table_id 
              ...
2025-09-12 02:10:00,946 - SourceAnalyzer - DEBUG - logger.py:64 - 쿼리 실행 성공: 
                SELECT t.table_id 
              ...
2025-09-12 02:10:00,946 - SourceAnalyzer - DEBUG - logger.py:64 - 쿼리 실행 성공: 
                SELECT t.table_id 
              ...
2025-09-12 02:10:00,946 - SourceAnalyzer - DEBUG - logger.py:64 - 쿼리 실행 성공: 
                SELECT t.table_id 
              ...
2025-09-12 02:10:00,946 - SourceAnalyzer - DEBUG - logger.py:64 - 쿼리 실행 성공: 
                SELECT t.table_id 
              ...
2025-09-12 02:10:00,946 - SourceAnalyzer - DEBUG - logger.py:64 - 쿼리 실행 성공: 
                SELECT t.table_id 
              ...
2025-09-12 02:10:00,946 - SourceAnalyzer - DEBUG - logger.py:64 - 쿼리 실행 성공: 
                SELECT t.table_id 
              ...
2025-09-12 02:10:00,946 - SourceAnalyzer - DEBUG - logger.py:64 - 쿼리 실행 성공: 
                SELECT t.table_id 
              ...
2025-09-12 02:10:00,946 - SourceAnalyzer - DEBUG - logger.py:64 - 쿼리 실행 성공: 
                SELECT t.table_id 
              ...
2025-09-12 02:10:00,946 - SourceAnalyzer - DEBUG - logger.py:64 - 쿼리 실행 성공: 
                SELECT t.table_id 
              ...
2025-09-12 02:10:00,946 - SourceAnalyzer - DEBUG - logger.py:64 - 쿼리 실행 성공: 
                SELECT t.table_id 
              ...
2025-09-12 02:10:00,946 - SourceAnalyzer - DEBUG - logger.py:64 - 쿼리 실행 성공: 
                SELECT t.table_id 
              ...
2025-09-12 02:10:00,946 - SourceAnalyzer - DEBUG - logger.py:64 - 쿼리 실행 성공: 
                SELECT t.table_id 
              ...
2025-09-12 02:10:00,947 - SourceAnalyzer - DEBUG - logger.py:64 - 쿼리 실행 성공: 
                SELECT t.table_id 
              ...
2025-09-12 02:10:00,947 - SourceAnalyzer - DEBUG - logger.py:64 - 쿼리 실행 성공: 
                SELECT t.table_id 
              ...
2025-09-12 02:10:00,947 - SourceAnalyzer - DEBUG - logger.py:64 - 쿼리 실행 성공: 
                SELECT t.table_id 
              ...
2025-09-12 02:10:00,947 - SourceAnalyzer - DEBUG - logger.py:64 - 쿼리 실행 성공: 
                SELECT t.table_id 
              ...
2025-09-12 02:10:00,947 - SourceAnalyzer - DEBUG - logger.py:64 - 쿼리 실행 성공: 
                SELECT t.table_id 
              ...
2025-09-12 02:10:00,947 - SourceAnalyzer - DEBUG - logger.py:64 - 쿼리 실행 성공: 
                SELECT t.table_id 
              ...
2025-09-12 02:10:00,947 - SourceAnalyzer - DEBUG - logger.py:64 - 쿼리 실행 성공: 
                SELECT t.table_id 
              ...
2025-09-12 02:10:00,947 - SourceAnalyzer - DEBUG - logger.py:64 - 쿼리 실행 성공: 
                SELECT t.table_id 
              ...
2025-09-12 02:10:00,947 - SourceAnalyzer - DEBUG - logger.py:64 - 쿼리 실행 성공: 
                SELECT t.table_id 
              ...
2025-09-12 02:10:00,947 - SourceAnalyzer - DEBUG - logger.py:64 - 쿼리 실행 성공: 
                SELECT t.table_id 
              ...
2025-09-12 02:10:00,947 - SourceAnalyzer - DEBUG - logger.py:64 - 쿼리 실행 성공: 
                SELECT t.table_id 
              ...
2025-09-12 02:10:00,947 - SourceAnalyzer - DEBUG - logger.py:64 - 쿼리 실행 성공: 
                SELECT t.table_id 
              ...
2025-09-12 02:10:00,947 - SourceAnalyzer - DEBUG - logger.py:64 - 쿼리 실행 성공: 
                SELECT t.table_id 
              ...
2025-09-12 02:10:00,947 - SourceAnalyzer - DEBUG - logger.py:64 - 쿼리 실행 성공: 
                SELECT t.table_id 
              ...
2025-09-12 02:10:00,947 - SourceAnalyzer - DEBUG - logger.py:64 - 쿼리 실행 성공: 
                SELECT t.table_id 
              ...
2025-09-12 02:10:00,947 - SourceAnalyzer - DEBUG - logger.py:64 - 쿼리 실행 성공: 
                SELECT t.table_id 
              ...
2025-09-12 02:10:00,947 - SourceAnalyzer - DEBUG - logger.py:64 - 쿼리 실행 성공: 
                SELECT t.table_id 
              ...
2025-09-12 02:10:00,947 - SourceAnalyzer - DEBUG - logger.py:64 - 쿼리 실행 성공: 
                SELECT t.table_id 
              ...
2025-09-12 02:10:00,948 - SourceAnalyzer - DEBUG - logger.py:64 - 쿼리 실행 성공: 
                SELECT t.table_id 
              ...
2025-09-12 02:10:00,948 - SourceAnalyzer - DEBUG - logger.py:64 - 쿼리 실행 성공: 
                SELECT t.table_id 
              ...
2025-09-12 02:10:00,948 - SourceAnalyzer - DEBUG - logger.py:64 - 쿼리 실행 성공: 
                SELECT t.table_id 
              ...
2025-09-12 02:10:00,948 - SourceAnalyzer - DEBUG - logger.py:64 - 쿼리 실행 성공: 
                SELECT t.table_id 
              ...
2025-09-12 02:10:00,948 - SourceAnalyzer - DEBUG - logger.py:64 - 쿼리 실행 성공: 
                SELECT t.table_id 
              ...
2025-09-12 02:10:00,948 - SourceAnalyzer - DEBUG - logger.py:64 - 쿼리 실행 성공: 
                SELECT t.table_id 
              ...
2025-09-12 02:10:00,948 - SourceAnalyzer - DEBUG - logger.py:64 - 쿼리 실행 성공: 
                SELECT t.table_id 
              ...
2025-09-12 02:10:00,948 - SourceAnalyzer - DEBUG - logger.py:64 - 쿼리 실행 성공: 
                SELECT t.table_id 
              ...
2025-09-12 02:10:00,948 - SourceAnalyzer - DEBUG - logger.py:64 - 쿼리 실행 성공: 
                SELECT t.table_id 
              ...
2025-09-12 02:10:00,948 - SourceAnalyzer - DEBUG - logger.py:64 - 쿼리 실행 성공: 
                SELECT t.table_id 
              ...
2025-09-12 02:10:00,948 - SourceAnalyzer - DEBUG - logger.py:64 - 쿼리 실행 성공: 
                SELECT t.table_id 
              ...
2025-09-12 02:10:00,948 - SourceAnalyzer - DEBUG - logger.py:64 - 쿼리 실행 성공: 
                SELECT t.table_id 
              ...
2025-09-12 02:10:00,948 - SourceAnalyzer - DEBUG - logger.py:64 - 쿼리 실행 성공: 
                SELECT t.table_id 
              ...
2025-09-12 02:10:00,948 - SourceAnalyzer - DEBUG - logger.py:64 - 쿼리 실행 성공: 
                SELECT t.table_id 
              ...
2025-09-12 02:10:00,948 - SourceAnalyzer - DEBUG - logger.py:64 - 쿼리 실행 성공: 
                SELECT t.table_id 
              ...
2025-09-12 02:10:00,948 - SourceAnalyzer - DEBUG - logger.py:64 - 쿼리 실행 성공: 
                SELECT t.table_id 
              ...
2025-09-12 02:10:00,948 - SourceAnalyzer - DEBUG - logger.py:64 - 쿼리 실행 성공: 
                SELECT t.table_id 
              ...
2025-09-12 02:10:00,948 - SourceAnalyzer - DEBUG - logger.py:64 - 쿼리 실행 성공: 
                SELECT t.table_id 
              ...
2025-09-12 02:10:00,948 - SourceAnalyzer - DEBUG - logger.py:64 - 쿼리 실행 성공: 
                SELECT t.table_id 
              ...
2025-09-12 02:10:00,949 - SourceAnalyzer - DEBUG - logger.py:64 - 쿼리 실행 성공: 
                SELECT t.table_id 
              ...
2025-09-12 02:10:00,949 - SourceAnalyzer - DEBUG - logger.py:64 - 쿼리 실행 성공: 
                SELECT t.table_id 
              ...
2025-09-12 02:10:00,949 - SourceAnalyzer - DEBUG - logger.py:64 - 쿼리 실행 성공: 
                SELECT t.table_id 
              ...
2025-09-12 02:10:00,949 - SourceAnalyzer - DEBUG - logger.py:64 - 쿼리 실행 성공: 
                SELECT t.table_id 
              ...
2025-09-12 02:10:00,949 - SourceAnalyzer - DEBUG - logger.py:64 - 쿼리 실행 성공: 
                SELECT t.table_id 
              ...
2025-09-12 02:10:00,949 - SourceAnalyzer - DEBUG - logger.py:64 - 쿼리 실행 성공: 
                SELECT t.table_id 
              ...
2025-09-12 02:10:00,949 - SourceAnalyzer - DEBUG - logger.py:64 - 쿼리 실행 성공: 
                SELECT t.table_id 
              ...
2025-09-12 02:10:00,949 - SourceAnalyzer - DEBUG - logger.py:64 - 쿼리 실행 성공: 
                SELECT t.table_id 
              ...
2025-09-12 02:10:00,949 - SourceAnalyzer - DEBUG - logger.py:64 - 쿼리 실행 성공: 
                SELECT t.table_id 
              ...
2025-09-12 02:10:00,949 - SourceAnalyzer - DEBUG - logger.py:64 - 쿼리 실행 성공: 
                SELECT t.table_id 
              ...
2025-09-12 02:10:00,949 - SourceAnalyzer - DEBUG - logger.py:64 - 쿼리 실행 성공: 
                SELECT t.table_id 
              ...
2025-09-12 02:10:00,949 - SourceAnalyzer - DEBUG - logger.py:64 - 쿼리 실행 성공: 
                SELECT t.table_id 
              ...
2025-09-12 02:10:00,949 - SourceAnalyzer - DEBUG - logger.py:64 - 쿼리 실행 성공: 
                SELECT t.table_id 
              ...
2025-09-12 02:10:00,949 - SourceAnalyzer - DEBUG - logger.py:64 - 쿼리 실행 성공: 
                SELECT t.table_id 
              ...
2025-09-12 02:10:00,949 - SourceAnalyzer - DEBUG - logger.py:64 - 쿼리 실행 성공: 
                SELECT t.table_id 
              ...
2025-09-12 02:10:00,949 - SourceAnalyzer - DEBUG - logger.py:64 - 쿼리 실행 성공: 
                SELECT t.table_id 
              ...
2025-09-12 02:10:00,949 - SourceAnalyzer - DEBUG - logger.py:64 - 쿼리 실행 성공: 
                SELECT t.table_id 
              ...
2025-09-12 02:10:00,949 - SourceAnalyzer - DEBUG - logger.py:64 - 쿼리 실행 성공: 
                SELECT t.table_id 
              ...
2025-09-12 02:10:00,950 - SourceAnalyzer - DEBUG - logger.py:64 - 쿼리 실행 성공: 
                SELECT t.table_id 
              ...
2025-09-12 02:10:00,950 - SourceAnalyzer - DEBUG - logger.py:64 - 쿼리 실행 성공: 
                SELECT t.table_id 
              ...
2025-09-12 02:10:00,950 - SourceAnalyzer - DEBUG - logger.py:64 - 쿼리 실행 성공: 
                SELECT t.table_id 
              ...
2025-09-12 02:10:00,950 - SourceAnalyzer - DEBUG - logger.py:64 - 쿼리 실행 성공: 
                SELECT t.table_id 
              ...
2025-09-12 02:10:00,950 - SourceAnalyzer - DEBUG - logger.py:64 - 쿼리 실행 성공: 
                SELECT t.table_id 
              ...
2025-09-12 02:10:00,950 - SourceAnalyzer - DEBUG - logger.py:64 - 쿼리 실행 성공: 
                SELECT t.table_id 
              ...
2025-09-12 02:10:00,950 - SourceAnalyzer - DEBUG - logger.py:64 - 쿼리 실행 성공: 
                SELECT t.table_id 
              ...
2025-09-12 02:10:00,950 - SourceAnalyzer - DEBUG - logger.py:64 - 쿼리 실행 성공: 
                SELECT t.table_id 
              ...
2025-09-12 02:10:00,950 - SourceAnalyzer - DEBUG - logger.py:64 - 쿼리 실행 성공: 
                SELECT t.table_id 
              ...
2025-09-12 02:10:00,950 - SourceAnalyzer - DEBUG - logger.py:64 - 쿼리 실행 성공: 
                SELECT t.table_id 
              ...
2025-09-12 02:10:00,950 - SourceAnalyzer - DEBUG - logger.py:64 - 쿼리 실행 성공: 
                SELECT t.table_id 
              ...
2025-09-12 02:10:00,950 - SourceAnalyzer - DEBUG - logger.py:64 - 쿼리 실행 성공: 
                SELECT t.table_id 
              ...
2025-09-12 02:10:00,950 - SourceAnalyzer - DEBUG - logger.py:64 - 쿼리 실행 성공: 
                SELECT t.table_id 
              ...
2025-09-12 02:10:00,950 - SourceAnalyzer - DEBUG - logger.py:64 - 쿼리 실행 성공: 
                SELECT t.table_id 
              ...
2025-09-12 02:10:00,950 - SourceAnalyzer - DEBUG - logger.py:64 - 쿼리 실행 성공: 
                SELECT t.table_id 
              ...
2025-09-12 02:10:00,951 - SourceAnalyzer - DEBUG - logger.py:64 - 배치 쿼리 실행 성공: 
            INSERT OR IGNORE INTO columns (table_..., 처리된 행: 91
2025-09-12 02:10:00,951 - SourceAnalyzer - INFO - logger.py:68 - 컬럼 정보 저장 완료: 91개 컬럼
2025-09-12 02:10:00,951 - SourceAnalyzer - DEBUG - logger.py:64 - 쿼리 실행 성공: SELECT project_id FROM projects WHERE project_name...
2025-09-12 02:10:00,951 - SourceAnalyzer - DEBUG - logger.py:64 - 쿼리 실행 성공: 
                SELECT f.file_id 
               ...
2025-09-12 02:10:00,951 - SourceAnalyzer - DEBUG - logger.py:64 - 쿼리 실행 성공: 
                SELECT table_id, table_name, tabl...
2025-09-12 02:10:00,951 - SourceAnalyzer - DEBUG - logger.py:64 - 배치 쿼리 실행 성공: 
            INSERT OR IGNORE INTO components (pro..., 처리된 행: 16
2025-09-12 02:10:00,951 - SourceAnalyzer - INFO - logger.py:68 - 테이블 컴포넌트 생성 완료: 16개
2025-09-12 02:10:00,952 - SourceAnalyzer - DEBUG - logger.py:64 - 업데이트 쿼리 실행 성공: 
                UPDATE tables 
                SE..., 영향받은 행: 16
2025-09-12 02:10:00,952 - SourceAnalyzer - DEBUG - logger.py:64 - 테이블 component_id 업데이트 완료
2025-09-12 02:10:00,952 - SourceAnalyzer - INFO - logger.py:68 - === 데이터베이스 구조 저장 통계 ===
2025-09-12 02:10:00,952 - SourceAnalyzer - INFO - logger.py:68 - 테이블 로드: 16
2025-09-12 02:10:00,952 - SourceAnalyzer - INFO - logger.py:68 - 컬럼 로드: 91
2025-09-12 02:10:00,952 - SourceAnalyzer - INFO - logger.py:68 - 컴포넌트 생성: 16
2025-09-12 02:10:00,952 - SourceAnalyzer - INFO - logger.py:68 - === 처리플로우 2단계 완료 ===
2025-09-12 02:10:00,955 - SourceAnalyzer - DEBUG - logger.py:64 - 데이터베이스 연결 해제: D:\Analyzer\CreateMetaDb\projects\sampleSrc\metadata.db
2025-09-12 02:10:00,955 - SourceAnalyzer - INFO - logger.py:68 - 데이터베이스 로딩 완료: 데이터베이스 구조 저장
2025-09-12 02:10:00,964 - SourceAnalyzer - INFO - logger.py:68 - === 처리플로우 3단계 시작: XML 파일 분석 (메모리 최적화) ===
2025-09-12 02:10:00,966 - SourceAnalyzer - DEBUG - logger.py:64 - 데이터베이스 연결 성공: D:\Analyzer\CreateMetaDb\projects\sampleSrc\metadata.db
2025-09-12 02:10:00,966 - SourceAnalyzer - DEBUG - logger.py:64 - 파일 읽기 성공: config/parser/xml_parser_config.yaml
2025-09-12 02:10:00,971 - SourceAnalyzer - DEBUG - logger.py:64 - YAML 설정 파일 로드 성공: config/parser/xml_parser_config.yaml
2025-09-12 02:10:00,972 - SourceAnalyzer - DEBUG - logger.py:64 - MyBatis XML 파일 발견: D:\Analyzer\CreateMetaDb\projects\sampleSrc\src\com\example\dynamicquery\UserMapper.xml
2025-09-12 02:10:00,973 - SourceAnalyzer - DEBUG - logger.py:64 - MyBatis XML 파일 발견: D:\Analyzer\CreateMetaDb\projects\sampleSrc\src\main\resources\mybatis\mapper\ImplicitJoinMapper.xml
2025-09-12 02:10:00,974 - SourceAnalyzer - DEBUG - logger.py:64 - MyBatis XML 파일 발견: D:\Analyzer\CreateMetaDb\projects\sampleSrc\src\main\resources\mybatis\mapper\MixedErrorMapper.xml
2025-09-12 02:10:00,974 - SourceAnalyzer - DEBUG - logger.py:64 - MyBatis XML 파일 발견: D:\Analyzer\CreateMetaDb\projects\sampleSrc\src\main\resources\mybatis\mapper\ProductMapper.xml
2025-09-12 02:10:00,974 - SourceAnalyzer - DEBUG - logger.py:64 - MyBatis XML 파일 발견: D:\Analyzer\CreateMetaDb\projects\sampleSrc\src\main\resources\mybatis\mapper\UserMapper.xml
2025-09-12 02:10:00,974 - SourceAnalyzer - INFO - logger.py:68 - MyBatis XML 파일 수집 완료: 5개
2025-09-12 02:10:00,975 - SourceAnalyzer - DEBUG - logger.py:64 - 파일 읽기 성공: D:\Analyzer\CreateMetaDb\projects\sampleSrc\src\com\example\dynamicquery\UserMapper.xml
2025-09-12 02:10:00,975 - SourceAnalyzer - DEBUG - logger.py:64 - XML 파일 파싱 완료: D:\Analyzer\CreateMetaDb\projects\sampleSrc\src\com\example\dynamicquery\UserMapper.xml, 2개 쿼리 추출
2025-09-12 02:10:00,975 - SourceAnalyzer - DEBUG - logger.py:64 - 파일 읽기 성공: D:\Analyzer\CreateMetaDb\projects\sampleSrc\src\main\resources\mybatis\mapper\ImplicitJoinMapper.xml
2025-09-12 02:10:00,976 - SourceAnalyzer - DEBUG - logger.py:64 - XML 파일 파싱 완료: D:\Analyzer\CreateMetaDb\projects\sampleSrc\src\main\resources\mybatis\mapper\ImplicitJoinMapper.xml, 5개 쿼리 추출
2025-09-12 02:10:00,976 - SourceAnalyzer - DEBUG - logger.py:64 - 파일 읽기 성공: D:\Analyzer\CreateMetaDb\projects\sampleSrc\src\main\resources\mybatis\mapper\MixedErrorMapper.xml
2025-09-12 02:10:00,976 - SourceAnalyzer - DEBUG - logger.py:64 - XML 파일 파싱 완료: D:\Analyzer\CreateMetaDb\projects\sampleSrc\src\main\resources\mybatis\mapper\MixedErrorMapper.xml, 12개 쿼리 추출
2025-09-12 02:10:00,976 - SourceAnalyzer - DEBUG - logger.py:64 - 파일 읽기 성공: D:\Analyzer\CreateMetaDb\projects\sampleSrc\src\main\resources\mybatis\mapper\ProductMapper.xml
2025-09-12 02:10:00,977 - SourceAnalyzer - DEBUG - logger.py:64 - XML 파일 파싱 완료: D:\Analyzer\CreateMetaDb\projects\sampleSrc\src\main\resources\mybatis\mapper\ProductMapper.xml, 9개 쿼리 추출
2025-09-12 02:10:00,977 - SourceAnalyzer - DEBUG - logger.py:64 - 파일 읽기 성공: D:\Analyzer\CreateMetaDb\projects\sampleSrc\src\main\resources\mybatis\mapper\UserMapper.xml
2025-09-12 02:10:00,978 - SourceAnalyzer - DEBUG - logger.py:64 - XML 파일 파싱 완료: D:\Analyzer\CreateMetaDb\projects\sampleSrc\src\main\resources\mybatis\mapper\UserMapper.xml, 22개 쿼리 추출
2025-09-12 02:10:00,978 - SourceAnalyzer - DEBUG - logger.py:64 - 쿼리 실행 성공: SELECT project_id FROM projects WHERE project_name...
2025-09-12 02:10:00,978 - SourceAnalyzer - DEBUG - logger.py:64 - 쿼리 실행 성공: 
                SELECT f.file_id 
               ...
2025-09-12 02:10:00,978 - SourceAnalyzer - DEBUG - logger.py:64 - 쿼리 실행 성공: 
                SELECT COUNT(*) as count
        ...
2025-09-12 02:10:00,978 - SourceAnalyzer - WARNING - logger.py:72 - 중복된 쿼리 ID: findUsers in D:\Analyzer\CreateMetaDb\projects\sampleSrc\src\com\example\dynamicquery\UserMapper.xml
2025-09-12 02:10:00,978 - SourceAnalyzer - DEBUG - logger.py:64 - 쿼리 실행 성공: 
                SELECT f.file_id 
               ...
2025-09-12 02:10:00,978 - SourceAnalyzer - DEBUG - logger.py:64 - 쿼리 실행 성공: 
                SELECT COUNT(*) as count
        ...
2025-09-12 02:10:00,978 - SourceAnalyzer - WARNING - logger.py:72 - 중복된 쿼리 ID: findUsersWithAnsiJoin in D:\Analyzer\CreateMetaDb\projects\sampleSrc\src\com\example\dynamicquery\UserMapper.xml
2025-09-12 02:10:00,979 - SourceAnalyzer - DEBUG - logger.py:64 - 쿼리 실행 성공: 
                SELECT f.file_id 
               ...
2025-09-12 02:10:00,979 - SourceAnalyzer - DEBUG - logger.py:64 - 쿼리 실행 성공: 
                SELECT COUNT(*) as count
        ...
2025-09-12 02:10:00,979 - SourceAnalyzer - WARNING - logger.py:72 - 중복된 쿼리 ID: getUsersWithTypes in D:\Analyzer\CreateMetaDb\projects\sampleSrc\src\main\resources\mybatis\mapper\ImplicitJoinMapper.xml
2025-09-12 02:10:00,979 - SourceAnalyzer - DEBUG - logger.py:64 - 쿼리 실행 성공: 
                SELECT f.file_id 
               ...
2025-09-12 02:10:00,979 - SourceAnalyzer - DEBUG - logger.py:64 - 쿼리 실행 성공: 
                SELECT COUNT(*) as count
        ...
2025-09-12 02:10:00,979 - SourceAnalyzer - WARNING - logger.py:72 - 중복된 쿼리 ID: getProductsWithCategoryAndBrand in D:\Analyzer\CreateMetaDb\projects\sampleSrc\src\main\resources\mybatis\mapper\ImplicitJoinMapper.xml
2025-09-12 02:10:00,979 - SourceAnalyzer - DEBUG - logger.py:64 - 쿼리 실행 성공: 
                SELECT f.file_id 
               ...
2025-09-12 02:10:00,979 - SourceAnalyzer - DEBUG - logger.py:64 - 쿼리 실행 성공: 
                SELECT COUNT(*) as count
        ...
2025-09-12 02:10:00,979 - SourceAnalyzer - WARNING - logger.py:72 - 중복된 쿼리 ID: getOrdersWithUsers in D:\Analyzer\CreateMetaDb\projects\sampleSrc\src\main\resources\mybatis\mapper\ImplicitJoinMapper.xml
2025-09-12 02:10:00,979 - SourceAnalyzer - DEBUG - logger.py:64 - 쿼리 실행 성공: 
                SELECT f.file_id 
               ...
2025-09-12 02:10:00,979 - SourceAnalyzer - DEBUG - logger.py:64 - 쿼리 실행 성공: 
                SELECT COUNT(*) as count
        ...
2025-09-12 02:10:00,980 - SourceAnalyzer - WARNING - logger.py:72 - 중복된 쿼리 ID: getComplexJoin in D:\Analyzer\CreateMetaDb\projects\sampleSrc\src\main\resources\mybatis\mapper\ImplicitJoinMapper.xml
2025-09-12 02:10:00,980 - SourceAnalyzer - DEBUG - logger.py:64 - 쿼리 실행 성공: 
                SELECT f.file_id 
               ...
2025-09-12 02:10:00,980 - SourceAnalyzer - DEBUG - logger.py:64 - 쿼리 실행 성공: 
                SELECT COUNT(*) as count
        ...
2025-09-12 02:10:00,980 - SourceAnalyzer - WARNING - logger.py:72 - 중복된 쿼리 ID: getMixedJoin in D:\Analyzer\CreateMetaDb\projects\sampleSrc\src\main\resources\mybatis\mapper\ImplicitJoinMapper.xml
2025-09-12 02:10:00,980 - SourceAnalyzer - DEBUG - logger.py:64 - 쿼리 실행 성공: 
                SELECT f.file_id 
               ...
2025-09-12 02:10:00,980 - SourceAnalyzer - DEBUG - logger.py:64 - 쿼리 실행 성공: 
                SELECT COUNT(*) as count
        ...
2025-09-12 02:10:00,980 - SourceAnalyzer - WARNING - logger.py:72 - 중복된 쿼리 ID: selectAll in D:\Analyzer\CreateMetaDb\projects\sampleSrc\src\main\resources\mybatis\mapper\MixedErrorMapper.xml
2025-09-12 02:10:00,980 - SourceAnalyzer - DEBUG - logger.py:64 - 쿼리 실행 성공: 
                SELECT f.file_id 
               ...
2025-09-12 02:10:00,980 - SourceAnalyzer - DEBUG - logger.py:64 - 쿼리 실행 성공: 
                SELECT COUNT(*) as count
        ...
2025-09-12 02:10:00,980 - SourceAnalyzer - WARNING - logger.py:72 - 중복된 쿼리 ID: selectById in D:\Analyzer\CreateMetaDb\projects\sampleSrc\src\main\resources\mybatis\mapper\MixedErrorMapper.xml
2025-09-12 02:10:00,980 - SourceAnalyzer - DEBUG - logger.py:64 - 쿼리 실행 성공: 
                SELECT f.file_id 
               ...
2025-09-12 02:10:00,981 - SourceAnalyzer - DEBUG - logger.py:64 - 쿼리 실행 성공: 
                SELECT COUNT(*) as count
        ...
2025-09-12 02:10:00,981 - SourceAnalyzer - WARNING - logger.py:72 - 중복된 쿼리 ID: selectByName in D:\Analyzer\CreateMetaDb\projects\sampleSrc\src\main\resources\mybatis\mapper\MixedErrorMapper.xml
2025-09-12 02:10:00,981 - SourceAnalyzer - DEBUG - logger.py:64 - 쿼리 실행 성공: 
                SELECT f.file_id 
               ...
2025-09-12 02:10:00,981 - SourceAnalyzer - DEBUG - logger.py:64 - 쿼리 실행 성공: 
                SELECT COUNT(*) as count
        ...
2025-09-12 02:10:00,981 - SourceAnalyzer - WARNING - logger.py:72 - 중복된 쿼리 ID: searchUsers in D:\Analyzer\CreateMetaDb\projects\sampleSrc\src\main\resources\mybatis\mapper\MixedErrorMapper.xml
2025-09-12 02:10:00,981 - SourceAnalyzer - DEBUG - logger.py:64 - 쿼리 실행 성공: 
                SELECT f.file_id 
               ...
2025-09-12 02:10:00,981 - SourceAnalyzer - DEBUG - logger.py:64 - 쿼리 실행 성공: 
                SELECT COUNT(*) as count
        ...
2025-09-12 02:10:00,981 - SourceAnalyzer - WARNING - logger.py:72 - 중복된 쿼리 ID: countUsers in D:\Analyzer\CreateMetaDb\projects\sampleSrc\src\main\resources\mybatis\mapper\MixedErrorMapper.xml
2025-09-12 02:10:00,981 - SourceAnalyzer - DEBUG - logger.py:64 - 쿼리 실행 성공: 
                SELECT f.file_id 
               ...
2025-09-12 02:10:00,981 - SourceAnalyzer - DEBUG - logger.py:64 - 쿼리 실행 성공: 
                SELECT COUNT(*) as count
        ...
2025-09-12 02:10:00,981 - SourceAnalyzer - WARNING - logger.py:72 - 중복된 쿼리 ID: getUserWithDetails in D:\Analyzer\CreateMetaDb\projects\sampleSrc\src\main\resources\mybatis\mapper\MixedErrorMapper.xml
2025-09-12 02:10:00,981 - SourceAnalyzer - DEBUG - logger.py:64 - 쿼리 실행 성공: 
                SELECT f.file_id 
               ...
2025-09-12 02:10:00,981 - SourceAnalyzer - DEBUG - logger.py:64 - 쿼리 실행 성공: 
                SELECT COUNT(*) as count
        ...
2025-09-12 02:10:00,981 - SourceAnalyzer - WARNING - logger.py:72 - 중복된 쿼리 ID: selectFromNonExistentTable in D:\Analyzer\CreateMetaDb\projects\sampleSrc\src\main\resources\mybatis\mapper\MixedErrorMapper.xml
2025-09-12 02:10:00,982 - SourceAnalyzer - DEBUG - logger.py:64 - 쿼리 실행 성공: 
                SELECT f.file_id 
               ...
2025-09-12 02:10:00,982 - SourceAnalyzer - DEBUG - logger.py:64 - 쿼리 실행 성공: 
                SELECT COUNT(*) as count
        ...
2025-09-12 02:10:00,982 - SourceAnalyzer - WARNING - logger.py:72 - 중복된 쿼리 ID: selectWithNonExistentColumn in D:\Analyzer\CreateMetaDb\projects\sampleSrc\src\main\resources\mybatis\mapper\MixedErrorMapper.xml
2025-09-12 02:10:00,982 - SourceAnalyzer - DEBUG - logger.py:64 - 쿼리 실행 성공: 
                SELECT f.file_id 
               ...
2025-09-12 02:10:00,982 - SourceAnalyzer - DEBUG - logger.py:64 - 쿼리 실행 성공: 
                SELECT COUNT(*) as count
        ...
2025-09-12 02:10:00,982 - SourceAnalyzer - WARNING - logger.py:72 - 중복된 쿼리 ID: selectComplexError in D:\Analyzer\CreateMetaDb\projects\sampleSrc\src\main\resources\mybatis\mapper\MixedErrorMapper.xml
2025-09-12 02:10:00,982 - SourceAnalyzer - DEBUG - logger.py:64 - 쿼리 실행 성공: 
                SELECT f.file_id 
               ...
2025-09-12 02:10:00,982 - SourceAnalyzer - DEBUG - logger.py:64 - 쿼리 실행 성공: 
                SELECT COUNT(*) as count
        ...
2025-09-12 02:10:00,982 - SourceAnalyzer - WARNING - logger.py:72 - 중복된 쿼리 ID: insert in D:\Analyzer\CreateMetaDb\projects\sampleSrc\src\main\resources\mybatis\mapper\MixedErrorMapper.xml
2025-09-12 02:10:00,982 - SourceAnalyzer - DEBUG - logger.py:64 - 쿼리 실행 성공: 
                SELECT f.file_id 
               ...
2025-09-12 02:10:00,982 - SourceAnalyzer - DEBUG - logger.py:64 - 쿼리 실행 성공: 
                SELECT COUNT(*) as count
        ...
2025-09-12 02:10:00,982 - SourceAnalyzer - WARNING - logger.py:72 - 중복된 쿼리 ID: update in D:\Analyzer\CreateMetaDb\projects\sampleSrc\src\main\resources\mybatis\mapper\MixedErrorMapper.xml
2025-09-12 02:10:00,982 - SourceAnalyzer - DEBUG - logger.py:64 - 쿼리 실행 성공: 
                SELECT f.file_id 
               ...
2025-09-12 02:10:00,983 - SourceAnalyzer - DEBUG - logger.py:64 - 쿼리 실행 성공: 
                SELECT COUNT(*) as count
        ...
2025-09-12 02:10:00,983 - SourceAnalyzer - WARNING - logger.py:72 - 중복된 쿼리 ID: delete in D:\Analyzer\CreateMetaDb\projects\sampleSrc\src\main\resources\mybatis\mapper\MixedErrorMapper.xml
2025-09-12 02:10:00,983 - SourceAnalyzer - DEBUG - logger.py:64 - 쿼리 실행 성공: 
                SELECT f.file_id 
               ...
2025-09-12 02:10:00,983 - SourceAnalyzer - DEBUG - logger.py:64 - 쿼리 실행 성공: 
                SELECT COUNT(*) as count
        ...
2025-09-12 02:10:00,983 - SourceAnalyzer - WARNING - logger.py:72 - 중복된 쿼리 ID: selectProductById in D:\Analyzer\CreateMetaDb\projects\sampleSrc\src\main\resources\mybatis\mapper\ProductMapper.xml
2025-09-12 02:10:00,983 - SourceAnalyzer - DEBUG - logger.py:64 - 쿼리 실행 성공: 
                SELECT f.file_id 
               ...
2025-09-12 02:10:00,983 - SourceAnalyzer - DEBUG - logger.py:64 - 쿼리 실행 성공: 
                SELECT COUNT(*) as count
        ...
2025-09-12 02:10:00,983 - SourceAnalyzer - WARNING - logger.py:72 - 중복된 쿼리 ID: selectProductsByCondition in D:\Analyzer\CreateMetaDb\projects\sampleSrc\src\main\resources\mybatis\mapper\ProductMapper.xml
2025-09-12 02:10:00,983 - SourceAnalyzer - DEBUG - logger.py:64 - 쿼리 실행 성공: 
                SELECT f.file_id 
               ...
2025-09-12 02:10:00,983 - SourceAnalyzer - DEBUG - logger.py:64 - 쿼리 실행 성공: 
                SELECT COUNT(*) as count
        ...
2025-09-12 02:10:00,983 - SourceAnalyzer - WARNING - logger.py:72 - 중복된 쿼리 ID: selectProductsByAdvancedCondition in D:\Analyzer\CreateMetaDb\projects\sampleSrc\src\main\resources\mybatis\mapper\ProductMapper.xml
2025-09-12 02:10:00,983 - SourceAnalyzer - DEBUG - logger.py:64 - 쿼리 실행 성공: 
                SELECT f.file_id 
               ...
2025-09-12 02:10:00,983 - SourceAnalyzer - DEBUG - logger.py:64 - 쿼리 실행 성공: 
                SELECT COUNT(*) as count
        ...
2025-09-12 02:10:00,983 - SourceAnalyzer - WARNING - logger.py:72 - 중복된 쿼리 ID: selectProductsByCategory in D:\Analyzer\CreateMetaDb\projects\sampleSrc\src\main\resources\mybatis\mapper\ProductMapper.xml
2025-09-12 02:10:00,984 - SourceAnalyzer - DEBUG - logger.py:64 - 쿼리 실행 성공: 
                SELECT f.file_id 
               ...
2025-09-12 02:10:00,984 - SourceAnalyzer - DEBUG - logger.py:64 - 쿼리 실행 성공: 
                SELECT COUNT(*) as count
        ...
2025-09-12 02:10:00,984 - SourceAnalyzer - WARNING - logger.py:72 - 중복된 쿼리 ID: countProductsByCondition in D:\Analyzer\CreateMetaDb\projects\sampleSrc\src\main\resources\mybatis\mapper\ProductMapper.xml
2025-09-12 02:10:00,984 - SourceAnalyzer - DEBUG - logger.py:64 - 쿼리 실행 성공: 
                SELECT f.file_id 
               ...
2025-09-12 02:10:00,984 - SourceAnalyzer - DEBUG - logger.py:64 - 쿼리 실행 성공: 
                SELECT COUNT(*) as count
        ...
2025-09-12 02:10:00,984 - SourceAnalyzer - WARNING - logger.py:72 - 중복된 쿼리 ID: insertProductDynamic in D:\Analyzer\CreateMetaDb\projects\sampleSrc\src\main\resources\mybatis\mapper\ProductMapper.xml
2025-09-12 02:10:00,984 - SourceAnalyzer - DEBUG - logger.py:64 - 쿼리 실행 성공: 
                SELECT f.file_id 
               ...
2025-09-12 02:10:00,984 - SourceAnalyzer - DEBUG - logger.py:64 - 쿼리 실행 성공: 
                SELECT COUNT(*) as count
        ...
2025-09-12 02:10:00,984 - SourceAnalyzer - WARNING - logger.py:72 - 중복된 쿼리 ID: updateProductStock in D:\Analyzer\CreateMetaDb\projects\sampleSrc\src\main\resources\mybatis\mapper\ProductMapper.xml
2025-09-12 02:10:00,985 - SourceAnalyzer - DEBUG - logger.py:64 - 쿼리 실행 성공: 
                SELECT f.file_id 
               ...
2025-09-12 02:10:00,985 - SourceAnalyzer - DEBUG - logger.py:64 - 쿼리 실행 성공: 
                SELECT COUNT(*) as count
        ...
2025-09-12 02:10:00,985 - SourceAnalyzer - WARNING - logger.py:72 - 중복된 쿼리 ID: updateProductDynamic in D:\Analyzer\CreateMetaDb\projects\sampleSrc\src\main\resources\mybatis\mapper\ProductMapper.xml
2025-09-12 02:10:00,985 - SourceAnalyzer - DEBUG - logger.py:64 - 쿼리 실행 성공: 
                SELECT f.file_id 
               ...
2025-09-12 02:10:00,985 - SourceAnalyzer - DEBUG - logger.py:64 - 쿼리 실행 성공: 
                SELECT COUNT(*) as count
        ...
2025-09-12 02:10:00,985 - SourceAnalyzer - WARNING - logger.py:72 - 중복된 쿼리 ID: deleteProductsByCondition in D:\Analyzer\CreateMetaDb\projects\sampleSrc\src\main\resources\mybatis\mapper\ProductMapper.xml
2025-09-12 02:10:00,985 - SourceAnalyzer - DEBUG - logger.py:64 - 쿼리 실행 성공: 
                SELECT f.file_id 
               ...
2025-09-12 02:10:00,985 - SourceAnalyzer - DEBUG - logger.py:64 - 쿼리 실행 성공: 
                SELECT COUNT(*) as count
        ...
2025-09-12 02:10:00,985 - SourceAnalyzer - WARNING - logger.py:72 - 중복된 쿼리 ID: selectUserById in D:\Analyzer\CreateMetaDb\projects\sampleSrc\src\main\resources\mybatis\mapper\UserMapper.xml
2025-09-12 02:10:00,985 - SourceAnalyzer - DEBUG - logger.py:64 - 쿼리 실행 성공: 
                SELECT f.file_id 
               ...
2025-09-12 02:10:00,985 - SourceAnalyzer - DEBUG - logger.py:64 - 쿼리 실행 성공: 
                SELECT COUNT(*) as count
        ...
2025-09-12 02:10:00,985 - SourceAnalyzer - WARNING - logger.py:72 - 중복된 쿼리 ID: selectUsersByCondition in D:\Analyzer\CreateMetaDb\projects\sampleSrc\src\main\resources\mybatis\mapper\UserMapper.xml
2025-09-12 02:10:00,986 - SourceAnalyzer - DEBUG - logger.py:64 - 쿼리 실행 성공: 
                SELECT f.file_id 
               ...
2025-09-12 02:10:00,986 - SourceAnalyzer - DEBUG - logger.py:64 - 쿼리 실행 성공: 
                SELECT COUNT(*) as count
        ...
2025-09-12 02:10:00,986 - SourceAnalyzer - WARNING - logger.py:72 - 중복된 쿼리 ID: selectUsersByAdvancedCondition in D:\Analyzer\CreateMetaDb\projects\sampleSrc\src\main\resources\mybatis\mapper\UserMapper.xml
2025-09-12 02:10:00,986 - SourceAnalyzer - DEBUG - logger.py:64 - 쿼리 실행 성공: 
                SELECT f.file_id 
               ...
2025-09-12 02:10:00,986 - SourceAnalyzer - DEBUG - logger.py:64 - 쿼리 실행 성공: 
                SELECT COUNT(*) as count
        ...
2025-09-12 02:10:00,986 - SourceAnalyzer - WARNING - logger.py:72 - 중복된 쿼리 ID: selectUsersByType in D:\Analyzer\CreateMetaDb\projects\sampleSrc\src\main\resources\mybatis\mapper\UserMapper.xml
2025-09-12 02:10:00,987 - SourceAnalyzer - DEBUG - logger.py:64 - 쿼리 실행 성공: 
                SELECT f.file_id 
               ...
2025-09-12 02:10:00,987 - SourceAnalyzer - DEBUG - logger.py:64 - 쿼리 실행 성공: 
                SELECT COUNT(*) as count
        ...
2025-09-12 02:10:00,987 - SourceAnalyzer - WARNING - logger.py:72 - 중복된 쿼리 ID: countUsersByCondition in D:\Analyzer\CreateMetaDb\projects\sampleSrc\src\main\resources\mybatis\mapper\UserMapper.xml
2025-09-12 02:10:00,987 - SourceAnalyzer - DEBUG - logger.py:64 - 쿼리 실행 성공: 
                SELECT f.file_id 
               ...
2025-09-12 02:10:00,987 - SourceAnalyzer - DEBUG - logger.py:64 - 쿼리 실행 성공: 
                SELECT COUNT(*) as count
        ...
2025-09-12 02:10:00,987 - SourceAnalyzer - WARNING - logger.py:72 - 중복된 쿼리 ID: getUserStatistics in D:\Analyzer\CreateMetaDb\projects\sampleSrc\src\main\resources\mybatis\mapper\UserMapper.xml
2025-09-12 02:10:00,987 - SourceAnalyzer - DEBUG - logger.py:64 - 쿼리 실행 성공: 
                SELECT f.file_id 
               ...
2025-09-12 02:10:00,987 - SourceAnalyzer - DEBUG - logger.py:64 - 쿼리 실행 성공: 
                SELECT COUNT(*) as count
        ...
2025-09-12 02:10:00,987 - SourceAnalyzer - WARNING - logger.py:72 - 중복된 쿼리 ID: getUserAgeDistribution in D:\Analyzer\CreateMetaDb\projects\sampleSrc\src\main\resources\mybatis\mapper\UserMapper.xml
2025-09-12 02:10:00,987 - SourceAnalyzer - DEBUG - logger.py:64 - 쿼리 실행 성공: 
                SELECT f.file_id 
               ...
2025-09-12 02:10:00,988 - SourceAnalyzer - DEBUG - logger.py:64 - 쿼리 실행 성공: 
                SELECT COUNT(*) as count
        ...
2025-09-12 02:10:00,988 - SourceAnalyzer - WARNING - logger.py:72 - 중복된 쿼리 ID: getUserActivityAnalysis in D:\Analyzer\CreateMetaDb\projects\sampleSrc\src\main\resources\mybatis\mapper\UserMapper.xml
2025-09-12 02:10:00,988 - SourceAnalyzer - DEBUG - logger.py:64 - 쿼리 실행 성공: 
                SELECT f.file_id 
               ...
2025-09-12 02:10:00,988 - SourceAnalyzer - DEBUG - logger.py:64 - 쿼리 실행 성공: 
                SELECT COUNT(*) as count
        ...
2025-09-12 02:10:00,988 - SourceAnalyzer - WARNING - logger.py:72 - 중복된 쿼리 ID: searchUsersAdvanced in D:\Analyzer\CreateMetaDb\projects\sampleSrc\src\main\resources\mybatis\mapper\UserMapper.xml
2025-09-12 02:10:00,988 - SourceAnalyzer - DEBUG - logger.py:64 - 쿼리 실행 성공: 
                SELECT f.file_id 
               ...
2025-09-12 02:10:00,988 - SourceAnalyzer - DEBUG - logger.py:64 - 쿼리 실행 성공: 
                SELECT COUNT(*) as count
        ...
2025-09-12 02:10:00,988 - SourceAnalyzer - WARNING - logger.py:72 - 중복된 쿼리 ID: getUserGroupStatistics in D:\Analyzer\CreateMetaDb\projects\sampleSrc\src\main\resources\mybatis\mapper\UserMapper.xml
2025-09-12 02:10:00,988 - SourceAnalyzer - DEBUG - logger.py:64 - 쿼리 실행 성공: 
                SELECT f.file_id 
               ...
2025-09-12 02:10:00,988 - SourceAnalyzer - DEBUG - logger.py:64 - 쿼리 실행 성공: 
                SELECT COUNT(*) as count
        ...
2025-09-12 02:10:00,988 - SourceAnalyzer - WARNING - logger.py:72 - 중복된 쿼리 ID: getUserWithPreferences in D:\Analyzer\CreateMetaDb\projects\sampleSrc\src\main\resources\mybatis\mapper\UserMapper.xml
2025-09-12 02:10:00,989 - SourceAnalyzer - DEBUG - logger.py:64 - 쿼리 실행 성공: 
                SELECT f.file_id 
               ...
2025-09-12 02:10:00,989 - SourceAnalyzer - DEBUG - logger.py:64 - 쿼리 실행 성공: 
                SELECT COUNT(*) as count
        ...
2025-09-12 02:10:00,989 - SourceAnalyzer - WARNING - logger.py:72 - 중복된 쿼리 ID: getUserWithPreferencesAndType in D:\Analyzer\CreateMetaDb\projects\sampleSrc\src\main\resources\mybatis\mapper\UserMapper.xml
2025-09-12 02:10:00,989 - SourceAnalyzer - DEBUG - logger.py:64 - 쿼리 실행 성공: 
                SELECT f.file_id 
               ...
2025-09-12 02:10:00,989 - SourceAnalyzer - DEBUG - logger.py:64 - 쿼리 실행 성공: 
                SELECT COUNT(*) as count
        ...
2025-09-12 02:10:00,989 - SourceAnalyzer - WARNING - logger.py:72 - 중복된 쿼리 ID: getUserActivityLog in D:\Analyzer\CreateMetaDb\projects\sampleSrc\src\main\resources\mybatis\mapper\UserMapper.xml
2025-09-12 02:10:00,989 - SourceAnalyzer - DEBUG - logger.py:64 - 쿼리 실행 성공: 
                SELECT f.file_id 
               ...
2025-09-12 02:10:00,989 - SourceAnalyzer - DEBUG - logger.py:64 - 쿼리 실행 성공: 
                SELECT COUNT(*) as count
        ...
2025-09-12 02:10:00,989 - SourceAnalyzer - WARNING - logger.py:72 - 중복된 쿼리 ID: getUserSettings in D:\Analyzer\CreateMetaDb\projects\sampleSrc\src\main\resources\mybatis\mapper\UserMapper.xml
2025-09-12 02:10:00,989 - SourceAnalyzer - DEBUG - logger.py:64 - 쿼리 실행 성공: 
                SELECT f.file_id 
               ...
2025-09-12 02:10:00,989 - SourceAnalyzer - DEBUG - logger.py:64 - 쿼리 실행 성공: 
                SELECT COUNT(*) as count
        ...
2025-09-12 02:10:00,989 - SourceAnalyzer - WARNING - logger.py:72 - 중복된 쿼리 ID: getUserWithNewTable in D:\Analyzer\CreateMetaDb\projects\sampleSrc\src\main\resources\mybatis\mapper\UserMapper.xml
2025-09-12 02:10:00,990 - SourceAnalyzer - DEBUG - logger.py:64 - 쿼리 실행 성공: 
                SELECT f.file_id 
               ...
2025-09-12 02:10:00,990 - SourceAnalyzer - DEBUG - logger.py:64 - 쿼리 실행 성공: 
                SELECT COUNT(*) as count
        ...
2025-09-12 02:10:00,990 - SourceAnalyzer - WARNING - logger.py:72 - 중복된 쿼리 ID: insertUserDynamic in D:\Analyzer\CreateMetaDb\projects\sampleSrc\src\main\resources\mybatis\mapper\UserMapper.xml
2025-09-12 02:10:00,990 - SourceAnalyzer - DEBUG - logger.py:64 - 쿼리 실행 성공: 
                SELECT f.file_id 
               ...
2025-09-12 02:10:00,990 - SourceAnalyzer - DEBUG - logger.py:64 - 쿼리 실행 성공: 
                SELECT COUNT(*) as count
        ...
2025-09-12 02:10:00,990 - SourceAnalyzer - WARNING - logger.py:72 - 중복된 쿼리 ID: insertUserPreferences in D:\Analyzer\CreateMetaDb\projects\sampleSrc\src\main\resources\mybatis\mapper\UserMapper.xml
2025-09-12 02:10:00,990 - SourceAnalyzer - DEBUG - logger.py:64 - 쿼리 실행 성공: 
                SELECT f.file_id 
               ...
2025-09-12 02:10:00,990 - SourceAnalyzer - DEBUG - logger.py:64 - 쿼리 실행 성공: 
                SELECT COUNT(*) as count
        ...
2025-09-12 02:10:00,990 - SourceAnalyzer - WARNING - logger.py:72 - 중복된 쿼리 ID: updateUserDynamic in D:\Analyzer\CreateMetaDb\projects\sampleSrc\src\main\resources\mybatis\mapper\UserMapper.xml
2025-09-12 02:10:00,990 - SourceAnalyzer - DEBUG - logger.py:64 - 쿼리 실행 성공: 
                SELECT f.file_id 
               ...
2025-09-12 02:10:00,990 - SourceAnalyzer - DEBUG - logger.py:64 - 쿼리 실행 성공: 
                SELECT COUNT(*) as count
        ...
2025-09-12 02:10:00,990 - SourceAnalyzer - WARNING - logger.py:72 - 중복된 쿼리 ID: updateUserPreferences in D:\Analyzer\CreateMetaDb\projects\sampleSrc\src\main\resources\mybatis\mapper\UserMapper.xml
2025-09-12 02:10:00,991 - SourceAnalyzer - DEBUG - logger.py:64 - 쿼리 실행 성공: 
                SELECT f.file_id 
               ...
2025-09-12 02:10:00,991 - SourceAnalyzer - DEBUG - logger.py:64 - 쿼리 실행 성공: 
                SELECT COUNT(*) as count
        ...
2025-09-12 02:10:00,991 - SourceAnalyzer - WARNING - logger.py:72 - 중복된 쿼리 ID: deleteUsersByCondition in D:\Analyzer\CreateMetaDb\projects\sampleSrc\src\main\resources\mybatis\mapper\UserMapper.xml
2025-09-12 02:10:00,991 - SourceAnalyzer - DEBUG - logger.py:64 - 쿼리 실행 성공: 
                SELECT f.file_id 
               ...
2025-09-12 02:10:00,991 - SourceAnalyzer - DEBUG - logger.py:64 - 쿼리 실행 성공: 
                SELECT COUNT(*) as count
        ...
2025-09-12 02:10:00,991 - SourceAnalyzer - WARNING - logger.py:72 - 중복된 쿼리 ID: mergeUserStatistics in D:\Analyzer\CreateMetaDb\projects\sampleSrc\src\main\resources\mybatis\mapper\UserMapper.xml
2025-09-12 02:10:00,991 - SourceAnalyzer - DEBUG - logger.py:64 - 쿼리 실행 성공: 
                SELECT f.file_id 
               ...
2025-09-12 02:10:00,991 - SourceAnalyzer - DEBUG - logger.py:64 - 쿼리 실행 성공: 
                SELECT COUNT(*) as count
        ...
2025-09-12 02:10:00,991 - SourceAnalyzer - WARNING - logger.py:72 - 중복된 쿼리 ID: mergeUserActivityLog in D:\Analyzer\CreateMetaDb\projects\sampleSrc\src\main\resources\mybatis\mapper\UserMapper.xml
2025-09-12 02:10:00,991 - SourceAnalyzer - WARNING - logger.py:72 - 저장할 유효한 SQL 컴포넌트가 없습니다
2025-09-12 02:10:00,991 - SourceAnalyzer - INFO - logger.py:68 - === XML 파일 분석 통계 (메모리 최적화) ===
2025-09-12 02:10:00,991 - SourceAnalyzer - INFO - logger.py:68 - XML 파일 처리: 5
2025-09-12 02:10:00,992 - SourceAnalyzer - INFO - logger.py:68 - SQL 쿼리 추출: 50
2025-09-12 02:10:00,992 - SourceAnalyzer - INFO - logger.py:68 - SQL 컴포넌트 생성: 0
2025-09-12 02:10:00,992 - SourceAnalyzer - INFO - logger.py:68 - 처리 오류: 0
2025-09-12 02:10:00,992 - SourceAnalyzer - INFO - logger.py:68 - === 처리플로우 3단계 완료 ===
2025-09-12 02:10:00,993 - SourceAnalyzer - DEBUG - logger.py:64 - 데이터베이스 연결 해제: D:\Analyzer\CreateMetaDb\projects\sampleSrc\metadata.db
2025-09-12 02:10:00,993 - SourceAnalyzer - INFO - logger.py:68 - 쿼리 로딩 완료: XML 파일 분석
2025-09-12 02:10:00,994 - SourceAnalyzer - INFO - logger.py:68 - 프로젝트 분석 완료
