2025-09-12 02:09:26,208 - SourceAnalyzer - INFO - logger.py:68 - SourceAnalyzer 시작
2025-09-12 02:09:26,214 - SourceAnalyzer - DEBUG - logger.py:64 - 명령행 인자 파싱 완료: {'project_name': 'sampleSrc', 'clear_metadb': False, 'verbose': False, 'output_format': 'html', 'config_file': None, 'log_level': 'INFO', 'dry_run': False, 'force': False}
2025-09-12 02:09:26,214 - SourceAnalyzer - DEBUG - logger.py:64 - 인자 검증 성공
2025-09-12 02:09:26,214 - SourceAnalyzer - INFO - logger.py:68 - 분석 대상 프로젝트: sampleSrc
2025-09-12 02:09:26,214 - SourceAnalyzer - INFO - logger.py:68 - 분석 옵션:
2025-09-12 02:09:26,214 - SourceAnalyzer - INFO - logger.py:68 -   - 메타데이터베이스 초기화: False
2025-09-12 02:09:26,215 - SourceAnalyzer - INFO - logger.py:68 -   - 상세 로그: False
2025-09-12 02:09:26,215 - SourceAnalyzer - INFO - logger.py:68 -   - 출력 형식: html
2025-09-12 02:09:26,215 - SourceAnalyzer - INFO - logger.py:68 -   - 드라이런 모드: False
2025-09-12 02:09:26,215 - SourceAnalyzer - INFO - logger.py:68 -   - 강제 실행: False
2025-09-12 02:09:26,215 - SourceAnalyzer - INFO - logger.py:68 - 프로젝트 분석 시작...
2025-09-12 02:09:26,223 - SourceAnalyzer - INFO - logger.py:68 - === 처리플로우 1단계 시작: 파일 정보 저장 ===
2025-09-12 02:09:26,225 - SourceAnalyzer - DEBUG - logger.py:64 - 데이터베이스 연결 성공: D:\Analyzer\CreateMetaDb\projects\sampleSrc\metadata.db
2025-09-12 02:09:26,225 - SourceAnalyzer - DEBUG - logger.py:64 - 인덱스가 이미 존재함 (무시): CREATE UNIQUE INDEX ix_projects_01 ON projects (pr...
2025-09-12 02:09:26,225 - SourceAnalyzer - DEBUG - logger.py:64 - 인덱스가 이미 존재함 (무시): CREATE UNIQUE INDEX ix_tables_01 ON tables (table_...
2025-09-12 02:09:26,225 - SourceAnalyzer - DEBUG - logger.py:64 - 인덱스가 이미 존재함 (무시): CREATE UNIQUE INDEX ix_columns_01 ON columns (tabl...
2025-09-12 02:09:26,225 - SourceAnalyzer - DEBUG - logger.py:64 - 인덱스가 이미 존재함 (무시): CREATE UNIQUE INDEX ix_files_01 ON files (file_nam...
2025-09-12 02:09:26,225 - SourceAnalyzer - DEBUG - logger.py:64 - 인덱스가 이미 존재함 (무시): CREATE UNIQUE INDEX ix_classes_01 ON classes (clas...
2025-09-12 02:09:26,225 - SourceAnalyzer - DEBUG - logger.py:64 - 인덱스가 이미 존재함 (무시): CREATE INDEX ix_classes_02 ON classes (parent_clas...
2025-09-12 02:09:26,225 - SourceAnalyzer - DEBUG - logger.py:64 - 인덱스가 이미 존재함 (무시): CREATE UNIQUE INDEX ix_components_01 ON components...
2025-09-12 02:09:26,226 - SourceAnalyzer - DEBUG - logger.py:64 - 인덱스가 이미 존재함 (무시): CREATE INDEX ix_components_parent_id ON components...
2025-09-12 02:09:26,226 - SourceAnalyzer - DEBUG - logger.py:64 - 인덱스가 이미 존재함 (무시): CREATE UNIQUE INDEX ix_relationships_01 ON relatio...
2025-09-12 02:09:26,226 - SourceAnalyzer - DEBUG - logger.py:64 - SQL 스크립트 실행 성공: D:\Analyzer\CreateMetaDb\database\create_table_script.sql
2025-09-12 02:09:26,226 - SourceAnalyzer - INFO - logger.py:68 - 메타데이터베이스 초기화 완료: D:\Analyzer\CreateMetaDb\projects\sampleSrc\metadata.db
2025-09-12 02:09:26,227 - SourceAnalyzer - DEBUG - logger.py:64 - 파일 해시 생성 성공: D:\Analyzer\CreateMetaDb\projects\sampleSrc\db_schema\ALL_TABLES.csv (md5)
2025-09-12 02:09:26,227 - SourceAnalyzer - DEBUG - logger.py:64 - 파일 해시 생성 성공: D:\Analyzer\CreateMetaDb\projects\sampleSrc\db_schema\ALL_TAB_COLUMNS.csv (md5)
2025-09-12 02:09:26,228 - SourceAnalyzer - DEBUG - logger.py:64 - 파일 해시 생성 성공: D:\Analyzer\CreateMetaDb\projects\sampleSrc\src\com\example\dynamicquery\UserDao.java (md5)
2025-09-12 02:09:26,228 - SourceAnalyzer - DEBUG - logger.py:64 - 파일 해시 생성 성공: D:\Analyzer\CreateMetaDb\projects\sampleSrc\src\com\example\dynamicquery\UserMapper.java (md5)
2025-09-12 02:09:26,228 - SourceAnalyzer - DEBUG - logger.py:64 - 파일 해시 생성 성공: D:\Analyzer\CreateMetaDb\projects\sampleSrc\src\com\example\dynamicquery\UserMapper.xml (md5)
2025-09-12 02:09:26,229 - SourceAnalyzer - DEBUG - logger.py:64 - 파일 해시 생성 성공: D:\Analyzer\CreateMetaDb\projects\sampleSrc\src\com\example\dynamicquery\UserSearchDto.java (md5)
2025-09-12 02:09:26,229 - SourceAnalyzer - DEBUG - logger.py:64 - 파일 해시 생성 성공: D:\Analyzer\CreateMetaDb\projects\sampleSrc\src\main\java\com\example\controller\ErrorController.java (md5)
2025-09-12 02:09:26,230 - SourceAnalyzer - DEBUG - logger.py:64 - 파일 해시 생성 성공: D:\Analyzer\CreateMetaDb\projects\sampleSrc\src\main\java\com\example\controller\MixedErrorController.java (md5)
2025-09-12 02:09:26,230 - SourceAnalyzer - DEBUG - logger.py:64 - 파일 해시 생성 성공: D:\Analyzer\CreateMetaDb\projects\sampleSrc\src\main\java\com\example\controller\ProductController.java (md5)
2025-09-12 02:09:26,230 - SourceAnalyzer - DEBUG - logger.py:64 - 파일 해시 생성 성공: D:\Analyzer\CreateMetaDb\projects\sampleSrc\src\main\java\com\example\controller\SyntaxErrorController.java (md5)
2025-09-12 02:09:26,231 - SourceAnalyzer - DEBUG - logger.py:64 - 파일 해시 생성 성공: D:\Analyzer\CreateMetaDb\projects\sampleSrc\src\main\java\com\example\controller\UserController.java (md5)
2025-09-12 02:09:26,231 - SourceAnalyzer - DEBUG - logger.py:64 - 파일 해시 생성 성공: D:\Analyzer\CreateMetaDb\projects\sampleSrc\src\main\java\com\example\mapper\BrokenMapper.java (md5)
2025-09-12 02:09:26,231 - SourceAnalyzer - DEBUG - logger.py:64 - 파일 해시 생성 성공: D:\Analyzer\CreateMetaDb\projects\sampleSrc\src\main\java\com\example\mapper\ProductMapper.java (md5)
2025-09-12 02:09:26,232 - SourceAnalyzer - DEBUG - logger.py:64 - 파일 해시 생성 성공: D:\Analyzer\CreateMetaDb\projects\sampleSrc\src\main\java\com\example\mapper\UserMapper.java (md5)
2025-09-12 02:09:26,232 - SourceAnalyzer - DEBUG - logger.py:64 - 파일 해시 생성 성공: D:\Analyzer\CreateMetaDb\projects\sampleSrc\src\main\java\com\example\model\Product.java (md5)
2025-09-12 02:09:26,232 - SourceAnalyzer - DEBUG - logger.py:64 - 파일 해시 생성 성공: D:\Analyzer\CreateMetaDb\projects\sampleSrc\src\main\java\com\example\model\User.java (md5)
2025-09-12 02:09:26,233 - SourceAnalyzer - DEBUG - logger.py:64 - 파일 해시 생성 성공: D:\Analyzer\CreateMetaDb\projects\sampleSrc\src\main\java\com\example\service\LogicErrorService.java (md5)
2025-09-12 02:09:26,233 - SourceAnalyzer - DEBUG - logger.py:64 - 파일 해시 생성 성공: D:\Analyzer\CreateMetaDb\projects\sampleSrc\src\main\java\com\example\service\MixedErrorService.java (md5)
2025-09-12 02:09:26,233 - SourceAnalyzer - DEBUG - logger.py:64 - 파일 해시 생성 성공: D:\Analyzer\CreateMetaDb\projects\sampleSrc\src\main\java\com\example\service\ProductService.java (md5)
2025-09-12 02:09:26,234 - SourceAnalyzer - DEBUG - logger.py:64 - 파일 해시 생성 성공: D:\Analyzer\CreateMetaDb\projects\sampleSrc\src\main\java\com\example\service\ProductServiceImpl.java (md5)
2025-09-12 02:09:26,234 - SourceAnalyzer - DEBUG - logger.py:64 - 파일 해시 생성 성공: D:\Analyzer\CreateMetaDb\projects\sampleSrc\src\main\java\com\example\service\UserService.java (md5)
2025-09-12 02:09:26,234 - SourceAnalyzer - DEBUG - logger.py:64 - 파일 해시 생성 성공: D:\Analyzer\CreateMetaDb\projects\sampleSrc\src\main\java\com\example\service\UserServiceImpl.java (md5)
2025-09-12 02:09:26,235 - SourceAnalyzer - DEBUG - logger.py:64 - 파일 해시 생성 성공: D:\Analyzer\CreateMetaDb\projects\sampleSrc\src\main\resources\mybatis\mapper\ImplicitJoinMapper.xml (md5)
2025-09-12 02:09:26,236 - SourceAnalyzer - DEBUG - logger.py:64 - 파일 해시 생성 성공: D:\Analyzer\CreateMetaDb\projects\sampleSrc\src\main\resources\mybatis\mapper\MixedErrorMapper.xml (md5)
2025-09-12 02:09:26,236 - SourceAnalyzer - DEBUG - logger.py:64 - 파일 해시 생성 성공: D:\Analyzer\CreateMetaDb\projects\sampleSrc\src\main\resources\mybatis\mapper\ProductMapper.xml (md5)
2025-09-12 02:09:26,237 - SourceAnalyzer - DEBUG - logger.py:64 - 파일 해시 생성 성공: D:\Analyzer\CreateMetaDb\projects\sampleSrc\src\main\resources\mybatis\mapper\UserMapper.xml (md5)
2025-09-12 02:09:26,237 - SourceAnalyzer - DEBUG - logger.py:64 - 파일 해시 생성 성공: D:\Analyzer\CreateMetaDb\projects\sampleSrc\src\main\webapp\error\syntaxError.jsp (md5)
2025-09-12 02:09:26,238 - SourceAnalyzer - DEBUG - logger.py:64 - 파일 해시 생성 성공: D:\Analyzer\CreateMetaDb\projects\sampleSrc\src\main\webapp\mixed\partialError.jsp (md5)
2025-09-12 02:09:26,238 - SourceAnalyzer - DEBUG - logger.py:64 - 파일 해시 생성 성공: D:\Analyzer\CreateMetaDb\projects\sampleSrc\src\main\webapp\product\list.jsp (md5)
2025-09-12 02:09:26,238 - SourceAnalyzer - DEBUG - logger.py:64 - 파일 해시 생성 성공: D:\Analyzer\CreateMetaDb\projects\sampleSrc\src\main\webapp\product\searchResult.jsp (md5)
2025-09-12 02:09:26,239 - SourceAnalyzer - DEBUG - logger.py:64 - 파일 해시 생성 성공: D:\Analyzer\CreateMetaDb\projects\sampleSrc\src\main\webapp\user\error.jsp (md5)
2025-09-12 02:09:26,239 - SourceAnalyzer - DEBUG - logger.py:64 - 파일 해시 생성 성공: D:\Analyzer\CreateMetaDb\projects\sampleSrc\src\main\webapp\user\list.jsp (md5)
2025-09-12 02:09:26,239 - SourceAnalyzer - DEBUG - logger.py:64 - 파일 해시 생성 성공: D:\Analyzer\CreateMetaDb\projects\sampleSrc\src\main\webapp\user\searchResult.jsp (md5)
2025-09-12 02:09:26,240 - SourceAnalyzer - DEBUG - logger.py:64 - 파일 해시 생성 성공: D:\Analyzer\CreateMetaDb\projects\sampleSrc\src\main\webapp\user\typeList.jsp (md5)
2025-09-12 02:09:26,240 - SourceAnalyzer - DEBUG - logger.py:64 - 프로젝트 해시 생성 성공: D:\Analyzer\CreateMetaDb\projects\sampleSrc
2025-09-12 02:09:26,240 - SourceAnalyzer - DEBUG - logger.py:64 - 쿼리 실행 성공: SELECT project_id FROM projects WHERE project_name...
2025-09-12 02:09:26,241 - SourceAnalyzer - DEBUG - logger.py:64 - 업데이트 쿼리 실행 성공: 
            UPDATE projects
            SET hash_..., 영향받은 행: 1
2025-09-12 02:09:26,241 - SourceAnalyzer - DEBUG - logger.py:64 - 프로젝트 정보 업데이트 완료: sampleSrc
2025-09-12 02:09:26,242 - SourceAnalyzer - INFO - logger.py:68 - 프로젝트 파일 스캔 시작: D:\Analyzer\CreateMetaDb\projects\sampleSrc
2025-09-12 02:09:26,264 - SourceAnalyzer - INFO - logger.py:68 - 파일 스캔 완료: 총 39개 파일
2025-09-12 02:09:26,265 - SourceAnalyzer - DEBUG - logger.py:64 - 쿼리 실행 성공: SELECT project_id FROM projects WHERE project_name...
2025-09-12 02:09:26,265 - SourceAnalyzer - ERROR - logger.py:76 - 데이터베이스 연결 오류: FOREIGN KEY constraint failed
2025-09-12 02:09:26,272 - SourceAnalyzer - ERROR - logger.py:128 - FATAL ERROR at D:\Analyzer\CreateMetaDb\util\database_utils.py:172 in execute_many()
Code: cursor.executemany(query, params_list)
Message: 배치 쿼리 실행 실패: 
            INSERT OR REPLACE INTO files (file_pa...
Exception: IntegrityError: FOREIGN KEY constraint failed
Stack Trace:
Traceback (most recent call last):
  File "D:\Analyzer\CreateMetaDb\util\database_utils.py", line 172, in execute_many
    cursor.executemany(query, params_list)
    ~~~~~~~~~~~~~~~~~~^^^^^^^^^^^^^^^^^^^^
sqlite3.IntegrityError: FOREIGN KEY constraint failed

2025-09-12 02:09:26,275 - SourceAnalyzer - DEBUG - logger.py:64 - 데이터베이스 연결 해제: D:\Analyzer\CreateMetaDb\projects\sampleSrc\metadata.db
