2025-09-14 02:33:49,825 - SourceAnalyzer - INFO - logger.py:68 - === Java 파서 디버깅 시작 ===
2025-09-14 02:33:49,832 - SourceAnalyzer - DEBUG - logger.py:64 - 파일 읽기 성공: config/parser/java_keyword.yaml
2025-09-14 02:33:49,848 - SourceAnalyzer - DEBUG - logger.py:64 - YAML 설정 파일 로드 성공: config/parser/java_keyword.yaml
2025-09-14 02:33:49,851 - SourceAnalyzer - INFO - logger.py:68 - 정규식 패턴 컴파일 완료: 클래스 12개, 메서드 2개, 패키지 7개, 상속 6개
2025-09-14 02:33:49,851 - SourceAnalyzer - INFO - logger.py:68 - 파일 크기: 3022 문자
2025-09-14 02:33:49,851 - SourceAnalyzer - INFO - logger.py:68 - 첫 500자:
2025-09-14 02:33:49,852 - SourceAnalyzer - INFO - logger.py:68 - 
=== 클래스 정보 추출 테스트 ===
2025-09-14 02:33:49,852 - SourceAnalyzer - INFO - logger.py:68 - 추출 결과:
2025-09-14 02:33:49,852 - SourceAnalyzer - INFO - logger.py:68 -   - 클래스 수: 2
2025-09-14 02:33:49,853 - SourceAnalyzer - INFO - logger.py:68 -   클래스 1: {'class_name': 'UserDao', 'class_type': 'class', 'package_name': 'com.example.dynamicquery', 'line_start': 12, 'line_end': 94, 'parent_class_name': None, 'interfaces': [], 'hash_value': '2a772d97dce022fad3bfce9a7b205f1f', 'file_path': 'D:\\Analyzer\\CreateMetaDb\\projects\\sampleSrc\\src\\com\\example\\dynamicquery\\UserDao.java'}
2025-09-14 02:33:49,853 - SourceAnalyzer - INFO - logger.py:68 -   클래스 2: {'class_name': 'UserDao', 'class_type': 'class', 'package_name': 'com.example.dynamicquery', 'line_start': 12, 'line_end': 94, 'parent_class_name': None, 'interfaces': [], 'hash_value': '2a772d97dce022fad3bfce9a7b205f1f', 'file_path': 'D:\\Analyzer\\CreateMetaDb\\projects\\sampleSrc\\src\\com\\example\\dynamicquery\\UserDao.java'}
2025-09-14 02:33:49,853 - SourceAnalyzer - INFO - logger.py:68 - 
=== 정규식 패턴 직접 테스트 ===
2025-09-14 02:33:49,853 - SourceAnalyzer - ERROR - logger.py:76 - 디버깅 실패: 'JavaParser' object has no attribute 'keywords'
2025-09-14 02:33:49,859 - SourceAnalyzer - ERROR - logger.py:76 - 스택 트레이스:
Traceback (most recent call last):
  File "D:\Analyzer\CreateMetaDb\debug_java_parser.py", line 45, in debug_java_parser
    patterns = java_parser.keywords.get('java_class_extraction_patterns', [])
               ^^^^^^^^^^^^^^^^^^^^
AttributeError: 'JavaParser' object has no attribute 'keywords'

