2025-09-14 15:16:46,647 - SourceAnalyzer - INFO - logger.py:73 - Recursion limit set to: 50
2025-09-14 15:16:46,648 - SourceAnalyzer - INFO - logger.py:73 - SourceAnalyzer 시작
2025-09-14 15:16:46,653 - SourceAnalyzer - DEBUG - logger.py:65 - 명령행 인자 파싱 완료: {'project_name': 'sampleSrc', 'clear_metadb': False, 'verbose': False, 'output_format': 'html', 'config_file': None, 'log_level': 'INFO', 'dry_run': False, 'force': False}
2025-09-14 15:16:46,654 - SourceAnalyzer - DEBUG - logger.py:65 - 인자 검증 성공
2025-09-14 15:16:46,654 - SourceAnalyzer - INFO - logger.py:73 - 분석 대상 프로젝트: sampleSrc
2025-09-14 15:16:46,654 - SourceAnalyzer - INFO - logger.py:73 - 분석 옵션:
2025-09-14 15:16:46,654 - SourceAnalyzer - INFO - logger.py:73 -   - 메타데이터베이스 초기화: False
2025-09-14 15:16:46,654 - SourceAnalyzer - INFO - logger.py:73 -   - 상세 로그: False
2025-09-14 15:16:46,654 - SourceAnalyzer - INFO - logger.py:73 -   - 출력 형식: html
2025-09-14 15:16:46,655 - SourceAnalyzer - INFO - logger.py:73 -   - 드라이런 모드: False
2025-09-14 15:16:46,655 - SourceAnalyzer - INFO - logger.py:73 -   - 강제 실행: False
2025-09-14 15:16:46,655 - SourceAnalyzer - INFO - logger.py:73 - 1단계 실행: 파일 정보 저장 (프로젝트 전체 스캔)
2025-09-14 15:16:46,655 - SourceAnalyzer - INFO - logger.py:73 - === 파일 스캔 시작: 파일 정보 저장 ===
2025-09-14 15:16:46,657 - SourceAnalyzer - DEBUG - logger.py:65 - 데이터베이스 연결 성공: D:\Analyzer\CreateMetaDb\projects\sampleSrc\metadata.db
2025-09-14 15:16:46,658 - SourceAnalyzer - DEBUG - logger.py:65 - 인덱스가 이미 존재함 (무시): CREATE UNIQUE INDEX ix_projects_01 ON projects (pr...
2025-09-14 15:16:46,658 - SourceAnalyzer - DEBUG - logger.py:65 - 인덱스가 이미 존재함 (무시): CREATE UNIQUE INDEX ix_tables_01 ON tables (table_...
2025-09-14 15:16:46,658 - SourceAnalyzer - DEBUG - logger.py:65 - 인덱스가 이미 존재함 (무시): CREATE UNIQUE INDEX ix_columns_01 ON columns (tabl...
2025-09-14 15:16:46,658 - SourceAnalyzer - DEBUG - logger.py:65 - 인덱스가 이미 존재함 (무시): CREATE UNIQUE INDEX ix_files_01 ON files (file_nam...
2025-09-14 15:16:46,658 - SourceAnalyzer - DEBUG - logger.py:65 - 인덱스가 이미 존재함 (무시): CREATE UNIQUE INDEX ix_classes_01 ON classes (clas...
2025-09-14 15:16:46,658 - SourceAnalyzer - DEBUG - logger.py:65 - 인덱스가 이미 존재함 (무시): CREATE INDEX ix_classes_02 ON classes (parent_clas...
2025-09-14 15:16:46,658 - SourceAnalyzer - DEBUG - logger.py:65 - 인덱스가 이미 존재함 (무시): CREATE UNIQUE INDEX ix_components_01 ON components...
2025-09-14 15:16:46,658 - SourceAnalyzer - DEBUG - logger.py:65 - 인덱스가 이미 존재함 (무시): CREATE INDEX ix_components_parent_id ON components...
2025-09-14 15:16:46,658 - SourceAnalyzer - DEBUG - logger.py:65 - 인덱스가 이미 존재함 (무시): CREATE UNIQUE INDEX ix_relationships_01 ON relatio...
2025-09-14 15:16:46,658 - SourceAnalyzer - DEBUG - logger.py:65 - SQL 스크립트 실행 성공: D:\Analyzer\CreateMetaDb\database\create_table_script.sql
2025-09-14 15:16:46,658 - SourceAnalyzer - INFO - logger.py:73 - 메타데이터베이스 초기화 완료: D:\Analyzer\CreateMetaDb\projects\sampleSrc\metadata.db
2025-09-14 15:16:46,660 - SourceAnalyzer - DEBUG - logger.py:65 - 쿼리 실행 성공: 
                SELECT COUNT(*) as count FROM pro...
2025-09-14 15:16:46,661 - SourceAnalyzer - DEBUG - logger.py:65 - 업데이트 쿼리 실행 성공: 
            UPDATE projects
            SET hash_..., 영향받은 행: 1
2025-09-14 15:16:46,661 - SourceAnalyzer - DEBUG - logger.py:65 - 프로젝트 정보 저장/업데이트 완료: sampleSrc
2025-09-14 15:16:46,661 - SourceAnalyzer - INFO - logger.py:73 - 프로젝트 파일 스캔 시작: D:\Analyzer\CreateMetaDb\projects\sampleSrc
2025-09-14 15:16:46,685 - SourceAnalyzer - DEBUG - logger.py:65 - 디렉토리 스캔 완료: D:\Analyzer\CreateMetaDb\projects\sampleSrc, 파일 수: 53
2025-09-14 15:16:46,686 - SourceAnalyzer - DEBUG - logger.py:65 - 파일 읽기 성공: D:\Analyzer\CreateMetaDb\projects\sampleSrc\config\target_source_config.yaml
2025-09-14 15:16:46,690 - SourceAnalyzer - DEBUG - logger.py:65 - YAML 설정 파일 로드 성공: D:\Analyzer\CreateMetaDb\projects\sampleSrc\config\target_source_config.yaml
2025-09-14 15:16:46,693 - SourceAnalyzer - DEBUG - logger.py:65 - 파일 읽기 성공: D:\Analyzer\CreateMetaDb\projects\sampleSrc\config\target_source_config.yaml
2025-09-14 15:16:46,697 - SourceAnalyzer - DEBUG - logger.py:65 - YAML 설정 파일 로드 성공: D:\Analyzer\CreateMetaDb\projects\sampleSrc\config\target_source_config.yaml
2025-09-14 15:16:46,698 - SourceAnalyzer - DEBUG - logger.py:65 - 파일 읽기 성공: D:\Analyzer\CreateMetaDb\projects\sampleSrc\config\target_source_config.yaml
2025-09-14 15:16:46,702 - SourceAnalyzer - DEBUG - logger.py:65 - YAML 설정 파일 로드 성공: D:\Analyzer\CreateMetaDb\projects\sampleSrc\config\target_source_config.yaml
2025-09-14 15:16:46,702 - SourceAnalyzer - DEBUG - logger.py:65 - 파일 읽기 성공: D:\Analyzer\CreateMetaDb\projects\sampleSrc\config\target_source_config.yaml
2025-09-14 15:16:46,707 - SourceAnalyzer - DEBUG - logger.py:65 - YAML 설정 파일 로드 성공: D:\Analyzer\CreateMetaDb\projects\sampleSrc\config\target_source_config.yaml
2025-09-14 15:16:46,708 - SourceAnalyzer - DEBUG - logger.py:65 - 파일 읽기 성공: D:\Analyzer\CreateMetaDb\projects\sampleSrc\config\target_source_config.yaml
2025-09-14 15:16:46,711 - SourceAnalyzer - DEBUG - logger.py:65 - YAML 설정 파일 로드 성공: D:\Analyzer\CreateMetaDb\projects\sampleSrc\config\target_source_config.yaml
2025-09-14 15:16:46,712 - SourceAnalyzer - DEBUG - logger.py:65 - 파일 읽기 성공: D:\Analyzer\CreateMetaDb\projects\sampleSrc\config\target_source_config.yaml
2025-09-14 15:16:46,716 - SourceAnalyzer - DEBUG - logger.py:65 - YAML 설정 파일 로드 성공: D:\Analyzer\CreateMetaDb\projects\sampleSrc\config\target_source_config.yaml
2025-09-14 15:16:46,717 - SourceAnalyzer - DEBUG - logger.py:65 - 파일 읽기 성공: D:\Analyzer\CreateMetaDb\projects\sampleSrc\config\target_source_config.yaml
2025-09-14 15:16:46,721 - SourceAnalyzer - DEBUG - logger.py:65 - YAML 설정 파일 로드 성공: D:\Analyzer\CreateMetaDb\projects\sampleSrc\config\target_source_config.yaml
2025-09-14 15:16:46,721 - SourceAnalyzer - DEBUG - logger.py:65 - 파일 읽기 성공: D:\Analyzer\CreateMetaDb\projects\sampleSrc\config\target_source_config.yaml
2025-09-14 15:16:46,725 - SourceAnalyzer - DEBUG - logger.py:65 - YAML 설정 파일 로드 성공: D:\Analyzer\CreateMetaDb\projects\sampleSrc\config\target_source_config.yaml
2025-09-14 15:16:46,726 - SourceAnalyzer - DEBUG - logger.py:65 - 파일 읽기 성공: D:\Analyzer\CreateMetaDb\projects\sampleSrc\config\target_source_config.yaml
2025-09-14 15:16:46,730 - SourceAnalyzer - DEBUG - logger.py:65 - YAML 설정 파일 로드 성공: D:\Analyzer\CreateMetaDb\projects\sampleSrc\config\target_source_config.yaml
2025-09-14 15:16:46,730 - SourceAnalyzer - DEBUG - logger.py:65 - 파일 읽기 성공: D:\Analyzer\CreateMetaDb\projects\sampleSrc\config\target_source_config.yaml
2025-09-14 15:16:46,734 - SourceAnalyzer - DEBUG - logger.py:65 - YAML 설정 파일 로드 성공: D:\Analyzer\CreateMetaDb\projects\sampleSrc\config\target_source_config.yaml
2025-09-14 15:16:46,735 - SourceAnalyzer - DEBUG - logger.py:65 - 파일 읽기 성공: D:\Analyzer\CreateMetaDb\projects\sampleSrc\config\target_source_config.yaml
2025-09-14 15:16:46,739 - SourceAnalyzer - DEBUG - logger.py:65 - YAML 설정 파일 로드 성공: D:\Analyzer\CreateMetaDb\projects\sampleSrc\config\target_source_config.yaml
2025-09-14 15:16:46,739 - SourceAnalyzer - DEBUG - logger.py:65 - 파일 읽기 성공: D:\Analyzer\CreateMetaDb\projects\sampleSrc\config\target_source_config.yaml
2025-09-14 15:16:46,743 - SourceAnalyzer - DEBUG - logger.py:65 - YAML 설정 파일 로드 성공: D:\Analyzer\CreateMetaDb\projects\sampleSrc\config\target_source_config.yaml
2025-09-14 15:16:46,744 - SourceAnalyzer - DEBUG - logger.py:65 - 파일 읽기 성공: D:\Analyzer\CreateMetaDb\projects\sampleSrc\config\target_source_config.yaml
2025-09-14 15:16:46,748 - SourceAnalyzer - DEBUG - logger.py:65 - YAML 설정 파일 로드 성공: D:\Analyzer\CreateMetaDb\projects\sampleSrc\config\target_source_config.yaml
2025-09-14 15:16:46,748 - SourceAnalyzer - DEBUG - logger.py:65 - 파일 읽기 성공: D:\Analyzer\CreateMetaDb\projects\sampleSrc\config\target_source_config.yaml
2025-09-14 15:16:46,752 - SourceAnalyzer - DEBUG - logger.py:65 - YAML 설정 파일 로드 성공: D:\Analyzer\CreateMetaDb\projects\sampleSrc\config\target_source_config.yaml
2025-09-14 15:16:46,753 - SourceAnalyzer - DEBUG - logger.py:65 - 파일 읽기 성공: D:\Analyzer\CreateMetaDb\projects\sampleSrc\config\target_source_config.yaml
2025-09-14 15:16:46,757 - SourceAnalyzer - DEBUG - logger.py:65 - YAML 설정 파일 로드 성공: D:\Analyzer\CreateMetaDb\projects\sampleSrc\config\target_source_config.yaml
2025-09-14 15:16:46,757 - SourceAnalyzer - DEBUG - logger.py:65 - 파일 읽기 성공: D:\Analyzer\CreateMetaDb\projects\sampleSrc\config\target_source_config.yaml
2025-09-14 15:16:46,761 - SourceAnalyzer - DEBUG - logger.py:65 - YAML 설정 파일 로드 성공: D:\Analyzer\CreateMetaDb\projects\sampleSrc\config\target_source_config.yaml
2025-09-14 15:16:46,762 - SourceAnalyzer - DEBUG - logger.py:65 - 파일 읽기 성공: D:\Analyzer\CreateMetaDb\projects\sampleSrc\config\target_source_config.yaml
2025-09-14 15:16:46,766 - SourceAnalyzer - DEBUG - logger.py:65 - YAML 설정 파일 로드 성공: D:\Analyzer\CreateMetaDb\projects\sampleSrc\config\target_source_config.yaml
2025-09-14 15:16:46,766 - SourceAnalyzer - DEBUG - logger.py:65 - 파일 읽기 성공: D:\Analyzer\CreateMetaDb\projects\sampleSrc\config\target_source_config.yaml
2025-09-14 15:16:46,770 - SourceAnalyzer - DEBUG - logger.py:65 - YAML 설정 파일 로드 성공: D:\Analyzer\CreateMetaDb\projects\sampleSrc\config\target_source_config.yaml
2025-09-14 15:16:46,771 - SourceAnalyzer - DEBUG - logger.py:65 - 파일 읽기 성공: D:\Analyzer\CreateMetaDb\projects\sampleSrc\config\target_source_config.yaml
2025-09-14 15:16:46,775 - SourceAnalyzer - DEBUG - logger.py:65 - YAML 설정 파일 로드 성공: D:\Analyzer\CreateMetaDb\projects\sampleSrc\config\target_source_config.yaml
2025-09-14 15:16:46,775 - SourceAnalyzer - DEBUG - logger.py:65 - 파일 읽기 성공: D:\Analyzer\CreateMetaDb\projects\sampleSrc\config\target_source_config.yaml
2025-09-14 15:16:46,779 - SourceAnalyzer - DEBUG - logger.py:65 - YAML 설정 파일 로드 성공: D:\Analyzer\CreateMetaDb\projects\sampleSrc\config\target_source_config.yaml
2025-09-14 15:16:46,780 - SourceAnalyzer - DEBUG - logger.py:65 - 파일 읽기 성공: D:\Analyzer\CreateMetaDb\projects\sampleSrc\config\target_source_config.yaml
2025-09-14 15:16:46,784 - SourceAnalyzer - DEBUG - logger.py:65 - YAML 설정 파일 로드 성공: D:\Analyzer\CreateMetaDb\projects\sampleSrc\config\target_source_config.yaml
2025-09-14 15:16:46,785 - SourceAnalyzer - DEBUG - logger.py:65 - 파일 읽기 성공: D:\Analyzer\CreateMetaDb\projects\sampleSrc\config\target_source_config.yaml
2025-09-14 15:16:46,788 - SourceAnalyzer - DEBUG - logger.py:65 - YAML 설정 파일 로드 성공: D:\Analyzer\CreateMetaDb\projects\sampleSrc\config\target_source_config.yaml
2025-09-14 15:16:46,789 - SourceAnalyzer - DEBUG - logger.py:65 - 파일 읽기 성공: D:\Analyzer\CreateMetaDb\projects\sampleSrc\config\target_source_config.yaml
2025-09-14 15:16:46,793 - SourceAnalyzer - DEBUG - logger.py:65 - YAML 설정 파일 로드 성공: D:\Analyzer\CreateMetaDb\projects\sampleSrc\config\target_source_config.yaml
2025-09-14 15:16:46,794 - SourceAnalyzer - DEBUG - logger.py:65 - 파일 읽기 성공: D:\Analyzer\CreateMetaDb\projects\sampleSrc\config\target_source_config.yaml
2025-09-14 15:16:46,798 - SourceAnalyzer - DEBUG - logger.py:65 - YAML 설정 파일 로드 성공: D:\Analyzer\CreateMetaDb\projects\sampleSrc\config\target_source_config.yaml
2025-09-14 15:16:46,798 - SourceAnalyzer - DEBUG - logger.py:65 - 파일 읽기 성공: D:\Analyzer\CreateMetaDb\projects\sampleSrc\config\target_source_config.yaml
2025-09-14 15:16:46,802 - SourceAnalyzer - DEBUG - logger.py:65 - YAML 설정 파일 로드 성공: D:\Analyzer\CreateMetaDb\projects\sampleSrc\config\target_source_config.yaml
2025-09-14 15:16:46,803 - SourceAnalyzer - DEBUG - logger.py:65 - 파일 읽기 성공: D:\Analyzer\CreateMetaDb\projects\sampleSrc\config\target_source_config.yaml
2025-09-14 15:16:46,807 - SourceAnalyzer - DEBUG - logger.py:65 - YAML 설정 파일 로드 성공: D:\Analyzer\CreateMetaDb\projects\sampleSrc\config\target_source_config.yaml
2025-09-14 15:16:46,807 - SourceAnalyzer - DEBUG - logger.py:65 - 파일 읽기 성공: D:\Analyzer\CreateMetaDb\projects\sampleSrc\config\target_source_config.yaml
2025-09-14 15:16:46,811 - SourceAnalyzer - DEBUG - logger.py:65 - YAML 설정 파일 로드 성공: D:\Analyzer\CreateMetaDb\projects\sampleSrc\config\target_source_config.yaml
2025-09-14 15:16:46,812 - SourceAnalyzer - DEBUG - logger.py:65 - 파일 읽기 성공: D:\Analyzer\CreateMetaDb\projects\sampleSrc\config\target_source_config.yaml
2025-09-14 15:16:46,816 - SourceAnalyzer - DEBUG - logger.py:65 - YAML 설정 파일 로드 성공: D:\Analyzer\CreateMetaDb\projects\sampleSrc\config\target_source_config.yaml
2025-09-14 15:16:46,816 - SourceAnalyzer - DEBUG - logger.py:65 - 파일 읽기 성공: D:\Analyzer\CreateMetaDb\projects\sampleSrc\config\target_source_config.yaml
2025-09-14 15:16:46,820 - SourceAnalyzer - DEBUG - logger.py:65 - YAML 설정 파일 로드 성공: D:\Analyzer\CreateMetaDb\projects\sampleSrc\config\target_source_config.yaml
2025-09-14 15:16:46,821 - SourceAnalyzer - DEBUG - logger.py:65 - 파일 읽기 성공: D:\Analyzer\CreateMetaDb\projects\sampleSrc\config\target_source_config.yaml
2025-09-14 15:16:46,825 - SourceAnalyzer - DEBUG - logger.py:65 - YAML 설정 파일 로드 성공: D:\Analyzer\CreateMetaDb\projects\sampleSrc\config\target_source_config.yaml
2025-09-14 15:16:46,825 - SourceAnalyzer - DEBUG - logger.py:65 - 파일 읽기 성공: D:\Analyzer\CreateMetaDb\projects\sampleSrc\config\target_source_config.yaml
2025-09-14 15:16:46,829 - SourceAnalyzer - DEBUG - logger.py:65 - YAML 설정 파일 로드 성공: D:\Analyzer\CreateMetaDb\projects\sampleSrc\config\target_source_config.yaml
2025-09-14 15:16:46,830 - SourceAnalyzer - DEBUG - logger.py:65 - 파일 읽기 성공: D:\Analyzer\CreateMetaDb\projects\sampleSrc\config\target_source_config.yaml
2025-09-14 15:16:46,834 - SourceAnalyzer - DEBUG - logger.py:65 - YAML 설정 파일 로드 성공: D:\Analyzer\CreateMetaDb\projects\sampleSrc\config\target_source_config.yaml
2025-09-14 15:16:46,834 - SourceAnalyzer - DEBUG - logger.py:65 - 파일 읽기 성공: D:\Analyzer\CreateMetaDb\projects\sampleSrc\config\target_source_config.yaml
2025-09-14 15:16:46,838 - SourceAnalyzer - DEBUG - logger.py:65 - YAML 설정 파일 로드 성공: D:\Analyzer\CreateMetaDb\projects\sampleSrc\config\target_source_config.yaml
2025-09-14 15:16:46,839 - SourceAnalyzer - DEBUG - logger.py:65 - 파일 읽기 성공: D:\Analyzer\CreateMetaDb\projects\sampleSrc\config\target_source_config.yaml
2025-09-14 15:16:46,843 - SourceAnalyzer - DEBUG - logger.py:65 - YAML 설정 파일 로드 성공: D:\Analyzer\CreateMetaDb\projects\sampleSrc\config\target_source_config.yaml
2025-09-14 15:16:46,843 - SourceAnalyzer - DEBUG - logger.py:65 - 파일 읽기 성공: D:\Analyzer\CreateMetaDb\projects\sampleSrc\config\target_source_config.yaml
2025-09-14 15:16:46,847 - SourceAnalyzer - DEBUG - logger.py:65 - YAML 설정 파일 로드 성공: D:\Analyzer\CreateMetaDb\projects\sampleSrc\config\target_source_config.yaml
2025-09-14 15:16:46,848 - SourceAnalyzer - DEBUG - logger.py:65 - 파일 읽기 성공: D:\Analyzer\CreateMetaDb\projects\sampleSrc\config\target_source_config.yaml
2025-09-14 15:16:46,852 - SourceAnalyzer - DEBUG - logger.py:65 - YAML 설정 파일 로드 성공: D:\Analyzer\CreateMetaDb\projects\sampleSrc\config\target_source_config.yaml
2025-09-14 15:16:46,853 - SourceAnalyzer - DEBUG - logger.py:65 - 파일 읽기 성공: D:\Analyzer\CreateMetaDb\projects\sampleSrc\config\target_source_config.yaml
2025-09-14 15:16:46,857 - SourceAnalyzer - DEBUG - logger.py:65 - YAML 설정 파일 로드 성공: D:\Analyzer\CreateMetaDb\projects\sampleSrc\config\target_source_config.yaml
2025-09-14 15:16:46,857 - SourceAnalyzer - DEBUG - logger.py:65 - 파일 읽기 성공: D:\Analyzer\CreateMetaDb\projects\sampleSrc\config\target_source_config.yaml
2025-09-14 15:16:46,861 - SourceAnalyzer - DEBUG - logger.py:65 - YAML 설정 파일 로드 성공: D:\Analyzer\CreateMetaDb\projects\sampleSrc\config\target_source_config.yaml
2025-09-14 15:16:46,862 - SourceAnalyzer - DEBUG - logger.py:65 - 파일 읽기 성공: D:\Analyzer\CreateMetaDb\projects\sampleSrc\config\target_source_config.yaml
2025-09-14 15:16:46,866 - SourceAnalyzer - DEBUG - logger.py:65 - YAML 설정 파일 로드 성공: D:\Analyzer\CreateMetaDb\projects\sampleSrc\config\target_source_config.yaml
2025-09-14 15:16:46,867 - SourceAnalyzer - DEBUG - logger.py:65 - 파일 읽기 성공: D:\Analyzer\CreateMetaDb\projects\sampleSrc\config\target_source_config.yaml
2025-09-14 15:16:46,870 - SourceAnalyzer - DEBUG - logger.py:65 - YAML 설정 파일 로드 성공: D:\Analyzer\CreateMetaDb\projects\sampleSrc\config\target_source_config.yaml
2025-09-14 15:16:46,871 - SourceAnalyzer - DEBUG - logger.py:65 - 파일 읽기 성공: D:\Analyzer\CreateMetaDb\projects\sampleSrc\config\target_source_config.yaml
2025-09-14 15:16:46,875 - SourceAnalyzer - DEBUG - logger.py:65 - YAML 설정 파일 로드 성공: D:\Analyzer\CreateMetaDb\projects\sampleSrc\config\target_source_config.yaml
2025-09-14 15:16:46,876 - SourceAnalyzer - DEBUG - logger.py:65 - 파일 읽기 성공: D:\Analyzer\CreateMetaDb\projects\sampleSrc\config\target_source_config.yaml
2025-09-14 15:16:46,879 - SourceAnalyzer - DEBUG - logger.py:65 - YAML 설정 파일 로드 성공: D:\Analyzer\CreateMetaDb\projects\sampleSrc\config\target_source_config.yaml
2025-09-14 15:16:46,880 - SourceAnalyzer - DEBUG - logger.py:65 - 파일 읽기 성공: D:\Analyzer\CreateMetaDb\projects\sampleSrc\config\target_source_config.yaml
2025-09-14 15:16:46,884 - SourceAnalyzer - DEBUG - logger.py:65 - YAML 설정 파일 로드 성공: D:\Analyzer\CreateMetaDb\projects\sampleSrc\config\target_source_config.yaml
2025-09-14 15:16:46,885 - SourceAnalyzer - DEBUG - logger.py:65 - 파일 읽기 성공: D:\Analyzer\CreateMetaDb\projects\sampleSrc\config\target_source_config.yaml
2025-09-14 15:16:46,889 - SourceAnalyzer - DEBUG - logger.py:65 - YAML 설정 파일 로드 성공: D:\Analyzer\CreateMetaDb\projects\sampleSrc\config\target_source_config.yaml
2025-09-14 15:16:46,889 - SourceAnalyzer - DEBUG - logger.py:65 - 파일 읽기 성공: D:\Analyzer\CreateMetaDb\projects\sampleSrc\config\target_source_config.yaml
2025-09-14 15:16:46,893 - SourceAnalyzer - DEBUG - logger.py:65 - YAML 설정 파일 로드 성공: D:\Analyzer\CreateMetaDb\projects\sampleSrc\config\target_source_config.yaml
2025-09-14 15:16:46,894 - SourceAnalyzer - INFO - logger.py:73 - 파일 스캔 완료: 총 46개 파일
2025-09-14 15:16:46,894 - SourceAnalyzer - DEBUG - logger.py:65 - 쿼리 실행 성공: SELECT project_id FROM projects WHERE project_name...
2025-09-14 15:16:46,894 - SourceAnalyzer - DEBUG - logger.py:65 - 쿼리 실행 성공: 
                SELECT COUNT(*) as count FROM fil...
2025-09-14 15:16:46,894 - SourceAnalyzer - DEBUG - logger.py:65 - 업데이트 쿼리 실행 성공: 
            UPDATE files
            SET file_typ..., 영향받은 행: 1
2025-09-14 15:16:46,894 - SourceAnalyzer - DEBUG - logger.py:65 - 쿼리 실행 성공: 
                SELECT COUNT(*) as count FROM fil...
2025-09-14 15:16:46,894 - SourceAnalyzer - DEBUG - logger.py:65 - 업데이트 쿼리 실행 성공: 
            UPDATE files
            SET file_typ..., 영향받은 행: 1
2025-09-14 15:16:46,894 - SourceAnalyzer - DEBUG - logger.py:65 - 쿼리 실행 성공: 
                SELECT COUNT(*) as count FROM fil...
2025-09-14 15:16:46,895 - SourceAnalyzer - DEBUG - logger.py:65 - 업데이트 쿼리 실행 성공: 
            UPDATE files
            SET file_typ..., 영향받은 행: 1
2025-09-14 15:16:46,895 - SourceAnalyzer - DEBUG - logger.py:65 - 쿼리 실행 성공: 
                SELECT COUNT(*) as count FROM fil...
2025-09-14 15:16:46,895 - SourceAnalyzer - DEBUG - logger.py:65 - 업데이트 쿼리 실행 성공: 
            UPDATE files
            SET file_typ..., 영향받은 행: 1
2025-09-14 15:16:46,895 - SourceAnalyzer - DEBUG - logger.py:65 - 쿼리 실행 성공: 
                SELECT COUNT(*) as count FROM fil...
2025-09-14 15:16:46,895 - SourceAnalyzer - DEBUG - logger.py:65 - 업데이트 쿼리 실행 성공: 
            UPDATE files
            SET file_typ..., 영향받은 행: 1
2025-09-14 15:16:46,895 - SourceAnalyzer - DEBUG - logger.py:65 - 쿼리 실행 성공: 
                SELECT COUNT(*) as count FROM fil...
2025-09-14 15:16:46,895 - SourceAnalyzer - DEBUG - logger.py:65 - 업데이트 쿼리 실행 성공: 
            UPDATE files
            SET file_typ..., 영향받은 행: 1
2025-09-14 15:16:46,895 - SourceAnalyzer - DEBUG - logger.py:65 - 쿼리 실행 성공: 
                SELECT COUNT(*) as count FROM fil...
2025-09-14 15:16:46,895 - SourceAnalyzer - DEBUG - logger.py:65 - 업데이트 쿼리 실행 성공: 
            UPDATE files
            SET file_typ..., 영향받은 행: 1
2025-09-14 15:16:46,895 - SourceAnalyzer - DEBUG - logger.py:65 - 쿼리 실행 성공: 
                SELECT COUNT(*) as count FROM fil...
2025-09-14 15:16:46,895 - SourceAnalyzer - DEBUG - logger.py:65 - 업데이트 쿼리 실행 성공: 
            UPDATE files
            SET file_typ..., 영향받은 행: 1
2025-09-14 15:16:46,895 - SourceAnalyzer - DEBUG - logger.py:65 - 쿼리 실행 성공: 
                SELECT COUNT(*) as count FROM fil...
2025-09-14 15:16:46,895 - SourceAnalyzer - DEBUG - logger.py:65 - 업데이트 쿼리 실행 성공: 
            UPDATE files
            SET file_typ..., 영향받은 행: 1
2025-09-14 15:16:46,895 - SourceAnalyzer - DEBUG - logger.py:65 - 쿼리 실행 성공: 
                SELECT COUNT(*) as count FROM fil...
2025-09-14 15:16:46,895 - SourceAnalyzer - DEBUG - logger.py:65 - 업데이트 쿼리 실행 성공: 
            UPDATE files
            SET file_typ..., 영향받은 행: 1
2025-09-14 15:16:46,895 - SourceAnalyzer - DEBUG - logger.py:65 - 쿼리 실행 성공: 
                SELECT COUNT(*) as count FROM fil...
2025-09-14 15:16:46,895 - SourceAnalyzer - DEBUG - logger.py:65 - 업데이트 쿼리 실행 성공: 
            UPDATE files
            SET file_typ..., 영향받은 행: 1
2025-09-14 15:16:46,896 - SourceAnalyzer - DEBUG - logger.py:65 - 쿼리 실행 성공: 
                SELECT COUNT(*) as count FROM fil...
2025-09-14 15:16:46,896 - SourceAnalyzer - DEBUG - logger.py:65 - 업데이트 쿼리 실행 성공: 
            UPDATE files
            SET file_typ..., 영향받은 행: 1
2025-09-14 15:16:46,896 - SourceAnalyzer - DEBUG - logger.py:65 - 쿼리 실행 성공: 
                SELECT COUNT(*) as count FROM fil...
2025-09-14 15:16:46,896 - SourceAnalyzer - DEBUG - logger.py:65 - 업데이트 쿼리 실행 성공: 
            UPDATE files
            SET file_typ..., 영향받은 행: 1
2025-09-14 15:16:46,896 - SourceAnalyzer - DEBUG - logger.py:65 - 쿼리 실행 성공: 
                SELECT COUNT(*) as count FROM fil...
2025-09-14 15:16:46,896 - SourceAnalyzer - DEBUG - logger.py:65 - 업데이트 쿼리 실행 성공: 
            UPDATE files
            SET file_typ..., 영향받은 행: 1
2025-09-14 15:16:46,896 - SourceAnalyzer - DEBUG - logger.py:65 - 쿼리 실행 성공: 
                SELECT COUNT(*) as count FROM fil...
2025-09-14 15:16:46,896 - SourceAnalyzer - DEBUG - logger.py:65 - 업데이트 쿼리 실행 성공: 
            UPDATE files
            SET file_typ..., 영향받은 행: 1
2025-09-14 15:16:46,896 - SourceAnalyzer - DEBUG - logger.py:65 - 쿼리 실행 성공: 
                SELECT COUNT(*) as count FROM fil...
2025-09-14 15:16:46,896 - SourceAnalyzer - DEBUG - logger.py:65 - 업데이트 쿼리 실행 성공: 
            UPDATE files
            SET file_typ..., 영향받은 행: 1
2025-09-14 15:16:46,896 - SourceAnalyzer - DEBUG - logger.py:65 - 쿼리 실행 성공: 
                SELECT COUNT(*) as count FROM fil...
2025-09-14 15:16:46,896 - SourceAnalyzer - DEBUG - logger.py:65 - 업데이트 쿼리 실행 성공: 
            UPDATE files
            SET file_typ..., 영향받은 행: 1
2025-09-14 15:16:46,896 - SourceAnalyzer - DEBUG - logger.py:65 - 쿼리 실행 성공: 
                SELECT COUNT(*) as count FROM fil...
2025-09-14 15:16:46,896 - SourceAnalyzer - DEBUG - logger.py:65 - 업데이트 쿼리 실행 성공: 
            UPDATE files
            SET file_typ..., 영향받은 행: 1
2025-09-14 15:16:46,896 - SourceAnalyzer - DEBUG - logger.py:65 - 쿼리 실행 성공: 
                SELECT COUNT(*) as count FROM fil...
2025-09-14 15:16:46,896 - SourceAnalyzer - DEBUG - logger.py:65 - 업데이트 쿼리 실행 성공: 
            UPDATE files
            SET file_typ..., 영향받은 행: 1
2025-09-14 15:16:46,897 - SourceAnalyzer - DEBUG - logger.py:65 - 쿼리 실행 성공: 
                SELECT COUNT(*) as count FROM fil...
2025-09-14 15:16:46,897 - SourceAnalyzer - DEBUG - logger.py:65 - 업데이트 쿼리 실행 성공: 
            UPDATE files
            SET file_typ..., 영향받은 행: 1
2025-09-14 15:16:46,897 - SourceAnalyzer - DEBUG - logger.py:65 - 쿼리 실행 성공: 
                SELECT COUNT(*) as count FROM fil...
2025-09-14 15:16:46,897 - SourceAnalyzer - DEBUG - logger.py:65 - 업데이트 쿼리 실행 성공: 
            UPDATE files
            SET file_typ..., 영향받은 행: 1
2025-09-14 15:16:46,897 - SourceAnalyzer - DEBUG - logger.py:65 - 쿼리 실행 성공: 
                SELECT COUNT(*) as count FROM fil...
2025-09-14 15:16:46,897 - SourceAnalyzer - DEBUG - logger.py:65 - 업데이트 쿼리 실행 성공: 
            UPDATE files
            SET file_typ..., 영향받은 행: 1
2025-09-14 15:16:46,897 - SourceAnalyzer - DEBUG - logger.py:65 - 쿼리 실행 성공: 
                SELECT COUNT(*) as count FROM fil...
2025-09-14 15:16:46,897 - SourceAnalyzer - DEBUG - logger.py:65 - 업데이트 쿼리 실행 성공: 
            UPDATE files
            SET file_typ..., 영향받은 행: 1
2025-09-14 15:16:46,897 - SourceAnalyzer - DEBUG - logger.py:65 - 쿼리 실행 성공: 
                SELECT COUNT(*) as count FROM fil...
2025-09-14 15:16:46,897 - SourceAnalyzer - DEBUG - logger.py:65 - 업데이트 쿼리 실행 성공: 
            UPDATE files
            SET file_typ..., 영향받은 행: 1
2025-09-14 15:16:46,897 - SourceAnalyzer - DEBUG - logger.py:65 - 쿼리 실행 성공: 
                SELECT COUNT(*) as count FROM fil...
2025-09-14 15:16:46,897 - SourceAnalyzer - DEBUG - logger.py:65 - 업데이트 쿼리 실행 성공: 
            UPDATE files
            SET file_typ..., 영향받은 행: 1
2025-09-14 15:16:46,897 - SourceAnalyzer - DEBUG - logger.py:65 - 쿼리 실행 성공: 
                SELECT COUNT(*) as count FROM fil...
2025-09-14 15:16:46,897 - SourceAnalyzer - DEBUG - logger.py:65 - 업데이트 쿼리 실행 성공: 
            UPDATE files
            SET file_typ..., 영향받은 행: 1
2025-09-14 15:16:46,897 - SourceAnalyzer - DEBUG - logger.py:65 - 쿼리 실행 성공: 
                SELECT COUNT(*) as count FROM fil...
2025-09-14 15:16:46,897 - SourceAnalyzer - DEBUG - logger.py:65 - 업데이트 쿼리 실행 성공: 
            UPDATE files
            SET file_typ..., 영향받은 행: 1
2025-09-14 15:16:46,897 - SourceAnalyzer - DEBUG - logger.py:65 - 쿼리 실행 성공: 
                SELECT COUNT(*) as count FROM fil...
2025-09-14 15:16:46,897 - SourceAnalyzer - DEBUG - logger.py:65 - 업데이트 쿼리 실행 성공: 
            UPDATE files
            SET file_typ..., 영향받은 행: 1
2025-09-14 15:16:46,898 - SourceAnalyzer - DEBUG - logger.py:65 - 쿼리 실행 성공: 
                SELECT COUNT(*) as count FROM fil...
2025-09-14 15:16:46,898 - SourceAnalyzer - DEBUG - logger.py:65 - 업데이트 쿼리 실행 성공: 
            UPDATE files
            SET file_typ..., 영향받은 행: 1
2025-09-14 15:16:46,898 - SourceAnalyzer - DEBUG - logger.py:65 - 쿼리 실행 성공: 
                SELECT COUNT(*) as count FROM fil...
2025-09-14 15:16:46,898 - SourceAnalyzer - DEBUG - logger.py:65 - 업데이트 쿼리 실행 성공: 
            UPDATE files
            SET file_typ..., 영향받은 행: 1
2025-09-14 15:16:46,898 - SourceAnalyzer - DEBUG - logger.py:65 - 쿼리 실행 성공: 
                SELECT COUNT(*) as count FROM fil...
2025-09-14 15:16:46,898 - SourceAnalyzer - DEBUG - logger.py:65 - 업데이트 쿼리 실행 성공: 
            UPDATE files
            SET file_typ..., 영향받은 행: 1
2025-09-14 15:16:46,898 - SourceAnalyzer - DEBUG - logger.py:65 - 쿼리 실행 성공: 
                SELECT COUNT(*) as count FROM fil...
2025-09-14 15:16:46,898 - SourceAnalyzer - DEBUG - logger.py:65 - 업데이트 쿼리 실행 성공: 
            UPDATE files
            SET file_typ..., 영향받은 행: 1
2025-09-14 15:16:46,898 - SourceAnalyzer - DEBUG - logger.py:65 - 쿼리 실행 성공: 
                SELECT COUNT(*) as count FROM fil...
2025-09-14 15:16:46,898 - SourceAnalyzer - DEBUG - logger.py:65 - 업데이트 쿼리 실행 성공: 
            UPDATE files
            SET file_typ..., 영향받은 행: 1
2025-09-14 15:16:46,898 - SourceAnalyzer - DEBUG - logger.py:65 - 쿼리 실행 성공: 
                SELECT COUNT(*) as count FROM fil...
2025-09-14 15:16:46,898 - SourceAnalyzer - DEBUG - logger.py:65 - 업데이트 쿼리 실행 성공: 
            UPDATE files
            SET file_typ..., 영향받은 행: 1
2025-09-14 15:16:46,898 - SourceAnalyzer - DEBUG - logger.py:65 - 쿼리 실행 성공: 
                SELECT COUNT(*) as count FROM fil...
2025-09-14 15:16:46,898 - SourceAnalyzer - DEBUG - logger.py:65 - 업데이트 쿼리 실행 성공: 
            UPDATE files
            SET file_typ..., 영향받은 행: 1
2025-09-14 15:16:46,898 - SourceAnalyzer - DEBUG - logger.py:65 - 쿼리 실행 성공: 
                SELECT COUNT(*) as count FROM fil...
2025-09-14 15:16:46,898 - SourceAnalyzer - DEBUG - logger.py:65 - 업데이트 쿼리 실행 성공: 
            UPDATE files
            SET file_typ..., 영향받은 행: 1
2025-09-14 15:16:46,898 - SourceAnalyzer - DEBUG - logger.py:65 - 쿼리 실행 성공: 
                SELECT COUNT(*) as count FROM fil...
2025-09-14 15:16:46,898 - SourceAnalyzer - DEBUG - logger.py:65 - 업데이트 쿼리 실행 성공: 
            UPDATE files
            SET file_typ..., 영향받은 행: 1
2025-09-14 15:16:46,899 - SourceAnalyzer - DEBUG - logger.py:65 - 쿼리 실행 성공: 
                SELECT COUNT(*) as count FROM fil...
2025-09-14 15:16:46,899 - SourceAnalyzer - DEBUG - logger.py:65 - 업데이트 쿼리 실행 성공: 
            UPDATE files
            SET file_typ..., 영향받은 행: 1
2025-09-14 15:16:46,899 - SourceAnalyzer - DEBUG - logger.py:65 - 쿼리 실행 성공: 
                SELECT COUNT(*) as count FROM fil...
2025-09-14 15:16:46,899 - SourceAnalyzer - DEBUG - logger.py:65 - 업데이트 쿼리 실행 성공: 
            UPDATE files
            SET file_typ..., 영향받은 행: 1
2025-09-14 15:16:46,899 - SourceAnalyzer - DEBUG - logger.py:65 - 쿼리 실행 성공: 
                SELECT COUNT(*) as count FROM fil...
2025-09-14 15:16:46,899 - SourceAnalyzer - DEBUG - logger.py:65 - 업데이트 쿼리 실행 성공: 
            UPDATE files
            SET file_typ..., 영향받은 행: 1
2025-09-14 15:16:46,899 - SourceAnalyzer - DEBUG - logger.py:65 - 쿼리 실행 성공: 
                SELECT COUNT(*) as count FROM fil...
2025-09-14 15:16:46,899 - SourceAnalyzer - DEBUG - logger.py:65 - 업데이트 쿼리 실행 성공: 
            UPDATE files
            SET file_typ..., 영향받은 행: 1
2025-09-14 15:16:46,899 - SourceAnalyzer - DEBUG - logger.py:65 - 쿼리 실행 성공: 
                SELECT COUNT(*) as count FROM fil...
2025-09-14 15:16:46,899 - SourceAnalyzer - DEBUG - logger.py:65 - 업데이트 쿼리 실행 성공: 
            UPDATE files
            SET file_typ..., 영향받은 행: 1
2025-09-14 15:16:46,899 - SourceAnalyzer - DEBUG - logger.py:65 - 쿼리 실행 성공: 
                SELECT COUNT(*) as count FROM fil...
2025-09-14 15:16:46,899 - SourceAnalyzer - DEBUG - logger.py:65 - 업데이트 쿼리 실행 성공: 
            UPDATE files
            SET file_typ..., 영향받은 행: 1
2025-09-14 15:16:46,899 - SourceAnalyzer - DEBUG - logger.py:65 - 쿼리 실행 성공: 
                SELECT COUNT(*) as count FROM fil...
2025-09-14 15:16:46,899 - SourceAnalyzer - DEBUG - logger.py:65 - 업데이트 쿼리 실행 성공: 
            UPDATE files
            SET file_typ..., 영향받은 행: 1
2025-09-14 15:16:46,899 - SourceAnalyzer - DEBUG - logger.py:65 - 쿼리 실행 성공: 
                SELECT COUNT(*) as count FROM fil...
2025-09-14 15:16:46,899 - SourceAnalyzer - DEBUG - logger.py:65 - 업데이트 쿼리 실행 성공: 
            UPDATE files
            SET file_typ..., 영향받은 행: 1
2025-09-14 15:16:46,899 - SourceAnalyzer - DEBUG - logger.py:65 - 쿼리 실행 성공: 
                SELECT COUNT(*) as count FROM fil...
2025-09-14 15:16:46,899 - SourceAnalyzer - DEBUG - logger.py:65 - 업데이트 쿼리 실행 성공: 
            UPDATE files
            SET file_typ..., 영향받은 행: 1
2025-09-14 15:16:46,900 - SourceAnalyzer - INFO - logger.py:73 - 파일 정보 저장 완료: 46개 파일
2025-09-14 15:16:46,900 - SourceAnalyzer - DEBUG - logger.py:65 - 업데이트 쿼리 실행 성공: UPDATE projects SET total_files = ? WHERE project_..., 영향받은 행: 1
2025-09-14 15:16:46,900 - SourceAnalyzer - DEBUG - logger.py:65 - 프로젝트 총 파일 수 업데이트: 46
2025-09-14 15:16:46,900 - SourceAnalyzer - INFO - logger.py:73 - === 파일 스캔 통계 ===
2025-09-14 15:16:46,900 - SourceAnalyzer - INFO - logger.py:73 - 총 파일 수: 46
2025-09-14 15:16:46,900 - SourceAnalyzer - INFO - logger.py:73 - 성공 스캔: 46
2025-09-14 15:16:46,900 - SourceAnalyzer - INFO - logger.py:73 - 오류 파일: 0
2025-09-14 15:16:46,900 - SourceAnalyzer - INFO - logger.py:73 - Java 파일: 30
2025-09-14 15:16:46,900 - SourceAnalyzer - INFO - logger.py:73 - XML 파일: 6
2025-09-14 15:16:46,900 - SourceAnalyzer - INFO - logger.py:73 - JSP 파일: 8
2025-09-14 15:16:46,901 - SourceAnalyzer - INFO - logger.py:73 - SQL 파일: 0
2025-09-14 15:16:46,901 - SourceAnalyzer - INFO - logger.py:73 - CSV 파일: 2
2025-09-14 15:16:46,901 - SourceAnalyzer - INFO - logger.py:73 - 기타 파일: 0
2025-09-14 15:16:46,901 - SourceAnalyzer - INFO - logger.py:73 - === 파일 스캔 완료 ===
2025-09-14 15:16:46,903 - SourceAnalyzer - DEBUG - logger.py:65 - 데이터베이스 연결 해제: D:\Analyzer\CreateMetaDb\projects\sampleSrc\metadata.db
2025-09-14 15:16:46,903 - SourceAnalyzer - INFO - logger.py:73 - 1단계 완료: 파일 정보 저장
2025-09-14 15:16:46,906 - SourceAnalyzer - DEBUG - logger.py:65 - 데이터베이스 연결 성공: D:\Analyzer\CreateMetaDb\projects\sampleSrc\metadata.db
2025-09-14 15:16:46,906 - SourceAnalyzer - INFO - logger.py:73 - 전역 프로젝트 정보 설정: sampleSrc (ID: 1)
2025-09-14 15:16:46,906 - SourceAnalyzer - INFO - logger.py:73 - 2단계 실행: 데이터베이스 구조 저장 및 컴포넌트 생성
2025-09-14 15:16:46,906 - SourceAnalyzer - INFO - logger.py:73 - === 데이터베이스 로딩 시작: 데이터베이스 구조 저장 ===
2025-09-14 15:16:46,907 - SourceAnalyzer - DEBUG - logger.py:65 - 데이터베이스 연결 성공: D:\Analyzer\CreateMetaDb\projects\sampleSrc\metadata.db
2025-09-14 15:16:46,907 - SourceAnalyzer - INFO - logger.py:73 - 인코딩 문제 감지, 다른 인코딩으로 재시도: ALL_TABLES.csv
2025-09-14 15:16:46,908 - SourceAnalyzer - DEBUG - logger.py:65 - 파일 읽기 성공 (cp949): D:\Analyzer\CreateMetaDb\projects\sampleSrc\db_schema\ALL_TABLES.csv
2025-09-14 15:16:46,908 - SourceAnalyzer - INFO - logger.py:73 - CSV 파일 로드 완료: D:\Analyzer\CreateMetaDb\projects\sampleSrc\db_schema\ALL_TABLES.csv, 16개 행
2025-09-14 15:16:46,908 - SourceAnalyzer - DEBUG - logger.py:65 - 쿼리 실행 성공: 
                SELECT f.file_id 
               ...
2025-09-14 15:16:46,909 - SourceAnalyzer - DEBUG - logger.py:65 - 배치 쿼리 실행 성공: 
            INSERT OR IGNORE INTO tables (project..., 처리된 행: 16
2025-09-14 15:16:46,909 - SourceAnalyzer - INFO - logger.py:73 - 테이블 정보 저장 완료: 16개 테이블 (오류: 0개)
2025-09-14 15:16:46,910 - SourceAnalyzer - INFO - logger.py:73 - 인코딩 문제 감지, 다른 인코딩으로 재시도: ALL_TAB_COLUMNS.csv
2025-09-14 15:16:46,910 - SourceAnalyzer - DEBUG - logger.py:65 - 파일 읽기 성공 (cp949): D:\Analyzer\CreateMetaDb\projects\sampleSrc\db_schema\ALL_TAB_COLUMNS.csv
2025-09-14 15:16:46,910 - SourceAnalyzer - INFO - logger.py:73 - CSV 파일 로드 완료: D:\Analyzer\CreateMetaDb\projects\sampleSrc\db_schema\ALL_TAB_COLUMNS.csv, 91개 행
2025-09-14 15:16:46,910 - SourceAnalyzer - DEBUG - logger.py:65 - 쿼리 실행 성공: 
                SELECT t.table_id 
              ...
2025-09-14 15:16:46,910 - SourceAnalyzer - DEBUG - logger.py:65 - 쿼리 실행 성공: 
                SELECT t.table_id 
              ...
2025-09-14 15:16:46,911 - SourceAnalyzer - DEBUG - logger.py:65 - 쿼리 실행 성공: 
                SELECT t.table_id 
              ...
2025-09-14 15:16:46,911 - SourceAnalyzer - DEBUG - logger.py:65 - 쿼리 실행 성공: 
                SELECT t.table_id 
              ...
2025-09-14 15:16:46,911 - SourceAnalyzer - DEBUG - logger.py:65 - 쿼리 실행 성공: 
                SELECT t.table_id 
              ...
2025-09-14 15:16:46,911 - SourceAnalyzer - DEBUG - logger.py:65 - 쿼리 실행 성공: 
                SELECT t.table_id 
              ...
2025-09-14 15:16:46,911 - SourceAnalyzer - DEBUG - logger.py:65 - 쿼리 실행 성공: 
                SELECT t.table_id 
              ...
2025-09-14 15:16:46,911 - SourceAnalyzer - DEBUG - logger.py:65 - 쿼리 실행 성공: 
                SELECT t.table_id 
              ...
2025-09-14 15:16:46,911 - SourceAnalyzer - DEBUG - logger.py:65 - 쿼리 실행 성공: 
                SELECT t.table_id 
              ...
2025-09-14 15:16:46,911 - SourceAnalyzer - DEBUG - logger.py:65 - 쿼리 실행 성공: 
                SELECT t.table_id 
              ...
2025-09-14 15:16:46,911 - SourceAnalyzer - DEBUG - logger.py:65 - 쿼리 실행 성공: 
                SELECT t.table_id 
              ...
2025-09-14 15:16:46,911 - SourceAnalyzer - DEBUG - logger.py:65 - 쿼리 실행 성공: 
                SELECT t.table_id 
              ...
2025-09-14 15:16:46,911 - SourceAnalyzer - DEBUG - logger.py:65 - 쿼리 실행 성공: 
                SELECT t.table_id 
              ...
2025-09-14 15:16:46,911 - SourceAnalyzer - DEBUG - logger.py:65 - 쿼리 실행 성공: 
                SELECT t.table_id 
              ...
2025-09-14 15:16:46,911 - SourceAnalyzer - DEBUG - logger.py:65 - 쿼리 실행 성공: 
                SELECT t.table_id 
              ...
2025-09-14 15:16:46,911 - SourceAnalyzer - DEBUG - logger.py:65 - 쿼리 실행 성공: 
                SELECT t.table_id 
              ...
2025-09-14 15:16:46,911 - SourceAnalyzer - DEBUG - logger.py:65 - 쿼리 실행 성공: 
                SELECT t.table_id 
              ...
2025-09-14 15:16:46,911 - SourceAnalyzer - DEBUG - logger.py:65 - 쿼리 실행 성공: 
                SELECT t.table_id 
              ...
2025-09-14 15:16:46,911 - SourceAnalyzer - DEBUG - logger.py:65 - 쿼리 실행 성공: 
                SELECT t.table_id 
              ...
2025-09-14 15:16:46,912 - SourceAnalyzer - DEBUG - logger.py:65 - 쿼리 실행 성공: 
                SELECT t.table_id 
              ...
2025-09-14 15:16:46,912 - SourceAnalyzer - DEBUG - logger.py:65 - 쿼리 실행 성공: 
                SELECT t.table_id 
              ...
2025-09-14 15:16:46,912 - SourceAnalyzer - DEBUG - logger.py:65 - 쿼리 실행 성공: 
                SELECT t.table_id 
              ...
2025-09-14 15:16:46,912 - SourceAnalyzer - DEBUG - logger.py:65 - 쿼리 실행 성공: 
                SELECT t.table_id 
              ...
2025-09-14 15:16:46,912 - SourceAnalyzer - DEBUG - logger.py:65 - 쿼리 실행 성공: 
                SELECT t.table_id 
              ...
2025-09-14 15:16:46,912 - SourceAnalyzer - DEBUG - logger.py:65 - 쿼리 실행 성공: 
                SELECT t.table_id 
              ...
2025-09-14 15:16:46,912 - SourceAnalyzer - DEBUG - logger.py:65 - 쿼리 실행 성공: 
                SELECT t.table_id 
              ...
2025-09-14 15:16:46,912 - SourceAnalyzer - DEBUG - logger.py:65 - 쿼리 실행 성공: 
                SELECT t.table_id 
              ...
2025-09-14 15:16:46,912 - SourceAnalyzer - DEBUG - logger.py:65 - 쿼리 실행 성공: 
                SELECT t.table_id 
              ...
2025-09-14 15:16:46,912 - SourceAnalyzer - DEBUG - logger.py:65 - 쿼리 실행 성공: 
                SELECT t.table_id 
              ...
2025-09-14 15:16:46,912 - SourceAnalyzer - DEBUG - logger.py:65 - 쿼리 실행 성공: 
                SELECT t.table_id 
              ...
2025-09-14 15:16:46,913 - SourceAnalyzer - DEBUG - logger.py:65 - 쿼리 실행 성공: 
                SELECT t.table_id 
              ...
2025-09-14 15:16:46,913 - SourceAnalyzer - DEBUG - logger.py:65 - 쿼리 실행 성공: 
                SELECT t.table_id 
              ...
2025-09-14 15:16:46,913 - SourceAnalyzer - DEBUG - logger.py:65 - 쿼리 실행 성공: 
                SELECT t.table_id 
              ...
2025-09-14 15:16:46,913 - SourceAnalyzer - DEBUG - logger.py:65 - 쿼리 실행 성공: 
                SELECT t.table_id 
              ...
2025-09-14 15:16:46,913 - SourceAnalyzer - DEBUG - logger.py:65 - 쿼리 실행 성공: 
                SELECT t.table_id 
              ...
2025-09-14 15:16:46,913 - SourceAnalyzer - DEBUG - logger.py:65 - 쿼리 실행 성공: 
                SELECT t.table_id 
              ...
2025-09-14 15:16:46,913 - SourceAnalyzer - DEBUG - logger.py:65 - 쿼리 실행 성공: 
                SELECT t.table_id 
              ...
2025-09-14 15:16:46,913 - SourceAnalyzer - DEBUG - logger.py:65 - 쿼리 실행 성공: 
                SELECT t.table_id 
              ...
2025-09-14 15:16:46,913 - SourceAnalyzer - DEBUG - logger.py:65 - 쿼리 실행 성공: 
                SELECT t.table_id 
              ...
2025-09-14 15:16:46,913 - SourceAnalyzer - DEBUG - logger.py:65 - 쿼리 실행 성공: 
                SELECT t.table_id 
              ...
2025-09-14 15:16:46,913 - SourceAnalyzer - DEBUG - logger.py:65 - 쿼리 실행 성공: 
                SELECT t.table_id 
              ...
2025-09-14 15:16:46,913 - SourceAnalyzer - DEBUG - logger.py:65 - 쿼리 실행 성공: 
                SELECT t.table_id 
              ...
2025-09-14 15:16:46,913 - SourceAnalyzer - DEBUG - logger.py:65 - 쿼리 실행 성공: 
                SELECT t.table_id 
              ...
2025-09-14 15:16:46,913 - SourceAnalyzer - DEBUG - logger.py:65 - 쿼리 실행 성공: 
                SELECT t.table_id 
              ...
2025-09-14 15:16:46,913 - SourceAnalyzer - DEBUG - logger.py:65 - 쿼리 실행 성공: 
                SELECT t.table_id 
              ...
2025-09-14 15:16:46,913 - SourceAnalyzer - DEBUG - logger.py:65 - 쿼리 실행 성공: 
                SELECT t.table_id 
              ...
2025-09-14 15:16:46,913 - SourceAnalyzer - DEBUG - logger.py:65 - 쿼리 실행 성공: 
                SELECT t.table_id 
              ...
2025-09-14 15:16:46,914 - SourceAnalyzer - DEBUG - logger.py:65 - 쿼리 실행 성공: 
                SELECT t.table_id 
              ...
2025-09-14 15:16:46,914 - SourceAnalyzer - DEBUG - logger.py:65 - 쿼리 실행 성공: 
                SELECT t.table_id 
              ...
2025-09-14 15:16:46,914 - SourceAnalyzer - DEBUG - logger.py:65 - 쿼리 실행 성공: 
                SELECT t.table_id 
              ...
2025-09-14 15:16:46,914 - SourceAnalyzer - DEBUG - logger.py:65 - 쿼리 실행 성공: 
                SELECT t.table_id 
              ...
2025-09-14 15:16:46,914 - SourceAnalyzer - DEBUG - logger.py:65 - 쿼리 실행 성공: 
                SELECT t.table_id 
              ...
2025-09-14 15:16:46,914 - SourceAnalyzer - DEBUG - logger.py:65 - 쿼리 실행 성공: 
                SELECT t.table_id 
              ...
2025-09-14 15:16:46,914 - SourceAnalyzer - DEBUG - logger.py:65 - 쿼리 실행 성공: 
                SELECT t.table_id 
              ...
2025-09-14 15:16:46,914 - SourceAnalyzer - DEBUG - logger.py:65 - 쿼리 실행 성공: 
                SELECT t.table_id 
              ...
2025-09-14 15:16:46,914 - SourceAnalyzer - DEBUG - logger.py:65 - 쿼리 실행 성공: 
                SELECT t.table_id 
              ...
2025-09-14 15:16:46,914 - SourceAnalyzer - DEBUG - logger.py:65 - 쿼리 실행 성공: 
                SELECT t.table_id 
              ...
2025-09-14 15:16:46,914 - SourceAnalyzer - DEBUG - logger.py:65 - 쿼리 실행 성공: 
                SELECT t.table_id 
              ...
2025-09-14 15:16:46,914 - SourceAnalyzer - DEBUG - logger.py:65 - 쿼리 실행 성공: 
                SELECT t.table_id 
              ...
2025-09-14 15:16:46,914 - SourceAnalyzer - DEBUG - logger.py:65 - 쿼리 실행 성공: 
                SELECT t.table_id 
              ...
2025-09-14 15:16:46,914 - SourceAnalyzer - DEBUG - logger.py:65 - 쿼리 실행 성공: 
                SELECT t.table_id 
              ...
2025-09-14 15:16:46,914 - SourceAnalyzer - DEBUG - logger.py:65 - 쿼리 실행 성공: 
                SELECT t.table_id 
              ...
2025-09-14 15:16:46,914 - SourceAnalyzer - DEBUG - logger.py:65 - 쿼리 실행 성공: 
                SELECT t.table_id 
              ...
2025-09-14 15:16:46,914 - SourceAnalyzer - DEBUG - logger.py:65 - 쿼리 실행 성공: 
                SELECT t.table_id 
              ...
2025-09-14 15:16:46,914 - SourceAnalyzer - DEBUG - logger.py:65 - 쿼리 실행 성공: 
                SELECT t.table_id 
              ...
2025-09-14 15:16:46,915 - SourceAnalyzer - DEBUG - logger.py:65 - 쿼리 실행 성공: 
                SELECT t.table_id 
              ...
2025-09-14 15:16:46,915 - SourceAnalyzer - DEBUG - logger.py:65 - 쿼리 실행 성공: 
                SELECT t.table_id 
              ...
2025-09-14 15:16:46,915 - SourceAnalyzer - DEBUG - logger.py:65 - 쿼리 실행 성공: 
                SELECT t.table_id 
              ...
2025-09-14 15:16:46,915 - SourceAnalyzer - DEBUG - logger.py:65 - 쿼리 실행 성공: 
                SELECT t.table_id 
              ...
2025-09-14 15:16:46,915 - SourceAnalyzer - DEBUG - logger.py:65 - 쿼리 실행 성공: 
                SELECT t.table_id 
              ...
2025-09-14 15:16:46,915 - SourceAnalyzer - DEBUG - logger.py:65 - 쿼리 실행 성공: 
                SELECT t.table_id 
              ...
2025-09-14 15:16:46,915 - SourceAnalyzer - DEBUG - logger.py:65 - 쿼리 실행 성공: 
                SELECT t.table_id 
              ...
2025-09-14 15:16:46,915 - SourceAnalyzer - DEBUG - logger.py:65 - 쿼리 실행 성공: 
                SELECT t.table_id 
              ...
2025-09-14 15:16:46,915 - SourceAnalyzer - DEBUG - logger.py:65 - 쿼리 실행 성공: 
                SELECT t.table_id 
              ...
2025-09-14 15:16:46,915 - SourceAnalyzer - DEBUG - logger.py:65 - 쿼리 실행 성공: 
                SELECT t.table_id 
              ...
2025-09-14 15:16:46,915 - SourceAnalyzer - DEBUG - logger.py:65 - 쿼리 실행 성공: 
                SELECT t.table_id 
              ...
2025-09-14 15:16:46,915 - SourceAnalyzer - DEBUG - logger.py:65 - 쿼리 실행 성공: 
                SELECT t.table_id 
              ...
2025-09-14 15:16:46,915 - SourceAnalyzer - DEBUG - logger.py:65 - 쿼리 실행 성공: 
                SELECT t.table_id 
              ...
2025-09-14 15:16:46,915 - SourceAnalyzer - DEBUG - logger.py:65 - 쿼리 실행 성공: 
                SELECT t.table_id 
              ...
2025-09-14 15:16:46,915 - SourceAnalyzer - DEBUG - logger.py:65 - 쿼리 실행 성공: 
                SELECT t.table_id 
              ...
2025-09-14 15:16:46,915 - SourceAnalyzer - DEBUG - logger.py:65 - 쿼리 실행 성공: 
                SELECT t.table_id 
              ...
2025-09-14 15:16:46,915 - SourceAnalyzer - DEBUG - logger.py:65 - 쿼리 실행 성공: 
                SELECT t.table_id 
              ...
2025-09-14 15:16:46,915 - SourceAnalyzer - DEBUG - logger.py:65 - 쿼리 실행 성공: 
                SELECT t.table_id 
              ...
2025-09-14 15:16:46,915 - SourceAnalyzer - DEBUG - logger.py:65 - 쿼리 실행 성공: 
                SELECT t.table_id 
              ...
2025-09-14 15:16:46,916 - SourceAnalyzer - DEBUG - logger.py:65 - 쿼리 실행 성공: 
                SELECT t.table_id 
              ...
2025-09-14 15:16:46,916 - SourceAnalyzer - DEBUG - logger.py:65 - 쿼리 실행 성공: 
                SELECT t.table_id 
              ...
2025-09-14 15:16:46,916 - SourceAnalyzer - DEBUG - logger.py:65 - 쿼리 실행 성공: 
                SELECT t.table_id 
              ...
2025-09-14 15:16:46,916 - SourceAnalyzer - DEBUG - logger.py:65 - 쿼리 실행 성공: 
                SELECT t.table_id 
              ...
2025-09-14 15:16:46,916 - SourceAnalyzer - DEBUG - logger.py:65 - 쿼리 실행 성공: 
                SELECT t.table_id 
              ...
2025-09-14 15:16:46,916 - SourceAnalyzer - DEBUG - logger.py:65 - 쿼리 실행 성공: 
                SELECT t.table_id 
              ...
2025-09-14 15:16:46,916 - SourceAnalyzer - DEBUG - logger.py:65 - 쿼리 실행 성공: 
                SELECT t.table_id 
              ...
2025-09-14 15:16:46,916 - SourceAnalyzer - DEBUG - logger.py:65 - 배치 쿼리 실행 성공: 
            INSERT OR IGNORE INTO columns (table_..., 처리된 행: 91
2025-09-14 15:16:46,916 - SourceAnalyzer - INFO - logger.py:73 - 컬럼 정보 저장 완료: 91개 컬럼 (오류: 0개)
2025-09-14 15:16:46,920 - SourceAnalyzer - DEBUG - logger.py:65 - 쿼리 실행 성공: 
                SELECT f.file_id 
               ...
2025-09-14 15:16:46,920 - SourceAnalyzer - DEBUG - logger.py:65 - 쿼리 실행 성공: 
                SELECT table_id, table_name, tabl...
2025-09-14 15:16:46,921 - SourceAnalyzer - DEBUG - logger.py:65 - 배치 쿼리 실행 성공: 
            INSERT OR IGNORE INTO components (pro..., 처리된 행: 40
2025-09-14 15:16:46,921 - SourceAnalyzer - INFO - logger.py:73 - 테이블 컴포넌트 생성 완료: 40개
2025-09-14 15:16:46,921 - SourceAnalyzer - DEBUG - logger.py:65 - 업데이트 쿼리 실행 성공: 
                UPDATE tables 
                SE..., 영향받은 행: 40
2025-09-14 15:16:46,921 - SourceAnalyzer - DEBUG - logger.py:65 - 테이블 component_id 업데이트 완료
2025-09-14 15:16:46,921 - SourceAnalyzer - DEBUG - logger.py:65 - 쿼리 실행 성공: 
                SELECT f.file_id 
               ...
2025-09-14 15:16:46,924 - SourceAnalyzer - DEBUG - logger.py:65 - 쿼리 실행 성공: 
                SELECT c.column_id, c.column_name...
2025-09-14 15:16:46,924 - SourceAnalyzer - DEBUG - logger.py:65 - 쿼리 실행 성공: 
                    SELECT t.component_id 
      ...
2025-09-14 15:16:46,924 - SourceAnalyzer - DEBUG - logger.py:65 - 쿼리 실행 성공: 
                    SELECT t.component_id 
      ...
2025-09-14 15:16:46,924 - SourceAnalyzer - DEBUG - logger.py:65 - 쿼리 실행 성공: 
                    SELECT t.component_id 
      ...
2025-09-14 15:16:46,924 - SourceAnalyzer - DEBUG - logger.py:65 - 쿼리 실행 성공: 
                    SELECT t.component_id 
      ...
2025-09-14 15:16:46,924 - SourceAnalyzer - DEBUG - logger.py:65 - 쿼리 실행 성공: 
                    SELECT t.component_id 
      ...
2025-09-14 15:16:46,924 - SourceAnalyzer - DEBUG - logger.py:65 - 쿼리 실행 성공: 
                    SELECT t.component_id 
      ...
2025-09-14 15:16:46,924 - SourceAnalyzer - DEBUG - logger.py:65 - 쿼리 실행 성공: 
                    SELECT t.component_id 
      ...
2025-09-14 15:16:46,925 - SourceAnalyzer - DEBUG - logger.py:65 - 쿼리 실행 성공: 
                    SELECT t.component_id 
      ...
2025-09-14 15:16:46,925 - SourceAnalyzer - DEBUG - logger.py:65 - 쿼리 실행 성공: 
                    SELECT t.component_id 
      ...
2025-09-14 15:16:46,925 - SourceAnalyzer - DEBUG - logger.py:65 - 쿼리 실행 성공: 
                    SELECT t.component_id 
      ...
2025-09-14 15:16:46,925 - SourceAnalyzer - DEBUG - logger.py:65 - 쿼리 실행 성공: 
                    SELECT t.component_id 
      ...
2025-09-14 15:16:46,925 - SourceAnalyzer - DEBUG - logger.py:65 - 쿼리 실행 성공: 
                    SELECT t.component_id 
      ...
2025-09-14 15:16:46,925 - SourceAnalyzer - DEBUG - logger.py:65 - 쿼리 실행 성공: 
                    SELECT t.component_id 
      ...
2025-09-14 15:16:46,925 - SourceAnalyzer - DEBUG - logger.py:65 - 쿼리 실행 성공: 
                    SELECT t.component_id 
      ...
2025-09-14 15:16:46,925 - SourceAnalyzer - DEBUG - logger.py:65 - 쿼리 실행 성공: 
                    SELECT t.component_id 
      ...
2025-09-14 15:16:46,925 - SourceAnalyzer - DEBUG - logger.py:65 - 쿼리 실행 성공: 
                    SELECT t.component_id 
      ...
2025-09-14 15:16:46,925 - SourceAnalyzer - DEBUG - logger.py:65 - 쿼리 실행 성공: 
                    SELECT t.component_id 
      ...
2025-09-14 15:16:46,925 - SourceAnalyzer - DEBUG - logger.py:65 - 쿼리 실행 성공: 
                    SELECT t.component_id 
      ...
2025-09-14 15:16:46,925 - SourceAnalyzer - DEBUG - logger.py:65 - 쿼리 실행 성공: 
                    SELECT t.component_id 
      ...
2025-09-14 15:16:46,925 - SourceAnalyzer - DEBUG - logger.py:65 - 쿼리 실행 성공: 
                    SELECT t.component_id 
      ...
2025-09-14 15:16:46,925 - SourceAnalyzer - DEBUG - logger.py:65 - 쿼리 실행 성공: 
                    SELECT t.component_id 
      ...
2025-09-14 15:16:46,925 - SourceAnalyzer - DEBUG - logger.py:65 - 쿼리 실행 성공: 
                    SELECT t.component_id 
      ...
2025-09-14 15:16:46,925 - SourceAnalyzer - DEBUG - logger.py:65 - 쿼리 실행 성공: 
                    SELECT t.component_id 
      ...
2025-09-14 15:16:46,925 - SourceAnalyzer - DEBUG - logger.py:65 - 쿼리 실행 성공: 
                    SELECT t.component_id 
      ...
2025-09-14 15:16:46,925 - SourceAnalyzer - DEBUG - logger.py:65 - 쿼리 실행 성공: 
                    SELECT t.component_id 
      ...
2025-09-14 15:16:46,925 - SourceAnalyzer - DEBUG - logger.py:65 - 쿼리 실행 성공: 
                    SELECT t.component_id 
      ...
2025-09-14 15:16:46,926 - SourceAnalyzer - DEBUG - logger.py:65 - 쿼리 실행 성공: 
                    SELECT t.component_id 
      ...
2025-09-14 15:16:46,926 - SourceAnalyzer - DEBUG - logger.py:65 - 쿼리 실행 성공: 
                    SELECT t.component_id 
      ...
2025-09-14 15:16:46,926 - SourceAnalyzer - DEBUG - logger.py:65 - 쿼리 실행 성공: 
                    SELECT t.component_id 
      ...
2025-09-14 15:16:46,926 - SourceAnalyzer - DEBUG - logger.py:65 - 쿼리 실행 성공: 
                    SELECT t.component_id 
      ...
2025-09-14 15:16:46,926 - SourceAnalyzer - DEBUG - logger.py:65 - 쿼리 실행 성공: 
                    SELECT t.component_id 
      ...
2025-09-14 15:16:46,926 - SourceAnalyzer - DEBUG - logger.py:65 - 쿼리 실행 성공: 
                    SELECT t.component_id 
      ...
2025-09-14 15:16:46,926 - SourceAnalyzer - DEBUG - logger.py:65 - 쿼리 실행 성공: 
                    SELECT t.component_id 
      ...
2025-09-14 15:16:46,926 - SourceAnalyzer - DEBUG - logger.py:65 - 쿼리 실행 성공: 
                    SELECT t.component_id 
      ...
2025-09-14 15:16:46,926 - SourceAnalyzer - DEBUG - logger.py:65 - 쿼리 실행 성공: 
                    SELECT t.component_id 
      ...
2025-09-14 15:16:46,926 - SourceAnalyzer - DEBUG - logger.py:65 - 쿼리 실행 성공: 
                    SELECT t.component_id 
      ...
2025-09-14 15:16:46,926 - SourceAnalyzer - DEBUG - logger.py:65 - 쿼리 실행 성공: 
                    SELECT t.component_id 
      ...
2025-09-14 15:16:46,926 - SourceAnalyzer - DEBUG - logger.py:65 - 쿼리 실행 성공: 
                    SELECT t.component_id 
      ...
2025-09-14 15:16:46,926 - SourceAnalyzer - DEBUG - logger.py:65 - 쿼리 실행 성공: 
                    SELECT t.component_id 
      ...
2025-09-14 15:16:46,926 - SourceAnalyzer - DEBUG - logger.py:65 - 쿼리 실행 성공: 
                    SELECT t.component_id 
      ...
2025-09-14 15:16:46,926 - SourceAnalyzer - DEBUG - logger.py:65 - 쿼리 실행 성공: 
                    SELECT t.component_id 
      ...
2025-09-14 15:16:46,926 - SourceAnalyzer - DEBUG - logger.py:65 - 쿼리 실행 성공: 
                    SELECT t.component_id 
      ...
2025-09-14 15:16:46,926 - SourceAnalyzer - DEBUG - logger.py:65 - 쿼리 실행 성공: 
                    SELECT t.component_id 
      ...
2025-09-14 15:16:46,926 - SourceAnalyzer - DEBUG - logger.py:65 - 쿼리 실행 성공: 
                    SELECT t.component_id 
      ...
2025-09-14 15:16:46,926 - SourceAnalyzer - DEBUG - logger.py:65 - 쿼리 실행 성공: 
                    SELECT t.component_id 
      ...
2025-09-14 15:16:46,926 - SourceAnalyzer - DEBUG - logger.py:65 - 쿼리 실행 성공: 
                    SELECT t.component_id 
      ...
2025-09-14 15:16:46,926 - SourceAnalyzer - DEBUG - logger.py:65 - 쿼리 실행 성공: 
                    SELECT t.component_id 
      ...
2025-09-14 15:16:46,927 - SourceAnalyzer - DEBUG - logger.py:65 - 쿼리 실행 성공: 
                    SELECT t.component_id 
      ...
2025-09-14 15:16:46,927 - SourceAnalyzer - DEBUG - logger.py:65 - 쿼리 실행 성공: 
                    SELECT t.component_id 
      ...
2025-09-14 15:16:46,927 - SourceAnalyzer - DEBUG - logger.py:65 - 쿼리 실행 성공: 
                    SELECT t.component_id 
      ...
2025-09-14 15:16:46,927 - SourceAnalyzer - DEBUG - logger.py:65 - 쿼리 실행 성공: 
                    SELECT t.component_id 
      ...
2025-09-14 15:16:46,927 - SourceAnalyzer - DEBUG - logger.py:65 - 쿼리 실행 성공: 
                    SELECT t.component_id 
      ...
2025-09-14 15:16:46,927 - SourceAnalyzer - DEBUG - logger.py:65 - 쿼리 실행 성공: 
                    SELECT t.component_id 
      ...
2025-09-14 15:16:46,927 - SourceAnalyzer - DEBUG - logger.py:65 - 쿼리 실행 성공: 
                    SELECT t.component_id 
      ...
2025-09-14 15:16:46,927 - SourceAnalyzer - DEBUG - logger.py:65 - 쿼리 실행 성공: 
                    SELECT t.component_id 
      ...
2025-09-14 15:16:46,927 - SourceAnalyzer - DEBUG - logger.py:65 - 쿼리 실행 성공: 
                    SELECT t.component_id 
      ...
2025-09-14 15:16:46,927 - SourceAnalyzer - DEBUG - logger.py:65 - 쿼리 실행 성공: 
                    SELECT t.component_id 
      ...
2025-09-14 15:16:46,927 - SourceAnalyzer - DEBUG - logger.py:65 - 쿼리 실행 성공: 
                    SELECT t.component_id 
      ...
2025-09-14 15:16:46,927 - SourceAnalyzer - DEBUG - logger.py:65 - 쿼리 실행 성공: 
                    SELECT t.component_id 
      ...
2025-09-14 15:16:46,927 - SourceAnalyzer - DEBUG - logger.py:65 - 쿼리 실행 성공: 
                    SELECT t.component_id 
      ...
2025-09-14 15:16:46,927 - SourceAnalyzer - DEBUG - logger.py:65 - 쿼리 실행 성공: 
                    SELECT t.component_id 
      ...
2025-09-14 15:16:46,927 - SourceAnalyzer - DEBUG - logger.py:65 - 쿼리 실행 성공: 
                    SELECT t.component_id 
      ...
2025-09-14 15:16:46,927 - SourceAnalyzer - DEBUG - logger.py:65 - 쿼리 실행 성공: 
                    SELECT t.component_id 
      ...
2025-09-14 15:16:46,927 - SourceAnalyzer - DEBUG - logger.py:65 - 쿼리 실행 성공: 
                    SELECT t.component_id 
      ...
2025-09-14 15:16:46,927 - SourceAnalyzer - DEBUG - logger.py:65 - 쿼리 실행 성공: 
                    SELECT t.component_id 
      ...
2025-09-14 15:16:46,927 - SourceAnalyzer - DEBUG - logger.py:65 - 쿼리 실행 성공: 
                    SELECT t.component_id 
      ...
2025-09-14 15:16:46,927 - SourceAnalyzer - DEBUG - logger.py:65 - 쿼리 실행 성공: 
                    SELECT t.component_id 
      ...
2025-09-14 15:16:46,928 - SourceAnalyzer - DEBUG - logger.py:65 - 쿼리 실행 성공: 
                    SELECT t.component_id 
      ...
2025-09-14 15:16:46,928 - SourceAnalyzer - DEBUG - logger.py:65 - 쿼리 실행 성공: 
                    SELECT t.component_id 
      ...
2025-09-14 15:16:46,928 - SourceAnalyzer - DEBUG - logger.py:65 - 쿼리 실행 성공: 
                    SELECT t.component_id 
      ...
2025-09-14 15:16:46,928 - SourceAnalyzer - DEBUG - logger.py:65 - 쿼리 실행 성공: 
                    SELECT t.component_id 
      ...
2025-09-14 15:16:46,928 - SourceAnalyzer - DEBUG - logger.py:65 - 쿼리 실행 성공: 
                    SELECT t.component_id 
      ...
2025-09-14 15:16:46,928 - SourceAnalyzer - DEBUG - logger.py:65 - 쿼리 실행 성공: 
                    SELECT t.component_id 
      ...
2025-09-14 15:16:46,928 - SourceAnalyzer - DEBUG - logger.py:65 - 쿼리 실행 성공: 
                    SELECT t.component_id 
      ...
2025-09-14 15:16:46,928 - SourceAnalyzer - DEBUG - logger.py:65 - 쿼리 실행 성공: 
                    SELECT t.component_id 
      ...
2025-09-14 15:16:46,928 - SourceAnalyzer - DEBUG - logger.py:65 - 쿼리 실행 성공: 
                    SELECT t.component_id 
      ...
2025-09-14 15:16:46,928 - SourceAnalyzer - DEBUG - logger.py:65 - 쿼리 실행 성공: 
                    SELECT t.component_id 
      ...
2025-09-14 15:16:46,928 - SourceAnalyzer - DEBUG - logger.py:65 - 쿼리 실행 성공: 
                    SELECT t.component_id 
      ...
2025-09-14 15:16:46,928 - SourceAnalyzer - DEBUG - logger.py:65 - 쿼리 실행 성공: 
                    SELECT t.component_id 
      ...
2025-09-14 15:16:46,928 - SourceAnalyzer - DEBUG - logger.py:65 - 쿼리 실행 성공: 
                    SELECT t.component_id 
      ...
2025-09-14 15:16:46,928 - SourceAnalyzer - DEBUG - logger.py:65 - 쿼리 실행 성공: 
                    SELECT t.component_id 
      ...
2025-09-14 15:16:46,928 - SourceAnalyzer - DEBUG - logger.py:65 - 쿼리 실행 성공: 
                    SELECT t.component_id 
      ...
2025-09-14 15:16:46,928 - SourceAnalyzer - DEBUG - logger.py:65 - 쿼리 실행 성공: 
                    SELECT t.component_id 
      ...
2025-09-14 15:16:46,928 - SourceAnalyzer - DEBUG - logger.py:65 - 쿼리 실행 성공: 
                    SELECT t.component_id 
      ...
2025-09-14 15:16:46,928 - SourceAnalyzer - DEBUG - logger.py:65 - 쿼리 실행 성공: 
                    SELECT t.component_id 
      ...
2025-09-14 15:16:46,928 - SourceAnalyzer - DEBUG - logger.py:65 - 쿼리 실행 성공: 
                    SELECT t.component_id 
      ...
2025-09-14 15:16:46,928 - SourceAnalyzer - DEBUG - logger.py:65 - 쿼리 실행 성공: 
                    SELECT t.component_id 
      ...
2025-09-14 15:16:46,929 - SourceAnalyzer - DEBUG - logger.py:65 - 쿼리 실행 성공: 
                    SELECT t.component_id 
      ...
2025-09-14 15:16:46,929 - SourceAnalyzer - DEBUG - logger.py:65 - 쿼리 실행 성공: 
                    SELECT t.component_id 
      ...
2025-09-14 15:16:46,929 - SourceAnalyzer - DEBUG - logger.py:65 - 쿼리 실행 성공: 
                    SELECT t.component_id 
      ...
2025-09-14 15:16:46,929 - SourceAnalyzer - DEBUG - logger.py:65 - 쿼리 실행 성공: 
                    SELECT t.component_id 
      ...
2025-09-14 15:16:46,929 - SourceAnalyzer - DEBUG - logger.py:65 - 쿼리 실행 성공: 
                    SELECT t.component_id 
      ...
2025-09-14 15:16:46,929 - SourceAnalyzer - DEBUG - logger.py:65 - 쿼리 실행 성공: 
                    SELECT t.component_id 
      ...
2025-09-14 15:16:46,929 - SourceAnalyzer - DEBUG - logger.py:65 - 쿼리 실행 성공: 
                    SELECT t.component_id 
      ...
2025-09-14 15:16:46,929 - SourceAnalyzer - DEBUG - logger.py:65 - 쿼리 실행 성공: 
                    SELECT t.component_id 
      ...
2025-09-14 15:16:46,929 - SourceAnalyzer - DEBUG - logger.py:65 - 쿼리 실행 성공: 
                    SELECT t.component_id 
      ...
2025-09-14 15:16:46,929 - SourceAnalyzer - DEBUG - logger.py:65 - 쿼리 실행 성공: 
                    SELECT t.component_id 
      ...
2025-09-14 15:16:46,929 - SourceAnalyzer - DEBUG - logger.py:65 - 쿼리 실행 성공: 
                    SELECT t.component_id 
      ...
2025-09-14 15:16:46,929 - SourceAnalyzer - DEBUG - logger.py:65 - 쿼리 실행 성공: 
                    SELECT t.component_id 
      ...
2025-09-14 15:16:46,929 - SourceAnalyzer - DEBUG - logger.py:65 - 쿼리 실행 성공: 
                    SELECT t.component_id 
      ...
2025-09-14 15:16:46,929 - SourceAnalyzer - DEBUG - logger.py:65 - 쿼리 실행 성공: 
                    SELECT t.component_id 
      ...
2025-09-14 15:16:46,929 - SourceAnalyzer - DEBUG - logger.py:65 - 쿼리 실행 성공: 
                    SELECT t.component_id 
      ...
2025-09-14 15:16:46,929 - SourceAnalyzer - DEBUG - logger.py:65 - 쿼리 실행 성공: 
                    SELECT t.component_id 
      ...
2025-09-14 15:16:46,929 - SourceAnalyzer - DEBUG - logger.py:65 - 쿼리 실행 성공: 
                    SELECT t.component_id 
      ...
2025-09-14 15:16:46,929 - SourceAnalyzer - DEBUG - logger.py:65 - 쿼리 실행 성공: 
                    SELECT t.component_id 
      ...
2025-09-14 15:16:46,930 - SourceAnalyzer - DEBUG - logger.py:65 - 배치 쿼리 실행 성공: 
            INSERT OR IGNORE INTO components (pro..., 처리된 행: 105
2025-09-14 15:16:46,930 - SourceAnalyzer - INFO - logger.py:73 - 컬럼 컴포넌트 생성 완료: 105개
2025-09-14 15:16:46,930 - SourceAnalyzer - DEBUG - logger.py:65 - 쿼리 실행 성공: 
                SELECT component_id FROM componen...
2025-09-14 15:16:46,930 - SourceAnalyzer - DEBUG - logger.py:65 - 쿼리 실행 성공: 
                SELECT component_id FROM componen...
2025-09-14 15:16:46,930 - SourceAnalyzer - DEBUG - logger.py:65 - 쿼리 실행 성공: 
                SELECT component_id FROM componen...
2025-09-14 15:16:46,930 - SourceAnalyzer - DEBUG - logger.py:65 - 쿼리 실행 성공: 
                SELECT component_id FROM componen...
2025-09-14 15:16:46,931 - SourceAnalyzer - DEBUG - logger.py:65 - 쿼리 실행 성공: 
                SELECT component_id FROM componen...
2025-09-14 15:16:46,931 - SourceAnalyzer - DEBUG - logger.py:65 - 쿼리 실행 성공: 
                SELECT component_id FROM componen...
2025-09-14 15:16:46,931 - SourceAnalyzer - DEBUG - logger.py:65 - 쿼리 실행 성공: 
                SELECT component_id FROM componen...
2025-09-14 15:16:46,931 - SourceAnalyzer - DEBUG - logger.py:65 - 쿼리 실행 성공: 
                SELECT component_id FROM componen...
2025-09-14 15:16:46,931 - SourceAnalyzer - DEBUG - logger.py:65 - 쿼리 실행 성공: 
                SELECT component_id FROM componen...
2025-09-14 15:16:46,931 - SourceAnalyzer - DEBUG - logger.py:65 - 쿼리 실행 성공: 
                SELECT component_id FROM componen...
2025-09-14 15:16:46,931 - SourceAnalyzer - DEBUG - logger.py:65 - 쿼리 실행 성공: 
                SELECT component_id FROM componen...
2025-09-14 15:16:46,931 - SourceAnalyzer - DEBUG - logger.py:65 - 쿼리 실행 성공: 
                SELECT component_id FROM componen...
2025-09-14 15:16:46,931 - SourceAnalyzer - DEBUG - logger.py:65 - 쿼리 실행 성공: 
                SELECT component_id FROM componen...
2025-09-14 15:16:46,931 - SourceAnalyzer - DEBUG - logger.py:65 - 쿼리 실행 성공: 
                SELECT component_id FROM componen...
2025-09-14 15:16:46,931 - SourceAnalyzer - DEBUG - logger.py:65 - 쿼리 실행 성공: 
                SELECT component_id FROM componen...
2025-09-14 15:16:46,931 - SourceAnalyzer - DEBUG - logger.py:65 - 쿼리 실행 성공: 
                SELECT component_id FROM componen...
2025-09-14 15:16:46,931 - SourceAnalyzer - DEBUG - logger.py:65 - 쿼리 실행 성공: 
                SELECT component_id FROM componen...
2025-09-14 15:16:46,931 - SourceAnalyzer - DEBUG - logger.py:65 - 쿼리 실행 성공: 
                SELECT component_id FROM componen...
2025-09-14 15:16:46,931 - SourceAnalyzer - DEBUG - logger.py:65 - 쿼리 실행 성공: 
                SELECT component_id FROM componen...
2025-09-14 15:16:46,931 - SourceAnalyzer - DEBUG - logger.py:65 - 쿼리 실행 성공: 
                SELECT component_id FROM componen...
2025-09-14 15:16:46,931 - SourceAnalyzer - DEBUG - logger.py:65 - 쿼리 실행 성공: 
                SELECT component_id FROM componen...
2025-09-14 15:16:46,931 - SourceAnalyzer - DEBUG - logger.py:65 - 쿼리 실행 성공: 
                SELECT component_id FROM componen...
2025-09-14 15:16:46,931 - SourceAnalyzer - DEBUG - logger.py:65 - 쿼리 실행 성공: 
                SELECT component_id FROM componen...
2025-09-14 15:16:46,932 - SourceAnalyzer - DEBUG - logger.py:65 - 쿼리 실행 성공: 
                SELECT component_id FROM componen...
2025-09-14 15:16:46,932 - SourceAnalyzer - DEBUG - logger.py:65 - 쿼리 실행 성공: 
                SELECT component_id FROM componen...
2025-09-14 15:16:46,932 - SourceAnalyzer - DEBUG - logger.py:65 - 쿼리 실행 성공: 
                SELECT component_id FROM componen...
2025-09-14 15:16:46,932 - SourceAnalyzer - DEBUG - logger.py:65 - 쿼리 실행 성공: 
                SELECT component_id FROM componen...
2025-09-14 15:16:46,932 - SourceAnalyzer - DEBUG - logger.py:65 - 쿼리 실행 성공: 
                SELECT component_id FROM componen...
2025-09-14 15:16:46,932 - SourceAnalyzer - DEBUG - logger.py:65 - 쿼리 실행 성공: 
                SELECT component_id FROM componen...
2025-09-14 15:16:46,932 - SourceAnalyzer - DEBUG - logger.py:65 - 쿼리 실행 성공: 
                SELECT component_id FROM componen...
2025-09-14 15:16:46,932 - SourceAnalyzer - DEBUG - logger.py:65 - 쿼리 실행 성공: 
                SELECT component_id FROM componen...
2025-09-14 15:16:46,932 - SourceAnalyzer - DEBUG - logger.py:65 - 쿼리 실행 성공: 
                SELECT component_id FROM componen...
2025-09-14 15:16:46,932 - SourceAnalyzer - DEBUG - logger.py:65 - 쿼리 실행 성공: 
                SELECT component_id FROM componen...
2025-09-14 15:16:46,932 - SourceAnalyzer - DEBUG - logger.py:65 - 쿼리 실행 성공: 
                SELECT component_id FROM componen...
2025-09-14 15:16:46,932 - SourceAnalyzer - DEBUG - logger.py:65 - 쿼리 실행 성공: 
                SELECT component_id FROM componen...
2025-09-14 15:16:46,932 - SourceAnalyzer - DEBUG - logger.py:65 - 쿼리 실행 성공: 
                SELECT component_id FROM componen...
2025-09-14 15:16:46,932 - SourceAnalyzer - DEBUG - logger.py:65 - 쿼리 실행 성공: 
                SELECT component_id FROM componen...
2025-09-14 15:16:46,932 - SourceAnalyzer - DEBUG - logger.py:65 - 쿼리 실행 성공: 
                SELECT component_id FROM componen...
2025-09-14 15:16:46,932 - SourceAnalyzer - DEBUG - logger.py:65 - 쿼리 실행 성공: 
                SELECT component_id FROM componen...
2025-09-14 15:16:46,932 - SourceAnalyzer - DEBUG - logger.py:65 - 쿼리 실행 성공: 
                SELECT component_id FROM componen...
2025-09-14 15:16:46,932 - SourceAnalyzer - DEBUG - logger.py:65 - 쿼리 실행 성공: 
                SELECT component_id FROM componen...
2025-09-14 15:16:46,932 - SourceAnalyzer - DEBUG - logger.py:65 - 쿼리 실행 성공: 
                SELECT component_id FROM componen...
2025-09-14 15:16:46,932 - SourceAnalyzer - DEBUG - logger.py:65 - 쿼리 실행 성공: 
                SELECT component_id FROM componen...
2025-09-14 15:16:46,932 - SourceAnalyzer - DEBUG - logger.py:65 - 쿼리 실행 성공: 
                SELECT component_id FROM componen...
2025-09-14 15:16:46,933 - SourceAnalyzer - DEBUG - logger.py:65 - 쿼리 실행 성공: 
                SELECT component_id FROM componen...
2025-09-14 15:16:46,933 - SourceAnalyzer - DEBUG - logger.py:65 - 쿼리 실행 성공: 
                SELECT component_id FROM componen...
2025-09-14 15:16:46,933 - SourceAnalyzer - DEBUG - logger.py:65 - 쿼리 실행 성공: 
                SELECT component_id FROM componen...
2025-09-14 15:16:46,933 - SourceAnalyzer - DEBUG - logger.py:65 - 쿼리 실행 성공: 
                SELECT component_id FROM componen...
2025-09-14 15:16:46,933 - SourceAnalyzer - DEBUG - logger.py:65 - 쿼리 실행 성공: 
                SELECT component_id FROM componen...
2025-09-14 15:16:46,933 - SourceAnalyzer - DEBUG - logger.py:65 - 쿼리 실행 성공: 
                SELECT component_id FROM componen...
2025-09-14 15:16:46,933 - SourceAnalyzer - DEBUG - logger.py:65 - 쿼리 실행 성공: 
                SELECT component_id FROM componen...
2025-09-14 15:16:46,933 - SourceAnalyzer - DEBUG - logger.py:65 - 쿼리 실행 성공: 
                SELECT component_id FROM componen...
2025-09-14 15:16:46,933 - SourceAnalyzer - DEBUG - logger.py:65 - 쿼리 실행 성공: 
                SELECT component_id FROM componen...
2025-09-14 15:16:46,933 - SourceAnalyzer - DEBUG - logger.py:65 - 쿼리 실행 성공: 
                SELECT component_id FROM componen...
2025-09-14 15:16:46,933 - SourceAnalyzer - DEBUG - logger.py:65 - 쿼리 실행 성공: 
                SELECT component_id FROM componen...
2025-09-14 15:16:46,933 - SourceAnalyzer - DEBUG - logger.py:65 - 쿼리 실행 성공: 
                SELECT component_id FROM componen...
2025-09-14 15:16:46,933 - SourceAnalyzer - DEBUG - logger.py:65 - 쿼리 실행 성공: 
                SELECT component_id FROM componen...
2025-09-14 15:16:46,933 - SourceAnalyzer - DEBUG - logger.py:65 - 쿼리 실행 성공: 
                SELECT component_id FROM componen...
2025-09-14 15:16:46,933 - SourceAnalyzer - DEBUG - logger.py:65 - 쿼리 실행 성공: 
                SELECT component_id FROM componen...
2025-09-14 15:16:46,933 - SourceAnalyzer - DEBUG - logger.py:65 - 쿼리 실행 성공: 
                SELECT component_id FROM componen...
2025-09-14 15:16:46,933 - SourceAnalyzer - DEBUG - logger.py:65 - 쿼리 실행 성공: 
                SELECT component_id FROM componen...
2025-09-14 15:16:46,933 - SourceAnalyzer - DEBUG - logger.py:65 - 쿼리 실행 성공: 
                SELECT component_id FROM componen...
2025-09-14 15:16:46,933 - SourceAnalyzer - DEBUG - logger.py:65 - 쿼리 실행 성공: 
                SELECT component_id FROM componen...
2025-09-14 15:16:46,933 - SourceAnalyzer - DEBUG - logger.py:65 - 쿼리 실행 성공: 
                SELECT component_id FROM componen...
2025-09-14 15:16:46,933 - SourceAnalyzer - DEBUG - logger.py:65 - 쿼리 실행 성공: 
                SELECT component_id FROM componen...
2025-09-14 15:16:46,934 - SourceAnalyzer - DEBUG - logger.py:65 - 쿼리 실행 성공: 
                SELECT component_id FROM componen...
2025-09-14 15:16:46,934 - SourceAnalyzer - DEBUG - logger.py:65 - 쿼리 실행 성공: 
                SELECT component_id FROM componen...
2025-09-14 15:16:46,934 - SourceAnalyzer - DEBUG - logger.py:65 - 쿼리 실행 성공: 
                SELECT component_id FROM componen...
2025-09-14 15:16:46,934 - SourceAnalyzer - DEBUG - logger.py:65 - 쿼리 실행 성공: 
                SELECT component_id FROM componen...
2025-09-14 15:16:46,934 - SourceAnalyzer - DEBUG - logger.py:65 - 쿼리 실행 성공: 
                SELECT component_id FROM componen...
2025-09-14 15:16:46,934 - SourceAnalyzer - DEBUG - logger.py:65 - 쿼리 실행 성공: 
                SELECT component_id FROM componen...
2025-09-14 15:16:46,934 - SourceAnalyzer - DEBUG - logger.py:65 - 쿼리 실행 성공: 
                SELECT component_id FROM componen...
2025-09-14 15:16:46,934 - SourceAnalyzer - DEBUG - logger.py:65 - 쿼리 실행 성공: 
                SELECT component_id FROM componen...
2025-09-14 15:16:46,934 - SourceAnalyzer - DEBUG - logger.py:65 - 쿼리 실행 성공: 
                SELECT component_id FROM componen...
2025-09-14 15:16:46,934 - SourceAnalyzer - DEBUG - logger.py:65 - 쿼리 실행 성공: 
                SELECT component_id FROM componen...
2025-09-14 15:16:46,934 - SourceAnalyzer - DEBUG - logger.py:65 - 쿼리 실행 성공: 
                SELECT component_id FROM componen...
2025-09-14 15:16:46,934 - SourceAnalyzer - DEBUG - logger.py:65 - 쿼리 실행 성공: 
                SELECT component_id FROM componen...
2025-09-14 15:16:46,934 - SourceAnalyzer - DEBUG - logger.py:65 - 쿼리 실행 성공: 
                SELECT component_id FROM componen...
2025-09-14 15:16:46,934 - SourceAnalyzer - DEBUG - logger.py:65 - 쿼리 실행 성공: 
                SELECT component_id FROM componen...
2025-09-14 15:16:46,934 - SourceAnalyzer - DEBUG - logger.py:65 - 쿼리 실행 성공: 
                SELECT component_id FROM componen...
2025-09-14 15:16:46,934 - SourceAnalyzer - DEBUG - logger.py:65 - 쿼리 실행 성공: 
                SELECT component_id FROM componen...
2025-09-14 15:16:46,934 - SourceAnalyzer - DEBUG - logger.py:65 - 쿼리 실행 성공: 
                SELECT component_id FROM componen...
2025-09-14 15:16:46,934 - SourceAnalyzer - DEBUG - logger.py:65 - 쿼리 실행 성공: 
                SELECT component_id FROM componen...
2025-09-14 15:16:46,934 - SourceAnalyzer - DEBUG - logger.py:65 - 쿼리 실행 성공: 
                SELECT component_id FROM componen...
2025-09-14 15:16:46,934 - SourceAnalyzer - DEBUG - logger.py:65 - 쿼리 실행 성공: 
                SELECT component_id FROM componen...
2025-09-14 15:16:46,934 - SourceAnalyzer - DEBUG - logger.py:65 - 쿼리 실행 성공: 
                SELECT component_id FROM componen...
2025-09-14 15:16:46,935 - SourceAnalyzer - DEBUG - logger.py:65 - 쿼리 실행 성공: 
                SELECT component_id FROM componen...
2025-09-14 15:16:46,935 - SourceAnalyzer - DEBUG - logger.py:65 - 쿼리 실행 성공: 
                SELECT component_id FROM componen...
2025-09-14 15:16:46,935 - SourceAnalyzer - DEBUG - logger.py:65 - 쿼리 실행 성공: 
                SELECT component_id FROM componen...
2025-09-14 15:16:46,935 - SourceAnalyzer - DEBUG - logger.py:65 - 쿼리 실행 성공: 
                SELECT component_id FROM componen...
2025-09-14 15:16:46,935 - SourceAnalyzer - DEBUG - logger.py:65 - 쿼리 실행 성공: 
                SELECT component_id FROM componen...
2025-09-14 15:16:46,935 - SourceAnalyzer - DEBUG - logger.py:65 - 쿼리 실행 성공: 
                SELECT component_id FROM componen...
2025-09-14 15:16:46,935 - SourceAnalyzer - DEBUG - logger.py:65 - 쿼리 실행 성공: 
                SELECT component_id FROM componen...
2025-09-14 15:16:46,935 - SourceAnalyzer - DEBUG - logger.py:65 - 쿼리 실행 성공: 
                SELECT component_id FROM componen...
2025-09-14 15:16:46,935 - SourceAnalyzer - DEBUG - logger.py:65 - 쿼리 실행 성공: 
                SELECT component_id FROM componen...
2025-09-14 15:16:46,935 - SourceAnalyzer - DEBUG - logger.py:65 - 쿼리 실행 성공: 
                SELECT component_id FROM componen...
2025-09-14 15:16:46,935 - SourceAnalyzer - DEBUG - logger.py:65 - 쿼리 실행 성공: 
                SELECT component_id FROM componen...
2025-09-14 15:16:46,935 - SourceAnalyzer - DEBUG - logger.py:65 - 쿼리 실행 성공: 
                SELECT component_id FROM componen...
2025-09-14 15:16:46,935 - SourceAnalyzer - DEBUG - logger.py:65 - 쿼리 실행 성공: 
                SELECT component_id FROM componen...
2025-09-14 15:16:46,935 - SourceAnalyzer - DEBUG - logger.py:65 - 쿼리 실행 성공: 
                SELECT component_id FROM componen...
2025-09-14 15:16:46,935 - SourceAnalyzer - DEBUG - logger.py:65 - 쿼리 실행 성공: 
                SELECT component_id FROM componen...
2025-09-14 15:16:46,935 - SourceAnalyzer - DEBUG - logger.py:65 - 쿼리 실행 성공: 
                SELECT component_id FROM componen...
2025-09-14 15:16:46,935 - SourceAnalyzer - DEBUG - logger.py:65 - 쿼리 실행 성공: 
                SELECT component_id FROM componen...
2025-09-14 15:16:46,935 - SourceAnalyzer - DEBUG - logger.py:65 - 쿼리 실행 성공: 
                SELECT component_id FROM componen...
2025-09-14 15:16:46,935 - SourceAnalyzer - DEBUG - logger.py:65 - 쿼리 실행 성공: 
                SELECT component_id FROM componen...
2025-09-14 15:16:46,935 - SourceAnalyzer - DEBUG - logger.py:65 - 업데이트 쿼리 실행 성공: 
            UPDATE columns
            SET compon..., 영향받은 행: 1
2025-09-14 15:16:46,935 - SourceAnalyzer - DEBUG - logger.py:65 - 업데이트 쿼리 실행 성공: 
            UPDATE columns
            SET compon..., 영향받은 행: 1
2025-09-14 15:16:46,936 - SourceAnalyzer - DEBUG - logger.py:65 - 업데이트 쿼리 실행 성공: 
            UPDATE columns
            SET compon..., 영향받은 행: 1
2025-09-14 15:16:46,936 - SourceAnalyzer - DEBUG - logger.py:65 - 업데이트 쿼리 실행 성공: 
            UPDATE columns
            SET compon..., 영향받은 행: 1
2025-09-14 15:16:46,936 - SourceAnalyzer - DEBUG - logger.py:65 - 업데이트 쿼리 실행 성공: 
            UPDATE columns
            SET compon..., 영향받은 행: 1
2025-09-14 15:16:46,936 - SourceAnalyzer - DEBUG - logger.py:65 - 업데이트 쿼리 실행 성공: 
            UPDATE columns
            SET compon..., 영향받은 행: 1
2025-09-14 15:16:46,936 - SourceAnalyzer - DEBUG - logger.py:65 - 업데이트 쿼리 실행 성공: 
            UPDATE columns
            SET compon..., 영향받은 행: 1
2025-09-14 15:16:46,936 - SourceAnalyzer - DEBUG - logger.py:65 - 업데이트 쿼리 실행 성공: 
            UPDATE columns
            SET compon..., 영향받은 행: 1
2025-09-14 15:16:46,936 - SourceAnalyzer - DEBUG - logger.py:65 - 업데이트 쿼리 실행 성공: 
            UPDATE columns
            SET compon..., 영향받은 행: 1
2025-09-14 15:16:46,936 - SourceAnalyzer - DEBUG - logger.py:65 - 업데이트 쿼리 실행 성공: 
            UPDATE columns
            SET compon..., 영향받은 행: 1
2025-09-14 15:16:46,936 - SourceAnalyzer - DEBUG - logger.py:65 - 업데이트 쿼리 실행 성공: 
            UPDATE columns
            SET compon..., 영향받은 행: 1
2025-09-14 15:16:46,936 - SourceAnalyzer - DEBUG - logger.py:65 - 업데이트 쿼리 실행 성공: 
            UPDATE columns
            SET compon..., 영향받은 행: 1
2025-09-14 15:16:46,936 - SourceAnalyzer - DEBUG - logger.py:65 - 업데이트 쿼리 실행 성공: 
            UPDATE columns
            SET compon..., 영향받은 행: 1
2025-09-14 15:16:46,936 - SourceAnalyzer - DEBUG - logger.py:65 - 업데이트 쿼리 실행 성공: 
            UPDATE columns
            SET compon..., 영향받은 행: 1
2025-09-14 15:16:46,936 - SourceAnalyzer - DEBUG - logger.py:65 - 업데이트 쿼리 실행 성공: 
            UPDATE columns
            SET compon..., 영향받은 행: 1
2025-09-14 15:16:46,936 - SourceAnalyzer - DEBUG - logger.py:65 - 업데이트 쿼리 실행 성공: 
            UPDATE columns
            SET compon..., 영향받은 행: 1
2025-09-14 15:16:46,936 - SourceAnalyzer - DEBUG - logger.py:65 - 업데이트 쿼리 실행 성공: 
            UPDATE columns
            SET compon..., 영향받은 행: 1
2025-09-14 15:16:46,936 - SourceAnalyzer - DEBUG - logger.py:65 - 업데이트 쿼리 실행 성공: 
            UPDATE columns
            SET compon..., 영향받은 행: 1
2025-09-14 15:16:46,936 - SourceAnalyzer - DEBUG - logger.py:65 - 업데이트 쿼리 실행 성공: 
            UPDATE columns
            SET compon..., 영향받은 행: 1
2025-09-14 15:16:46,937 - SourceAnalyzer - DEBUG - logger.py:65 - 업데이트 쿼리 실행 성공: 
            UPDATE columns
            SET compon..., 영향받은 행: 1
2025-09-14 15:16:46,937 - SourceAnalyzer - DEBUG - logger.py:65 - 업데이트 쿼리 실행 성공: 
            UPDATE columns
            SET compon..., 영향받은 행: 1
2025-09-14 15:16:46,937 - SourceAnalyzer - DEBUG - logger.py:65 - 업데이트 쿼리 실행 성공: 
            UPDATE columns
            SET compon..., 영향받은 행: 1
2025-09-14 15:16:46,937 - SourceAnalyzer - DEBUG - logger.py:65 - 업데이트 쿼리 실행 성공: 
            UPDATE columns
            SET compon..., 영향받은 행: 1
2025-09-14 15:16:46,937 - SourceAnalyzer - DEBUG - logger.py:65 - 업데이트 쿼리 실행 성공: 
            UPDATE columns
            SET compon..., 영향받은 행: 1
2025-09-14 15:16:46,937 - SourceAnalyzer - DEBUG - logger.py:65 - 업데이트 쿼리 실행 성공: 
            UPDATE columns
            SET compon..., 영향받은 행: 1
2025-09-14 15:16:46,937 - SourceAnalyzer - DEBUG - logger.py:65 - 업데이트 쿼리 실행 성공: 
            UPDATE columns
            SET compon..., 영향받은 행: 1
2025-09-14 15:16:46,937 - SourceAnalyzer - DEBUG - logger.py:65 - 업데이트 쿼리 실행 성공: 
            UPDATE columns
            SET compon..., 영향받은 행: 1
2025-09-14 15:16:46,937 - SourceAnalyzer - DEBUG - logger.py:65 - 업데이트 쿼리 실행 성공: 
            UPDATE columns
            SET compon..., 영향받은 행: 1
2025-09-14 15:16:46,937 - SourceAnalyzer - DEBUG - logger.py:65 - 업데이트 쿼리 실행 성공: 
            UPDATE columns
            SET compon..., 영향받은 행: 1
2025-09-14 15:16:46,937 - SourceAnalyzer - DEBUG - logger.py:65 - 업데이트 쿼리 실행 성공: 
            UPDATE columns
            SET compon..., 영향받은 행: 1
2025-09-14 15:16:46,937 - SourceAnalyzer - DEBUG - logger.py:65 - 업데이트 쿼리 실행 성공: 
            UPDATE columns
            SET compon..., 영향받은 행: 1
2025-09-14 15:16:46,937 - SourceAnalyzer - DEBUG - logger.py:65 - 업데이트 쿼리 실행 성공: 
            UPDATE columns
            SET compon..., 영향받은 행: 1
2025-09-14 15:16:46,937 - SourceAnalyzer - DEBUG - logger.py:65 - 업데이트 쿼리 실행 성공: 
            UPDATE columns
            SET compon..., 영향받은 행: 1
2025-09-14 15:16:46,937 - SourceAnalyzer - DEBUG - logger.py:65 - 업데이트 쿼리 실행 성공: 
            UPDATE columns
            SET compon..., 영향받은 행: 1
2025-09-14 15:16:46,937 - SourceAnalyzer - DEBUG - logger.py:65 - 업데이트 쿼리 실행 성공: 
            UPDATE columns
            SET compon..., 영향받은 행: 1
2025-09-14 15:16:46,937 - SourceAnalyzer - DEBUG - logger.py:65 - 업데이트 쿼리 실행 성공: 
            UPDATE columns
            SET compon..., 영향받은 행: 1
2025-09-14 15:16:46,937 - SourceAnalyzer - DEBUG - logger.py:65 - 업데이트 쿼리 실행 성공: 
            UPDATE columns
            SET compon..., 영향받은 행: 1
2025-09-14 15:16:46,938 - SourceAnalyzer - DEBUG - logger.py:65 - 업데이트 쿼리 실행 성공: 
            UPDATE columns
            SET compon..., 영향받은 행: 1
2025-09-14 15:16:46,938 - SourceAnalyzer - DEBUG - logger.py:65 - 업데이트 쿼리 실행 성공: 
            UPDATE columns
            SET compon..., 영향받은 행: 1
2025-09-14 15:16:46,938 - SourceAnalyzer - DEBUG - logger.py:65 - 업데이트 쿼리 실행 성공: 
            UPDATE columns
            SET compon..., 영향받은 행: 1
2025-09-14 15:16:46,938 - SourceAnalyzer - DEBUG - logger.py:65 - 업데이트 쿼리 실행 성공: 
            UPDATE columns
            SET compon..., 영향받은 행: 1
2025-09-14 15:16:46,938 - SourceAnalyzer - DEBUG - logger.py:65 - 업데이트 쿼리 실행 성공: 
            UPDATE columns
            SET compon..., 영향받은 행: 1
2025-09-14 15:16:46,938 - SourceAnalyzer - DEBUG - logger.py:65 - 업데이트 쿼리 실행 성공: 
            UPDATE columns
            SET compon..., 영향받은 행: 1
2025-09-14 15:16:46,938 - SourceAnalyzer - DEBUG - logger.py:65 - 업데이트 쿼리 실행 성공: 
            UPDATE columns
            SET compon..., 영향받은 행: 1
2025-09-14 15:16:46,938 - SourceAnalyzer - DEBUG - logger.py:65 - 업데이트 쿼리 실행 성공: 
            UPDATE columns
            SET compon..., 영향받은 행: 1
2025-09-14 15:16:46,938 - SourceAnalyzer - DEBUG - logger.py:65 - 업데이트 쿼리 실행 성공: 
            UPDATE columns
            SET compon..., 영향받은 행: 1
2025-09-14 15:16:46,938 - SourceAnalyzer - DEBUG - logger.py:65 - 업데이트 쿼리 실행 성공: 
            UPDATE columns
            SET compon..., 영향받은 행: 1
2025-09-14 15:16:46,938 - SourceAnalyzer - DEBUG - logger.py:65 - 업데이트 쿼리 실행 성공: 
            UPDATE columns
            SET compon..., 영향받은 행: 1
2025-09-14 15:16:46,938 - SourceAnalyzer - DEBUG - logger.py:65 - 업데이트 쿼리 실행 성공: 
            UPDATE columns
            SET compon..., 영향받은 행: 1
2025-09-14 15:16:46,938 - SourceAnalyzer - DEBUG - logger.py:65 - 업데이트 쿼리 실행 성공: 
            UPDATE columns
            SET compon..., 영향받은 행: 1
2025-09-14 15:16:46,938 - SourceAnalyzer - DEBUG - logger.py:65 - 업데이트 쿼리 실행 성공: 
            UPDATE columns
            SET compon..., 영향받은 행: 1
2025-09-14 15:16:46,938 - SourceAnalyzer - DEBUG - logger.py:65 - 업데이트 쿼리 실행 성공: 
            UPDATE columns
            SET compon..., 영향받은 행: 1
2025-09-14 15:16:46,938 - SourceAnalyzer - DEBUG - logger.py:65 - 업데이트 쿼리 실행 성공: 
            UPDATE columns
            SET compon..., 영향받은 행: 1
2025-09-14 15:16:46,938 - SourceAnalyzer - DEBUG - logger.py:65 - 업데이트 쿼리 실행 성공: 
            UPDATE columns
            SET compon..., 영향받은 행: 1
2025-09-14 15:16:46,938 - SourceAnalyzer - DEBUG - logger.py:65 - 업데이트 쿼리 실행 성공: 
            UPDATE columns
            SET compon..., 영향받은 행: 1
2025-09-14 15:16:46,938 - SourceAnalyzer - DEBUG - logger.py:65 - 업데이트 쿼리 실행 성공: 
            UPDATE columns
            SET compon..., 영향받은 행: 1
2025-09-14 15:16:46,939 - SourceAnalyzer - DEBUG - logger.py:65 - 업데이트 쿼리 실행 성공: 
            UPDATE columns
            SET compon..., 영향받은 행: 1
2025-09-14 15:16:46,939 - SourceAnalyzer - DEBUG - logger.py:65 - 업데이트 쿼리 실행 성공: 
            UPDATE columns
            SET compon..., 영향받은 행: 1
2025-09-14 15:16:46,939 - SourceAnalyzer - DEBUG - logger.py:65 - 업데이트 쿼리 실행 성공: 
            UPDATE columns
            SET compon..., 영향받은 행: 1
2025-09-14 15:16:46,939 - SourceAnalyzer - DEBUG - logger.py:65 - 업데이트 쿼리 실행 성공: 
            UPDATE columns
            SET compon..., 영향받은 행: 1
2025-09-14 15:16:46,939 - SourceAnalyzer - DEBUG - logger.py:65 - 업데이트 쿼리 실행 성공: 
            UPDATE columns
            SET compon..., 영향받은 행: 1
2025-09-14 15:16:46,939 - SourceAnalyzer - DEBUG - logger.py:65 - 업데이트 쿼리 실행 성공: 
            UPDATE columns
            SET compon..., 영향받은 행: 1
2025-09-14 15:16:46,939 - SourceAnalyzer - DEBUG - logger.py:65 - 업데이트 쿼리 실행 성공: 
            UPDATE columns
            SET compon..., 영향받은 행: 1
2025-09-14 15:16:46,939 - SourceAnalyzer - DEBUG - logger.py:65 - 업데이트 쿼리 실행 성공: 
            UPDATE columns
            SET compon..., 영향받은 행: 1
2025-09-14 15:16:46,939 - SourceAnalyzer - DEBUG - logger.py:65 - 업데이트 쿼리 실행 성공: 
            UPDATE columns
            SET compon..., 영향받은 행: 1
2025-09-14 15:16:46,939 - SourceAnalyzer - DEBUG - logger.py:65 - 업데이트 쿼리 실행 성공: 
            UPDATE columns
            SET compon..., 영향받은 행: 1
2025-09-14 15:16:46,939 - SourceAnalyzer - DEBUG - logger.py:65 - 업데이트 쿼리 실행 성공: 
            UPDATE columns
            SET compon..., 영향받은 행: 1
2025-09-14 15:16:46,939 - SourceAnalyzer - DEBUG - logger.py:65 - 업데이트 쿼리 실행 성공: 
            UPDATE columns
            SET compon..., 영향받은 행: 1
2025-09-14 15:16:46,939 - SourceAnalyzer - DEBUG - logger.py:65 - 업데이트 쿼리 실행 성공: 
            UPDATE columns
            SET compon..., 영향받은 행: 1
2025-09-14 15:16:46,939 - SourceAnalyzer - DEBUG - logger.py:65 - 업데이트 쿼리 실행 성공: 
            UPDATE columns
            SET compon..., 영향받은 행: 1
2025-09-14 15:16:46,939 - SourceAnalyzer - DEBUG - logger.py:65 - 업데이트 쿼리 실행 성공: 
            UPDATE columns
            SET compon..., 영향받은 행: 1
2025-09-14 15:16:46,939 - SourceAnalyzer - DEBUG - logger.py:65 - 업데이트 쿼리 실행 성공: 
            UPDATE columns
            SET compon..., 영향받은 행: 1
2025-09-14 15:16:46,939 - SourceAnalyzer - DEBUG - logger.py:65 - 업데이트 쿼리 실행 성공: 
            UPDATE columns
            SET compon..., 영향받은 행: 1
2025-09-14 15:16:46,939 - SourceAnalyzer - DEBUG - logger.py:65 - 업데이트 쿼리 실행 성공: 
            UPDATE columns
            SET compon..., 영향받은 행: 1
2025-09-14 15:16:46,940 - SourceAnalyzer - DEBUG - logger.py:65 - 업데이트 쿼리 실행 성공: 
            UPDATE columns
            SET compon..., 영향받은 행: 1
2025-09-14 15:16:46,940 - SourceAnalyzer - DEBUG - logger.py:65 - 업데이트 쿼리 실행 성공: 
            UPDATE columns
            SET compon..., 영향받은 행: 1
2025-09-14 15:16:46,940 - SourceAnalyzer - DEBUG - logger.py:65 - 업데이트 쿼리 실행 성공: 
            UPDATE columns
            SET compon..., 영향받은 행: 1
2025-09-14 15:16:46,940 - SourceAnalyzer - DEBUG - logger.py:65 - 업데이트 쿼리 실행 성공: 
            UPDATE columns
            SET compon..., 영향받은 행: 1
2025-09-14 15:16:46,940 - SourceAnalyzer - DEBUG - logger.py:65 - 업데이트 쿼리 실행 성공: 
            UPDATE columns
            SET compon..., 영향받은 행: 1
2025-09-14 15:16:46,940 - SourceAnalyzer - DEBUG - logger.py:65 - 업데이트 쿼리 실행 성공: 
            UPDATE columns
            SET compon..., 영향받은 행: 1
2025-09-14 15:16:46,940 - SourceAnalyzer - DEBUG - logger.py:65 - 업데이트 쿼리 실행 성공: 
            UPDATE columns
            SET compon..., 영향받은 행: 1
2025-09-14 15:16:46,940 - SourceAnalyzer - DEBUG - logger.py:65 - 업데이트 쿼리 실행 성공: 
            UPDATE columns
            SET compon..., 영향받은 행: 1
2025-09-14 15:16:46,940 - SourceAnalyzer - DEBUG - logger.py:65 - 업데이트 쿼리 실행 성공: 
            UPDATE columns
            SET compon..., 영향받은 행: 1
2025-09-14 15:16:46,940 - SourceAnalyzer - DEBUG - logger.py:65 - 업데이트 쿼리 실행 성공: 
            UPDATE columns
            SET compon..., 영향받은 행: 1
2025-09-14 15:16:46,940 - SourceAnalyzer - DEBUG - logger.py:65 - 업데이트 쿼리 실행 성공: 
            UPDATE columns
            SET compon..., 영향받은 행: 1
2025-09-14 15:16:46,940 - SourceAnalyzer - DEBUG - logger.py:65 - 업데이트 쿼리 실행 성공: 
            UPDATE columns
            SET compon..., 영향받은 행: 1
2025-09-14 15:16:46,940 - SourceAnalyzer - DEBUG - logger.py:65 - 업데이트 쿼리 실행 성공: 
            UPDATE columns
            SET compon..., 영향받은 행: 1
2025-09-14 15:16:46,940 - SourceAnalyzer - DEBUG - logger.py:65 - 업데이트 쿼리 실행 성공: 
            UPDATE columns
            SET compon..., 영향받은 행: 1
2025-09-14 15:16:46,940 - SourceAnalyzer - DEBUG - logger.py:65 - 업데이트 쿼리 실행 성공: 
            UPDATE columns
            SET compon..., 영향받은 행: 1
2025-09-14 15:16:46,940 - SourceAnalyzer - DEBUG - logger.py:65 - 업데이트 쿼리 실행 성공: 
            UPDATE columns
            SET compon..., 영향받은 행: 1
2025-09-14 15:16:46,940 - SourceAnalyzer - DEBUG - logger.py:65 - 업데이트 쿼리 실행 성공: 
            UPDATE columns
            SET compon..., 영향받은 행: 1
2025-09-14 15:16:46,940 - SourceAnalyzer - DEBUG - logger.py:65 - 업데이트 쿼리 실행 성공: 
            UPDATE columns
            SET compon..., 영향받은 행: 1
2025-09-14 15:16:46,941 - SourceAnalyzer - DEBUG - logger.py:65 - 업데이트 쿼리 실행 성공: 
            UPDATE columns
            SET compon..., 영향받은 행: 1
2025-09-14 15:16:46,941 - SourceAnalyzer - DEBUG - logger.py:65 - 업데이트 쿼리 실행 성공: 
            UPDATE columns
            SET compon..., 영향받은 행: 1
2025-09-14 15:16:46,941 - SourceAnalyzer - DEBUG - logger.py:65 - 업데이트 쿼리 실행 성공: 
            UPDATE columns
            SET compon..., 영향받은 행: 1
2025-09-14 15:16:46,941 - SourceAnalyzer - DEBUG - logger.py:65 - 업데이트 쿼리 실행 성공: 
            UPDATE columns
            SET compon..., 영향받은 행: 1
2025-09-14 15:16:46,941 - SourceAnalyzer - DEBUG - logger.py:65 - 업데이트 쿼리 실행 성공: 
            UPDATE columns
            SET compon..., 영향받은 행: 1
2025-09-14 15:16:46,941 - SourceAnalyzer - DEBUG - logger.py:65 - 업데이트 쿼리 실행 성공: 
            UPDATE columns
            SET compon..., 영향받은 행: 1
2025-09-14 15:16:46,941 - SourceAnalyzer - DEBUG - logger.py:65 - 업데이트 쿼리 실행 성공: 
            UPDATE columns
            SET compon..., 영향받은 행: 1
2025-09-14 15:16:46,941 - SourceAnalyzer - DEBUG - logger.py:65 - 업데이트 쿼리 실행 성공: 
            UPDATE columns
            SET compon..., 영향받은 행: 1
2025-09-14 15:16:46,941 - SourceAnalyzer - DEBUG - logger.py:65 - 업데이트 쿼리 실행 성공: 
            UPDATE columns
            SET compon..., 영향받은 행: 1
2025-09-14 15:16:46,941 - SourceAnalyzer - DEBUG - logger.py:65 - 업데이트 쿼리 실행 성공: 
            UPDATE columns
            SET compon..., 영향받은 행: 1
2025-09-14 15:16:46,941 - SourceAnalyzer - DEBUG - logger.py:65 - 업데이트 쿼리 실행 성공: 
            UPDATE columns
            SET compon..., 영향받은 행: 1
2025-09-14 15:16:46,941 - SourceAnalyzer - DEBUG - logger.py:65 - 업데이트 쿼리 실행 성공: 
            UPDATE columns
            SET compon..., 영향받은 행: 1
2025-09-14 15:16:46,941 - SourceAnalyzer - DEBUG - logger.py:65 - 업데이트 쿼리 실행 성공: 
            UPDATE columns
            SET compon..., 영향받은 행: 1
2025-09-14 15:16:46,941 - SourceAnalyzer - INFO - logger.py:73 - 컬럼 component_id 업데이트 완료: 105개
2025-09-14 15:16:46,941 - SourceAnalyzer - INFO - logger.py:73 - === 데이터베이스 구조 저장 통계 ===
2025-09-14 15:16:46,942 - SourceAnalyzer - INFO - logger.py:73 - 테이블 로드: 16 (오류: 0)
2025-09-14 15:16:46,942 - SourceAnalyzer - INFO - logger.py:73 - 컬럼 로드: 91 (오류: 0)
2025-09-14 15:16:46,942 - SourceAnalyzer - INFO - logger.py:73 - 컴포넌트 생성: 145 (오류: 0)
2025-09-14 15:16:46,942 - SourceAnalyzer - INFO - logger.py:73 - inferred 컬럼 생성: 0
2025-09-14 15:16:46,942 - SourceAnalyzer - INFO - logger.py:73 - 오류 없이 완료
2025-09-14 15:16:46,943 - SourceAnalyzer - INFO - logger.py:73 - === 데이터베이스 로딩 완료 ===
2025-09-14 15:16:46,943 - SourceAnalyzer - DEBUG - logger.py:65 - 데이터베이스 연결 해제: D:\Analyzer\CreateMetaDb\projects\sampleSrc\metadata.db
2025-09-14 15:16:46,943 - SourceAnalyzer - INFO - logger.py:73 - 2단계 완료: 데이터베이스 구조 저장 및 컴포넌트 생성
2025-09-14 15:16:46,943 - SourceAnalyzer - INFO - logger.py:73 - 3단계 실행: XML 파일 분석 및 SQL 컴포넌트 등록 + JOIN 관계 분석
2025-09-14 15:16:46,955 - SourceAnalyzer - DEBUG - logger.py:65 - 파일 읽기 성공: config/parser/sql_keyword.yaml
2025-09-14 15:16:46,978 - SourceAnalyzer - DEBUG - logger.py:65 - YAML 설정 파일 로드 성공: config/parser/sql_keyword.yaml
2025-09-14 15:16:46,978 - SourceAnalyzer - DEBUG - logger.py:65 - 파일 읽기 성공: config/parser/xml_parser_config.yaml
2025-09-14 15:16:46,985 - SourceAnalyzer - DEBUG - logger.py:65 - YAML 설정 파일 로드 성공: config/parser/xml_parser_config.yaml
2025-09-14 15:16:46,985 - SourceAnalyzer - DEBUG - logger.py:65 - 파일 읽기 성공: config/parser/mybatis_dom_rules.yaml
2025-09-14 15:16:46,986 - SourceAnalyzer - DEBUG - logger.py:65 - YAML 설정 파일 로드 성공: config/parser/mybatis_dom_rules.yaml
2025-09-14 15:16:46,988 - SourceAnalyzer - DEBUG - logger.py:65 - 데이터베이스 연결 성공: D:\Analyzer\CreateMetaDb\projects\sampleSrc\SqlContent.db
2025-09-14 15:16:46,988 - SourceAnalyzer - DEBUG - logger.py:65 - SQL 스크립트 실행 성공: D:\Analyzer\CreateMetaDb\database\create_sql_content_db.sql
2025-09-14 15:16:46,988 - SourceAnalyzer - INFO - logger.py:73 - SQL Content 데이터베이스 초기화 완료: D:\Analyzer\CreateMetaDb\projects\sampleSrc\SqlContent.db
2025-09-14 15:16:46,988 - SourceAnalyzer - INFO - logger.py:73 - === XML 로딩 시작: 3~4단계 통합 처리 ===
2025-09-14 15:16:46,991 - SourceAnalyzer - DEBUG - logger.py:65 - 데이터베이스 연결 성공: D:\Analyzer\CreateMetaDb\projects\sampleSrc\metadata.db
2025-09-14 15:16:46,992 - SourceAnalyzer - DEBUG - logger.py:65 - 파일 읽기 성공: D:\Analyzer\CreateMetaDb\projects\sampleSrc\src\com\example\dynamicquery\UserMapper.xml
2025-09-14 15:16:46,994 - SourceAnalyzer - DEBUG - logger.py:65 - 파일 읽기 성공: D:\Analyzer\CreateMetaDb\projects\sampleSrc\src\main\resources\mybatis\mapper\ImplicitJoinMapper.xml
2025-09-14 15:16:46,994 - SourceAnalyzer - DEBUG - logger.py:65 - 파일 읽기 성공: D:\Analyzer\CreateMetaDb\projects\sampleSrc\src\main\resources\mybatis\mapper\ImplicitJoinTestMapper.xml
2025-09-14 15:16:46,994 - SourceAnalyzer - DEBUG - logger.py:65 - 파일 읽기 성공: D:\Analyzer\CreateMetaDb\projects\sampleSrc\src\main\resources\mybatis\mapper\MixedErrorMapper.xml
2025-09-14 15:16:46,994 - SourceAnalyzer - DEBUG - logger.py:65 - 파일 읽기 성공: D:\Analyzer\CreateMetaDb\projects\sampleSrc\src\main\resources\mybatis\mapper\ProductMapper.xml
2025-09-14 15:16:46,995 - SourceAnalyzer - DEBUG - logger.py:65 - 파일 읽기 성공: D:\Analyzer\CreateMetaDb\projects\sampleSrc\src\main\resources\mybatis\mapper\UserMapper.xml
2025-09-14 15:16:46,995 - SourceAnalyzer - INFO - logger.py:73 - MyBatis XML 파일 수집 완료: 6개
2025-09-14 15:16:46,995 - SourceAnalyzer - INFO - logger.py:73 - DOM 기반 파싱 시도: D:\Analyzer\CreateMetaDb\projects\sampleSrc\src\com\example\dynamicquery\UserMapper.xml
2025-09-14 15:16:46,996 - SourceAnalyzer - INFO - logger.py:73 - DOM 파싱 불가, SAX로 fallback합니다: D:\Analyzer\CreateMetaDb\projects\sampleSrc\src\com\example\dynamicquery\UserMapper.xml (사유: cannot access local variable 'child' where it is not associated with a value)
2025-09-14 15:16:46,996 - SourceAnalyzer - INFO - logger.py:73 - DOM 기반 파싱 실패 또는 결과 없음, SAX 파서로 Fallback: D:\Analyzer\CreateMetaDb\projects\sampleSrc\src\com\example\dynamicquery\UserMapper.xml
2025-09-14 15:16:46,997 - SourceAnalyzer - INFO - logger.py:73 - SAX 파서로 Fallback: D:\Analyzer\CreateMetaDb\projects\sampleSrc\src\com\example\dynamicquery\UserMapper.xml
2025-09-14 15:16:46,999 - SourceAnalyzer - DEBUG - logger.py:65 - 파일 읽기 성공: D:\Analyzer\CreateMetaDb\config\parser\mybatis_keyword.yaml
2025-09-14 15:16:47,013 - SourceAnalyzer - DEBUG - logger.py:65 - YAML 설정 파일 로드 성공: D:\Analyzer\CreateMetaDb\config\parser\mybatis_keyword.yaml
2025-09-14 15:16:47,013 - SourceAnalyzer - INFO - logger.py:73 - SAX 파싱 시작: D:\Analyzer\CreateMetaDb\projects\sampleSrc\src\com\example\dynamicquery\UserMapper.xml
2025-09-14 15:16:47,022 - SourceAnalyzer - WARNING - logger.py:80 - SAX 파싱 중 예상치 못한 오류: D:\Analyzer\CreateMetaDb\projects\sampleSrc\src\com\example\dynamicquery\UserMapper.xml - maximum recursion depth exceeded
2025-09-14 15:16:47,023 - SourceAnalyzer - INFO - logger.py:73 - SAX 파싱도 실패, 정규식 파서로 최종 Fallback: D:\Analyzer\CreateMetaDb\projects\sampleSrc\src\com\example\dynamicquery\UserMapper.xml
2025-09-14 15:16:47,023 - SourceAnalyzer - INFO - logger.py:73 - SAX 파싱 오류 메시지: SAX 파싱 중 예상치 못한 오류: D:\Analyzer\CreateMetaDb\projects\sampleSrc\src\com\example\dynamicquery\UserMapper.xml - maximum recursion depth exceeded
2025-09-14 15:16:47,023 - SourceAnalyzer - INFO - logger.py:73 - 정규식 기반 파서로 최종 Fallback: D:\Analyzer\CreateMetaDb\projects\sampleSrc\src\com\example\dynamicquery\UserMapper.xml
2025-09-14 15:16:47,028 - SourceAnalyzer - DEBUG - logger.py:65 - 파일 읽기 성공: D:\Analyzer\CreateMetaDb\projects\sampleSrc\src\com\example\dynamicquery\UserMapper.xml
2025-09-14 15:16:47,028 - SourceAnalyzer - INFO - logger.py:73 - DOM 파싱 불가, SAX로 fallback합니다: D:\Analyzer\CreateMetaDb\projects\sampleSrc\src\com\example\dynamicquery\UserMapper.xml (사유: cannot access local variable 'child' where it is not associated with a value)
2025-09-14 15:16:47,039 - SourceAnalyzer - DEBUG - logger.py:65 - 데이터베이스 연결 성공: D:\Analyzer\CreateMetaDb\projects\sampleSrc\metadata.db
2025-09-14 15:16:47,039 - SourceAnalyzer - DEBUG - logger.py:65 - 쿼리 실행 성공: 
                    SELECT COUNT(*) as cnt
      ...
2025-09-14 15:16:47,040 - SourceAnalyzer - DEBUG - logger.py:65 - 데이터베이스 연결 성공: D:\Analyzer\CreateMetaDb\projects\sampleSrc\metadata.db
2025-09-14 15:16:47,040 - SourceAnalyzer - DEBUG - logger.py:65 - 쿼리 실행 성공: 
                    SELECT COUNT(*) as cnt
      ...
2025-09-14 15:16:47,041 - SourceAnalyzer - DEBUG - logger.py:65 - 데이터베이스 연결 성공: D:\Analyzer\CreateMetaDb\projects\sampleSrc\metadata.db
2025-09-14 15:16:47,041 - SourceAnalyzer - DEBUG - logger.py:65 - 쿼리 실행 성공: 
                    SELECT COUNT(*) as cnt
      ...
2025-09-14 15:16:47,042 - SourceAnalyzer - DEBUG - logger.py:65 - 데이터베이스 연결 성공: D:\Analyzer\CreateMetaDb\projects\sampleSrc\metadata.db
2025-09-14 15:16:47,042 - SourceAnalyzer - DEBUG - logger.py:65 - 쿼리 실행 성공: 
                    SELECT COUNT(*) as cnt
      ...
2025-09-14 15:16:47,042 - SourceAnalyzer - DEBUG - logger.py:65 - 파일 읽기 성공: D:\Analyzer\CreateMetaDb\projects\sampleSrc\src\com\example\dynamicquery\UserMapper.xml
2025-09-14 15:16:47,043 - SourceAnalyzer - INFO - logger.py:73 - DOM 파싱 불가, SAX로 fallback합니다: D:\Analyzer\CreateMetaDb\projects\sampleSrc\src\com\example\dynamicquery\UserMapper.xml (사유: cannot access local variable 'child' where it is not associated with a value)
2025-09-14 15:16:47,046 - SourceAnalyzer - DEBUG - logger.py:65 - 데이터베이스 연결 성공: D:\Analyzer\CreateMetaDb\projects\sampleSrc\metadata.db
2025-09-14 15:16:47,046 - SourceAnalyzer - DEBUG - logger.py:65 - 쿼리 실행 성공: 
                    SELECT COUNT(*) as cnt
      ...
2025-09-14 15:16:47,047 - SourceAnalyzer - DEBUG - logger.py:65 - 데이터베이스 연결 성공: D:\Analyzer\CreateMetaDb\projects\sampleSrc\metadata.db
2025-09-14 15:16:47,047 - SourceAnalyzer - DEBUG - logger.py:65 - 쿼리 실행 성공: 
                    SELECT COUNT(*) as cnt
      ...
2025-09-14 15:16:47,047 - SourceAnalyzer - DEBUG - logger.py:65 - 데이터베이스 연결 성공: D:\Analyzer\CreateMetaDb\projects\sampleSrc\metadata.db
2025-09-14 15:16:47,047 - SourceAnalyzer - DEBUG - logger.py:65 - 쿼리 실행 성공: SELECT table_id FROM tables WHERE table_name = ? A...
2025-09-14 15:16:47,048 - SourceAnalyzer - DEBUG - logger.py:65 - 데이터베이스 연결 성공: D:\Analyzer\CreateMetaDb\projects\sampleSrc\metadata.db
2025-09-14 15:16:47,048 - SourceAnalyzer - DEBUG - logger.py:65 - 업데이트 쿼리 실행 성공: 
            INSERT OR REPLACE INTO columns (table..., 영향받은 행: 1
2025-09-14 15:16:47,049 - SourceAnalyzer - DEBUG - logger.py:65 - 데이터베이스 연결 성공: projects/sampleSrc/metadata.db
2025-09-14 15:16:47,049 - SourceAnalyzer - DEBUG - logger.py:65 - 쿼리 실행 성공: SELECT component_id FROM tables WHERE table_id = ?...
2025-09-14 15:16:47,049 - SourceAnalyzer - ERROR - logger.py:84 - 데이터베이스 연결 오류: FOREIGN KEY constraint failed
2025-09-14 15:16:47,053 - SourceAnalyzer - ERROR - logger.py:141 - FATAL ERROR at D:\Analyzer\CreateMetaDb\util\database_utils.py:196 in execute_update()
Code: cursor.execute(query, params)
Message: 업데이트 쿼리 실행 실패: 
            INSERT OR REPLACE INTO components (pr...
Exception: IntegrityError: FOREIGN KEY constraint failed
Stack Trace:
Traceback (most recent call last):
  File "D:\Analyzer\CreateMetaDb\util\database_utils.py", line 196, in execute_update
    cursor.execute(query, params)
    ~~~~~~~~~~~~~~^^^^^^^^^^^^^^^
sqlite3.IntegrityError: FOREIGN KEY constraint failed

2025-09-14 15:16:47,054 - SourceAnalyzer - DEBUG - logger.py:65 - 데이터베이스 연결 해제: D:\Analyzer\CreateMetaDb\projects\sampleSrc\metadata.db
2025-09-14 15:16:47,055 - SourceAnalyzer - DEBUG - logger.py:65 - 데이터베이스 연결 해제: D:\Analyzer\CreateMetaDb\projects\sampleSrc\SqlContent.db
2025-09-14 15:16:47,055 - SourceAnalyzer - INFO - logger.py:73 - SQL Content 데이터베이스 연결 해제
