2025-09-12 15:33:10,415 - SourceAnalyzer - INFO - logger.py:68 - SourceAnalyzer 시작
2025-09-12 15:33:10,430 - SourceAnalyzer - DEBUG - logger.py:64 - 명령행 인자 파싱 완료: {'project_name': 'sampleSrc', 'clear_metadb': False, 'verbose': False, 'output_format': 'html', 'config_file': None, 'log_level': 'INFO', 'dry_run': False, 'force': False}
2025-09-12 15:33:10,430 - SourceAnalyzer - DEBUG - logger.py:64 - 인자 검증 성공
2025-09-12 15:33:10,430 - SourceAnalyzer - INFO - logger.py:68 - 분석 대상 프로젝트: sampleSrc
2025-09-12 15:33:10,431 - SourceAnalyzer - INFO - logger.py:68 - 분석 옵션:
2025-09-12 15:33:10,431 - SourceAnalyzer - INFO - logger.py:68 -   - 메타데이터베이스 초기화: False
2025-09-12 15:33:10,431 - SourceAnalyzer - INFO - logger.py:68 -   - 상세 로그: False
2025-09-12 15:33:10,431 - SourceAnalyzer - INFO - logger.py:68 -   - 출력 형식: html
2025-09-12 15:33:10,431 - SourceAnalyzer - INFO - logger.py:68 -   - 드라이런 모드: False
2025-09-12 15:33:10,431 - SourceAnalyzer - INFO - logger.py:68 -   - 강제 실행: False
2025-09-12 15:33:10,431 - SourceAnalyzer - INFO - logger.py:68 - 프로젝트 분석 시작...
2025-09-12 15:33:10,432 - SourceAnalyzer - INFO - logger.py:68 - === 파일 스캔 시작: 파일 정보 저장 ===
2025-09-12 15:33:10,434 - SourceAnalyzer - DEBUG - logger.py:64 - 데이터베이스 연결 성공: d:\Analyzer\CreateMetaDb\projects\sampleSrc\metadata.db
2025-09-12 15:33:10,437 - SourceAnalyzer - DEBUG - logger.py:64 - 인덱스가 이미 존재함 (무시): CREATE UNIQUE INDEX ix_projects_01 ON projects (pr...
2025-09-12 15:33:10,437 - SourceAnalyzer - DEBUG - logger.py:64 - 인덱스가 이미 존재함 (무시): CREATE UNIQUE INDEX ix_tables_01 ON tables (table_...
2025-09-12 15:33:10,437 - SourceAnalyzer - DEBUG - logger.py:64 - 인덱스가 이미 존재함 (무시): CREATE UNIQUE INDEX ix_columns_01 ON columns (tabl...
2025-09-12 15:33:10,437 - SourceAnalyzer - DEBUG - logger.py:64 - 인덱스가 이미 존재함 (무시): CREATE UNIQUE INDEX ix_files_01 ON files (file_nam...
2025-09-12 15:33:10,437 - SourceAnalyzer - DEBUG - logger.py:64 - 인덱스가 이미 존재함 (무시): CREATE UNIQUE INDEX ix_classes_01 ON classes (clas...
2025-09-12 15:33:10,437 - SourceAnalyzer - DEBUG - logger.py:64 - 인덱스가 이미 존재함 (무시): CREATE INDEX ix_classes_02 ON classes (parent_clas...
2025-09-12 15:33:10,437 - SourceAnalyzer - DEBUG - logger.py:64 - 인덱스가 이미 존재함 (무시): CREATE UNIQUE INDEX ix_components_01 ON components...
2025-09-12 15:33:10,437 - SourceAnalyzer - DEBUG - logger.py:64 - 인덱스가 이미 존재함 (무시): CREATE INDEX ix_components_parent_id ON components...
2025-09-12 15:33:10,437 - SourceAnalyzer - DEBUG - logger.py:64 - 인덱스가 이미 존재함 (무시): CREATE UNIQUE INDEX ix_relationships_01 ON relatio...
2025-09-12 15:33:10,437 - SourceAnalyzer - DEBUG - logger.py:64 - SQL 스크립트 실행 성공: d:\Analyzer\CreateMetaDb\database\create_table_script.sql
2025-09-12 15:33:10,437 - SourceAnalyzer - INFO - logger.py:68 - 메타데이터베이스 초기화 완료: d:\Analyzer\CreateMetaDb\projects\sampleSrc\metadata.db
2025-09-12 15:33:10,438 - SourceAnalyzer - DEBUG - logger.py:64 - 쿼리 실행 성공: 
                SELECT COUNT(*) as count FROM pro...
2025-09-12 15:33:10,439 - SourceAnalyzer - DEBUG - logger.py:64 - 업데이트 쿼리 실행 성공: 
            UPDATE projects
            SET hash_..., 영향받은 행: 1
2025-09-12 15:33:10,439 - SourceAnalyzer - DEBUG - logger.py:64 - 프로젝트 정보 저장/업데이트 완료: sampleSrc
2025-09-12 15:33:10,439 - SourceAnalyzer - INFO - logger.py:68 - 프로젝트 파일 스캔 시작: d:\Analyzer\CreateMetaDb\projects\sampleSrc
2025-09-12 15:33:10,538 - SourceAnalyzer - DEBUG - logger.py:64 - 디렉토리 스캔 완료: d:\Analyzer\CreateMetaDb\projects\sampleSrc, 파일 수: 40
2025-09-12 15:33:10,539 - SourceAnalyzer - DEBUG - logger.py:64 - 파일 읽기 성공: d:\Analyzer\CreateMetaDb\projects\sampleSrc\config\target_source_config.yaml
2025-09-12 15:33:10,543 - SourceAnalyzer - DEBUG - logger.py:64 - YAML 설정 파일 로드 성공: d:\Analyzer\CreateMetaDb\projects\sampleSrc\config\target_source_config.yaml
2025-09-12 15:33:10,546 - SourceAnalyzer - DEBUG - logger.py:64 - 파일 읽기 성공: d:\Analyzer\CreateMetaDb\projects\sampleSrc\config\target_source_config.yaml
2025-09-12 15:33:10,556 - SourceAnalyzer - DEBUG - logger.py:64 - YAML 설정 파일 로드 성공: d:\Analyzer\CreateMetaDb\projects\sampleSrc\config\target_source_config.yaml
2025-09-12 15:33:10,557 - SourceAnalyzer - DEBUG - logger.py:64 - 파일 읽기 성공: d:\Analyzer\CreateMetaDb\projects\sampleSrc\config\target_source_config.yaml
2025-09-12 15:33:10,561 - SourceAnalyzer - DEBUG - logger.py:64 - YAML 설정 파일 로드 성공: d:\Analyzer\CreateMetaDb\projects\sampleSrc\config\target_source_config.yaml
2025-09-12 15:33:10,562 - SourceAnalyzer - DEBUG - logger.py:64 - 파일 읽기 성공: d:\Analyzer\CreateMetaDb\projects\sampleSrc\config\target_source_config.yaml
2025-09-12 15:33:10,566 - SourceAnalyzer - DEBUG - logger.py:64 - YAML 설정 파일 로드 성공: d:\Analyzer\CreateMetaDb\projects\sampleSrc\config\target_source_config.yaml
2025-09-12 15:33:10,566 - SourceAnalyzer - DEBUG - logger.py:64 - 파일 읽기 성공: d:\Analyzer\CreateMetaDb\projects\sampleSrc\config\target_source_config.yaml
2025-09-12 15:33:10,570 - SourceAnalyzer - DEBUG - logger.py:64 - YAML 설정 파일 로드 성공: d:\Analyzer\CreateMetaDb\projects\sampleSrc\config\target_source_config.yaml
2025-09-12 15:33:10,571 - SourceAnalyzer - DEBUG - logger.py:64 - 파일 읽기 성공: d:\Analyzer\CreateMetaDb\projects\sampleSrc\config\target_source_config.yaml
2025-09-12 15:33:10,575 - SourceAnalyzer - DEBUG - logger.py:64 - YAML 설정 파일 로드 성공: d:\Analyzer\CreateMetaDb\projects\sampleSrc\config\target_source_config.yaml
2025-09-12 15:33:10,576 - SourceAnalyzer - DEBUG - logger.py:64 - 파일 읽기 성공: d:\Analyzer\CreateMetaDb\projects\sampleSrc\config\target_source_config.yaml
2025-09-12 15:33:10,580 - SourceAnalyzer - DEBUG - logger.py:64 - YAML 설정 파일 로드 성공: d:\Analyzer\CreateMetaDb\projects\sampleSrc\config\target_source_config.yaml
2025-09-12 15:33:10,580 - SourceAnalyzer - DEBUG - logger.py:64 - 파일 읽기 성공: d:\Analyzer\CreateMetaDb\projects\sampleSrc\config\target_source_config.yaml
2025-09-12 15:33:10,585 - SourceAnalyzer - DEBUG - logger.py:64 - YAML 설정 파일 로드 성공: d:\Analyzer\CreateMetaDb\projects\sampleSrc\config\target_source_config.yaml
2025-09-12 15:33:10,586 - SourceAnalyzer - DEBUG - logger.py:64 - 파일 읽기 성공: d:\Analyzer\CreateMetaDb\projects\sampleSrc\config\target_source_config.yaml
2025-09-12 15:33:10,590 - SourceAnalyzer - DEBUG - logger.py:64 - YAML 설정 파일 로드 성공: d:\Analyzer\CreateMetaDb\projects\sampleSrc\config\target_source_config.yaml
2025-09-12 15:33:10,590 - SourceAnalyzer - DEBUG - logger.py:64 - 파일 읽기 성공: d:\Analyzer\CreateMetaDb\projects\sampleSrc\config\target_source_config.yaml
2025-09-12 15:33:10,594 - SourceAnalyzer - DEBUG - logger.py:64 - YAML 설정 파일 로드 성공: d:\Analyzer\CreateMetaDb\projects\sampleSrc\config\target_source_config.yaml
2025-09-12 15:33:10,595 - SourceAnalyzer - DEBUG - logger.py:64 - 파일 읽기 성공: d:\Analyzer\CreateMetaDb\projects\sampleSrc\config\target_source_config.yaml
2025-09-12 15:33:10,599 - SourceAnalyzer - DEBUG - logger.py:64 - YAML 설정 파일 로드 성공: d:\Analyzer\CreateMetaDb\projects\sampleSrc\config\target_source_config.yaml
2025-09-12 15:33:10,600 - SourceAnalyzer - DEBUG - logger.py:64 - 파일 읽기 성공: d:\Analyzer\CreateMetaDb\projects\sampleSrc\config\target_source_config.yaml
2025-09-12 15:33:10,603 - SourceAnalyzer - DEBUG - logger.py:64 - YAML 설정 파일 로드 성공: d:\Analyzer\CreateMetaDb\projects\sampleSrc\config\target_source_config.yaml
2025-09-12 15:33:10,604 - SourceAnalyzer - DEBUG - logger.py:64 - 파일 읽기 성공: d:\Analyzer\CreateMetaDb\projects\sampleSrc\config\target_source_config.yaml
2025-09-12 15:33:10,608 - SourceAnalyzer - DEBUG - logger.py:64 - YAML 설정 파일 로드 성공: d:\Analyzer\CreateMetaDb\projects\sampleSrc\config\target_source_config.yaml
2025-09-12 15:33:10,609 - SourceAnalyzer - DEBUG - logger.py:64 - 파일 읽기 성공: d:\Analyzer\CreateMetaDb\projects\sampleSrc\config\target_source_config.yaml
2025-09-12 15:33:10,613 - SourceAnalyzer - DEBUG - logger.py:64 - YAML 설정 파일 로드 성공: d:\Analyzer\CreateMetaDb\projects\sampleSrc\config\target_source_config.yaml
2025-09-12 15:33:10,613 - SourceAnalyzer - DEBUG - logger.py:64 - 파일 읽기 성공: d:\Analyzer\CreateMetaDb\projects\sampleSrc\config\target_source_config.yaml
2025-09-12 15:33:10,618 - SourceAnalyzer - DEBUG - logger.py:64 - YAML 설정 파일 로드 성공: d:\Analyzer\CreateMetaDb\projects\sampleSrc\config\target_source_config.yaml
2025-09-12 15:33:10,619 - SourceAnalyzer - DEBUG - logger.py:64 - 파일 읽기 성공: d:\Analyzer\CreateMetaDb\projects\sampleSrc\config\target_source_config.yaml
2025-09-12 15:33:10,623 - SourceAnalyzer - DEBUG - logger.py:64 - YAML 설정 파일 로드 성공: d:\Analyzer\CreateMetaDb\projects\sampleSrc\config\target_source_config.yaml
2025-09-12 15:33:10,623 - SourceAnalyzer - DEBUG - logger.py:64 - 파일 읽기 성공: d:\Analyzer\CreateMetaDb\projects\sampleSrc\config\target_source_config.yaml
2025-09-12 15:33:10,627 - SourceAnalyzer - DEBUG - logger.py:64 - YAML 설정 파일 로드 성공: d:\Analyzer\CreateMetaDb\projects\sampleSrc\config\target_source_config.yaml
2025-09-12 15:33:10,628 - SourceAnalyzer - DEBUG - logger.py:64 - 파일 읽기 성공: d:\Analyzer\CreateMetaDb\projects\sampleSrc\config\target_source_config.yaml
2025-09-12 15:33:10,632 - SourceAnalyzer - DEBUG - logger.py:64 - YAML 설정 파일 로드 성공: d:\Analyzer\CreateMetaDb\projects\sampleSrc\config\target_source_config.yaml
2025-09-12 15:33:10,633 - SourceAnalyzer - DEBUG - logger.py:64 - 파일 읽기 성공: d:\Analyzer\CreateMetaDb\projects\sampleSrc\config\target_source_config.yaml
2025-09-12 15:33:10,637 - SourceAnalyzer - DEBUG - logger.py:64 - YAML 설정 파일 로드 성공: d:\Analyzer\CreateMetaDb\projects\sampleSrc\config\target_source_config.yaml
2025-09-12 15:33:10,638 - SourceAnalyzer - DEBUG - logger.py:64 - 파일 읽기 성공: d:\Analyzer\CreateMetaDb\projects\sampleSrc\config\target_source_config.yaml
2025-09-12 15:33:10,642 - SourceAnalyzer - DEBUG - logger.py:64 - YAML 설정 파일 로드 성공: d:\Analyzer\CreateMetaDb\projects\sampleSrc\config\target_source_config.yaml
2025-09-12 15:33:10,643 - SourceAnalyzer - DEBUG - logger.py:64 - 파일 읽기 성공: d:\Analyzer\CreateMetaDb\projects\sampleSrc\config\target_source_config.yaml
2025-09-12 15:33:10,647 - SourceAnalyzer - DEBUG - logger.py:64 - YAML 설정 파일 로드 성공: d:\Analyzer\CreateMetaDb\projects\sampleSrc\config\target_source_config.yaml
2025-09-12 15:33:10,647 - SourceAnalyzer - DEBUG - logger.py:64 - 파일 읽기 성공: d:\Analyzer\CreateMetaDb\projects\sampleSrc\config\target_source_config.yaml
2025-09-12 15:33:10,651 - SourceAnalyzer - DEBUG - logger.py:64 - YAML 설정 파일 로드 성공: d:\Analyzer\CreateMetaDb\projects\sampleSrc\config\target_source_config.yaml
2025-09-12 15:33:10,652 - SourceAnalyzer - DEBUG - logger.py:64 - 파일 읽기 성공: d:\Analyzer\CreateMetaDb\projects\sampleSrc\config\target_source_config.yaml
2025-09-12 15:33:10,655 - SourceAnalyzer - DEBUG - logger.py:64 - YAML 설정 파일 로드 성공: d:\Analyzer\CreateMetaDb\projects\sampleSrc\config\target_source_config.yaml
2025-09-12 15:33:10,656 - SourceAnalyzer - DEBUG - logger.py:64 - 파일 읽기 성공: d:\Analyzer\CreateMetaDb\projects\sampleSrc\config\target_source_config.yaml
2025-09-12 15:33:10,660 - SourceAnalyzer - DEBUG - logger.py:64 - YAML 설정 파일 로드 성공: d:\Analyzer\CreateMetaDb\projects\sampleSrc\config\target_source_config.yaml
2025-09-12 15:33:10,661 - SourceAnalyzer - DEBUG - logger.py:64 - 파일 읽기 성공: d:\Analyzer\CreateMetaDb\projects\sampleSrc\config\target_source_config.yaml
2025-09-12 15:33:10,665 - SourceAnalyzer - DEBUG - logger.py:64 - YAML 설정 파일 로드 성공: d:\Analyzer\CreateMetaDb\projects\sampleSrc\config\target_source_config.yaml
2025-09-12 15:33:10,665 - SourceAnalyzer - DEBUG - logger.py:64 - 파일 읽기 성공: d:\Analyzer\CreateMetaDb\projects\sampleSrc\config\target_source_config.yaml
2025-09-12 15:33:10,669 - SourceAnalyzer - DEBUG - logger.py:64 - YAML 설정 파일 로드 성공: d:\Analyzer\CreateMetaDb\projects\sampleSrc\config\target_source_config.yaml
2025-09-12 15:33:10,670 - SourceAnalyzer - DEBUG - logger.py:64 - 파일 읽기 성공: d:\Analyzer\CreateMetaDb\projects\sampleSrc\config\target_source_config.yaml
2025-09-12 15:33:10,674 - SourceAnalyzer - DEBUG - logger.py:64 - YAML 설정 파일 로드 성공: d:\Analyzer\CreateMetaDb\projects\sampleSrc\config\target_source_config.yaml
2025-09-12 15:33:10,675 - SourceAnalyzer - DEBUG - logger.py:64 - 파일 읽기 성공: d:\Analyzer\CreateMetaDb\projects\sampleSrc\config\target_source_config.yaml
2025-09-12 15:33:10,679 - SourceAnalyzer - DEBUG - logger.py:64 - YAML 설정 파일 로드 성공: d:\Analyzer\CreateMetaDb\projects\sampleSrc\config\target_source_config.yaml
2025-09-12 15:33:10,679 - SourceAnalyzer - DEBUG - logger.py:64 - 파일 읽기 성공: d:\Analyzer\CreateMetaDb\projects\sampleSrc\config\target_source_config.yaml
2025-09-12 15:33:10,683 - SourceAnalyzer - DEBUG - logger.py:64 - YAML 설정 파일 로드 성공: d:\Analyzer\CreateMetaDb\projects\sampleSrc\config\target_source_config.yaml
2025-09-12 15:33:10,684 - SourceAnalyzer - DEBUG - logger.py:64 - 파일 읽기 성공: d:\Analyzer\CreateMetaDb\projects\sampleSrc\config\target_source_config.yaml
2025-09-12 15:33:10,688 - SourceAnalyzer - DEBUG - logger.py:64 - YAML 설정 파일 로드 성공: d:\Analyzer\CreateMetaDb\projects\sampleSrc\config\target_source_config.yaml
2025-09-12 15:33:10,689 - SourceAnalyzer - DEBUG - logger.py:64 - 파일 읽기 성공: d:\Analyzer\CreateMetaDb\projects\sampleSrc\config\target_source_config.yaml
2025-09-12 15:33:10,692 - SourceAnalyzer - DEBUG - logger.py:64 - YAML 설정 파일 로드 성공: d:\Analyzer\CreateMetaDb\projects\sampleSrc\config\target_source_config.yaml
2025-09-12 15:33:10,693 - SourceAnalyzer - DEBUG - logger.py:64 - 파일 읽기 성공: d:\Analyzer\CreateMetaDb\projects\sampleSrc\config\target_source_config.yaml
2025-09-12 15:33:10,697 - SourceAnalyzer - DEBUG - logger.py:64 - YAML 설정 파일 로드 성공: d:\Analyzer\CreateMetaDb\projects\sampleSrc\config\target_source_config.yaml
2025-09-12 15:33:10,698 - SourceAnalyzer - DEBUG - logger.py:64 - 파일 읽기 성공: d:\Analyzer\CreateMetaDb\projects\sampleSrc\config\target_source_config.yaml
2025-09-12 15:33:10,701 - SourceAnalyzer - DEBUG - logger.py:64 - YAML 설정 파일 로드 성공: d:\Analyzer\CreateMetaDb\projects\sampleSrc\config\target_source_config.yaml
2025-09-12 15:33:10,702 - SourceAnalyzer - INFO - logger.py:68 - 파일 스캔 완료: 총 34개 파일
2025-09-12 15:33:10,703 - SourceAnalyzer - DEBUG - logger.py:64 - 쿼리 실행 성공: SELECT project_id FROM projects WHERE project_name...
2025-09-12 15:33:10,703 - SourceAnalyzer - DEBUG - logger.py:64 - 쿼리 실행 성공: 
                SELECT COUNT(*) as count FROM fil...
2025-09-12 15:33:10,703 - SourceAnalyzer - DEBUG - logger.py:64 - 업데이트 쿼리 실행 성공: 
            UPDATE files
            SET file_typ..., 영향받은 행: 1
2025-09-12 15:33:10,703 - SourceAnalyzer - DEBUG - logger.py:64 - 쿼리 실행 성공: 
                SELECT COUNT(*) as count FROM fil...
2025-09-12 15:33:10,703 - SourceAnalyzer - DEBUG - logger.py:64 - 업데이트 쿼리 실행 성공: 
            UPDATE files
            SET file_typ..., 영향받은 행: 1
2025-09-12 15:33:10,703 - SourceAnalyzer - DEBUG - logger.py:64 - 쿼리 실행 성공: 
                SELECT COUNT(*) as count FROM fil...
2025-09-12 15:33:10,703 - SourceAnalyzer - DEBUG - logger.py:64 - 업데이트 쿼리 실행 성공: 
            UPDATE files
            SET file_typ..., 영향받은 행: 1
2025-09-12 15:33:10,703 - SourceAnalyzer - DEBUG - logger.py:64 - 쿼리 실행 성공: 
                SELECT COUNT(*) as count FROM fil...
2025-09-12 15:33:10,703 - SourceAnalyzer - DEBUG - logger.py:64 - 업데이트 쿼리 실행 성공: 
            UPDATE files
            SET file_typ..., 영향받은 행: 1
2025-09-12 15:33:10,703 - SourceAnalyzer - DEBUG - logger.py:64 - 쿼리 실행 성공: 
                SELECT COUNT(*) as count FROM fil...
2025-09-12 15:33:10,703 - SourceAnalyzer - DEBUG - logger.py:64 - 업데이트 쿼리 실행 성공: 
            UPDATE files
            SET file_typ..., 영향받은 행: 1
2025-09-12 15:33:10,703 - SourceAnalyzer - DEBUG - logger.py:64 - 쿼리 실행 성공: 
                SELECT COUNT(*) as count FROM fil...
2025-09-12 15:33:10,703 - SourceAnalyzer - DEBUG - logger.py:64 - 업데이트 쿼리 실행 성공: 
            UPDATE files
            SET file_typ..., 영향받은 행: 1
2025-09-12 15:33:10,704 - SourceAnalyzer - DEBUG - logger.py:64 - 쿼리 실행 성공: 
                SELECT COUNT(*) as count FROM fil...
2025-09-12 15:33:10,704 - SourceAnalyzer - DEBUG - logger.py:64 - 업데이트 쿼리 실행 성공: 
            UPDATE files
            SET file_typ..., 영향받은 행: 1
2025-09-12 15:33:10,704 - SourceAnalyzer - DEBUG - logger.py:64 - 쿼리 실행 성공: 
                SELECT COUNT(*) as count FROM fil...
2025-09-12 15:33:10,704 - SourceAnalyzer - DEBUG - logger.py:64 - 업데이트 쿼리 실행 성공: 
            UPDATE files
            SET file_typ..., 영향받은 행: 1
2025-09-12 15:33:10,704 - SourceAnalyzer - DEBUG - logger.py:64 - 쿼리 실행 성공: 
                SELECT COUNT(*) as count FROM fil...
2025-09-12 15:33:10,704 - SourceAnalyzer - DEBUG - logger.py:64 - 업데이트 쿼리 실행 성공: 
            UPDATE files
            SET file_typ..., 영향받은 행: 1
2025-09-12 15:33:10,704 - SourceAnalyzer - DEBUG - logger.py:64 - 쿼리 실행 성공: 
                SELECT COUNT(*) as count FROM fil...
2025-09-12 15:33:10,704 - SourceAnalyzer - DEBUG - logger.py:64 - 업데이트 쿼리 실행 성공: 
            UPDATE files
            SET file_typ..., 영향받은 행: 1
2025-09-12 15:33:10,704 - SourceAnalyzer - DEBUG - logger.py:64 - 쿼리 실행 성공: 
                SELECT COUNT(*) as count FROM fil...
2025-09-12 15:33:10,704 - SourceAnalyzer - DEBUG - logger.py:64 - 업데이트 쿼리 실행 성공: 
            UPDATE files
            SET file_typ..., 영향받은 행: 1
2025-09-12 15:33:10,704 - SourceAnalyzer - DEBUG - logger.py:64 - 쿼리 실행 성공: 
                SELECT COUNT(*) as count FROM fil...
2025-09-12 15:33:10,704 - SourceAnalyzer - DEBUG - logger.py:64 - 업데이트 쿼리 실행 성공: 
            UPDATE files
            SET file_typ..., 영향받은 행: 1
2025-09-12 15:33:10,704 - SourceAnalyzer - DEBUG - logger.py:64 - 쿼리 실행 성공: 
                SELECT COUNT(*) as count FROM fil...
2025-09-12 15:33:10,704 - SourceAnalyzer - DEBUG - logger.py:64 - 업데이트 쿼리 실행 성공: 
            UPDATE files
            SET file_typ..., 영향받은 행: 1
2025-09-12 15:33:10,704 - SourceAnalyzer - DEBUG - logger.py:64 - 쿼리 실행 성공: 
                SELECT COUNT(*) as count FROM fil...
2025-09-12 15:33:10,704 - SourceAnalyzer - DEBUG - logger.py:64 - 업데이트 쿼리 실행 성공: 
            UPDATE files
            SET file_typ..., 영향받은 행: 1
2025-09-12 15:33:10,704 - SourceAnalyzer - DEBUG - logger.py:64 - 쿼리 실행 성공: 
                SELECT COUNT(*) as count FROM fil...
2025-09-12 15:33:10,704 - SourceAnalyzer - DEBUG - logger.py:64 - 업데이트 쿼리 실행 성공: 
            UPDATE files
            SET file_typ..., 영향받은 행: 1
2025-09-12 15:33:10,705 - SourceAnalyzer - DEBUG - logger.py:64 - 쿼리 실행 성공: 
                SELECT COUNT(*) as count FROM fil...
2025-09-12 15:33:10,705 - SourceAnalyzer - DEBUG - logger.py:64 - 업데이트 쿼리 실행 성공: 
            UPDATE files
            SET file_typ..., 영향받은 행: 1
2025-09-12 15:33:10,705 - SourceAnalyzer - DEBUG - logger.py:64 - 쿼리 실행 성공: 
                SELECT COUNT(*) as count FROM fil...
2025-09-12 15:33:10,705 - SourceAnalyzer - DEBUG - logger.py:64 - 업데이트 쿼리 실행 성공: 
            UPDATE files
            SET file_typ..., 영향받은 행: 1
2025-09-12 15:33:10,705 - SourceAnalyzer - DEBUG - logger.py:64 - 쿼리 실행 성공: 
                SELECT COUNT(*) as count FROM fil...
2025-09-12 15:33:10,705 - SourceAnalyzer - DEBUG - logger.py:64 - 업데이트 쿼리 실행 성공: 
            UPDATE files
            SET file_typ..., 영향받은 행: 1
2025-09-12 15:33:10,705 - SourceAnalyzer - DEBUG - logger.py:64 - 쿼리 실행 성공: 
                SELECT COUNT(*) as count FROM fil...
2025-09-12 15:33:10,705 - SourceAnalyzer - DEBUG - logger.py:64 - 업데이트 쿼리 실행 성공: 
            UPDATE files
            SET file_typ..., 영향받은 행: 1
2025-09-12 15:33:10,705 - SourceAnalyzer - DEBUG - logger.py:64 - 쿼리 실행 성공: 
                SELECT COUNT(*) as count FROM fil...
2025-09-12 15:33:10,705 - SourceAnalyzer - DEBUG - logger.py:64 - 업데이트 쿼리 실행 성공: 
            UPDATE files
            SET file_typ..., 영향받은 행: 1
2025-09-12 15:33:10,705 - SourceAnalyzer - DEBUG - logger.py:64 - 쿼리 실행 성공: 
                SELECT COUNT(*) as count FROM fil...
2025-09-12 15:33:10,705 - SourceAnalyzer - DEBUG - logger.py:64 - 업데이트 쿼리 실행 성공: 
            UPDATE files
            SET file_typ..., 영향받은 행: 1
2025-09-12 15:33:10,705 - SourceAnalyzer - DEBUG - logger.py:64 - 쿼리 실행 성공: 
                SELECT COUNT(*) as count FROM fil...
2025-09-12 15:33:10,705 - SourceAnalyzer - DEBUG - logger.py:64 - 업데이트 쿼리 실행 성공: 
            UPDATE files
            SET file_typ..., 영향받은 행: 1
2025-09-12 15:33:10,705 - SourceAnalyzer - DEBUG - logger.py:64 - 쿼리 실행 성공: 
                SELECT COUNT(*) as count FROM fil...
2025-09-12 15:33:10,705 - SourceAnalyzer - DEBUG - logger.py:64 - 업데이트 쿼리 실행 성공: 
            UPDATE files
            SET file_typ..., 영향받은 행: 1
2025-09-12 15:33:10,705 - SourceAnalyzer - DEBUG - logger.py:64 - 쿼리 실행 성공: 
                SELECT COUNT(*) as count FROM fil...
2025-09-12 15:33:10,705 - SourceAnalyzer - DEBUG - logger.py:64 - 업데이트 쿼리 실행 성공: 
            UPDATE files
            SET file_typ..., 영향받은 행: 1
2025-09-12 15:33:10,706 - SourceAnalyzer - DEBUG - logger.py:64 - 쿼리 실행 성공: 
                SELECT COUNT(*) as count FROM fil...
2025-09-12 15:33:10,706 - SourceAnalyzer - DEBUG - logger.py:64 - 업데이트 쿼리 실행 성공: 
            UPDATE files
            SET file_typ..., 영향받은 행: 1
2025-09-12 15:33:10,706 - SourceAnalyzer - DEBUG - logger.py:64 - 쿼리 실행 성공: 
                SELECT COUNT(*) as count FROM fil...
2025-09-12 15:33:10,706 - SourceAnalyzer - DEBUG - logger.py:64 - 업데이트 쿼리 실행 성공: 
            UPDATE files
            SET file_typ..., 영향받은 행: 1
2025-09-12 15:33:10,706 - SourceAnalyzer - DEBUG - logger.py:64 - 쿼리 실행 성공: 
                SELECT COUNT(*) as count FROM fil...
2025-09-12 15:33:10,706 - SourceAnalyzer - DEBUG - logger.py:64 - 업데이트 쿼리 실행 성공: 
            UPDATE files
            SET file_typ..., 영향받은 행: 1
2025-09-12 15:33:10,706 - SourceAnalyzer - DEBUG - logger.py:64 - 쿼리 실행 성공: 
                SELECT COUNT(*) as count FROM fil...
2025-09-12 15:33:10,706 - SourceAnalyzer - DEBUG - logger.py:64 - 업데이트 쿼리 실행 성공: 
            UPDATE files
            SET file_typ..., 영향받은 행: 1
2025-09-12 15:33:10,706 - SourceAnalyzer - DEBUG - logger.py:64 - 쿼리 실행 성공: 
                SELECT COUNT(*) as count FROM fil...
2025-09-12 15:33:10,706 - SourceAnalyzer - DEBUG - logger.py:64 - 업데이트 쿼리 실행 성공: 
            UPDATE files
            SET file_typ..., 영향받은 행: 1
2025-09-12 15:33:10,706 - SourceAnalyzer - DEBUG - logger.py:64 - 쿼리 실행 성공: 
                SELECT COUNT(*) as count FROM fil...
2025-09-12 15:33:10,706 - SourceAnalyzer - DEBUG - logger.py:64 - 업데이트 쿼리 실행 성공: 
            UPDATE files
            SET file_typ..., 영향받은 행: 1
2025-09-12 15:33:10,707 - SourceAnalyzer - DEBUG - logger.py:64 - 쿼리 실행 성공: 
                SELECT COUNT(*) as count FROM fil...
2025-09-12 15:33:10,707 - SourceAnalyzer - DEBUG - logger.py:64 - 업데이트 쿼리 실행 성공: 
            UPDATE files
            SET file_typ..., 영향받은 행: 1
2025-09-12 15:33:10,707 - SourceAnalyzer - DEBUG - logger.py:64 - 쿼리 실행 성공: 
                SELECT COUNT(*) as count FROM fil...
2025-09-12 15:33:10,707 - SourceAnalyzer - DEBUG - logger.py:64 - 업데이트 쿼리 실행 성공: 
            UPDATE files
            SET file_typ..., 영향받은 행: 1
2025-09-12 15:33:10,707 - SourceAnalyzer - DEBUG - logger.py:64 - 쿼리 실행 성공: 
                SELECT COUNT(*) as count FROM fil...
2025-09-12 15:33:10,707 - SourceAnalyzer - DEBUG - logger.py:64 - 업데이트 쿼리 실행 성공: 
            UPDATE files
            SET file_typ..., 영향받은 행: 1
2025-09-12 15:33:10,707 - SourceAnalyzer - DEBUG - logger.py:64 - 쿼리 실행 성공: 
                SELECT COUNT(*) as count FROM fil...
2025-09-12 15:33:10,707 - SourceAnalyzer - DEBUG - logger.py:64 - 업데이트 쿼리 실행 성공: 
            UPDATE files
            SET file_typ..., 영향받은 행: 1
2025-09-12 15:33:10,707 - SourceAnalyzer - INFO - logger.py:68 - 파일 정보 저장 완료: 34개 파일
2025-09-12 15:33:10,707 - SourceAnalyzer - DEBUG - logger.py:64 - 업데이트 쿼리 실행 성공: UPDATE projects SET total_files = ? WHERE project_..., 영향받은 행: 1
2025-09-12 15:33:10,707 - SourceAnalyzer - DEBUG - logger.py:64 - 프로젝트 총 파일 수 업데이트: 34
2025-09-12 15:33:10,707 - SourceAnalyzer - INFO - logger.py:68 - === 파일 스캔 통계 ===
2025-09-12 15:33:10,707 - SourceAnalyzer - INFO - logger.py:68 - 총 파일 수: 34
2025-09-12 15:33:10,707 - SourceAnalyzer - INFO - logger.py:68 - 성공 스캔: 34
2025-09-12 15:33:10,707 - SourceAnalyzer - INFO - logger.py:68 - 오류 파일: 0
2025-09-12 15:33:10,707 - SourceAnalyzer - INFO - logger.py:68 - Java 파일: 19
2025-09-12 15:33:10,708 - SourceAnalyzer - INFO - logger.py:68 - XML 파일: 5
2025-09-12 15:33:10,708 - SourceAnalyzer - INFO - logger.py:68 - JSP 파일: 8
2025-09-12 15:33:10,708 - SourceAnalyzer - INFO - logger.py:68 - SQL 파일: 0
2025-09-12 15:33:10,708 - SourceAnalyzer - INFO - logger.py:68 - CSV 파일: 2
2025-09-12 15:33:10,708 - SourceAnalyzer - INFO - logger.py:68 - 기타 파일: 0
2025-09-12 15:33:10,708 - SourceAnalyzer - INFO - logger.py:68 - === 파일 스캔 완료 ===
2025-09-12 15:33:10,710 - SourceAnalyzer - DEBUG - logger.py:64 - 데이터베이스 연결 해제: d:\Analyzer\CreateMetaDb\projects\sampleSrc\metadata.db
2025-09-12 15:33:10,711 - SourceAnalyzer - INFO - logger.py:68 - 파일 스캔 완료: 파일 정보 저장
2025-09-12 15:33:10,711 - SourceAnalyzer - INFO - logger.py:68 - === 데이터베이스 로딩 시작: 데이터베이스 구조 저장 ===
2025-09-12 15:33:10,712 - SourceAnalyzer - DEBUG - logger.py:64 - 데이터베이스 연결 성공: d:\Analyzer\CreateMetaDb\projects\sampleSrc\metadata.db
2025-09-12 15:33:10,713 - SourceAnalyzer - WARNING - logger.py:72 - 인코딩 오류, 다른 인코딩으로 재시도: d:\Analyzer\CreateMetaDb\projects\sampleSrc\db_schema\ALL_TABLES.csv
2025-09-12 15:33:10,713 - SourceAnalyzer - DEBUG - logger.py:64 - 파일 읽기 성공 (cp949): d:\Analyzer\CreateMetaDb\projects\sampleSrc\db_schema\ALL_TABLES.csv
2025-09-12 15:33:10,713 - SourceAnalyzer - INFO - logger.py:68 - CSV 파일 로드 완료: d:\Analyzer\CreateMetaDb\projects\sampleSrc\db_schema\ALL_TABLES.csv, 16개 행
2025-09-12 15:33:10,713 - SourceAnalyzer - DEBUG - logger.py:64 - 쿼리 실행 성공: 
                SELECT f.file_id 
               ...
2025-09-12 15:33:10,714 - SourceAnalyzer - DEBUG - logger.py:64 - 배치 쿼리 실행 성공: 
            INSERT OR IGNORE INTO tables (project..., 처리된 행: 16
2025-09-12 15:33:10,714 - SourceAnalyzer - INFO - logger.py:68 - 테이블 정보 저장 완료: 16개 테이블 (오류: 0개)
2025-09-12 15:33:10,715 - SourceAnalyzer - WARNING - logger.py:72 - 인코딩 오류, 다른 인코딩으로 재시도: d:\Analyzer\CreateMetaDb\projects\sampleSrc\db_schema\ALL_TAB_COLUMNS.csv
2025-09-12 15:33:10,715 - SourceAnalyzer - DEBUG - logger.py:64 - 파일 읽기 성공 (cp949): d:\Analyzer\CreateMetaDb\projects\sampleSrc\db_schema\ALL_TAB_COLUMNS.csv
2025-09-12 15:33:10,715 - SourceAnalyzer - INFO - logger.py:68 - CSV 파일 로드 완료: d:\Analyzer\CreateMetaDb\projects\sampleSrc\db_schema\ALL_TAB_COLUMNS.csv, 91개 행
2025-09-12 15:33:10,715 - SourceAnalyzer - DEBUG - logger.py:64 - 쿼리 실행 성공: 
                SELECT t.table_id 
              ...
2025-09-12 15:33:10,715 - SourceAnalyzer - DEBUG - logger.py:64 - 쿼리 실행 성공: 
                SELECT t.table_id 
              ...
2025-09-12 15:33:10,715 - SourceAnalyzer - DEBUG - logger.py:64 - 쿼리 실행 성공: 
                SELECT t.table_id 
              ...
2025-09-12 15:33:10,715 - SourceAnalyzer - DEBUG - logger.py:64 - 쿼리 실행 성공: 
                SELECT t.table_id 
              ...
2025-09-12 15:33:10,715 - SourceAnalyzer - DEBUG - logger.py:64 - 쿼리 실행 성공: 
                SELECT t.table_id 
              ...
2025-09-12 15:33:10,715 - SourceAnalyzer - DEBUG - logger.py:64 - 쿼리 실행 성공: 
                SELECT t.table_id 
              ...
2025-09-12 15:33:10,715 - SourceAnalyzer - DEBUG - logger.py:64 - 쿼리 실행 성공: 
                SELECT t.table_id 
              ...
2025-09-12 15:33:10,716 - SourceAnalyzer - DEBUG - logger.py:64 - 쿼리 실행 성공: 
                SELECT t.table_id 
              ...
2025-09-12 15:33:10,716 - SourceAnalyzer - DEBUG - logger.py:64 - 쿼리 실행 성공: 
                SELECT t.table_id 
              ...
2025-09-12 15:33:10,716 - SourceAnalyzer - DEBUG - logger.py:64 - 쿼리 실행 성공: 
                SELECT t.table_id 
              ...
2025-09-12 15:33:10,716 - SourceAnalyzer - DEBUG - logger.py:64 - 쿼리 실행 성공: 
                SELECT t.table_id 
              ...
2025-09-12 15:33:10,716 - SourceAnalyzer - DEBUG - logger.py:64 - 쿼리 실행 성공: 
                SELECT t.table_id 
              ...
2025-09-12 15:33:10,716 - SourceAnalyzer - DEBUG - logger.py:64 - 쿼리 실행 성공: 
                SELECT t.table_id 
              ...
2025-09-12 15:33:10,716 - SourceAnalyzer - DEBUG - logger.py:64 - 쿼리 실행 성공: 
                SELECT t.table_id 
              ...
2025-09-12 15:33:10,716 - SourceAnalyzer - DEBUG - logger.py:64 - 쿼리 실행 성공: 
                SELECT t.table_id 
              ...
2025-09-12 15:33:10,716 - SourceAnalyzer - DEBUG - logger.py:64 - 쿼리 실행 성공: 
                SELECT t.table_id 
              ...
2025-09-12 15:33:10,716 - SourceAnalyzer - DEBUG - logger.py:64 - 쿼리 실행 성공: 
                SELECT t.table_id 
              ...
2025-09-12 15:33:10,716 - SourceAnalyzer - DEBUG - logger.py:64 - 쿼리 실행 성공: 
                SELECT t.table_id 
              ...
2025-09-12 15:33:10,716 - SourceAnalyzer - DEBUG - logger.py:64 - 쿼리 실행 성공: 
                SELECT t.table_id 
              ...
2025-09-12 15:33:10,716 - SourceAnalyzer - DEBUG - logger.py:64 - 쿼리 실행 성공: 
                SELECT t.table_id 
              ...
2025-09-12 15:33:10,716 - SourceAnalyzer - DEBUG - logger.py:64 - 쿼리 실행 성공: 
                SELECT t.table_id 
              ...
2025-09-12 15:33:10,716 - SourceAnalyzer - DEBUG - logger.py:64 - 쿼리 실행 성공: 
                SELECT t.table_id 
              ...
2025-09-12 15:33:10,716 - SourceAnalyzer - DEBUG - logger.py:64 - 쿼리 실행 성공: 
                SELECT t.table_id 
              ...
2025-09-12 15:33:10,716 - SourceAnalyzer - DEBUG - logger.py:64 - 쿼리 실행 성공: 
                SELECT t.table_id 
              ...
2025-09-12 15:33:10,716 - SourceAnalyzer - DEBUG - logger.py:64 - 쿼리 실행 성공: 
                SELECT t.table_id 
              ...
2025-09-12 15:33:10,717 - SourceAnalyzer - DEBUG - logger.py:64 - 쿼리 실행 성공: 
                SELECT t.table_id 
              ...
2025-09-12 15:33:10,717 - SourceAnalyzer - DEBUG - logger.py:64 - 쿼리 실행 성공: 
                SELECT t.table_id 
              ...
2025-09-12 15:33:10,717 - SourceAnalyzer - DEBUG - logger.py:64 - 쿼리 실행 성공: 
                SELECT t.table_id 
              ...
2025-09-12 15:33:10,717 - SourceAnalyzer - DEBUG - logger.py:64 - 쿼리 실행 성공: 
                SELECT t.table_id 
              ...
2025-09-12 15:33:10,717 - SourceAnalyzer - DEBUG - logger.py:64 - 쿼리 실행 성공: 
                SELECT t.table_id 
              ...
2025-09-12 15:33:10,717 - SourceAnalyzer - DEBUG - logger.py:64 - 쿼리 실행 성공: 
                SELECT t.table_id 
              ...
2025-09-12 15:33:10,717 - SourceAnalyzer - DEBUG - logger.py:64 - 쿼리 실행 성공: 
                SELECT t.table_id 
              ...
2025-09-12 15:33:10,717 - SourceAnalyzer - DEBUG - logger.py:64 - 쿼리 실행 성공: 
                SELECT t.table_id 
              ...
2025-09-12 15:33:10,717 - SourceAnalyzer - DEBUG - logger.py:64 - 쿼리 실행 성공: 
                SELECT t.table_id 
              ...
2025-09-12 15:33:10,717 - SourceAnalyzer - DEBUG - logger.py:64 - 쿼리 실행 성공: 
                SELECT t.table_id 
              ...
2025-09-12 15:33:10,717 - SourceAnalyzer - DEBUG - logger.py:64 - 쿼리 실행 성공: 
                SELECT t.table_id 
              ...
2025-09-12 15:33:10,717 - SourceAnalyzer - DEBUG - logger.py:64 - 쿼리 실행 성공: 
                SELECT t.table_id 
              ...
2025-09-12 15:33:10,717 - SourceAnalyzer - DEBUG - logger.py:64 - 쿼리 실행 성공: 
                SELECT t.table_id 
              ...
2025-09-12 15:33:10,717 - SourceAnalyzer - DEBUG - logger.py:64 - 쿼리 실행 성공: 
                SELECT t.table_id 
              ...
2025-09-12 15:33:10,717 - SourceAnalyzer - DEBUG - logger.py:64 - 쿼리 실행 성공: 
                SELECT t.table_id 
              ...
2025-09-12 15:33:10,717 - SourceAnalyzer - DEBUG - logger.py:64 - 쿼리 실행 성공: 
                SELECT t.table_id 
              ...
2025-09-12 15:33:10,718 - SourceAnalyzer - DEBUG - logger.py:64 - 쿼리 실행 성공: 
                SELECT t.table_id 
              ...
2025-09-12 15:33:10,718 - SourceAnalyzer - DEBUG - logger.py:64 - 쿼리 실행 성공: 
                SELECT t.table_id 
              ...
2025-09-12 15:33:10,718 - SourceAnalyzer - DEBUG - logger.py:64 - 쿼리 실행 성공: 
                SELECT t.table_id 
              ...
2025-09-12 15:33:10,718 - SourceAnalyzer - DEBUG - logger.py:64 - 쿼리 실행 성공: 
                SELECT t.table_id 
              ...
2025-09-12 15:33:10,718 - SourceAnalyzer - DEBUG - logger.py:64 - 쿼리 실행 성공: 
                SELECT t.table_id 
              ...
2025-09-12 15:33:10,718 - SourceAnalyzer - DEBUG - logger.py:64 - 쿼리 실행 성공: 
                SELECT t.table_id 
              ...
2025-09-12 15:33:10,718 - SourceAnalyzer - DEBUG - logger.py:64 - 쿼리 실행 성공: 
                SELECT t.table_id 
              ...
2025-09-12 15:33:10,718 - SourceAnalyzer - DEBUG - logger.py:64 - 쿼리 실행 성공: 
                SELECT t.table_id 
              ...
2025-09-12 15:33:10,718 - SourceAnalyzer - DEBUG - logger.py:64 - 쿼리 실행 성공: 
                SELECT t.table_id 
              ...
2025-09-12 15:33:10,718 - SourceAnalyzer - DEBUG - logger.py:64 - 쿼리 실행 성공: 
                SELECT t.table_id 
              ...
2025-09-12 15:33:10,718 - SourceAnalyzer - DEBUG - logger.py:64 - 쿼리 실행 성공: 
                SELECT t.table_id 
              ...
2025-09-12 15:33:10,718 - SourceAnalyzer - DEBUG - logger.py:64 - 쿼리 실행 성공: 
                SELECT t.table_id 
              ...
2025-09-12 15:33:10,718 - SourceAnalyzer - DEBUG - logger.py:64 - 쿼리 실행 성공: 
                SELECT t.table_id 
              ...
2025-09-12 15:33:10,718 - SourceAnalyzer - DEBUG - logger.py:64 - 쿼리 실행 성공: 
                SELECT t.table_id 
              ...
2025-09-12 15:33:10,718 - SourceAnalyzer - DEBUG - logger.py:64 - 쿼리 실행 성공: 
                SELECT t.table_id 
              ...
2025-09-12 15:33:10,718 - SourceAnalyzer - DEBUG - logger.py:64 - 쿼리 실행 성공: 
                SELECT t.table_id 
              ...
2025-09-12 15:33:10,718 - SourceAnalyzer - DEBUG - logger.py:64 - 쿼리 실행 성공: 
                SELECT t.table_id 
              ...
2025-09-12 15:33:10,718 - SourceAnalyzer - DEBUG - logger.py:64 - 쿼리 실행 성공: 
                SELECT t.table_id 
              ...
2025-09-12 15:33:10,719 - SourceAnalyzer - DEBUG - logger.py:64 - 쿼리 실행 성공: 
                SELECT t.table_id 
              ...
2025-09-12 15:33:10,719 - SourceAnalyzer - DEBUG - logger.py:64 - 쿼리 실행 성공: 
                SELECT t.table_id 
              ...
2025-09-12 15:33:10,719 - SourceAnalyzer - DEBUG - logger.py:64 - 쿼리 실행 성공: 
                SELECT t.table_id 
              ...
2025-09-12 15:33:10,719 - SourceAnalyzer - DEBUG - logger.py:64 - 쿼리 실행 성공: 
                SELECT t.table_id 
              ...
2025-09-12 15:33:10,719 - SourceAnalyzer - DEBUG - logger.py:64 - 쿼리 실행 성공: 
                SELECT t.table_id 
              ...
2025-09-12 15:33:10,719 - SourceAnalyzer - DEBUG - logger.py:64 - 쿼리 실행 성공: 
                SELECT t.table_id 
              ...
2025-09-12 15:33:10,719 - SourceAnalyzer - DEBUG - logger.py:64 - 쿼리 실행 성공: 
                SELECT t.table_id 
              ...
2025-09-12 15:33:10,719 - SourceAnalyzer - DEBUG - logger.py:64 - 쿼리 실행 성공: 
                SELECT t.table_id 
              ...
2025-09-12 15:33:10,719 - SourceAnalyzer - DEBUG - logger.py:64 - 쿼리 실행 성공: 
                SELECT t.table_id 
              ...
2025-09-12 15:33:10,719 - SourceAnalyzer - DEBUG - logger.py:64 - 쿼리 실행 성공: 
                SELECT t.table_id 
              ...
2025-09-12 15:33:10,719 - SourceAnalyzer - DEBUG - logger.py:64 - 쿼리 실행 성공: 
                SELECT t.table_id 
              ...
2025-09-12 15:33:10,719 - SourceAnalyzer - DEBUG - logger.py:64 - 쿼리 실행 성공: 
                SELECT t.table_id 
              ...
2025-09-12 15:33:10,719 - SourceAnalyzer - DEBUG - logger.py:64 - 쿼리 실행 성공: 
                SELECT t.table_id 
              ...
2025-09-12 15:33:10,719 - SourceAnalyzer - DEBUG - logger.py:64 - 쿼리 실행 성공: 
                SELECT t.table_id 
              ...
2025-09-12 15:33:10,719 - SourceAnalyzer - DEBUG - logger.py:64 - 쿼리 실행 성공: 
                SELECT t.table_id 
              ...
2025-09-12 15:33:10,719 - SourceAnalyzer - DEBUG - logger.py:64 - 쿼리 실행 성공: 
                SELECT t.table_id 
              ...
2025-09-12 15:33:10,719 - SourceAnalyzer - DEBUG - logger.py:64 - 쿼리 실행 성공: 
                SELECT t.table_id 
              ...
2025-09-12 15:33:10,719 - SourceAnalyzer - DEBUG - logger.py:64 - 쿼리 실행 성공: 
                SELECT t.table_id 
              ...
2025-09-12 15:33:10,720 - SourceAnalyzer - DEBUG - logger.py:64 - 쿼리 실행 성공: 
                SELECT t.table_id 
              ...
2025-09-12 15:33:10,720 - SourceAnalyzer - DEBUG - logger.py:64 - 쿼리 실행 성공: 
                SELECT t.table_id 
              ...
2025-09-12 15:33:10,720 - SourceAnalyzer - DEBUG - logger.py:64 - 쿼리 실행 성공: 
                SELECT t.table_id 
              ...
2025-09-12 15:33:10,720 - SourceAnalyzer - DEBUG - logger.py:64 - 쿼리 실행 성공: 
                SELECT t.table_id 
              ...
2025-09-12 15:33:10,720 - SourceAnalyzer - DEBUG - logger.py:64 - 쿼리 실행 성공: 
                SELECT t.table_id 
              ...
2025-09-12 15:33:10,720 - SourceAnalyzer - DEBUG - logger.py:64 - 쿼리 실행 성공: 
                SELECT t.table_id 
              ...
2025-09-12 15:33:10,720 - SourceAnalyzer - DEBUG - logger.py:64 - 쿼리 실행 성공: 
                SELECT t.table_id 
              ...
2025-09-12 15:33:10,720 - SourceAnalyzer - DEBUG - logger.py:64 - 쿼리 실행 성공: 
                SELECT t.table_id 
              ...
2025-09-12 15:33:10,720 - SourceAnalyzer - DEBUG - logger.py:64 - 쿼리 실행 성공: 
                SELECT t.table_id 
              ...
2025-09-12 15:33:10,720 - SourceAnalyzer - DEBUG - logger.py:64 - 쿼리 실행 성공: 
                SELECT t.table_id 
              ...
2025-09-12 15:33:10,720 - SourceAnalyzer - DEBUG - logger.py:64 - 쿼리 실행 성공: 
                SELECT t.table_id 
              ...
2025-09-12 15:33:10,720 - SourceAnalyzer - DEBUG - logger.py:64 - 쿼리 실행 성공: 
                SELECT t.table_id 
              ...
2025-09-12 15:33:10,720 - SourceAnalyzer - DEBUG - logger.py:64 - 쿼리 실행 성공: 
                SELECT t.table_id 
              ...
2025-09-12 15:33:10,720 - SourceAnalyzer - DEBUG - logger.py:64 - 쿼리 실행 성공: 
                SELECT t.table_id 
              ...
2025-09-12 15:33:10,721 - SourceAnalyzer - DEBUG - logger.py:64 - 배치 쿼리 실행 성공: 
            INSERT OR IGNORE INTO columns (table_..., 처리된 행: 91
2025-09-12 15:33:10,721 - SourceAnalyzer - INFO - logger.py:68 - 컬럼 정보 저장 완료: 91개 컬럼 (오류: 0개)
2025-09-12 15:33:10,721 - SourceAnalyzer - DEBUG - logger.py:64 - 쿼리 실행 성공: 
                SELECT f.file_id 
               ...
2025-09-12 15:33:10,721 - SourceAnalyzer - DEBUG - logger.py:64 - 쿼리 실행 성공: 
                SELECT table_id, table_name, tabl...
2025-09-12 15:33:10,721 - SourceAnalyzer - DEBUG - logger.py:64 - 배치 쿼리 실행 성공: 
            INSERT OR IGNORE INTO components (pro..., 처리된 행: 32
2025-09-12 15:33:10,721 - SourceAnalyzer - INFO - logger.py:68 - 테이블 컴포넌트 생성 완료: 32개
2025-09-12 15:33:10,722 - SourceAnalyzer - DEBUG - logger.py:64 - 업데이트 쿼리 실행 성공: 
                UPDATE tables 
                SE..., 영향받은 행: 32
2025-09-12 15:33:10,722 - SourceAnalyzer - DEBUG - logger.py:64 - 테이블 component_id 업데이트 완료
2025-09-12 15:33:10,722 - SourceAnalyzer - DEBUG - logger.py:64 - 쿼리 실행 성공: 
                SELECT f.file_id 
               ...
2025-09-12 15:33:10,722 - SourceAnalyzer - DEBUG - logger.py:64 - 쿼리 실행 성공: 
                SELECT c.column_id, c.column_name...
2025-09-12 15:33:10,723 - SourceAnalyzer - DEBUG - logger.py:64 - 배치 쿼리 실행 성공: 
            INSERT OR IGNORE INTO components (pro..., 처리된 행: 91
2025-09-12 15:33:10,723 - SourceAnalyzer - INFO - logger.py:68 - 컬럼 컴포넌트 생성 완료: 91개
2025-09-12 15:33:10,723 - SourceAnalyzer - INFO - logger.py:68 - === 데이터베이스 구조 저장 통계 ===
2025-09-12 15:33:10,723 - SourceAnalyzer - INFO - logger.py:68 - 테이블 로드: 16 (오류: 0)
2025-09-12 15:33:10,723 - SourceAnalyzer - INFO - logger.py:68 - 컬럼 로드: 91 (오류: 0)
2025-09-12 15:33:10,723 - SourceAnalyzer - INFO - logger.py:68 - 컴포넌트 생성: 123 (오류: 0)
2025-09-12 15:33:10,723 - SourceAnalyzer - INFO - logger.py:68 - 오류 없이 완료
2025-09-12 15:33:10,723 - SourceAnalyzer - INFO - logger.py:68 - === 데이터베이스 로딩 완료 ===
2025-09-12 15:33:10,725 - SourceAnalyzer - DEBUG - logger.py:64 - 데이터베이스 연결 해제: d:\Analyzer\CreateMetaDb\projects\sampleSrc\metadata.db
2025-09-12 15:33:10,725 - SourceAnalyzer - INFO - logger.py:68 - 데이터베이스 로딩 완료: 데이터베이스 구조 저장
2025-09-12 15:33:10,753 - SourceAnalyzer - DEBUG - logger.py:64 - 파일 읽기 성공: config/parser/sql_keyword.yaml
2025-09-12 15:33:10,772 - SourceAnalyzer - DEBUG - logger.py:64 - YAML 설정 파일 로드 성공: config/parser/sql_keyword.yaml
2025-09-12 15:33:10,772 - SourceAnalyzer - INFO - logger.py:68 - === XML 로딩 시작: 3~4단계 통합 처리 ===
2025-09-12 15:33:10,774 - SourceAnalyzer - DEBUG - logger.py:64 - 데이터베이스 연결 성공: d:\Analyzer\CreateMetaDb\projects\sampleSrc\metadata.db
2025-09-12 15:33:10,775 - SourceAnalyzer - DEBUG - logger.py:64 - 파일 읽기 성공: d:\Analyzer\CreateMetaDb\projects\sampleSrc\src\com\example\dynamicquery\UserMapper.xml
2025-09-12 15:33:10,776 - SourceAnalyzer - DEBUG - logger.py:64 - 파일 읽기 성공: d:\Analyzer\CreateMetaDb\projects\sampleSrc\src\main\resources\mybatis\mapper\ImplicitJoinMapper.xml
2025-09-12 15:33:10,776 - SourceAnalyzer - DEBUG - logger.py:64 - 파일 읽기 성공: d:\Analyzer\CreateMetaDb\projects\sampleSrc\src\main\resources\mybatis\mapper\MixedErrorMapper.xml
2025-09-12 15:33:10,776 - SourceAnalyzer - DEBUG - logger.py:64 - 파일 읽기 성공: d:\Analyzer\CreateMetaDb\projects\sampleSrc\src\main\resources\mybatis\mapper\ProductMapper.xml
2025-09-12 15:33:10,776 - SourceAnalyzer - DEBUG - logger.py:64 - 파일 읽기 성공: d:\Analyzer\CreateMetaDb\projects\sampleSrc\src\main\resources\mybatis\mapper\UserMapper.xml
2025-09-12 15:33:10,777 - SourceAnalyzer - INFO - logger.py:68 - MyBatis XML 파일 수집 완료: 5개
2025-09-12 15:33:10,778 - SourceAnalyzer - DEBUG - logger.py:64 - 파일 읽기 성공: d:\Analyzer\CreateMetaDb\projects\sampleSrc\src\com\example\dynamicquery\UserMapper.xml
2025-09-12 15:33:10,794 - SourceAnalyzer - DEBUG - logger.py:64 - 파일 읽기 성공: d:\Analyzer\CreateMetaDb\projects\sampleSrc\src\com\example\dynamicquery\UserMapper.xml
2025-09-12 15:33:10,794 - SourceAnalyzer - DEBUG - logger.py:64 - 쿼리 실행 성공: SELECT project_id FROM projects WHERE project_name...
2025-09-12 15:33:10,794 - SourceAnalyzer - DEBUG - logger.py:64 - 쿼리 실행 성공: 
                SELECT file_id FROM files 
      ...
2025-09-12 15:33:10,794 - SourceAnalyzer - DEBUG - logger.py:64 - 쿼리 실행 성공: 
                SELECT file_id FROM files 
      ...
2025-09-12 15:33:10,796 - SourceAnalyzer - DEBUG - logger.py:64 - 배치 쿼리 실행 성공: 
            INSERT OR IGNORE INTO components (pro..., 처리된 행: 2
2025-09-12 15:33:10,796 - SourceAnalyzer - INFO - logger.py:68 - SQL 컴포넌트 저장 완료: 2개
2025-09-12 15:33:10,796 - SourceAnalyzer - DEBUG - logger.py:64 - 쿼리 실행 성공: SELECT project_id FROM projects WHERE project_name...
2025-09-12 15:33:10,796 - SourceAnalyzer - WARNING - logger.py:72 - 테이블 컴포넌트 ID 조회 실패: 'PathUtils' object has no attribute 'get_table_component_id'
2025-09-12 15:33:10,796 - SourceAnalyzer - DEBUG - logger.py:64 - 업데이트 쿼리 실행 성공: 
            INSERT OR IGNORE INTO tables (project..., 영향받은 행: 0
2025-09-12 15:33:10,796 - SourceAnalyzer - WARNING - logger.py:72 - 테이블 컴포넌트 ID 조회 실패: 'PathUtils' object has no attribute 'get_table_component_id'
2025-09-12 15:33:10,796 - SourceAnalyzer - DEBUG - logger.py:64 - 업데이트 쿼리 실행 성공: 
            INSERT OR IGNORE INTO tables (project..., 영향받은 행: 0
2025-09-12 15:33:10,796 - SourceAnalyzer - WARNING - logger.py:72 - 저장할 유효한 JOIN 관계가 없습니다
2025-09-12 15:33:10,797 - SourceAnalyzer - DEBUG - logger.py:64 - 파일 읽기 성공: d:\Analyzer\CreateMetaDb\projects\sampleSrc\src\main\resources\mybatis\mapper\ImplicitJoinMapper.xml
2025-09-12 15:33:10,797 - SourceAnalyzer - DEBUG - logger.py:64 - 파일 읽기 성공: d:\Analyzer\CreateMetaDb\projects\sampleSrc\src\main\resources\mybatis\mapper\ImplicitJoinMapper.xml
2025-09-12 15:33:10,797 - SourceAnalyzer - DEBUG - logger.py:64 - 파일 읽기 성공: d:\Analyzer\CreateMetaDb\projects\sampleSrc\src\main\resources\mybatis\mapper\ImplicitJoinMapper.xml
2025-09-12 15:33:10,798 - SourceAnalyzer - DEBUG - logger.py:64 - 파일 읽기 성공: d:\Analyzer\CreateMetaDb\projects\sampleSrc\src\main\resources\mybatis\mapper\ImplicitJoinMapper.xml
2025-09-12 15:33:10,798 - SourceAnalyzer - DEBUG - logger.py:64 - 파일 읽기 성공: d:\Analyzer\CreateMetaDb\projects\sampleSrc\src\main\resources\mybatis\mapper\ImplicitJoinMapper.xml
2025-09-12 15:33:10,798 - SourceAnalyzer - DEBUG - logger.py:64 - 쿼리 실행 성공: SELECT project_id FROM projects WHERE project_name...
2025-09-12 15:33:10,798 - SourceAnalyzer - DEBUG - logger.py:64 - 쿼리 실행 성공: 
                SELECT file_id FROM files 
      ...
2025-09-12 15:33:10,798 - SourceAnalyzer - DEBUG - logger.py:64 - 쿼리 실행 성공: 
                SELECT file_id FROM files 
      ...
2025-09-12 15:33:10,799 - SourceAnalyzer - DEBUG - logger.py:64 - 쿼리 실행 성공: 
                SELECT file_id FROM files 
      ...
2025-09-12 15:33:10,799 - SourceAnalyzer - DEBUG - logger.py:64 - 쿼리 실행 성공: 
                SELECT file_id FROM files 
      ...
2025-09-12 15:33:10,799 - SourceAnalyzer - DEBUG - logger.py:64 - 쿼리 실행 성공: 
                SELECT file_id FROM files 
      ...
2025-09-12 15:33:10,799 - SourceAnalyzer - DEBUG - logger.py:64 - 배치 쿼리 실행 성공: 
            INSERT OR IGNORE INTO components (pro..., 처리된 행: 5
2025-09-12 15:33:10,799 - SourceAnalyzer - INFO - logger.py:68 - SQL 컴포넌트 저장 완료: 5개
2025-09-12 15:33:10,799 - SourceAnalyzer - DEBUG - logger.py:64 - 쿼리 실행 성공: SELECT project_id FROM projects WHERE project_name...
2025-09-12 15:33:10,799 - SourceAnalyzer - WARNING - logger.py:72 - 테이블 컴포넌트 ID 조회 실패: 'PathUtils' object has no attribute 'get_table_component_id'
2025-09-12 15:33:10,799 - SourceAnalyzer - DEBUG - logger.py:64 - 업데이트 쿼리 실행 성공: 
            INSERT OR IGNORE INTO tables (project..., 영향받은 행: 0
2025-09-12 15:33:10,799 - SourceAnalyzer - WARNING - logger.py:72 - 테이블 컴포넌트 ID 조회 실패: 'PathUtils' object has no attribute 'get_table_component_id'
2025-09-12 15:33:10,799 - SourceAnalyzer - DEBUG - logger.py:64 - 업데이트 쿼리 실행 성공: 
            INSERT OR IGNORE INTO tables (project..., 영향받은 행: 0
2025-09-12 15:33:10,799 - SourceAnalyzer - WARNING - logger.py:72 - 테이블 컴포넌트 ID 조회 실패: 'PathUtils' object has no attribute 'get_table_component_id'
2025-09-12 15:33:10,799 - SourceAnalyzer - DEBUG - logger.py:64 - 업데이트 쿼리 실행 성공: 
            INSERT OR IGNORE INTO tables (project..., 영향받은 행: 0
2025-09-12 15:33:10,799 - SourceAnalyzer - WARNING - logger.py:72 - 테이블 컴포넌트 ID 조회 실패: 'PathUtils' object has no attribute 'get_table_component_id'
2025-09-12 15:33:10,800 - SourceAnalyzer - DEBUG - logger.py:64 - 업데이트 쿼리 실행 성공: 
            INSERT OR IGNORE INTO tables (project..., 영향받은 행: 0
2025-09-12 15:33:10,800 - SourceAnalyzer - WARNING - logger.py:72 - 테이블 컴포넌트 ID 조회 실패: 'PathUtils' object has no attribute 'get_table_component_id'
2025-09-12 15:33:10,800 - SourceAnalyzer - DEBUG - logger.py:64 - 업데이트 쿼리 실행 성공: 
            INSERT OR IGNORE INTO tables (project..., 영향받은 행: 0
2025-09-12 15:33:10,800 - SourceAnalyzer - WARNING - logger.py:72 - 테이블 컴포넌트 ID 조회 실패: 'PathUtils' object has no attribute 'get_table_component_id'
2025-09-12 15:33:10,800 - SourceAnalyzer - DEBUG - logger.py:64 - 업데이트 쿼리 실행 성공: 
            INSERT OR IGNORE INTO tables (project..., 영향받은 행: 0
2025-09-12 15:33:10,800 - SourceAnalyzer - WARNING - logger.py:72 - 테이블 컴포넌트 ID 조회 실패: 'PathUtils' object has no attribute 'get_table_component_id'
2025-09-12 15:33:10,800 - SourceAnalyzer - DEBUG - logger.py:64 - 업데이트 쿼리 실행 성공: 
            INSERT OR IGNORE INTO tables (project..., 영향받은 행: 0
2025-09-12 15:33:10,800 - SourceAnalyzer - WARNING - logger.py:72 - 테이블 컴포넌트 ID 조회 실패: 'PathUtils' object has no attribute 'get_table_component_id'
2025-09-12 15:33:10,800 - SourceAnalyzer - DEBUG - logger.py:64 - 업데이트 쿼리 실행 성공: 
            INSERT OR IGNORE INTO tables (project..., 영향받은 행: 0
2025-09-12 15:33:10,800 - SourceAnalyzer - WARNING - logger.py:72 - 저장할 유효한 JOIN 관계가 없습니다
2025-09-12 15:33:10,801 - SourceAnalyzer - DEBUG - logger.py:64 - 파일 읽기 성공: d:\Analyzer\CreateMetaDb\projects\sampleSrc\src\main\resources\mybatis\mapper\MixedErrorMapper.xml
2025-09-12 15:33:10,801 - SourceAnalyzer - DEBUG - logger.py:64 - 파일 읽기 성공: d:\Analyzer\CreateMetaDb\projects\sampleSrc\src\main\resources\mybatis\mapper\MixedErrorMapper.xml
2025-09-12 15:33:10,802 - SourceAnalyzer - DEBUG - logger.py:64 - 파일 읽기 성공: d:\Analyzer\CreateMetaDb\projects\sampleSrc\src\main\resources\mybatis\mapper\MixedErrorMapper.xml
2025-09-12 15:33:10,802 - SourceAnalyzer - DEBUG - logger.py:64 - 파일 읽기 성공: d:\Analyzer\CreateMetaDb\projects\sampleSrc\src\main\resources\mybatis\mapper\MixedErrorMapper.xml
2025-09-12 15:33:10,802 - SourceAnalyzer - DEBUG - logger.py:64 - 파일 읽기 성공: d:\Analyzer\CreateMetaDb\projects\sampleSrc\src\main\resources\mybatis\mapper\MixedErrorMapper.xml
2025-09-12 15:33:10,803 - SourceAnalyzer - DEBUG - logger.py:64 - 파일 읽기 성공: d:\Analyzer\CreateMetaDb\projects\sampleSrc\src\main\resources\mybatis\mapper\MixedErrorMapper.xml
2025-09-12 15:33:10,803 - SourceAnalyzer - DEBUG - logger.py:64 - 파일 읽기 성공: d:\Analyzer\CreateMetaDb\projects\sampleSrc\src\main\resources\mybatis\mapper\MixedErrorMapper.xml
2025-09-12 15:33:10,803 - SourceAnalyzer - DEBUG - logger.py:64 - 파일 읽기 성공: d:\Analyzer\CreateMetaDb\projects\sampleSrc\src\main\resources\mybatis\mapper\MixedErrorMapper.xml
2025-09-12 15:33:10,804 - SourceAnalyzer - DEBUG - logger.py:64 - 파일 읽기 성공: d:\Analyzer\CreateMetaDb\projects\sampleSrc\src\main\resources\mybatis\mapper\MixedErrorMapper.xml
2025-09-12 15:33:10,804 - SourceAnalyzer - DEBUG - logger.py:64 - 파일 읽기 성공: d:\Analyzer\CreateMetaDb\projects\sampleSrc\src\main\resources\mybatis\mapper\MixedErrorMapper.xml
2025-09-12 15:33:10,804 - SourceAnalyzer - DEBUG - logger.py:64 - 파일 읽기 성공: d:\Analyzer\CreateMetaDb\projects\sampleSrc\src\main\resources\mybatis\mapper\MixedErrorMapper.xml
2025-09-12 15:33:10,805 - SourceAnalyzer - DEBUG - logger.py:64 - 파일 읽기 성공: d:\Analyzer\CreateMetaDb\projects\sampleSrc\src\main\resources\mybatis\mapper\MixedErrorMapper.xml
2025-09-12 15:33:10,805 - SourceAnalyzer - DEBUG - logger.py:64 - 쿼리 실행 성공: SELECT project_id FROM projects WHERE project_name...
2025-09-12 15:33:10,805 - SourceAnalyzer - DEBUG - logger.py:64 - 쿼리 실행 성공: 
                SELECT file_id FROM files 
      ...
2025-09-12 15:33:10,805 - SourceAnalyzer - DEBUG - logger.py:64 - 쿼리 실행 성공: 
                SELECT file_id FROM files 
      ...
2025-09-12 15:33:10,805 - SourceAnalyzer - DEBUG - logger.py:64 - 쿼리 실행 성공: 
                SELECT file_id FROM files 
      ...
2025-09-12 15:33:10,805 - SourceAnalyzer - DEBUG - logger.py:64 - 쿼리 실행 성공: 
                SELECT file_id FROM files 
      ...
2025-09-12 15:33:10,805 - SourceAnalyzer - DEBUG - logger.py:64 - 쿼리 실행 성공: 
                SELECT file_id FROM files 
      ...
2025-09-12 15:33:10,805 - SourceAnalyzer - DEBUG - logger.py:64 - 쿼리 실행 성공: 
                SELECT file_id FROM files 
      ...
2025-09-12 15:33:10,805 - SourceAnalyzer - DEBUG - logger.py:64 - 쿼리 실행 성공: 
                SELECT file_id FROM files 
      ...
2025-09-12 15:33:10,806 - SourceAnalyzer - DEBUG - logger.py:64 - 쿼리 실행 성공: 
                SELECT file_id FROM files 
      ...
2025-09-12 15:33:10,806 - SourceAnalyzer - DEBUG - logger.py:64 - 쿼리 실행 성공: 
                SELECT file_id FROM files 
      ...
2025-09-12 15:33:10,806 - SourceAnalyzer - DEBUG - logger.py:64 - 쿼리 실행 성공: 
                SELECT file_id FROM files 
      ...
2025-09-12 15:33:10,806 - SourceAnalyzer - DEBUG - logger.py:64 - 쿼리 실행 성공: 
                SELECT file_id FROM files 
      ...
2025-09-12 15:33:10,806 - SourceAnalyzer - DEBUG - logger.py:64 - 쿼리 실행 성공: 
                SELECT file_id FROM files 
      ...
2025-09-12 15:33:10,806 - SourceAnalyzer - DEBUG - logger.py:64 - 배치 쿼리 실행 성공: 
            INSERT OR IGNORE INTO components (pro..., 처리된 행: 12
2025-09-12 15:33:10,806 - SourceAnalyzer - INFO - logger.py:68 - SQL 컴포넌트 저장 완료: 12개
2025-09-12 15:33:10,806 - SourceAnalyzer - DEBUG - logger.py:64 - 파일 읽기 성공: d:\Analyzer\CreateMetaDb\projects\sampleSrc\src\main\resources\mybatis\mapper\ProductMapper.xml
2025-09-12 15:33:10,807 - SourceAnalyzer - DEBUG - logger.py:64 - 파일 읽기 성공: d:\Analyzer\CreateMetaDb\projects\sampleSrc\src\main\resources\mybatis\mapper\ProductMapper.xml
2025-09-12 15:33:10,807 - SourceAnalyzer - DEBUG - logger.py:64 - 파일 읽기 성공: d:\Analyzer\CreateMetaDb\projects\sampleSrc\src\main\resources\mybatis\mapper\ProductMapper.xml
2025-09-12 15:33:10,808 - SourceAnalyzer - DEBUG - logger.py:64 - 파일 읽기 성공: d:\Analyzer\CreateMetaDb\projects\sampleSrc\src\main\resources\mybatis\mapper\ProductMapper.xml
2025-09-12 15:33:10,808 - SourceAnalyzer - DEBUG - logger.py:64 - 파일 읽기 성공: d:\Analyzer\CreateMetaDb\projects\sampleSrc\src\main\resources\mybatis\mapper\ProductMapper.xml
2025-09-12 15:33:10,808 - SourceAnalyzer - DEBUG - logger.py:64 - 파일 읽기 성공: d:\Analyzer\CreateMetaDb\projects\sampleSrc\src\main\resources\mybatis\mapper\ProductMapper.xml
2025-09-12 15:33:10,809 - SourceAnalyzer - DEBUG - logger.py:64 - 파일 읽기 성공: d:\Analyzer\CreateMetaDb\projects\sampleSrc\src\main\resources\mybatis\mapper\ProductMapper.xml
2025-09-12 15:33:10,809 - SourceAnalyzer - DEBUG - logger.py:64 - 파일 읽기 성공: d:\Analyzer\CreateMetaDb\projects\sampleSrc\src\main\resources\mybatis\mapper\ProductMapper.xml
2025-09-12 15:33:10,809 - SourceAnalyzer - DEBUG - logger.py:64 - 파일 읽기 성공: d:\Analyzer\CreateMetaDb\projects\sampleSrc\src\main\resources\mybatis\mapper\ProductMapper.xml
2025-09-12 15:33:10,810 - SourceAnalyzer - DEBUG - logger.py:64 - 쿼리 실행 성공: SELECT project_id FROM projects WHERE project_name...
2025-09-12 15:33:10,810 - SourceAnalyzer - DEBUG - logger.py:64 - 쿼리 실행 성공: 
                SELECT file_id FROM files 
      ...
2025-09-12 15:33:10,810 - SourceAnalyzer - DEBUG - logger.py:64 - 쿼리 실행 성공: 
                SELECT file_id FROM files 
      ...
2025-09-12 15:33:10,810 - SourceAnalyzer - DEBUG - logger.py:64 - 쿼리 실행 성공: 
                SELECT file_id FROM files 
      ...
2025-09-12 15:33:10,810 - SourceAnalyzer - DEBUG - logger.py:64 - 쿼리 실행 성공: 
                SELECT file_id FROM files 
      ...
2025-09-12 15:33:10,810 - SourceAnalyzer - DEBUG - logger.py:64 - 쿼리 실행 성공: 
                SELECT file_id FROM files 
      ...
2025-09-12 15:33:10,810 - SourceAnalyzer - DEBUG - logger.py:64 - 쿼리 실행 성공: 
                SELECT file_id FROM files 
      ...
2025-09-12 15:33:10,810 - SourceAnalyzer - DEBUG - logger.py:64 - 쿼리 실행 성공: 
                SELECT file_id FROM files 
      ...
2025-09-12 15:33:10,810 - SourceAnalyzer - DEBUG - logger.py:64 - 쿼리 실행 성공: 
                SELECT file_id FROM files 
      ...
2025-09-12 15:33:10,810 - SourceAnalyzer - DEBUG - logger.py:64 - 쿼리 실행 성공: 
                SELECT file_id FROM files 
      ...
2025-09-12 15:33:10,810 - SourceAnalyzer - DEBUG - logger.py:64 - 배치 쿼리 실행 성공: 
            INSERT OR IGNORE INTO components (pro..., 처리된 행: 9
2025-09-12 15:33:10,810 - SourceAnalyzer - INFO - logger.py:68 - SQL 컴포넌트 저장 완료: 9개
2025-09-12 15:33:10,811 - SourceAnalyzer - DEBUG - logger.py:64 - 파일 읽기 성공: d:\Analyzer\CreateMetaDb\projects\sampleSrc\src\main\resources\mybatis\mapper\UserMapper.xml
2025-09-12 15:33:10,811 - SourceAnalyzer - DEBUG - logger.py:64 - 파일 읽기 성공: d:\Analyzer\CreateMetaDb\projects\sampleSrc\src\main\resources\mybatis\mapper\UserMapper.xml
2025-09-12 15:33:10,812 - SourceAnalyzer - DEBUG - logger.py:64 - 파일 읽기 성공: d:\Analyzer\CreateMetaDb\projects\sampleSrc\src\main\resources\mybatis\mapper\UserMapper.xml
2025-09-12 15:33:10,812 - SourceAnalyzer - DEBUG - logger.py:64 - 파일 읽기 성공: d:\Analyzer\CreateMetaDb\projects\sampleSrc\src\main\resources\mybatis\mapper\UserMapper.xml
2025-09-12 15:33:10,812 - SourceAnalyzer - DEBUG - logger.py:64 - 파일 읽기 성공: d:\Analyzer\CreateMetaDb\projects\sampleSrc\src\main\resources\mybatis\mapper\UserMapper.xml
2025-09-12 15:33:10,813 - SourceAnalyzer - DEBUG - logger.py:64 - 파일 읽기 성공: d:\Analyzer\CreateMetaDb\projects\sampleSrc\src\main\resources\mybatis\mapper\UserMapper.xml
2025-09-12 15:33:10,813 - SourceAnalyzer - DEBUG - logger.py:64 - 파일 읽기 성공: d:\Analyzer\CreateMetaDb\projects\sampleSrc\src\main\resources\mybatis\mapper\UserMapper.xml
2025-09-12 15:33:10,814 - SourceAnalyzer - DEBUG - logger.py:64 - 파일 읽기 성공: d:\Analyzer\CreateMetaDb\projects\sampleSrc\src\main\resources\mybatis\mapper\UserMapper.xml
2025-09-12 15:33:10,814 - SourceAnalyzer - DEBUG - logger.py:64 - 파일 읽기 성공: d:\Analyzer\CreateMetaDb\projects\sampleSrc\src\main\resources\mybatis\mapper\UserMapper.xml
2025-09-12 15:33:10,814 - SourceAnalyzer - DEBUG - logger.py:64 - 파일 읽기 성공: d:\Analyzer\CreateMetaDb\projects\sampleSrc\src\main\resources\mybatis\mapper\UserMapper.xml
2025-09-12 15:33:10,815 - SourceAnalyzer - DEBUG - logger.py:64 - 파일 읽기 성공: d:\Analyzer\CreateMetaDb\projects\sampleSrc\src\main\resources\mybatis\mapper\UserMapper.xml
2025-09-12 15:33:10,816 - SourceAnalyzer - DEBUG - logger.py:64 - 파일 읽기 성공: d:\Analyzer\CreateMetaDb\projects\sampleSrc\src\main\resources\mybatis\mapper\UserMapper.xml
2025-09-12 15:33:10,816 - SourceAnalyzer - DEBUG - logger.py:64 - 파일 읽기 성공: d:\Analyzer\CreateMetaDb\projects\sampleSrc\src\main\resources\mybatis\mapper\UserMapper.xml
2025-09-12 15:33:10,817 - SourceAnalyzer - DEBUG - logger.py:64 - 파일 읽기 성공: d:\Analyzer\CreateMetaDb\projects\sampleSrc\src\main\resources\mybatis\mapper\UserMapper.xml
2025-09-12 15:33:10,817 - SourceAnalyzer - DEBUG - logger.py:64 - 파일 읽기 성공: d:\Analyzer\CreateMetaDb\projects\sampleSrc\src\main\resources\mybatis\mapper\UserMapper.xml
2025-09-12 15:33:10,818 - SourceAnalyzer - DEBUG - logger.py:64 - 파일 읽기 성공: d:\Analyzer\CreateMetaDb\projects\sampleSrc\src\main\resources\mybatis\mapper\UserMapper.xml
2025-09-12 15:33:10,818 - SourceAnalyzer - DEBUG - logger.py:64 - 파일 읽기 성공: d:\Analyzer\CreateMetaDb\projects\sampleSrc\src\main\resources\mybatis\mapper\UserMapper.xml
2025-09-12 15:33:10,818 - SourceAnalyzer - DEBUG - logger.py:64 - 파일 읽기 성공: d:\Analyzer\CreateMetaDb\projects\sampleSrc\src\main\resources\mybatis\mapper\UserMapper.xml
2025-09-12 15:33:10,819 - SourceAnalyzer - DEBUG - logger.py:64 - 파일 읽기 성공: d:\Analyzer\CreateMetaDb\projects\sampleSrc\src\main\resources\mybatis\mapper\UserMapper.xml
2025-09-12 15:33:10,819 - SourceAnalyzer - DEBUG - logger.py:64 - 파일 읽기 성공: d:\Analyzer\CreateMetaDb\projects\sampleSrc\src\main\resources\mybatis\mapper\UserMapper.xml
2025-09-12 15:33:10,820 - SourceAnalyzer - DEBUG - logger.py:64 - 쿼리 실행 성공: SELECT project_id FROM projects WHERE project_name...
2025-09-12 15:33:10,820 - SourceAnalyzer - DEBUG - logger.py:64 - 쿼리 실행 성공: 
                SELECT file_id FROM files 
      ...
2025-09-12 15:33:10,820 - SourceAnalyzer - DEBUG - logger.py:64 - 쿼리 실행 성공: 
                SELECT file_id FROM files 
      ...
2025-09-12 15:33:10,820 - SourceAnalyzer - DEBUG - logger.py:64 - 쿼리 실행 성공: 
                SELECT file_id FROM files 
      ...
2025-09-12 15:33:10,820 - SourceAnalyzer - DEBUG - logger.py:64 - 쿼리 실행 성공: 
                SELECT file_id FROM files 
      ...
2025-09-12 15:33:10,820 - SourceAnalyzer - DEBUG - logger.py:64 - 쿼리 실행 성공: 
                SELECT file_id FROM files 
      ...
2025-09-12 15:33:10,820 - SourceAnalyzer - DEBUG - logger.py:64 - 쿼리 실행 성공: 
                SELECT file_id FROM files 
      ...
2025-09-12 15:33:10,820 - SourceAnalyzer - DEBUG - logger.py:64 - 쿼리 실행 성공: 
                SELECT file_id FROM files 
      ...
2025-09-12 15:33:10,820 - SourceAnalyzer - DEBUG - logger.py:64 - 쿼리 실행 성공: 
                SELECT file_id FROM files 
      ...
2025-09-12 15:33:10,820 - SourceAnalyzer - DEBUG - logger.py:64 - 쿼리 실행 성공: 
                SELECT file_id FROM files 
      ...
2025-09-12 15:33:10,820 - SourceAnalyzer - DEBUG - logger.py:64 - 쿼리 실행 성공: 
                SELECT file_id FROM files 
      ...
2025-09-12 15:33:10,820 - SourceAnalyzer - DEBUG - logger.py:64 - 쿼리 실행 성공: 
                SELECT file_id FROM files 
      ...
2025-09-12 15:33:10,820 - SourceAnalyzer - DEBUG - logger.py:64 - 쿼리 실행 성공: 
                SELECT file_id FROM files 
      ...
2025-09-12 15:33:10,820 - SourceAnalyzer - DEBUG - logger.py:64 - 쿼리 실행 성공: 
                SELECT file_id FROM files 
      ...
2025-09-12 15:33:10,821 - SourceAnalyzer - DEBUG - logger.py:64 - 쿼리 실행 성공: 
                SELECT file_id FROM files 
      ...
2025-09-12 15:33:10,821 - SourceAnalyzer - DEBUG - logger.py:64 - 쿼리 실행 성공: 
                SELECT file_id FROM files 
      ...
2025-09-12 15:33:10,821 - SourceAnalyzer - DEBUG - logger.py:64 - 쿼리 실행 성공: 
                SELECT file_id FROM files 
      ...
2025-09-12 15:33:10,821 - SourceAnalyzer - DEBUG - logger.py:64 - 쿼리 실행 성공: 
                SELECT file_id FROM files 
      ...
2025-09-12 15:33:10,821 - SourceAnalyzer - DEBUG - logger.py:64 - 쿼리 실행 성공: 
                SELECT file_id FROM files 
      ...
2025-09-12 15:33:10,821 - SourceAnalyzer - DEBUG - logger.py:64 - 쿼리 실행 성공: 
                SELECT file_id FROM files 
      ...
2025-09-12 15:33:10,821 - SourceAnalyzer - DEBUG - logger.py:64 - 쿼리 실행 성공: 
                SELECT file_id FROM files 
      ...
2025-09-12 15:33:10,821 - SourceAnalyzer - DEBUG - logger.py:64 - 배치 쿼리 실행 성공: 
            INSERT OR IGNORE INTO components (pro..., 처리된 행: 20
2025-09-12 15:33:10,821 - SourceAnalyzer - INFO - logger.py:68 - SQL 컴포넌트 저장 완료: 20개
2025-09-12 15:33:10,821 - SourceAnalyzer - INFO - logger.py:68 - === XML 로딩 통계 ===
2025-09-12 15:33:10,821 - SourceAnalyzer - INFO - logger.py:68 - 처리된 XML 파일: 5개
2025-09-12 15:33:10,821 - SourceAnalyzer - INFO - logger.py:68 - 추출된 SQL 쿼리: 48개
2025-09-12 15:33:10,821 - SourceAnalyzer - INFO - logger.py:68 - 생성된 SQL 컴포넌트: 48개
2025-09-12 15:33:10,821 - SourceAnalyzer - INFO - logger.py:68 - 생성된 JOIN 관계: 5개
2025-09-12 15:33:10,821 - SourceAnalyzer - INFO - logger.py:68 - 생성된 inferred 테이블: 0개
2025-09-12 15:33:10,821 - SourceAnalyzer - INFO - logger.py:68 - 생성된 inferred 컬럼: 0개
2025-09-12 15:33:10,821 - SourceAnalyzer - INFO - logger.py:68 - 오류 발생: 0개
2025-09-12 15:33:10,822 - SourceAnalyzer - INFO - logger.py:68 - === XML 로딩 완료 ===
2025-09-12 15:33:10,824 - SourceAnalyzer - DEBUG - logger.py:64 - 데이터베이스 연결 해제: d:\Analyzer\CreateMetaDb\projects\sampleSrc\metadata.db
2025-09-12 15:33:10,824 - SourceAnalyzer - INFO - logger.py:68 - 3~4단계 완료: XML 파일 분석 및 SQL 컴포넌트 등록 + JOIN 관계 분석
2025-09-12 15:33:10,824 - SourceAnalyzer - INFO - logger.py:68 - 프로젝트 분석 완료
