2025-09-14 15:31:05,661 - SourceAnalyzer - INFO - logger.py:225 - Recursion limit set to: 50
2025-09-14 15:31:05,662 - SourceAnalyzer - INFO - logger.py:225 - SourceAnalyzer 시작
2025-09-14 15:31:05,669 - SourceAnalyzer - INFO - logger.py:225 - 분석 대상 프로젝트: sampleSrc
2025-09-14 15:31:05,669 - SourceAnalyzer - INFO - logger.py:225 - 분석 옵션:
2025-09-14 15:31:05,670 - SourceAnalyzer - INFO - logger.py:225 -   - 메타데이터베이스 초기화: False
2025-09-14 15:31:05,670 - SourceAnalyzer - INFO - logger.py:225 -   - 상세 로그: False
2025-09-14 15:31:05,670 - SourceAnalyzer - INFO - logger.py:225 -   - 출력 형식: html
2025-09-14 15:31:05,670 - SourceAnalyzer - INFO - logger.py:225 -   - 드라이런 모드: False
2025-09-14 15:31:05,671 - SourceAnalyzer - INFO - logger.py:225 -   - 강제 실행: False
2025-09-14 15:31:05,671 - SourceAnalyzer - INFO - logger.py:225 - 1단계 실행: 파일 정보 저장 (프로젝트 전체 스캔)
2025-09-14 15:31:05,672 - SourceAnalyzer - INFO - logger.py:225 - === 파일 스캔 시작: 파일 정보 저장 ===
2025-09-14 15:31:05,674 - SourceAnalyzer - INFO - logger.py:225 - 메타데이터베이스 초기화 완료: D:\Analyzer\CreateMetaDb\projects\sampleSrc\metadata.db
2025-09-14 15:31:05,676 - SourceAnalyzer - INFO - logger.py:225 - 프로젝트 파일 스캔 시작: D:\Analyzer\CreateMetaDb\projects\sampleSrc
2025-09-14 15:31:05,906 - SourceAnalyzer - INFO - logger.py:225 - 파일 스캔 완료: 총 46개 파일
2025-09-14 15:31:05,908 - SourceAnalyzer - INFO - logger.py:225 - 파일 정보 저장 완료: 46개 파일
2025-09-14 15:31:05,908 - SourceAnalyzer - INFO - logger.py:225 - === 파일 스캔 통계 ===
2025-09-14 15:31:05,908 - SourceAnalyzer - INFO - logger.py:225 - 총 파일 수: 46
2025-09-14 15:31:05,909 - SourceAnalyzer - INFO - logger.py:225 - 성공 스캔: 46
2025-09-14 15:31:05,909 - SourceAnalyzer - INFO - logger.py:225 - 오류 파일: 0
2025-09-14 15:31:05,909 - SourceAnalyzer - INFO - logger.py:225 - Java 파일: 30
2025-09-14 15:31:05,909 - SourceAnalyzer - INFO - logger.py:225 - XML 파일: 6
2025-09-14 15:31:05,909 - SourceAnalyzer - INFO - logger.py:225 - JSP 파일: 8
2025-09-14 15:31:05,910 - SourceAnalyzer - INFO - logger.py:225 - SQL 파일: 0
2025-09-14 15:31:05,910 - SourceAnalyzer - INFO - logger.py:225 - CSV 파일: 2
2025-09-14 15:31:05,910 - SourceAnalyzer - INFO - logger.py:225 - 기타 파일: 0
2025-09-14 15:31:05,910 - SourceAnalyzer - INFO - logger.py:225 - === 파일 스캔 완료 ===
2025-09-14 15:31:05,913 - SourceAnalyzer - INFO - logger.py:225 - 1단계 완료: 파일 정보 저장
2025-09-14 15:31:05,915 - SourceAnalyzer - INFO - logger.py:225 - 전역 프로젝트 정보 설정: sampleSrc (ID: 1)
2025-09-14 15:31:05,915 - SourceAnalyzer - INFO - logger.py:225 - 2단계 실행: 데이터베이스 구조 저장 및 컴포넌트 생성
2025-09-14 15:31:05,915 - SourceAnalyzer - INFO - logger.py:225 - === 데이터베이스 로딩 시작: 데이터베이스 구조 저장 ===
2025-09-14 15:31:05,916 - SourceAnalyzer - INFO - logger.py:225 - 인코딩 문제 감지, 다른 인코딩으로 재시도: ALL_TABLES.csv
2025-09-14 15:31:05,917 - SourceAnalyzer - INFO - logger.py:225 - CSV 파일 로드 완료: D:\Analyzer\CreateMetaDb\projects\sampleSrc\db_schema\ALL_TABLES.csv, 16개 행
2025-09-14 15:31:05,918 - SourceAnalyzer - INFO - logger.py:225 - 테이블 정보 저장 완료: 16개 테이블 (오류: 0개)
2025-09-14 15:31:05,919 - SourceAnalyzer - INFO - logger.py:225 - 인코딩 문제 감지, 다른 인코딩으로 재시도: ALL_TAB_COLUMNS.csv
2025-09-14 15:31:05,919 - SourceAnalyzer - INFO - logger.py:225 - CSV 파일 로드 완료: D:\Analyzer\CreateMetaDb\projects\sampleSrc\db_schema\ALL_TAB_COLUMNS.csv, 91개 행
2025-09-14 15:31:05,921 - SourceAnalyzer - INFO - logger.py:225 - 컬럼 정보 저장 완료: 91개 컬럼 (오류: 0개)
2025-09-14 15:31:05,921 - SourceAnalyzer - INFO - logger.py:225 - 테이블 컴포넌트 생성 완료: 40개
2025-09-14 15:31:05,924 - SourceAnalyzer - INFO - logger.py:225 - 컬럼 컴포넌트 생성 완료: 112개
2025-09-14 15:31:05,927 - SourceAnalyzer - INFO - logger.py:225 - 컬럼 component_id 업데이트 완료: 112개
2025-09-14 15:31:05,934 - SourceAnalyzer - INFO - logger.py:225 - === 데이터베이스 구조 저장 통계 ===
2025-09-14 15:31:05,934 - SourceAnalyzer - INFO - logger.py:225 - 테이블 로드: 16 (오류: 0)
2025-09-14 15:31:05,934 - SourceAnalyzer - INFO - logger.py:225 - 컬럼 로드: 91 (오류: 0)
2025-09-14 15:31:05,934 - SourceAnalyzer - INFO - logger.py:225 - 컴포넌트 생성: 152 (오류: 0)
2025-09-14 15:31:05,934 - SourceAnalyzer - INFO - logger.py:225 - inferred 컬럼 생성: 0
2025-09-14 15:31:05,935 - SourceAnalyzer - INFO - logger.py:225 - 오류 없이 완료
2025-09-14 15:31:05,935 - SourceAnalyzer - INFO - logger.py:225 - === 데이터베이스 로딩 완료 ===
2025-09-14 15:31:05,935 - SourceAnalyzer - INFO - logger.py:225 - 2단계 완료: 데이터베이스 구조 저장 및 컴포넌트 생성
2025-09-14 15:31:05,935 - SourceAnalyzer - INFO - logger.py:225 - 3단계 실행: XML 파일 분석 및 SQL 컴포넌트 등록 + JOIN 관계 분석
2025-09-14 15:31:05,976 - SourceAnalyzer - INFO - sql_content_manager.py:63 - SQL Content 데이터베이스 초기화 완료: D:\Analyzer\CreateMetaDb\projects\sampleSrc\SqlContent.db
2025-09-14 15:31:05,977 - SourceAnalyzer - INFO - logger.py:225 - === XML 로딩 시작: 3~4단계 통합 처리 ===
2025-09-14 15:31:05,983 - SourceAnalyzer - INFO - logger.py:225 - MyBatis XML 파일 수집 완료: 6개
2025-09-14 15:31:05,984 - SourceAnalyzer - INFO - logger.py:225 - DOM 기반 파싱 시도: D:\Analyzer\CreateMetaDb\projects\sampleSrc\src\com\example\dynamicquery\UserMapper.xml
2025-09-14 15:31:05,984 - SourceAnalyzer - INFO - logger.py:225 - DOM 파싱 불가, SAX로 fallback합니다: D:\Analyzer\CreateMetaDb\projects\sampleSrc\src\com\example\dynamicquery\UserMapper.xml (사유: cannot access local variable 'child' where it is not associated with a value)
2025-09-14 15:31:05,985 - SourceAnalyzer - INFO - logger.py:225 - DOM 기반 파싱 실패 또는 결과 없음, SAX 파서로 Fallback: D:\Analyzer\CreateMetaDb\projects\sampleSrc\src\com\example\dynamicquery\UserMapper.xml
2025-09-14 15:31:05,985 - SourceAnalyzer - INFO - logger.py:225 - SAX 파서로 Fallback: D:\Analyzer\CreateMetaDb\projects\sampleSrc\src\com\example\dynamicquery\UserMapper.xml
2025-09-14 15:31:06,000 - SourceAnalyzer - INFO - logger.py:225 - SAX 파싱 시작: D:\Analyzer\CreateMetaDb\projects\sampleSrc\src\com\example\dynamicquery\UserMapper.xml
2025-09-14 15:31:06,010 - SourceAnalyzer - WARNING - logger.py:230 - SAX 파싱 중 예상치 못한 오류: D:\Analyzer\CreateMetaDb\projects\sampleSrc\src\com\example\dynamicquery\UserMapper.xml - maximum recursion depth exceeded
2025-09-14 15:31:06,011 - SourceAnalyzer - INFO - logger.py:225 - SAX 파싱도 실패, 정규식 파서로 최종 Fallback: D:\Analyzer\CreateMetaDb\projects\sampleSrc\src\com\example\dynamicquery\UserMapper.xml
2025-09-14 15:31:06,011 - SourceAnalyzer - INFO - logger.py:225 - SAX 파싱 오류 메시지: SAX 파싱 중 예상치 못한 오류: D:\Analyzer\CreateMetaDb\projects\sampleSrc\src\com\example\dynamicquery\UserMapper.xml - maximum recursion depth exceeded
2025-09-14 15:31:06,011 - SourceAnalyzer - INFO - logger.py:225 - 정규식 기반 파서로 최종 Fallback: D:\Analyzer\CreateMetaDb\projects\sampleSrc\src\com\example\dynamicquery\UserMapper.xml
2025-09-14 15:31:06,013 - SourceAnalyzer - INFO - logger.py:225 - DOM 파싱 불가, SAX로 fallback합니다: D:\Analyzer\CreateMetaDb\projects\sampleSrc\src\com\example\dynamicquery\UserMapper.xml (사유: cannot access local variable 'child' where it is not associated with a value)
2025-09-14 15:31:06,025 - SourceAnalyzer - INFO - logger.py:225 - DOM 파싱 불가, SAX로 fallback합니다: D:\Analyzer\CreateMetaDb\projects\sampleSrc\src\com\example\dynamicquery\UserMapper.xml (사유: cannot access local variable 'child' where it is not associated with a value)
2025-09-14 15:31:06,031 - SourceAnalyzer - INFO - logger.py:225 - DOM 파싱 불가, SAX로 fallback합니다: D:\Analyzer\CreateMetaDb\projects\sampleSrc\src\com\example\dynamicquery\UserMapper.xml (사유: cannot access local variable 'child' where it is not associated with a value)
2025-09-14 15:31:06,032 - SourceAnalyzer - INFO - logger.py:225 - DOM 파싱 불가, SAX로 fallback합니다: D:\Analyzer\CreateMetaDb\projects\sampleSrc\src\com\example\dynamicquery\UserMapper.xml (사유: cannot access local variable 'child' where it is not associated with a value)
2025-09-14 15:31:06,034 - SourceAnalyzer - INFO - logger.py:225 - DOM 파싱 불가, SAX로 fallback합니다: D:\Analyzer\CreateMetaDb\projects\sampleSrc\src\com\example\dynamicquery\UserMapper.xml (사유: cannot access local variable 'child' where it is not associated with a value)
2025-09-14 15:31:06,037 - SourceAnalyzer - INFO - logger.py:225 - DOM 파싱 불가, SAX로 fallback합니다: D:\Analyzer\CreateMetaDb\projects\sampleSrc\src\com\example\dynamicquery\UserMapper.xml (사유: cannot access local variable 'child' where it is not associated with a value)
2025-09-14 15:31:06,042 - SourceAnalyzer - INFO - logger.py:225 - DOM 파싱 불가, SAX로 fallback합니다: D:\Analyzer\CreateMetaDb\projects\sampleSrc\src\com\example\dynamicquery\UserMapper.xml (사유: cannot access local variable 'child' where it is not associated with a value)
2025-09-14 15:31:06,043 - SourceAnalyzer - INFO - logger.py:225 - DOM 파싱 불가, SAX로 fallback합니다: D:\Analyzer\CreateMetaDb\projects\sampleSrc\src\com\example\dynamicquery\UserMapper.xml (사유: cannot access local variable 'child' where it is not associated with a value)
2025-09-14 15:31:06,044 - SourceAnalyzer - INFO - logger.py:225 - === XML 로딩 엔진: SQL 컴포넌트 저장 시작 ===
2025-09-14 15:31:06,044 - SourceAnalyzer - INFO - logger.py:225 - 전달받은 SQL 쿼리 수: 8개
2025-09-14 15:31:06,044 - SourceAnalyzer - INFO - logger.py:225 - XML에서 추출된 SQL 쿼리 타입별 통계: {'select': 8}
2025-09-14 15:31:06,044 - SourceAnalyzer - INFO - logger.py:225 - 프로젝트 ID: 1
2025-09-14 15:31:06,045 - SourceAnalyzer - INFO - logger.py:225 - JOIN 관계 저장 완료: 6개
2025-09-14 15:31:06,045 - SourceAnalyzer - INFO - logger.py:225 - DOM 기반 파싱 시도: D:\Analyzer\CreateMetaDb\projects\sampleSrc\src\main\resources\mybatis\mapper\ImplicitJoinMapper.xml
2025-09-14 15:31:06,046 - SourceAnalyzer - INFO - logger.py:225 - DOM 파싱 불가, SAX로 fallback합니다: D:\Analyzer\CreateMetaDb\projects\sampleSrc\src\main\resources\mybatis\mapper\ImplicitJoinMapper.xml (사유: cannot access local variable 'child' where it is not associated with a value)
2025-09-14 15:31:06,046 - SourceAnalyzer - INFO - logger.py:225 - DOM 기반 파싱 실패 또는 결과 없음, SAX 파서로 Fallback: D:\Analyzer\CreateMetaDb\projects\sampleSrc\src\main\resources\mybatis\mapper\ImplicitJoinMapper.xml
2025-09-14 15:31:06,046 - SourceAnalyzer - INFO - logger.py:225 - SAX 파서로 Fallback: D:\Analyzer\CreateMetaDb\projects\sampleSrc\src\main\resources\mybatis\mapper\ImplicitJoinMapper.xml
2025-09-14 15:31:06,060 - SourceAnalyzer - INFO - logger.py:225 - SAX 파싱 시작: D:\Analyzer\CreateMetaDb\projects\sampleSrc\src\main\resources\mybatis\mapper\ImplicitJoinMapper.xml
2025-09-14 15:31:06,066 - SourceAnalyzer - WARNING - logger.py:230 - SAX 파싱 중 예상치 못한 오류: D:\Analyzer\CreateMetaDb\projects\sampleSrc\src\main\resources\mybatis\mapper\ImplicitJoinMapper.xml - maximum recursion depth exceeded
2025-09-14 15:31:06,067 - SourceAnalyzer - INFO - logger.py:225 - SAX 파싱도 실패, 정규식 파서로 최종 Fallback: D:\Analyzer\CreateMetaDb\projects\sampleSrc\src\main\resources\mybatis\mapper\ImplicitJoinMapper.xml
2025-09-14 15:31:06,067 - SourceAnalyzer - INFO - logger.py:225 - SAX 파싱 오류 메시지: SAX 파싱 중 예상치 못한 오류: D:\Analyzer\CreateMetaDb\projects\sampleSrc\src\main\resources\mybatis\mapper\ImplicitJoinMapper.xml - maximum recursion depth exceeded
2025-09-14 15:31:06,067 - SourceAnalyzer - INFO - logger.py:225 - 정규식 기반 파서로 최종 Fallback: D:\Analyzer\CreateMetaDb\projects\sampleSrc\src\main\resources\mybatis\mapper\ImplicitJoinMapper.xml
2025-09-14 15:31:06,068 - SourceAnalyzer - INFO - logger.py:225 - DOM 파싱 불가, SAX로 fallback합니다: D:\Analyzer\CreateMetaDb\projects\sampleSrc\src\main\resources\mybatis\mapper\ImplicitJoinMapper.xml (사유: cannot access local variable 'child' where it is not associated with a value)
2025-09-14 15:31:06,071 - SourceAnalyzer - INFO - logger.py:225 - DOM 파싱 불가, SAX로 fallback합니다: D:\Analyzer\CreateMetaDb\projects\sampleSrc\src\main\resources\mybatis\mapper\ImplicitJoinMapper.xml (사유: cannot access local variable 'child' where it is not associated with a value)
2025-09-14 15:31:06,077 - SourceAnalyzer - INFO - logger.py:225 - DOM 파싱 불가, SAX로 fallback합니다: D:\Analyzer\CreateMetaDb\projects\sampleSrc\src\main\resources\mybatis\mapper\ImplicitJoinMapper.xml (사유: cannot access local variable 'child' where it is not associated with a value)
2025-09-14 15:31:06,080 - SourceAnalyzer - INFO - logger.py:225 - DOM 파싱 불가, SAX로 fallback합니다: D:\Analyzer\CreateMetaDb\projects\sampleSrc\src\main\resources\mybatis\mapper\ImplicitJoinMapper.xml (사유: cannot access local variable 'child' where it is not associated with a value)
2025-09-14 15:31:06,085 - SourceAnalyzer - INFO - logger.py:225 - DOM 파싱 불가, SAX로 fallback합니다: D:\Analyzer\CreateMetaDb\projects\sampleSrc\src\main\resources\mybatis\mapper\ImplicitJoinMapper.xml (사유: cannot access local variable 'child' where it is not associated with a value)
2025-09-14 15:31:06,094 - SourceAnalyzer - INFO - logger.py:225 - === XML 로딩 엔진: SQL 컴포넌트 저장 시작 ===
2025-09-14 15:31:06,094 - SourceAnalyzer - INFO - logger.py:225 - 전달받은 SQL 쿼리 수: 5개
2025-09-14 15:31:06,094 - SourceAnalyzer - INFO - logger.py:225 - XML에서 추출된 SQL 쿼리 타입별 통계: {'select': 5}
2025-09-14 15:31:06,095 - SourceAnalyzer - INFO - logger.py:225 - 프로젝트 ID: 1
2025-09-14 15:31:06,095 - SourceAnalyzer - INFO - logger.py:225 - JOIN 관계 저장 완료: 10개
2025-09-14 15:31:06,095 - SourceAnalyzer - INFO - logger.py:225 - DOM 기반 파싱 시도: D:\Analyzer\CreateMetaDb\projects\sampleSrc\src\main\resources\mybatis\mapper\ImplicitJoinTestMapper.xml
2025-09-14 15:31:06,096 - SourceAnalyzer - INFO - logger.py:225 - DOM 파싱 불가, SAX로 fallback합니다: D:\Analyzer\CreateMetaDb\projects\sampleSrc\src\main\resources\mybatis\mapper\ImplicitJoinTestMapper.xml (사유: not well-formed (invalid token): line 190, column 37)
2025-09-14 15:31:06,096 - SourceAnalyzer - INFO - logger.py:225 - DOM 기반 파싱 실패 또는 결과 없음, SAX 파서로 Fallback: D:\Analyzer\CreateMetaDb\projects\sampleSrc\src\main\resources\mybatis\mapper\ImplicitJoinTestMapper.xml
2025-09-14 15:31:06,096 - SourceAnalyzer - INFO - logger.py:225 - SAX 파서로 Fallback: D:\Analyzer\CreateMetaDb\projects\sampleSrc\src\main\resources\mybatis\mapper\ImplicitJoinTestMapper.xml
2025-09-14 15:31:06,110 - SourceAnalyzer - INFO - logger.py:225 - SAX 파싱 시작: D:\Analyzer\CreateMetaDb\projects\sampleSrc\src\main\resources\mybatis\mapper\ImplicitJoinTestMapper.xml
2025-09-14 15:31:06,117 - SourceAnalyzer - WARNING - logger.py:230 - SAX 파싱 중 예상치 못한 오류: D:\Analyzer\CreateMetaDb\projects\sampleSrc\src\main\resources\mybatis\mapper\ImplicitJoinTestMapper.xml - maximum recursion depth exceeded
2025-09-14 15:31:06,117 - SourceAnalyzer - INFO - logger.py:225 - SAX 파싱도 실패, 정규식 파서로 최종 Fallback: D:\Analyzer\CreateMetaDb\projects\sampleSrc\src\main\resources\mybatis\mapper\ImplicitJoinTestMapper.xml
2025-09-14 15:31:06,118 - SourceAnalyzer - INFO - logger.py:225 - SAX 파싱 오류 메시지: SAX 파싱 중 예상치 못한 오류: D:\Analyzer\CreateMetaDb\projects\sampleSrc\src\main\resources\mybatis\mapper\ImplicitJoinTestMapper.xml - maximum recursion depth exceeded
2025-09-14 15:31:06,118 - SourceAnalyzer - INFO - logger.py:225 - 정규식 기반 파서로 최종 Fallback: D:\Analyzer\CreateMetaDb\projects\sampleSrc\src\main\resources\mybatis\mapper\ImplicitJoinTestMapper.xml
2025-09-14 15:31:06,118 - SourceAnalyzer - WARNING - logger.py:230 - XML 파싱 오류: D:\Analyzer\CreateMetaDb\projects\sampleSrc\src\main\resources\mybatis\mapper\ImplicitJoinTestMapper.xml - not well-formed (invalid token): line 190, column 37
2025-09-14 15:31:06,119 - SourceAnalyzer - WARNING - logger.py:230 - XML 파싱 에러로 건너뜀: D:\Analyzer\CreateMetaDb\projects\sampleSrc\src\main\resources\mybatis\mapper\ImplicitJoinTestMapper.xml - XML 파싱 오류: not well-formed (invalid token): line 190, column 37
2025-09-14 15:31:06,119 - SourceAnalyzer - INFO - logger.py:225 - DOM 기반 파싱 시도: D:\Analyzer\CreateMetaDb\projects\sampleSrc\src\main\resources\mybatis\mapper\MixedErrorMapper.xml
2025-09-14 15:31:06,119 - SourceAnalyzer - INFO - logger.py:225 - DOM 파싱 불가, SAX로 fallback합니다: D:\Analyzer\CreateMetaDb\projects\sampleSrc\src\main\resources\mybatis\mapper\MixedErrorMapper.xml (사유: cannot access local variable 'child' where it is not associated with a value)
2025-09-14 15:31:06,120 - SourceAnalyzer - INFO - logger.py:225 - DOM 기반 파싱 실패 또는 결과 없음, SAX 파서로 Fallback: D:\Analyzer\CreateMetaDb\projects\sampleSrc\src\main\resources\mybatis\mapper\MixedErrorMapper.xml
2025-09-14 15:31:06,120 - SourceAnalyzer - INFO - logger.py:225 - SAX 파서로 Fallback: D:\Analyzer\CreateMetaDb\projects\sampleSrc\src\main\resources\mybatis\mapper\MixedErrorMapper.xml
2025-09-14 15:31:06,132 - SourceAnalyzer - INFO - logger.py:225 - SAX 파싱 시작: D:\Analyzer\CreateMetaDb\projects\sampleSrc\src\main\resources\mybatis\mapper\MixedErrorMapper.xml
2025-09-14 15:31:06,143 - SourceAnalyzer - WARNING - logger.py:230 - SAX 파싱 중 예상치 못한 오류: D:\Analyzer\CreateMetaDb\projects\sampleSrc\src\main\resources\mybatis\mapper\MixedErrorMapper.xml - maximum recursion depth exceeded
2025-09-14 15:31:06,144 - SourceAnalyzer - INFO - logger.py:225 - SAX 파싱도 실패, 정규식 파서로 최종 Fallback: D:\Analyzer\CreateMetaDb\projects\sampleSrc\src\main\resources\mybatis\mapper\MixedErrorMapper.xml
2025-09-14 15:31:06,144 - SourceAnalyzer - INFO - logger.py:225 - SAX 파싱 오류 메시지: SAX 파싱 중 예상치 못한 오류: D:\Analyzer\CreateMetaDb\projects\sampleSrc\src\main\resources\mybatis\mapper\MixedErrorMapper.xml - maximum recursion depth exceeded
2025-09-14 15:31:06,144 - SourceAnalyzer - INFO - logger.py:225 - 정규식 기반 파서로 최종 Fallback: D:\Analyzer\CreateMetaDb\projects\sampleSrc\src\main\resources\mybatis\mapper\MixedErrorMapper.xml
2025-09-14 15:31:06,145 - SourceAnalyzer - INFO - logger.py:225 - DOM 파싱 불가, SAX로 fallback합니다: D:\Analyzer\CreateMetaDb\projects\sampleSrc\src\main\resources\mybatis\mapper\MixedErrorMapper.xml (사유: cannot access local variable 'child' where it is not associated with a value)
2025-09-14 15:31:06,146 - SourceAnalyzer - INFO - logger.py:225 - DOM 파싱 불가, SAX로 fallback합니다: D:\Analyzer\CreateMetaDb\projects\sampleSrc\src\main\resources\mybatis\mapper\MixedErrorMapper.xml (사유: cannot access local variable 'child' where it is not associated with a value)
2025-09-14 15:31:06,147 - SourceAnalyzer - INFO - logger.py:225 - DOM 파싱 불가, SAX로 fallback합니다: D:\Analyzer\CreateMetaDb\projects\sampleSrc\src\main\resources\mybatis\mapper\MixedErrorMapper.xml (사유: cannot access local variable 'child' where it is not associated with a value)
2025-09-14 15:31:06,153 - SourceAnalyzer - INFO - logger.py:225 - DOM 파싱 불가, SAX로 fallback합니다: D:\Analyzer\CreateMetaDb\projects\sampleSrc\src\main\resources\mybatis\mapper\MixedErrorMapper.xml (사유: cannot access local variable 'child' where it is not associated with a value)
2025-09-14 15:31:06,153 - SourceAnalyzer - INFO - logger.py:225 - DOM 파싱 불가, SAX로 fallback합니다: D:\Analyzer\CreateMetaDb\projects\sampleSrc\src\main\resources\mybatis\mapper\MixedErrorMapper.xml (사유: cannot access local variable 'child' where it is not associated with a value)
2025-09-14 15:31:06,154 - SourceAnalyzer - INFO - logger.py:225 - DOM 파싱 불가, SAX로 fallback합니다: D:\Analyzer\CreateMetaDb\projects\sampleSrc\src\main\resources\mybatis\mapper\MixedErrorMapper.xml (사유: cannot access local variable 'child' where it is not associated with a value)
2025-09-14 15:31:06,155 - SourceAnalyzer - INFO - logger.py:225 - DOM 파싱 불가, SAX로 fallback합니다: D:\Analyzer\CreateMetaDb\projects\sampleSrc\src\main\resources\mybatis\mapper\MixedErrorMapper.xml (사유: cannot access local variable 'child' where it is not associated with a value)
2025-09-14 15:31:06,156 - SourceAnalyzer - INFO - logger.py:225 - DOM 파싱 불가, SAX로 fallback합니다: D:\Analyzer\CreateMetaDb\projects\sampleSrc\src\main\resources\mybatis\mapper\MixedErrorMapper.xml (사유: cannot access local variable 'child' where it is not associated with a value)
2025-09-14 15:31:06,157 - SourceAnalyzer - INFO - logger.py:225 - DOM 파싱 불가, SAX로 fallback합니다: D:\Analyzer\CreateMetaDb\projects\sampleSrc\src\main\resources\mybatis\mapper\MixedErrorMapper.xml (사유: cannot access local variable 'child' where it is not associated with a value)
2025-09-14 15:31:06,163 - SourceAnalyzer - INFO - logger.py:225 - DOM 파싱 불가, SAX로 fallback합니다: D:\Analyzer\CreateMetaDb\projects\sampleSrc\src\main\resources\mybatis\mapper\MixedErrorMapper.xml (사유: cannot access local variable 'child' where it is not associated with a value)
2025-09-14 15:31:06,170 - SourceAnalyzer - INFO - logger.py:225 - DOM 파싱 불가, SAX로 fallback합니다: D:\Analyzer\CreateMetaDb\projects\sampleSrc\src\main\resources\mybatis\mapper\MixedErrorMapper.xml (사유: cannot access local variable 'child' where it is not associated with a value)
2025-09-14 15:31:06,171 - SourceAnalyzer - INFO - logger.py:225 - DOM 파싱 불가, SAX로 fallback합니다: D:\Analyzer\CreateMetaDb\projects\sampleSrc\src\main\resources\mybatis\mapper\MixedErrorMapper.xml (사유: cannot access local variable 'child' where it is not associated with a value)
2025-09-14 15:31:06,173 - SourceAnalyzer - INFO - logger.py:225 - === XML 로딩 엔진: SQL 컴포넌트 저장 시작 ===
2025-09-14 15:31:06,173 - SourceAnalyzer - INFO - logger.py:225 - 전달받은 SQL 쿼리 수: 12개
2025-09-14 15:31:06,173 - SourceAnalyzer - INFO - logger.py:225 - XML에서 추출된 SQL 쿼리 타입별 통계: {'select': 9, 'insert': 1, 'update': 1, 'delete': 1}
2025-09-14 15:31:06,173 - SourceAnalyzer - INFO - logger.py:225 - 프로젝트 ID: 1
2025-09-14 15:31:06,174 - SourceAnalyzer - INFO - logger.py:225 - JOIN 관계 저장 완료: 4개
2025-09-14 15:31:06,174 - SourceAnalyzer - INFO - logger.py:225 - DOM 기반 파싱 시도: D:\Analyzer\CreateMetaDb\projects\sampleSrc\src\main\resources\mybatis\mapper\ProductMapper.xml
2025-09-14 15:31:06,174 - SourceAnalyzer - INFO - logger.py:225 - DOM 파싱 불가, SAX로 fallback합니다: D:\Analyzer\CreateMetaDb\projects\sampleSrc\src\main\resources\mybatis\mapper\ProductMapper.xml (사유: cannot access local variable 'child' where it is not associated with a value)
2025-09-14 15:31:06,175 - SourceAnalyzer - INFO - logger.py:225 - DOM 기반 파싱 실패 또는 결과 없음, SAX 파서로 Fallback: D:\Analyzer\CreateMetaDb\projects\sampleSrc\src\main\resources\mybatis\mapper\ProductMapper.xml
2025-09-14 15:31:06,175 - SourceAnalyzer - INFO - logger.py:225 - SAX 파서로 Fallback: D:\Analyzer\CreateMetaDb\projects\sampleSrc\src\main\resources\mybatis\mapper\ProductMapper.xml
2025-09-14 15:31:06,187 - SourceAnalyzer - INFO - logger.py:225 - SAX 파싱 시작: D:\Analyzer\CreateMetaDb\projects\sampleSrc\src\main\resources\mybatis\mapper\ProductMapper.xml
2025-09-14 15:31:06,194 - SourceAnalyzer - WARNING - logger.py:230 - SAX 파싱 중 예상치 못한 오류: D:\Analyzer\CreateMetaDb\projects\sampleSrc\src\main\resources\mybatis\mapper\ProductMapper.xml - maximum recursion depth exceeded
2025-09-14 15:31:06,194 - SourceAnalyzer - INFO - logger.py:225 - SAX 파싱도 실패, 정규식 파서로 최종 Fallback: D:\Analyzer\CreateMetaDb\projects\sampleSrc\src\main\resources\mybatis\mapper\ProductMapper.xml
2025-09-14 15:31:06,194 - SourceAnalyzer - INFO - logger.py:225 - SAX 파싱 오류 메시지: SAX 파싱 중 예상치 못한 오류: D:\Analyzer\CreateMetaDb\projects\sampleSrc\src\main\resources\mybatis\mapper\ProductMapper.xml - maximum recursion depth exceeded
2025-09-14 15:31:06,195 - SourceAnalyzer - INFO - logger.py:225 - 정규식 기반 파서로 최종 Fallback: D:\Analyzer\CreateMetaDb\projects\sampleSrc\src\main\resources\mybatis\mapper\ProductMapper.xml
2025-09-14 15:31:06,199 - SourceAnalyzer - INFO - logger.py:225 - DOM 파싱 불가, SAX로 fallback합니다: D:\Analyzer\CreateMetaDb\projects\sampleSrc\src\main\resources\mybatis\mapper\ProductMapper.xml (사유: cannot access local variable 'child' where it is not associated with a value)
2025-09-14 15:31:06,200 - SourceAnalyzer - INFO - logger.py:225 - DOM 파싱 불가, SAX로 fallback합니다: D:\Analyzer\CreateMetaDb\projects\sampleSrc\src\main\resources\mybatis\mapper\ProductMapper.xml (사유: cannot access local variable 'child' where it is not associated with a value)
2025-09-14 15:31:06,201 - SourceAnalyzer - INFO - logger.py:225 - DOM 파싱 불가, SAX로 fallback합니다: D:\Analyzer\CreateMetaDb\projects\sampleSrc\src\main\resources\mybatis\mapper\ProductMapper.xml (사유: cannot access local variable 'child' where it is not associated with a value)
2025-09-14 15:31:06,205 - SourceAnalyzer - INFO - logger.py:225 - DOM 파싱 불가, SAX로 fallback합니다: D:\Analyzer\CreateMetaDb\projects\sampleSrc\src\main\resources\mybatis\mapper\ProductMapper.xml (사유: cannot access local variable 'child' where it is not associated with a value)
2025-09-14 15:31:06,206 - SourceAnalyzer - INFO - logger.py:225 - DOM 파싱 불가, SAX로 fallback합니다: D:\Analyzer\CreateMetaDb\projects\sampleSrc\src\main\resources\mybatis\mapper\ProductMapper.xml (사유: cannot access local variable 'child' where it is not associated with a value)
2025-09-14 15:31:06,207 - SourceAnalyzer - INFO - logger.py:225 - DOM 파싱 불가, SAX로 fallback합니다: D:\Analyzer\CreateMetaDb\projects\sampleSrc\src\main\resources\mybatis\mapper\ProductMapper.xml (사유: cannot access local variable 'child' where it is not associated with a value)
2025-09-14 15:31:06,209 - SourceAnalyzer - INFO - logger.py:225 - DOM 파싱 불가, SAX로 fallback합니다: D:\Analyzer\CreateMetaDb\projects\sampleSrc\src\main\resources\mybatis\mapper\ProductMapper.xml (사유: cannot access local variable 'child' where it is not associated with a value)
2025-09-14 15:31:06,211 - SourceAnalyzer - INFO - logger.py:225 - DOM 파싱 불가, SAX로 fallback합니다: D:\Analyzer\CreateMetaDb\projects\sampleSrc\src\main\resources\mybatis\mapper\ProductMapper.xml (사유: cannot access local variable 'child' where it is not associated with a value)
2025-09-14 15:31:06,218 - SourceAnalyzer - INFO - logger.py:225 - DOM 파싱 불가, SAX로 fallback합니다: D:\Analyzer\CreateMetaDb\projects\sampleSrc\src\main\resources\mybatis\mapper\ProductMapper.xml (사유: cannot access local variable 'child' where it is not associated with a value)
2025-09-14 15:31:06,219 - SourceAnalyzer - INFO - logger.py:225 - === XML 로딩 엔진: SQL 컴포넌트 저장 시작 ===
2025-09-14 15:31:06,219 - SourceAnalyzer - INFO - logger.py:225 - 전달받은 SQL 쿼리 수: 9개
2025-09-14 15:31:06,219 - SourceAnalyzer - INFO - logger.py:225 - XML에서 추출된 SQL 쿼리 타입별 통계: {'select': 5, 'update': 2, 'insert': 1, 'delete': 1}
2025-09-14 15:31:06,219 - SourceAnalyzer - INFO - logger.py:225 - 프로젝트 ID: 1
2025-09-14 15:31:06,220 - SourceAnalyzer - INFO - logger.py:225 - JOIN 관계 저장 완료: 2개
2025-09-14 15:31:06,220 - SourceAnalyzer - INFO - logger.py:225 - DOM 기반 파싱 시도: D:\Analyzer\CreateMetaDb\projects\sampleSrc\src\main\resources\mybatis\mapper\UserMapper.xml
2025-09-14 15:31:06,220 - SourceAnalyzer - INFO - logger.py:225 - DOM 파싱 불가, SAX로 fallback합니다: D:\Analyzer\CreateMetaDb\projects\sampleSrc\src\main\resources\mybatis\mapper\UserMapper.xml (사유: cannot access local variable 'child' where it is not associated with a value)
2025-09-14 15:31:06,221 - SourceAnalyzer - INFO - logger.py:225 - DOM 기반 파싱 실패 또는 결과 없음, SAX 파서로 Fallback: D:\Analyzer\CreateMetaDb\projects\sampleSrc\src\main\resources\mybatis\mapper\UserMapper.xml
2025-09-14 15:31:06,221 - SourceAnalyzer - INFO - logger.py:225 - SAX 파서로 Fallback: D:\Analyzer\CreateMetaDb\projects\sampleSrc\src\main\resources\mybatis\mapper\UserMapper.xml
2025-09-14 15:31:06,233 - SourceAnalyzer - INFO - logger.py:225 - SAX 파싱 시작: D:\Analyzer\CreateMetaDb\projects\sampleSrc\src\main\resources\mybatis\mapper\UserMapper.xml
2025-09-14 15:31:06,239 - SourceAnalyzer - WARNING - logger.py:230 - SAX 파싱 중 예상치 못한 오류: D:\Analyzer\CreateMetaDb\projects\sampleSrc\src\main\resources\mybatis\mapper\UserMapper.xml - maximum recursion depth exceeded
2025-09-14 15:31:06,239 - SourceAnalyzer - INFO - logger.py:225 - SAX 파싱도 실패, 정규식 파서로 최종 Fallback: D:\Analyzer\CreateMetaDb\projects\sampleSrc\src\main\resources\mybatis\mapper\UserMapper.xml
2025-09-14 15:31:06,240 - SourceAnalyzer - INFO - logger.py:225 - SAX 파싱 오류 메시지: SAX 파싱 중 예상치 못한 오류: D:\Analyzer\CreateMetaDb\projects\sampleSrc\src\main\resources\mybatis\mapper\UserMapper.xml - maximum recursion depth exceeded
2025-09-14 15:31:06,240 - SourceAnalyzer - INFO - logger.py:225 - 정규식 기반 파서로 최종 Fallback: D:\Analyzer\CreateMetaDb\projects\sampleSrc\src\main\resources\mybatis\mapper\UserMapper.xml
2025-09-14 15:31:06,241 - SourceAnalyzer - INFO - logger.py:225 - DOM 파싱 불가, SAX로 fallback합니다: D:\Analyzer\CreateMetaDb\projects\sampleSrc\src\main\resources\mybatis\mapper\UserMapper.xml (사유: cannot access local variable 'child' where it is not associated with a value)
2025-09-14 15:31:06,242 - SourceAnalyzer - INFO - logger.py:225 - DOM 파싱 불가, SAX로 fallback합니다: D:\Analyzer\CreateMetaDb\projects\sampleSrc\src\main\resources\mybatis\mapper\UserMapper.xml (사유: cannot access local variable 'child' where it is not associated with a value)
2025-09-14 15:31:06,244 - SourceAnalyzer - INFO - logger.py:225 - DOM 파싱 불가, SAX로 fallback합니다: D:\Analyzer\CreateMetaDb\projects\sampleSrc\src\main\resources\mybatis\mapper\UserMapper.xml (사유: cannot access local variable 'child' where it is not associated with a value)
2025-09-14 15:31:06,251 - SourceAnalyzer - INFO - logger.py:225 - DOM 파싱 불가, SAX로 fallback합니다: D:\Analyzer\CreateMetaDb\projects\sampleSrc\src\main\resources\mybatis\mapper\UserMapper.xml (사유: cannot access local variable 'child' where it is not associated with a value)
2025-09-14 15:31:06,252 - SourceAnalyzer - INFO - logger.py:225 - DOM 파싱 불가, SAX로 fallback합니다: D:\Analyzer\CreateMetaDb\projects\sampleSrc\src\main\resources\mybatis\mapper\UserMapper.xml (사유: cannot access local variable 'child' where it is not associated with a value)
2025-09-14 15:31:06,253 - SourceAnalyzer - INFO - logger.py:225 - DOM 파싱 불가, SAX로 fallback합니다: D:\Analyzer\CreateMetaDb\projects\sampleSrc\src\main\resources\mybatis\mapper\UserMapper.xml (사유: cannot access local variable 'child' where it is not associated with a value)
2025-09-14 15:31:06,255 - SourceAnalyzer - INFO - logger.py:225 - DOM 파싱 불가, SAX로 fallback합니다: D:\Analyzer\CreateMetaDb\projects\sampleSrc\src\main\resources\mybatis\mapper\UserMapper.xml (사유: cannot access local variable 'child' where it is not associated with a value)
2025-09-14 15:31:06,256 - SourceAnalyzer - INFO - logger.py:225 - DOM 파싱 불가, SAX로 fallback합니다: D:\Analyzer\CreateMetaDb\projects\sampleSrc\src\main\resources\mybatis\mapper\UserMapper.xml (사유: cannot access local variable 'child' where it is not associated with a value)
2025-09-14 15:31:06,257 - SourceAnalyzer - INFO - logger.py:225 - DOM 파싱 불가, SAX로 fallback합니다: D:\Analyzer\CreateMetaDb\projects\sampleSrc\src\main\resources\mybatis\mapper\UserMapper.xml (사유: cannot access local variable 'child' where it is not associated with a value)
2025-09-14 15:31:06,259 - SourceAnalyzer - INFO - logger.py:225 - DOM 파싱 불가, SAX로 fallback합니다: D:\Analyzer\CreateMetaDb\projects\sampleSrc\src\main\resources\mybatis\mapper\UserMapper.xml (사유: cannot access local variable 'child' where it is not associated with a value)
2025-09-14 15:31:06,267 - SourceAnalyzer - INFO - logger.py:225 - DOM 파싱 불가, SAX로 fallback합니다: D:\Analyzer\CreateMetaDb\projects\sampleSrc\src\main\resources\mybatis\mapper\UserMapper.xml (사유: cannot access local variable 'child' where it is not associated with a value)
2025-09-14 15:31:06,268 - SourceAnalyzer - INFO - logger.py:225 - DOM 파싱 불가, SAX로 fallback합니다: D:\Analyzer\CreateMetaDb\projects\sampleSrc\src\main\resources\mybatis\mapper\UserMapper.xml (사유: cannot access local variable 'child' where it is not associated with a value)
2025-09-14 15:31:06,274 - SourceAnalyzer - INFO - logger.py:225 - DOM 파싱 불가, SAX로 fallback합니다: D:\Analyzer\CreateMetaDb\projects\sampleSrc\src\main\resources\mybatis\mapper\UserMapper.xml (사유: cannot access local variable 'child' where it is not associated with a value)
2025-09-14 15:31:06,275 - SourceAnalyzer - INFO - logger.py:225 - DOM 파싱 불가, SAX로 fallback합니다: D:\Analyzer\CreateMetaDb\projects\sampleSrc\src\main\resources\mybatis\mapper\UserMapper.xml (사유: cannot access local variable 'child' where it is not associated with a value)
2025-09-14 15:31:06,282 - SourceAnalyzer - INFO - logger.py:225 - DOM 파싱 불가, SAX로 fallback합니다: D:\Analyzer\CreateMetaDb\projects\sampleSrc\src\main\resources\mybatis\mapper\UserMapper.xml (사유: cannot access local variable 'child' where it is not associated with a value)
2025-09-14 15:31:06,286 - SourceAnalyzer - INFO - logger.py:225 - DOM 파싱 불가, SAX로 fallback합니다: D:\Analyzer\CreateMetaDb\projects\sampleSrc\src\main\resources\mybatis\mapper\UserMapper.xml (사유: cannot access local variable 'child' where it is not associated with a value)
2025-09-14 15:31:06,289 - SourceAnalyzer - INFO - logger.py:225 - DOM 파싱 불가, SAX로 fallback합니다: D:\Analyzer\CreateMetaDb\projects\sampleSrc\src\main\resources\mybatis\mapper\UserMapper.xml (사유: cannot access local variable 'child' where it is not associated with a value)
2025-09-14 15:31:06,291 - SourceAnalyzer - INFO - logger.py:225 - DOM 파싱 불가, SAX로 fallback합니다: D:\Analyzer\CreateMetaDb\projects\sampleSrc\src\main\resources\mybatis\mapper\UserMapper.xml (사유: cannot access local variable 'child' where it is not associated with a value)
2025-09-14 15:31:06,296 - SourceAnalyzer - INFO - logger.py:225 - DOM 파싱 불가, SAX로 fallback합니다: D:\Analyzer\CreateMetaDb\projects\sampleSrc\src\main\resources\mybatis\mapper\UserMapper.xml (사유: cannot access local variable 'child' where it is not associated with a value)
2025-09-14 15:31:06,297 - SourceAnalyzer - INFO - logger.py:225 - DOM 파싱 불가, SAX로 fallback합니다: D:\Analyzer\CreateMetaDb\projects\sampleSrc\src\main\resources\mybatis\mapper\UserMapper.xml (사유: cannot access local variable 'child' where it is not associated with a value)
2025-09-14 15:31:06,300 - SourceAnalyzer - INFO - logger.py:225 - DOM 파싱 불가, SAX로 fallback합니다: D:\Analyzer\CreateMetaDb\projects\sampleSrc\src\main\resources\mybatis\mapper\UserMapper.xml (사유: cannot access local variable 'child' where it is not associated with a value)
2025-09-14 15:31:06,301 - SourceAnalyzer - INFO - logger.py:225 - DOM 파싱 불가, SAX로 fallback합니다: D:\Analyzer\CreateMetaDb\projects\sampleSrc\src\main\resources\mybatis\mapper\UserMapper.xml (사유: cannot access local variable 'child' where it is not associated with a value)
2025-09-14 15:31:06,302 - SourceAnalyzer - INFO - logger.py:225 - === XML 로딩 엔진: SQL 컴포넌트 저장 시작 ===
2025-09-14 15:31:06,302 - SourceAnalyzer - INFO - logger.py:225 - 전달받은 SQL 쿼리 수: 22개
2025-09-14 15:31:06,302 - SourceAnalyzer - INFO - logger.py:225 - XML에서 추출된 SQL 쿼리 타입별 통계: {'select': 15, 'update': 2, 'insert': 2, 'delete': 1, 'merge': 2}
2025-09-14 15:31:06,302 - SourceAnalyzer - INFO - logger.py:225 - 프로젝트 ID: 1
2025-09-14 15:31:06,303 - SourceAnalyzer - INFO - logger.py:225 - JOIN 관계 저장 완료: 8개
2025-09-14 15:31:06,303 - SourceAnalyzer - INFO - logger.py:225 - === XML 로딩 통계 ===
2025-09-14 15:31:06,303 - SourceAnalyzer - INFO - logger.py:225 - 처리된 XML 파일: 5개
2025-09-14 15:31:06,303 - SourceAnalyzer - INFO - logger.py:225 - 추출된 SQL 쿼리: 56개
2025-09-14 15:31:06,303 - SourceAnalyzer - INFO - logger.py:225 - 생성된 SQL 컴포넌트: 0개
2025-09-14 15:31:06,304 - SourceAnalyzer - INFO - logger.py:225 - 생성된 JOIN 관계: 30개
2025-09-14 15:31:06,304 - SourceAnalyzer - INFO - logger.py:225 - 생성된 inferred 테이블: 0개
2025-09-14 15:31:06,304 - SourceAnalyzer - INFO - logger.py:225 - 생성된 inferred 컬럼: 0개
2025-09-14 15:31:06,304 - SourceAnalyzer - INFO - logger.py:225 - 오류 발생: 1개
2025-09-14 15:31:06,304 - SourceAnalyzer - INFO - logger.py:225 - === SQL Content 통계 ===
2025-09-14 15:31:06,305 - SourceAnalyzer - INFO - logger.py:225 - 저장된 SQL 내용: 0개
2025-09-14 15:31:06,305 - SourceAnalyzer - INFO - logger.py:225 - 총 압축 크기: None bytes
2025-09-14 15:31:06,305 - SourceAnalyzer - INFO - logger.py:225 - 평균 압축 크기: 0.00 bytes
2025-09-14 15:31:06,305 - SourceAnalyzer - INFO - logger.py:225 - 최대 압축 크기: None bytes
2025-09-14 15:31:06,305 - SourceAnalyzer - INFO - logger.py:225 - 최소 압축 크기: None bytes
2025-09-14 15:31:06,305 - SourceAnalyzer - INFO - logger.py:225 - === XML 로딩 완료 ===
2025-09-14 15:31:06,307 - SourceAnalyzer - INFO - sql_content_manager.py:282 - SQL Content 데이터베이스 연결 해제
2025-09-14 15:31:06,318 - SourceAnalyzer - INFO - logger.py:225 - 3단계 완료: XML 파일 분석 및 SQL 컴포넌트 등록 + JOIN 관계 분석
2025-09-14 15:31:06,318 - SourceAnalyzer - INFO - logger.py:225 - 4단계 실행: Java 소스코드 분석 및 관계 생성
2025-09-14 15:31:06,347 - SourceAnalyzer - INFO - logger.py:225 - 정규식 패턴 컴파일 완료: 클래스 12개, 메서드 4개, 패키지 7개, 상속 6개, CALL_QUERY 18개, CALL_METHOD 7개, USE_TABLE 16개
2025-09-14 15:31:06,347 - SourceAnalyzer - INFO - logger.py:225 - === Java 로딩 시작: 4단계 통합 처리 ===
2025-09-14 15:31:06,357 - SourceAnalyzer - INFO - logger.py:225 - Java 파일 수집 완료: 30개
2025-09-14 15:31:06,357 - SourceAnalyzer - INFO - logger.py:225 - 처리할 Java 파일 수: 30개
2025-09-14 15:31:06,359 - SourceAnalyzer - INFO - logger.py:225 - 메서드 추출 시작: D:\Analyzer\CreateMetaDb\projects\sampleSrc\src\com\example\dynamicquery\UserDao.java
2025-09-14 15:31:06,360 - SourceAnalyzer - INFO - logger.py:225 - 컴파일된 메서드 패턴 수: 4
2025-09-14 15:31:06,360 - SourceAnalyzer - INFO - logger.py:225 - 패턴 1에서 메서드 발견: UserDao
2025-09-14 15:31:06,360 - SourceAnalyzer - INFO - logger.py:225 - 패턴 2에서 메서드 발견: validateAndSetDefaults
2025-09-14 15:31:06,361 - SourceAnalyzer - INFO - logger.py:225 - 패턴 4에서 메서드 발견: UserDao
2025-09-14 15:31:06,361 - SourceAnalyzer - INFO - logger.py:225 - 패턴 4에서 메서드 발견: findUsersByCondition
2025-09-14 15:31:06,362 - SourceAnalyzer - INFO - logger.py:225 - 패턴 4에서 메서드 발견: findUsersByConditionAnsi
2025-09-14 15:31:06,362 - SourceAnalyzer - INFO - logger.py:225 - 패턴 4에서 메서드 발견: validateAndSetDefaults
2025-09-14 15:31:06,363 - SourceAnalyzer - INFO - logger.py:225 - 패턴 4에서 메서드 발견: processUserData
2025-09-14 15:31:06,363 - SourceAnalyzer - INFO - logger.py:225 - 패턴 4에서 메서드 발견: for
2025-09-14 15:31:06,367 - SourceAnalyzer - INFO - logger.py:225 - === Java 클래스 저장 시작: D:\Analyzer\CreateMetaDb\projects\sampleSrc\src\com\example\dynamicquery\UserDao.java ===
2025-09-14 15:31:06,367 - SourceAnalyzer - INFO - logger.py:225 - 저장할 클래스 수: 2개
2025-09-14 15:31:06,368 - SourceAnalyzer - INFO - logger.py:225 - 프로젝트 ID: 1, 파일 ID: 3
2025-09-14 15:31:06,368 - SourceAnalyzer - INFO - logger.py:225 - 클래스 생성 완료: UserDao (ID: 1)
2025-09-14 15:31:06,368 - SourceAnalyzer - INFO - logger.py:225 - 클래스 생성 완료: UserDao (ID: 2)
2025-09-14 15:31:06,369 - SourceAnalyzer - INFO - logger.py:225 - === Java 클래스 저장 완료: D:\Analyzer\CreateMetaDb\projects\sampleSrc\src\com\example\dynamicquery\UserDao.java ===
2025-09-14 15:31:06,369 - SourceAnalyzer - INFO - logger.py:225 - 저장할 CALL_QUERY 관계 수: 1개
2025-09-14 15:31:06,369 - SourceAnalyzer - ERROR - logger.py:205 - FATAL ERROR: Exception: 소스 메서드 컴포넌트 ID를 찾을 수 없습니다: UserDao.findUsersByConditionAnsi
Message: CALL_QUERY 관계 저장 실패
2025-09-14 15:31:06,369 - SourceAnalyzer - ERROR - logger.py:208 - 
[FATAL ERROR] 프로그램이 에러로 인해 종료됩니다. (종료코드: 1)
2025-09-14 15:31:06,369 - SourceAnalyzer - ERROR - logger.py:209 - 자세한 내용은 로그 파일을 확인하세요: logs/SourceAnalyzer_20250914_153105.log
