2025-09-13 20:36:33,826 - SourceAnalyzer - INFO - logger.py:68 - SourceAnalyzer 시작
2025-09-13 20:36:33,832 - SourceAnalyzer - DEBUG - logger.py:64 - 명령행 인자 파싱 완료: {'project_name': 'sampleSrc', 'clear_metadb': False, 'verbose': False, 'output_format': 'html', 'config_file': None, 'log_level': 'INFO', 'dry_run': False, 'force': False}
2025-09-13 20:36:33,833 - SourceAnalyzer - DEBUG - logger.py:64 - 인자 검증 성공
2025-09-13 20:36:33,833 - SourceAnalyzer - INFO - logger.py:68 - 분석 대상 프로젝트: sampleSrc
2025-09-13 20:36:33,833 - SourceAnalyzer - INFO - logger.py:68 - 분석 옵션:
2025-09-13 20:36:33,833 - SourceAnalyzer - INFO - logger.py:68 -   - 메타데이터베이스 초기화: False
2025-09-13 20:36:33,833 - SourceAnalyzer - INFO - logger.py:68 -   - 상세 로그: False
2025-09-13 20:36:33,833 - SourceAnalyzer - INFO - logger.py:68 -   - 출력 형식: html
2025-09-13 20:36:33,833 - SourceAnalyzer - INFO - logger.py:68 -   - 드라이런 모드: False
2025-09-13 20:36:33,833 - SourceAnalyzer - INFO - logger.py:68 -   - 강제 실행: False
2025-09-13 20:36:33,834 - SourceAnalyzer - INFO - logger.py:68 - 1단계 실행: 파일 정보 저장 (프로젝트 전체 스캔)
2025-09-13 20:36:33,835 - SourceAnalyzer - INFO - logger.py:68 - === 파일 스캔 시작: 파일 정보 저장 ===
2025-09-13 20:36:33,836 - SourceAnalyzer - DEBUG - logger.py:64 - 데이터베이스 연결 성공: D:\Analyzer\CreateMetaDb\projects\sampleSrc\metadata.db
2025-09-13 20:36:33,838 - SourceAnalyzer - DEBUG - logger.py:64 - 인덱스가 이미 존재함 (무시): CREATE UNIQUE INDEX ix_projects_01 ON projects (pr...
2025-09-13 20:36:33,838 - SourceAnalyzer - DEBUG - logger.py:64 - 인덱스가 이미 존재함 (무시): CREATE UNIQUE INDEX ix_tables_01 ON tables (table_...
2025-09-13 20:36:33,838 - SourceAnalyzer - DEBUG - logger.py:64 - 인덱스가 이미 존재함 (무시): CREATE UNIQUE INDEX ix_columns_01 ON columns (tabl...
2025-09-13 20:36:33,838 - SourceAnalyzer - DEBUG - logger.py:64 - 인덱스가 이미 존재함 (무시): CREATE UNIQUE INDEX ix_files_01 ON files (file_nam...
2025-09-13 20:36:33,838 - SourceAnalyzer - DEBUG - logger.py:64 - 인덱스가 이미 존재함 (무시): CREATE UNIQUE INDEX ix_classes_01 ON classes (clas...
2025-09-13 20:36:33,838 - SourceAnalyzer - DEBUG - logger.py:64 - 인덱스가 이미 존재함 (무시): CREATE INDEX ix_classes_02 ON classes (parent_clas...
2025-09-13 20:36:33,838 - SourceAnalyzer - DEBUG - logger.py:64 - 인덱스가 이미 존재함 (무시): CREATE UNIQUE INDEX ix_components_01 ON components...
2025-09-13 20:36:33,839 - SourceAnalyzer - DEBUG - logger.py:64 - 인덱스가 이미 존재함 (무시): CREATE INDEX ix_components_parent_id ON components...
2025-09-13 20:36:33,839 - SourceAnalyzer - DEBUG - logger.py:64 - 인덱스가 이미 존재함 (무시): CREATE UNIQUE INDEX ix_relationships_01 ON relatio...
2025-09-13 20:36:33,839 - SourceAnalyzer - DEBUG - logger.py:64 - SQL 스크립트 실행 성공: D:\Analyzer\CreateMetaDb\database\create_table_script.sql
2025-09-13 20:36:33,839 - SourceAnalyzer - INFO - logger.py:68 - 메타데이터베이스 초기화 완료: D:\Analyzer\CreateMetaDb\projects\sampleSrc\metadata.db
2025-09-13 20:36:33,839 - SourceAnalyzer - DEBUG - logger.py:64 - 쿼리 실행 성공: 
                SELECT COUNT(*) as count FROM pro...
2025-09-13 20:36:33,840 - SourceAnalyzer - DEBUG - logger.py:64 - 업데이트 쿼리 실행 성공: 
            UPDATE projects
            SET hash_..., 영향받은 행: 1
2025-09-13 20:36:33,840 - SourceAnalyzer - DEBUG - logger.py:64 - 프로젝트 정보 저장/업데이트 완료: sampleSrc
2025-09-13 20:36:33,840 - SourceAnalyzer - INFO - logger.py:68 - 프로젝트 파일 스캔 시작: D:\Analyzer\CreateMetaDb\projects\sampleSrc
2025-09-13 20:36:33,938 - SourceAnalyzer - DEBUG - logger.py:64 - 디렉토리 스캔 완료: D:\Analyzer\CreateMetaDb\projects\sampleSrc, 파일 수: 42
2025-09-13 20:36:33,939 - SourceAnalyzer - DEBUG - logger.py:64 - 파일 읽기 성공: D:\Analyzer\CreateMetaDb\projects\sampleSrc\config\target_source_config.yaml
2025-09-13 20:36:33,944 - SourceAnalyzer - DEBUG - logger.py:64 - YAML 설정 파일 로드 성공: D:\Analyzer\CreateMetaDb\projects\sampleSrc\config\target_source_config.yaml
2025-09-13 20:36:33,947 - SourceAnalyzer - DEBUG - logger.py:64 - 파일 읽기 성공: D:\Analyzer\CreateMetaDb\projects\sampleSrc\config\target_source_config.yaml
2025-09-13 20:36:33,951 - SourceAnalyzer - DEBUG - logger.py:64 - YAML 설정 파일 로드 성공: D:\Analyzer\CreateMetaDb\projects\sampleSrc\config\target_source_config.yaml
2025-09-13 20:36:33,952 - SourceAnalyzer - DEBUG - logger.py:64 - 파일 읽기 성공: D:\Analyzer\CreateMetaDb\projects\sampleSrc\config\target_source_config.yaml
2025-09-13 20:36:33,955 - SourceAnalyzer - DEBUG - logger.py:64 - YAML 설정 파일 로드 성공: D:\Analyzer\CreateMetaDb\projects\sampleSrc\config\target_source_config.yaml
2025-09-13 20:36:33,956 - SourceAnalyzer - DEBUG - logger.py:64 - 파일 읽기 성공: D:\Analyzer\CreateMetaDb\projects\sampleSrc\config\target_source_config.yaml
2025-09-13 20:36:33,960 - SourceAnalyzer - DEBUG - logger.py:64 - YAML 설정 파일 로드 성공: D:\Analyzer\CreateMetaDb\projects\sampleSrc\config\target_source_config.yaml
2025-09-13 20:36:33,961 - SourceAnalyzer - DEBUG - logger.py:64 - 파일 읽기 성공: D:\Analyzer\CreateMetaDb\projects\sampleSrc\config\target_source_config.yaml
2025-09-13 20:36:33,965 - SourceAnalyzer - DEBUG - logger.py:64 - YAML 설정 파일 로드 성공: D:\Analyzer\CreateMetaDb\projects\sampleSrc\config\target_source_config.yaml
2025-09-13 20:36:33,966 - SourceAnalyzer - DEBUG - logger.py:64 - 파일 읽기 성공: D:\Analyzer\CreateMetaDb\projects\sampleSrc\config\target_source_config.yaml
2025-09-13 20:36:33,970 - SourceAnalyzer - DEBUG - logger.py:64 - YAML 설정 파일 로드 성공: D:\Analyzer\CreateMetaDb\projects\sampleSrc\config\target_source_config.yaml
2025-09-13 20:36:33,970 - SourceAnalyzer - DEBUG - logger.py:64 - 파일 읽기 성공: D:\Analyzer\CreateMetaDb\projects\sampleSrc\config\target_source_config.yaml
2025-09-13 20:36:33,975 - SourceAnalyzer - DEBUG - logger.py:64 - YAML 설정 파일 로드 성공: D:\Analyzer\CreateMetaDb\projects\sampleSrc\config\target_source_config.yaml
2025-09-13 20:36:33,976 - SourceAnalyzer - DEBUG - logger.py:64 - 파일 읽기 성공: D:\Analyzer\CreateMetaDb\projects\sampleSrc\config\target_source_config.yaml
2025-09-13 20:36:33,979 - SourceAnalyzer - DEBUG - logger.py:64 - YAML 설정 파일 로드 성공: D:\Analyzer\CreateMetaDb\projects\sampleSrc\config\target_source_config.yaml
2025-09-13 20:36:33,980 - SourceAnalyzer - DEBUG - logger.py:64 - 파일 읽기 성공: D:\Analyzer\CreateMetaDb\projects\sampleSrc\config\target_source_config.yaml
2025-09-13 20:36:33,984 - SourceAnalyzer - DEBUG - logger.py:64 - YAML 설정 파일 로드 성공: D:\Analyzer\CreateMetaDb\projects\sampleSrc\config\target_source_config.yaml
2025-09-13 20:36:33,985 - SourceAnalyzer - DEBUG - logger.py:64 - 파일 읽기 성공: D:\Analyzer\CreateMetaDb\projects\sampleSrc\config\target_source_config.yaml
2025-09-13 20:36:33,989 - SourceAnalyzer - DEBUG - logger.py:64 - YAML 설정 파일 로드 성공: D:\Analyzer\CreateMetaDb\projects\sampleSrc\config\target_source_config.yaml
2025-09-13 20:36:33,990 - SourceAnalyzer - DEBUG - logger.py:64 - 파일 읽기 성공: D:\Analyzer\CreateMetaDb\projects\sampleSrc\config\target_source_config.yaml
2025-09-13 20:36:33,994 - SourceAnalyzer - DEBUG - logger.py:64 - YAML 설정 파일 로드 성공: D:\Analyzer\CreateMetaDb\projects\sampleSrc\config\target_source_config.yaml
2025-09-13 20:36:33,995 - SourceAnalyzer - DEBUG - logger.py:64 - 파일 읽기 성공: D:\Analyzer\CreateMetaDb\projects\sampleSrc\config\target_source_config.yaml
2025-09-13 20:36:33,999 - SourceAnalyzer - DEBUG - logger.py:64 - YAML 설정 파일 로드 성공: D:\Analyzer\CreateMetaDb\projects\sampleSrc\config\target_source_config.yaml
2025-09-13 20:36:34,000 - SourceAnalyzer - DEBUG - logger.py:64 - 파일 읽기 성공: D:\Analyzer\CreateMetaDb\projects\sampleSrc\config\target_source_config.yaml
2025-09-13 20:36:34,003 - SourceAnalyzer - DEBUG - logger.py:64 - YAML 설정 파일 로드 성공: D:\Analyzer\CreateMetaDb\projects\sampleSrc\config\target_source_config.yaml
2025-09-13 20:36:34,004 - SourceAnalyzer - DEBUG - logger.py:64 - 파일 읽기 성공: D:\Analyzer\CreateMetaDb\projects\sampleSrc\config\target_source_config.yaml
2025-09-13 20:36:34,008 - SourceAnalyzer - DEBUG - logger.py:64 - YAML 설정 파일 로드 성공: D:\Analyzer\CreateMetaDb\projects\sampleSrc\config\target_source_config.yaml
2025-09-13 20:36:34,009 - SourceAnalyzer - DEBUG - logger.py:64 - 파일 읽기 성공: D:\Analyzer\CreateMetaDb\projects\sampleSrc\config\target_source_config.yaml
2025-09-13 20:36:34,013 - SourceAnalyzer - DEBUG - logger.py:64 - YAML 설정 파일 로드 성공: D:\Analyzer\CreateMetaDb\projects\sampleSrc\config\target_source_config.yaml
2025-09-13 20:36:34,013 - SourceAnalyzer - DEBUG - logger.py:64 - 파일 읽기 성공: D:\Analyzer\CreateMetaDb\projects\sampleSrc\config\target_source_config.yaml
2025-09-13 20:36:34,017 - SourceAnalyzer - DEBUG - logger.py:64 - YAML 설정 파일 로드 성공: D:\Analyzer\CreateMetaDb\projects\sampleSrc\config\target_source_config.yaml
2025-09-13 20:36:34,018 - SourceAnalyzer - DEBUG - logger.py:64 - 파일 읽기 성공: D:\Analyzer\CreateMetaDb\projects\sampleSrc\config\target_source_config.yaml
2025-09-13 20:36:34,021 - SourceAnalyzer - DEBUG - logger.py:64 - YAML 설정 파일 로드 성공: D:\Analyzer\CreateMetaDb\projects\sampleSrc\config\target_source_config.yaml
2025-09-13 20:36:34,022 - SourceAnalyzer - DEBUG - logger.py:64 - 파일 읽기 성공: D:\Analyzer\CreateMetaDb\projects\sampleSrc\config\target_source_config.yaml
2025-09-13 20:36:34,026 - SourceAnalyzer - DEBUG - logger.py:64 - YAML 설정 파일 로드 성공: D:\Analyzer\CreateMetaDb\projects\sampleSrc\config\target_source_config.yaml
2025-09-13 20:36:34,027 - SourceAnalyzer - DEBUG - logger.py:64 - 파일 읽기 성공: D:\Analyzer\CreateMetaDb\projects\sampleSrc\config\target_source_config.yaml
2025-09-13 20:36:34,031 - SourceAnalyzer - DEBUG - logger.py:64 - YAML 설정 파일 로드 성공: D:\Analyzer\CreateMetaDb\projects\sampleSrc\config\target_source_config.yaml
2025-09-13 20:36:34,031 - SourceAnalyzer - DEBUG - logger.py:64 - 파일 읽기 성공: D:\Analyzer\CreateMetaDb\projects\sampleSrc\config\target_source_config.yaml
2025-09-13 20:36:34,035 - SourceAnalyzer - DEBUG - logger.py:64 - YAML 설정 파일 로드 성공: D:\Analyzer\CreateMetaDb\projects\sampleSrc\config\target_source_config.yaml
2025-09-13 20:36:34,036 - SourceAnalyzer - DEBUG - logger.py:64 - 파일 읽기 성공: D:\Analyzer\CreateMetaDb\projects\sampleSrc\config\target_source_config.yaml
2025-09-13 20:36:34,040 - SourceAnalyzer - DEBUG - logger.py:64 - YAML 설정 파일 로드 성공: D:\Analyzer\CreateMetaDb\projects\sampleSrc\config\target_source_config.yaml
2025-09-13 20:36:34,040 - SourceAnalyzer - DEBUG - logger.py:64 - 파일 읽기 성공: D:\Analyzer\CreateMetaDb\projects\sampleSrc\config\target_source_config.yaml
2025-09-13 20:36:34,044 - SourceAnalyzer - DEBUG - logger.py:64 - YAML 설정 파일 로드 성공: D:\Analyzer\CreateMetaDb\projects\sampleSrc\config\target_source_config.yaml
2025-09-13 20:36:34,045 - SourceAnalyzer - DEBUG - logger.py:64 - 파일 읽기 성공: D:\Analyzer\CreateMetaDb\projects\sampleSrc\config\target_source_config.yaml
2025-09-13 20:36:34,048 - SourceAnalyzer - DEBUG - logger.py:64 - YAML 설정 파일 로드 성공: D:\Analyzer\CreateMetaDb\projects\sampleSrc\config\target_source_config.yaml
2025-09-13 20:36:34,049 - SourceAnalyzer - DEBUG - logger.py:64 - 파일 읽기 성공: D:\Analyzer\CreateMetaDb\projects\sampleSrc\config\target_source_config.yaml
2025-09-13 20:36:34,053 - SourceAnalyzer - DEBUG - logger.py:64 - YAML 설정 파일 로드 성공: D:\Analyzer\CreateMetaDb\projects\sampleSrc\config\target_source_config.yaml
2025-09-13 20:36:34,054 - SourceAnalyzer - DEBUG - logger.py:64 - 파일 읽기 성공: D:\Analyzer\CreateMetaDb\projects\sampleSrc\config\target_source_config.yaml
2025-09-13 20:36:34,058 - SourceAnalyzer - DEBUG - logger.py:64 - YAML 설정 파일 로드 성공: D:\Analyzer\CreateMetaDb\projects\sampleSrc\config\target_source_config.yaml
2025-09-13 20:36:34,058 - SourceAnalyzer - DEBUG - logger.py:64 - 파일 읽기 성공: D:\Analyzer\CreateMetaDb\projects\sampleSrc\config\target_source_config.yaml
2025-09-13 20:36:34,062 - SourceAnalyzer - DEBUG - logger.py:64 - YAML 설정 파일 로드 성공: D:\Analyzer\CreateMetaDb\projects\sampleSrc\config\target_source_config.yaml
2025-09-13 20:36:34,063 - SourceAnalyzer - DEBUG - logger.py:64 - 파일 읽기 성공: D:\Analyzer\CreateMetaDb\projects\sampleSrc\config\target_source_config.yaml
2025-09-13 20:36:34,067 - SourceAnalyzer - DEBUG - logger.py:64 - YAML 설정 파일 로드 성공: D:\Analyzer\CreateMetaDb\projects\sampleSrc\config\target_source_config.yaml
2025-09-13 20:36:34,068 - SourceAnalyzer - DEBUG - logger.py:64 - 파일 읽기 성공: D:\Analyzer\CreateMetaDb\projects\sampleSrc\config\target_source_config.yaml
2025-09-13 20:36:34,072 - SourceAnalyzer - DEBUG - logger.py:64 - YAML 설정 파일 로드 성공: D:\Analyzer\CreateMetaDb\projects\sampleSrc\config\target_source_config.yaml
2025-09-13 20:36:34,073 - SourceAnalyzer - DEBUG - logger.py:64 - 파일 읽기 성공: D:\Analyzer\CreateMetaDb\projects\sampleSrc\config\target_source_config.yaml
2025-09-13 20:36:34,076 - SourceAnalyzer - DEBUG - logger.py:64 - YAML 설정 파일 로드 성공: D:\Analyzer\CreateMetaDb\projects\sampleSrc\config\target_source_config.yaml
2025-09-13 20:36:34,077 - SourceAnalyzer - DEBUG - logger.py:64 - 파일 읽기 성공: D:\Analyzer\CreateMetaDb\projects\sampleSrc\config\target_source_config.yaml
2025-09-13 20:36:34,081 - SourceAnalyzer - DEBUG - logger.py:64 - YAML 설정 파일 로드 성공: D:\Analyzer\CreateMetaDb\projects\sampleSrc\config\target_source_config.yaml
2025-09-13 20:36:34,082 - SourceAnalyzer - DEBUG - logger.py:64 - 파일 읽기 성공: D:\Analyzer\CreateMetaDb\projects\sampleSrc\config\target_source_config.yaml
2025-09-13 20:36:34,085 - SourceAnalyzer - DEBUG - logger.py:64 - YAML 설정 파일 로드 성공: D:\Analyzer\CreateMetaDb\projects\sampleSrc\config\target_source_config.yaml
2025-09-13 20:36:34,086 - SourceAnalyzer - DEBUG - logger.py:64 - 파일 읽기 성공: D:\Analyzer\CreateMetaDb\projects\sampleSrc\config\target_source_config.yaml
2025-09-13 20:36:34,090 - SourceAnalyzer - DEBUG - logger.py:64 - YAML 설정 파일 로드 성공: D:\Analyzer\CreateMetaDb\projects\sampleSrc\config\target_source_config.yaml
2025-09-13 20:36:34,091 - SourceAnalyzer - DEBUG - logger.py:64 - 파일 읽기 성공: D:\Analyzer\CreateMetaDb\projects\sampleSrc\config\target_source_config.yaml
2025-09-13 20:36:34,095 - SourceAnalyzer - DEBUG - logger.py:64 - YAML 설정 파일 로드 성공: D:\Analyzer\CreateMetaDb\projects\sampleSrc\config\target_source_config.yaml
2025-09-13 20:36:34,095 - SourceAnalyzer - DEBUG - logger.py:64 - 파일 읽기 성공: D:\Analyzer\CreateMetaDb\projects\sampleSrc\config\target_source_config.yaml
2025-09-13 20:36:34,099 - SourceAnalyzer - DEBUG - logger.py:64 - YAML 설정 파일 로드 성공: D:\Analyzer\CreateMetaDb\projects\sampleSrc\config\target_source_config.yaml
2025-09-13 20:36:34,100 - SourceAnalyzer - INFO - logger.py:68 - 파일 스캔 완료: 총 35개 파일
2025-09-13 20:36:34,100 - SourceAnalyzer - DEBUG - logger.py:64 - 쿼리 실행 성공: SELECT project_id FROM projects WHERE project_name...
2025-09-13 20:36:34,100 - SourceAnalyzer - DEBUG - logger.py:64 - 쿼리 실행 성공: 
                SELECT COUNT(*) as count FROM fil...
2025-09-13 20:36:34,100 - SourceAnalyzer - DEBUG - logger.py:64 - 업데이트 쿼리 실행 성공: 
            UPDATE files
            SET file_typ..., 영향받은 행: 1
2025-09-13 20:36:34,100 - SourceAnalyzer - DEBUG - logger.py:64 - 쿼리 실행 성공: 
                SELECT COUNT(*) as count FROM fil...
2025-09-13 20:36:34,100 - SourceAnalyzer - DEBUG - logger.py:64 - 업데이트 쿼리 실행 성공: 
            UPDATE files
            SET file_typ..., 영향받은 행: 1
2025-09-13 20:36:34,101 - SourceAnalyzer - DEBUG - logger.py:64 - 쿼리 실행 성공: 
                SELECT COUNT(*) as count FROM fil...
2025-09-13 20:36:34,101 - SourceAnalyzer - DEBUG - logger.py:64 - 업데이트 쿼리 실행 성공: 
            UPDATE files
            SET file_typ..., 영향받은 행: 1
2025-09-13 20:36:34,101 - SourceAnalyzer - DEBUG - logger.py:64 - 쿼리 실행 성공: 
                SELECT COUNT(*) as count FROM fil...
2025-09-13 20:36:34,101 - SourceAnalyzer - DEBUG - logger.py:64 - 업데이트 쿼리 실행 성공: 
            UPDATE files
            SET file_typ..., 영향받은 행: 1
2025-09-13 20:36:34,101 - SourceAnalyzer - DEBUG - logger.py:64 - 쿼리 실행 성공: 
                SELECT COUNT(*) as count FROM fil...
2025-09-13 20:36:34,101 - SourceAnalyzer - DEBUG - logger.py:64 - 업데이트 쿼리 실행 성공: 
            UPDATE files
            SET file_typ..., 영향받은 행: 1
2025-09-13 20:36:34,101 - SourceAnalyzer - DEBUG - logger.py:64 - 쿼리 실행 성공: 
                SELECT COUNT(*) as count FROM fil...
2025-09-13 20:36:34,101 - SourceAnalyzer - DEBUG - logger.py:64 - 업데이트 쿼리 실행 성공: 
            UPDATE files
            SET file_typ..., 영향받은 행: 1
2025-09-13 20:36:34,101 - SourceAnalyzer - DEBUG - logger.py:64 - 쿼리 실행 성공: 
                SELECT COUNT(*) as count FROM fil...
2025-09-13 20:36:34,101 - SourceAnalyzer - DEBUG - logger.py:64 - 업데이트 쿼리 실행 성공: 
            UPDATE files
            SET file_typ..., 영향받은 행: 1
2025-09-13 20:36:34,101 - SourceAnalyzer - DEBUG - logger.py:64 - 쿼리 실행 성공: 
                SELECT COUNT(*) as count FROM fil...
2025-09-13 20:36:34,101 - SourceAnalyzer - DEBUG - logger.py:64 - 업데이트 쿼리 실행 성공: 
            UPDATE files
            SET file_typ..., 영향받은 행: 1
2025-09-13 20:36:34,101 - SourceAnalyzer - DEBUG - logger.py:64 - 쿼리 실행 성공: 
                SELECT COUNT(*) as count FROM fil...
2025-09-13 20:36:34,101 - SourceAnalyzer - DEBUG - logger.py:64 - 업데이트 쿼리 실행 성공: 
            UPDATE files
            SET file_typ..., 영향받은 행: 1
2025-09-13 20:36:34,101 - SourceAnalyzer - DEBUG - logger.py:64 - 쿼리 실행 성공: 
                SELECT COUNT(*) as count FROM fil...
2025-09-13 20:36:34,101 - SourceAnalyzer - DEBUG - logger.py:64 - 업데이트 쿼리 실행 성공: 
            UPDATE files
            SET file_typ..., 영향받은 행: 1
2025-09-13 20:36:34,101 - SourceAnalyzer - DEBUG - logger.py:64 - 쿼리 실행 성공: 
                SELECT COUNT(*) as count FROM fil...
2025-09-13 20:36:34,101 - SourceAnalyzer - DEBUG - logger.py:64 - 업데이트 쿼리 실행 성공: 
            UPDATE files
            SET file_typ..., 영향받은 행: 1
2025-09-13 20:36:34,102 - SourceAnalyzer - DEBUG - logger.py:64 - 쿼리 실행 성공: 
                SELECT COUNT(*) as count FROM fil...
2025-09-13 20:36:34,102 - SourceAnalyzer - DEBUG - logger.py:64 - 업데이트 쿼리 실행 성공: 
            UPDATE files
            SET file_typ..., 영향받은 행: 1
2025-09-13 20:36:34,102 - SourceAnalyzer - DEBUG - logger.py:64 - 쿼리 실행 성공: 
                SELECT COUNT(*) as count FROM fil...
2025-09-13 20:36:34,102 - SourceAnalyzer - DEBUG - logger.py:64 - 업데이트 쿼리 실행 성공: 
            UPDATE files
            SET file_typ..., 영향받은 행: 1
2025-09-13 20:36:34,102 - SourceAnalyzer - DEBUG - logger.py:64 - 쿼리 실행 성공: 
                SELECT COUNT(*) as count FROM fil...
2025-09-13 20:36:34,102 - SourceAnalyzer - DEBUG - logger.py:64 - 업데이트 쿼리 실행 성공: 
            UPDATE files
            SET file_typ..., 영향받은 행: 1
2025-09-13 20:36:34,102 - SourceAnalyzer - DEBUG - logger.py:64 - 쿼리 실행 성공: 
                SELECT COUNT(*) as count FROM fil...
2025-09-13 20:36:34,102 - SourceAnalyzer - DEBUG - logger.py:64 - 업데이트 쿼리 실행 성공: 
            UPDATE files
            SET file_typ..., 영향받은 행: 1
2025-09-13 20:36:34,102 - SourceAnalyzer - DEBUG - logger.py:64 - 쿼리 실행 성공: 
                SELECT COUNT(*) as count FROM fil...
2025-09-13 20:36:34,102 - SourceAnalyzer - DEBUG - logger.py:64 - 업데이트 쿼리 실행 성공: 
            UPDATE files
            SET file_typ..., 영향받은 행: 1
2025-09-13 20:36:34,102 - SourceAnalyzer - DEBUG - logger.py:64 - 쿼리 실행 성공: 
                SELECT COUNT(*) as count FROM fil...
2025-09-13 20:36:34,102 - SourceAnalyzer - DEBUG - logger.py:64 - 업데이트 쿼리 실행 성공: 
            UPDATE files
            SET file_typ..., 영향받은 행: 1
2025-09-13 20:36:34,102 - SourceAnalyzer - DEBUG - logger.py:64 - 쿼리 실행 성공: 
                SELECT COUNT(*) as count FROM fil...
2025-09-13 20:36:34,102 - SourceAnalyzer - DEBUG - logger.py:64 - 업데이트 쿼리 실행 성공: 
            UPDATE files
            SET file_typ..., 영향받은 행: 1
2025-09-13 20:36:34,102 - SourceAnalyzer - DEBUG - logger.py:64 - 쿼리 실행 성공: 
                SELECT COUNT(*) as count FROM fil...
2025-09-13 20:36:34,102 - SourceAnalyzer - DEBUG - logger.py:64 - 업데이트 쿼리 실행 성공: 
            UPDATE files
            SET file_typ..., 영향받은 행: 1
2025-09-13 20:36:34,102 - SourceAnalyzer - DEBUG - logger.py:64 - 쿼리 실행 성공: 
                SELECT COUNT(*) as count FROM fil...
2025-09-13 20:36:34,102 - SourceAnalyzer - DEBUG - logger.py:64 - 업데이트 쿼리 실행 성공: 
            UPDATE files
            SET file_typ..., 영향받은 행: 1
2025-09-13 20:36:34,103 - SourceAnalyzer - DEBUG - logger.py:64 - 쿼리 실행 성공: 
                SELECT COUNT(*) as count FROM fil...
2025-09-13 20:36:34,103 - SourceAnalyzer - DEBUG - logger.py:64 - 업데이트 쿼리 실행 성공: 
            UPDATE files
            SET file_typ..., 영향받은 행: 1
2025-09-13 20:36:34,103 - SourceAnalyzer - DEBUG - logger.py:64 - 쿼리 실행 성공: 
                SELECT COUNT(*) as count FROM fil...
2025-09-13 20:36:34,103 - SourceAnalyzer - DEBUG - logger.py:64 - 업데이트 쿼리 실행 성공: 
            UPDATE files
            SET file_typ..., 영향받은 행: 1
2025-09-13 20:36:34,103 - SourceAnalyzer - DEBUG - logger.py:64 - 쿼리 실행 성공: 
                SELECT COUNT(*) as count FROM fil...
2025-09-13 20:36:34,103 - SourceAnalyzer - DEBUG - logger.py:64 - 업데이트 쿼리 실행 성공: 
            UPDATE files
            SET file_typ..., 영향받은 행: 1
2025-09-13 20:36:34,103 - SourceAnalyzer - DEBUG - logger.py:64 - 쿼리 실행 성공: 
                SELECT COUNT(*) as count FROM fil...
2025-09-13 20:36:34,103 - SourceAnalyzer - DEBUG - logger.py:64 - 업데이트 쿼리 실행 성공: 
            UPDATE files
            SET file_typ..., 영향받은 행: 1
2025-09-13 20:36:34,103 - SourceAnalyzer - DEBUG - logger.py:64 - 쿼리 실행 성공: 
                SELECT COUNT(*) as count FROM fil...
2025-09-13 20:36:34,103 - SourceAnalyzer - DEBUG - logger.py:64 - 업데이트 쿼리 실행 성공: 
            UPDATE files
            SET file_typ..., 영향받은 행: 1
2025-09-13 20:36:34,103 - SourceAnalyzer - DEBUG - logger.py:64 - 쿼리 실행 성공: 
                SELECT COUNT(*) as count FROM fil...
2025-09-13 20:36:34,103 - SourceAnalyzer - DEBUG - logger.py:64 - 업데이트 쿼리 실행 성공: 
            UPDATE files
            SET file_typ..., 영향받은 행: 1
2025-09-13 20:36:34,103 - SourceAnalyzer - DEBUG - logger.py:64 - 쿼리 실행 성공: 
                SELECT COUNT(*) as count FROM fil...
2025-09-13 20:36:34,103 - SourceAnalyzer - DEBUG - logger.py:64 - 업데이트 쿼리 실행 성공: 
            UPDATE files
            SET file_typ..., 영향받은 행: 1
2025-09-13 20:36:34,103 - SourceAnalyzer - DEBUG - logger.py:64 - 쿼리 실행 성공: 
                SELECT COUNT(*) as count FROM fil...
2025-09-13 20:36:34,103 - SourceAnalyzer - DEBUG - logger.py:64 - 업데이트 쿼리 실행 성공: 
            UPDATE files
            SET file_typ..., 영향받은 행: 1
2025-09-13 20:36:34,103 - SourceAnalyzer - DEBUG - logger.py:64 - 쿼리 실행 성공: 
                SELECT COUNT(*) as count FROM fil...
2025-09-13 20:36:34,103 - SourceAnalyzer - DEBUG - logger.py:64 - 업데이트 쿼리 실행 성공: 
            UPDATE files
            SET file_typ..., 영향받은 행: 1
2025-09-13 20:36:34,103 - SourceAnalyzer - DEBUG - logger.py:64 - 쿼리 실행 성공: 
                SELECT COUNT(*) as count FROM fil...
2025-09-13 20:36:34,104 - SourceAnalyzer - DEBUG - logger.py:64 - 업데이트 쿼리 실행 성공: 
            UPDATE files
            SET file_typ..., 영향받은 행: 1
2025-09-13 20:36:34,104 - SourceAnalyzer - DEBUG - logger.py:64 - 쿼리 실행 성공: 
                SELECT COUNT(*) as count FROM fil...
2025-09-13 20:36:34,104 - SourceAnalyzer - DEBUG - logger.py:64 - 업데이트 쿼리 실행 성공: 
            UPDATE files
            SET file_typ..., 영향받은 행: 1
2025-09-13 20:36:34,104 - SourceAnalyzer - DEBUG - logger.py:64 - 쿼리 실행 성공: 
                SELECT COUNT(*) as count FROM fil...
2025-09-13 20:36:34,104 - SourceAnalyzer - DEBUG - logger.py:64 - 업데이트 쿼리 실행 성공: 
            UPDATE files
            SET file_typ..., 영향받은 행: 1
2025-09-13 20:36:34,104 - SourceAnalyzer - DEBUG - logger.py:64 - 쿼리 실행 성공: 
                SELECT COUNT(*) as count FROM fil...
2025-09-13 20:36:34,104 - SourceAnalyzer - DEBUG - logger.py:64 - 업데이트 쿼리 실행 성공: 
            UPDATE files
            SET file_typ..., 영향받은 행: 1
2025-09-13 20:36:34,104 - SourceAnalyzer - DEBUG - logger.py:64 - 쿼리 실행 성공: 
                SELECT COUNT(*) as count FROM fil...
2025-09-13 20:36:34,104 - SourceAnalyzer - DEBUG - logger.py:64 - 업데이트 쿼리 실행 성공: 
            UPDATE files
            SET file_typ..., 영향받은 행: 1
2025-09-13 20:36:34,104 - SourceAnalyzer - DEBUG - logger.py:64 - 쿼리 실행 성공: 
                SELECT COUNT(*) as count FROM fil...
2025-09-13 20:36:34,104 - SourceAnalyzer - DEBUG - logger.py:64 - 업데이트 쿼리 실행 성공: 
            UPDATE files
            SET file_typ..., 영향받은 행: 1
2025-09-13 20:36:34,104 - SourceAnalyzer - INFO - logger.py:68 - 파일 정보 저장 완료: 35개 파일
2025-09-13 20:36:34,104 - SourceAnalyzer - DEBUG - logger.py:64 - 업데이트 쿼리 실행 성공: UPDATE projects SET total_files = ? WHERE project_..., 영향받은 행: 1
2025-09-13 20:36:34,104 - SourceAnalyzer - DEBUG - logger.py:64 - 프로젝트 총 파일 수 업데이트: 35
2025-09-13 20:36:34,104 - SourceAnalyzer - INFO - logger.py:68 - === 파일 스캔 통계 ===
2025-09-13 20:36:34,104 - SourceAnalyzer - INFO - logger.py:68 - 총 파일 수: 35
2025-09-13 20:36:34,104 - SourceAnalyzer - INFO - logger.py:68 - 성공 스캔: 35
2025-09-13 20:36:34,104 - SourceAnalyzer - INFO - logger.py:68 - 오류 파일: 0
2025-09-13 20:36:34,104 - SourceAnalyzer - INFO - logger.py:68 - Java 파일: 19
2025-09-13 20:36:34,105 - SourceAnalyzer - INFO - logger.py:68 - XML 파일: 6
2025-09-13 20:36:34,105 - SourceAnalyzer - INFO - logger.py:68 - JSP 파일: 8
2025-09-13 20:36:34,105 - SourceAnalyzer - INFO - logger.py:68 - SQL 파일: 0
2025-09-13 20:36:34,105 - SourceAnalyzer - INFO - logger.py:68 - CSV 파일: 2
2025-09-13 20:36:34,105 - SourceAnalyzer - INFO - logger.py:68 - 기타 파일: 0
2025-09-13 20:36:34,105 - SourceAnalyzer - INFO - logger.py:68 - === 파일 스캔 완료 ===
2025-09-13 20:36:34,107 - SourceAnalyzer - DEBUG - logger.py:64 - 데이터베이스 연결 해제: D:\Analyzer\CreateMetaDb\projects\sampleSrc\metadata.db
2025-09-13 20:36:34,107 - SourceAnalyzer - INFO - logger.py:68 - 1단계 완료: 파일 정보 저장
2025-09-13 20:36:34,107 - SourceAnalyzer - INFO - logger.py:68 - 2단계 실행: 데이터베이스 구조 저장 및 컴포넌트 생성
2025-09-13 20:36:34,107 - SourceAnalyzer - INFO - logger.py:68 - === 데이터베이스 로딩 시작: 데이터베이스 구조 저장 ===
2025-09-13 20:36:34,109 - SourceAnalyzer - DEBUG - logger.py:64 - 데이터베이스 연결 성공: D:\Analyzer\CreateMetaDb\projects\sampleSrc\metadata.db
2025-09-13 20:36:34,109 - SourceAnalyzer - INFO - logger.py:68 - 인코딩 문제 감지, 다른 인코딩으로 재시도: ALL_TABLES.csv
2025-09-13 20:36:34,109 - SourceAnalyzer - DEBUG - logger.py:64 - 파일 읽기 성공 (cp949): D:\Analyzer\CreateMetaDb\projects\sampleSrc\db_schema\ALL_TABLES.csv
2025-09-13 20:36:34,109 - SourceAnalyzer - INFO - logger.py:68 - CSV 파일 로드 완료: D:\Analyzer\CreateMetaDb\projects\sampleSrc\db_schema\ALL_TABLES.csv, 16개 행
2025-09-13 20:36:34,110 - SourceAnalyzer - DEBUG - logger.py:64 - 쿼리 실행 성공: 
                SELECT f.file_id 
               ...
2025-09-13 20:36:34,111 - SourceAnalyzer - DEBUG - logger.py:64 - 배치 쿼리 실행 성공: 
            INSERT OR IGNORE INTO tables (project..., 처리된 행: 16
2025-09-13 20:36:34,111 - SourceAnalyzer - INFO - logger.py:68 - 테이블 정보 저장 완료: 16개 테이블 (오류: 0개)
2025-09-13 20:36:34,111 - SourceAnalyzer - INFO - logger.py:68 - 인코딩 문제 감지, 다른 인코딩으로 재시도: ALL_TAB_COLUMNS.csv
2025-09-13 20:36:34,111 - SourceAnalyzer - DEBUG - logger.py:64 - 파일 읽기 성공 (cp949): D:\Analyzer\CreateMetaDb\projects\sampleSrc\db_schema\ALL_TAB_COLUMNS.csv
2025-09-13 20:36:34,112 - SourceAnalyzer - INFO - logger.py:68 - CSV 파일 로드 완료: D:\Analyzer\CreateMetaDb\projects\sampleSrc\db_schema\ALL_TAB_COLUMNS.csv, 91개 행
2025-09-13 20:36:34,112 - SourceAnalyzer - DEBUG - logger.py:64 - 쿼리 실행 성공: 
                SELECT t.table_id 
              ...
2025-09-13 20:36:34,112 - SourceAnalyzer - DEBUG - logger.py:64 - 쿼리 실행 성공: 
                SELECT t.table_id 
              ...
2025-09-13 20:36:34,112 - SourceAnalyzer - DEBUG - logger.py:64 - 쿼리 실행 성공: 
                SELECT t.table_id 
              ...
2025-09-13 20:36:34,112 - SourceAnalyzer - DEBUG - logger.py:64 - 쿼리 실행 성공: 
                SELECT t.table_id 
              ...
2025-09-13 20:36:34,112 - SourceAnalyzer - DEBUG - logger.py:64 - 쿼리 실행 성공: 
                SELECT t.table_id 
              ...
2025-09-13 20:36:34,112 - SourceAnalyzer - DEBUG - logger.py:64 - 쿼리 실행 성공: 
                SELECT t.table_id 
              ...
2025-09-13 20:36:34,112 - SourceAnalyzer - DEBUG - logger.py:64 - 쿼리 실행 성공: 
                SELECT t.table_id 
              ...
2025-09-13 20:36:34,112 - SourceAnalyzer - DEBUG - logger.py:64 - 쿼리 실행 성공: 
                SELECT t.table_id 
              ...
2025-09-13 20:36:34,112 - SourceAnalyzer - DEBUG - logger.py:64 - 쿼리 실행 성공: 
                SELECT t.table_id 
              ...
2025-09-13 20:36:34,112 - SourceAnalyzer - DEBUG - logger.py:64 - 쿼리 실행 성공: 
                SELECT t.table_id 
              ...
2025-09-13 20:36:34,112 - SourceAnalyzer - DEBUG - logger.py:64 - 쿼리 실행 성공: 
                SELECT t.table_id 
              ...
2025-09-13 20:36:34,112 - SourceAnalyzer - DEBUG - logger.py:64 - 쿼리 실행 성공: 
                SELECT t.table_id 
              ...
2025-09-13 20:36:34,112 - SourceAnalyzer - DEBUG - logger.py:64 - 쿼리 실행 성공: 
                SELECT t.table_id 
              ...
2025-09-13 20:36:34,112 - SourceAnalyzer - DEBUG - logger.py:64 - 쿼리 실행 성공: 
                SELECT t.table_id 
              ...
2025-09-13 20:36:34,113 - SourceAnalyzer - DEBUG - logger.py:64 - 쿼리 실행 성공: 
                SELECT t.table_id 
              ...
2025-09-13 20:36:34,113 - SourceAnalyzer - DEBUG - logger.py:64 - 쿼리 실행 성공: 
                SELECT t.table_id 
              ...
2025-09-13 20:36:34,113 - SourceAnalyzer - DEBUG - logger.py:64 - 쿼리 실행 성공: 
                SELECT t.table_id 
              ...
2025-09-13 20:36:34,113 - SourceAnalyzer - DEBUG - logger.py:64 - 쿼리 실행 성공: 
                SELECT t.table_id 
              ...
2025-09-13 20:36:34,113 - SourceAnalyzer - DEBUG - logger.py:64 - 쿼리 실행 성공: 
                SELECT t.table_id 
              ...
2025-09-13 20:36:34,113 - SourceAnalyzer - DEBUG - logger.py:64 - 쿼리 실행 성공: 
                SELECT t.table_id 
              ...
2025-09-13 20:36:34,113 - SourceAnalyzer - DEBUG - logger.py:64 - 쿼리 실행 성공: 
                SELECT t.table_id 
              ...
2025-09-13 20:36:34,113 - SourceAnalyzer - DEBUG - logger.py:64 - 쿼리 실행 성공: 
                SELECT t.table_id 
              ...
2025-09-13 20:36:34,113 - SourceAnalyzer - DEBUG - logger.py:64 - 쿼리 실행 성공: 
                SELECT t.table_id 
              ...
2025-09-13 20:36:34,113 - SourceAnalyzer - DEBUG - logger.py:64 - 쿼리 실행 성공: 
                SELECT t.table_id 
              ...
2025-09-13 20:36:34,113 - SourceAnalyzer - DEBUG - logger.py:64 - 쿼리 실행 성공: 
                SELECT t.table_id 
              ...
2025-09-13 20:36:34,113 - SourceAnalyzer - DEBUG - logger.py:64 - 쿼리 실행 성공: 
                SELECT t.table_id 
              ...
2025-09-13 20:36:34,113 - SourceAnalyzer - DEBUG - logger.py:64 - 쿼리 실행 성공: 
                SELECT t.table_id 
              ...
2025-09-13 20:36:34,113 - SourceAnalyzer - DEBUG - logger.py:64 - 쿼리 실행 성공: 
                SELECT t.table_id 
              ...
2025-09-13 20:36:34,113 - SourceAnalyzer - DEBUG - logger.py:64 - 쿼리 실행 성공: 
                SELECT t.table_id 
              ...
2025-09-13 20:36:34,113 - SourceAnalyzer - DEBUG - logger.py:64 - 쿼리 실행 성공: 
                SELECT t.table_id 
              ...
2025-09-13 20:36:34,113 - SourceAnalyzer - DEBUG - logger.py:64 - 쿼리 실행 성공: 
                SELECT t.table_id 
              ...
2025-09-13 20:36:34,113 - SourceAnalyzer - DEBUG - logger.py:64 - 쿼리 실행 성공: 
                SELECT t.table_id 
              ...
2025-09-13 20:36:34,114 - SourceAnalyzer - DEBUG - logger.py:64 - 쿼리 실행 성공: 
                SELECT t.table_id 
              ...
2025-09-13 20:36:34,114 - SourceAnalyzer - DEBUG - logger.py:64 - 쿼리 실행 성공: 
                SELECT t.table_id 
              ...
2025-09-13 20:36:34,114 - SourceAnalyzer - DEBUG - logger.py:64 - 쿼리 실행 성공: 
                SELECT t.table_id 
              ...
2025-09-13 20:36:34,114 - SourceAnalyzer - DEBUG - logger.py:64 - 쿼리 실행 성공: 
                SELECT t.table_id 
              ...
2025-09-13 20:36:34,114 - SourceAnalyzer - DEBUG - logger.py:64 - 쿼리 실행 성공: 
                SELECT t.table_id 
              ...
2025-09-13 20:36:34,114 - SourceAnalyzer - DEBUG - logger.py:64 - 쿼리 실행 성공: 
                SELECT t.table_id 
              ...
2025-09-13 20:36:34,114 - SourceAnalyzer - DEBUG - logger.py:64 - 쿼리 실행 성공: 
                SELECT t.table_id 
              ...
2025-09-13 20:36:34,114 - SourceAnalyzer - DEBUG - logger.py:64 - 쿼리 실행 성공: 
                SELECT t.table_id 
              ...
2025-09-13 20:36:34,114 - SourceAnalyzer - DEBUG - logger.py:64 - 쿼리 실행 성공: 
                SELECT t.table_id 
              ...
2025-09-13 20:36:34,114 - SourceAnalyzer - DEBUG - logger.py:64 - 쿼리 실행 성공: 
                SELECT t.table_id 
              ...
2025-09-13 20:36:34,114 - SourceAnalyzer - DEBUG - logger.py:64 - 쿼리 실행 성공: 
                SELECT t.table_id 
              ...
2025-09-13 20:36:34,114 - SourceAnalyzer - DEBUG - logger.py:64 - 쿼리 실행 성공: 
                SELECT t.table_id 
              ...
2025-09-13 20:36:34,114 - SourceAnalyzer - DEBUG - logger.py:64 - 쿼리 실행 성공: 
                SELECT t.table_id 
              ...
2025-09-13 20:36:34,114 - SourceAnalyzer - DEBUG - logger.py:64 - 쿼리 실행 성공: 
                SELECT t.table_id 
              ...
2025-09-13 20:36:34,114 - SourceAnalyzer - DEBUG - logger.py:64 - 쿼리 실행 성공: 
                SELECT t.table_id 
              ...
2025-09-13 20:36:34,114 - SourceAnalyzer - DEBUG - logger.py:64 - 쿼리 실행 성공: 
                SELECT t.table_id 
              ...
2025-09-13 20:36:34,114 - SourceAnalyzer - DEBUG - logger.py:64 - 쿼리 실행 성공: 
                SELECT t.table_id 
              ...
2025-09-13 20:36:34,114 - SourceAnalyzer - DEBUG - logger.py:64 - 쿼리 실행 성공: 
                SELECT t.table_id 
              ...
2025-09-13 20:36:34,114 - SourceAnalyzer - DEBUG - logger.py:64 - 쿼리 실행 성공: 
                SELECT t.table_id 
              ...
2025-09-13 20:36:34,114 - SourceAnalyzer - DEBUG - logger.py:64 - 쿼리 실행 성공: 
                SELECT t.table_id 
              ...
2025-09-13 20:36:34,115 - SourceAnalyzer - DEBUG - logger.py:64 - 쿼리 실행 성공: 
                SELECT t.table_id 
              ...
2025-09-13 20:36:34,115 - SourceAnalyzer - DEBUG - logger.py:64 - 쿼리 실행 성공: 
                SELECT t.table_id 
              ...
2025-09-13 20:36:34,115 - SourceAnalyzer - DEBUG - logger.py:64 - 쿼리 실행 성공: 
                SELECT t.table_id 
              ...
2025-09-13 20:36:34,115 - SourceAnalyzer - DEBUG - logger.py:64 - 쿼리 실행 성공: 
                SELECT t.table_id 
              ...
2025-09-13 20:36:34,115 - SourceAnalyzer - DEBUG - logger.py:64 - 쿼리 실행 성공: 
                SELECT t.table_id 
              ...
2025-09-13 20:36:34,115 - SourceAnalyzer - DEBUG - logger.py:64 - 쿼리 실행 성공: 
                SELECT t.table_id 
              ...
2025-09-13 20:36:34,115 - SourceAnalyzer - DEBUG - logger.py:64 - 쿼리 실행 성공: 
                SELECT t.table_id 
              ...
2025-09-13 20:36:34,115 - SourceAnalyzer - DEBUG - logger.py:64 - 쿼리 실행 성공: 
                SELECT t.table_id 
              ...
2025-09-13 20:36:34,115 - SourceAnalyzer - DEBUG - logger.py:64 - 쿼리 실행 성공: 
                SELECT t.table_id 
              ...
2025-09-13 20:36:34,115 - SourceAnalyzer - DEBUG - logger.py:64 - 쿼리 실행 성공: 
                SELECT t.table_id 
              ...
2025-09-13 20:36:34,115 - SourceAnalyzer - DEBUG - logger.py:64 - 쿼리 실행 성공: 
                SELECT t.table_id 
              ...
2025-09-13 20:36:34,115 - SourceAnalyzer - DEBUG - logger.py:64 - 쿼리 실행 성공: 
                SELECT t.table_id 
              ...
2025-09-13 20:36:34,115 - SourceAnalyzer - DEBUG - logger.py:64 - 쿼리 실행 성공: 
                SELECT t.table_id 
              ...
2025-09-13 20:36:34,115 - SourceAnalyzer - DEBUG - logger.py:64 - 쿼리 실행 성공: 
                SELECT t.table_id 
              ...
2025-09-13 20:36:34,115 - SourceAnalyzer - DEBUG - logger.py:64 - 쿼리 실행 성공: 
                SELECT t.table_id 
              ...
2025-09-13 20:36:34,115 - SourceAnalyzer - DEBUG - logger.py:64 - 쿼리 실행 성공: 
                SELECT t.table_id 
              ...
2025-09-13 20:36:34,115 - SourceAnalyzer - DEBUG - logger.py:64 - 쿼리 실행 성공: 
                SELECT t.table_id 
              ...
2025-09-13 20:36:34,115 - SourceAnalyzer - DEBUG - logger.py:64 - 쿼리 실행 성공: 
                SELECT t.table_id 
              ...
2025-09-13 20:36:34,115 - SourceAnalyzer - DEBUG - logger.py:64 - 쿼리 실행 성공: 
                SELECT t.table_id 
              ...
2025-09-13 20:36:34,116 - SourceAnalyzer - DEBUG - logger.py:64 - 쿼리 실행 성공: 
                SELECT t.table_id 
              ...
2025-09-13 20:36:34,116 - SourceAnalyzer - DEBUG - logger.py:64 - 쿼리 실행 성공: 
                SELECT t.table_id 
              ...
2025-09-13 20:36:34,116 - SourceAnalyzer - DEBUG - logger.py:64 - 쿼리 실행 성공: 
                SELECT t.table_id 
              ...
2025-09-13 20:36:34,116 - SourceAnalyzer - DEBUG - logger.py:64 - 쿼리 실행 성공: 
                SELECT t.table_id 
              ...
2025-09-13 20:36:34,116 - SourceAnalyzer - DEBUG - logger.py:64 - 쿼리 실행 성공: 
                SELECT t.table_id 
              ...
2025-09-13 20:36:34,116 - SourceAnalyzer - DEBUG - logger.py:64 - 쿼리 실행 성공: 
                SELECT t.table_id 
              ...
2025-09-13 20:36:34,116 - SourceAnalyzer - DEBUG - logger.py:64 - 쿼리 실행 성공: 
                SELECT t.table_id 
              ...
2025-09-13 20:36:34,116 - SourceAnalyzer - DEBUG - logger.py:64 - 쿼리 실행 성공: 
                SELECT t.table_id 
              ...
2025-09-13 20:36:34,116 - SourceAnalyzer - DEBUG - logger.py:64 - 쿼리 실행 성공: 
                SELECT t.table_id 
              ...
2025-09-13 20:36:34,116 - SourceAnalyzer - DEBUG - logger.py:64 - 쿼리 실행 성공: 
                SELECT t.table_id 
              ...
2025-09-13 20:36:34,116 - SourceAnalyzer - DEBUG - logger.py:64 - 쿼리 실행 성공: 
                SELECT t.table_id 
              ...
2025-09-13 20:36:34,116 - SourceAnalyzer - DEBUG - logger.py:64 - 쿼리 실행 성공: 
                SELECT t.table_id 
              ...
2025-09-13 20:36:34,116 - SourceAnalyzer - DEBUG - logger.py:64 - 쿼리 실행 성공: 
                SELECT t.table_id 
              ...
2025-09-13 20:36:34,116 - SourceAnalyzer - DEBUG - logger.py:64 - 쿼리 실행 성공: 
                SELECT t.table_id 
              ...
2025-09-13 20:36:34,116 - SourceAnalyzer - DEBUG - logger.py:64 - 쿼리 실행 성공: 
                SELECT t.table_id 
              ...
2025-09-13 20:36:34,116 - SourceAnalyzer - DEBUG - logger.py:64 - 쿼리 실행 성공: 
                SELECT t.table_id 
              ...
2025-09-13 20:36:34,116 - SourceAnalyzer - DEBUG - logger.py:64 - 쿼리 실행 성공: 
                SELECT t.table_id 
              ...
2025-09-13 20:36:34,116 - SourceAnalyzer - DEBUG - logger.py:64 - 쿼리 실행 성공: 
                SELECT t.table_id 
              ...
2025-09-13 20:36:34,117 - SourceAnalyzer - DEBUG - logger.py:64 - 쿼리 실행 성공: 
                SELECT t.table_id 
              ...
2025-09-13 20:36:34,117 - SourceAnalyzer - DEBUG - logger.py:64 - 쿼리 실행 성공: 
                SELECT t.table_id 
              ...
2025-09-13 20:36:34,117 - SourceAnalyzer - DEBUG - logger.py:64 - 배치 쿼리 실행 성공: 
            INSERT OR IGNORE INTO columns (table_..., 처리된 행: 91
2025-09-13 20:36:34,117 - SourceAnalyzer - INFO - logger.py:68 - 컬럼 정보 저장 완료: 91개 컬럼 (오류: 0개)
2025-09-13 20:36:34,117 - SourceAnalyzer - DEBUG - logger.py:64 - 쿼리 실행 성공: 
                SELECT f.file_id 
               ...
2025-09-13 20:36:34,117 - SourceAnalyzer - DEBUG - logger.py:64 - 쿼리 실행 성공: 
                SELECT table_id, table_name, tabl...
2025-09-13 20:36:34,117 - SourceAnalyzer - DEBUG - logger.py:64 - 배치 쿼리 실행 성공: 
            INSERT OR IGNORE INTO components (pro..., 처리된 행: 16
2025-09-13 20:36:34,117 - SourceAnalyzer - INFO - logger.py:68 - 테이블 컴포넌트 생성 완료: 16개
2025-09-13 20:36:34,118 - SourceAnalyzer - DEBUG - logger.py:64 - 업데이트 쿼리 실행 성공: 
                UPDATE tables 
                SE..., 영향받은 행: 16
2025-09-13 20:36:34,118 - SourceAnalyzer - DEBUG - logger.py:64 - 테이블 component_id 업데이트 완료
2025-09-13 20:36:34,118 - SourceAnalyzer - DEBUG - logger.py:64 - 쿼리 실행 성공: 
                SELECT f.file_id 
               ...
2025-09-13 20:36:34,118 - SourceAnalyzer - DEBUG - logger.py:64 - 쿼리 실행 성공: 
                SELECT c.column_id, c.column_name...
2025-09-13 20:36:34,118 - SourceAnalyzer - DEBUG - logger.py:64 - 쿼리 실행 성공: 
                    SELECT t.component_id 
      ...
2025-09-13 20:36:34,118 - SourceAnalyzer - DEBUG - logger.py:64 - 쿼리 실행 성공: 
                    SELECT t.component_id 
      ...
2025-09-13 20:36:34,118 - SourceAnalyzer - DEBUG - logger.py:64 - 쿼리 실행 성공: 
                    SELECT t.component_id 
      ...
2025-09-13 20:36:34,118 - SourceAnalyzer - DEBUG - logger.py:64 - 쿼리 실행 성공: 
                    SELECT t.component_id 
      ...
2025-09-13 20:36:34,118 - SourceAnalyzer - DEBUG - logger.py:64 - 쿼리 실행 성공: 
                    SELECT t.component_id 
      ...
2025-09-13 20:36:34,118 - SourceAnalyzer - DEBUG - logger.py:64 - 쿼리 실행 성공: 
                    SELECT t.component_id 
      ...
2025-09-13 20:36:34,118 - SourceAnalyzer - DEBUG - logger.py:64 - 쿼리 실행 성공: 
                    SELECT t.component_id 
      ...
2025-09-13 20:36:34,119 - SourceAnalyzer - DEBUG - logger.py:64 - 쿼리 실행 성공: 
                    SELECT t.component_id 
      ...
2025-09-13 20:36:34,119 - SourceAnalyzer - DEBUG - logger.py:64 - 쿼리 실행 성공: 
                    SELECT t.component_id 
      ...
2025-09-13 20:36:34,119 - SourceAnalyzer - DEBUG - logger.py:64 - 쿼리 실행 성공: 
                    SELECT t.component_id 
      ...
2025-09-13 20:36:34,119 - SourceAnalyzer - DEBUG - logger.py:64 - 쿼리 실행 성공: 
                    SELECT t.component_id 
      ...
2025-09-13 20:36:34,119 - SourceAnalyzer - DEBUG - logger.py:64 - 쿼리 실행 성공: 
                    SELECT t.component_id 
      ...
2025-09-13 20:36:34,119 - SourceAnalyzer - DEBUG - logger.py:64 - 쿼리 실행 성공: 
                    SELECT t.component_id 
      ...
2025-09-13 20:36:34,119 - SourceAnalyzer - DEBUG - logger.py:64 - 쿼리 실행 성공: 
                    SELECT t.component_id 
      ...
2025-09-13 20:36:34,119 - SourceAnalyzer - DEBUG - logger.py:64 - 쿼리 실행 성공: 
                    SELECT t.component_id 
      ...
2025-09-13 20:36:34,119 - SourceAnalyzer - DEBUG - logger.py:64 - 쿼리 실행 성공: 
                    SELECT t.component_id 
      ...
2025-09-13 20:36:34,119 - SourceAnalyzer - DEBUG - logger.py:64 - 쿼리 실행 성공: 
                    SELECT t.component_id 
      ...
2025-09-13 20:36:34,119 - SourceAnalyzer - DEBUG - logger.py:64 - 쿼리 실행 성공: 
                    SELECT t.component_id 
      ...
2025-09-13 20:36:34,119 - SourceAnalyzer - DEBUG - logger.py:64 - 쿼리 실행 성공: 
                    SELECT t.component_id 
      ...
2025-09-13 20:36:34,119 - SourceAnalyzer - DEBUG - logger.py:64 - 쿼리 실행 성공: 
                    SELECT t.component_id 
      ...
2025-09-13 20:36:34,119 - SourceAnalyzer - DEBUG - logger.py:64 - 쿼리 실행 성공: 
                    SELECT t.component_id 
      ...
2025-09-13 20:36:34,119 - SourceAnalyzer - DEBUG - logger.py:64 - 쿼리 실행 성공: 
                    SELECT t.component_id 
      ...
2025-09-13 20:36:34,119 - SourceAnalyzer - DEBUG - logger.py:64 - 쿼리 실행 성공: 
                    SELECT t.component_id 
      ...
2025-09-13 20:36:34,119 - SourceAnalyzer - DEBUG - logger.py:64 - 쿼리 실행 성공: 
                    SELECT t.component_id 
      ...
2025-09-13 20:36:34,119 - SourceAnalyzer - DEBUG - logger.py:64 - 쿼리 실행 성공: 
                    SELECT t.component_id 
      ...
2025-09-13 20:36:34,119 - SourceAnalyzer - DEBUG - logger.py:64 - 쿼리 실행 성공: 
                    SELECT t.component_id 
      ...
2025-09-13 20:36:34,119 - SourceAnalyzer - DEBUG - logger.py:64 - 쿼리 실행 성공: 
                    SELECT t.component_id 
      ...
2025-09-13 20:36:34,119 - SourceAnalyzer - DEBUG - logger.py:64 - 쿼리 실행 성공: 
                    SELECT t.component_id 
      ...
2025-09-13 20:36:34,120 - SourceAnalyzer - DEBUG - logger.py:64 - 쿼리 실행 성공: 
                    SELECT t.component_id 
      ...
2025-09-13 20:36:34,120 - SourceAnalyzer - DEBUG - logger.py:64 - 쿼리 실행 성공: 
                    SELECT t.component_id 
      ...
2025-09-13 20:36:34,120 - SourceAnalyzer - DEBUG - logger.py:64 - 쿼리 실행 성공: 
                    SELECT t.component_id 
      ...
2025-09-13 20:36:34,120 - SourceAnalyzer - DEBUG - logger.py:64 - 쿼리 실행 성공: 
                    SELECT t.component_id 
      ...
2025-09-13 20:36:34,120 - SourceAnalyzer - DEBUG - logger.py:64 - 쿼리 실행 성공: 
                    SELECT t.component_id 
      ...
2025-09-13 20:36:34,120 - SourceAnalyzer - DEBUG - logger.py:64 - 쿼리 실행 성공: 
                    SELECT t.component_id 
      ...
2025-09-13 20:36:34,120 - SourceAnalyzer - DEBUG - logger.py:64 - 쿼리 실행 성공: 
                    SELECT t.component_id 
      ...
2025-09-13 20:36:34,120 - SourceAnalyzer - DEBUG - logger.py:64 - 쿼리 실행 성공: 
                    SELECT t.component_id 
      ...
2025-09-13 20:36:34,120 - SourceAnalyzer - DEBUG - logger.py:64 - 쿼리 실행 성공: 
                    SELECT t.component_id 
      ...
2025-09-13 20:36:34,120 - SourceAnalyzer - DEBUG - logger.py:64 - 쿼리 실행 성공: 
                    SELECT t.component_id 
      ...
2025-09-13 20:36:34,120 - SourceAnalyzer - DEBUG - logger.py:64 - 쿼리 실행 성공: 
                    SELECT t.component_id 
      ...
2025-09-13 20:36:34,120 - SourceAnalyzer - DEBUG - logger.py:64 - 쿼리 실행 성공: 
                    SELECT t.component_id 
      ...
2025-09-13 20:36:34,120 - SourceAnalyzer - DEBUG - logger.py:64 - 쿼리 실행 성공: 
                    SELECT t.component_id 
      ...
2025-09-13 20:36:34,120 - SourceAnalyzer - DEBUG - logger.py:64 - 쿼리 실행 성공: 
                    SELECT t.component_id 
      ...
2025-09-13 20:36:34,120 - SourceAnalyzer - DEBUG - logger.py:64 - 쿼리 실행 성공: 
                    SELECT t.component_id 
      ...
2025-09-13 20:36:34,120 - SourceAnalyzer - DEBUG - logger.py:64 - 쿼리 실행 성공: 
                    SELECT t.component_id 
      ...
2025-09-13 20:36:34,120 - SourceAnalyzer - DEBUG - logger.py:64 - 쿼리 실행 성공: 
                    SELECT t.component_id 
      ...
2025-09-13 20:36:34,120 - SourceAnalyzer - DEBUG - logger.py:64 - 쿼리 실행 성공: 
                    SELECT t.component_id 
      ...
2025-09-13 20:36:34,120 - SourceAnalyzer - DEBUG - logger.py:64 - 쿼리 실행 성공: 
                    SELECT t.component_id 
      ...
2025-09-13 20:36:34,120 - SourceAnalyzer - DEBUG - logger.py:64 - 쿼리 실행 성공: 
                    SELECT t.component_id 
      ...
2025-09-13 20:36:34,120 - SourceAnalyzer - DEBUG - logger.py:64 - 쿼리 실행 성공: 
                    SELECT t.component_id 
      ...
2025-09-13 20:36:34,121 - SourceAnalyzer - DEBUG - logger.py:64 - 쿼리 실행 성공: 
                    SELECT t.component_id 
      ...
2025-09-13 20:36:34,121 - SourceAnalyzer - DEBUG - logger.py:64 - 쿼리 실행 성공: 
                    SELECT t.component_id 
      ...
2025-09-13 20:36:34,121 - SourceAnalyzer - DEBUG - logger.py:64 - 쿼리 실행 성공: 
                    SELECT t.component_id 
      ...
2025-09-13 20:36:34,121 - SourceAnalyzer - DEBUG - logger.py:64 - 쿼리 실행 성공: 
                    SELECT t.component_id 
      ...
2025-09-13 20:36:34,121 - SourceAnalyzer - DEBUG - logger.py:64 - 쿼리 실행 성공: 
                    SELECT t.component_id 
      ...
2025-09-13 20:36:34,121 - SourceAnalyzer - DEBUG - logger.py:64 - 쿼리 실행 성공: 
                    SELECT t.component_id 
      ...
2025-09-13 20:36:34,121 - SourceAnalyzer - DEBUG - logger.py:64 - 쿼리 실행 성공: 
                    SELECT t.component_id 
      ...
2025-09-13 20:36:34,121 - SourceAnalyzer - DEBUG - logger.py:64 - 쿼리 실행 성공: 
                    SELECT t.component_id 
      ...
2025-09-13 20:36:34,121 - SourceAnalyzer - DEBUG - logger.py:64 - 쿼리 실행 성공: 
                    SELECT t.component_id 
      ...
2025-09-13 20:36:34,121 - SourceAnalyzer - DEBUG - logger.py:64 - 쿼리 실행 성공: 
                    SELECT t.component_id 
      ...
2025-09-13 20:36:34,121 - SourceAnalyzer - DEBUG - logger.py:64 - 쿼리 실행 성공: 
                    SELECT t.component_id 
      ...
2025-09-13 20:36:34,121 - SourceAnalyzer - DEBUG - logger.py:64 - 쿼리 실행 성공: 
                    SELECT t.component_id 
      ...
2025-09-13 20:36:34,121 - SourceAnalyzer - DEBUG - logger.py:64 - 쿼리 실행 성공: 
                    SELECT t.component_id 
      ...
2025-09-13 20:36:34,121 - SourceAnalyzer - DEBUG - logger.py:64 - 쿼리 실행 성공: 
                    SELECT t.component_id 
      ...
2025-09-13 20:36:34,121 - SourceAnalyzer - DEBUG - logger.py:64 - 쿼리 실행 성공: 
                    SELECT t.component_id 
      ...
2025-09-13 20:36:34,121 - SourceAnalyzer - DEBUG - logger.py:64 - 쿼리 실행 성공: 
                    SELECT t.component_id 
      ...
2025-09-13 20:36:34,121 - SourceAnalyzer - DEBUG - logger.py:64 - 쿼리 실행 성공: 
                    SELECT t.component_id 
      ...
2025-09-13 20:36:34,121 - SourceAnalyzer - DEBUG - logger.py:64 - 쿼리 실행 성공: 
                    SELECT t.component_id 
      ...
2025-09-13 20:36:34,121 - SourceAnalyzer - DEBUG - logger.py:64 - 쿼리 실행 성공: 
                    SELECT t.component_id 
      ...
2025-09-13 20:36:34,121 - SourceAnalyzer - DEBUG - logger.py:64 - 쿼리 실행 성공: 
                    SELECT t.component_id 
      ...
2025-09-13 20:36:34,121 - SourceAnalyzer - DEBUG - logger.py:64 - 쿼리 실행 성공: 
                    SELECT t.component_id 
      ...
2025-09-13 20:36:34,121 - SourceAnalyzer - DEBUG - logger.py:64 - 쿼리 실행 성공: 
                    SELECT t.component_id 
      ...
2025-09-13 20:36:34,122 - SourceAnalyzer - DEBUG - logger.py:64 - 쿼리 실행 성공: 
                    SELECT t.component_id 
      ...
2025-09-13 20:36:34,122 - SourceAnalyzer - DEBUG - logger.py:64 - 쿼리 실행 성공: 
                    SELECT t.component_id 
      ...
2025-09-13 20:36:34,122 - SourceAnalyzer - DEBUG - logger.py:64 - 쿼리 실행 성공: 
                    SELECT t.component_id 
      ...
2025-09-13 20:36:34,122 - SourceAnalyzer - DEBUG - logger.py:64 - 쿼리 실행 성공: 
                    SELECT t.component_id 
      ...
2025-09-13 20:36:34,122 - SourceAnalyzer - DEBUG - logger.py:64 - 쿼리 실행 성공: 
                    SELECT t.component_id 
      ...
2025-09-13 20:36:34,122 - SourceAnalyzer - DEBUG - logger.py:64 - 쿼리 실행 성공: 
                    SELECT t.component_id 
      ...
2025-09-13 20:36:34,122 - SourceAnalyzer - DEBUG - logger.py:64 - 쿼리 실행 성공: 
                    SELECT t.component_id 
      ...
2025-09-13 20:36:34,122 - SourceAnalyzer - DEBUG - logger.py:64 - 쿼리 실행 성공: 
                    SELECT t.component_id 
      ...
2025-09-13 20:36:34,122 - SourceAnalyzer - DEBUG - logger.py:64 - 쿼리 실행 성공: 
                    SELECT t.component_id 
      ...
2025-09-13 20:36:34,122 - SourceAnalyzer - DEBUG - logger.py:64 - 쿼리 실행 성공: 
                    SELECT t.component_id 
      ...
2025-09-13 20:36:34,122 - SourceAnalyzer - DEBUG - logger.py:64 - 쿼리 실행 성공: 
                    SELECT t.component_id 
      ...
2025-09-13 20:36:34,122 - SourceAnalyzer - DEBUG - logger.py:64 - 쿼리 실행 성공: 
                    SELECT t.component_id 
      ...
2025-09-13 20:36:34,122 - SourceAnalyzer - DEBUG - logger.py:64 - 쿼리 실행 성공: 
                    SELECT t.component_id 
      ...
2025-09-13 20:36:34,122 - SourceAnalyzer - DEBUG - logger.py:64 - 쿼리 실행 성공: 
                    SELECT t.component_id 
      ...
2025-09-13 20:36:34,122 - SourceAnalyzer - DEBUG - logger.py:64 - 쿼리 실행 성공: 
                    SELECT t.component_id 
      ...
2025-09-13 20:36:34,122 - SourceAnalyzer - DEBUG - logger.py:64 - 쿼리 실행 성공: 
                    SELECT t.component_id 
      ...
2025-09-13 20:36:34,122 - SourceAnalyzer - DEBUG - logger.py:64 - 쿼리 실행 성공: 
                    SELECT t.component_id 
      ...
2025-09-13 20:36:34,122 - SourceAnalyzer - DEBUG - logger.py:64 - 쿼리 실행 성공: 
                    SELECT t.component_id 
      ...
2025-09-13 20:36:34,122 - SourceAnalyzer - DEBUG - logger.py:64 - 쿼리 실행 성공: 
                    SELECT t.component_id 
      ...
2025-09-13 20:36:34,122 - SourceAnalyzer - DEBUG - logger.py:64 - 쿼리 실행 성공: 
                    SELECT t.component_id 
      ...
2025-09-13 20:36:34,122 - SourceAnalyzer - DEBUG - logger.py:64 - 쿼리 실행 성공: 
                    SELECT t.component_id 
      ...
2025-09-13 20:36:34,123 - SourceAnalyzer - DEBUG - logger.py:64 - 쿼리 실행 성공: 
                    SELECT t.component_id 
      ...
2025-09-13 20:36:34,123 - SourceAnalyzer - DEBUG - logger.py:64 - 쿼리 실행 성공: 
                    SELECT t.component_id 
      ...
2025-09-13 20:36:34,123 - SourceAnalyzer - DEBUG - logger.py:64 - 배치 쿼리 실행 성공: 
            INSERT OR IGNORE INTO components (pro..., 처리된 행: 94
2025-09-13 20:36:34,126 - SourceAnalyzer - INFO - logger.py:68 - 컬럼 컴포넌트 생성 완료: 94개
2025-09-13 20:36:34,127 - SourceAnalyzer - DEBUG - logger.py:64 - 쿼리 실행 성공: 
                SELECT component_id FROM componen...
2025-09-13 20:36:34,127 - SourceAnalyzer - DEBUG - logger.py:64 - 쿼리 실행 성공: 
                SELECT component_id FROM componen...
2025-09-13 20:36:34,127 - SourceAnalyzer - DEBUG - logger.py:64 - 쿼리 실행 성공: 
                SELECT component_id FROM componen...
2025-09-13 20:36:34,127 - SourceAnalyzer - DEBUG - logger.py:64 - 쿼리 실행 성공: 
                SELECT component_id FROM componen...
2025-09-13 20:36:34,127 - SourceAnalyzer - DEBUG - logger.py:64 - 쿼리 실행 성공: 
                SELECT component_id FROM componen...
2025-09-13 20:36:34,127 - SourceAnalyzer - DEBUG - logger.py:64 - 쿼리 실행 성공: 
                SELECT component_id FROM componen...
2025-09-13 20:36:34,127 - SourceAnalyzer - DEBUG - logger.py:64 - 쿼리 실행 성공: 
                SELECT component_id FROM componen...
2025-09-13 20:36:34,127 - SourceAnalyzer - DEBUG - logger.py:64 - 쿼리 실행 성공: 
                SELECT component_id FROM componen...
2025-09-13 20:36:34,127 - SourceAnalyzer - DEBUG - logger.py:64 - 쿼리 실행 성공: 
                SELECT component_id FROM componen...
2025-09-13 20:36:34,127 - SourceAnalyzer - DEBUG - logger.py:64 - 쿼리 실행 성공: 
                SELECT component_id FROM componen...
2025-09-13 20:36:34,127 - SourceAnalyzer - DEBUG - logger.py:64 - 쿼리 실행 성공: 
                SELECT component_id FROM componen...
2025-09-13 20:36:34,128 - SourceAnalyzer - DEBUG - logger.py:64 - 쿼리 실행 성공: 
                SELECT component_id FROM componen...
2025-09-13 20:36:34,128 - SourceAnalyzer - DEBUG - logger.py:64 - 쿼리 실행 성공: 
                SELECT component_id FROM componen...
2025-09-13 20:36:34,128 - SourceAnalyzer - DEBUG - logger.py:64 - 쿼리 실행 성공: 
                SELECT component_id FROM componen...
2025-09-13 20:36:34,128 - SourceAnalyzer - DEBUG - logger.py:64 - 쿼리 실행 성공: 
                SELECT component_id FROM componen...
2025-09-13 20:36:34,128 - SourceAnalyzer - DEBUG - logger.py:64 - 쿼리 실행 성공: 
                SELECT component_id FROM componen...
2025-09-13 20:36:34,128 - SourceAnalyzer - DEBUG - logger.py:64 - 쿼리 실행 성공: 
                SELECT component_id FROM componen...
2025-09-13 20:36:34,128 - SourceAnalyzer - DEBUG - logger.py:64 - 쿼리 실행 성공: 
                SELECT component_id FROM componen...
2025-09-13 20:36:34,128 - SourceAnalyzer - DEBUG - logger.py:64 - 쿼리 실행 성공: 
                SELECT component_id FROM componen...
2025-09-13 20:36:34,128 - SourceAnalyzer - DEBUG - logger.py:64 - 쿼리 실행 성공: 
                SELECT component_id FROM componen...
2025-09-13 20:36:34,128 - SourceAnalyzer - DEBUG - logger.py:64 - 쿼리 실행 성공: 
                SELECT component_id FROM componen...
2025-09-13 20:36:34,128 - SourceAnalyzer - DEBUG - logger.py:64 - 쿼리 실행 성공: 
                SELECT component_id FROM componen...
2025-09-13 20:36:34,128 - SourceAnalyzer - DEBUG - logger.py:64 - 쿼리 실행 성공: 
                SELECT component_id FROM componen...
2025-09-13 20:36:34,128 - SourceAnalyzer - DEBUG - logger.py:64 - 쿼리 실행 성공: 
                SELECT component_id FROM componen...
2025-09-13 20:36:34,128 - SourceAnalyzer - DEBUG - logger.py:64 - 쿼리 실행 성공: 
                SELECT component_id FROM componen...
2025-09-13 20:36:34,128 - SourceAnalyzer - DEBUG - logger.py:64 - 쿼리 실행 성공: 
                SELECT component_id FROM componen...
2025-09-13 20:36:34,128 - SourceAnalyzer - DEBUG - logger.py:64 - 쿼리 실행 성공: 
                SELECT component_id FROM componen...
2025-09-13 20:36:34,129 - SourceAnalyzer - DEBUG - logger.py:64 - 쿼리 실행 성공: 
                SELECT component_id FROM componen...
2025-09-13 20:36:34,129 - SourceAnalyzer - DEBUG - logger.py:64 - 쿼리 실행 성공: 
                SELECT component_id FROM componen...
2025-09-13 20:36:34,129 - SourceAnalyzer - DEBUG - logger.py:64 - 쿼리 실행 성공: 
                SELECT component_id FROM componen...
2025-09-13 20:36:34,129 - SourceAnalyzer - DEBUG - logger.py:64 - 쿼리 실행 성공: 
                SELECT component_id FROM componen...
2025-09-13 20:36:34,129 - SourceAnalyzer - DEBUG - logger.py:64 - 쿼리 실행 성공: 
                SELECT component_id FROM componen...
2025-09-13 20:36:34,129 - SourceAnalyzer - DEBUG - logger.py:64 - 쿼리 실행 성공: 
                SELECT component_id FROM componen...
2025-09-13 20:36:34,129 - SourceAnalyzer - DEBUG - logger.py:64 - 쿼리 실행 성공: 
                SELECT component_id FROM componen...
2025-09-13 20:36:34,129 - SourceAnalyzer - DEBUG - logger.py:64 - 쿼리 실행 성공: 
                SELECT component_id FROM componen...
2025-09-13 20:36:34,129 - SourceAnalyzer - DEBUG - logger.py:64 - 쿼리 실행 성공: 
                SELECT component_id FROM componen...
2025-09-13 20:36:34,129 - SourceAnalyzer - DEBUG - logger.py:64 - 쿼리 실행 성공: 
                SELECT component_id FROM componen...
2025-09-13 20:36:34,129 - SourceAnalyzer - DEBUG - logger.py:64 - 쿼리 실행 성공: 
                SELECT component_id FROM componen...
2025-09-13 20:36:34,129 - SourceAnalyzer - DEBUG - logger.py:64 - 쿼리 실행 성공: 
                SELECT component_id FROM componen...
2025-09-13 20:36:34,129 - SourceAnalyzer - DEBUG - logger.py:64 - 쿼리 실행 성공: 
                SELECT component_id FROM componen...
2025-09-13 20:36:34,129 - SourceAnalyzer - DEBUG - logger.py:64 - 쿼리 실행 성공: 
                SELECT component_id FROM componen...
2025-09-13 20:36:34,129 - SourceAnalyzer - DEBUG - logger.py:64 - 쿼리 실행 성공: 
                SELECT component_id FROM componen...
2025-09-13 20:36:34,129 - SourceAnalyzer - DEBUG - logger.py:64 - 쿼리 실행 성공: 
                SELECT component_id FROM componen...
2025-09-13 20:36:34,129 - SourceAnalyzer - DEBUG - logger.py:64 - 쿼리 실행 성공: 
                SELECT component_id FROM componen...
2025-09-13 20:36:34,129 - SourceAnalyzer - DEBUG - logger.py:64 - 쿼리 실행 성공: 
                SELECT component_id FROM componen...
2025-09-13 20:36:34,129 - SourceAnalyzer - DEBUG - logger.py:64 - 쿼리 실행 성공: 
                SELECT component_id FROM componen...
2025-09-13 20:36:34,129 - SourceAnalyzer - DEBUG - logger.py:64 - 쿼리 실행 성공: 
                SELECT component_id FROM componen...
2025-09-13 20:36:34,130 - SourceAnalyzer - DEBUG - logger.py:64 - 쿼리 실행 성공: 
                SELECT component_id FROM componen...
2025-09-13 20:36:34,130 - SourceAnalyzer - DEBUG - logger.py:64 - 쿼리 실행 성공: 
                SELECT component_id FROM componen...
2025-09-13 20:36:34,130 - SourceAnalyzer - DEBUG - logger.py:64 - 쿼리 실행 성공: 
                SELECT component_id FROM componen...
2025-09-13 20:36:34,130 - SourceAnalyzer - DEBUG - logger.py:64 - 쿼리 실행 성공: 
                SELECT component_id FROM componen...
2025-09-13 20:36:34,130 - SourceAnalyzer - DEBUG - logger.py:64 - 쿼리 실행 성공: 
                SELECT component_id FROM componen...
2025-09-13 20:36:34,130 - SourceAnalyzer - DEBUG - logger.py:64 - 쿼리 실행 성공: 
                SELECT component_id FROM componen...
2025-09-13 20:36:34,130 - SourceAnalyzer - DEBUG - logger.py:64 - 쿼리 실행 성공: 
                SELECT component_id FROM componen...
2025-09-13 20:36:34,130 - SourceAnalyzer - DEBUG - logger.py:64 - 쿼리 실행 성공: 
                SELECT component_id FROM componen...
2025-09-13 20:36:34,130 - SourceAnalyzer - DEBUG - logger.py:64 - 쿼리 실행 성공: 
                SELECT component_id FROM componen...
2025-09-13 20:36:34,130 - SourceAnalyzer - DEBUG - logger.py:64 - 쿼리 실행 성공: 
                SELECT component_id FROM componen...
2025-09-13 20:36:34,130 - SourceAnalyzer - DEBUG - logger.py:64 - 쿼리 실행 성공: 
                SELECT component_id FROM componen...
2025-09-13 20:36:34,130 - SourceAnalyzer - DEBUG - logger.py:64 - 쿼리 실행 성공: 
                SELECT component_id FROM componen...
2025-09-13 20:36:34,130 - SourceAnalyzer - DEBUG - logger.py:64 - 쿼리 실행 성공: 
                SELECT component_id FROM componen...
2025-09-13 20:36:34,130 - SourceAnalyzer - DEBUG - logger.py:64 - 쿼리 실행 성공: 
                SELECT component_id FROM componen...
2025-09-13 20:36:34,130 - SourceAnalyzer - DEBUG - logger.py:64 - 쿼리 실행 성공: 
                SELECT component_id FROM componen...
2025-09-13 20:36:34,130 - SourceAnalyzer - DEBUG - logger.py:64 - 쿼리 실행 성공: 
                SELECT component_id FROM componen...
2025-09-13 20:36:34,130 - SourceAnalyzer - DEBUG - logger.py:64 - 쿼리 실행 성공: 
                SELECT component_id FROM componen...
2025-09-13 20:36:34,130 - SourceAnalyzer - DEBUG - logger.py:64 - 쿼리 실행 성공: 
                SELECT component_id FROM componen...
2025-09-13 20:36:34,130 - SourceAnalyzer - DEBUG - logger.py:64 - 쿼리 실행 성공: 
                SELECT component_id FROM componen...
2025-09-13 20:36:34,130 - SourceAnalyzer - DEBUG - logger.py:64 - 쿼리 실행 성공: 
                SELECT component_id FROM componen...
2025-09-13 20:36:34,130 - SourceAnalyzer - DEBUG - logger.py:64 - 쿼리 실행 성공: 
                SELECT component_id FROM componen...
2025-09-13 20:36:34,131 - SourceAnalyzer - DEBUG - logger.py:64 - 쿼리 실행 성공: 
                SELECT component_id FROM componen...
2025-09-13 20:36:34,131 - SourceAnalyzer - DEBUG - logger.py:64 - 쿼리 실행 성공: 
                SELECT component_id FROM componen...
2025-09-13 20:36:34,131 - SourceAnalyzer - DEBUG - logger.py:64 - 쿼리 실행 성공: 
                SELECT component_id FROM componen...
2025-09-13 20:36:34,131 - SourceAnalyzer - DEBUG - logger.py:64 - 쿼리 실행 성공: 
                SELECT component_id FROM componen...
2025-09-13 20:36:34,131 - SourceAnalyzer - DEBUG - logger.py:64 - 쿼리 실행 성공: 
                SELECT component_id FROM componen...
2025-09-13 20:36:34,131 - SourceAnalyzer - DEBUG - logger.py:64 - 쿼리 실행 성공: 
                SELECT component_id FROM componen...
2025-09-13 20:36:34,131 - SourceAnalyzer - DEBUG - logger.py:64 - 쿼리 실행 성공: 
                SELECT component_id FROM componen...
2025-09-13 20:36:34,131 - SourceAnalyzer - DEBUG - logger.py:64 - 쿼리 실행 성공: 
                SELECT component_id FROM componen...
2025-09-13 20:36:34,131 - SourceAnalyzer - DEBUG - logger.py:64 - 쿼리 실행 성공: 
                SELECT component_id FROM componen...
2025-09-13 20:36:34,131 - SourceAnalyzer - DEBUG - logger.py:64 - 쿼리 실행 성공: 
                SELECT component_id FROM componen...
2025-09-13 20:36:34,131 - SourceAnalyzer - DEBUG - logger.py:64 - 쿼리 실행 성공: 
                SELECT component_id FROM componen...
2025-09-13 20:36:34,131 - SourceAnalyzer - DEBUG - logger.py:64 - 쿼리 실행 성공: 
                SELECT component_id FROM componen...
2025-09-13 20:36:34,131 - SourceAnalyzer - DEBUG - logger.py:64 - 쿼리 실행 성공: 
                SELECT component_id FROM componen...
2025-09-13 20:36:34,131 - SourceAnalyzer - DEBUG - logger.py:64 - 쿼리 실행 성공: 
                SELECT component_id FROM componen...
2025-09-13 20:36:34,131 - SourceAnalyzer - DEBUG - logger.py:64 - 쿼리 실행 성공: 
                SELECT component_id FROM componen...
2025-09-13 20:36:34,131 - SourceAnalyzer - DEBUG - logger.py:64 - 쿼리 실행 성공: 
                SELECT component_id FROM componen...
2025-09-13 20:36:34,131 - SourceAnalyzer - DEBUG - logger.py:64 - 쿼리 실행 성공: 
                SELECT component_id FROM componen...
2025-09-13 20:36:34,131 - SourceAnalyzer - DEBUG - logger.py:64 - 쿼리 실행 성공: 
                SELECT component_id FROM componen...
2025-09-13 20:36:34,131 - SourceAnalyzer - DEBUG - logger.py:64 - 쿼리 실행 성공: 
                SELECT component_id FROM componen...
2025-09-13 20:36:34,131 - SourceAnalyzer - DEBUG - logger.py:64 - 쿼리 실행 성공: 
                SELECT component_id FROM componen...
2025-09-13 20:36:34,131 - SourceAnalyzer - DEBUG - logger.py:64 - 쿼리 실행 성공: 
                SELECT component_id FROM componen...
2025-09-13 20:36:34,131 - SourceAnalyzer - DEBUG - logger.py:64 - 쿼리 실행 성공: 
                SELECT component_id FROM componen...
2025-09-13 20:36:34,132 - SourceAnalyzer - DEBUG - logger.py:64 - 쿼리 실행 성공: 
                SELECT component_id FROM componen...
2025-09-13 20:36:34,132 - SourceAnalyzer - DEBUG - logger.py:64 - 쿼리 실행 성공: 
                SELECT component_id FROM componen...
2025-09-13 20:36:34,132 - SourceAnalyzer - DEBUG - logger.py:64 - 쿼리 실행 성공: 
                SELECT component_id FROM componen...
2025-09-13 20:36:34,132 - SourceAnalyzer - DEBUG - logger.py:64 - 쿼리 실행 성공: 
                SELECT component_id FROM componen...
2025-09-13 20:36:34,132 - SourceAnalyzer - DEBUG - logger.py:64 - 업데이트 쿼리 실행 성공: 
            UPDATE columns
            SET compon..., 영향받은 행: 1
2025-09-13 20:36:34,132 - SourceAnalyzer - DEBUG - logger.py:64 - 업데이트 쿼리 실행 성공: 
            UPDATE columns
            SET compon..., 영향받은 행: 1
2025-09-13 20:36:34,132 - SourceAnalyzer - DEBUG - logger.py:64 - 업데이트 쿼리 실행 성공: 
            UPDATE columns
            SET compon..., 영향받은 행: 1
2025-09-13 20:36:34,132 - SourceAnalyzer - DEBUG - logger.py:64 - 업데이트 쿼리 실행 성공: 
            UPDATE columns
            SET compon..., 영향받은 행: 1
2025-09-13 20:36:34,132 - SourceAnalyzer - DEBUG - logger.py:64 - 업데이트 쿼리 실행 성공: 
            UPDATE columns
            SET compon..., 영향받은 행: 1
2025-09-13 20:36:34,132 - SourceAnalyzer - DEBUG - logger.py:64 - 업데이트 쿼리 실행 성공: 
            UPDATE columns
            SET compon..., 영향받은 행: 1
2025-09-13 20:36:34,132 - SourceAnalyzer - DEBUG - logger.py:64 - 업데이트 쿼리 실행 성공: 
            UPDATE columns
            SET compon..., 영향받은 행: 1
2025-09-13 20:36:34,132 - SourceAnalyzer - DEBUG - logger.py:64 - 업데이트 쿼리 실행 성공: 
            UPDATE columns
            SET compon..., 영향받은 행: 1
2025-09-13 20:36:34,132 - SourceAnalyzer - DEBUG - logger.py:64 - 업데이트 쿼리 실행 성공: 
            UPDATE columns
            SET compon..., 영향받은 행: 1
2025-09-13 20:36:34,132 - SourceAnalyzer - DEBUG - logger.py:64 - 업데이트 쿼리 실행 성공: 
            UPDATE columns
            SET compon..., 영향받은 행: 1
2025-09-13 20:36:34,132 - SourceAnalyzer - DEBUG - logger.py:64 - 업데이트 쿼리 실행 성공: 
            UPDATE columns
            SET compon..., 영향받은 행: 1
2025-09-13 20:36:34,132 - SourceAnalyzer - DEBUG - logger.py:64 - 업데이트 쿼리 실행 성공: 
            UPDATE columns
            SET compon..., 영향받은 행: 1
2025-09-13 20:36:34,132 - SourceAnalyzer - DEBUG - logger.py:64 - 업데이트 쿼리 실행 성공: 
            UPDATE columns
            SET compon..., 영향받은 행: 1
2025-09-13 20:36:34,132 - SourceAnalyzer - DEBUG - logger.py:64 - 업데이트 쿼리 실행 성공: 
            UPDATE columns
            SET compon..., 영향받은 행: 1
2025-09-13 20:36:34,133 - SourceAnalyzer - DEBUG - logger.py:64 - 업데이트 쿼리 실행 성공: 
            UPDATE columns
            SET compon..., 영향받은 행: 1
2025-09-13 20:36:34,133 - SourceAnalyzer - DEBUG - logger.py:64 - 업데이트 쿼리 실행 성공: 
            UPDATE columns
            SET compon..., 영향받은 행: 1
2025-09-13 20:36:34,133 - SourceAnalyzer - DEBUG - logger.py:64 - 업데이트 쿼리 실행 성공: 
            UPDATE columns
            SET compon..., 영향받은 행: 1
2025-09-13 20:36:34,133 - SourceAnalyzer - DEBUG - logger.py:64 - 업데이트 쿼리 실행 성공: 
            UPDATE columns
            SET compon..., 영향받은 행: 1
2025-09-13 20:36:34,133 - SourceAnalyzer - DEBUG - logger.py:64 - 업데이트 쿼리 실행 성공: 
            UPDATE columns
            SET compon..., 영향받은 행: 1
2025-09-13 20:36:34,133 - SourceAnalyzer - DEBUG - logger.py:64 - 업데이트 쿼리 실행 성공: 
            UPDATE columns
            SET compon..., 영향받은 행: 1
2025-09-13 20:36:34,133 - SourceAnalyzer - DEBUG - logger.py:64 - 업데이트 쿼리 실행 성공: 
            UPDATE columns
            SET compon..., 영향받은 행: 1
2025-09-13 20:36:34,133 - SourceAnalyzer - DEBUG - logger.py:64 - 업데이트 쿼리 실행 성공: 
            UPDATE columns
            SET compon..., 영향받은 행: 1
2025-09-13 20:36:34,133 - SourceAnalyzer - DEBUG - logger.py:64 - 업데이트 쿼리 실행 성공: 
            UPDATE columns
            SET compon..., 영향받은 행: 1
2025-09-13 20:36:34,133 - SourceAnalyzer - DEBUG - logger.py:64 - 업데이트 쿼리 실행 성공: 
            UPDATE columns
            SET compon..., 영향받은 행: 1
2025-09-13 20:36:34,133 - SourceAnalyzer - DEBUG - logger.py:64 - 업데이트 쿼리 실행 성공: 
            UPDATE columns
            SET compon..., 영향받은 행: 1
2025-09-13 20:36:34,133 - SourceAnalyzer - DEBUG - logger.py:64 - 업데이트 쿼리 실행 성공: 
            UPDATE columns
            SET compon..., 영향받은 행: 1
2025-09-13 20:36:34,133 - SourceAnalyzer - DEBUG - logger.py:64 - 업데이트 쿼리 실행 성공: 
            UPDATE columns
            SET compon..., 영향받은 행: 1
2025-09-13 20:36:34,133 - SourceAnalyzer - DEBUG - logger.py:64 - 업데이트 쿼리 실행 성공: 
            UPDATE columns
            SET compon..., 영향받은 행: 1
2025-09-13 20:36:34,133 - SourceAnalyzer - DEBUG - logger.py:64 - 업데이트 쿼리 실행 성공: 
            UPDATE columns
            SET compon..., 영향받은 행: 1
2025-09-13 20:36:34,133 - SourceAnalyzer - DEBUG - logger.py:64 - 업데이트 쿼리 실행 성공: 
            UPDATE columns
            SET compon..., 영향받은 행: 1
2025-09-13 20:36:34,133 - SourceAnalyzer - DEBUG - logger.py:64 - 업데이트 쿼리 실행 성공: 
            UPDATE columns
            SET compon..., 영향받은 행: 1
2025-09-13 20:36:34,133 - SourceAnalyzer - DEBUG - logger.py:64 - 업데이트 쿼리 실행 성공: 
            UPDATE columns
            SET compon..., 영향받은 행: 1
2025-09-13 20:36:34,134 - SourceAnalyzer - DEBUG - logger.py:64 - 업데이트 쿼리 실행 성공: 
            UPDATE columns
            SET compon..., 영향받은 행: 1
2025-09-13 20:36:34,134 - SourceAnalyzer - DEBUG - logger.py:64 - 업데이트 쿼리 실행 성공: 
            UPDATE columns
            SET compon..., 영향받은 행: 1
2025-09-13 20:36:34,134 - SourceAnalyzer - DEBUG - logger.py:64 - 업데이트 쿼리 실행 성공: 
            UPDATE columns
            SET compon..., 영향받은 행: 1
2025-09-13 20:36:34,134 - SourceAnalyzer - DEBUG - logger.py:64 - 업데이트 쿼리 실행 성공: 
            UPDATE columns
            SET compon..., 영향받은 행: 1
2025-09-13 20:36:34,134 - SourceAnalyzer - DEBUG - logger.py:64 - 업데이트 쿼리 실행 성공: 
            UPDATE columns
            SET compon..., 영향받은 행: 1
2025-09-13 20:36:34,134 - SourceAnalyzer - DEBUG - logger.py:64 - 업데이트 쿼리 실행 성공: 
            UPDATE columns
            SET compon..., 영향받은 행: 1
2025-09-13 20:36:34,134 - SourceAnalyzer - DEBUG - logger.py:64 - 업데이트 쿼리 실행 성공: 
            UPDATE columns
            SET compon..., 영향받은 행: 1
2025-09-13 20:36:34,134 - SourceAnalyzer - DEBUG - logger.py:64 - 업데이트 쿼리 실행 성공: 
            UPDATE columns
            SET compon..., 영향받은 행: 1
2025-09-13 20:36:34,134 - SourceAnalyzer - DEBUG - logger.py:64 - 업데이트 쿼리 실행 성공: 
            UPDATE columns
            SET compon..., 영향받은 행: 1
2025-09-13 20:36:34,134 - SourceAnalyzer - DEBUG - logger.py:64 - 업데이트 쿼리 실행 성공: 
            UPDATE columns
            SET compon..., 영향받은 행: 1
2025-09-13 20:36:34,134 - SourceAnalyzer - DEBUG - logger.py:64 - 업데이트 쿼리 실행 성공: 
            UPDATE columns
            SET compon..., 영향받은 행: 1
2025-09-13 20:36:34,134 - SourceAnalyzer - DEBUG - logger.py:64 - 업데이트 쿼리 실행 성공: 
            UPDATE columns
            SET compon..., 영향받은 행: 1
2025-09-13 20:36:34,134 - SourceAnalyzer - DEBUG - logger.py:64 - 업데이트 쿼리 실행 성공: 
            UPDATE columns
            SET compon..., 영향받은 행: 1
2025-09-13 20:36:34,134 - SourceAnalyzer - DEBUG - logger.py:64 - 업데이트 쿼리 실행 성공: 
            UPDATE columns
            SET compon..., 영향받은 행: 1
2025-09-13 20:36:34,134 - SourceAnalyzer - DEBUG - logger.py:64 - 업데이트 쿼리 실행 성공: 
            UPDATE columns
            SET compon..., 영향받은 행: 1
2025-09-13 20:36:34,134 - SourceAnalyzer - DEBUG - logger.py:64 - 업데이트 쿼리 실행 성공: 
            UPDATE columns
            SET compon..., 영향받은 행: 1
2025-09-13 20:36:34,134 - SourceAnalyzer - DEBUG - logger.py:64 - 업데이트 쿼리 실행 성공: 
            UPDATE columns
            SET compon..., 영향받은 행: 1
2025-09-13 20:36:34,134 - SourceAnalyzer - DEBUG - logger.py:64 - 업데이트 쿼리 실행 성공: 
            UPDATE columns
            SET compon..., 영향받은 행: 1
2025-09-13 20:36:34,135 - SourceAnalyzer - DEBUG - logger.py:64 - 업데이트 쿼리 실행 성공: 
            UPDATE columns
            SET compon..., 영향받은 행: 1
2025-09-13 20:36:34,135 - SourceAnalyzer - DEBUG - logger.py:64 - 업데이트 쿼리 실행 성공: 
            UPDATE columns
            SET compon..., 영향받은 행: 1
2025-09-13 20:36:34,135 - SourceAnalyzer - DEBUG - logger.py:64 - 업데이트 쿼리 실행 성공: 
            UPDATE columns
            SET compon..., 영향받은 행: 1
2025-09-13 20:36:34,135 - SourceAnalyzer - DEBUG - logger.py:64 - 업데이트 쿼리 실행 성공: 
            UPDATE columns
            SET compon..., 영향받은 행: 1
2025-09-13 20:36:34,135 - SourceAnalyzer - DEBUG - logger.py:64 - 업데이트 쿼리 실행 성공: 
            UPDATE columns
            SET compon..., 영향받은 행: 1
2025-09-13 20:36:34,135 - SourceAnalyzer - DEBUG - logger.py:64 - 업데이트 쿼리 실행 성공: 
            UPDATE columns
            SET compon..., 영향받은 행: 1
2025-09-13 20:36:34,135 - SourceAnalyzer - DEBUG - logger.py:64 - 업데이트 쿼리 실행 성공: 
            UPDATE columns
            SET compon..., 영향받은 행: 1
2025-09-13 20:36:34,135 - SourceAnalyzer - DEBUG - logger.py:64 - 업데이트 쿼리 실행 성공: 
            UPDATE columns
            SET compon..., 영향받은 행: 1
2025-09-13 20:36:34,135 - SourceAnalyzer - DEBUG - logger.py:64 - 업데이트 쿼리 실행 성공: 
            UPDATE columns
            SET compon..., 영향받은 행: 1
2025-09-13 20:36:34,135 - SourceAnalyzer - DEBUG - logger.py:64 - 업데이트 쿼리 실행 성공: 
            UPDATE columns
            SET compon..., 영향받은 행: 1
2025-09-13 20:36:34,135 - SourceAnalyzer - DEBUG - logger.py:64 - 업데이트 쿼리 실행 성공: 
            UPDATE columns
            SET compon..., 영향받은 행: 1
2025-09-13 20:36:34,135 - SourceAnalyzer - DEBUG - logger.py:64 - 업데이트 쿼리 실행 성공: 
            UPDATE columns
            SET compon..., 영향받은 행: 1
2025-09-13 20:36:34,135 - SourceAnalyzer - DEBUG - logger.py:64 - 업데이트 쿼리 실행 성공: 
            UPDATE columns
            SET compon..., 영향받은 행: 1
2025-09-13 20:36:34,135 - SourceAnalyzer - DEBUG - logger.py:64 - 업데이트 쿼리 실행 성공: 
            UPDATE columns
            SET compon..., 영향받은 행: 1
2025-09-13 20:36:34,135 - SourceAnalyzer - DEBUG - logger.py:64 - 업데이트 쿼리 실행 성공: 
            UPDATE columns
            SET compon..., 영향받은 행: 1
2025-09-13 20:36:34,135 - SourceAnalyzer - DEBUG - logger.py:64 - 업데이트 쿼리 실행 성공: 
            UPDATE columns
            SET compon..., 영향받은 행: 1
2025-09-13 20:36:34,135 - SourceAnalyzer - DEBUG - logger.py:64 - 업데이트 쿼리 실행 성공: 
            UPDATE columns
            SET compon..., 영향받은 행: 1
2025-09-13 20:36:34,135 - SourceAnalyzer - DEBUG - logger.py:64 - 업데이트 쿼리 실행 성공: 
            UPDATE columns
            SET compon..., 영향받은 행: 1
2025-09-13 20:36:34,136 - SourceAnalyzer - DEBUG - logger.py:64 - 업데이트 쿼리 실행 성공: 
            UPDATE columns
            SET compon..., 영향받은 행: 1
2025-09-13 20:36:34,136 - SourceAnalyzer - DEBUG - logger.py:64 - 업데이트 쿼리 실행 성공: 
            UPDATE columns
            SET compon..., 영향받은 행: 1
2025-09-13 20:36:34,136 - SourceAnalyzer - DEBUG - logger.py:64 - 업데이트 쿼리 실행 성공: 
            UPDATE columns
            SET compon..., 영향받은 행: 1
2025-09-13 20:36:34,136 - SourceAnalyzer - DEBUG - logger.py:64 - 업데이트 쿼리 실행 성공: 
            UPDATE columns
            SET compon..., 영향받은 행: 1
2025-09-13 20:36:34,136 - SourceAnalyzer - DEBUG - logger.py:64 - 업데이트 쿼리 실행 성공: 
            UPDATE columns
            SET compon..., 영향받은 행: 1
2025-09-13 20:36:34,136 - SourceAnalyzer - DEBUG - logger.py:64 - 업데이트 쿼리 실행 성공: 
            UPDATE columns
            SET compon..., 영향받은 행: 1
2025-09-13 20:36:34,136 - SourceAnalyzer - DEBUG - logger.py:64 - 업데이트 쿼리 실행 성공: 
            UPDATE columns
            SET compon..., 영향받은 행: 1
2025-09-13 20:36:34,136 - SourceAnalyzer - DEBUG - logger.py:64 - 업데이트 쿼리 실행 성공: 
            UPDATE columns
            SET compon..., 영향받은 행: 1
2025-09-13 20:36:34,136 - SourceAnalyzer - DEBUG - logger.py:64 - 업데이트 쿼리 실행 성공: 
            UPDATE columns
            SET compon..., 영향받은 행: 1
2025-09-13 20:36:34,136 - SourceAnalyzer - DEBUG - logger.py:64 - 업데이트 쿼리 실행 성공: 
            UPDATE columns
            SET compon..., 영향받은 행: 1
2025-09-13 20:36:34,136 - SourceAnalyzer - DEBUG - logger.py:64 - 업데이트 쿼리 실행 성공: 
            UPDATE columns
            SET compon..., 영향받은 행: 1
2025-09-13 20:36:34,136 - SourceAnalyzer - DEBUG - logger.py:64 - 업데이트 쿼리 실행 성공: 
            UPDATE columns
            SET compon..., 영향받은 행: 1
2025-09-13 20:36:34,136 - SourceAnalyzer - DEBUG - logger.py:64 - 업데이트 쿼리 실행 성공: 
            UPDATE columns
            SET compon..., 영향받은 행: 1
2025-09-13 20:36:34,136 - SourceAnalyzer - DEBUG - logger.py:64 - 업데이트 쿼리 실행 성공: 
            UPDATE columns
            SET compon..., 영향받은 행: 1
2025-09-13 20:36:34,136 - SourceAnalyzer - DEBUG - logger.py:64 - 업데이트 쿼리 실행 성공: 
            UPDATE columns
            SET compon..., 영향받은 행: 1
2025-09-13 20:36:34,136 - SourceAnalyzer - DEBUG - logger.py:64 - 업데이트 쿼리 실행 성공: 
            UPDATE columns
            SET compon..., 영향받은 행: 1
2025-09-13 20:36:34,136 - SourceAnalyzer - DEBUG - logger.py:64 - 업데이트 쿼리 실행 성공: 
            UPDATE columns
            SET compon..., 영향받은 행: 1
2025-09-13 20:36:34,136 - SourceAnalyzer - DEBUG - logger.py:64 - 업데이트 쿼리 실행 성공: 
            UPDATE columns
            SET compon..., 영향받은 행: 1
2025-09-13 20:36:34,137 - SourceAnalyzer - DEBUG - logger.py:64 - 업데이트 쿼리 실행 성공: 
            UPDATE columns
            SET compon..., 영향받은 행: 1
2025-09-13 20:36:34,137 - SourceAnalyzer - DEBUG - logger.py:64 - 업데이트 쿼리 실행 성공: 
            UPDATE columns
            SET compon..., 영향받은 행: 1
2025-09-13 20:36:34,137 - SourceAnalyzer - DEBUG - logger.py:64 - 업데이트 쿼리 실행 성공: 
            UPDATE columns
            SET compon..., 영향받은 행: 1
2025-09-13 20:36:34,137 - SourceAnalyzer - DEBUG - logger.py:64 - 업데이트 쿼리 실행 성공: 
            UPDATE columns
            SET compon..., 영향받은 행: 1
2025-09-13 20:36:34,137 - SourceAnalyzer - DEBUG - logger.py:64 - 업데이트 쿼리 실행 성공: 
            UPDATE columns
            SET compon..., 영향받은 행: 1
2025-09-13 20:36:34,137 - SourceAnalyzer - DEBUG - logger.py:64 - 업데이트 쿼리 실행 성공: 
            UPDATE columns
            SET compon..., 영향받은 행: 1
2025-09-13 20:36:34,137 - SourceAnalyzer - DEBUG - logger.py:64 - 업데이트 쿼리 실행 성공: 
            UPDATE columns
            SET compon..., 영향받은 행: 1
2025-09-13 20:36:34,137 - SourceAnalyzer - DEBUG - logger.py:64 - 업데이트 쿼리 실행 성공: 
            UPDATE columns
            SET compon..., 영향받은 행: 1
2025-09-13 20:36:34,137 - SourceAnalyzer - INFO - logger.py:68 - 컬럼 component_id 업데이트 완료: 94개
2025-09-13 20:36:34,137 - SourceAnalyzer - INFO - logger.py:68 - === 데이터베이스 구조 저장 통계 ===
2025-09-13 20:36:34,137 - SourceAnalyzer - INFO - logger.py:68 - 테이블 로드: 16 (오류: 0)
2025-09-13 20:36:34,137 - SourceAnalyzer - INFO - logger.py:68 - 컬럼 로드: 91 (오류: 0)
2025-09-13 20:36:34,137 - SourceAnalyzer - INFO - logger.py:68 - 컴포넌트 생성: 110 (오류: 0)
2025-09-13 20:36:34,137 - SourceAnalyzer - INFO - logger.py:68 - inferred 컬럼 생성: 0
2025-09-13 20:36:34,137 - SourceAnalyzer - INFO - logger.py:68 - 오류 없이 완료
2025-09-13 20:36:34,137 - SourceAnalyzer - INFO - logger.py:68 - === 데이터베이스 로딩 완료 ===
2025-09-13 20:36:34,140 - SourceAnalyzer - DEBUG - logger.py:64 - 데이터베이스 연결 해제: D:\Analyzer\CreateMetaDb\projects\sampleSrc\metadata.db
2025-09-13 20:36:34,141 - SourceAnalyzer - INFO - logger.py:68 - 2단계 완료: 데이터베이스 구조 저장 및 컴포넌트 생성
2025-09-13 20:36:34,141 - SourceAnalyzer - INFO - logger.py:68 - 3단계 실행: XML 파일 분석 및 SQL 컴포넌트 등록 + JOIN 관계 분석
2025-09-13 20:36:34,161 - SourceAnalyzer - DEBUG - logger.py:64 - 파일 읽기 성공: config/parser/sql_keyword.yaml
2025-09-13 20:36:34,182 - SourceAnalyzer - DEBUG - logger.py:64 - YAML 설정 파일 로드 성공: config/parser/sql_keyword.yaml
2025-09-13 20:36:34,182 - SourceAnalyzer - DEBUG - logger.py:64 - 파일 읽기 성공: config/parser/xml_parser_config.yaml
2025-09-13 20:36:34,188 - SourceAnalyzer - DEBUG - logger.py:64 - YAML 설정 파일 로드 성공: config/parser/xml_parser_config.yaml
2025-09-13 20:36:34,190 - SourceAnalyzer - DEBUG - logger.py:64 - 데이터베이스 연결 성공: D:\Analyzer\CreateMetaDb\projects\sampleSrc\SqlContent.db
2025-09-13 20:36:34,192 - SourceAnalyzer - DEBUG - logger.py:64 - SQL 스크립트 실행 성공: D:\Analyzer\CreateMetaDb\database\create_sql_content_db.sql
2025-09-13 20:36:34,192 - SourceAnalyzer - INFO - logger.py:68 - SQL Content 데이터베이스 초기화 완료: D:\Analyzer\CreateMetaDb\projects\sampleSrc\SqlContent.db
2025-09-13 20:36:34,192 - SourceAnalyzer - INFO - logger.py:68 - === XML 로딩 시작: 3~4단계 통합 처리 ===
2025-09-13 20:36:34,194 - SourceAnalyzer - DEBUG - logger.py:64 - 데이터베이스 연결 성공: D:\Analyzer\CreateMetaDb\projects\sampleSrc\metadata.db
2025-09-13 20:36:34,194 - SourceAnalyzer - INFO - logger.py:68 - SQL Content Processor 초기화 시작
2025-09-13 20:36:34,194 - SourceAnalyzer - DEBUG - logger.py:64 - 데이터베이스 연결 성공: D:\Analyzer\CreateMetaDb\projects\sampleSrc\SqlContent.db
2025-09-13 20:36:34,195 - SourceAnalyzer - DEBUG - logger.py:64 - SQL 스크립트 실행 성공: D:\Analyzer\CreateMetaDb\database\create_sql_content_db.sql
2025-09-13 20:36:34,195 - SourceAnalyzer - INFO - logger.py:68 - SQL Content 데이터베이스 초기화 완료: D:\Analyzer\CreateMetaDb\projects\sampleSrc\SqlContent.db
2025-09-13 20:36:34,195 - SourceAnalyzer - DEBUG - logger.py:64 - 쿼리 실행 성공: 
                SELECT file_id, file_path, file_n...
2025-09-13 20:36:34,195 - SourceAnalyzer - DEBUG - logger.py:64 - LOAD XML ID 매핑: src\com\example\dynamicquery + UserMapper.xml -> src/com/example/dynamicquery/UserMapper.xml (ID: 5)
2025-09-13 20:36:34,195 - SourceAnalyzer - DEBUG - logger.py:64 - LOAD XML ID 매핑: src\main\resources\mybatis\mapper + ImplicitJoinMapper.xml -> src/main/resources/mybatis/mapper/ImplicitJoinMapper.xml (ID: 23)
2025-09-13 20:36:34,195 - SourceAnalyzer - DEBUG - logger.py:64 - LOAD XML ID 매핑: src\main\resources\mybatis\mapper + ImplicitJoinTestMapper.xml -> src/main/resources/mybatis/mapper/ImplicitJoinTestMapper.xml (ID: 24)
2025-09-13 20:36:34,195 - SourceAnalyzer - DEBUG - logger.py:64 - LOAD XML ID 매핑: src\main\resources\mybatis\mapper + MixedErrorMapper.xml -> src/main/resources/mybatis/mapper/MixedErrorMapper.xml (ID: 25)
2025-09-13 20:36:34,195 - SourceAnalyzer - DEBUG - logger.py:64 - LOAD XML ID 매핑: src\main\resources\mybatis\mapper + ProductMapper.xml -> src/main/resources/mybatis/mapper/ProductMapper.xml (ID: 26)
2025-09-13 20:36:34,195 - SourceAnalyzer - DEBUG - logger.py:64 - LOAD XML ID 매핑: src\main\resources\mybatis\mapper + UserMapper.xml -> src/main/resources/mybatis/mapper/UserMapper.xml (ID: 27)
2025-09-13 20:36:34,195 - SourceAnalyzer - INFO - logger.py:68 - XML 파일 ID 매핑 로드 완료: 6개 파일
2025-09-13 20:36:34,195 - SourceAnalyzer - DEBUG - logger.py:64 - 매핑 테이블 키들: ['src/com/example/dynamicquery/UserMapper.xml', 'src/main/resources/mybatis/mapper/ImplicitJoinMapper.xml', 'src/main/resources/mybatis/mapper/ImplicitJoinTestMapper.xml', 'src/main/resources/mybatis/mapper/MixedErrorMapper.xml', 'src/main/resources/mybatis/mapper/ProductMapper.xml', 'src/main/resources/mybatis/mapper/UserMapper.xml']
2025-09-13 20:36:34,195 - SourceAnalyzer - INFO - logger.py:68 - SQL Content Processor 초기화 완료
2025-09-13 20:36:34,196 - SourceAnalyzer - DEBUG - logger.py:64 - 파일 읽기 성공: D:\Analyzer\CreateMetaDb\projects\sampleSrc\src\com\example\dynamicquery\UserMapper.xml
2025-09-13 20:36:34,197 - SourceAnalyzer - DEBUG - logger.py:64 - 파일 읽기 성공: D:\Analyzer\CreateMetaDb\projects\sampleSrc\src\main\resources\mybatis\mapper\ImplicitJoinMapper.xml
2025-09-13 20:36:34,197 - SourceAnalyzer - DEBUG - logger.py:64 - 파일 읽기 성공: D:\Analyzer\CreateMetaDb\projects\sampleSrc\src\main\resources\mybatis\mapper\ImplicitJoinTestMapper.xml
2025-09-13 20:36:34,198 - SourceAnalyzer - DEBUG - logger.py:64 - 파일 읽기 성공: D:\Analyzer\CreateMetaDb\projects\sampleSrc\src\main\resources\mybatis\mapper\MixedErrorMapper.xml
2025-09-13 20:36:34,198 - SourceAnalyzer - DEBUG - logger.py:64 - 파일 읽기 성공: D:\Analyzer\CreateMetaDb\projects\sampleSrc\src\main\resources\mybatis\mapper\ProductMapper.xml
2025-09-13 20:36:34,198 - SourceAnalyzer - DEBUG - logger.py:64 - 파일 읽기 성공: D:\Analyzer\CreateMetaDb\projects\sampleSrc\src\main\resources\mybatis\mapper\UserMapper.xml
2025-09-13 20:36:34,199 - SourceAnalyzer - INFO - logger.py:68 - MyBatis XML 파일 수집 완료: 6개
2025-09-13 20:36:34,199 - SourceAnalyzer - DEBUG - logger.py:64 - 파일 읽기 성공: D:\Analyzer\CreateMetaDb\projects\sampleSrc\src\com\example\dynamicquery\UserMapper.xml
2025-09-13 20:36:34,208 - SourceAnalyzer - ERROR - logger.py:128 - FATAL ERROR: Exception: 프로젝트명이 설정되지 않았습니다
Message: Inferred 컬럼 검사 실패
2025-09-13 20:36:34,209 - SourceAnalyzer - DEBUG - logger.py:64 - 데이터베이스 연결 해제: D:\Analyzer\CreateMetaDb\projects\sampleSrc\metadata.db
2025-09-13 20:36:34,209 - SourceAnalyzer - DEBUG - logger.py:64 - 데이터베이스 연결 해제: D:\Analyzer\CreateMetaDb\projects\sampleSrc\SqlContent.db
2025-09-13 20:36:34,209 - SourceAnalyzer - INFO - logger.py:68 - SQL Content 데이터베이스 연결 해제
2025-09-13 20:36:34,210 - SourceAnalyzer - DEBUG - logger.py:64 - 데이터베이스 연결 해제: D:\Analyzer\CreateMetaDb\projects\sampleSrc\SqlContent.db
2025-09-13 20:36:34,210 - SourceAnalyzer - INFO - logger.py:68 - SQL Content 데이터베이스 연결 해제
