2025-09-15 17:11:30,374 - SourceAnalyzer - INFO - main.py:17 - Recursion limit set to: 50
2025-09-15 17:11:30,374 - SourceAnalyzer - INFO - main.py:25 - 오래된 로그 파일 정리 시작
2025-09-15 17:11:30,379 - SourceAnalyzer - INFO - file_utils.py:362 - 삭제할 오래된 로그 파일이 없습니다
2025-09-15 17:11:30,379 - SourceAnalyzer - INFO - main.py:30 - 삭제할 오래된 로그 파일이 없습니다
2025-09-15 17:11:30,379 - SourceAnalyzer - INFO - main.py:33 - SourceAnalyzer 시작
2025-09-15 17:11:30,386 - SourceAnalyzer - INFO - main.py:44 - 분석 대상 프로젝트: sampleSrc
2025-09-15 17:11:30,386 - SourceAnalyzer - INFO - main.py:61 - 분석 옵션:
2025-09-15 17:11:30,387 - SourceAnalyzer - INFO - main.py:62 -   - 메타데이터베이스 초기화: False
2025-09-15 17:11:30,387 - SourceAnalyzer - INFO - main.py:63 -   - 상세 로그: False
2025-09-15 17:11:30,387 - SourceAnalyzer - INFO - main.py:64 -   - 출력 형식: html
2025-09-15 17:11:30,387 - SourceAnalyzer - INFO - main.py:65 -   - 드라이런 모드: False
2025-09-15 17:11:30,388 - SourceAnalyzer - INFO - main.py:66 -   - 강제 실행: False
2025-09-15 17:11:30,388 - SourceAnalyzer - INFO - main.py:75 - 1단계 실행: 파일 정보 저장 (프로젝트 전체 스캔)
2025-09-15 17:11:30,392 - SourceAnalyzer - INFO - file_loading.py:86 - 메타데이터베이스 초기화 완료: D:\Analyzer\CreateMetaDb\projects\sampleSrc\metadata.db
2025-09-15 17:11:30,702 - SourceAnalyzer - INFO - file_loading.py:1161 - === 파일 스캔 완료 ===
2025-09-15 17:11:30,705 - SourceAnalyzer - INFO - main.py:89 - 1단계 완료: 파일 정보 저장
2025-09-15 17:11:30,707 - SourceAnalyzer - INFO - main.py:108 - 전역 프로젝트 정보 설정: sampleSrc (ID: 1)
2025-09-15 17:11:30,707 - SourceAnalyzer - INFO - main.py:118 - 2단계 실행: 데이터베이스 구조 저장 및 컴포넌트 생성
2025-09-15 17:11:30,708 - SourceAnalyzer - INFO - file_loading.py:1181 - === 데이터베이스 로딩 시작: 데이터베이스 구조 저장 ===
2025-09-15 17:11:30,709 - SourceAnalyzer - INFO - file_utils.py:55 - 인코딩 문제 감지, 다른 인코딩으로 재시도: ALL_TABLES.csv
2025-09-15 17:11:30,709 - SourceAnalyzer - INFO - file_loading.py:547 - CSV 파일 로드 완료: D:\Analyzer\CreateMetaDb\projects\sampleSrc\db_schema\ALL_TABLES.csv, 16개 행
2025-09-15 17:11:30,711 - SourceAnalyzer - INFO - file_loading.py:644 - 테이블 정보 저장 완료: 16개 테이블 (오류: 0개)
2025-09-15 17:11:30,712 - SourceAnalyzer - INFO - file_utils.py:55 - 인코딩 문제 감지, 다른 인코딩으로 재시도: ALL_TAB_COLUMNS.csv
2025-09-15 17:11:30,712 - SourceAnalyzer - INFO - file_loading.py:547 - CSV 파일 로드 완료: D:\Analyzer\CreateMetaDb\projects\sampleSrc\db_schema\ALL_TAB_COLUMNS.csv, 91개 행
2025-09-15 17:11:30,716 - SourceAnalyzer - INFO - file_loading.py:762 - 컬럼 정보 저장 완료: 91개 컬럼 (오류: 0개)
2025-09-15 17:11:30,721 - SourceAnalyzer - INFO - file_loading.py:829 - 테이블 컴포넌트 생성 완료: 25개
2025-09-15 17:11:30,730 - SourceAnalyzer - INFO - file_loading.py:909 - 컬럼 컴포넌트 생성 완료: 108개
2025-09-15 17:11:30,734 - SourceAnalyzer - INFO - file_loading.py:967 - 컬럼 component_id 업데이트 완료: 108개
2025-09-15 17:11:30,734 - SourceAnalyzer - INFO - file_loading.py:1212 - === 데이터베이스 로딩 완료 ===
2025-09-15 17:11:30,734 - SourceAnalyzer - INFO - main.py:125 - 2단계 완료: 데이터베이스 구조 저장 및 컴포넌트 생성
2025-09-15 17:11:30,735 - SourceAnalyzer - INFO - main.py:131 - 3단계 실행: XML 파일 분석 및 SQL 컴포넌트 등록 + JOIN 관계 분석
2025-09-15 17:11:30,741 - SourceAnalyzer - INFO - main.py:140 - SQL Content 기능이 비활성화되었습니다 (--sql-content 옵션으로 활성화 가능)
2025-09-15 17:11:30,771 - SourceAnalyzer - INFO - xml_loading.py:60 - SQL Content 기능이 비활성화되어 있습니다
2025-09-15 17:11:30,771 - SourceAnalyzer - INFO - xml_loading.py:85 - === XML 로딩 시작: 3~4단계 통합 처리 ===
2025-09-15 17:11:30,778 - SourceAnalyzer - INFO - xml_parser.py:152 - MyBatis XML 파일 수집 완료: 7개
2025-09-15 17:11:30,778 - SourceAnalyzer - INFO - xml_loading.py:124 - XML 파일: D:\Analyzer\CreateMetaDb\projects\sampleSrc\src\com\example\dynamicquery\UserMapper.xml
2025-09-15 17:11:30,778 - SourceAnalyzer - INFO - xml_loading.py:125 - 디렉토리 경로: src\com\example\dynamicquery
2025-09-15 17:11:30,778 - SourceAnalyzer - INFO - xml_loading.py:136 - SQL 쿼리 결과: 4개
2025-09-15 17:11:30,778 - SourceAnalyzer - INFO - xml_loading.py:140 - file_id 조회 성공: 4
2025-09-15 17:11:30,811 - SourceAnalyzer - INFO - xml_loading.py:250 - === XML 로딩 엔진: SQL 컴포넌트 저장 시작 ===
2025-09-15 17:11:30,811 - SourceAnalyzer - INFO - xml_loading.py:251 - 전달받은 SQL 쿼리 수: 8개
2025-09-15 17:11:30,813 - SourceAnalyzer - INFO - xml_loading.py:259 - XML에서 추출된 SQL 쿼리 타입별 통계: {'select': 8}
2025-09-15 17:11:30,813 - SourceAnalyzer - INFO - xml_loading.py:272 - 프로젝트 ID: 1
2025-09-15 17:11:30,813 - SourceAnalyzer - INFO - xml_loading.py:359 - SQL 컴포넌트 저장 완료: 8/8개 성공
2025-09-15 17:11:30,814 - SourceAnalyzer - INFO - xml_loading.py:458 - JOIN 관계 저장 완료: 5개
2025-09-15 17:11:30,814 - SourceAnalyzer - INFO - xml_loading.py:124 - XML 파일: D:\Analyzer\CreateMetaDb\projects\sampleSrc\src\main\resources\mybatis\mapper\ImplicitJoinMapper.xml
2025-09-15 17:11:30,814 - SourceAnalyzer - INFO - xml_loading.py:125 - 디렉토리 경로: src\main\resources\mybatis\mapper
2025-09-15 17:11:30,814 - SourceAnalyzer - INFO - xml_loading.py:136 - SQL 쿼리 결과: 5개
2025-09-15 17:11:30,815 - SourceAnalyzer - INFO - xml_loading.py:140 - file_id 조회 성공: 35
2025-09-15 17:11:30,837 - SourceAnalyzer - INFO - xml_loading.py:250 - === XML 로딩 엔진: SQL 컴포넌트 저장 시작 ===
2025-09-15 17:11:30,838 - SourceAnalyzer - INFO - xml_loading.py:251 - 전달받은 SQL 쿼리 수: 5개
2025-09-15 17:11:30,838 - SourceAnalyzer - INFO - xml_loading.py:259 - XML에서 추출된 SQL 쿼리 타입별 통계: {'select': 5}
2025-09-15 17:11:30,838 - SourceAnalyzer - INFO - xml_loading.py:272 - 프로젝트 ID: 1
2025-09-15 17:11:30,838 - SourceAnalyzer - INFO - xml_loading.py:359 - SQL 컴포넌트 저장 완료: 5/5개 성공
2025-09-15 17:11:30,839 - SourceAnalyzer - INFO - xml_loading.py:458 - JOIN 관계 저장 완료: 8개
2025-09-15 17:11:30,839 - SourceAnalyzer - INFO - xml_loading.py:124 - XML 파일: D:\Analyzer\CreateMetaDb\projects\sampleSrc\src\main\resources\mybatis\mapper\ImplicitJoinTestMapper.xml
2025-09-15 17:11:30,839 - SourceAnalyzer - INFO - xml_loading.py:125 - 디렉토리 경로: src\main\resources\mybatis\mapper
2025-09-15 17:11:30,839 - SourceAnalyzer - INFO - xml_loading.py:136 - SQL 쿼리 결과: 5개
2025-09-15 17:11:30,839 - SourceAnalyzer - INFO - xml_loading.py:140 - file_id 조회 성공: 35
2025-09-15 17:11:30,847 - SourceAnalyzer - INFO - xml_loading.py:124 - XML 파일: D:\Analyzer\CreateMetaDb\projects\sampleSrc\src\main\resources\mybatis\mapper\MixedErrorMapper.xml
2025-09-15 17:11:30,850 - SourceAnalyzer - INFO - xml_loading.py:125 - 디렉토리 경로: src\main\resources\mybatis\mapper
2025-09-15 17:11:30,850 - SourceAnalyzer - INFO - xml_loading.py:136 - SQL 쿼리 결과: 5개
2025-09-15 17:11:30,850 - SourceAnalyzer - INFO - xml_loading.py:140 - file_id 조회 성공: 35
2025-09-15 17:11:30,870 - SourceAnalyzer - INFO - xml_loading.py:250 - === XML 로딩 엔진: SQL 컴포넌트 저장 시작 ===
2025-09-15 17:11:30,870 - SourceAnalyzer - INFO - xml_loading.py:251 - 전달받은 SQL 쿼리 수: 12개
2025-09-15 17:11:30,871 - SourceAnalyzer - INFO - xml_loading.py:259 - XML에서 추출된 SQL 쿼리 타입별 통계: {'select': 9, 'insert': 1, 'update': 1, 'delete': 1}
2025-09-15 17:11:30,871 - SourceAnalyzer - INFO - xml_loading.py:272 - 프로젝트 ID: 1
2025-09-15 17:11:30,871 - SourceAnalyzer - INFO - xml_loading.py:359 - SQL 컴포넌트 저장 완료: 12/12개 성공
2025-09-15 17:11:30,872 - SourceAnalyzer - INFO - xml_loading.py:458 - JOIN 관계 저장 완료: 4개
2025-09-15 17:11:30,872 - SourceAnalyzer - INFO - xml_loading.py:124 - XML 파일: D:\Analyzer\CreateMetaDb\projects\sampleSrc\src\main\resources\mybatis\mapper\ProductMapper.xml
2025-09-15 17:11:30,872 - SourceAnalyzer - INFO - xml_loading.py:125 - 디렉토리 경로: src\main\resources\mybatis\mapper
2025-09-15 17:11:30,872 - SourceAnalyzer - INFO - xml_loading.py:136 - SQL 쿼리 결과: 5개
2025-09-15 17:11:30,872 - SourceAnalyzer - INFO - xml_loading.py:140 - file_id 조회 성공: 35
2025-09-15 17:11:30,891 - SourceAnalyzer - INFO - xml_loading.py:250 - === XML 로딩 엔진: SQL 컴포넌트 저장 시작 ===
2025-09-15 17:11:30,891 - SourceAnalyzer - INFO - xml_loading.py:251 - 전달받은 SQL 쿼리 수: 9개
2025-09-15 17:11:30,891 - SourceAnalyzer - INFO - xml_loading.py:259 - XML에서 추출된 SQL 쿼리 타입별 통계: {'select': 5, 'update': 2, 'insert': 1, 'delete': 1}
2025-09-15 17:11:30,891 - SourceAnalyzer - INFO - xml_loading.py:272 - 프로젝트 ID: 1
2025-09-15 17:11:30,892 - SourceAnalyzer - INFO - xml_loading.py:359 - SQL 컴포넌트 저장 완료: 9/9개 성공
2025-09-15 17:11:30,892 - SourceAnalyzer - INFO - xml_loading.py:458 - JOIN 관계 저장 완료: 2개
2025-09-15 17:11:30,892 - SourceAnalyzer - INFO - xml_loading.py:124 - XML 파일: D:\Analyzer\CreateMetaDb\projects\sampleSrc\src\main\resources\mybatis\mapper\UserMapper.xml
2025-09-15 17:11:30,892 - SourceAnalyzer - INFO - xml_loading.py:125 - 디렉토리 경로: src\main\resources\mybatis\mapper
2025-09-15 17:11:30,893 - SourceAnalyzer - INFO - xml_loading.py:136 - SQL 쿼리 결과: 5개
2025-09-15 17:11:30,893 - SourceAnalyzer - INFO - xml_loading.py:140 - file_id 조회 성공: 35
2025-09-15 17:11:30,920 - SourceAnalyzer - INFO - xml_parser.py:479 - 동적 JOIN 구문 감지: D:\Analyzer\CreateMetaDb\projects\sampleSrc\src\main\resources\mybatis\mapper\UserMapper.xml
2025-09-15 17:11:30,921 - SourceAnalyzer - INFO - xml_loading.py:250 - === XML 로딩 엔진: SQL 컴포넌트 저장 시작 ===
2025-09-15 17:11:30,921 - SourceAnalyzer - INFO - xml_loading.py:251 - 전달받은 SQL 쿼리 수: 21개
2025-09-15 17:11:30,921 - SourceAnalyzer - INFO - xml_loading.py:259 - XML에서 추출된 SQL 쿼리 타입별 통계: {'select': 17, 'insert': 1, 'update': 3}
2025-09-15 17:11:30,921 - SourceAnalyzer - INFO - xml_loading.py:272 - 프로젝트 ID: 1
2025-09-15 17:11:30,922 - SourceAnalyzer - INFO - xml_loading.py:359 - SQL 컴포넌트 저장 완료: 21/21개 성공
2025-09-15 17:11:30,922 - SourceAnalyzer - INFO - xml_loading.py:458 - JOIN 관계 저장 완료: 1개
2025-09-15 17:11:30,922 - SourceAnalyzer - INFO - xml_loading.py:124 - XML 파일: D:\Analyzer\CreateMetaDb\projects\sampleSrc\src\main\webapp\WEB-INF\web.xml
2025-09-15 17:11:30,923 - SourceAnalyzer - INFO - xml_loading.py:125 - 디렉토리 경로: src\main\webapp\WEB-INF
2025-09-15 17:11:30,923 - SourceAnalyzer - INFO - xml_loading.py:136 - SQL 쿼리 결과: 1개
2025-09-15 17:11:30,928 - SourceAnalyzer - INFO - xml_loading.py:140 - file_id 조회 성공: 55
2025-09-15 17:11:30,934 - SourceAnalyzer - INFO - xml_loading.py:955 - === XML 로딩 통계 ===
2025-09-15 17:11:30,935 - SourceAnalyzer - INFO - xml_loading.py:956 - 처리된 XML 파일: 6개
2025-09-15 17:11:30,935 - SourceAnalyzer - INFO - xml_loading.py:957 - 추출된 SQL 쿼리: 55개
2025-09-15 17:11:30,935 - SourceAnalyzer - INFO - xml_loading.py:958 - 생성된 SQL 컴포넌트: 55개
2025-09-15 17:11:30,935 - SourceAnalyzer - INFO - xml_loading.py:959 - 생성된 JOIN 관계: 23개
2025-09-15 17:11:30,935 - SourceAnalyzer - INFO - xml_loading.py:960 - 생성된 inferred 테이블: 0개
2025-09-15 17:11:30,935 - SourceAnalyzer - INFO - xml_loading.py:961 - 생성된 inferred 컬럼: 0개
2025-09-15 17:11:30,935 - SourceAnalyzer - INFO - xml_loading.py:962 - 오류 발생: 1개
2025-09-15 17:11:30,936 - SourceAnalyzer - INFO - xml_loading.py:993 - === SQL Content 통계 ===
2025-09-15 17:11:30,936 - SourceAnalyzer - INFO - xml_loading.py:994 - SQL Content Manager가 초기화되지 않았습니다.
2025-09-15 17:11:30,936 - SourceAnalyzer - INFO - xml_loading.py:215 - === XML 로딩 완료 ===
2025-09-15 17:11:30,936 - SourceAnalyzer - INFO - main.py:146 - 3단계 완료: XML 파일 분석 및 SQL 컴포넌트 등록 + JOIN 관계 분석
2025-09-15 17:11:30,936 - SourceAnalyzer - INFO - main.py:152 - 4단계 실행: Java 소스코드 분석 및 관계 생성
2025-09-15 17:11:30,967 - SourceAnalyzer - INFO - java_parser.py:191 - 정규식 패턴 컴파일 완료: 클래스 12개, 메서드 4개, 패키지 7개, 상속 6개, CALL_QUERY 18개, CALL_METHOD 7개, USE_TABLE 16개
2025-09-15 17:11:30,967 - SourceAnalyzer - INFO - java_loading.py:71 - === Java 로딩 시작: 4단계 통합 처리 ===
2025-09-15 17:11:30,980 - SourceAnalyzer - INFO - java_parser.py:243 - Java 파일 수집 완료: 39개
2025-09-15 17:11:30,981 - SourceAnalyzer - INFO - java_loading.py:85 - 처리할 Java 파일 수: 39개
2025-09-15 17:11:30,983 - SourceAnalyzer - INFO - java_parser.py:883 - 메서드 추출 시작: D:\Analyzer\CreateMetaDb\projects\sampleSrc\src\com\example\dynamicquery\UserDao.java
2025-09-15 17:11:30,983 - SourceAnalyzer - INFO - java_parser.py:884 - 컴파일된 메서드 패턴 수: 4
2025-09-15 17:11:30,989 - SourceAnalyzer - INFO - java_loading.py:193 - === Java 클래스 저장 시작: D:\Analyzer\CreateMetaDb\projects\sampleSrc\src\com\example\dynamicquery\UserDao.java ===
2025-09-15 17:11:30,989 - SourceAnalyzer - INFO - java_loading.py:194 - 저장할 클래스 수: 2개
2025-09-15 17:11:30,990 - SourceAnalyzer - INFO - java_loading.py:212 - 프로젝트 ID: 1, 파일 ID: 4
2025-09-15 17:11:30,990 - SourceAnalyzer - INFO - java_loading.py:244 - === Java 클래스 저장 완료: D:\Analyzer\CreateMetaDb\projects\sampleSrc\src\com\example\dynamicquery\UserDao.java ===
2025-09-15 17:11:30,990 - SourceAnalyzer - INFO - java_loading.py:663 - 저장할 CALL_QUERY 관계 수: 1개
2025-09-15 17:11:30,991 - SourceAnalyzer - INFO - java_loading.py:717 - CALL_QUERY 관계 저장 완료: 1개
2025-09-15 17:11:30,991 - SourceAnalyzer - INFO - java_loading.py:745 - 저장할 CALL_METHOD 관계 수: 78개
2025-09-15 17:11:30,992 - SourceAnalyzer - INFO - java_loading.py:768 - inferred 메서드 생성 시도: findUsersWithAnsiJoin
2025-09-15 17:11:30,992 - SourceAnalyzer - INFO - java_loading.py:1098 - inferred 메서드 생성 완료: findUsersWithAnsiJoin (ID: 100)
2025-09-15 17:11:30,992 - SourceAnalyzer - INFO - java_loading.py:771 - inferred 메서드 생성 성공: findUsersWithAnsiJoin (ID: 100)
2025-09-15 17:11:30,994 - SourceAnalyzer - INFO - java_loading.py:804 - CALL_METHOD 관계 저장 완료: 72개
2025-09-15 17:11:30,995 - SourceAnalyzer - INFO - java_parser.py:883 - 메서드 추출 시작: D:\Analyzer\CreateMetaDb\projects\sampleSrc\src\com\example\dynamicquery\UserMapper.java
2025-09-15 17:11:30,995 - SourceAnalyzer - INFO - java_parser.py:884 - 컴파일된 메서드 패턴 수: 4
2025-09-15 17:11:30,996 - SourceAnalyzer - INFO - java_loading.py:193 - === Java 클래스 저장 시작: D:\Analyzer\CreateMetaDb\projects\sampleSrc\src\com\example\dynamicquery\UserMapper.java ===
2025-09-15 17:11:30,996 - SourceAnalyzer - INFO - java_loading.py:194 - 저장할 클래스 수: 2개
2025-09-15 17:11:30,996 - SourceAnalyzer - INFO - java_loading.py:212 - 프로젝트 ID: 1, 파일 ID: 5
2025-09-15 17:11:30,996 - SourceAnalyzer - INFO - java_loading.py:244 - === Java 클래스 저장 완료: D:\Analyzer\CreateMetaDb\projects\sampleSrc\src\com\example\dynamicquery\UserMapper.java ===
2025-09-15 17:11:30,997 - SourceAnalyzer - INFO - java_parser.py:883 - 메서드 추출 시작: D:\Analyzer\CreateMetaDb\projects\sampleSrc\src\com\example\dynamicquery\UserSearchDto.java
2025-09-15 17:11:30,997 - SourceAnalyzer - INFO - java_parser.py:884 - 컴파일된 메서드 패턴 수: 4
2025-09-15 17:11:30,999 - SourceAnalyzer - INFO - java_loading.py:193 - === Java 클래스 저장 시작: D:\Analyzer\CreateMetaDb\projects\sampleSrc\src\com\example\dynamicquery\UserSearchDto.java ===
2025-09-15 17:11:30,999 - SourceAnalyzer - INFO - java_loading.py:194 - 저장할 클래스 수: 2개
2025-09-15 17:11:31,000 - SourceAnalyzer - INFO - java_loading.py:212 - 프로젝트 ID: 1, 파일 ID: 7
2025-09-15 17:11:31,000 - SourceAnalyzer - INFO - java_loading.py:244 - === Java 클래스 저장 완료: D:\Analyzer\CreateMetaDb\projects\sampleSrc\src\com\example\dynamicquery\UserSearchDto.java ===
2025-09-15 17:11:31,000 - SourceAnalyzer - INFO - java_loading.py:745 - 저장할 CALL_METHOD 관계 수: 10개
2025-09-15 17:11:31,001 - SourceAnalyzer - INFO - java_loading.py:804 - CALL_METHOD 관계 저장 완료: 6개
2025-09-15 17:11:31,003 - SourceAnalyzer - INFO - java_parser.py:883 - 메서드 추출 시작: D:\Analyzer\CreateMetaDb\projects\sampleSrc\src\main\java\com\example\annotations\AnnotatedClass.java
2025-09-15 17:11:31,015 - SourceAnalyzer - INFO - java_parser.py:884 - 컴파일된 메서드 패턴 수: 4
2025-09-15 17:11:31,017 - SourceAnalyzer - INFO - java_loading.py:193 - === Java 클래스 저장 시작: D:\Analyzer\CreateMetaDb\projects\sampleSrc\src\main\java\com\example\annotations\AnnotatedClass.java ===
2025-09-15 17:11:31,017 - SourceAnalyzer - INFO - java_loading.py:194 - 저장할 클래스 수: 6개
2025-09-15 17:11:31,018 - SourceAnalyzer - INFO - java_loading.py:212 - 프로젝트 ID: 1, 파일 ID: 8
2025-09-15 17:11:31,018 - SourceAnalyzer - INFO - java_loading.py:244 - === Java 클래스 저장 완료: D:\Analyzer\CreateMetaDb\projects\sampleSrc\src\main\java\com\example\annotations\AnnotatedClass.java ===
2025-09-15 17:11:31,018 - SourceAnalyzer - INFO - java_loading.py:745 - 저장할 CALL_METHOD 관계 수: 4개
2025-09-15 17:11:31,019 - SourceAnalyzer - INFO - java_loading.py:804 - CALL_METHOD 관계 저장 완료: 4개
2025-09-15 17:11:31,020 - SourceAnalyzer - INFO - java_parser.py:883 - 메서드 추출 시작: D:\Analyzer\CreateMetaDb\projects\sampleSrc\src\main\java\com\example\comments\CommentHeavyClass.java
2025-09-15 17:11:31,021 - SourceAnalyzer - INFO - java_parser.py:884 - 컴파일된 메서드 패턴 수: 4
2025-09-15 17:11:31,025 - SourceAnalyzer - INFO - java_loading.py:193 - === Java 클래스 저장 시작: D:\Analyzer\CreateMetaDb\projects\sampleSrc\src\main\java\com\example\comments\CommentHeavyClass.java ===
2025-09-15 17:11:31,031 - SourceAnalyzer - INFO - java_loading.py:194 - 저장할 클래스 수: 2개
2025-09-15 17:11:31,031 - SourceAnalyzer - INFO - java_loading.py:212 - 프로젝트 ID: 1, 파일 ID: 9
2025-09-15 17:11:31,031 - SourceAnalyzer - INFO - java_loading.py:244 - === Java 클래스 저장 완료: D:\Analyzer\CreateMetaDb\projects\sampleSrc\src\main\java\com\example\comments\CommentHeavyClass.java ===
2025-09-15 17:11:31,032 - SourceAnalyzer - INFO - java_loading.py:745 - 저장할 CALL_METHOD 관계 수: 26개
2025-09-15 17:11:31,033 - SourceAnalyzer - INFO - java_loading.py:804 - CALL_METHOD 관계 저장 완료: 22개
2025-09-15 17:11:31,036 - SourceAnalyzer - INFO - java_parser.py:883 - 메서드 추출 시작: D:\Analyzer\CreateMetaDb\projects\sampleSrc\src\main\java\com\example\complex\LargeBusinessClass.java
2025-09-15 17:11:31,036 - SourceAnalyzer - INFO - java_parser.py:884 - 컴파일된 메서드 패턴 수: 4
2025-09-15 17:11:31,047 - SourceAnalyzer - INFO - java_loading.py:193 - === Java 클래스 저장 시작: D:\Analyzer\CreateMetaDb\projects\sampleSrc\src\main\java\com\example\complex\LargeBusinessClass.java ===
2025-09-15 17:11:31,047 - SourceAnalyzer - INFO - java_loading.py:194 - 저장할 클래스 수: 2개
2025-09-15 17:11:31,047 - SourceAnalyzer - INFO - java_loading.py:212 - 프로젝트 ID: 1, 파일 ID: 10
2025-09-15 17:11:31,048 - SourceAnalyzer - INFO - java_loading.py:244 - === Java 클래스 저장 완료: D:\Analyzer\CreateMetaDb\projects\sampleSrc\src\main\java\com\example\complex\LargeBusinessClass.java ===
2025-09-15 17:11:31,048 - SourceAnalyzer - INFO - java_loading.py:745 - 저장할 CALL_METHOD 관계 수: 124개
2025-09-15 17:11:31,053 - SourceAnalyzer - INFO - java_loading.py:804 - CALL_METHOD 관계 저장 완료: 120개
2025-09-15 17:11:31,056 - SourceAnalyzer - INFO - java_parser.py:883 - 메서드 추출 시작: D:\Analyzer\CreateMetaDb\projects\sampleSrc\src\main\java\com\example\controller\ErrorController.java
2025-09-15 17:11:31,056 - SourceAnalyzer - INFO - java_parser.py:884 - 컴파일된 메서드 패턴 수: 4
2025-09-15 17:11:31,060 - SourceAnalyzer - INFO - java_loading.py:193 - === Java 클래스 저장 시작: D:\Analyzer\CreateMetaDb\projects\sampleSrc\src\main\java\com\example\controller\ErrorController.java ===
2025-09-15 17:11:31,060 - SourceAnalyzer - INFO - java_loading.py:194 - 저장할 클래스 수: 2개
2025-09-15 17:11:31,061 - SourceAnalyzer - INFO - java_loading.py:212 - 프로젝트 ID: 1, 파일 ID: 11
2025-09-15 17:11:31,061 - SourceAnalyzer - INFO - java_loading.py:244 - === Java 클래스 저장 완료: D:\Analyzer\CreateMetaDb\projects\sampleSrc\src\main\java\com\example\controller\ErrorController.java ===
2025-09-15 17:11:31,061 - SourceAnalyzer - INFO - java_loading.py:745 - 저장할 CALL_METHOD 관계 수: 32개
2025-09-15 17:11:31,063 - SourceAnalyzer - INFO - java_loading.py:804 - CALL_METHOD 관계 저장 완료: 28개
2025-09-15 17:11:31,065 - SourceAnalyzer - INFO - java_parser.py:883 - 메서드 추출 시작: D:\Analyzer\CreateMetaDb\projects\sampleSrc\src\main\java\com\example\controller\MixedErrorController.java
2025-09-15 17:11:31,065 - SourceAnalyzer - INFO - java_parser.py:884 - 컴파일된 메서드 패턴 수: 4
2025-09-15 17:11:31,070 - SourceAnalyzer - INFO - java_loading.py:193 - === Java 클래스 저장 시작: D:\Analyzer\CreateMetaDb\projects\sampleSrc\src\main\java\com\example\controller\MixedErrorController.java ===
2025-09-15 17:11:31,074 - SourceAnalyzer - INFO - java_loading.py:194 - 저장할 클래스 수: 2개
2025-09-15 17:11:31,074 - SourceAnalyzer - INFO - java_loading.py:212 - 프로젝트 ID: 1, 파일 ID: 12
2025-09-15 17:11:31,074 - SourceAnalyzer - INFO - java_loading.py:244 - === Java 클래스 저장 완료: D:\Analyzer\CreateMetaDb\projects\sampleSrc\src\main\java\com\example\controller\MixedErrorController.java ===
2025-09-15 17:11:31,075 - SourceAnalyzer - INFO - java_loading.py:745 - 저장할 CALL_METHOD 관계 수: 49개
2025-09-15 17:11:31,076 - SourceAnalyzer - INFO - java_loading.py:804 - CALL_METHOD 관계 저장 완료: 31개
2025-09-15 17:11:31,079 - SourceAnalyzer - INFO - java_parser.py:883 - 메서드 추출 시작: D:\Analyzer\CreateMetaDb\projects\sampleSrc\src\main\java\com\example\controller\ProductController.java
2025-09-15 17:11:31,079 - SourceAnalyzer - INFO - java_parser.py:884 - 컴파일된 메서드 패턴 수: 4
2025-09-15 17:11:31,083 - SourceAnalyzer - INFO - java_loading.py:193 - === Java 클래스 저장 시작: D:\Analyzer\CreateMetaDb\projects\sampleSrc\src\main\java\com\example\controller\ProductController.java ===
2025-09-15 17:11:31,083 - SourceAnalyzer - INFO - java_loading.py:194 - 저장할 클래스 수: 2개
2025-09-15 17:11:31,083 - SourceAnalyzer - INFO - java_loading.py:212 - 프로젝트 ID: 1, 파일 ID: 13
2025-09-15 17:11:31,084 - SourceAnalyzer - INFO - java_loading.py:244 - === Java 클래스 저장 완료: D:\Analyzer\CreateMetaDb\projects\sampleSrc\src\main\java\com\example\controller\ProductController.java ===
2025-09-15 17:11:31,084 - SourceAnalyzer - INFO - java_loading.py:745 - 저장할 CALL_METHOD 관계 수: 22개
2025-09-15 17:11:31,085 - SourceAnalyzer - INFO - java_loading.py:804 - CALL_METHOD 관계 저장 완료: 22개
2025-09-15 17:11:31,086 - SourceAnalyzer - INFO - java_parser.py:883 - 메서드 추출 시작: D:\Analyzer\CreateMetaDb\projects\sampleSrc\src\main\java\com\example\controller\SyntaxErrorController.java
2025-09-15 17:11:31,086 - SourceAnalyzer - INFO - java_parser.py:884 - 컴파일된 메서드 패턴 수: 4
2025-09-15 17:11:31,090 - SourceAnalyzer - INFO - java_loading.py:193 - === Java 클래스 저장 시작: D:\Analyzer\CreateMetaDb\projects\sampleSrc\src\main\java\com\example\controller\SyntaxErrorController.java ===
2025-09-15 17:11:31,090 - SourceAnalyzer - INFO - java_loading.py:194 - 저장할 클래스 수: 2개
2025-09-15 17:11:31,090 - SourceAnalyzer - INFO - java_loading.py:212 - 프로젝트 ID: 1, 파일 ID: 14
2025-09-15 17:11:31,090 - SourceAnalyzer - INFO - java_loading.py:244 - === Java 클래스 저장 완료: D:\Analyzer\CreateMetaDb\projects\sampleSrc\src\main\java\com\example\controller\SyntaxErrorController.java ===
2025-09-15 17:11:31,100 - SourceAnalyzer - INFO - java_loading.py:745 - 저장할 CALL_METHOD 관계 수: 37개
2025-09-15 17:11:31,101 - SourceAnalyzer - INFO - java_loading.py:804 - CALL_METHOD 관계 저장 완료: 15개
2025-09-15 17:11:31,109 - SourceAnalyzer - INFO - java_parser.py:883 - 메서드 추출 시작: D:\Analyzer\CreateMetaDb\projects\sampleSrc\src\main\java\com\example\controller\UserController.java
2025-09-15 17:11:31,109 - SourceAnalyzer - INFO - java_parser.py:884 - 컴파일된 메서드 패턴 수: 4
2025-09-15 17:11:31,152 - SourceAnalyzer - INFO - java_loading.py:193 - === Java 클래스 저장 시작: D:\Analyzer\CreateMetaDb\projects\sampleSrc\src\main\java\com\example\controller\UserController.java ===
2025-09-15 17:11:31,153 - SourceAnalyzer - INFO - java_loading.py:194 - 저장할 클래스 수: 2개
2025-09-15 17:11:31,154 - SourceAnalyzer - INFO - java_loading.py:212 - 프로젝트 ID: 1, 파일 ID: 15
2025-09-15 17:11:31,155 - SourceAnalyzer - INFO - java_loading.py:244 - === Java 클래스 저장 완료: D:\Analyzer\CreateMetaDb\projects\sampleSrc\src\main\java\com\example\controller\UserController.java ===
2025-09-15 17:11:31,155 - SourceAnalyzer - INFO - java_loading.py:745 - 저장할 CALL_METHOD 관계 수: 724개
2025-09-15 17:11:31,180 - SourceAnalyzer - INFO - java_loading.py:804 - CALL_METHOD 관계 저장 완료: 724개
2025-09-15 17:11:31,190 - SourceAnalyzer - INFO - java_parser.py:883 - 메서드 추출 시작: D:\Analyzer\CreateMetaDb\projects\sampleSrc\src\main\java\com\example\dao\UserDao.java
2025-09-15 17:11:31,190 - SourceAnalyzer - INFO - java_parser.py:884 - 컴파일된 메서드 패턴 수: 4
2025-09-15 17:11:31,261 - SourceAnalyzer - INFO - java_loading.py:193 - === Java 클래스 저장 시작: D:\Analyzer\CreateMetaDb\projects\sampleSrc\src\main\java\com\example\dao\UserDao.java ===
2025-09-15 17:11:31,261 - SourceAnalyzer - INFO - java_loading.py:194 - 저장할 클래스 수: 2개
2025-09-15 17:11:31,262 - SourceAnalyzer - INFO - java_loading.py:212 - 프로젝트 ID: 1, 파일 ID: 56
2025-09-15 17:11:31,264 - SourceAnalyzer - INFO - java_loading.py:244 - === Java 클래스 저장 완료: D:\Analyzer\CreateMetaDb\projects\sampleSrc\src\main\java\com\example\dao\UserDao.java ===
2025-09-15 17:11:31,264 - SourceAnalyzer - INFO - java_loading.py:745 - 저장할 CALL_METHOD 관계 수: 1120개
2025-09-15 17:11:31,304 - SourceAnalyzer - INFO - java_loading.py:804 - CALL_METHOD 관계 저장 완료: 1104개
2025-09-15 17:11:31,306 - SourceAnalyzer - INFO - java_parser.py:883 - 메서드 추출 시작: D:\Analyzer\CreateMetaDb\projects\sampleSrc\src\main\java\com\example\enums\OrderStatus.java
2025-09-15 17:11:31,306 - SourceAnalyzer - INFO - java_parser.py:884 - 컴파일된 메서드 패턴 수: 4
2025-09-15 17:11:31,307 - SourceAnalyzer - INFO - java_loading.py:193 - === Java 클래스 저장 시작: D:\Analyzer\CreateMetaDb\projects\sampleSrc\src\main\java\com\example\enums\OrderStatus.java ===
2025-09-15 17:11:31,308 - SourceAnalyzer - INFO - java_loading.py:194 - 저장할 클래스 수: 2개
2025-09-15 17:11:31,308 - SourceAnalyzer - INFO - java_loading.py:212 - 프로젝트 ID: 1, 파일 ID: 16
2025-09-15 17:11:31,308 - SourceAnalyzer - INFO - java_loading.py:244 - === Java 클래스 저장 완료: D:\Analyzer\CreateMetaDb\projects\sampleSrc\src\main\java\com\example\enums\OrderStatus.java ===
2025-09-15 17:11:31,308 - SourceAnalyzer - INFO - java_loading.py:745 - 저장할 CALL_METHOD 관계 수: 1개
2025-09-15 17:11:31,308 - SourceAnalyzer - INFO - java_loading.py:804 - CALL_METHOD 관계 저장 완료: 1개
2025-09-15 17:11:31,309 - SourceAnalyzer - INFO - java_parser.py:883 - 메서드 추출 시작: D:\Analyzer\CreateMetaDb\projects\sampleSrc\src\main\java\com\example\errors\SyntaxErrorClass.java
2025-09-15 17:11:31,309 - SourceAnalyzer - INFO - java_parser.py:884 - 컴파일된 메서드 패턴 수: 4
2025-09-15 17:11:31,311 - SourceAnalyzer - INFO - java_loading.py:193 - === Java 클래스 저장 시작: D:\Analyzer\CreateMetaDb\projects\sampleSrc\src\main\java\com\example\errors\SyntaxErrorClass.java ===
2025-09-15 17:11:31,311 - SourceAnalyzer - INFO - java_loading.py:194 - 저장할 클래스 수: 2개
2025-09-15 17:11:31,311 - SourceAnalyzer - INFO - java_loading.py:212 - 프로젝트 ID: 1, 파일 ID: 17
2025-09-15 17:11:31,312 - SourceAnalyzer - INFO - java_loading.py:244 - === Java 클래스 저장 완료: D:\Analyzer\CreateMetaDb\projects\sampleSrc\src\main\java\com\example\errors\SyntaxErrorClass.java ===
2025-09-15 17:11:31,312 - SourceAnalyzer - INFO - java_loading.py:745 - 저장할 CALL_METHOD 관계 수: 4개
2025-09-15 17:11:31,312 - SourceAnalyzer - INFO - java_loading.py:804 - CALL_METHOD 관계 저장 완료: 2개
2025-09-15 17:11:31,314 - SourceAnalyzer - INFO - java_parser.py:883 - 메서드 추출 시작: D:\Analyzer\CreateMetaDb\projects\sampleSrc\src\main\java\com\example\generics\GenericClass.java
2025-09-15 17:11:31,314 - SourceAnalyzer - INFO - java_parser.py:884 - 컴파일된 메서드 패턴 수: 4
2025-09-15 17:11:31,318 - SourceAnalyzer - INFO - java_loading.py:193 - === Java 클래스 저장 시작: D:\Analyzer\CreateMetaDb\projects\sampleSrc\src\main\java\com\example\generics\GenericClass.java ===
2025-09-15 17:11:31,327 - SourceAnalyzer - INFO - java_loading.py:194 - 저장할 클래스 수: 3개
2025-09-15 17:11:31,327 - SourceAnalyzer - INFO - java_loading.py:212 - 프로젝트 ID: 1, 파일 ID: 18
2025-09-15 17:11:31,328 - SourceAnalyzer - INFO - java_loading.py:244 - === Java 클래스 저장 완료: D:\Analyzer\CreateMetaDb\projects\sampleSrc\src\main\java\com\example\generics\GenericClass.java ===
2025-09-15 17:11:31,328 - SourceAnalyzer - INFO - java_loading.py:745 - 저장할 CALL_METHOD 관계 수: 24개
2025-09-15 17:11:31,329 - SourceAnalyzer - INFO - java_loading.py:804 - CALL_METHOD 관계 저장 완료: 20개
2025-09-15 17:11:31,331 - SourceAnalyzer - INFO - java_parser.py:883 - 메서드 추출 시작: D:\Analyzer\CreateMetaDb\projects\sampleSrc\src\main\java\com\example\inheritance\BaseService.java
2025-09-15 17:11:31,331 - SourceAnalyzer - INFO - java_parser.py:884 - 컴파일된 메서드 패턴 수: 4
2025-09-15 17:11:31,335 - SourceAnalyzer - INFO - java_loading.py:193 - === Java 클래스 저장 시작: D:\Analyzer\CreateMetaDb\projects\sampleSrc\src\main\java\com\example\inheritance\BaseService.java ===
2025-09-15 17:11:31,335 - SourceAnalyzer - INFO - java_loading.py:194 - 저장할 클래스 수: 3개
2025-09-15 17:11:31,335 - SourceAnalyzer - INFO - java_loading.py:212 - 프로젝트 ID: 1, 파일 ID: 19
2025-09-15 17:11:31,335 - SourceAnalyzer - INFO - java_loading.py:244 - === Java 클래스 저장 완료: D:\Analyzer\CreateMetaDb\projects\sampleSrc\src\main\java\com\example\inheritance\BaseService.java ===
2025-09-15 17:11:31,335 - SourceAnalyzer - INFO - java_loading.py:745 - 저장할 CALL_METHOD 관계 수: 60개
2025-09-15 17:11:31,338 - SourceAnalyzer - INFO - java_loading.py:804 - CALL_METHOD 관계 저장 완료: 54개
2025-09-15 17:11:31,338 - SourceAnalyzer - INFO - java_parser.py:883 - 메서드 추출 시작: D:\Analyzer\CreateMetaDb\projects\sampleSrc\src\main\java\com\example\inheritance\ConcreteService.java
2025-09-15 17:11:31,346 - SourceAnalyzer - INFO - java_parser.py:884 - 컴파일된 메서드 패턴 수: 4
2025-09-15 17:11:31,348 - SourceAnalyzer - INFO - java_loading.py:193 - === Java 클래스 저장 시작: D:\Analyzer\CreateMetaDb\projects\sampleSrc\src\main\java\com\example\inheritance\ConcreteService.java ===
2025-09-15 17:11:31,348 - SourceAnalyzer - INFO - java_loading.py:194 - 저장할 클래스 수: 2개
2025-09-15 17:11:31,348 - SourceAnalyzer - INFO - java_loading.py:212 - 프로젝트 ID: 1, 파일 ID: 20
2025-09-15 17:11:31,349 - SourceAnalyzer - INFO - java_loading.py:244 - === Java 클래스 저장 완료: D:\Analyzer\CreateMetaDb\projects\sampleSrc\src\main\java\com\example\inheritance\ConcreteService.java ===
2025-09-15 17:11:31,349 - SourceAnalyzer - INFO - java_loading.py:440 - 저장할 상속 관계 수: 2개
2025-09-15 17:11:31,349 - SourceAnalyzer - INFO - java_loading.py:641 - inferred 클래스 생성 완료: ConcreteService (ID: 37)
2025-09-15 17:11:31,350 - SourceAnalyzer - INFO - java_loading.py:641 - inferred 클래스 생성 완료: BaseService (ID: 38)
2025-09-15 17:11:31,350 - SourceAnalyzer - INFO - java_loading.py:641 - inferred 클래스 생성 완료: ConcreteService (ID: 37)
2025-09-15 17:11:31,350 - SourceAnalyzer - INFO - java_loading.py:641 - inferred 클래스 생성 완료: BaseService (ID: 38)
2025-09-15 17:11:31,350 - SourceAnalyzer - INFO - java_loading.py:745 - 저장할 CALL_METHOD 관계 수: 10개
2025-09-15 17:11:31,351 - SourceAnalyzer - INFO - java_loading.py:804 - CALL_METHOD 관계 저장 완료: 8개
2025-09-15 17:11:31,352 - SourceAnalyzer - INFO - java_parser.py:883 - 메서드 추출 시작: D:\Analyzer\CreateMetaDb\projects\sampleSrc\src\main\java\com\example\interfaces\CreditCardProcessor.java
2025-09-15 17:11:31,352 - SourceAnalyzer - INFO - java_parser.py:884 - 컴파일된 메서드 패턴 수: 4
2025-09-15 17:11:31,354 - SourceAnalyzer - INFO - java_loading.py:193 - === Java 클래스 저장 시작: D:\Analyzer\CreateMetaDb\projects\sampleSrc\src\main\java\com\example\interfaces\CreditCardProcessor.java ===
2025-09-15 17:11:31,355 - SourceAnalyzer - INFO - java_loading.py:194 - 저장할 클래스 수: 2개
2025-09-15 17:11:31,355 - SourceAnalyzer - INFO - java_loading.py:212 - 프로젝트 ID: 1, 파일 ID: 21
2025-09-15 17:11:31,355 - SourceAnalyzer - INFO - java_loading.py:244 - === Java 클래스 저장 완료: D:\Analyzer\CreateMetaDb\projects\sampleSrc\src\main\java\com\example\interfaces\CreditCardProcessor.java ===
2025-09-15 17:11:31,356 - SourceAnalyzer - INFO - java_loading.py:745 - 저장할 CALL_METHOD 관계 수: 11개
2025-09-15 17:11:31,356 - SourceAnalyzer - INFO - java_loading.py:804 - CALL_METHOD 관계 저장 완료: 8개
2025-09-15 17:11:31,357 - SourceAnalyzer - INFO - java_parser.py:883 - 메서드 추출 시작: D:\Analyzer\CreateMetaDb\projects\sampleSrc\src\main\java\com\example\interfaces\PaymentProcessor.java
2025-09-15 17:11:31,357 - SourceAnalyzer - INFO - java_parser.py:884 - 컴파일된 메서드 패턴 수: 4
2025-09-15 17:11:31,357 - SourceAnalyzer - INFO - java_loading.py:193 - === Java 클래스 저장 시작: D:\Analyzer\CreateMetaDb\projects\sampleSrc\src\main\java\com\example\interfaces\PaymentProcessor.java ===
2025-09-15 17:11:31,357 - SourceAnalyzer - INFO - java_loading.py:194 - 저장할 클래스 수: 2개
2025-09-15 17:11:31,358 - SourceAnalyzer - INFO - java_loading.py:212 - 프로젝트 ID: 1, 파일 ID: 22
2025-09-15 17:11:31,358 - SourceAnalyzer - INFO - java_loading.py:244 - === Java 클래스 저장 완료: D:\Analyzer\CreateMetaDb\projects\sampleSrc\src\main\java\com\example\interfaces\PaymentProcessor.java ===
2025-09-15 17:11:31,359 - SourceAnalyzer - INFO - java_parser.py:883 - 메서드 추출 시작: D:\Analyzer\CreateMetaDb\projects\sampleSrc\src\main\java\com\example\mapper\BrokenMapper.java
2025-09-15 17:11:31,373 - SourceAnalyzer - INFO - java_parser.py:884 - 컴파일된 메서드 패턴 수: 4
2025-09-15 17:11:31,374 - SourceAnalyzer - INFO - java_loading.py:193 - === Java 클래스 저장 시작: D:\Analyzer\CreateMetaDb\projects\sampleSrc\src\main\java\com\example\mapper\BrokenMapper.java ===
2025-09-15 17:11:31,374 - SourceAnalyzer - INFO - java_loading.py:194 - 저장할 클래스 수: 2개
2025-09-15 17:11:31,374 - SourceAnalyzer - INFO - java_loading.py:212 - 프로젝트 ID: 1, 파일 ID: 23
2025-09-15 17:11:31,374 - SourceAnalyzer - INFO - java_loading.py:244 - === Java 클래스 저장 완료: D:\Analyzer\CreateMetaDb\projects\sampleSrc\src\main\java\com\example\mapper\BrokenMapper.java ===
2025-09-15 17:11:31,375 - SourceAnalyzer - INFO - java_parser.py:883 - 메서드 추출 시작: D:\Analyzer\CreateMetaDb\projects\sampleSrc\src\main\java\com\example\mapper\ProductMapper.java
2025-09-15 17:11:31,376 - SourceAnalyzer - INFO - java_parser.py:884 - 컴파일된 메서드 패턴 수: 4
2025-09-15 17:11:31,376 - SourceAnalyzer - INFO - java_loading.py:193 - === Java 클래스 저장 시작: D:\Analyzer\CreateMetaDb\projects\sampleSrc\src\main\java\com\example\mapper\ProductMapper.java ===
2025-09-15 17:11:31,376 - SourceAnalyzer - INFO - java_loading.py:194 - 저장할 클래스 수: 2개
2025-09-15 17:11:31,377 - SourceAnalyzer - INFO - java_loading.py:212 - 프로젝트 ID: 1, 파일 ID: 24
2025-09-15 17:11:31,377 - SourceAnalyzer - INFO - java_loading.py:244 - === Java 클래스 저장 완료: D:\Analyzer\CreateMetaDb\projects\sampleSrc\src\main\java\com\example\mapper\ProductMapper.java ===
2025-09-15 17:11:31,377 - SourceAnalyzer - INFO - java_parser.py:883 - 메서드 추출 시작: D:\Analyzer\CreateMetaDb\projects\sampleSrc\src\main\java\com\example\mapper\UserMapper.java
2025-09-15 17:11:31,378 - SourceAnalyzer - INFO - java_parser.py:884 - 컴파일된 메서드 패턴 수: 4
2025-09-15 17:11:31,378 - SourceAnalyzer - INFO - java_loading.py:193 - === Java 클래스 저장 시작: D:\Analyzer\CreateMetaDb\projects\sampleSrc\src\main\java\com\example\mapper\UserMapper.java ===
2025-09-15 17:11:31,378 - SourceAnalyzer - INFO - java_loading.py:194 - 저장할 클래스 수: 2개
2025-09-15 17:11:31,378 - SourceAnalyzer - INFO - java_loading.py:212 - 프로젝트 ID: 1, 파일 ID: 25
2025-09-15 17:11:31,378 - SourceAnalyzer - INFO - java_loading.py:244 - === Java 클래스 저장 완료: D:\Analyzer\CreateMetaDb\projects\sampleSrc\src\main\java\com\example\mapper\UserMapper.java ===
2025-09-15 17:11:31,383 - SourceAnalyzer - INFO - java_parser.py:883 - 메서드 추출 시작: D:\Analyzer\CreateMetaDb\projects\sampleSrc\src\main\java\com\example\model\Product.java
2025-09-15 17:11:31,393 - SourceAnalyzer - INFO - java_parser.py:884 - 컴파일된 메서드 패턴 수: 4
2025-09-15 17:11:31,453 - SourceAnalyzer - INFO - java_loading.py:193 - === Java 클래스 저장 시작: D:\Analyzer\CreateMetaDb\projects\sampleSrc\src\main\java\com\example\model\Product.java ===
2025-09-15 17:11:31,453 - SourceAnalyzer - INFO - java_loading.py:194 - 저장할 클래스 수: 2개
2025-09-15 17:11:31,455 - SourceAnalyzer - INFO - java_loading.py:212 - 프로젝트 ID: 1, 파일 ID: 26
2025-09-15 17:11:31,458 - SourceAnalyzer - INFO - java_loading.py:244 - === Java 클래스 저장 완료: D:\Analyzer\CreateMetaDb\projects\sampleSrc\src\main\java\com\example\model\Product.java ===
2025-09-15 17:11:31,458 - SourceAnalyzer - INFO - java_loading.py:745 - 저장할 CALL_METHOD 관계 수: 634개
2025-09-15 17:11:31,479 - SourceAnalyzer - INFO - java_loading.py:804 - CALL_METHOD 관계 저장 완료: 614개
2025-09-15 17:11:31,484 - SourceAnalyzer - INFO - java_parser.py:883 - 메서드 추출 시작: D:\Analyzer\CreateMetaDb\projects\sampleSrc\src\main\java\com\example\model\User.java
2025-09-15 17:11:31,484 - SourceAnalyzer - INFO - java_parser.py:884 - 컴파일된 메서드 패턴 수: 4
2025-09-15 17:11:31,516 - SourceAnalyzer - INFO - java_loading.py:193 - === Java 클래스 저장 시작: D:\Analyzer\CreateMetaDb\projects\sampleSrc\src\main\java\com\example\model\User.java ===
2025-09-15 17:11:31,516 - SourceAnalyzer - INFO - java_loading.py:194 - 저장할 클래스 수: 2개
2025-09-15 17:11:31,519 - SourceAnalyzer - INFO - java_loading.py:212 - 프로젝트 ID: 1, 파일 ID: 27
2025-09-15 17:11:31,521 - SourceAnalyzer - INFO - java_loading.py:244 - === Java 클래스 저장 완료: D:\Analyzer\CreateMetaDb\projects\sampleSrc\src\main\java\com\example\model\User.java ===
2025-09-15 17:11:31,522 - SourceAnalyzer - INFO - java_loading.py:745 - 저장할 CALL_METHOD 관계 수: 318개
2025-09-15 17:11:31,533 - SourceAnalyzer - INFO - java_loading.py:804 - CALL_METHOD 관계 저장 완료: 304개
2025-09-15 17:11:31,534 - SourceAnalyzer - INFO - java_parser.py:883 - 메서드 추출 시작: D:\Analyzer\CreateMetaDb\projects\sampleSrc\src\main\java\com\example\multipleclass\MultipleClassFile.java
2025-09-15 17:11:31,534 - SourceAnalyzer - INFO - java_parser.py:884 - 컴파일된 메서드 패턴 수: 4
2025-09-15 17:11:31,540 - SourceAnalyzer - INFO - java_loading.py:193 - === Java 클래스 저장 시작: D:\Analyzer\CreateMetaDb\projects\sampleSrc\src\main\java\com\example\multipleclass\MultipleClassFile.java ===
2025-09-15 17:11:31,540 - SourceAnalyzer - INFO - java_loading.py:194 - 저장할 클래스 수: 6개
2025-09-15 17:11:31,540 - SourceAnalyzer - INFO - java_loading.py:212 - 프로젝트 ID: 1, 파일 ID: 28
2025-09-15 17:11:31,541 - SourceAnalyzer - INFO - java_loading.py:244 - === Java 클래스 저장 완료: D:\Analyzer\CreateMetaDb\projects\sampleSrc\src\main\java\com\example\multipleclass\MultipleClassFile.java ===
2025-09-15 17:11:31,541 - SourceAnalyzer - INFO - java_loading.py:745 - 저장할 CALL_METHOD 관계 수: 58개
2025-09-15 17:11:31,549 - SourceAnalyzer - INFO - java_loading.py:804 - CALL_METHOD 관계 저장 완료: 46개
2025-09-15 17:11:31,551 - SourceAnalyzer - INFO - java_parser.py:883 - 메서드 추출 시작: D:\Analyzer\CreateMetaDb\projects\sampleSrc\src\main\java\com\example\service\LogicErrorService.java
2025-09-15 17:11:31,551 - SourceAnalyzer - INFO - java_parser.py:884 - 컴파일된 메서드 패턴 수: 4
2025-09-15 17:11:31,556 - SourceAnalyzer - INFO - java_loading.py:193 - === Java 클래스 저장 시작: D:\Analyzer\CreateMetaDb\projects\sampleSrc\src\main\java\com\example\service\LogicErrorService.java ===
2025-09-15 17:11:31,556 - SourceAnalyzer - INFO - java_loading.py:194 - 저장할 클래스 수: 2개
2025-09-15 17:11:31,556 - SourceAnalyzer - INFO - java_loading.py:212 - 프로젝트 ID: 1, 파일 ID: 29
2025-09-15 17:11:31,557 - SourceAnalyzer - INFO - java_loading.py:244 - === Java 클래스 저장 완료: D:\Analyzer\CreateMetaDb\projects\sampleSrc\src\main\java\com\example\service\LogicErrorService.java ===
2025-09-15 17:11:31,557 - SourceAnalyzer - INFO - java_loading.py:663 - 저장할 CALL_QUERY 관계 수: 20개
2025-09-15 17:11:31,558 - SourceAnalyzer - INFO - java_loading.py:717 - CALL_QUERY 관계 저장 완료: 20개
2025-09-15 17:11:31,562 - SourceAnalyzer - INFO - java_loading.py:745 - 저장할 CALL_METHOD 관계 수: 56개
2025-09-15 17:11:31,565 - SourceAnalyzer - INFO - java_loading.py:804 - CALL_METHOD 관계 저장 완료: 50개
2025-09-15 17:11:31,567 - SourceAnalyzer - INFO - java_parser.py:883 - 메서드 추출 시작: D:\Analyzer\CreateMetaDb\projects\sampleSrc\src\main\java\com\example\service\MixedErrorService.java
2025-09-15 17:11:31,567 - SourceAnalyzer - INFO - java_parser.py:884 - 컴파일된 메서드 패턴 수: 4
2025-09-15 17:11:31,578 - SourceAnalyzer - INFO - java_loading.py:193 - === Java 클래스 저장 시작: D:\Analyzer\CreateMetaDb\projects\sampleSrc\src\main\java\com\example\service\MixedErrorService.java ===
2025-09-15 17:11:31,578 - SourceAnalyzer - INFO - java_loading.py:194 - 저장할 클래스 수: 2개
2025-09-15 17:11:31,578 - SourceAnalyzer - INFO - java_loading.py:212 - 프로젝트 ID: 1, 파일 ID: 30
2025-09-15 17:11:31,579 - SourceAnalyzer - INFO - java_loading.py:244 - === Java 클래스 저장 완료: D:\Analyzer\CreateMetaDb\projects\sampleSrc\src\main\java\com\example\service\MixedErrorService.java ===
2025-09-15 17:11:31,579 - SourceAnalyzer - INFO - java_loading.py:663 - 저장할 CALL_QUERY 관계 수: 60개
2025-09-15 17:11:31,581 - SourceAnalyzer - INFO - java_loading.py:717 - CALL_QUERY 관계 저장 완료: 60개
2025-09-15 17:11:31,582 - SourceAnalyzer - INFO - java_loading.py:745 - 저장할 CALL_METHOD 관계 수: 206개
2025-09-15 17:11:31,590 - SourceAnalyzer - INFO - java_loading.py:804 - CALL_METHOD 관계 저장 완료: 198개
2025-09-15 17:11:31,592 - SourceAnalyzer - INFO - java_parser.py:883 - 메서드 추출 시작: D:\Analyzer\CreateMetaDb\projects\sampleSrc\src\main\java\com\example\service\ProductService.java
2025-09-15 17:11:31,597 - SourceAnalyzer - INFO - java_parser.py:884 - 컴파일된 메서드 패턴 수: 4
2025-09-15 17:11:31,597 - SourceAnalyzer - INFO - java_loading.py:193 - === Java 클래스 저장 시작: D:\Analyzer\CreateMetaDb\projects\sampleSrc\src\main\java\com\example\service\ProductService.java ===
2025-09-15 17:11:31,597 - SourceAnalyzer - INFO - java_loading.py:194 - 저장할 클래스 수: 2개
2025-09-15 17:11:31,598 - SourceAnalyzer - INFO - java_loading.py:212 - 프로젝트 ID: 1, 파일 ID: 31
2025-09-15 17:11:31,598 - SourceAnalyzer - INFO - java_loading.py:244 - === Java 클래스 저장 완료: D:\Analyzer\CreateMetaDb\projects\sampleSrc\src\main\java\com\example\service\ProductService.java ===
2025-09-15 17:11:31,607 - SourceAnalyzer - INFO - java_parser.py:883 - 메서드 추출 시작: D:\Analyzer\CreateMetaDb\projects\sampleSrc\src\main\java\com\example\service\ProductServiceImpl.java
2025-09-15 17:11:31,610 - SourceAnalyzer - INFO - java_parser.py:884 - 컴파일된 메서드 패턴 수: 4
2025-09-15 17:11:31,700 - SourceAnalyzer - INFO - java_loading.py:193 - === Java 클래스 저장 시작: D:\Analyzer\CreateMetaDb\projects\sampleSrc\src\main\java\com\example\service\ProductServiceImpl.java ===
2025-09-15 17:11:31,700 - SourceAnalyzer - INFO - java_loading.py:194 - 저장할 클래스 수: 2개
2025-09-15 17:11:31,701 - SourceAnalyzer - INFO - java_loading.py:212 - 프로젝트 ID: 1, 파일 ID: 32
2025-09-15 17:11:31,703 - SourceAnalyzer - INFO - java_loading.py:244 - === Java 클래스 저장 완료: D:\Analyzer\CreateMetaDb\projects\sampleSrc\src\main\java\com\example\service\ProductServiceImpl.java ===
2025-09-15 17:11:31,703 - SourceAnalyzer - INFO - java_loading.py:663 - 저장할 CALL_QUERY 관계 수: 88개
2025-09-15 17:11:31,707 - SourceAnalyzer - INFO - java_loading.py:717 - CALL_QUERY 관계 저장 완료: 88개
2025-09-15 17:11:31,707 - SourceAnalyzer - INFO - java_loading.py:745 - 저장할 CALL_METHOD 관계 수: 1352개
2025-09-15 17:11:31,759 - SourceAnalyzer - INFO - java_loading.py:804 - CALL_METHOD 관계 저장 완료: 1313개
2025-09-15 17:11:31,767 - SourceAnalyzer - INFO - java_parser.py:883 - 메서드 추출 시작: D:\Analyzer\CreateMetaDb\projects\sampleSrc\src\main\java\com\example\service\UserService.java
2025-09-15 17:11:31,767 - SourceAnalyzer - INFO - java_parser.py:884 - 컴파일된 메서드 패턴 수: 4
2025-09-15 17:11:31,803 - SourceAnalyzer - INFO - java_loading.py:193 - === Java 클래스 저장 시작: D:\Analyzer\CreateMetaDb\projects\sampleSrc\src\main\java\com\example\service\UserService.java ===
2025-09-15 17:11:31,804 - SourceAnalyzer - INFO - java_loading.py:194 - 저장할 클래스 수: 2개
2025-09-15 17:11:31,805 - SourceAnalyzer - INFO - java_loading.py:212 - 프로젝트 ID: 1, 파일 ID: 33
2025-09-15 17:11:31,807 - SourceAnalyzer - INFO - java_loading.py:244 - === Java 클래스 저장 완료: D:\Analyzer\CreateMetaDb\projects\sampleSrc\src\main\java\com\example\service\UserService.java ===
2025-09-15 17:11:31,807 - SourceAnalyzer - INFO - java_loading.py:663 - 저장할 CALL_QUERY 관계 수: 18개
2025-09-15 17:11:31,808 - SourceAnalyzer - INFO - java_loading.py:717 - CALL_QUERY 관계 저장 완료: 18개
2025-09-15 17:11:31,808 - SourceAnalyzer - INFO - java_loading.py:745 - 저장할 CALL_METHOD 관계 수: 352개
2025-09-15 17:11:31,822 - SourceAnalyzer - INFO - java_loading.py:804 - CALL_METHOD 관계 저장 완료: 336개
2025-09-15 17:11:31,832 - SourceAnalyzer - INFO - java_parser.py:883 - 메서드 추출 시작: D:\Analyzer\CreateMetaDb\projects\sampleSrc\src\main\java\com\example\service\UserServiceImpl.java
2025-09-15 17:11:31,833 - SourceAnalyzer - INFO - java_parser.py:884 - 컴파일된 메서드 패턴 수: 4
2025-09-15 17:11:31,900 - SourceAnalyzer - INFO - java_loading.py:193 - === Java 클래스 저장 시작: D:\Analyzer\CreateMetaDb\projects\sampleSrc\src\main\java\com\example\service\UserServiceImpl.java ===
2025-09-15 17:11:31,900 - SourceAnalyzer - INFO - java_loading.py:194 - 저장할 클래스 수: 2개
2025-09-15 17:11:31,902 - SourceAnalyzer - INFO - java_loading.py:212 - 프로젝트 ID: 1, 파일 ID: 34
2025-09-15 17:11:31,904 - SourceAnalyzer - INFO - java_loading.py:244 - === Java 클래스 저장 완료: D:\Analyzer\CreateMetaDb\projects\sampleSrc\src\main\java\com\example\service\UserServiceImpl.java ===
2025-09-15 17:11:31,905 - SourceAnalyzer - INFO - java_loading.py:663 - 저장할 CALL_QUERY 관계 수: 52개
2025-09-15 17:11:31,907 - SourceAnalyzer - INFO - java_loading.py:717 - CALL_QUERY 관계 저장 완료: 52개
2025-09-15 17:11:31,907 - SourceAnalyzer - INFO - java_loading.py:745 - 저장할 CALL_METHOD 관계 수: 1209개
2025-09-15 17:11:31,954 - SourceAnalyzer - INFO - java_loading.py:804 - CALL_METHOD 관계 저장 완료: 1171개
2025-09-15 17:11:31,958 - SourceAnalyzer - INFO - java_parser.py:883 - 메서드 추출 시작: D:\Analyzer\CreateMetaDb\projects\sampleSrc\src\main\java\com\example\servlet\AdvancedReportServlet.java
2025-09-15 17:11:31,958 - SourceAnalyzer - INFO - java_parser.py:884 - 컴파일된 메서드 패턴 수: 4
2025-09-15 17:11:31,967 - SourceAnalyzer - INFO - java_parser.py:883 - 메서드 추출 시작: D:\Analyzer\CreateMetaDb\projects\sampleSrc\src\main\java\com\example\servlet\DirectQueryServlet.java
2025-09-15 17:11:31,968 - SourceAnalyzer - INFO - java_parser.py:884 - 컴파일된 메서드 패턴 수: 4
2025-09-15 17:11:32,127 - SourceAnalyzer - INFO - java_parser.py:883 - 메서드 추출 시작: D:\Analyzer\CreateMetaDb\projects\sampleSrc\src\main\java\com\example\servlet\ExtensionMappingServlet.java
2025-09-15 17:11:32,127 - SourceAnalyzer - INFO - java_parser.py:884 - 컴파일된 메서드 패턴 수: 4
2025-09-15 17:11:32,135 - SourceAnalyzer - INFO - java_loading.py:193 - === Java 클래스 저장 시작: D:\Analyzer\CreateMetaDb\projects\sampleSrc\src\main\java\com\example\servlet\ExtensionMappingServlet.java ===
2025-09-15 17:11:32,135 - SourceAnalyzer - INFO - java_loading.py:194 - 저장할 클래스 수: 2개
2025-09-15 17:11:32,136 - SourceAnalyzer - INFO - java_loading.py:212 - 프로젝트 ID: 1, 파일 ID: 49
2025-09-15 17:11:32,136 - SourceAnalyzer - INFO - java_loading.py:244 - === Java 클래스 저장 완료: D:\Analyzer\CreateMetaDb\projects\sampleSrc\src\main\java\com\example\servlet\ExtensionMappingServlet.java ===
2025-09-15 17:11:32,136 - SourceAnalyzer - INFO - java_loading.py:440 - 저장할 상속 관계 수: 2개
2025-09-15 17:11:32,136 - SourceAnalyzer - INFO - java_loading.py:641 - inferred 클래스 생성 완료: ExtensionMappingServlet (ID: 40)
2025-09-15 17:11:32,136 - SourceAnalyzer - INFO - java_loading.py:641 - inferred 클래스 생성 완료: HttpServlet (ID: 41)
2025-09-15 17:11:32,137 - SourceAnalyzer - INFO - java_loading.py:641 - inferred 클래스 생성 완료: ExtensionMappingServlet (ID: 40)
2025-09-15 17:11:32,137 - SourceAnalyzer - INFO - java_loading.py:641 - inferred 클래스 생성 완료: HttpServlet (ID: 41)
2025-09-15 17:11:32,137 - SourceAnalyzer - INFO - java_loading.py:745 - 저장할 CALL_METHOD 관계 수: 10개
2025-09-15 17:11:32,138 - SourceAnalyzer - INFO - java_loading.py:804 - CALL_METHOD 관계 저장 완료: 10개
2025-09-15 17:11:32,142 - SourceAnalyzer - INFO - java_parser.py:883 - 메서드 추출 시작: D:\Analyzer\CreateMetaDb\projects\sampleSrc\src\main\java\com\example\servlet\GenericTestServlet.java
2025-09-15 17:11:32,145 - SourceAnalyzer - INFO - java_parser.py:884 - 컴파일된 메서드 패턴 수: 4
2025-09-15 17:11:32,149 - SourceAnalyzer - INFO - java_loading.py:193 - === Java 클래스 저장 시작: D:\Analyzer\CreateMetaDb\projects\sampleSrc\src\main\java\com\example\servlet\GenericTestServlet.java ===
2025-09-15 17:11:32,149 - SourceAnalyzer - INFO - java_loading.py:194 - 저장할 클래스 수: 2개
2025-09-15 17:11:32,149 - SourceAnalyzer - INFO - java_loading.py:212 - 프로젝트 ID: 1, 파일 ID: 50
2025-09-15 17:11:32,150 - SourceAnalyzer - INFO - java_loading.py:244 - === Java 클래스 저장 완료: D:\Analyzer\CreateMetaDb\projects\sampleSrc\src\main\java\com\example\servlet\GenericTestServlet.java ===
2025-09-15 17:11:32,150 - SourceAnalyzer - INFO - java_loading.py:440 - 저장할 상속 관계 수: 2개
2025-09-15 17:11:32,150 - SourceAnalyzer - INFO - java_loading.py:641 - inferred 클래스 생성 완료: GenericTestServlet (ID: 43)
2025-09-15 17:11:32,150 - SourceAnalyzer - INFO - java_loading.py:641 - inferred 클래스 생성 완료: GenericServlet (ID: 44)
2025-09-15 17:11:32,150 - SourceAnalyzer - INFO - java_loading.py:641 - inferred 클래스 생성 완료: GenericTestServlet (ID: 43)
2025-09-15 17:11:32,151 - SourceAnalyzer - INFO - java_loading.py:641 - inferred 클래스 생성 완료: GenericServlet (ID: 44)
2025-09-15 17:11:32,161 - SourceAnalyzer - INFO - java_parser.py:883 - 메서드 추출 시작: D:\Analyzer\CreateMetaDb\projects\sampleSrc\src\main\java\com\example\servlet\LegacyPaymentServlet.java
2025-09-15 17:11:32,162 - SourceAnalyzer - INFO - java_parser.py:884 - 컴파일된 메서드 패턴 수: 4
2025-09-15 17:11:32,204 - SourceAnalyzer - INFO - java_loading.py:193 - === Java 클래스 저장 시작: D:\Analyzer\CreateMetaDb\projects\sampleSrc\src\main\java\com\example\servlet\LegacyPaymentServlet.java ===
2025-09-15 17:11:32,204 - SourceAnalyzer - INFO - java_loading.py:194 - 저장할 클래스 수: 2개
2025-09-15 17:11:32,206 - SourceAnalyzer - INFO - java_loading.py:212 - 프로젝트 ID: 1, 파일 ID: 51
2025-09-15 17:11:32,207 - SourceAnalyzer - INFO - java_loading.py:244 - === Java 클래스 저장 완료: D:\Analyzer\CreateMetaDb\projects\sampleSrc\src\main\java\com\example\servlet\LegacyPaymentServlet.java ===
2025-09-15 17:11:32,207 - SourceAnalyzer - INFO - java_loading.py:440 - 저장할 상속 관계 수: 2개
2025-09-15 17:11:32,208 - SourceAnalyzer - INFO - java_loading.py:641 - inferred 클래스 생성 완료: LegacyPaymentServlet (ID: 46)
2025-09-15 17:11:32,208 - SourceAnalyzer - INFO - java_loading.py:641 - inferred 클래스 생성 완료: HttpServlet (ID: 41)
2025-09-15 17:11:32,208 - SourceAnalyzer - INFO - java_loading.py:641 - inferred 클래스 생성 완료: LegacyPaymentServlet (ID: 46)
2025-09-15 17:11:32,208 - SourceAnalyzer - INFO - java_loading.py:641 - inferred 클래스 생성 완료: HttpServlet (ID: 41)
2025-09-15 17:11:32,208 - SourceAnalyzer - INFO - java_loading.py:745 - 저장할 CALL_METHOD 관계 수: 414개
2025-09-15 17:11:32,225 - SourceAnalyzer - INFO - java_loading.py:804 - CALL_METHOD 관계 저장 완료: 414개
2025-09-15 17:11:32,233 - SourceAnalyzer - INFO - java_parser.py:883 - 메서드 추출 시작: D:\Analyzer\CreateMetaDb\projects\sampleSrc\src\main\java\com\example\servlet\OrderManagementServlet.java
2025-09-15 17:11:32,235 - SourceAnalyzer - INFO - java_parser.py:884 - 컴파일된 메서드 패턴 수: 4
2025-09-15 17:11:32,247 - SourceAnalyzer - INFO - java_loading.py:193 - === Java 클래스 저장 시작: D:\Analyzer\CreateMetaDb\projects\sampleSrc\src\main\java\com\example\servlet\OrderManagementServlet.java ===
2025-09-15 17:11:32,247 - SourceAnalyzer - INFO - java_loading.py:194 - 저장할 클래스 수: 2개
2025-09-15 17:11:32,247 - SourceAnalyzer - INFO - java_loading.py:212 - 프로젝트 ID: 1, 파일 ID: 52
2025-09-15 17:11:32,248 - SourceAnalyzer - INFO - java_loading.py:244 - === Java 클래스 저장 완료: D:\Analyzer\CreateMetaDb\projects\sampleSrc\src\main\java\com\example\servlet\OrderManagementServlet.java ===
2025-09-15 17:11:32,248 - SourceAnalyzer - INFO - java_loading.py:440 - 저장할 상속 관계 수: 2개
2025-09-15 17:11:32,248 - SourceAnalyzer - INFO - java_loading.py:641 - inferred 클래스 생성 완료: OrderManagementServlet (ID: 48)
2025-09-15 17:11:32,253 - SourceAnalyzer - INFO - java_loading.py:641 - inferred 클래스 생성 완료: HttpServlet (ID: 41)
2025-09-15 17:11:32,253 - SourceAnalyzer - INFO - java_loading.py:641 - inferred 클래스 생성 완료: OrderManagementServlet (ID: 48)
2025-09-15 17:11:32,254 - SourceAnalyzer - INFO - java_loading.py:641 - inferred 클래스 생성 완료: HttpServlet (ID: 41)
2025-09-15 17:11:32,254 - SourceAnalyzer - INFO - java_loading.py:745 - 저장할 CALL_METHOD 관계 수: 40개
2025-09-15 17:11:32,256 - SourceAnalyzer - INFO - java_loading.py:804 - CALL_METHOD 관계 저장 완료: 40개
2025-09-15 17:11:32,263 - SourceAnalyzer - INFO - java_parser.py:883 - 메서드 추출 시작: D:\Analyzer\CreateMetaDb\projects\sampleSrc\src\main\java\com\example\servlet\ProductCatalogServlet.java
2025-09-15 17:11:32,266 - SourceAnalyzer - INFO - java_parser.py:884 - 컴파일된 메서드 패턴 수: 4
2025-09-15 17:11:32,292 - SourceAnalyzer - INFO - java_loading.py:193 - === Java 클래스 저장 시작: D:\Analyzer\CreateMetaDb\projects\sampleSrc\src\main\java\com\example\servlet\ProductCatalogServlet.java ===
2025-09-15 17:11:32,292 - SourceAnalyzer - INFO - java_loading.py:194 - 저장할 클래스 수: 3개
2025-09-15 17:11:32,292 - SourceAnalyzer - INFO - java_loading.py:212 - 프로젝트 ID: 1, 파일 ID: 53
2025-09-15 17:11:32,294 - SourceAnalyzer - INFO - java_loading.py:244 - === Java 클래스 저장 완료: D:\Analyzer\CreateMetaDb\projects\sampleSrc\src\main\java\com\example\servlet\ProductCatalogServlet.java ===
2025-09-15 17:11:32,294 - SourceAnalyzer - INFO - java_loading.py:440 - 저장할 상속 관계 수: 2개
2025-09-15 17:11:32,294 - SourceAnalyzer - INFO - java_loading.py:641 - inferred 클래스 생성 완료: ProductCatalogServlet (ID: 51)
2025-09-15 17:11:32,294 - SourceAnalyzer - INFO - java_loading.py:641 - inferred 클래스 생성 완료: HttpServlet (ID: 41)
2025-09-15 17:11:32,294 - SourceAnalyzer - INFO - java_loading.py:641 - inferred 클래스 생성 완료: ProductCatalogServlet (ID: 51)
2025-09-15 17:11:32,294 - SourceAnalyzer - INFO - java_loading.py:641 - inferred 클래스 생성 완료: HttpServlet (ID: 41)
2025-09-15 17:11:32,295 - SourceAnalyzer - INFO - java_loading.py:745 - 저장할 CALL_METHOD 관계 수: 350개
2025-09-15 17:11:32,309 - SourceAnalyzer - INFO - java_loading.py:804 - CALL_METHOD 관계 저장 완료: 350개
2025-09-15 17:11:32,310 - SourceAnalyzer - INFO - java_parser.py:883 - 메서드 추출 시작: D:\Analyzer\CreateMetaDb\projects\sampleSrc\src\main\java\com\example\servlet\UserManagementServlet.java
2025-09-15 17:11:32,310 - SourceAnalyzer - INFO - java_parser.py:884 - 컴파일된 메서드 패턴 수: 4
2025-09-15 17:11:32,310 - SourceAnalyzer - INFO - java_loading.py:1327 - === Java 로딩 통계 (4~5단계 통합) ===
2025-09-15 17:11:32,310 - SourceAnalyzer - INFO - java_loading.py:1328 - 처리된 Java 파일: 39개
2025-09-15 17:11:32,310 - SourceAnalyzer - INFO - java_loading.py:1329 - 추출된 클래스: 83개
2025-09-15 17:11:32,311 - SourceAnalyzer - INFO - java_loading.py:1330 - 추출된 메서드: 694개
2025-09-15 17:11:32,311 - SourceAnalyzer - INFO - java_loading.py:1331 - 생성된 컴포넌트: 694개
2025-09-15 17:11:32,311 - SourceAnalyzer - INFO - java_loading.py:1332 - 생성된 상속 관계: 12개
2025-09-15 17:11:32,311 - SourceAnalyzer - INFO - java_loading.py:1333 - 생성된 CALL_QUERY 관계: 239개
2025-09-15 17:11:32,319 - SourceAnalyzer - INFO - java_loading.py:1334 - 생성된 CALL_METHOD 관계: 7335개
2025-09-15 17:11:32,319 - SourceAnalyzer - INFO - java_loading.py:1335 - 생성된 USE_TABLE 관계: 0개
2025-09-15 17:11:32,320 - SourceAnalyzer - INFO - java_loading.py:1336 - 비즈니스 로직 메서드: 168개
2025-09-15 17:11:32,320 - SourceAnalyzer - INFO - java_loading.py:1337 - 처리 시간: 1.34초
2025-09-15 17:11:32,320 - SourceAnalyzer - INFO - java_loading.py:1338 - 오류 발생: 0개
2025-09-15 17:11:32,320 - SourceAnalyzer - INFO - java_loading.py:169 - === Java 로딩 완료 ===
2025-09-15 17:11:32,321 - SourceAnalyzer - INFO - main.py:160 - 4단계 완료: Java 소스코드 분석 및 관계 생성
2025-09-15 17:11:32,321 - SourceAnalyzer - INFO - main.py:166 - 5단계 실행: Spring API 진입점 분석 (Phase 1)
2025-09-15 17:11:32,339 - SourceAnalyzer - INFO - backend_entry_loading.py:137 - web.xml 파싱 완료. 총 0개의 서블릿 매핑을 로드했습니다
2025-09-15 17:11:32,345 - SourceAnalyzer - INFO - entry_analyzer_factory.py:205 - 총 2개 분석기 로드 완료
2025-09-15 17:11:32,345 - SourceAnalyzer - INFO - backend_entry_loading.py:61 - 분석기 로드 완료: 2개
2025-09-15 17:11:32,345 - SourceAnalyzer - INFO - backend_entry_loading.py:48 - 로드된 분석기: ['spring', 'servlet']
2025-09-15 17:11:32,345 - SourceAnalyzer - INFO - backend_entry_loading.py:50 - 백엔드 진입점 분석 엔진 초기화 완료: sampleSrc
2025-09-15 17:11:32,345 - SourceAnalyzer - INFO - backend_entry_loading.py:152 - === 백엔드 진입점 분석 시작 ===
2025-09-15 17:11:32,345 - SourceAnalyzer - INFO - statistics_utils.py:57 - 분석 통계 수집 시작
2025-09-15 17:11:32,354 - SourceAnalyzer - INFO - backend_entry_loading.py:163 - Java 파일 수집 완료: 39개 파일
2025-09-15 17:11:32,356 - SourceAnalyzer - INFO - backend_entry_loading.py:316 - 분석기 spring로 파일 D:\Analyzer\CreateMetaDb\src\com\example\dynamicquery\UserDao.java 필터링 확인
2025-09-15 17:11:32,356 - SourceAnalyzer - INFO - backend_entry_loading.py:323 - 파일 D:\Analyzer\CreateMetaDb\src\com\example\dynamicquery\UserDao.java이 분석기 spring의 대상이 아님
2025-09-15 17:11:32,357 - SourceAnalyzer - INFO - backend_entry_loading.py:316 - 분석기 servlet로 파일 D:\Analyzer\CreateMetaDb\src\com\example\dynamicquery\UserDao.java 필터링 확인
2025-09-15 17:11:32,357 - SourceAnalyzer - INFO - backend_entry_loading.py:323 - 파일 D:\Analyzer\CreateMetaDb\src\com\example\dynamicquery\UserDao.java이 분석기 servlet의 대상이 아님
2025-09-15 17:11:32,357 - SourceAnalyzer - INFO - backend_entry_loading.py:316 - 분석기 spring로 파일 D:\Analyzer\CreateMetaDb\src\com\example\dynamicquery\UserMapper.java 필터링 확인
2025-09-15 17:11:32,357 - SourceAnalyzer - INFO - backend_entry_loading.py:323 - 파일 D:\Analyzer\CreateMetaDb\src\com\example\dynamicquery\UserMapper.java이 분석기 spring의 대상이 아님
2025-09-15 17:11:32,357 - SourceAnalyzer - INFO - backend_entry_loading.py:316 - 분석기 servlet로 파일 D:\Analyzer\CreateMetaDb\src\com\example\dynamicquery\UserMapper.java 필터링 확인
2025-09-15 17:11:32,357 - SourceAnalyzer - INFO - backend_entry_loading.py:323 - 파일 D:\Analyzer\CreateMetaDb\src\com\example\dynamicquery\UserMapper.java이 분석기 servlet의 대상이 아님
2025-09-15 17:11:32,358 - SourceAnalyzer - INFO - backend_entry_loading.py:316 - 분석기 spring로 파일 D:\Analyzer\CreateMetaDb\src\com\example\dynamicquery\UserSearchDto.java 필터링 확인
2025-09-15 17:11:32,358 - SourceAnalyzer - INFO - backend_entry_loading.py:323 - 파일 D:\Analyzer\CreateMetaDb\src\com\example\dynamicquery\UserSearchDto.java이 분석기 spring의 대상이 아님
2025-09-15 17:11:32,358 - SourceAnalyzer - INFO - backend_entry_loading.py:316 - 분석기 servlet로 파일 D:\Analyzer\CreateMetaDb\src\com\example\dynamicquery\UserSearchDto.java 필터링 확인
2025-09-15 17:11:32,358 - SourceAnalyzer - INFO - backend_entry_loading.py:323 - 파일 D:\Analyzer\CreateMetaDb\src\com\example\dynamicquery\UserSearchDto.java이 분석기 servlet의 대상이 아님
2025-09-15 17:11:32,358 - SourceAnalyzer - INFO - backend_entry_loading.py:316 - 분석기 spring로 파일 D:\Analyzer\CreateMetaDb\src\main\java\com\example\annotations\AnnotatedClass.java 필터링 확인
2025-09-15 17:11:32,358 - SourceAnalyzer - INFO - backend_entry_loading.py:323 - 파일 D:\Analyzer\CreateMetaDb\src\main\java\com\example\annotations\AnnotatedClass.java이 분석기 spring의 대상이 아님
2025-09-15 17:11:32,359 - SourceAnalyzer - INFO - backend_entry_loading.py:316 - 분석기 servlet로 파일 D:\Analyzer\CreateMetaDb\src\main\java\com\example\annotations\AnnotatedClass.java 필터링 확인
2025-09-15 17:11:32,359 - SourceAnalyzer - INFO - backend_entry_loading.py:323 - 파일 D:\Analyzer\CreateMetaDb\src\main\java\com\example\annotations\AnnotatedClass.java이 분석기 servlet의 대상이 아님
2025-09-15 17:11:32,359 - SourceAnalyzer - INFO - backend_entry_loading.py:316 - 분석기 spring로 파일 D:\Analyzer\CreateMetaDb\src\main\java\com\example\comments\CommentHeavyClass.java 필터링 확인
2025-09-15 17:11:32,359 - SourceAnalyzer - INFO - backend_entry_loading.py:323 - 파일 D:\Analyzer\CreateMetaDb\src\main\java\com\example\comments\CommentHeavyClass.java이 분석기 spring의 대상이 아님
2025-09-15 17:11:32,359 - SourceAnalyzer - INFO - backend_entry_loading.py:316 - 분석기 servlet로 파일 D:\Analyzer\CreateMetaDb\src\main\java\com\example\comments\CommentHeavyClass.java 필터링 확인
2025-09-15 17:11:32,359 - SourceAnalyzer - INFO - backend_entry_loading.py:323 - 파일 D:\Analyzer\CreateMetaDb\src\main\java\com\example\comments\CommentHeavyClass.java이 분석기 servlet의 대상이 아님
2025-09-15 17:11:32,359 - SourceAnalyzer - INFO - backend_entry_loading.py:316 - 분석기 spring로 파일 D:\Analyzer\CreateMetaDb\src\main\java\com\example\complex\LargeBusinessClass.java 필터링 확인
2025-09-15 17:11:32,360 - SourceAnalyzer - INFO - backend_entry_loading.py:323 - 파일 D:\Analyzer\CreateMetaDb\src\main\java\com\example\complex\LargeBusinessClass.java이 분석기 spring의 대상이 아님
2025-09-15 17:11:32,360 - SourceAnalyzer - INFO - backend_entry_loading.py:316 - 분석기 servlet로 파일 D:\Analyzer\CreateMetaDb\src\main\java\com\example\complex\LargeBusinessClass.java 필터링 확인
2025-09-15 17:11:32,360 - SourceAnalyzer - INFO - backend_entry_loading.py:323 - 파일 D:\Analyzer\CreateMetaDb\src\main\java\com\example\complex\LargeBusinessClass.java이 분석기 servlet의 대상이 아님
2025-09-15 17:11:32,360 - SourceAnalyzer - INFO - backend_entry_loading.py:316 - 분석기 spring로 파일 D:\Analyzer\CreateMetaDb\src\main\java\com\example\controller\ErrorController.java 필터링 확인
2025-09-15 17:11:32,360 - SourceAnalyzer - INFO - backend_entry_loading.py:318 - 파일 D:\Analyzer\CreateMetaDb\src\main\java\com\example\controller\ErrorController.java이 분석기 spring의 대상임
2025-09-15 17:11:32,370 - SourceAnalyzer - ERROR - logger.py:207 - FATAL ERROR: Exception: 모든 파싱 방법으로 진입점을 찾지 못했습니다: src\main\java\com\example\controller
Message: 모든 파싱 방법으로 진입점을 찾지 못했습니다: src\main\java\com\example\controller
2025-09-15 17:11:32,383 - SourceAnalyzer - ERROR - logger.py:210 - 
[FATAL ERROR] 프로그램이 에러로 인해 종료됩니다. (종료코드: 1)
2025-09-15 17:11:32,384 - SourceAnalyzer - ERROR - logger.py:211 - 자세한 내용은 로그 파일을 확인하세요: logs/SourceAnalyzer_20250915_171130.log
2025-09-15 17:11:32,384 - SourceAnalyzer - INFO - statistics_utils.py:63 - 분석 통계 수집 종료
