2025-09-12 14:50:39,305 - SourceAnalyzer - DEBUG - logger.py:64 - 파일 읽기 성공: config/parser/xml_parser_config.yaml
2025-09-12 14:50:39,309 - SourceAnalyzer - DEBUG - logger.py:64 - YAML 설정 파일 로드 성공: config/parser/xml_parser_config.yaml
2025-09-12 14:50:39,330 - SourceAnalyzer - DEBUG - logger.py:64 - 디렉토리 스캔 완료: projects\sampleSrc, 파일 수: 40
2025-09-12 14:50:39,330 - SourceAnalyzer - DEBUG - logger.py:64 - MyBatis XML 파일 발견: D:\Analyzer\CreateMetaDb\projects\sampleSrc\src\com\example\dynamicquery\UserMapper.xml
2025-09-12 14:50:39,330 - SourceAnalyzer - DEBUG - logger.py:64 - MyBatis XML 파일 발견: D:\Analyzer\CreateMetaDb\projects\sampleSrc\src\main\resources\mybatis\mapper\ImplicitJoinMapper.xml
2025-09-12 14:50:39,331 - SourceAnalyzer - DEBUG - logger.py:64 - MyBatis XML 파일 발견: D:\Analyzer\CreateMetaDb\projects\sampleSrc\src\main\resources\mybatis\mapper\MixedErrorMapper.xml
2025-09-12 14:50:39,331 - SourceAnalyzer - DEBUG - logger.py:64 - MyBatis XML 파일 발견: D:\Analyzer\CreateMetaDb\projects\sampleSrc\src\main\resources\mybatis\mapper\ProductMapper.xml
2025-09-12 14:50:39,331 - SourceAnalyzer - DEBUG - logger.py:64 - MyBatis XML 파일 발견: D:\Analyzer\CreateMetaDb\projects\sampleSrc\src\main\resources\mybatis\mapper\UserMapper.xml
2025-09-12 14:50:39,331 - SourceAnalyzer - INFO - logger.py:68 - MyBatis XML 파일 수집 완료: 5개
2025-09-12 14:50:39,332 - SourceAnalyzer - DEBUG - logger.py:64 - 파일 읽기 성공: D:\Analyzer\CreateMetaDb\projects\sampleSrc\src\com\example\dynamicquery\UserMapper.xml
2025-09-12 14:50:39,333 - SourceAnalyzer - DEBUG - logger.py:64 - 3단계 XML 쿼리 ID와 내용 추출 완료: D:\Analyzer\CreateMetaDb\projects\sampleSrc\src\com\example\dynamicquery\UserMapper.xml, 2개 쿼리
2025-09-12 14:50:39,333 - SourceAnalyzer - DEBUG - logger.py:64 - 파일 읽기 성공: D:\Analyzer\CreateMetaDb\projects\sampleSrc\src\main\resources\mybatis\mapper\ImplicitJoinMapper.xml
2025-09-12 14:50:39,334 - SourceAnalyzer - DEBUG - logger.py:64 - 3단계 XML 쿼리 ID와 내용 추출 완료: D:\Analyzer\CreateMetaDb\projects\sampleSrc\src\main\resources\mybatis\mapper\ImplicitJoinMapper.xml, 5개 쿼리
2025-09-12 14:50:39,334 - SourceAnalyzer - DEBUG - logger.py:64 - 파일 읽기 성공: D:\Analyzer\CreateMetaDb\projects\sampleSrc\src\main\resources\mybatis\mapper\MixedErrorMapper.xml
2025-09-12 14:50:39,336 - SourceAnalyzer - DEBUG - logger.py:64 - 3단계 XML 쿼리 ID와 내용 추출 완료: D:\Analyzer\CreateMetaDb\projects\sampleSrc\src\main\resources\mybatis\mapper\MixedErrorMapper.xml, 12개 쿼리
2025-09-12 14:50:39,336 - SourceAnalyzer - DEBUG - logger.py:64 - 파일 읽기 성공: D:\Analyzer\CreateMetaDb\projects\sampleSrc\src\main\resources\mybatis\mapper\ProductMapper.xml
2025-09-12 14:50:39,338 - SourceAnalyzer - DEBUG - logger.py:64 - 3단계 XML 쿼리 ID와 내용 추출 완료: D:\Analyzer\CreateMetaDb\projects\sampleSrc\src\main\resources\mybatis\mapper\ProductMapper.xml, 9개 쿼리
2025-09-12 14:50:39,339 - SourceAnalyzer - DEBUG - logger.py:64 - 파일 읽기 성공: D:\Analyzer\CreateMetaDb\projects\sampleSrc\src\main\resources\mybatis\mapper\UserMapper.xml
2025-09-12 14:50:39,346 - SourceAnalyzer - DEBUG - logger.py:64 - 3단계 XML 쿼리 ID와 내용 추출 완료: D:\Analyzer\CreateMetaDb\projects\sampleSrc\src\main\resources\mybatis\mapper\UserMapper.xml, 22개 쿼리
2025-09-12 14:50:39,350 - SourceAnalyzer - DEBUG - logger.py:64 - 파일 읽기 성공: D:\Analyzer\CreateMetaDb\config\parser\sql_keyword.yaml
2025-09-12 14:50:39,384 - SourceAnalyzer - DEBUG - logger.py:64 - YAML 설정 파일 로드 성공: D:\Analyzer\CreateMetaDb\config\parser\sql_keyword.yaml
2025-09-12 14:50:39,385 - SourceAnalyzer - DEBUG - logger.py:64 - 파일 읽기 성공: config/parser/mybatis_keyword.yaml
2025-09-12 14:50:39,402 - SourceAnalyzer - DEBUG - logger.py:64 - YAML 설정 파일 로드 성공: config/parser/mybatis_keyword.yaml
2025-09-12 14:50:39,402 - SourceAnalyzer - DEBUG - logger.py:64 - 파일 읽기 성공: config/parser/sql_keyword.yaml
2025-09-12 14:50:39,430 - SourceAnalyzer - DEBUG - logger.py:64 - YAML 설정 파일 로드 성공: config/parser/sql_keyword.yaml
2025-09-12 14:50:39,435 - SourceAnalyzer - DEBUG - logger.py:64 - 추출된 테이블 참조: {'CUSTOMERS'}
2025-09-12 14:50:39,435 - SourceAnalyzer - DEBUG - logger.py:64 - 추출된 테이블 참조: {'CUSTOMERS', 'ORDERS'}
2025-09-12 14:50:39,435 - SourceAnalyzer - DEBUG - logger.py:64 - 추출된 테이블 참조: {'CUSTOMERS', 'ORDERS'}
2025-09-12 14:50:39,436 - SourceAnalyzer - DEBUG - logger.py:64 - 추출된 테이블 참조: {'CUSTOMERS', 'ORDERS'}
2025-09-12 14:50:39,436 - SourceAnalyzer - DEBUG - logger.py:64 - 추출된 테이블 참조: {'CUSTOMERS', 'USERS'}
2025-09-12 14:50:39,436 - SourceAnalyzer - INFO - logger.py:68 - === 4-2단계 XML 쿼리 관계 분석 시작 ===
2025-09-12 14:50:39,439 - SourceAnalyzer - DEBUG - logger.py:64 - 데이터베이스 연결 성공: D:\Analyzer\CreateMetaDb\projects\sampleSrc\metadata.db
2025-09-12 14:50:39,439 - SourceAnalyzer - DEBUG - logger.py:64 - 쿼리 실행 성공: 
                SELECT DISTINCT table_name 
     ...
2025-09-12 14:50:39,440 - SourceAnalyzer - ERROR - logger.py:76 - 기존 테이블 조회 실패: 0
2025-09-12 14:50:39,440 - SourceAnalyzer - DEBUG - logger.py:64 - 쿼리 실행 성공: 
                SELECT DISTINCT t.table_name, c.c...
2025-09-12 14:50:39,440 - SourceAnalyzer - ERROR - logger.py:76 - 기존 컬럼 조회 실패: 0
2025-09-12 14:50:39,441 - SourceAnalyzer - DEBUG - logger.py:64 - 파일 읽기 성공: config/parser/mybatis_keyword.yaml
2025-09-12 14:50:39,458 - SourceAnalyzer - DEBUG - logger.py:64 - YAML 설정 파일 로드 성공: config/parser/mybatis_keyword.yaml
2025-09-12 14:50:39,459 - SourceAnalyzer - DEBUG - logger.py:64 - 파일 읽기 성공: config/parser/sql_keyword.yaml
2025-09-12 14:50:39,477 - SourceAnalyzer - DEBUG - logger.py:64 - YAML 설정 파일 로드 성공: config/parser/sql_keyword.yaml
2025-09-12 14:50:39,479 - SourceAnalyzer - DEBUG - logger.py:64 - 추출된 테이블 참조: {'USER_PROFILES', 'USERS'}
2025-09-12 14:50:39,479 - SourceAnalyzer - DEBUG - logger.py:64 - 추출된 컬럼 참조: set()
2025-09-12 14:50:39,489 - SourceAnalyzer - DEBUG - logger.py:64 - 분석된 JOIN 관계: 1개
2025-09-12 14:50:39,489 - SourceAnalyzer - DEBUG - logger.py:64 - 쿼리 실행 성공: SELECT project_id FROM projects WHERE project_name...
2025-09-12 14:50:39,489 - SourceAnalyzer - ERROR - logger.py:76 - 데이터베이스 연결 오류: attempt to write a readonly database
2025-09-12 14:50:39,497 - SourceAnalyzer - ERROR - logger.py:128 - FATAL ERROR at D:\Analyzer\CreateMetaDb\util\database_utils.py:144 in execute_update()
Code: cursor.execute(query, params)
Message: 업데이트 쿼리 실행 실패: 
                            INSERT OR REPLACE INT...
Exception: OperationalError: attempt to write a readonly database
Stack Trace:
Traceback (most recent call last):
  File "D:\Analyzer\CreateMetaDb\util\database_utils.py", line 144, in execute_update
    cursor.execute(query, params)
    ~~~~~~~~~~~~~~^^^^^^^^^^^^^^^
sqlite3.OperationalError: attempt to write a readonly database

2025-09-12 14:50:39,497 - SourceAnalyzer - DEBUG - logger.py:64 - 데이터베이스 연결 해제: D:\Analyzer\CreateMetaDb\projects\sampleSrc\metadata.db
