2025-09-13 20:26:50,726 - SourceAnalyzer - DEBUG - logger.py:64 - 파일 읽기 성공: config/parser/sql_keyword.yaml
2025-09-13 20:26:50,750 - SourceAnalyzer - DEBUG - logger.py:64 - YAML 설정 파일 로드 성공: config/parser/sql_keyword.yaml
2025-09-13 20:26:50,751 - SourceAnalyzer - DEBUG - logger.py:64 - 파일 읽기 성공: config/parser/xml_parser_config.yaml
2025-09-13 20:26:50,757 - SourceAnalyzer - DEBUG - logger.py:64 - YAML 설정 파일 로드 성공: config/parser/xml_parser_config.yaml
2025-09-13 20:26:50,760 - SourceAnalyzer - DEBUG - logger.py:64 - 데이터베이스 연결 성공: projects/sampleSrc/metadata.db
2025-09-13 20:26:50,760 - SourceAnalyzer - DEBUG - logger.py:64 - 쿼리 실행 성공: 
                    SELECT COUNT(*) as cnt
      ...
2025-09-13 20:26:50,761 - SourceAnalyzer - DEBUG - logger.py:64 - 데이터베이스 연결 성공: projects/sampleSrc/metadata.db
2025-09-13 20:26:50,761 - SourceAnalyzer - DEBUG - logger.py:64 - 쿼리 실행 성공: SELECT table_id FROM tables WHERE table_name = ? A...
2025-09-13 20:26:50,762 - SourceAnalyzer - DEBUG - logger.py:64 - 데이터베이스 연결 성공: projects/sampleSrc/metadata.db
2025-09-13 20:26:50,763 - SourceAnalyzer - DEBUG - logger.py:64 - 업데이트 쿼리 실행 성공: 
            INSERT OR REPLACE INTO columns (table..., 영향받은 행: 1
2025-09-13 20:26:50,765 - SourceAnalyzer - DEBUG - logger.py:64 - 데이터베이스 연결 성공: projects/sampleSrc/metadata.db
2025-09-13 20:26:50,765 - SourceAnalyzer - DEBUG - logger.py:64 - 쿼리 실행 성공: SELECT component_id FROM tables WHERE table_id = ?...
2025-09-13 20:26:50,765 - SourceAnalyzer - DEBUG - logger.py:64 - 업데이트 쿼리 실행 성공: 
            INSERT OR REPLACE INTO components (pr..., 영향받은 행: 1
2025-09-13 20:26:50,766 - SourceAnalyzer - DEBUG - logger.py:64 - 데이터베이스 연결 성공: projects/sampleSrc/metadata.db
2025-09-13 20:26:50,766 - SourceAnalyzer - DEBUG - logger.py:64 - 쿼리 실행 성공: 
                    SELECT COUNT(*) as cnt
      ...
2025-09-13 20:26:50,767 - SourceAnalyzer - DEBUG - logger.py:64 - 데이터베이스 연결 성공: projects/sampleSrc/metadata.db
2025-09-13 20:26:50,767 - SourceAnalyzer - DEBUG - logger.py:64 - 쿼리 실행 성공: SELECT table_id FROM tables WHERE table_name = ? A...
2025-09-13 20:26:50,768 - SourceAnalyzer - DEBUG - logger.py:64 - 데이터베이스 연결 성공: projects/sampleSrc/metadata.db
2025-09-13 20:26:50,768 - SourceAnalyzer - DEBUG - logger.py:64 - 업데이트 쿼리 실행 성공: 
            INSERT OR REPLACE INTO columns (table..., 영향받은 행: 1
2025-09-13 20:26:50,769 - SourceAnalyzer - DEBUG - logger.py:64 - 데이터베이스 연결 성공: projects/sampleSrc/metadata.db
2025-09-13 20:26:50,769 - SourceAnalyzer - DEBUG - logger.py:64 - 쿼리 실행 성공: SELECT component_id FROM tables WHERE table_id = ?...
2025-09-13 20:26:50,769 - SourceAnalyzer - DEBUG - logger.py:64 - 업데이트 쿼리 실행 성공: 
            INSERT OR REPLACE INTO components (pr..., 영향받은 행: 1
