2025-09-12 15:53:08,778 - SourceAnalyzer - INFO - logger.py:68 - SourceAnalyzer 시작
2025-09-12 15:53:08,786 - SourceAnalyzer - DEBUG - logger.py:64 - 명령행 인자 파싱 완료: {'project_name': 'sampleSrc', 'clear_metadb': True, 'verbose': False, 'output_format': 'html', 'config_file': None, 'log_level': 'INFO', 'dry_run': False, 'force': False}
2025-09-12 15:53:08,786 - SourceAnalyzer - DEBUG - logger.py:64 - 인자 검증 성공
2025-09-12 15:53:08,786 - SourceAnalyzer - INFO - logger.py:68 - 분석 대상 프로젝트: sampleSrc
2025-09-12 15:53:08,786 - SourceAnalyzer - INFO - logger.py:68 - 분석 옵션:
2025-09-12 15:53:08,787 - SourceAnalyzer - INFO - logger.py:68 -   - 메타데이터베이스 초기화: True
2025-09-12 15:53:08,787 - SourceAnalyzer - INFO - logger.py:68 -   - 상세 로그: False
2025-09-12 15:53:08,787 - SourceAnalyzer - INFO - logger.py:68 -   - 출력 형식: html
2025-09-12 15:53:08,787 - SourceAnalyzer - INFO - logger.py:68 -   - 드라이런 모드: False
2025-09-12 15:53:08,787 - SourceAnalyzer - INFO - logger.py:68 -   - 강제 실행: False
2025-09-12 15:53:08,787 - SourceAnalyzer - INFO - logger.py:68 - 프로젝트 분석 시작...
2025-09-12 15:53:08,788 - SourceAnalyzer - INFO - logger.py:68 - === 파일 스캔 시작: 파일 정보 저장 ===
2025-09-12 15:53:08,788 - SourceAnalyzer - INFO - logger.py:68 - 기존 메타데이터베이스 삭제: D:\Analyzer\CreateMetaDb\projects\sampleSrc\metadata.db
2025-09-12 15:53:08,792 - SourceAnalyzer - DEBUG - logger.py:64 - 데이터베이스 연결 성공: D:\Analyzer\CreateMetaDb\projects\sampleSrc\metadata.db
2025-09-12 15:53:08,795 - SourceAnalyzer - DEBUG - logger.py:64 - SQL 스크립트 실행 성공: D:\Analyzer\CreateMetaDb\database\create_table_script.sql
2025-09-12 15:53:08,795 - SourceAnalyzer - INFO - logger.py:68 - 메타데이터베이스 초기화 완료: D:\Analyzer\CreateMetaDb\projects\sampleSrc\metadata.db
2025-09-12 15:53:08,796 - SourceAnalyzer - DEBUG - logger.py:64 - 쿼리 실행 성공: 
                SELECT COUNT(*) as count FROM pro...
2025-09-12 15:53:08,796 - SourceAnalyzer - DEBUG - logger.py:64 - 업데이트 쿼리 실행 성공: 
            INSERT INTO projects (project_name, p..., 영향받은 행: 1
2025-09-12 15:53:08,796 - SourceAnalyzer - DEBUG - logger.py:64 - 프로젝트 정보 저장/업데이트 완료: sampleSrc
2025-09-12 15:53:08,796 - SourceAnalyzer - INFO - logger.py:68 - 프로젝트 파일 스캔 시작: D:\Analyzer\CreateMetaDb\projects\sampleSrc
2025-09-12 15:53:08,814 - SourceAnalyzer - DEBUG - logger.py:64 - 디렉토리 스캔 완료: D:\Analyzer\CreateMetaDb\projects\sampleSrc, 파일 수: 40
2025-09-12 15:53:08,815 - SourceAnalyzer - DEBUG - logger.py:64 - 파일 읽기 성공: D:\Analyzer\CreateMetaDb\projects\sampleSrc\config\target_source_config.yaml
2025-09-12 15:53:08,820 - SourceAnalyzer - DEBUG - logger.py:64 - YAML 설정 파일 로드 성공: D:\Analyzer\CreateMetaDb\projects\sampleSrc\config\target_source_config.yaml
2025-09-12 15:53:08,823 - SourceAnalyzer - DEBUG - logger.py:64 - 파일 읽기 성공: D:\Analyzer\CreateMetaDb\projects\sampleSrc\config\target_source_config.yaml
2025-09-12 15:53:08,829 - SourceAnalyzer - DEBUG - logger.py:64 - YAML 설정 파일 로드 성공: D:\Analyzer\CreateMetaDb\projects\sampleSrc\config\target_source_config.yaml
2025-09-12 15:53:08,830 - SourceAnalyzer - DEBUG - logger.py:64 - 파일 읽기 성공: D:\Analyzer\CreateMetaDb\projects\sampleSrc\config\target_source_config.yaml
2025-09-12 15:53:08,834 - SourceAnalyzer - DEBUG - logger.py:64 - YAML 설정 파일 로드 성공: D:\Analyzer\CreateMetaDb\projects\sampleSrc\config\target_source_config.yaml
2025-09-12 15:53:08,836 - SourceAnalyzer - DEBUG - logger.py:64 - 파일 읽기 성공: D:\Analyzer\CreateMetaDb\projects\sampleSrc\config\target_source_config.yaml
2025-09-12 15:53:08,840 - SourceAnalyzer - DEBUG - logger.py:64 - YAML 설정 파일 로드 성공: D:\Analyzer\CreateMetaDb\projects\sampleSrc\config\target_source_config.yaml
2025-09-12 15:53:08,840 - SourceAnalyzer - DEBUG - logger.py:64 - 파일 읽기 성공: D:\Analyzer\CreateMetaDb\projects\sampleSrc\config\target_source_config.yaml
2025-09-12 15:53:08,844 - SourceAnalyzer - DEBUG - logger.py:64 - YAML 설정 파일 로드 성공: D:\Analyzer\CreateMetaDb\projects\sampleSrc\config\target_source_config.yaml
2025-09-12 15:53:08,845 - SourceAnalyzer - DEBUG - logger.py:64 - 파일 읽기 성공: D:\Analyzer\CreateMetaDb\projects\sampleSrc\config\target_source_config.yaml
2025-09-12 15:53:08,849 - SourceAnalyzer - DEBUG - logger.py:64 - YAML 설정 파일 로드 성공: D:\Analyzer\CreateMetaDb\projects\sampleSrc\config\target_source_config.yaml
2025-09-12 15:53:08,850 - SourceAnalyzer - DEBUG - logger.py:64 - 파일 읽기 성공: D:\Analyzer\CreateMetaDb\projects\sampleSrc\config\target_source_config.yaml
2025-09-12 15:53:08,855 - SourceAnalyzer - DEBUG - logger.py:64 - YAML 설정 파일 로드 성공: D:\Analyzer\CreateMetaDb\projects\sampleSrc\config\target_source_config.yaml
2025-09-12 15:53:08,856 - SourceAnalyzer - DEBUG - logger.py:64 - 파일 읽기 성공: D:\Analyzer\CreateMetaDb\projects\sampleSrc\config\target_source_config.yaml
2025-09-12 15:53:08,860 - SourceAnalyzer - DEBUG - logger.py:64 - YAML 설정 파일 로드 성공: D:\Analyzer\CreateMetaDb\projects\sampleSrc\config\target_source_config.yaml
2025-09-12 15:53:08,860 - SourceAnalyzer - DEBUG - logger.py:64 - 파일 읽기 성공: D:\Analyzer\CreateMetaDb\projects\sampleSrc\config\target_source_config.yaml
2025-09-12 15:53:08,864 - SourceAnalyzer - DEBUG - logger.py:64 - YAML 설정 파일 로드 성공: D:\Analyzer\CreateMetaDb\projects\sampleSrc\config\target_source_config.yaml
2025-09-12 15:53:08,865 - SourceAnalyzer - DEBUG - logger.py:64 - 파일 읽기 성공: D:\Analyzer\CreateMetaDb\projects\sampleSrc\config\target_source_config.yaml
2025-09-12 15:53:08,869 - SourceAnalyzer - DEBUG - logger.py:64 - YAML 설정 파일 로드 성공: D:\Analyzer\CreateMetaDb\projects\sampleSrc\config\target_source_config.yaml
2025-09-12 15:53:08,870 - SourceAnalyzer - DEBUG - logger.py:64 - 파일 읽기 성공: D:\Analyzer\CreateMetaDb\projects\sampleSrc\config\target_source_config.yaml
2025-09-12 15:53:08,874 - SourceAnalyzer - DEBUG - logger.py:64 - YAML 설정 파일 로드 성공: D:\Analyzer\CreateMetaDb\projects\sampleSrc\config\target_source_config.yaml
2025-09-12 15:53:08,875 - SourceAnalyzer - DEBUG - logger.py:64 - 파일 읽기 성공: D:\Analyzer\CreateMetaDb\projects\sampleSrc\config\target_source_config.yaml
2025-09-12 15:53:08,880 - SourceAnalyzer - DEBUG - logger.py:64 - YAML 설정 파일 로드 성공: D:\Analyzer\CreateMetaDb\projects\sampleSrc\config\target_source_config.yaml
2025-09-12 15:53:08,880 - SourceAnalyzer - DEBUG - logger.py:64 - 파일 읽기 성공: D:\Analyzer\CreateMetaDb\projects\sampleSrc\config\target_source_config.yaml
2025-09-12 15:53:08,885 - SourceAnalyzer - DEBUG - logger.py:64 - YAML 설정 파일 로드 성공: D:\Analyzer\CreateMetaDb\projects\sampleSrc\config\target_source_config.yaml
2025-09-12 15:53:08,886 - SourceAnalyzer - DEBUG - logger.py:64 - 파일 읽기 성공: D:\Analyzer\CreateMetaDb\projects\sampleSrc\config\target_source_config.yaml
2025-09-12 15:53:08,890 - SourceAnalyzer - DEBUG - logger.py:64 - YAML 설정 파일 로드 성공: D:\Analyzer\CreateMetaDb\projects\sampleSrc\config\target_source_config.yaml
2025-09-12 15:53:08,891 - SourceAnalyzer - DEBUG - logger.py:64 - 파일 읽기 성공: D:\Analyzer\CreateMetaDb\projects\sampleSrc\config\target_source_config.yaml
2025-09-12 15:53:08,895 - SourceAnalyzer - DEBUG - logger.py:64 - YAML 설정 파일 로드 성공: D:\Analyzer\CreateMetaDb\projects\sampleSrc\config\target_source_config.yaml
2025-09-12 15:53:08,896 - SourceAnalyzer - DEBUG - logger.py:64 - 파일 읽기 성공: D:\Analyzer\CreateMetaDb\projects\sampleSrc\config\target_source_config.yaml
2025-09-12 15:53:08,899 - SourceAnalyzer - DEBUG - logger.py:64 - YAML 설정 파일 로드 성공: D:\Analyzer\CreateMetaDb\projects\sampleSrc\config\target_source_config.yaml
2025-09-12 15:53:08,901 - SourceAnalyzer - DEBUG - logger.py:64 - 파일 읽기 성공: D:\Analyzer\CreateMetaDb\projects\sampleSrc\config\target_source_config.yaml
2025-09-12 15:53:08,905 - SourceAnalyzer - DEBUG - logger.py:64 - YAML 설정 파일 로드 성공: D:\Analyzer\CreateMetaDb\projects\sampleSrc\config\target_source_config.yaml
2025-09-12 15:53:08,905 - SourceAnalyzer - DEBUG - logger.py:64 - 파일 읽기 성공: D:\Analyzer\CreateMetaDb\projects\sampleSrc\config\target_source_config.yaml
2025-09-12 15:53:08,909 - SourceAnalyzer - DEBUG - logger.py:64 - YAML 설정 파일 로드 성공: D:\Analyzer\CreateMetaDb\projects\sampleSrc\config\target_source_config.yaml
2025-09-12 15:53:08,910 - SourceAnalyzer - DEBUG - logger.py:64 - 파일 읽기 성공: D:\Analyzer\CreateMetaDb\projects\sampleSrc\config\target_source_config.yaml
2025-09-12 15:53:08,914 - SourceAnalyzer - DEBUG - logger.py:64 - YAML 설정 파일 로드 성공: D:\Analyzer\CreateMetaDb\projects\sampleSrc\config\target_source_config.yaml
2025-09-12 15:53:08,915 - SourceAnalyzer - DEBUG - logger.py:64 - 파일 읽기 성공: D:\Analyzer\CreateMetaDb\projects\sampleSrc\config\target_source_config.yaml
2025-09-12 15:53:08,919 - SourceAnalyzer - DEBUG - logger.py:64 - YAML 설정 파일 로드 성공: D:\Analyzer\CreateMetaDb\projects\sampleSrc\config\target_source_config.yaml
2025-09-12 15:53:08,920 - SourceAnalyzer - DEBUG - logger.py:64 - 파일 읽기 성공: D:\Analyzer\CreateMetaDb\projects\sampleSrc\config\target_source_config.yaml
2025-09-12 15:53:08,924 - SourceAnalyzer - DEBUG - logger.py:64 - YAML 설정 파일 로드 성공: D:\Analyzer\CreateMetaDb\projects\sampleSrc\config\target_source_config.yaml
2025-09-12 15:53:08,925 - SourceAnalyzer - DEBUG - logger.py:64 - 파일 읽기 성공: D:\Analyzer\CreateMetaDb\projects\sampleSrc\config\target_source_config.yaml
2025-09-12 15:53:08,929 - SourceAnalyzer - DEBUG - logger.py:64 - YAML 설정 파일 로드 성공: D:\Analyzer\CreateMetaDb\projects\sampleSrc\config\target_source_config.yaml
2025-09-12 15:53:08,930 - SourceAnalyzer - DEBUG - logger.py:64 - 파일 읽기 성공: D:\Analyzer\CreateMetaDb\projects\sampleSrc\config\target_source_config.yaml
2025-09-12 15:53:08,934 - SourceAnalyzer - DEBUG - logger.py:64 - YAML 설정 파일 로드 성공: D:\Analyzer\CreateMetaDb\projects\sampleSrc\config\target_source_config.yaml
2025-09-12 15:53:08,935 - SourceAnalyzer - DEBUG - logger.py:64 - 파일 읽기 성공: D:\Analyzer\CreateMetaDb\projects\sampleSrc\config\target_source_config.yaml
2025-09-12 15:53:08,940 - SourceAnalyzer - DEBUG - logger.py:64 - YAML 설정 파일 로드 성공: D:\Analyzer\CreateMetaDb\projects\sampleSrc\config\target_source_config.yaml
2025-09-12 15:53:08,941 - SourceAnalyzer - DEBUG - logger.py:64 - 파일 읽기 성공: D:\Analyzer\CreateMetaDb\projects\sampleSrc\config\target_source_config.yaml
2025-09-12 15:53:08,945 - SourceAnalyzer - DEBUG - logger.py:64 - YAML 설정 파일 로드 성공: D:\Analyzer\CreateMetaDb\projects\sampleSrc\config\target_source_config.yaml
2025-09-12 15:53:08,945 - SourceAnalyzer - DEBUG - logger.py:64 - 파일 읽기 성공: D:\Analyzer\CreateMetaDb\projects\sampleSrc\config\target_source_config.yaml
2025-09-12 15:53:08,949 - SourceAnalyzer - DEBUG - logger.py:64 - YAML 설정 파일 로드 성공: D:\Analyzer\CreateMetaDb\projects\sampleSrc\config\target_source_config.yaml
2025-09-12 15:53:08,950 - SourceAnalyzer - DEBUG - logger.py:64 - 파일 읽기 성공: D:\Analyzer\CreateMetaDb\projects\sampleSrc\config\target_source_config.yaml
2025-09-12 15:53:08,955 - SourceAnalyzer - DEBUG - logger.py:64 - YAML 설정 파일 로드 성공: D:\Analyzer\CreateMetaDb\projects\sampleSrc\config\target_source_config.yaml
2025-09-12 15:53:08,956 - SourceAnalyzer - DEBUG - logger.py:64 - 파일 읽기 성공: D:\Analyzer\CreateMetaDb\projects\sampleSrc\config\target_source_config.yaml
2025-09-12 15:53:08,960 - SourceAnalyzer - DEBUG - logger.py:64 - YAML 설정 파일 로드 성공: D:\Analyzer\CreateMetaDb\projects\sampleSrc\config\target_source_config.yaml
2025-09-12 15:53:08,960 - SourceAnalyzer - DEBUG - logger.py:64 - 파일 읽기 성공: D:\Analyzer\CreateMetaDb\projects\sampleSrc\config\target_source_config.yaml
2025-09-12 15:53:08,964 - SourceAnalyzer - DEBUG - logger.py:64 - YAML 설정 파일 로드 성공: D:\Analyzer\CreateMetaDb\projects\sampleSrc\config\target_source_config.yaml
2025-09-12 15:53:08,965 - SourceAnalyzer - DEBUG - logger.py:64 - 파일 읽기 성공: D:\Analyzer\CreateMetaDb\projects\sampleSrc\config\target_source_config.yaml
2025-09-12 15:53:08,970 - SourceAnalyzer - DEBUG - logger.py:64 - YAML 설정 파일 로드 성공: D:\Analyzer\CreateMetaDb\projects\sampleSrc\config\target_source_config.yaml
2025-09-12 15:53:08,971 - SourceAnalyzer - DEBUG - logger.py:64 - 파일 읽기 성공: D:\Analyzer\CreateMetaDb\projects\sampleSrc\config\target_source_config.yaml
2025-09-12 15:53:08,975 - SourceAnalyzer - DEBUG - logger.py:64 - YAML 설정 파일 로드 성공: D:\Analyzer\CreateMetaDb\projects\sampleSrc\config\target_source_config.yaml
2025-09-12 15:53:08,975 - SourceAnalyzer - DEBUG - logger.py:64 - 파일 읽기 성공: D:\Analyzer\CreateMetaDb\projects\sampleSrc\config\target_source_config.yaml
2025-09-12 15:53:08,979 - SourceAnalyzer - DEBUG - logger.py:64 - YAML 설정 파일 로드 성공: D:\Analyzer\CreateMetaDb\projects\sampleSrc\config\target_source_config.yaml
2025-09-12 15:53:08,980 - SourceAnalyzer - DEBUG - logger.py:64 - 파일 읽기 성공: D:\Analyzer\CreateMetaDb\projects\sampleSrc\config\target_source_config.yaml
2025-09-12 15:53:08,984 - SourceAnalyzer - DEBUG - logger.py:64 - YAML 설정 파일 로드 성공: D:\Analyzer\CreateMetaDb\projects\sampleSrc\config\target_source_config.yaml
2025-09-12 15:53:08,986 - SourceAnalyzer - INFO - logger.py:68 - 파일 스캔 완료: 총 34개 파일
2025-09-12 15:53:08,986 - SourceAnalyzer - DEBUG - logger.py:64 - 쿼리 실행 성공: SELECT project_id FROM projects WHERE project_name...
2025-09-12 15:53:08,986 - SourceAnalyzer - DEBUG - logger.py:64 - 쿼리 실행 성공: 
                SELECT COUNT(*) as count FROM fil...
2025-09-12 15:53:08,986 - SourceAnalyzer - DEBUG - logger.py:64 - 업데이트 쿼리 실행 성공: 
            INSERT INTO files (file_path, file_na..., 영향받은 행: 1
2025-09-12 15:53:08,986 - SourceAnalyzer - DEBUG - logger.py:64 - 쿼리 실행 성공: 
                SELECT COUNT(*) as count FROM fil...
2025-09-12 15:53:08,986 - SourceAnalyzer - DEBUG - logger.py:64 - 업데이트 쿼리 실행 성공: 
            INSERT INTO files (file_path, file_na..., 영향받은 행: 1
2025-09-12 15:53:08,986 - SourceAnalyzer - DEBUG - logger.py:64 - 쿼리 실행 성공: 
                SELECT COUNT(*) as count FROM fil...
2025-09-12 15:53:08,987 - SourceAnalyzer - DEBUG - logger.py:64 - 업데이트 쿼리 실행 성공: 
            INSERT INTO files (file_path, file_na..., 영향받은 행: 1
2025-09-12 15:53:08,987 - SourceAnalyzer - DEBUG - logger.py:64 - 쿼리 실행 성공: 
                SELECT COUNT(*) as count FROM fil...
2025-09-12 15:53:08,987 - SourceAnalyzer - DEBUG - logger.py:64 - 업데이트 쿼리 실행 성공: 
            INSERT INTO files (file_path, file_na..., 영향받은 행: 1
2025-09-12 15:53:08,987 - SourceAnalyzer - DEBUG - logger.py:64 - 쿼리 실행 성공: 
                SELECT COUNT(*) as count FROM fil...
2025-09-12 15:53:08,987 - SourceAnalyzer - DEBUG - logger.py:64 - 업데이트 쿼리 실행 성공: 
            INSERT INTO files (file_path, file_na..., 영향받은 행: 1
2025-09-12 15:53:08,987 - SourceAnalyzer - DEBUG - logger.py:64 - 쿼리 실행 성공: 
                SELECT COUNT(*) as count FROM fil...
2025-09-12 15:53:08,987 - SourceAnalyzer - DEBUG - logger.py:64 - 업데이트 쿼리 실행 성공: 
            INSERT INTO files (file_path, file_na..., 영향받은 행: 1
2025-09-12 15:53:08,987 - SourceAnalyzer - DEBUG - logger.py:64 - 쿼리 실행 성공: 
                SELECT COUNT(*) as count FROM fil...
2025-09-12 15:53:08,987 - SourceAnalyzer - DEBUG - logger.py:64 - 업데이트 쿼리 실행 성공: 
            INSERT INTO files (file_path, file_na..., 영향받은 행: 1
2025-09-12 15:53:08,987 - SourceAnalyzer - DEBUG - logger.py:64 - 쿼리 실행 성공: 
                SELECT COUNT(*) as count FROM fil...
2025-09-12 15:53:08,987 - SourceAnalyzer - DEBUG - logger.py:64 - 업데이트 쿼리 실행 성공: 
            INSERT INTO files (file_path, file_na..., 영향받은 행: 1
2025-09-12 15:53:08,988 - SourceAnalyzer - DEBUG - logger.py:64 - 쿼리 실행 성공: 
                SELECT COUNT(*) as count FROM fil...
2025-09-12 15:53:08,988 - SourceAnalyzer - DEBUG - logger.py:64 - 업데이트 쿼리 실행 성공: 
            INSERT INTO files (file_path, file_na..., 영향받은 행: 1
2025-09-12 15:53:08,988 - SourceAnalyzer - DEBUG - logger.py:64 - 쿼리 실행 성공: 
                SELECT COUNT(*) as count FROM fil...
2025-09-12 15:53:08,988 - SourceAnalyzer - DEBUG - logger.py:64 - 업데이트 쿼리 실행 성공: 
            INSERT INTO files (file_path, file_na..., 영향받은 행: 1
2025-09-12 15:53:08,988 - SourceAnalyzer - DEBUG - logger.py:64 - 쿼리 실행 성공: 
                SELECT COUNT(*) as count FROM fil...
2025-09-12 15:53:08,988 - SourceAnalyzer - DEBUG - logger.py:64 - 업데이트 쿼리 실행 성공: 
            INSERT INTO files (file_path, file_na..., 영향받은 행: 1
2025-09-12 15:53:08,988 - SourceAnalyzer - DEBUG - logger.py:64 - 쿼리 실행 성공: 
                SELECT COUNT(*) as count FROM fil...
2025-09-12 15:53:08,988 - SourceAnalyzer - DEBUG - logger.py:64 - 업데이트 쿼리 실행 성공: 
            INSERT INTO files (file_path, file_na..., 영향받은 행: 1
2025-09-12 15:53:08,988 - SourceAnalyzer - DEBUG - logger.py:64 - 쿼리 실행 성공: 
                SELECT COUNT(*) as count FROM fil...
2025-09-12 15:53:08,988 - SourceAnalyzer - DEBUG - logger.py:64 - 업데이트 쿼리 실행 성공: 
            INSERT INTO files (file_path, file_na..., 영향받은 행: 1
2025-09-12 15:53:08,988 - SourceAnalyzer - DEBUG - logger.py:64 - 쿼리 실행 성공: 
                SELECT COUNT(*) as count FROM fil...
2025-09-12 15:53:08,988 - SourceAnalyzer - DEBUG - logger.py:64 - 업데이트 쿼리 실행 성공: 
            INSERT INTO files (file_path, file_na..., 영향받은 행: 1
2025-09-12 15:53:08,988 - SourceAnalyzer - DEBUG - logger.py:64 - 쿼리 실행 성공: 
                SELECT COUNT(*) as count FROM fil...
2025-09-12 15:53:08,989 - SourceAnalyzer - DEBUG - logger.py:64 - 업데이트 쿼리 실행 성공: 
            INSERT INTO files (file_path, file_na..., 영향받은 행: 1
2025-09-12 15:53:08,989 - SourceAnalyzer - DEBUG - logger.py:64 - 쿼리 실행 성공: 
                SELECT COUNT(*) as count FROM fil...
2025-09-12 15:53:08,989 - SourceAnalyzer - DEBUG - logger.py:64 - 업데이트 쿼리 실행 성공: 
            INSERT INTO files (file_path, file_na..., 영향받은 행: 1
2025-09-12 15:53:08,989 - SourceAnalyzer - DEBUG - logger.py:64 - 쿼리 실행 성공: 
                SELECT COUNT(*) as count FROM fil...
2025-09-12 15:53:08,989 - SourceAnalyzer - DEBUG - logger.py:64 - 업데이트 쿼리 실행 성공: 
            INSERT INTO files (file_path, file_na..., 영향받은 행: 1
2025-09-12 15:53:08,989 - SourceAnalyzer - DEBUG - logger.py:64 - 쿼리 실행 성공: 
                SELECT COUNT(*) as count FROM fil...
2025-09-12 15:53:08,989 - SourceAnalyzer - DEBUG - logger.py:64 - 업데이트 쿼리 실행 성공: 
            INSERT INTO files (file_path, file_na..., 영향받은 행: 1
2025-09-12 15:53:08,989 - SourceAnalyzer - DEBUG - logger.py:64 - 쿼리 실행 성공: 
                SELECT COUNT(*) as count FROM fil...
2025-09-12 15:53:08,989 - SourceAnalyzer - DEBUG - logger.py:64 - 업데이트 쿼리 실행 성공: 
            INSERT INTO files (file_path, file_na..., 영향받은 행: 1
2025-09-12 15:53:08,989 - SourceAnalyzer - DEBUG - logger.py:64 - 쿼리 실행 성공: 
                SELECT COUNT(*) as count FROM fil...
2025-09-12 15:53:08,989 - SourceAnalyzer - DEBUG - logger.py:64 - 업데이트 쿼리 실행 성공: 
            INSERT INTO files (file_path, file_na..., 영향받은 행: 1
2025-09-12 15:53:08,989 - SourceAnalyzer - DEBUG - logger.py:64 - 쿼리 실행 성공: 
                SELECT COUNT(*) as count FROM fil...
2025-09-12 15:53:08,990 - SourceAnalyzer - DEBUG - logger.py:64 - 업데이트 쿼리 실행 성공: 
            INSERT INTO files (file_path, file_na..., 영향받은 행: 1
2025-09-12 15:53:08,990 - SourceAnalyzer - DEBUG - logger.py:64 - 쿼리 실행 성공: 
                SELECT COUNT(*) as count FROM fil...
2025-09-12 15:53:08,990 - SourceAnalyzer - DEBUG - logger.py:64 - 업데이트 쿼리 실행 성공: 
            INSERT INTO files (file_path, file_na..., 영향받은 행: 1
2025-09-12 15:53:08,990 - SourceAnalyzer - DEBUG - logger.py:64 - 쿼리 실행 성공: 
                SELECT COUNT(*) as count FROM fil...
2025-09-12 15:53:08,990 - SourceAnalyzer - DEBUG - logger.py:64 - 업데이트 쿼리 실행 성공: 
            INSERT INTO files (file_path, file_na..., 영향받은 행: 1
2025-09-12 15:53:08,990 - SourceAnalyzer - DEBUG - logger.py:64 - 쿼리 실행 성공: 
                SELECT COUNT(*) as count FROM fil...
2025-09-12 15:53:08,990 - SourceAnalyzer - DEBUG - logger.py:64 - 업데이트 쿼리 실행 성공: 
            INSERT INTO files (file_path, file_na..., 영향받은 행: 1
2025-09-12 15:53:08,990 - SourceAnalyzer - DEBUG - logger.py:64 - 쿼리 실행 성공: 
                SELECT COUNT(*) as count FROM fil...
2025-09-12 15:53:08,990 - SourceAnalyzer - DEBUG - logger.py:64 - 업데이트 쿼리 실행 성공: 
            INSERT INTO files (file_path, file_na..., 영향받은 행: 1
2025-09-12 15:53:08,990 - SourceAnalyzer - DEBUG - logger.py:64 - 쿼리 실행 성공: 
                SELECT COUNT(*) as count FROM fil...
2025-09-12 15:53:08,990 - SourceAnalyzer - DEBUG - logger.py:64 - 업데이트 쿼리 실행 성공: 
            INSERT INTO files (file_path, file_na..., 영향받은 행: 1
2025-09-12 15:53:08,990 - SourceAnalyzer - DEBUG - logger.py:64 - 쿼리 실행 성공: 
                SELECT COUNT(*) as count FROM fil...
2025-09-12 15:53:08,990 - SourceAnalyzer - DEBUG - logger.py:64 - 업데이트 쿼리 실행 성공: 
            INSERT INTO files (file_path, file_na..., 영향받은 행: 1
2025-09-12 15:53:08,991 - SourceAnalyzer - DEBUG - logger.py:64 - 쿼리 실행 성공: 
                SELECT COUNT(*) as count FROM fil...
2025-09-12 15:53:08,991 - SourceAnalyzer - DEBUG - logger.py:64 - 업데이트 쿼리 실행 성공: 
            INSERT INTO files (file_path, file_na..., 영향받은 행: 1
2025-09-12 15:53:08,991 - SourceAnalyzer - DEBUG - logger.py:64 - 쿼리 실행 성공: 
                SELECT COUNT(*) as count FROM fil...
2025-09-12 15:53:08,991 - SourceAnalyzer - DEBUG - logger.py:64 - 업데이트 쿼리 실행 성공: 
            INSERT INTO files (file_path, file_na..., 영향받은 행: 1
2025-09-12 15:53:08,991 - SourceAnalyzer - DEBUG - logger.py:64 - 쿼리 실행 성공: 
                SELECT COUNT(*) as count FROM fil...
2025-09-12 15:53:08,991 - SourceAnalyzer - DEBUG - logger.py:64 - 업데이트 쿼리 실행 성공: 
            INSERT INTO files (file_path, file_na..., 영향받은 행: 1
2025-09-12 15:53:08,991 - SourceAnalyzer - DEBUG - logger.py:64 - 쿼리 실행 성공: 
                SELECT COUNT(*) as count FROM fil...
2025-09-12 15:53:08,991 - SourceAnalyzer - DEBUG - logger.py:64 - 업데이트 쿼리 실행 성공: 
            INSERT INTO files (file_path, file_na..., 영향받은 행: 1
2025-09-12 15:53:08,991 - SourceAnalyzer - DEBUG - logger.py:64 - 쿼리 실행 성공: 
                SELECT COUNT(*) as count FROM fil...
2025-09-12 15:53:08,991 - SourceAnalyzer - DEBUG - logger.py:64 - 업데이트 쿼리 실행 성공: 
            INSERT INTO files (file_path, file_na..., 영향받은 행: 1
2025-09-12 15:53:08,991 - SourceAnalyzer - DEBUG - logger.py:64 - 쿼리 실행 성공: 
                SELECT COUNT(*) as count FROM fil...
2025-09-12 15:53:08,991 - SourceAnalyzer - DEBUG - logger.py:64 - 업데이트 쿼리 실행 성공: 
            INSERT INTO files (file_path, file_na..., 영향받은 행: 1
2025-09-12 15:53:08,991 - SourceAnalyzer - DEBUG - logger.py:64 - 쿼리 실행 성공: 
                SELECT COUNT(*) as count FROM fil...
2025-09-12 15:53:08,992 - SourceAnalyzer - DEBUG - logger.py:64 - 업데이트 쿼리 실행 성공: 
            INSERT INTO files (file_path, file_na..., 영향받은 행: 1
2025-09-12 15:53:08,992 - SourceAnalyzer - INFO - logger.py:68 - 파일 정보 저장 완료: 34개 파일
2025-09-12 15:53:08,992 - SourceAnalyzer - DEBUG - logger.py:64 - 업데이트 쿼리 실행 성공: UPDATE projects SET total_files = ? WHERE project_..., 영향받은 행: 1
2025-09-12 15:53:08,992 - SourceAnalyzer - DEBUG - logger.py:64 - 프로젝트 총 파일 수 업데이트: 34
2025-09-12 15:53:08,992 - SourceAnalyzer - INFO - logger.py:68 - === 파일 스캔 통계 ===
2025-09-12 15:53:08,992 - SourceAnalyzer - INFO - logger.py:68 - 총 파일 수: 34
2025-09-12 15:53:08,992 - SourceAnalyzer - INFO - logger.py:68 - 성공 스캔: 34
2025-09-12 15:53:08,992 - SourceAnalyzer - INFO - logger.py:68 - 오류 파일: 0
2025-09-12 15:53:08,992 - SourceAnalyzer - INFO - logger.py:68 - Java 파일: 19
2025-09-12 15:53:08,992 - SourceAnalyzer - INFO - logger.py:68 - XML 파일: 5
2025-09-12 15:53:08,992 - SourceAnalyzer - INFO - logger.py:68 - JSP 파일: 8
2025-09-12 15:53:08,992 - SourceAnalyzer - INFO - logger.py:68 - SQL 파일: 0
2025-09-12 15:53:08,992 - SourceAnalyzer - INFO - logger.py:68 - CSV 파일: 2
2025-09-12 15:53:08,992 - SourceAnalyzer - INFO - logger.py:68 - 기타 파일: 0
2025-09-12 15:53:08,992 - SourceAnalyzer - INFO - logger.py:68 - === 파일 스캔 완료 ===
2025-09-12 15:53:08,997 - SourceAnalyzer - DEBUG - logger.py:64 - 데이터베이스 연결 해제: D:\Analyzer\CreateMetaDb\projects\sampleSrc\metadata.db
2025-09-12 15:53:08,997 - SourceAnalyzer - INFO - logger.py:68 - 파일 스캔 완료: 파일 정보 저장
2025-09-12 15:53:08,997 - SourceAnalyzer - INFO - logger.py:68 - === 데이터베이스 로딩 시작: 데이터베이스 구조 저장 ===
2025-09-12 15:53:08,999 - SourceAnalyzer - DEBUG - logger.py:64 - 데이터베이스 연결 성공: D:\Analyzer\CreateMetaDb\projects\sampleSrc\metadata.db
2025-09-12 15:53:08,999 - SourceAnalyzer - WARNING - logger.py:72 - 인코딩 오류, 다른 인코딩으로 재시도: D:\Analyzer\CreateMetaDb\projects\sampleSrc\db_schema\ALL_TABLES.csv
2025-09-12 15:53:08,999 - SourceAnalyzer - DEBUG - logger.py:64 - 파일 읽기 성공 (cp949): D:\Analyzer\CreateMetaDb\projects\sampleSrc\db_schema\ALL_TABLES.csv
2025-09-12 15:53:09,000 - SourceAnalyzer - INFO - logger.py:68 - CSV 파일 로드 완료: D:\Analyzer\CreateMetaDb\projects\sampleSrc\db_schema\ALL_TABLES.csv, 16개 행
2025-09-12 15:53:09,000 - SourceAnalyzer - DEBUG - logger.py:64 - 쿼리 실행 성공: 
                SELECT f.file_id 
               ...
2025-09-12 15:53:09,002 - SourceAnalyzer - DEBUG - logger.py:64 - 배치 쿼리 실행 성공: 
            INSERT OR IGNORE INTO tables (project..., 처리된 행: 16
2025-09-12 15:53:09,002 - SourceAnalyzer - INFO - logger.py:68 - 테이블 정보 저장 완료: 16개 테이블 (오류: 0개)
2025-09-12 15:53:09,002 - SourceAnalyzer - WARNING - logger.py:72 - 인코딩 오류, 다른 인코딩으로 재시도: D:\Analyzer\CreateMetaDb\projects\sampleSrc\db_schema\ALL_TAB_COLUMNS.csv
2025-09-12 15:53:09,003 - SourceAnalyzer - DEBUG - logger.py:64 - 파일 읽기 성공 (cp949): D:\Analyzer\CreateMetaDb\projects\sampleSrc\db_schema\ALL_TAB_COLUMNS.csv
2025-09-12 15:53:09,003 - SourceAnalyzer - INFO - logger.py:68 - CSV 파일 로드 완료: D:\Analyzer\CreateMetaDb\projects\sampleSrc\db_schema\ALL_TAB_COLUMNS.csv, 91개 행
2025-09-12 15:53:09,003 - SourceAnalyzer - DEBUG - logger.py:64 - 쿼리 실행 성공: 
                SELECT t.table_id 
              ...
2025-09-12 15:53:09,003 - SourceAnalyzer - DEBUG - logger.py:64 - 쿼리 실행 성공: 
                SELECT t.table_id 
              ...
2025-09-12 15:53:09,003 - SourceAnalyzer - DEBUG - logger.py:64 - 쿼리 실행 성공: 
                SELECT t.table_id 
              ...
2025-09-12 15:53:09,003 - SourceAnalyzer - DEBUG - logger.py:64 - 쿼리 실행 성공: 
                SELECT t.table_id 
              ...
2025-09-12 15:53:09,003 - SourceAnalyzer - DEBUG - logger.py:64 - 쿼리 실행 성공: 
                SELECT t.table_id 
              ...
2025-09-12 15:53:09,003 - SourceAnalyzer - DEBUG - logger.py:64 - 쿼리 실행 성공: 
                SELECT t.table_id 
              ...
2025-09-12 15:53:09,003 - SourceAnalyzer - DEBUG - logger.py:64 - 쿼리 실행 성공: 
                SELECT t.table_id 
              ...
2025-09-12 15:53:09,003 - SourceAnalyzer - DEBUG - logger.py:64 - 쿼리 실행 성공: 
                SELECT t.table_id 
              ...
2025-09-12 15:53:09,004 - SourceAnalyzer - DEBUG - logger.py:64 - 쿼리 실행 성공: 
                SELECT t.table_id 
              ...
2025-09-12 15:53:09,004 - SourceAnalyzer - DEBUG - logger.py:64 - 쿼리 실행 성공: 
                SELECT t.table_id 
              ...
2025-09-12 15:53:09,004 - SourceAnalyzer - DEBUG - logger.py:64 - 쿼리 실행 성공: 
                SELECT t.table_id 
              ...
2025-09-12 15:53:09,004 - SourceAnalyzer - DEBUG - logger.py:64 - 쿼리 실행 성공: 
                SELECT t.table_id 
              ...
2025-09-12 15:53:09,004 - SourceAnalyzer - DEBUG - logger.py:64 - 쿼리 실행 성공: 
                SELECT t.table_id 
              ...
2025-09-12 15:53:09,004 - SourceAnalyzer - DEBUG - logger.py:64 - 쿼리 실행 성공: 
                SELECT t.table_id 
              ...
2025-09-12 15:53:09,004 - SourceAnalyzer - DEBUG - logger.py:64 - 쿼리 실행 성공: 
                SELECT t.table_id 
              ...
2025-09-12 15:53:09,004 - SourceAnalyzer - DEBUG - logger.py:64 - 쿼리 실행 성공: 
                SELECT t.table_id 
              ...
2025-09-12 15:53:09,004 - SourceAnalyzer - DEBUG - logger.py:64 - 쿼리 실행 성공: 
                SELECT t.table_id 
              ...
2025-09-12 15:53:09,004 - SourceAnalyzer - DEBUG - logger.py:64 - 쿼리 실행 성공: 
                SELECT t.table_id 
              ...
2025-09-12 15:53:09,004 - SourceAnalyzer - DEBUG - logger.py:64 - 쿼리 실행 성공: 
                SELECT t.table_id 
              ...
2025-09-12 15:53:09,004 - SourceAnalyzer - DEBUG - logger.py:64 - 쿼리 실행 성공: 
                SELECT t.table_id 
              ...
2025-09-12 15:53:09,004 - SourceAnalyzer - DEBUG - logger.py:64 - 쿼리 실행 성공: 
                SELECT t.table_id 
              ...
2025-09-12 15:53:09,004 - SourceAnalyzer - DEBUG - logger.py:64 - 쿼리 실행 성공: 
                SELECT t.table_id 
              ...
2025-09-12 15:53:09,004 - SourceAnalyzer - DEBUG - logger.py:64 - 쿼리 실행 성공: 
                SELECT t.table_id 
              ...
2025-09-12 15:53:09,004 - SourceAnalyzer - DEBUG - logger.py:64 - 쿼리 실행 성공: 
                SELECT t.table_id 
              ...
2025-09-12 15:53:09,004 - SourceAnalyzer - DEBUG - logger.py:64 - 쿼리 실행 성공: 
                SELECT t.table_id 
              ...
2025-09-12 15:53:09,004 - SourceAnalyzer - DEBUG - logger.py:64 - 쿼리 실행 성공: 
                SELECT t.table_id 
              ...
2025-09-12 15:53:09,004 - SourceAnalyzer - DEBUG - logger.py:64 - 쿼리 실행 성공: 
                SELECT t.table_id 
              ...
2025-09-12 15:53:09,005 - SourceAnalyzer - DEBUG - logger.py:64 - 쿼리 실행 성공: 
                SELECT t.table_id 
              ...
2025-09-12 15:53:09,005 - SourceAnalyzer - DEBUG - logger.py:64 - 쿼리 실행 성공: 
                SELECT t.table_id 
              ...
2025-09-12 15:53:09,005 - SourceAnalyzer - DEBUG - logger.py:64 - 쿼리 실행 성공: 
                SELECT t.table_id 
              ...
2025-09-12 15:53:09,005 - SourceAnalyzer - DEBUG - logger.py:64 - 쿼리 실행 성공: 
                SELECT t.table_id 
              ...
2025-09-12 15:53:09,005 - SourceAnalyzer - DEBUG - logger.py:64 - 쿼리 실행 성공: 
                SELECT t.table_id 
              ...
2025-09-12 15:53:09,005 - SourceAnalyzer - DEBUG - logger.py:64 - 쿼리 실행 성공: 
                SELECT t.table_id 
              ...
2025-09-12 15:53:09,005 - SourceAnalyzer - DEBUG - logger.py:64 - 쿼리 실행 성공: 
                SELECT t.table_id 
              ...
2025-09-12 15:53:09,005 - SourceAnalyzer - DEBUG - logger.py:64 - 쿼리 실행 성공: 
                SELECT t.table_id 
              ...
2025-09-12 15:53:09,005 - SourceAnalyzer - DEBUG - logger.py:64 - 쿼리 실행 성공: 
                SELECT t.table_id 
              ...
2025-09-12 15:53:09,005 - SourceAnalyzer - DEBUG - logger.py:64 - 쿼리 실행 성공: 
                SELECT t.table_id 
              ...
2025-09-12 15:53:09,005 - SourceAnalyzer - DEBUG - logger.py:64 - 쿼리 실행 성공: 
                SELECT t.table_id 
              ...
2025-09-12 15:53:09,005 - SourceAnalyzer - DEBUG - logger.py:64 - 쿼리 실행 성공: 
                SELECT t.table_id 
              ...
2025-09-12 15:53:09,005 - SourceAnalyzer - DEBUG - logger.py:64 - 쿼리 실행 성공: 
                SELECT t.table_id 
              ...
2025-09-12 15:53:09,005 - SourceAnalyzer - DEBUG - logger.py:64 - 쿼리 실행 성공: 
                SELECT t.table_id 
              ...
2025-09-12 15:53:09,005 - SourceAnalyzer - DEBUG - logger.py:64 - 쿼리 실행 성공: 
                SELECT t.table_id 
              ...
2025-09-12 15:53:09,005 - SourceAnalyzer - DEBUG - logger.py:64 - 쿼리 실행 성공: 
                SELECT t.table_id 
              ...
2025-09-12 15:53:09,005 - SourceAnalyzer - DEBUG - logger.py:64 - 쿼리 실행 성공: 
                SELECT t.table_id 
              ...
2025-09-12 15:53:09,006 - SourceAnalyzer - DEBUG - logger.py:64 - 쿼리 실행 성공: 
                SELECT t.table_id 
              ...
2025-09-12 15:53:09,006 - SourceAnalyzer - DEBUG - logger.py:64 - 쿼리 실행 성공: 
                SELECT t.table_id 
              ...
2025-09-12 15:53:09,006 - SourceAnalyzer - DEBUG - logger.py:64 - 쿼리 실행 성공: 
                SELECT t.table_id 
              ...
2025-09-12 15:53:09,006 - SourceAnalyzer - DEBUG - logger.py:64 - 쿼리 실행 성공: 
                SELECT t.table_id 
              ...
2025-09-12 15:53:09,006 - SourceAnalyzer - DEBUG - logger.py:64 - 쿼리 실행 성공: 
                SELECT t.table_id 
              ...
2025-09-12 15:53:09,006 - SourceAnalyzer - DEBUG - logger.py:64 - 쿼리 실행 성공: 
                SELECT t.table_id 
              ...
2025-09-12 15:53:09,006 - SourceAnalyzer - DEBUG - logger.py:64 - 쿼리 실행 성공: 
                SELECT t.table_id 
              ...
2025-09-12 15:53:09,006 - SourceAnalyzer - DEBUG - logger.py:64 - 쿼리 실행 성공: 
                SELECT t.table_id 
              ...
2025-09-12 15:53:09,006 - SourceAnalyzer - DEBUG - logger.py:64 - 쿼리 실행 성공: 
                SELECT t.table_id 
              ...
2025-09-12 15:53:09,006 - SourceAnalyzer - DEBUG - logger.py:64 - 쿼리 실행 성공: 
                SELECT t.table_id 
              ...
2025-09-12 15:53:09,006 - SourceAnalyzer - DEBUG - logger.py:64 - 쿼리 실행 성공: 
                SELECT t.table_id 
              ...
2025-09-12 15:53:09,006 - SourceAnalyzer - DEBUG - logger.py:64 - 쿼리 실행 성공: 
                SELECT t.table_id 
              ...
2025-09-12 15:53:09,006 - SourceAnalyzer - DEBUG - logger.py:64 - 쿼리 실행 성공: 
                SELECT t.table_id 
              ...
2025-09-12 15:53:09,006 - SourceAnalyzer - DEBUG - logger.py:64 - 쿼리 실행 성공: 
                SELECT t.table_id 
              ...
2025-09-12 15:53:09,006 - SourceAnalyzer - DEBUG - logger.py:64 - 쿼리 실행 성공: 
                SELECT t.table_id 
              ...
2025-09-12 15:53:09,006 - SourceAnalyzer - DEBUG - logger.py:64 - 쿼리 실행 성공: 
                SELECT t.table_id 
              ...
2025-09-12 15:53:09,006 - SourceAnalyzer - DEBUG - logger.py:64 - 쿼리 실행 성공: 
                SELECT t.table_id 
              ...
2025-09-12 15:53:09,006 - SourceAnalyzer - DEBUG - logger.py:64 - 쿼리 실행 성공: 
                SELECT t.table_id 
              ...
2025-09-12 15:53:09,007 - SourceAnalyzer - DEBUG - logger.py:64 - 쿼리 실행 성공: 
                SELECT t.table_id 
              ...
2025-09-12 15:53:09,007 - SourceAnalyzer - DEBUG - logger.py:64 - 쿼리 실행 성공: 
                SELECT t.table_id 
              ...
2025-09-12 15:53:09,007 - SourceAnalyzer - DEBUG - logger.py:64 - 쿼리 실행 성공: 
                SELECT t.table_id 
              ...
2025-09-12 15:53:09,007 - SourceAnalyzer - DEBUG - logger.py:64 - 쿼리 실행 성공: 
                SELECT t.table_id 
              ...
2025-09-12 15:53:09,007 - SourceAnalyzer - DEBUG - logger.py:64 - 쿼리 실행 성공: 
                SELECT t.table_id 
              ...
2025-09-12 15:53:09,007 - SourceAnalyzer - DEBUG - logger.py:64 - 쿼리 실행 성공: 
                SELECT t.table_id 
              ...
2025-09-12 15:53:09,007 - SourceAnalyzer - DEBUG - logger.py:64 - 쿼리 실행 성공: 
                SELECT t.table_id 
              ...
2025-09-12 15:53:09,007 - SourceAnalyzer - DEBUG - logger.py:64 - 쿼리 실행 성공: 
                SELECT t.table_id 
              ...
2025-09-12 15:53:09,007 - SourceAnalyzer - DEBUG - logger.py:64 - 쿼리 실행 성공: 
                SELECT t.table_id 
              ...
2025-09-12 15:53:09,007 - SourceAnalyzer - DEBUG - logger.py:64 - 쿼리 실행 성공: 
                SELECT t.table_id 
              ...
2025-09-12 15:53:09,007 - SourceAnalyzer - DEBUG - logger.py:64 - 쿼리 실행 성공: 
                SELECT t.table_id 
              ...
2025-09-12 15:53:09,007 - SourceAnalyzer - DEBUG - logger.py:64 - 쿼리 실행 성공: 
                SELECT t.table_id 
              ...
2025-09-12 15:53:09,007 - SourceAnalyzer - DEBUG - logger.py:64 - 쿼리 실행 성공: 
                SELECT t.table_id 
              ...
2025-09-12 15:53:09,007 - SourceAnalyzer - DEBUG - logger.py:64 - 쿼리 실행 성공: 
                SELECT t.table_id 
              ...
2025-09-12 15:53:09,007 - SourceAnalyzer - DEBUG - logger.py:64 - 쿼리 실행 성공: 
                SELECT t.table_id 
              ...
2025-09-12 15:53:09,007 - SourceAnalyzer - DEBUG - logger.py:64 - 쿼리 실행 성공: 
                SELECT t.table_id 
              ...
2025-09-12 15:53:09,007 - SourceAnalyzer - DEBUG - logger.py:64 - 쿼리 실행 성공: 
                SELECT t.table_id 
              ...
2025-09-12 15:53:09,007 - SourceAnalyzer - DEBUG - logger.py:64 - 쿼리 실행 성공: 
                SELECT t.table_id 
              ...
2025-09-12 15:53:09,007 - SourceAnalyzer - DEBUG - logger.py:64 - 쿼리 실행 성공: 
                SELECT t.table_id 
              ...
2025-09-12 15:53:09,008 - SourceAnalyzer - DEBUG - logger.py:64 - 쿼리 실행 성공: 
                SELECT t.table_id 
              ...
2025-09-12 15:53:09,008 - SourceAnalyzer - DEBUG - logger.py:64 - 쿼리 실행 성공: 
                SELECT t.table_id 
              ...
2025-09-12 15:53:09,008 - SourceAnalyzer - DEBUG - logger.py:64 - 쿼리 실행 성공: 
                SELECT t.table_id 
              ...
2025-09-12 15:53:09,008 - SourceAnalyzer - DEBUG - logger.py:64 - 쿼리 실행 성공: 
                SELECT t.table_id 
              ...
2025-09-12 15:53:09,008 - SourceAnalyzer - DEBUG - logger.py:64 - 쿼리 실행 성공: 
                SELECT t.table_id 
              ...
2025-09-12 15:53:09,008 - SourceAnalyzer - DEBUG - logger.py:64 - 쿼리 실행 성공: 
                SELECT t.table_id 
              ...
2025-09-12 15:53:09,008 - SourceAnalyzer - DEBUG - logger.py:64 - 쿼리 실행 성공: 
                SELECT t.table_id 
              ...
2025-09-12 15:53:09,008 - SourceAnalyzer - DEBUG - logger.py:64 - 쿼리 실행 성공: 
                SELECT t.table_id 
              ...
2025-09-12 15:53:09,008 - SourceAnalyzer - DEBUG - logger.py:64 - 쿼리 실행 성공: 
                SELECT t.table_id 
              ...
2025-09-12 15:53:09,008 - SourceAnalyzer - DEBUG - logger.py:64 - 쿼리 실행 성공: 
                SELECT t.table_id 
              ...
2025-09-12 15:53:09,009 - SourceAnalyzer - DEBUG - logger.py:64 - 배치 쿼리 실행 성공: 
            INSERT OR IGNORE INTO columns (table_..., 처리된 행: 91
2025-09-12 15:53:09,009 - SourceAnalyzer - INFO - logger.py:68 - 컬럼 정보 저장 완료: 91개 컬럼 (오류: 0개)
2025-09-12 15:53:09,009 - SourceAnalyzer - DEBUG - logger.py:64 - 쿼리 실행 성공: 
                SELECT f.file_id 
               ...
2025-09-12 15:53:09,009 - SourceAnalyzer - DEBUG - logger.py:64 - 쿼리 실행 성공: 
                SELECT table_id, table_name, tabl...
2025-09-12 15:53:09,009 - SourceAnalyzer - DEBUG - logger.py:64 - 배치 쿼리 실행 성공: 
            INSERT OR IGNORE INTO components (pro..., 처리된 행: 16
2025-09-12 15:53:09,009 - SourceAnalyzer - INFO - logger.py:68 - 테이블 컴포넌트 생성 완료: 16개
2025-09-12 15:53:09,009 - SourceAnalyzer - DEBUG - logger.py:64 - 업데이트 쿼리 실행 성공: 
                UPDATE tables 
                SE..., 영향받은 행: 16
2025-09-12 15:53:09,009 - SourceAnalyzer - DEBUG - logger.py:64 - 테이블 component_id 업데이트 완료
2025-09-12 15:53:09,009 - SourceAnalyzer - DEBUG - logger.py:64 - 쿼리 실행 성공: 
                SELECT f.file_id 
               ...
2025-09-12 15:53:09,010 - SourceAnalyzer - DEBUG - logger.py:64 - 쿼리 실행 성공: 
                SELECT c.column_id, c.column_name...
2025-09-12 15:53:09,010 - SourceAnalyzer - DEBUG - logger.py:64 - 배치 쿼리 실행 성공: 
            INSERT OR IGNORE INTO components (pro..., 처리된 행: 91
2025-09-12 15:53:09,010 - SourceAnalyzer - INFO - logger.py:68 - 컬럼 컴포넌트 생성 완료: 91개
2025-09-12 15:53:09,010 - SourceAnalyzer - INFO - logger.py:68 - === 데이터베이스 구조 저장 통계 ===
2025-09-12 15:53:09,010 - SourceAnalyzer - INFO - logger.py:68 - 테이블 로드: 16 (오류: 0)
2025-09-12 15:53:09,010 - SourceAnalyzer - INFO - logger.py:68 - 컬럼 로드: 91 (오류: 0)
2025-09-12 15:53:09,011 - SourceAnalyzer - INFO - logger.py:68 - 컴포넌트 생성: 107 (오류: 0)
2025-09-12 15:53:09,011 - SourceAnalyzer - INFO - logger.py:68 - 오류 없이 완료
2025-09-12 15:53:09,011 - SourceAnalyzer - INFO - logger.py:68 - === 데이터베이스 로딩 완료 ===
2025-09-12 15:53:09,014 - SourceAnalyzer - DEBUG - logger.py:64 - 데이터베이스 연결 해제: D:\Analyzer\CreateMetaDb\projects\sampleSrc\metadata.db
2025-09-12 15:53:09,014 - SourceAnalyzer - INFO - logger.py:68 - 데이터베이스 로딩 완료: 데이터베이스 구조 저장
2025-09-12 15:53:09,020 - SourceAnalyzer - ERROR - logger.py:128 - FATAL ERROR at D:\Analyzer\CreateMetaDb\parser\__init__.py:13 in <module>()
Code: from .step3_xml_query_extractor import Step3XmlQueryExtractor
Message: 프로그램 실행 중 오류 발생
Exception: ModuleNotFoundError: No module named 'parser.step3_xml_query_extractor'
Stack Trace:
Traceback (most recent call last):
  File "D:\Analyzer\CreateMetaDb\main.py", line 83, in main
    from xml_loading import XmlLoadingEngine
  File "D:\Analyzer\CreateMetaDb\xml_loading.py", line 21, in <module>
    from parser.xml_parser import XmlParser
  File "D:\Analyzer\CreateMetaDb\parser\__init__.py", line 13, in <module>
    from .step3_xml_query_extractor import Step3XmlQueryExtractor
ModuleNotFoundError: No module named 'parser.step3_xml_query_extractor'

