2025-09-12 13:58:30,454 - SourceAnalyzer - DEBUG - logger.py:64 - 파일 읽기 성공: config/parser/xml_parser_config.yaml
2025-09-12 13:58:30,459 - SourceAnalyzer - DEBUG - logger.py:64 - YAML 설정 파일 로드 성공: config/parser/xml_parser_config.yaml
2025-09-12 13:58:30,459 - SourceAnalyzer - DEBUG - logger.py:64 - 파일 읽기 성공: projects/sampleSrc/src/main/resources/mybatis/mapper/UserMapper.xml
2025-09-12 13:58:30,465 - SourceAnalyzer - DEBUG - logger.py:64 - 3단계 XML 쿼리 ID와 내용 추출 완료: projects/sampleSrc/src/main/resources/mybatis/mapper/UserMapper.xml, 22개 쿼리
2025-09-12 13:58:30,467 - SourceAnalyzer - DEBUG - logger.py:64 - 데이터베이스 연결 성공: D:\Analyzer\CreateMetaDb\projects\sampleSrc\metadata.db
2025-09-12 13:58:30,468 - SourceAnalyzer - DEBUG - logger.py:64 - 쿼리 실행 성공: SELECT COUNT(*) as count FROM components...
2025-09-12 13:58:30,468 - SourceAnalyzer - DEBUG - logger.py:64 - 쿼리 실행 성공: SELECT project_id FROM projects WHERE project_name...
2025-09-12 13:58:30,469 - SourceAnalyzer - DEBUG - logger.py:64 - 파일 경로 변환: projects/sampleSrc/src/main/resources/mybatis/mapper/UserMapper.xml -> src\main\resources\mybatis\mapper\UserMapper.xml
2025-09-12 13:58:30,469 - SourceAnalyzer - DEBUG - logger.py:64 - 쿼리 실행 성공: 
                        SELECT f.file_id 
       ...
2025-09-12 13:58:30,469 - SourceAnalyzer - ERROR - logger.py:76 - 데이터베이스 연결 오류: table components has no column named parent_component_id
2025-09-12 13:58:30,474 - SourceAnalyzer - ERROR - logger.py:128 - FATAL ERROR at D:\Analyzer\CreateMetaDb\util\database_utils.py:113 in execute_query()
Code: cursor.execute(query, params)
Message: 쿼리 실행 실패: 
                        INSERT OR REPLACE INTO co...
Exception: OperationalError: table components has no column named parent_component_id
Stack Trace:
Traceback (most recent call last):
  File "D:\Analyzer\CreateMetaDb\util\database_utils.py", line 113, in execute_query
    cursor.execute(query, params)
    ~~~~~~~~~~~~~~^^^^^^^^^^^^^^^
sqlite3.OperationalError: table components has no column named parent_component_id

