2025-09-12 21:14:45,500 - SourceAnalyzer - INFO - logger.py:68 - SourceAnalyzer 시작
2025-09-12 21:14:45,507 - SourceAnalyzer - DEBUG - logger.py:64 - 명령행 인자 파싱 완료: {'project_name': 'sampleSrc', 'clear_metadb': False, 'verbose': False, 'output_format': 'html', 'config_file': None, 'log_level': 'INFO', 'dry_run': False, 'force': False}
2025-09-12 21:14:45,507 - SourceAnalyzer - DEBUG - logger.py:64 - 인자 검증 성공
2025-09-12 21:14:45,507 - SourceAnalyzer - INFO - logger.py:68 - 분석 대상 프로젝트: sampleSrc
2025-09-12 21:14:45,507 - SourceAnalyzer - INFO - logger.py:68 - 분석 옵션:
2025-09-12 21:14:45,507 - SourceAnalyzer - INFO - logger.py:68 -   - 메타데이터베이스 초기화: False
2025-09-12 21:14:45,507 - SourceAnalyzer - INFO - logger.py:68 -   - 상세 로그: False
2025-09-12 21:14:45,508 - SourceAnalyzer - INFO - logger.py:68 -   - 출력 형식: html
2025-09-12 21:14:45,508 - SourceAnalyzer - INFO - logger.py:68 -   - 드라이런 모드: False
2025-09-12 21:14:45,508 - SourceAnalyzer - INFO - logger.py:68 -   - 강제 실행: False
2025-09-12 21:14:45,508 - SourceAnalyzer - INFO - logger.py:68 - 1단계 실행: 파일 정보 저장 (프로젝트 전체 스캔)
2025-09-12 21:14:45,509 - SourceAnalyzer - INFO - logger.py:68 - === 파일 스캔 시작: 파일 정보 저장 ===
2025-09-12 21:14:45,510 - SourceAnalyzer - DEBUG - logger.py:64 - 데이터베이스 연결 성공: D:\Analyzer\CreateMetaDb\projects\sampleSrc\metadata.db
2025-09-12 21:14:45,511 - SourceAnalyzer - DEBUG - logger.py:64 - 인덱스가 이미 존재함 (무시): CREATE UNIQUE INDEX ix_projects_01 ON projects (pr...
2025-09-12 21:14:45,511 - SourceAnalyzer - DEBUG - logger.py:64 - 인덱스가 이미 존재함 (무시): CREATE UNIQUE INDEX ix_tables_01 ON tables (table_...
2025-09-12 21:14:45,511 - SourceAnalyzer - DEBUG - logger.py:64 - 인덱스가 이미 존재함 (무시): CREATE UNIQUE INDEX ix_columns_01 ON columns (tabl...
2025-09-12 21:14:45,511 - SourceAnalyzer - DEBUG - logger.py:64 - 인덱스가 이미 존재함 (무시): CREATE UNIQUE INDEX ix_files_01 ON files (file_nam...
2025-09-12 21:14:45,511 - SourceAnalyzer - DEBUG - logger.py:64 - 인덱스가 이미 존재함 (무시): CREATE UNIQUE INDEX ix_classes_01 ON classes (clas...
2025-09-12 21:14:45,511 - SourceAnalyzer - DEBUG - logger.py:64 - 인덱스가 이미 존재함 (무시): CREATE INDEX ix_classes_02 ON classes (parent_clas...
2025-09-12 21:14:45,511 - SourceAnalyzer - DEBUG - logger.py:64 - 인덱스가 이미 존재함 (무시): CREATE UNIQUE INDEX ix_components_01 ON components...
2025-09-12 21:14:45,511 - SourceAnalyzer - DEBUG - logger.py:64 - 인덱스가 이미 존재함 (무시): CREATE INDEX ix_components_parent_id ON components...
2025-09-12 21:14:45,511 - SourceAnalyzer - DEBUG - logger.py:64 - 인덱스가 이미 존재함 (무시): CREATE UNIQUE INDEX ix_relationships_01 ON relatio...
2025-09-12 21:14:45,512 - SourceAnalyzer - DEBUG - logger.py:64 - SQL 스크립트 실행 성공: D:\Analyzer\CreateMetaDb\database\create_table_script.sql
2025-09-12 21:14:45,512 - SourceAnalyzer - INFO - logger.py:68 - 메타데이터베이스 초기화 완료: D:\Analyzer\CreateMetaDb\projects\sampleSrc\metadata.db
2025-09-12 21:14:45,512 - SourceAnalyzer - DEBUG - logger.py:64 - 쿼리 실행 성공: 
                SELECT COUNT(*) as count FROM pro...
2025-09-12 21:14:45,513 - SourceAnalyzer - DEBUG - logger.py:64 - 업데이트 쿼리 실행 성공: 
            UPDATE projects
            SET hash_..., 영향받은 행: 1
2025-09-12 21:14:45,513 - SourceAnalyzer - DEBUG - logger.py:64 - 프로젝트 정보 저장/업데이트 완료: sampleSrc
2025-09-12 21:14:45,513 - SourceAnalyzer - INFO - logger.py:68 - 프로젝트 파일 스캔 시작: D:\Analyzer\CreateMetaDb\projects\sampleSrc
2025-09-12 21:14:45,537 - SourceAnalyzer - DEBUG - logger.py:64 - 디렉토리 스캔 완료: D:\Analyzer\CreateMetaDb\projects\sampleSrc, 파일 수: 44
2025-09-12 21:14:45,538 - SourceAnalyzer - DEBUG - logger.py:64 - 파일 읽기 성공: D:\Analyzer\CreateMetaDb\projects\sampleSrc\config\target_source_config.yaml
2025-09-12 21:14:45,542 - SourceAnalyzer - DEBUG - logger.py:64 - YAML 설정 파일 로드 성공: D:\Analyzer\CreateMetaDb\projects\sampleSrc\config\target_source_config.yaml
2025-09-12 21:14:45,545 - SourceAnalyzer - DEBUG - logger.py:64 - 파일 읽기 성공: D:\Analyzer\CreateMetaDb\projects\sampleSrc\config\target_source_config.yaml
2025-09-12 21:14:45,550 - SourceAnalyzer - DEBUG - logger.py:64 - YAML 설정 파일 로드 성공: D:\Analyzer\CreateMetaDb\projects\sampleSrc\config\target_source_config.yaml
2025-09-12 21:14:45,552 - SourceAnalyzer - DEBUG - logger.py:64 - 파일 읽기 성공: D:\Analyzer\CreateMetaDb\projects\sampleSrc\config\target_source_config.yaml
2025-09-12 21:14:45,556 - SourceAnalyzer - DEBUG - logger.py:64 - YAML 설정 파일 로드 성공: D:\Analyzer\CreateMetaDb\projects\sampleSrc\config\target_source_config.yaml
2025-09-12 21:14:45,557 - SourceAnalyzer - DEBUG - logger.py:64 - 파일 읽기 성공: D:\Analyzer\CreateMetaDb\projects\sampleSrc\config\target_source_config.yaml
2025-09-12 21:14:45,561 - SourceAnalyzer - DEBUG - logger.py:64 - YAML 설정 파일 로드 성공: D:\Analyzer\CreateMetaDb\projects\sampleSrc\config\target_source_config.yaml
2025-09-12 21:14:45,562 - SourceAnalyzer - DEBUG - logger.py:64 - 파일 읽기 성공: D:\Analyzer\CreateMetaDb\projects\sampleSrc\config\target_source_config.yaml
2025-09-12 21:14:45,566 - SourceAnalyzer - DEBUG - logger.py:64 - YAML 설정 파일 로드 성공: D:\Analyzer\CreateMetaDb\projects\sampleSrc\config\target_source_config.yaml
2025-09-12 21:14:45,567 - SourceAnalyzer - DEBUG - logger.py:64 - 파일 읽기 성공: D:\Analyzer\CreateMetaDb\projects\sampleSrc\config\target_source_config.yaml
2025-09-12 21:14:45,571 - SourceAnalyzer - DEBUG - logger.py:64 - YAML 설정 파일 로드 성공: D:\Analyzer\CreateMetaDb\projects\sampleSrc\config\target_source_config.yaml
2025-09-12 21:14:45,572 - SourceAnalyzer - DEBUG - logger.py:64 - 파일 읽기 성공: D:\Analyzer\CreateMetaDb\projects\sampleSrc\config\target_source_config.yaml
2025-09-12 21:14:45,576 - SourceAnalyzer - DEBUG - logger.py:64 - YAML 설정 파일 로드 성공: D:\Analyzer\CreateMetaDb\projects\sampleSrc\config\target_source_config.yaml
2025-09-12 21:14:45,577 - SourceAnalyzer - DEBUG - logger.py:64 - 파일 읽기 성공: D:\Analyzer\CreateMetaDb\projects\sampleSrc\config\target_source_config.yaml
2025-09-12 21:14:45,580 - SourceAnalyzer - DEBUG - logger.py:64 - YAML 설정 파일 로드 성공: D:\Analyzer\CreateMetaDb\projects\sampleSrc\config\target_source_config.yaml
2025-09-12 21:14:45,581 - SourceAnalyzer - DEBUG - logger.py:64 - 파일 읽기 성공: D:\Analyzer\CreateMetaDb\projects\sampleSrc\config\target_source_config.yaml
2025-09-12 21:14:45,585 - SourceAnalyzer - DEBUG - logger.py:64 - YAML 설정 파일 로드 성공: D:\Analyzer\CreateMetaDb\projects\sampleSrc\config\target_source_config.yaml
2025-09-12 21:14:45,586 - SourceAnalyzer - DEBUG - logger.py:64 - 파일 읽기 성공: D:\Analyzer\CreateMetaDb\projects\sampleSrc\config\target_source_config.yaml
2025-09-12 21:14:45,591 - SourceAnalyzer - DEBUG - logger.py:64 - YAML 설정 파일 로드 성공: D:\Analyzer\CreateMetaDb\projects\sampleSrc\config\target_source_config.yaml
2025-09-12 21:14:45,592 - SourceAnalyzer - DEBUG - logger.py:64 - 파일 읽기 성공: D:\Analyzer\CreateMetaDb\projects\sampleSrc\config\target_source_config.yaml
2025-09-12 21:14:45,596 - SourceAnalyzer - DEBUG - logger.py:64 - YAML 설정 파일 로드 성공: D:\Analyzer\CreateMetaDb\projects\sampleSrc\config\target_source_config.yaml
2025-09-12 21:14:45,597 - SourceAnalyzer - DEBUG - logger.py:64 - 파일 읽기 성공: D:\Analyzer\CreateMetaDb\projects\sampleSrc\config\target_source_config.yaml
2025-09-12 21:14:45,601 - SourceAnalyzer - DEBUG - logger.py:64 - YAML 설정 파일 로드 성공: D:\Analyzer\CreateMetaDb\projects\sampleSrc\config\target_source_config.yaml
2025-09-12 21:14:45,602 - SourceAnalyzer - DEBUG - logger.py:64 - 파일 읽기 성공: D:\Analyzer\CreateMetaDb\projects\sampleSrc\config\target_source_config.yaml
2025-09-12 21:14:45,606 - SourceAnalyzer - DEBUG - logger.py:64 - YAML 설정 파일 로드 성공: D:\Analyzer\CreateMetaDb\projects\sampleSrc\config\target_source_config.yaml
2025-09-12 21:14:45,607 - SourceAnalyzer - DEBUG - logger.py:64 - 파일 읽기 성공: D:\Analyzer\CreateMetaDb\projects\sampleSrc\config\target_source_config.yaml
2025-09-12 21:14:45,611 - SourceAnalyzer - DEBUG - logger.py:64 - YAML 설정 파일 로드 성공: D:\Analyzer\CreateMetaDb\projects\sampleSrc\config\target_source_config.yaml
2025-09-12 21:14:45,611 - SourceAnalyzer - DEBUG - logger.py:64 - 파일 읽기 성공: D:\Analyzer\CreateMetaDb\projects\sampleSrc\config\target_source_config.yaml
2025-09-12 21:14:45,615 - SourceAnalyzer - DEBUG - logger.py:64 - YAML 설정 파일 로드 성공: D:\Analyzer\CreateMetaDb\projects\sampleSrc\config\target_source_config.yaml
2025-09-12 21:14:45,616 - SourceAnalyzer - DEBUG - logger.py:64 - 파일 읽기 성공: D:\Analyzer\CreateMetaDb\projects\sampleSrc\config\target_source_config.yaml
2025-09-12 21:14:45,620 - SourceAnalyzer - DEBUG - logger.py:64 - YAML 설정 파일 로드 성공: D:\Analyzer\CreateMetaDb\projects\sampleSrc\config\target_source_config.yaml
2025-09-12 21:14:45,621 - SourceAnalyzer - DEBUG - logger.py:64 - 파일 읽기 성공: D:\Analyzer\CreateMetaDb\projects\sampleSrc\config\target_source_config.yaml
2025-09-12 21:14:45,625 - SourceAnalyzer - DEBUG - logger.py:64 - YAML 설정 파일 로드 성공: D:\Analyzer\CreateMetaDb\projects\sampleSrc\config\target_source_config.yaml
2025-09-12 21:14:45,626 - SourceAnalyzer - DEBUG - logger.py:64 - 파일 읽기 성공: D:\Analyzer\CreateMetaDb\projects\sampleSrc\config\target_source_config.yaml
2025-09-12 21:14:45,630 - SourceAnalyzer - DEBUG - logger.py:64 - YAML 설정 파일 로드 성공: D:\Analyzer\CreateMetaDb\projects\sampleSrc\config\target_source_config.yaml
2025-09-12 21:14:45,630 - SourceAnalyzer - DEBUG - logger.py:64 - 파일 읽기 성공: D:\Analyzer\CreateMetaDb\projects\sampleSrc\config\target_source_config.yaml
2025-09-12 21:14:45,634 - SourceAnalyzer - DEBUG - logger.py:64 - YAML 설정 파일 로드 성공: D:\Analyzer\CreateMetaDb\projects\sampleSrc\config\target_source_config.yaml
2025-09-12 21:14:45,636 - SourceAnalyzer - DEBUG - logger.py:64 - 파일 읽기 성공: D:\Analyzer\CreateMetaDb\projects\sampleSrc\config\target_source_config.yaml
2025-09-12 21:14:45,640 - SourceAnalyzer - DEBUG - logger.py:64 - YAML 설정 파일 로드 성공: D:\Analyzer\CreateMetaDb\projects\sampleSrc\config\target_source_config.yaml
2025-09-12 21:14:45,641 - SourceAnalyzer - DEBUG - logger.py:64 - 파일 읽기 성공: D:\Analyzer\CreateMetaDb\projects\sampleSrc\config\target_source_config.yaml
2025-09-12 21:14:45,645 - SourceAnalyzer - DEBUG - logger.py:64 - YAML 설정 파일 로드 성공: D:\Analyzer\CreateMetaDb\projects\sampleSrc\config\target_source_config.yaml
2025-09-12 21:14:45,645 - SourceAnalyzer - DEBUG - logger.py:64 - 파일 읽기 성공: D:\Analyzer\CreateMetaDb\projects\sampleSrc\config\target_source_config.yaml
2025-09-12 21:14:45,649 - SourceAnalyzer - DEBUG - logger.py:64 - YAML 설정 파일 로드 성공: D:\Analyzer\CreateMetaDb\projects\sampleSrc\config\target_source_config.yaml
2025-09-12 21:14:45,650 - SourceAnalyzer - DEBUG - logger.py:64 - 파일 읽기 성공: D:\Analyzer\CreateMetaDb\projects\sampleSrc\config\target_source_config.yaml
2025-09-12 21:14:45,654 - SourceAnalyzer - DEBUG - logger.py:64 - YAML 설정 파일 로드 성공: D:\Analyzer\CreateMetaDb\projects\sampleSrc\config\target_source_config.yaml
2025-09-12 21:14:45,655 - SourceAnalyzer - DEBUG - logger.py:64 - 파일 읽기 성공: D:\Analyzer\CreateMetaDb\projects\sampleSrc\config\target_source_config.yaml
2025-09-12 21:14:45,659 - SourceAnalyzer - DEBUG - logger.py:64 - YAML 설정 파일 로드 성공: D:\Analyzer\CreateMetaDb\projects\sampleSrc\config\target_source_config.yaml
2025-09-12 21:14:45,660 - SourceAnalyzer - DEBUG - logger.py:64 - 파일 읽기 성공: D:\Analyzer\CreateMetaDb\projects\sampleSrc\config\target_source_config.yaml
2025-09-12 21:14:45,663 - SourceAnalyzer - DEBUG - logger.py:64 - YAML 설정 파일 로드 성공: D:\Analyzer\CreateMetaDb\projects\sampleSrc\config\target_source_config.yaml
2025-09-12 21:14:45,664 - SourceAnalyzer - DEBUG - logger.py:64 - 파일 읽기 성공: D:\Analyzer\CreateMetaDb\projects\sampleSrc\config\target_source_config.yaml
2025-09-12 21:14:45,668 - SourceAnalyzer - DEBUG - logger.py:64 - YAML 설정 파일 로드 성공: D:\Analyzer\CreateMetaDb\projects\sampleSrc\config\target_source_config.yaml
2025-09-12 21:14:45,670 - SourceAnalyzer - DEBUG - logger.py:64 - 파일 읽기 성공: D:\Analyzer\CreateMetaDb\projects\sampleSrc\config\target_source_config.yaml
2025-09-12 21:14:45,674 - SourceAnalyzer - DEBUG - logger.py:64 - YAML 설정 파일 로드 성공: D:\Analyzer\CreateMetaDb\projects\sampleSrc\config\target_source_config.yaml
2025-09-12 21:14:45,675 - SourceAnalyzer - DEBUG - logger.py:64 - 파일 읽기 성공: D:\Analyzer\CreateMetaDb\projects\sampleSrc\config\target_source_config.yaml
2025-09-12 21:14:45,679 - SourceAnalyzer - DEBUG - logger.py:64 - YAML 설정 파일 로드 성공: D:\Analyzer\CreateMetaDb\projects\sampleSrc\config\target_source_config.yaml
2025-09-12 21:14:45,680 - SourceAnalyzer - DEBUG - logger.py:64 - 파일 읽기 성공: D:\Analyzer\CreateMetaDb\projects\sampleSrc\config\target_source_config.yaml
2025-09-12 21:14:45,684 - SourceAnalyzer - DEBUG - logger.py:64 - YAML 설정 파일 로드 성공: D:\Analyzer\CreateMetaDb\projects\sampleSrc\config\target_source_config.yaml
2025-09-12 21:14:45,685 - SourceAnalyzer - DEBUG - logger.py:64 - 파일 읽기 성공: D:\Analyzer\CreateMetaDb\projects\sampleSrc\config\target_source_config.yaml
2025-09-12 21:14:45,690 - SourceAnalyzer - DEBUG - logger.py:64 - YAML 설정 파일 로드 성공: D:\Analyzer\CreateMetaDb\projects\sampleSrc\config\target_source_config.yaml
2025-09-12 21:14:45,690 - SourceAnalyzer - DEBUG - logger.py:64 - 파일 읽기 성공: D:\Analyzer\CreateMetaDb\projects\sampleSrc\config\target_source_config.yaml
2025-09-12 21:14:45,694 - SourceAnalyzer - DEBUG - logger.py:64 - YAML 설정 파일 로드 성공: D:\Analyzer\CreateMetaDb\projects\sampleSrc\config\target_source_config.yaml
2025-09-12 21:14:45,695 - SourceAnalyzer - DEBUG - logger.py:64 - 파일 읽기 성공: D:\Analyzer\CreateMetaDb\projects\sampleSrc\config\target_source_config.yaml
2025-09-12 21:14:45,699 - SourceAnalyzer - DEBUG - logger.py:64 - YAML 설정 파일 로드 성공: D:\Analyzer\CreateMetaDb\projects\sampleSrc\config\target_source_config.yaml
2025-09-12 21:14:45,700 - SourceAnalyzer - DEBUG - logger.py:64 - 파일 읽기 성공: D:\Analyzer\CreateMetaDb\projects\sampleSrc\config\target_source_config.yaml
2025-09-12 21:14:45,704 - SourceAnalyzer - DEBUG - logger.py:64 - YAML 설정 파일 로드 성공: D:\Analyzer\CreateMetaDb\projects\sampleSrc\config\target_source_config.yaml
2025-09-12 21:14:45,705 - SourceAnalyzer - DEBUG - logger.py:64 - 파일 읽기 성공: D:\Analyzer\CreateMetaDb\projects\sampleSrc\config\target_source_config.yaml
2025-09-12 21:14:45,708 - SourceAnalyzer - DEBUG - logger.py:64 - YAML 설정 파일 로드 성공: D:\Analyzer\CreateMetaDb\projects\sampleSrc\config\target_source_config.yaml
2025-09-12 21:14:45,709 - SourceAnalyzer - INFO - logger.py:68 - 파일 스캔 완료: 총 35개 파일
2025-09-12 21:14:45,709 - SourceAnalyzer - DEBUG - logger.py:64 - 쿼리 실행 성공: SELECT project_id FROM projects WHERE project_name...
2025-09-12 21:14:45,709 - SourceAnalyzer - DEBUG - logger.py:64 - 쿼리 실행 성공: 
                SELECT COUNT(*) as count FROM fil...
2025-09-12 21:14:45,709 - SourceAnalyzer - DEBUG - logger.py:64 - 업데이트 쿼리 실행 성공: 
            UPDATE files
            SET file_typ..., 영향받은 행: 1
2025-09-12 21:14:45,709 - SourceAnalyzer - DEBUG - logger.py:64 - 쿼리 실행 성공: 
                SELECT COUNT(*) as count FROM fil...
2025-09-12 21:14:45,710 - SourceAnalyzer - DEBUG - logger.py:64 - 업데이트 쿼리 실행 성공: 
            UPDATE files
            SET file_typ..., 영향받은 행: 1
2025-09-12 21:14:45,710 - SourceAnalyzer - DEBUG - logger.py:64 - 쿼리 실행 성공: 
                SELECT COUNT(*) as count FROM fil...
2025-09-12 21:14:45,710 - SourceAnalyzer - DEBUG - logger.py:64 - 업데이트 쿼리 실행 성공: 
            UPDATE files
            SET file_typ..., 영향받은 행: 1
2025-09-12 21:14:45,710 - SourceAnalyzer - DEBUG - logger.py:64 - 쿼리 실행 성공: 
                SELECT COUNT(*) as count FROM fil...
2025-09-12 21:14:45,710 - SourceAnalyzer - DEBUG - logger.py:64 - 업데이트 쿼리 실행 성공: 
            UPDATE files
            SET file_typ..., 영향받은 행: 1
2025-09-12 21:14:45,710 - SourceAnalyzer - DEBUG - logger.py:64 - 쿼리 실행 성공: 
                SELECT COUNT(*) as count FROM fil...
2025-09-12 21:14:45,710 - SourceAnalyzer - DEBUG - logger.py:64 - 업데이트 쿼리 실행 성공: 
            UPDATE files
            SET file_typ..., 영향받은 행: 1
2025-09-12 21:14:45,710 - SourceAnalyzer - DEBUG - logger.py:64 - 쿼리 실행 성공: 
                SELECT COUNT(*) as count FROM fil...
2025-09-12 21:14:45,710 - SourceAnalyzer - DEBUG - logger.py:64 - 업데이트 쿼리 실행 성공: 
            UPDATE files
            SET file_typ..., 영향받은 행: 1
2025-09-12 21:14:45,710 - SourceAnalyzer - DEBUG - logger.py:64 - 쿼리 실행 성공: 
                SELECT COUNT(*) as count FROM fil...
2025-09-12 21:14:45,710 - SourceAnalyzer - DEBUG - logger.py:64 - 업데이트 쿼리 실행 성공: 
            UPDATE files
            SET file_typ..., 영향받은 행: 1
2025-09-12 21:14:45,710 - SourceAnalyzer - DEBUG - logger.py:64 - 쿼리 실행 성공: 
                SELECT COUNT(*) as count FROM fil...
2025-09-12 21:14:45,710 - SourceAnalyzer - DEBUG - logger.py:64 - 업데이트 쿼리 실행 성공: 
            UPDATE files
            SET file_typ..., 영향받은 행: 1
2025-09-12 21:14:45,710 - SourceAnalyzer - DEBUG - logger.py:64 - 쿼리 실행 성공: 
                SELECT COUNT(*) as count FROM fil...
2025-09-12 21:14:45,710 - SourceAnalyzer - DEBUG - logger.py:64 - 업데이트 쿼리 실행 성공: 
            UPDATE files
            SET file_typ..., 영향받은 행: 1
2025-09-12 21:14:45,710 - SourceAnalyzer - DEBUG - logger.py:64 - 쿼리 실행 성공: 
                SELECT COUNT(*) as count FROM fil...
2025-09-12 21:14:45,711 - SourceAnalyzer - DEBUG - logger.py:64 - 업데이트 쿼리 실행 성공: 
            UPDATE files
            SET file_typ..., 영향받은 행: 1
2025-09-12 21:14:45,711 - SourceAnalyzer - DEBUG - logger.py:64 - 쿼리 실행 성공: 
                SELECT COUNT(*) as count FROM fil...
2025-09-12 21:14:45,711 - SourceAnalyzer - DEBUG - logger.py:64 - 업데이트 쿼리 실행 성공: 
            UPDATE files
            SET file_typ..., 영향받은 행: 1
2025-09-12 21:14:45,711 - SourceAnalyzer - DEBUG - logger.py:64 - 쿼리 실행 성공: 
                SELECT COUNT(*) as count FROM fil...
2025-09-12 21:14:45,711 - SourceAnalyzer - DEBUG - logger.py:64 - 업데이트 쿼리 실행 성공: 
            UPDATE files
            SET file_typ..., 영향받은 행: 1
2025-09-12 21:14:45,711 - SourceAnalyzer - DEBUG - logger.py:64 - 쿼리 실행 성공: 
                SELECT COUNT(*) as count FROM fil...
2025-09-12 21:14:45,711 - SourceAnalyzer - DEBUG - logger.py:64 - 업데이트 쿼리 실행 성공: 
            UPDATE files
            SET file_typ..., 영향받은 행: 1
2025-09-12 21:14:45,711 - SourceAnalyzer - DEBUG - logger.py:64 - 쿼리 실행 성공: 
                SELECT COUNT(*) as count FROM fil...
2025-09-12 21:14:45,711 - SourceAnalyzer - DEBUG - logger.py:64 - 업데이트 쿼리 실행 성공: 
            UPDATE files
            SET file_typ..., 영향받은 행: 1
2025-09-12 21:14:45,711 - SourceAnalyzer - DEBUG - logger.py:64 - 쿼리 실행 성공: 
                SELECT COUNT(*) as count FROM fil...
2025-09-12 21:14:45,711 - SourceAnalyzer - DEBUG - logger.py:64 - 업데이트 쿼리 실행 성공: 
            UPDATE files
            SET file_typ..., 영향받은 행: 1
2025-09-12 21:14:45,711 - SourceAnalyzer - DEBUG - logger.py:64 - 쿼리 실행 성공: 
                SELECT COUNT(*) as count FROM fil...
2025-09-12 21:14:45,711 - SourceAnalyzer - DEBUG - logger.py:64 - 업데이트 쿼리 실행 성공: 
            UPDATE files
            SET file_typ..., 영향받은 행: 1
2025-09-12 21:14:45,711 - SourceAnalyzer - DEBUG - logger.py:64 - 쿼리 실행 성공: 
                SELECT COUNT(*) as count FROM fil...
2025-09-12 21:14:45,711 - SourceAnalyzer - DEBUG - logger.py:64 - 업데이트 쿼리 실행 성공: 
            UPDATE files
            SET file_typ..., 영향받은 행: 1
2025-09-12 21:14:45,711 - SourceAnalyzer - DEBUG - logger.py:64 - 쿼리 실행 성공: 
                SELECT COUNT(*) as count FROM fil...
2025-09-12 21:14:45,711 - SourceAnalyzer - DEBUG - logger.py:64 - 업데이트 쿼리 실행 성공: 
            UPDATE files
            SET file_typ..., 영향받은 행: 1
2025-09-12 21:14:45,712 - SourceAnalyzer - DEBUG - logger.py:64 - 쿼리 실행 성공: 
                SELECT COUNT(*) as count FROM fil...
2025-09-12 21:14:45,712 - SourceAnalyzer - DEBUG - logger.py:64 - 업데이트 쿼리 실행 성공: 
            UPDATE files
            SET file_typ..., 영향받은 행: 1
2025-09-12 21:14:45,712 - SourceAnalyzer - DEBUG - logger.py:64 - 쿼리 실행 성공: 
                SELECT COUNT(*) as count FROM fil...
2025-09-12 21:14:45,712 - SourceAnalyzer - DEBUG - logger.py:64 - 업데이트 쿼리 실행 성공: 
            UPDATE files
            SET file_typ..., 영향받은 행: 1
2025-09-12 21:14:45,712 - SourceAnalyzer - DEBUG - logger.py:64 - 쿼리 실행 성공: 
                SELECT COUNT(*) as count FROM fil...
2025-09-12 21:14:45,712 - SourceAnalyzer - DEBUG - logger.py:64 - 업데이트 쿼리 실행 성공: 
            UPDATE files
            SET file_typ..., 영향받은 행: 1
2025-09-12 21:14:45,712 - SourceAnalyzer - DEBUG - logger.py:64 - 쿼리 실행 성공: 
                SELECT COUNT(*) as count FROM fil...
2025-09-12 21:14:45,712 - SourceAnalyzer - DEBUG - logger.py:64 - 업데이트 쿼리 실행 성공: 
            UPDATE files
            SET file_typ..., 영향받은 행: 1
2025-09-12 21:14:45,712 - SourceAnalyzer - DEBUG - logger.py:64 - 쿼리 실행 성공: 
                SELECT COUNT(*) as count FROM fil...
2025-09-12 21:14:45,712 - SourceAnalyzer - DEBUG - logger.py:64 - 업데이트 쿼리 실행 성공: 
            UPDATE files
            SET file_typ..., 영향받은 행: 1
2025-09-12 21:14:45,712 - SourceAnalyzer - DEBUG - logger.py:64 - 쿼리 실행 성공: 
                SELECT COUNT(*) as count FROM fil...
2025-09-12 21:14:45,712 - SourceAnalyzer - DEBUG - logger.py:64 - 업데이트 쿼리 실행 성공: 
            UPDATE files
            SET file_typ..., 영향받은 행: 1
2025-09-12 21:14:45,712 - SourceAnalyzer - DEBUG - logger.py:64 - 쿼리 실행 성공: 
                SELECT COUNT(*) as count FROM fil...
2025-09-12 21:14:45,712 - SourceAnalyzer - DEBUG - logger.py:64 - 업데이트 쿼리 실행 성공: 
            UPDATE files
            SET file_typ..., 영향받은 행: 1
2025-09-12 21:14:45,712 - SourceAnalyzer - DEBUG - logger.py:64 - 쿼리 실행 성공: 
                SELECT COUNT(*) as count FROM fil...
2025-09-12 21:14:45,712 - SourceAnalyzer - DEBUG - logger.py:64 - 업데이트 쿼리 실행 성공: 
            UPDATE files
            SET file_typ..., 영향받은 행: 1
2025-09-12 21:14:45,712 - SourceAnalyzer - DEBUG - logger.py:64 - 쿼리 실행 성공: 
                SELECT COUNT(*) as count FROM fil...
2025-09-12 21:14:45,712 - SourceAnalyzer - DEBUG - logger.py:64 - 업데이트 쿼리 실행 성공: 
            UPDATE files
            SET file_typ..., 영향받은 행: 1
2025-09-12 21:14:45,713 - SourceAnalyzer - DEBUG - logger.py:64 - 쿼리 실행 성공: 
                SELECT COUNT(*) as count FROM fil...
2025-09-12 21:14:45,713 - SourceAnalyzer - DEBUG - logger.py:64 - 업데이트 쿼리 실행 성공: 
            UPDATE files
            SET file_typ..., 영향받은 행: 1
2025-09-12 21:14:45,713 - SourceAnalyzer - DEBUG - logger.py:64 - 쿼리 실행 성공: 
                SELECT COUNT(*) as count FROM fil...
2025-09-12 21:14:45,713 - SourceAnalyzer - DEBUG - logger.py:64 - 업데이트 쿼리 실행 성공: 
            UPDATE files
            SET file_typ..., 영향받은 행: 1
2025-09-12 21:14:45,713 - SourceAnalyzer - DEBUG - logger.py:64 - 쿼리 실행 성공: 
                SELECT COUNT(*) as count FROM fil...
2025-09-12 21:14:45,713 - SourceAnalyzer - DEBUG - logger.py:64 - 업데이트 쿼리 실행 성공: 
            UPDATE files
            SET file_typ..., 영향받은 행: 1
2025-09-12 21:14:45,713 - SourceAnalyzer - DEBUG - logger.py:64 - 쿼리 실행 성공: 
                SELECT COUNT(*) as count FROM fil...
2025-09-12 21:14:45,713 - SourceAnalyzer - DEBUG - logger.py:64 - 업데이트 쿼리 실행 성공: 
            UPDATE files
            SET file_typ..., 영향받은 행: 1
2025-09-12 21:14:45,713 - SourceAnalyzer - DEBUG - logger.py:64 - 쿼리 실행 성공: 
                SELECT COUNT(*) as count FROM fil...
2025-09-12 21:14:45,713 - SourceAnalyzer - DEBUG - logger.py:64 - 업데이트 쿼리 실행 성공: 
            UPDATE files
            SET file_typ..., 영향받은 행: 1
2025-09-12 21:14:45,713 - SourceAnalyzer - DEBUG - logger.py:64 - 쿼리 실행 성공: 
                SELECT COUNT(*) as count FROM fil...
2025-09-12 21:14:45,713 - SourceAnalyzer - DEBUG - logger.py:64 - 업데이트 쿼리 실행 성공: 
            UPDATE files
            SET file_typ..., 영향받은 행: 1
2025-09-12 21:14:45,713 - SourceAnalyzer - DEBUG - logger.py:64 - 쿼리 실행 성공: 
                SELECT COUNT(*) as count FROM fil...
2025-09-12 21:14:45,713 - SourceAnalyzer - DEBUG - logger.py:64 - 업데이트 쿼리 실행 성공: 
            UPDATE files
            SET file_typ..., 영향받은 행: 1
2025-09-12 21:14:45,713 - SourceAnalyzer - DEBUG - logger.py:64 - 쿼리 실행 성공: 
                SELECT COUNT(*) as count FROM fil...
2025-09-12 21:14:45,713 - SourceAnalyzer - DEBUG - logger.py:64 - 업데이트 쿼리 실행 성공: 
            UPDATE files
            SET file_typ..., 영향받은 행: 1
2025-09-12 21:14:45,713 - SourceAnalyzer - INFO - logger.py:68 - 파일 정보 저장 완료: 35개 파일
2025-09-12 21:14:45,714 - SourceAnalyzer - DEBUG - logger.py:64 - 업데이트 쿼리 실행 성공: UPDATE projects SET total_files = ? WHERE project_..., 영향받은 행: 1
2025-09-12 21:14:45,714 - SourceAnalyzer - DEBUG - logger.py:64 - 프로젝트 총 파일 수 업데이트: 35
2025-09-12 21:14:45,714 - SourceAnalyzer - INFO - logger.py:68 - === 파일 스캔 통계 ===
2025-09-12 21:14:45,714 - SourceAnalyzer - INFO - logger.py:68 - 총 파일 수: 35
2025-09-12 21:14:45,714 - SourceAnalyzer - INFO - logger.py:68 - 성공 스캔: 35
2025-09-12 21:14:45,714 - SourceAnalyzer - INFO - logger.py:68 - 오류 파일: 0
2025-09-12 21:14:45,714 - SourceAnalyzer - INFO - logger.py:68 - Java 파일: 19
2025-09-12 21:14:45,714 - SourceAnalyzer - INFO - logger.py:68 - XML 파일: 6
2025-09-12 21:14:45,714 - SourceAnalyzer - INFO - logger.py:68 - JSP 파일: 8
2025-09-12 21:14:45,714 - SourceAnalyzer - INFO - logger.py:68 - SQL 파일: 0
2025-09-12 21:14:45,714 - SourceAnalyzer - INFO - logger.py:68 - CSV 파일: 2
2025-09-12 21:14:45,714 - SourceAnalyzer - INFO - logger.py:68 - 기타 파일: 0
2025-09-12 21:14:45,714 - SourceAnalyzer - INFO - logger.py:68 - === 파일 스캔 완료 ===
2025-09-12 21:14:45,718 - SourceAnalyzer - DEBUG - logger.py:64 - 데이터베이스 연결 해제: D:\Analyzer\CreateMetaDb\projects\sampleSrc\metadata.db
2025-09-12 21:14:45,719 - SourceAnalyzer - INFO - logger.py:68 - 1단계 완료: 파일 정보 저장
2025-09-12 21:14:45,719 - SourceAnalyzer - INFO - logger.py:68 - 2단계 실행: 데이터베이스 구조 저장 및 컴포넌트 생성
2025-09-12 21:14:45,719 - SourceAnalyzer - INFO - logger.py:68 - === 데이터베이스 로딩 시작: 데이터베이스 구조 저장 ===
2025-09-12 21:14:45,721 - SourceAnalyzer - DEBUG - logger.py:64 - 데이터베이스 연결 성공: D:\Analyzer\CreateMetaDb\projects\sampleSrc\metadata.db
2025-09-12 21:14:45,721 - SourceAnalyzer - INFO - logger.py:68 - 인코딩 문제 감지, 다른 인코딩으로 재시도: ALL_TABLES.csv
2025-09-12 21:14:45,722 - SourceAnalyzer - DEBUG - logger.py:64 - 파일 읽기 성공 (cp949): D:\Analyzer\CreateMetaDb\projects\sampleSrc\db_schema\ALL_TABLES.csv
2025-09-12 21:14:45,722 - SourceAnalyzer - INFO - logger.py:68 - CSV 파일 로드 완료: D:\Analyzer\CreateMetaDb\projects\sampleSrc\db_schema\ALL_TABLES.csv, 16개 행
2025-09-12 21:14:45,722 - SourceAnalyzer - DEBUG - logger.py:64 - 쿼리 실행 성공: 
                SELECT f.file_id 
               ...
2025-09-12 21:14:45,723 - SourceAnalyzer - DEBUG - logger.py:64 - 배치 쿼리 실행 성공: 
            INSERT OR IGNORE INTO tables (project..., 처리된 행: 16
2025-09-12 21:14:45,723 - SourceAnalyzer - INFO - logger.py:68 - 테이블 정보 저장 완료: 16개 테이블 (오류: 0개)
2025-09-12 21:14:45,724 - SourceAnalyzer - INFO - logger.py:68 - 인코딩 문제 감지, 다른 인코딩으로 재시도: ALL_TAB_COLUMNS.csv
2025-09-12 21:14:45,724 - SourceAnalyzer - DEBUG - logger.py:64 - 파일 읽기 성공 (cp949): D:\Analyzer\CreateMetaDb\projects\sampleSrc\db_schema\ALL_TAB_COLUMNS.csv
2025-09-12 21:14:45,724 - SourceAnalyzer - INFO - logger.py:68 - CSV 파일 로드 완료: D:\Analyzer\CreateMetaDb\projects\sampleSrc\db_schema\ALL_TAB_COLUMNS.csv, 91개 행
2025-09-12 21:14:45,724 - SourceAnalyzer - DEBUG - logger.py:64 - 쿼리 실행 성공: 
                SELECT t.table_id 
              ...
2025-09-12 21:14:45,724 - SourceAnalyzer - DEBUG - logger.py:64 - 쿼리 실행 성공: 
                SELECT t.table_id 
              ...
2025-09-12 21:14:45,724 - SourceAnalyzer - DEBUG - logger.py:64 - 쿼리 실행 성공: 
                SELECT t.table_id 
              ...
2025-09-12 21:14:45,724 - SourceAnalyzer - DEBUG - logger.py:64 - 쿼리 실행 성공: 
                SELECT t.table_id 
              ...
2025-09-12 21:14:45,724 - SourceAnalyzer - DEBUG - logger.py:64 - 쿼리 실행 성공: 
                SELECT t.table_id 
              ...
2025-09-12 21:14:45,724 - SourceAnalyzer - DEBUG - logger.py:64 - 쿼리 실행 성공: 
                SELECT t.table_id 
              ...
2025-09-12 21:14:45,724 - SourceAnalyzer - DEBUG - logger.py:64 - 쿼리 실행 성공: 
                SELECT t.table_id 
              ...
2025-09-12 21:14:45,725 - SourceAnalyzer - DEBUG - logger.py:64 - 쿼리 실행 성공: 
                SELECT t.table_id 
              ...
2025-09-12 21:14:45,725 - SourceAnalyzer - DEBUG - logger.py:64 - 쿼리 실행 성공: 
                SELECT t.table_id 
              ...
2025-09-12 21:14:45,725 - SourceAnalyzer - DEBUG - logger.py:64 - 쿼리 실행 성공: 
                SELECT t.table_id 
              ...
2025-09-12 21:14:45,725 - SourceAnalyzer - DEBUG - logger.py:64 - 쿼리 실행 성공: 
                SELECT t.table_id 
              ...
2025-09-12 21:14:45,725 - SourceAnalyzer - DEBUG - logger.py:64 - 쿼리 실행 성공: 
                SELECT t.table_id 
              ...
2025-09-12 21:14:45,725 - SourceAnalyzer - DEBUG - logger.py:64 - 쿼리 실행 성공: 
                SELECT t.table_id 
              ...
2025-09-12 21:14:45,725 - SourceAnalyzer - DEBUG - logger.py:64 - 쿼리 실행 성공: 
                SELECT t.table_id 
              ...
2025-09-12 21:14:45,725 - SourceAnalyzer - DEBUG - logger.py:64 - 쿼리 실행 성공: 
                SELECT t.table_id 
              ...
2025-09-12 21:14:45,725 - SourceAnalyzer - DEBUG - logger.py:64 - 쿼리 실행 성공: 
                SELECT t.table_id 
              ...
2025-09-12 21:14:45,725 - SourceAnalyzer - DEBUG - logger.py:64 - 쿼리 실행 성공: 
                SELECT t.table_id 
              ...
2025-09-12 21:14:45,725 - SourceAnalyzer - DEBUG - logger.py:64 - 쿼리 실행 성공: 
                SELECT t.table_id 
              ...
2025-09-12 21:14:45,725 - SourceAnalyzer - DEBUG - logger.py:64 - 쿼리 실행 성공: 
                SELECT t.table_id 
              ...
2025-09-12 21:14:45,725 - SourceAnalyzer - DEBUG - logger.py:64 - 쿼리 실행 성공: 
                SELECT t.table_id 
              ...
2025-09-12 21:14:45,725 - SourceAnalyzer - DEBUG - logger.py:64 - 쿼리 실행 성공: 
                SELECT t.table_id 
              ...
2025-09-12 21:14:45,725 - SourceAnalyzer - DEBUG - logger.py:64 - 쿼리 실행 성공: 
                SELECT t.table_id 
              ...
2025-09-12 21:14:45,725 - SourceAnalyzer - DEBUG - logger.py:64 - 쿼리 실행 성공: 
                SELECT t.table_id 
              ...
2025-09-12 21:14:45,725 - SourceAnalyzer - DEBUG - logger.py:64 - 쿼리 실행 성공: 
                SELECT t.table_id 
              ...
2025-09-12 21:14:45,725 - SourceAnalyzer - DEBUG - logger.py:64 - 쿼리 실행 성공: 
                SELECT t.table_id 
              ...
2025-09-12 21:14:45,726 - SourceAnalyzer - DEBUG - logger.py:64 - 쿼리 실행 성공: 
                SELECT t.table_id 
              ...
2025-09-12 21:14:45,726 - SourceAnalyzer - DEBUG - logger.py:64 - 쿼리 실행 성공: 
                SELECT t.table_id 
              ...
2025-09-12 21:14:45,726 - SourceAnalyzer - DEBUG - logger.py:64 - 쿼리 실행 성공: 
                SELECT t.table_id 
              ...
2025-09-12 21:14:45,726 - SourceAnalyzer - DEBUG - logger.py:64 - 쿼리 실행 성공: 
                SELECT t.table_id 
              ...
2025-09-12 21:14:45,726 - SourceAnalyzer - DEBUG - logger.py:64 - 쿼리 실행 성공: 
                SELECT t.table_id 
              ...
2025-09-12 21:14:45,726 - SourceAnalyzer - DEBUG - logger.py:64 - 쿼리 실행 성공: 
                SELECT t.table_id 
              ...
2025-09-12 21:14:45,726 - SourceAnalyzer - DEBUG - logger.py:64 - 쿼리 실행 성공: 
                SELECT t.table_id 
              ...
2025-09-12 21:14:45,726 - SourceAnalyzer - DEBUG - logger.py:64 - 쿼리 실행 성공: 
                SELECT t.table_id 
              ...
2025-09-12 21:14:45,726 - SourceAnalyzer - DEBUG - logger.py:64 - 쿼리 실행 성공: 
                SELECT t.table_id 
              ...
2025-09-12 21:14:45,726 - SourceAnalyzer - DEBUG - logger.py:64 - 쿼리 실행 성공: 
                SELECT t.table_id 
              ...
2025-09-12 21:14:45,726 - SourceAnalyzer - DEBUG - logger.py:64 - 쿼리 실행 성공: 
                SELECT t.table_id 
              ...
2025-09-12 21:14:45,726 - SourceAnalyzer - DEBUG - logger.py:64 - 쿼리 실행 성공: 
                SELECT t.table_id 
              ...
2025-09-12 21:14:45,726 - SourceAnalyzer - DEBUG - logger.py:64 - 쿼리 실행 성공: 
                SELECT t.table_id 
              ...
2025-09-12 21:14:45,726 - SourceAnalyzer - DEBUG - logger.py:64 - 쿼리 실행 성공: 
                SELECT t.table_id 
              ...
2025-09-12 21:14:45,726 - SourceAnalyzer - DEBUG - logger.py:64 - 쿼리 실행 성공: 
                SELECT t.table_id 
              ...
2025-09-12 21:14:45,726 - SourceAnalyzer - DEBUG - logger.py:64 - 쿼리 실행 성공: 
                SELECT t.table_id 
              ...
2025-09-12 21:14:45,726 - SourceAnalyzer - DEBUG - logger.py:64 - 쿼리 실행 성공: 
                SELECT t.table_id 
              ...
2025-09-12 21:14:45,726 - SourceAnalyzer - DEBUG - logger.py:64 - 쿼리 실행 성공: 
                SELECT t.table_id 
              ...
2025-09-12 21:14:45,726 - SourceAnalyzer - DEBUG - logger.py:64 - 쿼리 실행 성공: 
                SELECT t.table_id 
              ...
2025-09-12 21:14:45,727 - SourceAnalyzer - DEBUG - logger.py:64 - 쿼리 실행 성공: 
                SELECT t.table_id 
              ...
2025-09-12 21:14:45,727 - SourceAnalyzer - DEBUG - logger.py:64 - 쿼리 실행 성공: 
                SELECT t.table_id 
              ...
2025-09-12 21:14:45,727 - SourceAnalyzer - DEBUG - logger.py:64 - 쿼리 실행 성공: 
                SELECT t.table_id 
              ...
2025-09-12 21:14:45,727 - SourceAnalyzer - DEBUG - logger.py:64 - 쿼리 실행 성공: 
                SELECT t.table_id 
              ...
2025-09-12 21:14:45,727 - SourceAnalyzer - DEBUG - logger.py:64 - 쿼리 실행 성공: 
                SELECT t.table_id 
              ...
2025-09-12 21:14:45,727 - SourceAnalyzer - DEBUG - logger.py:64 - 쿼리 실행 성공: 
                SELECT t.table_id 
              ...
2025-09-12 21:14:45,727 - SourceAnalyzer - DEBUG - logger.py:64 - 쿼리 실행 성공: 
                SELECT t.table_id 
              ...
2025-09-12 21:14:45,727 - SourceAnalyzer - DEBUG - logger.py:64 - 쿼리 실행 성공: 
                SELECT t.table_id 
              ...
2025-09-12 21:14:45,727 - SourceAnalyzer - DEBUG - logger.py:64 - 쿼리 실행 성공: 
                SELECT t.table_id 
              ...
2025-09-12 21:14:45,727 - SourceAnalyzer - DEBUG - logger.py:64 - 쿼리 실행 성공: 
                SELECT t.table_id 
              ...
2025-09-12 21:14:45,727 - SourceAnalyzer - DEBUG - logger.py:64 - 쿼리 실행 성공: 
                SELECT t.table_id 
              ...
2025-09-12 21:14:45,727 - SourceAnalyzer - DEBUG - logger.py:64 - 쿼리 실행 성공: 
                SELECT t.table_id 
              ...
2025-09-12 21:14:45,727 - SourceAnalyzer - DEBUG - logger.py:64 - 쿼리 실행 성공: 
                SELECT t.table_id 
              ...
2025-09-12 21:14:45,727 - SourceAnalyzer - DEBUG - logger.py:64 - 쿼리 실행 성공: 
                SELECT t.table_id 
              ...
2025-09-12 21:14:45,727 - SourceAnalyzer - DEBUG - logger.py:64 - 쿼리 실행 성공: 
                SELECT t.table_id 
              ...
2025-09-12 21:14:45,727 - SourceAnalyzer - DEBUG - logger.py:64 - 쿼리 실행 성공: 
                SELECT t.table_id 
              ...
2025-09-12 21:14:45,727 - SourceAnalyzer - DEBUG - logger.py:64 - 쿼리 실행 성공: 
                SELECT t.table_id 
              ...
2025-09-12 21:14:45,727 - SourceAnalyzer - DEBUG - logger.py:64 - 쿼리 실행 성공: 
                SELECT t.table_id 
              ...
2025-09-12 21:14:45,728 - SourceAnalyzer - DEBUG - logger.py:64 - 쿼리 실행 성공: 
                SELECT t.table_id 
              ...
2025-09-12 21:14:45,728 - SourceAnalyzer - DEBUG - logger.py:64 - 쿼리 실행 성공: 
                SELECT t.table_id 
              ...
2025-09-12 21:14:45,728 - SourceAnalyzer - DEBUG - logger.py:64 - 쿼리 실행 성공: 
                SELECT t.table_id 
              ...
2025-09-12 21:14:45,728 - SourceAnalyzer - DEBUG - logger.py:64 - 쿼리 실행 성공: 
                SELECT t.table_id 
              ...
2025-09-12 21:14:45,728 - SourceAnalyzer - DEBUG - logger.py:64 - 쿼리 실행 성공: 
                SELECT t.table_id 
              ...
2025-09-12 21:14:45,728 - SourceAnalyzer - DEBUG - logger.py:64 - 쿼리 실행 성공: 
                SELECT t.table_id 
              ...
2025-09-12 21:14:45,728 - SourceAnalyzer - DEBUG - logger.py:64 - 쿼리 실행 성공: 
                SELECT t.table_id 
              ...
2025-09-12 21:14:45,728 - SourceAnalyzer - DEBUG - logger.py:64 - 쿼리 실행 성공: 
                SELECT t.table_id 
              ...
2025-09-12 21:14:45,728 - SourceAnalyzer - DEBUG - logger.py:64 - 쿼리 실행 성공: 
                SELECT t.table_id 
              ...
2025-09-12 21:14:45,728 - SourceAnalyzer - DEBUG - logger.py:64 - 쿼리 실행 성공: 
                SELECT t.table_id 
              ...
2025-09-12 21:14:45,728 - SourceAnalyzer - DEBUG - logger.py:64 - 쿼리 실행 성공: 
                SELECT t.table_id 
              ...
2025-09-12 21:14:45,728 - SourceAnalyzer - DEBUG - logger.py:64 - 쿼리 실행 성공: 
                SELECT t.table_id 
              ...
2025-09-12 21:14:45,728 - SourceAnalyzer - DEBUG - logger.py:64 - 쿼리 실행 성공: 
                SELECT t.table_id 
              ...
2025-09-12 21:14:45,728 - SourceAnalyzer - DEBUG - logger.py:64 - 쿼리 실행 성공: 
                SELECT t.table_id 
              ...
2025-09-12 21:14:45,728 - SourceAnalyzer - DEBUG - logger.py:64 - 쿼리 실행 성공: 
                SELECT t.table_id 
              ...
2025-09-12 21:14:45,728 - SourceAnalyzer - DEBUG - logger.py:64 - 쿼리 실행 성공: 
                SELECT t.table_id 
              ...
2025-09-12 21:14:45,728 - SourceAnalyzer - DEBUG - logger.py:64 - 쿼리 실행 성공: 
                SELECT t.table_id 
              ...
2025-09-12 21:14:45,728 - SourceAnalyzer - DEBUG - logger.py:64 - 쿼리 실행 성공: 
                SELECT t.table_id 
              ...
2025-09-12 21:14:45,728 - SourceAnalyzer - DEBUG - logger.py:64 - 쿼리 실행 성공: 
                SELECT t.table_id 
              ...
2025-09-12 21:14:45,729 - SourceAnalyzer - DEBUG - logger.py:64 - 쿼리 실행 성공: 
                SELECT t.table_id 
              ...
2025-09-12 21:14:45,729 - SourceAnalyzer - DEBUG - logger.py:64 - 쿼리 실행 성공: 
                SELECT t.table_id 
              ...
2025-09-12 21:14:45,729 - SourceAnalyzer - DEBUG - logger.py:64 - 쿼리 실행 성공: 
                SELECT t.table_id 
              ...
2025-09-12 21:14:45,729 - SourceAnalyzer - DEBUG - logger.py:64 - 쿼리 실행 성공: 
                SELECT t.table_id 
              ...
2025-09-12 21:14:45,729 - SourceAnalyzer - DEBUG - logger.py:64 - 쿼리 실행 성공: 
                SELECT t.table_id 
              ...
2025-09-12 21:14:45,729 - SourceAnalyzer - DEBUG - logger.py:64 - 쿼리 실행 성공: 
                SELECT t.table_id 
              ...
2025-09-12 21:14:45,729 - SourceAnalyzer - DEBUG - logger.py:64 - 쿼리 실행 성공: 
                SELECT t.table_id 
              ...
2025-09-12 21:14:45,729 - SourceAnalyzer - DEBUG - logger.py:64 - 쿼리 실행 성공: 
                SELECT t.table_id 
              ...
2025-09-12 21:14:45,729 - SourceAnalyzer - DEBUG - logger.py:64 - 쿼리 실행 성공: 
                SELECT t.table_id 
              ...
2025-09-12 21:14:45,729 - SourceAnalyzer - DEBUG - logger.py:64 - 쿼리 실행 성공: 
                SELECT t.table_id 
              ...
2025-09-12 21:14:45,729 - SourceAnalyzer - DEBUG - logger.py:64 - 배치 쿼리 실행 성공: 
            INSERT OR IGNORE INTO columns (table_..., 처리된 행: 91
2025-09-12 21:14:45,730 - SourceAnalyzer - INFO - logger.py:68 - 컬럼 정보 저장 완료: 91개 컬럼 (오류: 0개)
2025-09-12 21:14:45,730 - SourceAnalyzer - DEBUG - logger.py:64 - 쿼리 실행 성공: 
                SELECT f.file_id 
               ...
2025-09-12 21:14:45,730 - SourceAnalyzer - DEBUG - logger.py:64 - 쿼리 실행 성공: 
                SELECT table_id, table_name, tabl...
2025-09-12 21:14:45,730 - SourceAnalyzer - DEBUG - logger.py:64 - 배치 쿼리 실행 성공: 
            INSERT OR IGNORE INTO components (pro..., 처리된 행: 20
2025-09-12 21:14:45,730 - SourceAnalyzer - INFO - logger.py:68 - 테이블 컴포넌트 생성 완료: 20개
2025-09-12 21:14:45,730 - SourceAnalyzer - DEBUG - logger.py:64 - 업데이트 쿼리 실행 성공: 
                UPDATE tables 
                SE..., 영향받은 행: 20
2025-09-12 21:14:45,730 - SourceAnalyzer - DEBUG - logger.py:64 - 테이블 component_id 업데이트 완료
2025-09-12 21:14:45,730 - SourceAnalyzer - DEBUG - logger.py:64 - 쿼리 실행 성공: 
                SELECT f.file_id 
               ...
2025-09-12 21:14:45,731 - SourceAnalyzer - DEBUG - logger.py:64 - 쿼리 실행 성공: 
                SELECT c.column_id, c.column_name...
2025-09-12 21:14:45,731 - SourceAnalyzer - DEBUG - logger.py:64 - 배치 쿼리 실행 성공: 
            INSERT OR IGNORE INTO components (pro..., 처리된 행: 91
2025-09-12 21:14:45,731 - SourceAnalyzer - INFO - logger.py:68 - 컬럼 컴포넌트 생성 완료: 91개
2025-09-12 21:14:45,731 - SourceAnalyzer - INFO - logger.py:68 - === 데이터베이스 구조 저장 통계 ===
2025-09-12 21:14:45,731 - SourceAnalyzer - INFO - logger.py:68 - 테이블 로드: 16 (오류: 0)
2025-09-12 21:14:45,731 - SourceAnalyzer - INFO - logger.py:68 - 컬럼 로드: 91 (오류: 0)
2025-09-12 21:14:45,731 - SourceAnalyzer - INFO - logger.py:68 - 컴포넌트 생성: 111 (오류: 0)
2025-09-12 21:14:45,731 - SourceAnalyzer - INFO - logger.py:68 - 오류 없이 완료
2025-09-12 21:14:45,731 - SourceAnalyzer - INFO - logger.py:68 - === 데이터베이스 로딩 완료 ===
2025-09-12 21:14:45,734 - SourceAnalyzer - DEBUG - logger.py:64 - 데이터베이스 연결 해제: D:\Analyzer\CreateMetaDb\projects\sampleSrc\metadata.db
2025-09-12 21:14:45,735 - SourceAnalyzer - INFO - logger.py:68 - 2단계 완료: 데이터베이스 구조 저장 및 컴포넌트 생성
2025-09-12 21:14:45,735 - SourceAnalyzer - INFO - logger.py:68 - 3단계 실행: XML 파일 분석 및 SQL 컴포넌트 등록 + JOIN 관계 분석
2025-09-12 21:14:45,748 - SourceAnalyzer - DEBUG - logger.py:64 - 파일 읽기 성공: config/parser/sql_keyword.yaml
2025-09-12 21:14:45,768 - SourceAnalyzer - DEBUG - logger.py:64 - YAML 설정 파일 로드 성공: config/parser/sql_keyword.yaml
2025-09-12 21:14:45,769 - SourceAnalyzer - DEBUG - logger.py:64 - 파일 읽기 성공: config/parser/xml_parser_config.yaml
2025-09-12 21:14:45,775 - SourceAnalyzer - DEBUG - logger.py:64 - YAML 설정 파일 로드 성공: config/parser/xml_parser_config.yaml
2025-09-12 21:14:45,776 - SourceAnalyzer - DEBUG - logger.py:64 - 데이터베이스 연결 성공: D:\Analyzer\CreateMetaDb\projects\sampleSrc\SqlContent.db
2025-09-12 21:14:45,777 - SourceAnalyzer - DEBUG - logger.py:64 - SQL 스크립트 실행 성공: D:\Analyzer\CreateMetaDb\database\create_sql_content_db.sql
2025-09-12 21:14:45,777 - SourceAnalyzer - INFO - logger.py:68 - SQL Content 데이터베이스 초기화 완료: D:\Analyzer\CreateMetaDb\projects\sampleSrc\SqlContent.db
2025-09-12 21:14:45,777 - SourceAnalyzer - INFO - logger.py:68 - === XML 로딩 시작: 3~4단계 통합 처리 ===
2025-09-12 21:14:45,778 - SourceAnalyzer - DEBUG - logger.py:64 - 데이터베이스 연결 성공: D:\Analyzer\CreateMetaDb\projects\sampleSrc\metadata.db
2025-09-12 21:14:45,779 - SourceAnalyzer - DEBUG - logger.py:64 - 데이터베이스 연결 성공: D:\Analyzer\CreateMetaDb\projects\sampleSrc\SqlContent.db
2025-09-12 21:14:45,780 - SourceAnalyzer - DEBUG - logger.py:64 - SQL 스크립트 실행 성공: D:\Analyzer\CreateMetaDb\database\create_sql_content_db.sql
2025-09-12 21:14:45,780 - SourceAnalyzer - INFO - logger.py:68 - SQL Content 데이터베이스 초기화 완료: D:\Analyzer\CreateMetaDb\projects\sampleSrc\SqlContent.db
2025-09-12 21:14:45,780 - SourceAnalyzer - DEBUG - logger.py:64 - 쿼리 실행 성공: 
                SELECT file_id, file_path, file_n...
2025-09-12 21:14:45,780 - SourceAnalyzer - INFO - logger.py:68 - XML 파일 ID 매핑 로드 완료: 6개 파일
2025-09-12 21:14:45,781 - SourceAnalyzer - DEBUG - logger.py:64 - 파일 읽기 성공: D:\Analyzer\CreateMetaDb\projects\sampleSrc\src\com\example\dynamicquery\UserMapper.xml
2025-09-12 21:14:45,782 - SourceAnalyzer - DEBUG - logger.py:64 - 파일 읽기 성공: D:\Analyzer\CreateMetaDb\projects\sampleSrc\src\main\resources\mybatis\mapper\ImplicitJoinMapper.xml
2025-09-12 21:14:45,782 - SourceAnalyzer - DEBUG - logger.py:64 - 파일 읽기 성공: D:\Analyzer\CreateMetaDb\projects\sampleSrc\src\main\resources\mybatis\mapper\ImplicitJoinTestMapper.xml
2025-09-12 21:14:45,783 - SourceAnalyzer - DEBUG - logger.py:64 - 파일 읽기 성공: D:\Analyzer\CreateMetaDb\projects\sampleSrc\src\main\resources\mybatis\mapper\MixedErrorMapper.xml
2025-09-12 21:14:45,783 - SourceAnalyzer - DEBUG - logger.py:64 - 파일 읽기 성공: D:\Analyzer\CreateMetaDb\projects\sampleSrc\src\main\resources\mybatis\mapper\ProductMapper.xml
2025-09-12 21:14:45,783 - SourceAnalyzer - DEBUG - logger.py:64 - 파일 읽기 성공: D:\Analyzer\CreateMetaDb\projects\sampleSrc\src\main\resources\mybatis\mapper\UserMapper.xml
2025-09-12 21:14:45,784 - SourceAnalyzer - INFO - logger.py:68 - MyBatis XML 파일 수집 완료: 6개
2025-09-12 21:14:45,785 - SourceAnalyzer - DEBUG - logger.py:64 - 파일 읽기 성공: D:\Analyzer\CreateMetaDb\projects\sampleSrc\src\com\example\dynamicquery\UserMapper.xml
2025-09-12 21:14:45,792 - SourceAnalyzer - DEBUG - logger.py:64 - 파일 읽기 성공: D:\Analyzer\CreateMetaDb\projects\sampleSrc\src\com\example\dynamicquery\UserMapper.xml
2025-09-12 21:14:45,793 - SourceAnalyzer - DEBUG - logger.py:64 - 파일 읽기 성공: D:\Analyzer\CreateMetaDb\projects\sampleSrc\src\com\example\dynamicquery\UserMapper.xml
2025-09-12 21:14:45,793 - SourceAnalyzer - DEBUG - logger.py:64 - 파일 읽기 성공: D:\Analyzer\CreateMetaDb\projects\sampleSrc\src\com\example\dynamicquery\UserMapper.xml
2025-09-12 21:14:45,794 - SourceAnalyzer - DEBUG - logger.py:64 - 파일 읽기 성공: D:\Analyzer\CreateMetaDb\projects\sampleSrc\src\com\example\dynamicquery\UserMapper.xml
2025-09-12 21:14:45,795 - SourceAnalyzer - DEBUG - logger.py:64 - 파일 읽기 성공: D:\Analyzer\CreateMetaDb\projects\sampleSrc\src\com\example\dynamicquery\UserMapper.xml
2025-09-12 21:14:45,796 - SourceAnalyzer - DEBUG - logger.py:64 - 파일 읽기 성공: D:\Analyzer\CreateMetaDb\projects\sampleSrc\src\com\example\dynamicquery\UserMapper.xml
2025-09-12 21:14:45,797 - SourceAnalyzer - DEBUG - logger.py:64 - 파일 읽기 성공: D:\Analyzer\CreateMetaDb\projects\sampleSrc\src\com\example\dynamicquery\UserMapper.xml
2025-09-12 21:14:45,798 - SourceAnalyzer - INFO - logger.py:68 - SQL 컴포넌트 저장 시작: 8개 쿼리
2025-09-12 21:14:45,798 - SourceAnalyzer - INFO - logger.py:68 - 프로젝트 ID: 1
2025-09-12 21:14:45,798 - SourceAnalyzer - INFO - logger.py:68 - SQL Content Processor를 사용하여 처리 시작
2025-09-12 21:14:45,798 - SourceAnalyzer - DEBUG - logger.py:64 - 메모리에서 file_id 조회 실패: src/com/example/dynamicquery/UserMapper.xml
2025-09-12 21:14:45,798 - SourceAnalyzer - WARNING - logger.py:72 - 파일 ID를 찾을 수 없어 건너뜀: D:\Analyzer\CreateMetaDb\projects\sampleSrc\src\com\example\dynamicquery\UserMapper.xml
2025-09-12 21:14:45,798 - SourceAnalyzer - DEBUG - logger.py:64 - 메모리에서 file_id 조회 실패: src/com/example/dynamicquery/UserMapper.xml
2025-09-12 21:14:45,798 - SourceAnalyzer - WARNING - logger.py:72 - 파일 ID를 찾을 수 없어 건너뜀: D:\Analyzer\CreateMetaDb\projects\sampleSrc\src\com\example\dynamicquery\UserMapper.xml
2025-09-12 21:14:45,799 - SourceAnalyzer - DEBUG - logger.py:64 - 메모리에서 file_id 조회 실패: src/com/example/dynamicquery/UserMapper.xml
2025-09-12 21:14:45,799 - SourceAnalyzer - WARNING - logger.py:72 - 파일 ID를 찾을 수 없어 건너뜀: D:\Analyzer\CreateMetaDb\projects\sampleSrc\src\com\example\dynamicquery\UserMapper.xml
2025-09-12 21:14:45,799 - SourceAnalyzer - DEBUG - logger.py:64 - 메모리에서 file_id 조회 실패: src/com/example/dynamicquery/UserMapper.xml
2025-09-12 21:14:45,799 - SourceAnalyzer - WARNING - logger.py:72 - 파일 ID를 찾을 수 없어 건너뜀: D:\Analyzer\CreateMetaDb\projects\sampleSrc\src\com\example\dynamicquery\UserMapper.xml
2025-09-12 21:14:45,799 - SourceAnalyzer - DEBUG - logger.py:64 - 메모리에서 file_id 조회 실패: src/com/example/dynamicquery/UserMapper.xml
2025-09-12 21:14:45,799 - SourceAnalyzer - WARNING - logger.py:72 - 파일 ID를 찾을 수 없어 건너뜀: D:\Analyzer\CreateMetaDb\projects\sampleSrc\src\com\example\dynamicquery\UserMapper.xml
2025-09-12 21:14:45,799 - SourceAnalyzer - DEBUG - logger.py:64 - 메모리에서 file_id 조회 실패: src/com/example/dynamicquery/UserMapper.xml
2025-09-12 21:14:45,799 - SourceAnalyzer - WARNING - logger.py:72 - 파일 ID를 찾을 수 없어 건너뜀: D:\Analyzer\CreateMetaDb\projects\sampleSrc\src\com\example\dynamicquery\UserMapper.xml
2025-09-12 21:14:45,799 - SourceAnalyzer - DEBUG - logger.py:64 - 메모리에서 file_id 조회 실패: src/com/example/dynamicquery/UserMapper.xml
2025-09-12 21:14:45,799 - SourceAnalyzer - WARNING - logger.py:72 - 파일 ID를 찾을 수 없어 건너뜀: D:\Analyzer\CreateMetaDb\projects\sampleSrc\src\com\example\dynamicquery\UserMapper.xml
2025-09-12 21:14:45,799 - SourceAnalyzer - DEBUG - logger.py:64 - 메모리에서 file_id 조회 실패: src/com/example/dynamicquery/UserMapper.xml
2025-09-12 21:14:45,799 - SourceAnalyzer - WARNING - logger.py:72 - 파일 ID를 찾을 수 없어 건너뜀: D:\Analyzer\CreateMetaDb\projects\sampleSrc\src\com\example\dynamicquery\UserMapper.xml
2025-09-12 21:14:45,799 - SourceAnalyzer - WARNING - logger.py:72 - 저장할 유효한 SQL 컴포넌트가 없습니다 (건너뜀: 8개)
2025-09-12 21:14:45,799 - SourceAnalyzer - INFO - logger.py:68 - SQL Content Processor 처리 결과: True
2025-09-12 21:14:45,799 - SourceAnalyzer - DEBUG - logger.py:64 - 쿼리 실행 성공: 
                SELECT c.component_id 
          ...
2025-09-12 21:14:45,799 - SourceAnalyzer - DEBUG - logger.py:64 - 쿼리 실행 성공: 
                SELECT c.component_id 
          ...
2025-09-12 21:14:45,800 - SourceAnalyzer - DEBUG - logger.py:64 - 쿼리 실행 성공: 
                SELECT c.component_id 
          ...
2025-09-12 21:14:45,800 - SourceAnalyzer - DEBUG - logger.py:64 - 쿼리 실행 성공: 
                SELECT c.component_id 
          ...
2025-09-12 21:14:45,800 - SourceAnalyzer - DEBUG - logger.py:64 - 쿼리 실행 성공: 
                SELECT c.component_id 
          ...
2025-09-12 21:14:45,800 - SourceAnalyzer - DEBUG - logger.py:64 - 쿼리 실행 성공: 
                SELECT c.component_id 
          ...
2025-09-12 21:14:45,800 - SourceAnalyzer - DEBUG - logger.py:64 - 쿼리 실행 성공: 
                SELECT c.component_id 
          ...
2025-09-12 21:14:45,800 - SourceAnalyzer - DEBUG - logger.py:64 - 쿼리 실행 성공: 
                SELECT c.component_id 
          ...
2025-09-12 21:14:45,800 - SourceAnalyzer - DEBUG - logger.py:64 - 쿼리 실행 성공: 
                SELECT c.component_id 
          ...
2025-09-12 21:14:45,800 - SourceAnalyzer - DEBUG - logger.py:64 - 쿼리 실행 성공: 
                SELECT c.component_id 
          ...
2025-09-12 21:14:45,800 - SourceAnalyzer - DEBUG - logger.py:64 - 쿼리 실행 성공: 
                SELECT c.component_id 
          ...
2025-09-12 21:14:45,800 - SourceAnalyzer - DEBUG - logger.py:64 - 쿼리 실행 성공: 
                SELECT c.component_id 
          ...
2025-09-12 21:14:45,800 - SourceAnalyzer - DEBUG - logger.py:64 - 쿼리 실행 성공: 
                SELECT c.component_id 
          ...
2025-09-12 21:14:45,800 - SourceAnalyzer - DEBUG - logger.py:64 - 쿼리 실행 성공: 
                SELECT c.component_id 
          ...
2025-09-12 21:14:45,800 - SourceAnalyzer - DEBUG - logger.py:64 - 쿼리 실행 성공: 
                SELECT c.component_id 
          ...
2025-09-12 21:14:45,800 - SourceAnalyzer - DEBUG - logger.py:64 - 쿼리 실행 성공: 
                SELECT c.component_id 
          ...
2025-09-12 21:14:45,800 - SourceAnalyzer - DEBUG - logger.py:64 - 쿼리 실행 성공: 
                SELECT c.component_id 
          ...
2025-09-12 21:14:45,800 - SourceAnalyzer - DEBUG - logger.py:64 - 쿼리 실행 성공: 
                SELECT c.component_id 
          ...
2025-09-12 21:14:45,801 - SourceAnalyzer - DEBUG - logger.py:64 - 쿼리 실행 성공: 
                SELECT c.component_id 
          ...
2025-09-12 21:14:45,801 - SourceAnalyzer - DEBUG - logger.py:64 - 쿼리 실행 성공: 
                SELECT c.component_id 
          ...
2025-09-12 21:14:45,801 - SourceAnalyzer - DEBUG - logger.py:64 - 쿼리 실행 성공: 
                SELECT c.component_id 
          ...
2025-09-12 21:14:45,801 - SourceAnalyzer - DEBUG - logger.py:64 - 쿼리 실행 성공: 
                SELECT c.component_id 
          ...
2025-09-12 21:14:45,801 - SourceAnalyzer - DEBUG - logger.py:64 - 쿼리 실행 성공: 
                SELECT c.component_id 
          ...
2025-09-12 21:14:45,801 - SourceAnalyzer - DEBUG - logger.py:64 - 쿼리 실행 성공: 
                SELECT c.component_id 
          ...
2025-09-12 21:14:45,801 - SourceAnalyzer - DEBUG - logger.py:64 - 쿼리 실행 성공: 
                SELECT c.component_id 
          ...
2025-09-12 21:14:45,801 - SourceAnalyzer - DEBUG - logger.py:64 - 쿼리 실행 성공: 
                SELECT c.component_id 
          ...
2025-09-12 21:14:45,801 - SourceAnalyzer - DEBUG - logger.py:64 - 쿼리 실행 성공: 
                SELECT c.component_id 
          ...
2025-09-12 21:14:45,801 - SourceAnalyzer - DEBUG - logger.py:64 - 쿼리 실행 성공: 
                SELECT c.component_id 
          ...
2025-09-12 21:14:45,801 - SourceAnalyzer - DEBUG - logger.py:64 - 쿼리 실행 성공: 
                SELECT c.component_id 
          ...
2025-09-12 21:14:45,801 - SourceAnalyzer - DEBUG - logger.py:64 - 쿼리 실행 성공: 
                SELECT c.component_id 
          ...
2025-09-12 21:14:45,803 - SourceAnalyzer - DEBUG - logger.py:64 - 배치 쿼리 실행 성공: 
            INSERT OR IGNORE INTO relationships (..., 처리된 행: 15
2025-09-12 21:14:45,803 - SourceAnalyzer - INFO - logger.py:68 - JOIN 관계 저장 완료: 15개
2025-09-12 21:14:45,804 - SourceAnalyzer - DEBUG - logger.py:64 - 파일 읽기 성공: D:\Analyzer\CreateMetaDb\projects\sampleSrc\src\main\resources\mybatis\mapper\ImplicitJoinMapper.xml
2025-09-12 21:14:45,805 - SourceAnalyzer - DEBUG - logger.py:64 - 파일 읽기 성공: D:\Analyzer\CreateMetaDb\projects\sampleSrc\src\main\resources\mybatis\mapper\ImplicitJoinMapper.xml
2025-09-12 21:14:45,805 - SourceAnalyzer - DEBUG - logger.py:64 - 파일 읽기 성공: D:\Analyzer\CreateMetaDb\projects\sampleSrc\src\main\resources\mybatis\mapper\ImplicitJoinMapper.xml
2025-09-12 21:14:45,806 - SourceAnalyzer - DEBUG - logger.py:64 - 파일 읽기 성공: D:\Analyzer\CreateMetaDb\projects\sampleSrc\src\main\resources\mybatis\mapper\ImplicitJoinMapper.xml
2025-09-12 21:14:45,806 - SourceAnalyzer - DEBUG - logger.py:64 - 파일 읽기 성공: D:\Analyzer\CreateMetaDb\projects\sampleSrc\src\main\resources\mybatis\mapper\ImplicitJoinMapper.xml
2025-09-12 21:14:45,808 - SourceAnalyzer - INFO - logger.py:68 - SQL 컴포넌트 저장 시작: 5개 쿼리
2025-09-12 21:14:45,808 - SourceAnalyzer - INFO - logger.py:68 - 프로젝트 ID: 1
2025-09-12 21:14:45,808 - SourceAnalyzer - INFO - logger.py:68 - SQL Content Processor를 사용하여 처리 시작
2025-09-12 21:14:45,808 - SourceAnalyzer - DEBUG - logger.py:64 - 메모리에서 file_id 조회 실패: src/main/resources/mybatis/mapper/ImplicitJoinMapper.xml
2025-09-12 21:14:45,808 - SourceAnalyzer - WARNING - logger.py:72 - 파일 ID를 찾을 수 없어 건너뜀: D:\Analyzer\CreateMetaDb\projects\sampleSrc\src\main\resources\mybatis\mapper\ImplicitJoinMapper.xml
2025-09-12 21:14:45,808 - SourceAnalyzer - DEBUG - logger.py:64 - 메모리에서 file_id 조회 실패: src/main/resources/mybatis/mapper/ImplicitJoinMapper.xml
2025-09-12 21:14:45,808 - SourceAnalyzer - WARNING - logger.py:72 - 파일 ID를 찾을 수 없어 건너뜀: D:\Analyzer\CreateMetaDb\projects\sampleSrc\src\main\resources\mybatis\mapper\ImplicitJoinMapper.xml
2025-09-12 21:14:45,808 - SourceAnalyzer - DEBUG - logger.py:64 - 메모리에서 file_id 조회 실패: src/main/resources/mybatis/mapper/ImplicitJoinMapper.xml
2025-09-12 21:14:45,808 - SourceAnalyzer - WARNING - logger.py:72 - 파일 ID를 찾을 수 없어 건너뜀: D:\Analyzer\CreateMetaDb\projects\sampleSrc\src\main\resources\mybatis\mapper\ImplicitJoinMapper.xml
2025-09-12 21:14:45,809 - SourceAnalyzer - DEBUG - logger.py:64 - 메모리에서 file_id 조회 실패: src/main/resources/mybatis/mapper/ImplicitJoinMapper.xml
2025-09-12 21:14:45,809 - SourceAnalyzer - WARNING - logger.py:72 - 파일 ID를 찾을 수 없어 건너뜀: D:\Analyzer\CreateMetaDb\projects\sampleSrc\src\main\resources\mybatis\mapper\ImplicitJoinMapper.xml
2025-09-12 21:14:45,809 - SourceAnalyzer - DEBUG - logger.py:64 - 메모리에서 file_id 조회 실패: src/main/resources/mybatis/mapper/ImplicitJoinMapper.xml
2025-09-12 21:14:45,809 - SourceAnalyzer - WARNING - logger.py:72 - 파일 ID를 찾을 수 없어 건너뜀: D:\Analyzer\CreateMetaDb\projects\sampleSrc\src\main\resources\mybatis\mapper\ImplicitJoinMapper.xml
2025-09-12 21:14:45,809 - SourceAnalyzer - WARNING - logger.py:72 - 저장할 유효한 SQL 컴포넌트가 없습니다 (건너뜀: 5개)
2025-09-12 21:14:45,809 - SourceAnalyzer - INFO - logger.py:68 - SQL Content Processor 처리 결과: True
2025-09-12 21:14:45,809 - SourceAnalyzer - DEBUG - logger.py:64 - 쿼리 실행 성공: 
                SELECT c.component_id 
          ...
2025-09-12 21:14:45,809 - SourceAnalyzer - DEBUG - logger.py:64 - 쿼리 실행 성공: 
                SELECT c.component_id 
          ...
2025-09-12 21:14:45,809 - SourceAnalyzer - DEBUG - logger.py:64 - 쿼리 실행 성공: 
                SELECT c.component_id 
          ...
2025-09-12 21:14:45,809 - SourceAnalyzer - DEBUG - logger.py:64 - 쿼리 실행 성공: 
                SELECT c.component_id 
          ...
2025-09-12 21:14:45,809 - SourceAnalyzer - DEBUG - logger.py:64 - 쿼리 실행 성공: 
                SELECT c.component_id 
          ...
2025-09-12 21:14:45,809 - SourceAnalyzer - DEBUG - logger.py:64 - 쿼리 실행 성공: 
                SELECT c.component_id 
          ...
2025-09-12 21:14:45,809 - SourceAnalyzer - DEBUG - logger.py:64 - 쿼리 실행 성공: 
                SELECT c.component_id 
          ...
2025-09-12 21:14:45,810 - SourceAnalyzer - DEBUG - logger.py:64 - 쿼리 실행 성공: 
                SELECT c.component_id 
          ...
2025-09-12 21:14:45,810 - SourceAnalyzer - DEBUG - logger.py:64 - 쿼리 실행 성공: 
                SELECT c.component_id 
          ...
2025-09-12 21:14:45,810 - SourceAnalyzer - DEBUG - logger.py:64 - 쿼리 실행 성공: 
                SELECT c.component_id 
          ...
2025-09-12 21:14:45,810 - SourceAnalyzer - DEBUG - logger.py:64 - 쿼리 실행 성공: 
                SELECT c.component_id 
          ...
2025-09-12 21:14:45,810 - SourceAnalyzer - DEBUG - logger.py:64 - 쿼리 실행 성공: 
                SELECT c.component_id 
          ...
2025-09-12 21:14:45,810 - SourceAnalyzer - DEBUG - logger.py:64 - 쿼리 실행 성공: 
                SELECT c.component_id 
          ...
2025-09-12 21:14:45,810 - SourceAnalyzer - DEBUG - logger.py:64 - 쿼리 실행 성공: 
                SELECT c.component_id 
          ...
2025-09-12 21:14:45,810 - SourceAnalyzer - DEBUG - logger.py:64 - 배치 쿼리 실행 성공: 
            INSERT OR IGNORE INTO relationships (..., 처리된 행: 7
2025-09-12 21:14:45,810 - SourceAnalyzer - INFO - logger.py:68 - JOIN 관계 저장 완료: 7개
2025-09-12 21:14:45,810 - SourceAnalyzer - WARNING - logger.py:72 - XML 파싱 오류: D:\Analyzer\CreateMetaDb\projects\sampleSrc\src\main\resources\mybatis\mapper\ImplicitJoinTestMapper.xml - not well-formed (invalid token): line 190, column 37
2025-09-12 21:14:45,811 - SourceAnalyzer - WARNING - logger.py:72 - XML 파싱 에러로 건너뜀: D:\Analyzer\CreateMetaDb\projects\sampleSrc\src\main\resources\mybatis\mapper\ImplicitJoinTestMapper.xml - XML 파싱 오류: not well-formed (invalid token): line 190, column 37
2025-09-12 21:14:45,811 - SourceAnalyzer - DEBUG - logger.py:64 - 파일 읽기 성공: D:\Analyzer\CreateMetaDb\projects\sampleSrc\src\main\resources\mybatis\mapper\MixedErrorMapper.xml
2025-09-12 21:14:45,811 - SourceAnalyzer - DEBUG - logger.py:64 - 파일 읽기 성공: D:\Analyzer\CreateMetaDb\projects\sampleSrc\src\main\resources\mybatis\mapper\MixedErrorMapper.xml
2025-09-12 21:14:45,812 - SourceAnalyzer - DEBUG - logger.py:64 - 파일 읽기 성공: D:\Analyzer\CreateMetaDb\projects\sampleSrc\src\main\resources\mybatis\mapper\MixedErrorMapper.xml
2025-09-12 21:14:45,812 - SourceAnalyzer - DEBUG - logger.py:64 - 파일 읽기 성공: D:\Analyzer\CreateMetaDb\projects\sampleSrc\src\main\resources\mybatis\mapper\MixedErrorMapper.xml
2025-09-12 21:14:45,813 - SourceAnalyzer - DEBUG - logger.py:64 - 파일 읽기 성공: D:\Analyzer\CreateMetaDb\projects\sampleSrc\src\main\resources\mybatis\mapper\MixedErrorMapper.xml
2025-09-12 21:14:45,813 - SourceAnalyzer - DEBUG - logger.py:64 - 파일 읽기 성공: D:\Analyzer\CreateMetaDb\projects\sampleSrc\src\main\resources\mybatis\mapper\MixedErrorMapper.xml
2025-09-12 21:14:45,813 - SourceAnalyzer - DEBUG - logger.py:64 - 파일 읽기 성공: D:\Analyzer\CreateMetaDb\projects\sampleSrc\src\main\resources\mybatis\mapper\MixedErrorMapper.xml
2025-09-12 21:14:45,814 - SourceAnalyzer - DEBUG - logger.py:64 - 파일 읽기 성공: D:\Analyzer\CreateMetaDb\projects\sampleSrc\src\main\resources\mybatis\mapper\MixedErrorMapper.xml
2025-09-12 21:14:45,814 - SourceAnalyzer - DEBUG - logger.py:64 - 파일 읽기 성공: D:\Analyzer\CreateMetaDb\projects\sampleSrc\src\main\resources\mybatis\mapper\MixedErrorMapper.xml
2025-09-12 21:14:45,815 - SourceAnalyzer - DEBUG - logger.py:64 - 파일 읽기 성공: D:\Analyzer\CreateMetaDb\projects\sampleSrc\src\main\resources\mybatis\mapper\MixedErrorMapper.xml
2025-09-12 21:14:45,816 - SourceAnalyzer - DEBUG - logger.py:64 - 파일 읽기 성공: D:\Analyzer\CreateMetaDb\projects\sampleSrc\src\main\resources\mybatis\mapper\MixedErrorMapper.xml
2025-09-12 21:14:45,816 - SourceAnalyzer - DEBUG - logger.py:64 - 파일 읽기 성공: D:\Analyzer\CreateMetaDb\projects\sampleSrc\src\main\resources\mybatis\mapper\MixedErrorMapper.xml
2025-09-12 21:14:45,817 - SourceAnalyzer - INFO - logger.py:68 - SQL 컴포넌트 저장 시작: 12개 쿼리
2025-09-12 21:14:45,817 - SourceAnalyzer - INFO - logger.py:68 - 프로젝트 ID: 1
2025-09-12 21:14:45,817 - SourceAnalyzer - INFO - logger.py:68 - SQL Content Processor를 사용하여 처리 시작
2025-09-12 21:14:45,817 - SourceAnalyzer - DEBUG - logger.py:64 - 메모리에서 file_id 조회 실패: src/main/resources/mybatis/mapper/MixedErrorMapper.xml
2025-09-12 21:14:45,817 - SourceAnalyzer - WARNING - logger.py:72 - 파일 ID를 찾을 수 없어 건너뜀: D:\Analyzer\CreateMetaDb\projects\sampleSrc\src\main\resources\mybatis\mapper\MixedErrorMapper.xml
2025-09-12 21:14:45,817 - SourceAnalyzer - DEBUG - logger.py:64 - 메모리에서 file_id 조회 실패: src/main/resources/mybatis/mapper/MixedErrorMapper.xml
2025-09-12 21:14:45,817 - SourceAnalyzer - WARNING - logger.py:72 - 파일 ID를 찾을 수 없어 건너뜀: D:\Analyzer\CreateMetaDb\projects\sampleSrc\src\main\resources\mybatis\mapper\MixedErrorMapper.xml
2025-09-12 21:14:45,817 - SourceAnalyzer - DEBUG - logger.py:64 - 메모리에서 file_id 조회 실패: src/main/resources/mybatis/mapper/MixedErrorMapper.xml
2025-09-12 21:14:45,817 - SourceAnalyzer - WARNING - logger.py:72 - 파일 ID를 찾을 수 없어 건너뜀: D:\Analyzer\CreateMetaDb\projects\sampleSrc\src\main\resources\mybatis\mapper\MixedErrorMapper.xml
2025-09-12 21:14:45,817 - SourceAnalyzer - DEBUG - logger.py:64 - 메모리에서 file_id 조회 실패: src/main/resources/mybatis/mapper/MixedErrorMapper.xml
2025-09-12 21:14:45,817 - SourceAnalyzer - WARNING - logger.py:72 - 파일 ID를 찾을 수 없어 건너뜀: D:\Analyzer\CreateMetaDb\projects\sampleSrc\src\main\resources\mybatis\mapper\MixedErrorMapper.xml
2025-09-12 21:14:45,817 - SourceAnalyzer - DEBUG - logger.py:64 - 메모리에서 file_id 조회 실패: src/main/resources/mybatis/mapper/MixedErrorMapper.xml
2025-09-12 21:14:45,817 - SourceAnalyzer - WARNING - logger.py:72 - 파일 ID를 찾을 수 없어 건너뜀: D:\Analyzer\CreateMetaDb\projects\sampleSrc\src\main\resources\mybatis\mapper\MixedErrorMapper.xml
2025-09-12 21:14:45,817 - SourceAnalyzer - DEBUG - logger.py:64 - 메모리에서 file_id 조회 실패: src/main/resources/mybatis/mapper/MixedErrorMapper.xml
2025-09-12 21:14:45,817 - SourceAnalyzer - WARNING - logger.py:72 - 파일 ID를 찾을 수 없어 건너뜀: D:\Analyzer\CreateMetaDb\projects\sampleSrc\src\main\resources\mybatis\mapper\MixedErrorMapper.xml
2025-09-12 21:14:45,817 - SourceAnalyzer - DEBUG - logger.py:64 - 메모리에서 file_id 조회 실패: src/main/resources/mybatis/mapper/MixedErrorMapper.xml
2025-09-12 21:14:45,817 - SourceAnalyzer - WARNING - logger.py:72 - 파일 ID를 찾을 수 없어 건너뜀: D:\Analyzer\CreateMetaDb\projects\sampleSrc\src\main\resources\mybatis\mapper\MixedErrorMapper.xml
2025-09-12 21:14:45,818 - SourceAnalyzer - DEBUG - logger.py:64 - 메모리에서 file_id 조회 실패: src/main/resources/mybatis/mapper/MixedErrorMapper.xml
2025-09-12 21:14:45,818 - SourceAnalyzer - WARNING - logger.py:72 - 파일 ID를 찾을 수 없어 건너뜀: D:\Analyzer\CreateMetaDb\projects\sampleSrc\src\main\resources\mybatis\mapper\MixedErrorMapper.xml
2025-09-12 21:14:45,818 - SourceAnalyzer - DEBUG - logger.py:64 - 메모리에서 file_id 조회 실패: src/main/resources/mybatis/mapper/MixedErrorMapper.xml
2025-09-12 21:14:45,818 - SourceAnalyzer - WARNING - logger.py:72 - 파일 ID를 찾을 수 없어 건너뜀: D:\Analyzer\CreateMetaDb\projects\sampleSrc\src\main\resources\mybatis\mapper\MixedErrorMapper.xml
2025-09-12 21:14:45,818 - SourceAnalyzer - DEBUG - logger.py:64 - 메모리에서 file_id 조회 실패: src/main/resources/mybatis/mapper/MixedErrorMapper.xml
2025-09-12 21:14:45,818 - SourceAnalyzer - WARNING - logger.py:72 - 파일 ID를 찾을 수 없어 건너뜀: D:\Analyzer\CreateMetaDb\projects\sampleSrc\src\main\resources\mybatis\mapper\MixedErrorMapper.xml
2025-09-12 21:14:45,818 - SourceAnalyzer - DEBUG - logger.py:64 - 메모리에서 file_id 조회 실패: src/main/resources/mybatis/mapper/MixedErrorMapper.xml
2025-09-12 21:14:45,818 - SourceAnalyzer - WARNING - logger.py:72 - 파일 ID를 찾을 수 없어 건너뜀: D:\Analyzer\CreateMetaDb\projects\sampleSrc\src\main\resources\mybatis\mapper\MixedErrorMapper.xml
2025-09-12 21:14:45,818 - SourceAnalyzer - DEBUG - logger.py:64 - 메모리에서 file_id 조회 실패: src/main/resources/mybatis/mapper/MixedErrorMapper.xml
2025-09-12 21:14:45,818 - SourceAnalyzer - WARNING - logger.py:72 - 파일 ID를 찾을 수 없어 건너뜀: D:\Analyzer\CreateMetaDb\projects\sampleSrc\src\main\resources\mybatis\mapper\MixedErrorMapper.xml
2025-09-12 21:14:45,818 - SourceAnalyzer - WARNING - logger.py:72 - 저장할 유효한 SQL 컴포넌트가 없습니다 (건너뜀: 12개)
2025-09-12 21:14:45,818 - SourceAnalyzer - INFO - logger.py:68 - SQL Content Processor 처리 결과: True
2025-09-12 21:14:45,819 - SourceAnalyzer - DEBUG - logger.py:64 - 파일 읽기 성공: D:\Analyzer\CreateMetaDb\projects\sampleSrc\src\main\resources\mybatis\mapper\ProductMapper.xml
2025-09-12 21:14:45,819 - SourceAnalyzer - DEBUG - logger.py:64 - 파일 읽기 성공: D:\Analyzer\CreateMetaDb\projects\sampleSrc\src\main\resources\mybatis\mapper\ProductMapper.xml
2025-09-12 21:14:45,820 - SourceAnalyzer - DEBUG - logger.py:64 - 파일 읽기 성공: D:\Analyzer\CreateMetaDb\projects\sampleSrc\src\main\resources\mybatis\mapper\ProductMapper.xml
2025-09-12 21:14:45,821 - SourceAnalyzer - DEBUG - logger.py:64 - 파일 읽기 성공: D:\Analyzer\CreateMetaDb\projects\sampleSrc\src\main\resources\mybatis\mapper\ProductMapper.xml
2025-09-12 21:14:45,821 - SourceAnalyzer - DEBUG - logger.py:64 - 파일 읽기 성공: D:\Analyzer\CreateMetaDb\projects\sampleSrc\src\main\resources\mybatis\mapper\ProductMapper.xml
2025-09-12 21:14:45,821 - SourceAnalyzer - DEBUG - logger.py:64 - 파일 읽기 성공: D:\Analyzer\CreateMetaDb\projects\sampleSrc\src\main\resources\mybatis\mapper\ProductMapper.xml
2025-09-12 21:14:45,822 - SourceAnalyzer - DEBUG - logger.py:64 - 파일 읽기 성공: D:\Analyzer\CreateMetaDb\projects\sampleSrc\src\main\resources\mybatis\mapper\ProductMapper.xml
2025-09-12 21:14:45,822 - SourceAnalyzer - DEBUG - logger.py:64 - 파일 읽기 성공: D:\Analyzer\CreateMetaDb\projects\sampleSrc\src\main\resources\mybatis\mapper\ProductMapper.xml
2025-09-12 21:14:45,823 - SourceAnalyzer - DEBUG - logger.py:64 - 파일 읽기 성공: D:\Analyzer\CreateMetaDb\projects\sampleSrc\src\main\resources\mybatis\mapper\ProductMapper.xml
2025-09-12 21:14:45,823 - SourceAnalyzer - INFO - logger.py:68 - SQL 컴포넌트 저장 시작: 9개 쿼리
2025-09-12 21:14:45,823 - SourceAnalyzer - INFO - logger.py:68 - 프로젝트 ID: 1
2025-09-12 21:14:45,823 - SourceAnalyzer - INFO - logger.py:68 - SQL Content Processor를 사용하여 처리 시작
2025-09-12 21:14:45,823 - SourceAnalyzer - DEBUG - logger.py:64 - 메모리에서 file_id 조회 실패: src/main/resources/mybatis/mapper/ProductMapper.xml
2025-09-12 21:14:45,823 - SourceAnalyzer - WARNING - logger.py:72 - 파일 ID를 찾을 수 없어 건너뜀: D:\Analyzer\CreateMetaDb\projects\sampleSrc\src\main\resources\mybatis\mapper\ProductMapper.xml
2025-09-12 21:14:45,823 - SourceAnalyzer - DEBUG - logger.py:64 - 메모리에서 file_id 조회 실패: src/main/resources/mybatis/mapper/ProductMapper.xml
2025-09-12 21:14:45,823 - SourceAnalyzer - WARNING - logger.py:72 - 파일 ID를 찾을 수 없어 건너뜀: D:\Analyzer\CreateMetaDb\projects\sampleSrc\src\main\resources\mybatis\mapper\ProductMapper.xml
2025-09-12 21:14:45,823 - SourceAnalyzer - DEBUG - logger.py:64 - 메모리에서 file_id 조회 실패: src/main/resources/mybatis/mapper/ProductMapper.xml
2025-09-12 21:14:45,823 - SourceAnalyzer - WARNING - logger.py:72 - 파일 ID를 찾을 수 없어 건너뜀: D:\Analyzer\CreateMetaDb\projects\sampleSrc\src\main\resources\mybatis\mapper\ProductMapper.xml
2025-09-12 21:14:45,823 - SourceAnalyzer - DEBUG - logger.py:64 - 메모리에서 file_id 조회 실패: src/main/resources/mybatis/mapper/ProductMapper.xml
2025-09-12 21:14:45,823 - SourceAnalyzer - WARNING - logger.py:72 - 파일 ID를 찾을 수 없어 건너뜀: D:\Analyzer\CreateMetaDb\projects\sampleSrc\src\main\resources\mybatis\mapper\ProductMapper.xml
2025-09-12 21:14:45,823 - SourceAnalyzer - DEBUG - logger.py:64 - 메모리에서 file_id 조회 실패: src/main/resources/mybatis/mapper/ProductMapper.xml
2025-09-12 21:14:45,823 - SourceAnalyzer - WARNING - logger.py:72 - 파일 ID를 찾을 수 없어 건너뜀: D:\Analyzer\CreateMetaDb\projects\sampleSrc\src\main\resources\mybatis\mapper\ProductMapper.xml
2025-09-12 21:14:45,823 - SourceAnalyzer - DEBUG - logger.py:64 - 메모리에서 file_id 조회 실패: src/main/resources/mybatis/mapper/ProductMapper.xml
2025-09-12 21:14:45,823 - SourceAnalyzer - WARNING - logger.py:72 - 파일 ID를 찾을 수 없어 건너뜀: D:\Analyzer\CreateMetaDb\projects\sampleSrc\src\main\resources\mybatis\mapper\ProductMapper.xml
2025-09-12 21:14:45,824 - SourceAnalyzer - DEBUG - logger.py:64 - 메모리에서 file_id 조회 실패: src/main/resources/mybatis/mapper/ProductMapper.xml
2025-09-12 21:14:45,824 - SourceAnalyzer - WARNING - logger.py:72 - 파일 ID를 찾을 수 없어 건너뜀: D:\Analyzer\CreateMetaDb\projects\sampleSrc\src\main\resources\mybatis\mapper\ProductMapper.xml
2025-09-12 21:14:45,824 - SourceAnalyzer - DEBUG - logger.py:64 - 메모리에서 file_id 조회 실패: src/main/resources/mybatis/mapper/ProductMapper.xml
2025-09-12 21:14:45,824 - SourceAnalyzer - WARNING - logger.py:72 - 파일 ID를 찾을 수 없어 건너뜀: D:\Analyzer\CreateMetaDb\projects\sampleSrc\src\main\resources\mybatis\mapper\ProductMapper.xml
2025-09-12 21:14:45,824 - SourceAnalyzer - DEBUG - logger.py:64 - 메모리에서 file_id 조회 실패: src/main/resources/mybatis/mapper/ProductMapper.xml
2025-09-12 21:14:45,824 - SourceAnalyzer - WARNING - logger.py:72 - 파일 ID를 찾을 수 없어 건너뜀: D:\Analyzer\CreateMetaDb\projects\sampleSrc\src\main\resources\mybatis\mapper\ProductMapper.xml
2025-09-12 21:14:45,824 - SourceAnalyzer - WARNING - logger.py:72 - 저장할 유효한 SQL 컴포넌트가 없습니다 (건너뜀: 9개)
2025-09-12 21:14:45,824 - SourceAnalyzer - INFO - logger.py:68 - SQL Content Processor 처리 결과: True
2025-09-12 21:14:45,824 - SourceAnalyzer - DEBUG - logger.py:64 - 파일 읽기 성공: D:\Analyzer\CreateMetaDb\projects\sampleSrc\src\main\resources\mybatis\mapper\UserMapper.xml
2025-09-12 21:14:45,825 - SourceAnalyzer - DEBUG - logger.py:64 - 파일 읽기 성공: D:\Analyzer\CreateMetaDb\projects\sampleSrc\src\main\resources\mybatis\mapper\UserMapper.xml
2025-09-12 21:14:45,825 - SourceAnalyzer - DEBUG - logger.py:64 - 파일 읽기 성공: D:\Analyzer\CreateMetaDb\projects\sampleSrc\src\main\resources\mybatis\mapper\UserMapper.xml
2025-09-12 21:14:45,826 - SourceAnalyzer - DEBUG - logger.py:64 - 파일 읽기 성공: D:\Analyzer\CreateMetaDb\projects\sampleSrc\src\main\resources\mybatis\mapper\UserMapper.xml
2025-09-12 21:14:45,826 - SourceAnalyzer - DEBUG - logger.py:64 - 파일 읽기 성공: D:\Analyzer\CreateMetaDb\projects\sampleSrc\src\main\resources\mybatis\mapper\UserMapper.xml
2025-09-12 21:14:45,827 - SourceAnalyzer - DEBUG - logger.py:64 - 파일 읽기 성공: D:\Analyzer\CreateMetaDb\projects\sampleSrc\src\main\resources\mybatis\mapper\UserMapper.xml
2025-09-12 21:14:45,827 - SourceAnalyzer - DEBUG - logger.py:64 - 파일 읽기 성공: D:\Analyzer\CreateMetaDb\projects\sampleSrc\src\main\resources\mybatis\mapper\UserMapper.xml
2025-09-12 21:14:45,828 - SourceAnalyzer - DEBUG - logger.py:64 - 파일 읽기 성공: D:\Analyzer\CreateMetaDb\projects\sampleSrc\src\main\resources\mybatis\mapper\UserMapper.xml
2025-09-12 21:14:45,828 - SourceAnalyzer - DEBUG - logger.py:64 - 파일 읽기 성공: D:\Analyzer\CreateMetaDb\projects\sampleSrc\src\main\resources\mybatis\mapper\UserMapper.xml
2025-09-12 21:14:45,829 - SourceAnalyzer - DEBUG - logger.py:64 - 파일 읽기 성공: D:\Analyzer\CreateMetaDb\projects\sampleSrc\src\main\resources\mybatis\mapper\UserMapper.xml
2025-09-12 21:14:45,830 - SourceAnalyzer - DEBUG - logger.py:64 - 파일 읽기 성공: D:\Analyzer\CreateMetaDb\projects\sampleSrc\src\main\resources\mybatis\mapper\UserMapper.xml
2025-09-12 21:14:45,830 - SourceAnalyzer - DEBUG - logger.py:64 - 파일 읽기 성공: D:\Analyzer\CreateMetaDb\projects\sampleSrc\src\main\resources\mybatis\mapper\UserMapper.xml
2025-09-12 21:14:45,831 - SourceAnalyzer - DEBUG - logger.py:64 - 파일 읽기 성공: D:\Analyzer\CreateMetaDb\projects\sampleSrc\src\main\resources\mybatis\mapper\UserMapper.xml
2025-09-12 21:14:45,832 - SourceAnalyzer - DEBUG - logger.py:64 - 파일 읽기 성공: D:\Analyzer\CreateMetaDb\projects\sampleSrc\src\main\resources\mybatis\mapper\UserMapper.xml
2025-09-12 21:14:45,833 - SourceAnalyzer - DEBUG - logger.py:64 - 파일 읽기 성공: D:\Analyzer\CreateMetaDb\projects\sampleSrc\src\main\resources\mybatis\mapper\UserMapper.xml
2025-09-12 21:14:45,834 - SourceAnalyzer - DEBUG - logger.py:64 - 파일 읽기 성공: D:\Analyzer\CreateMetaDb\projects\sampleSrc\src\main\resources\mybatis\mapper\UserMapper.xml
2025-09-12 21:14:45,835 - SourceAnalyzer - DEBUG - logger.py:64 - 파일 읽기 성공: D:\Analyzer\CreateMetaDb\projects\sampleSrc\src\main\resources\mybatis\mapper\UserMapper.xml
2025-09-12 21:14:45,836 - SourceAnalyzer - DEBUG - logger.py:64 - 파일 읽기 성공: D:\Analyzer\CreateMetaDb\projects\sampleSrc\src\main\resources\mybatis\mapper\UserMapper.xml
2025-09-12 21:14:45,836 - SourceAnalyzer - DEBUG - logger.py:64 - 파일 읽기 성공: D:\Analyzer\CreateMetaDb\projects\sampleSrc\src\main\resources\mybatis\mapper\UserMapper.xml
2025-09-12 21:14:45,837 - SourceAnalyzer - DEBUG - logger.py:64 - 파일 읽기 성공: D:\Analyzer\CreateMetaDb\projects\sampleSrc\src\main\resources\mybatis\mapper\UserMapper.xml
2025-09-12 21:14:45,837 - SourceAnalyzer - INFO - logger.py:68 - SQL 컴포넌트 저장 시작: 20개 쿼리
2025-09-12 21:14:45,837 - SourceAnalyzer - INFO - logger.py:68 - 프로젝트 ID: 1
2025-09-12 21:14:45,837 - SourceAnalyzer - INFO - logger.py:68 - SQL Content Processor를 사용하여 처리 시작
2025-09-12 21:14:45,837 - SourceAnalyzer - DEBUG - logger.py:64 - 메모리에서 file_id 조회 실패: src/main/resources/mybatis/mapper/UserMapper.xml
2025-09-12 21:14:45,837 - SourceAnalyzer - WARNING - logger.py:72 - 파일 ID를 찾을 수 없어 건너뜀: D:\Analyzer\CreateMetaDb\projects\sampleSrc\src\main\resources\mybatis\mapper\UserMapper.xml
2025-09-12 21:14:45,837 - SourceAnalyzer - DEBUG - logger.py:64 - 메모리에서 file_id 조회 실패: src/main/resources/mybatis/mapper/UserMapper.xml
2025-09-12 21:14:45,837 - SourceAnalyzer - WARNING - logger.py:72 - 파일 ID를 찾을 수 없어 건너뜀: D:\Analyzer\CreateMetaDb\projects\sampleSrc\src\main\resources\mybatis\mapper\UserMapper.xml
2025-09-12 21:14:45,838 - SourceAnalyzer - DEBUG - logger.py:64 - 메모리에서 file_id 조회 실패: src/main/resources/mybatis/mapper/UserMapper.xml
2025-09-12 21:14:45,838 - SourceAnalyzer - WARNING - logger.py:72 - 파일 ID를 찾을 수 없어 건너뜀: D:\Analyzer\CreateMetaDb\projects\sampleSrc\src\main\resources\mybatis\mapper\UserMapper.xml
2025-09-12 21:14:45,838 - SourceAnalyzer - DEBUG - logger.py:64 - 메모리에서 file_id 조회 실패: src/main/resources/mybatis/mapper/UserMapper.xml
2025-09-12 21:14:45,838 - SourceAnalyzer - WARNING - logger.py:72 - 파일 ID를 찾을 수 없어 건너뜀: D:\Analyzer\CreateMetaDb\projects\sampleSrc\src\main\resources\mybatis\mapper\UserMapper.xml
2025-09-12 21:14:45,838 - SourceAnalyzer - DEBUG - logger.py:64 - 메모리에서 file_id 조회 실패: src/main/resources/mybatis/mapper/UserMapper.xml
2025-09-12 21:14:45,838 - SourceAnalyzer - WARNING - logger.py:72 - 파일 ID를 찾을 수 없어 건너뜀: D:\Analyzer\CreateMetaDb\projects\sampleSrc\src\main\resources\mybatis\mapper\UserMapper.xml
2025-09-12 21:14:45,838 - SourceAnalyzer - DEBUG - logger.py:64 - 메모리에서 file_id 조회 실패: src/main/resources/mybatis/mapper/UserMapper.xml
2025-09-12 21:14:45,838 - SourceAnalyzer - WARNING - logger.py:72 - 파일 ID를 찾을 수 없어 건너뜀: D:\Analyzer\CreateMetaDb\projects\sampleSrc\src\main\resources\mybatis\mapper\UserMapper.xml
2025-09-12 21:14:45,838 - SourceAnalyzer - DEBUG - logger.py:64 - 메모리에서 file_id 조회 실패: src/main/resources/mybatis/mapper/UserMapper.xml
2025-09-12 21:14:45,838 - SourceAnalyzer - WARNING - logger.py:72 - 파일 ID를 찾을 수 없어 건너뜀: D:\Analyzer\CreateMetaDb\projects\sampleSrc\src\main\resources\mybatis\mapper\UserMapper.xml
2025-09-12 21:14:45,838 - SourceAnalyzer - DEBUG - logger.py:64 - 메모리에서 file_id 조회 실패: src/main/resources/mybatis/mapper/UserMapper.xml
2025-09-12 21:14:45,838 - SourceAnalyzer - WARNING - logger.py:72 - 파일 ID를 찾을 수 없어 건너뜀: D:\Analyzer\CreateMetaDb\projects\sampleSrc\src\main\resources\mybatis\mapper\UserMapper.xml
2025-09-12 21:14:45,838 - SourceAnalyzer - DEBUG - logger.py:64 - 메모리에서 file_id 조회 실패: src/main/resources/mybatis/mapper/UserMapper.xml
2025-09-12 21:14:45,838 - SourceAnalyzer - WARNING - logger.py:72 - 파일 ID를 찾을 수 없어 건너뜀: D:\Analyzer\CreateMetaDb\projects\sampleSrc\src\main\resources\mybatis\mapper\UserMapper.xml
2025-09-12 21:14:45,838 - SourceAnalyzer - DEBUG - logger.py:64 - 메모리에서 file_id 조회 실패: src/main/resources/mybatis/mapper/UserMapper.xml
2025-09-12 21:14:45,838 - SourceAnalyzer - WARNING - logger.py:72 - 파일 ID를 찾을 수 없어 건너뜀: D:\Analyzer\CreateMetaDb\projects\sampleSrc\src\main\resources\mybatis\mapper\UserMapper.xml
2025-09-12 21:14:45,838 - SourceAnalyzer - DEBUG - logger.py:64 - 메모리에서 file_id 조회 실패: src/main/resources/mybatis/mapper/UserMapper.xml
2025-09-12 21:14:45,838 - SourceAnalyzer - WARNING - logger.py:72 - 파일 ID를 찾을 수 없어 건너뜀: D:\Analyzer\CreateMetaDb\projects\sampleSrc\src\main\resources\mybatis\mapper\UserMapper.xml
2025-09-12 21:14:45,838 - SourceAnalyzer - DEBUG - logger.py:64 - 메모리에서 file_id 조회 실패: src/main/resources/mybatis/mapper/UserMapper.xml
2025-09-12 21:14:45,838 - SourceAnalyzer - WARNING - logger.py:72 - 파일 ID를 찾을 수 없어 건너뜀: D:\Analyzer\CreateMetaDb\projects\sampleSrc\src\main\resources\mybatis\mapper\UserMapper.xml
2025-09-12 21:14:45,838 - SourceAnalyzer - DEBUG - logger.py:64 - 메모리에서 file_id 조회 실패: src/main/resources/mybatis/mapper/UserMapper.xml
2025-09-12 21:14:45,838 - SourceAnalyzer - WARNING - logger.py:72 - 파일 ID를 찾을 수 없어 건너뜀: D:\Analyzer\CreateMetaDb\projects\sampleSrc\src\main\resources\mybatis\mapper\UserMapper.xml
2025-09-12 21:14:45,839 - SourceAnalyzer - DEBUG - logger.py:64 - 메모리에서 file_id 조회 실패: src/main/resources/mybatis/mapper/UserMapper.xml
2025-09-12 21:14:45,839 - SourceAnalyzer - WARNING - logger.py:72 - 파일 ID를 찾을 수 없어 건너뜀: D:\Analyzer\CreateMetaDb\projects\sampleSrc\src\main\resources\mybatis\mapper\UserMapper.xml
2025-09-12 21:14:45,839 - SourceAnalyzer - DEBUG - logger.py:64 - 메모리에서 file_id 조회 실패: src/main/resources/mybatis/mapper/UserMapper.xml
2025-09-12 21:14:45,839 - SourceAnalyzer - WARNING - logger.py:72 - 파일 ID를 찾을 수 없어 건너뜀: D:\Analyzer\CreateMetaDb\projects\sampleSrc\src\main\resources\mybatis\mapper\UserMapper.xml
2025-09-12 21:14:45,839 - SourceAnalyzer - DEBUG - logger.py:64 - 메모리에서 file_id 조회 실패: src/main/resources/mybatis/mapper/UserMapper.xml
2025-09-12 21:14:45,839 - SourceAnalyzer - WARNING - logger.py:72 - 파일 ID를 찾을 수 없어 건너뜀: D:\Analyzer\CreateMetaDb\projects\sampleSrc\src\main\resources\mybatis\mapper\UserMapper.xml
2025-09-12 21:14:45,839 - SourceAnalyzer - DEBUG - logger.py:64 - 메모리에서 file_id 조회 실패: src/main/resources/mybatis/mapper/UserMapper.xml
2025-09-12 21:14:45,839 - SourceAnalyzer - WARNING - logger.py:72 - 파일 ID를 찾을 수 없어 건너뜀: D:\Analyzer\CreateMetaDb\projects\sampleSrc\src\main\resources\mybatis\mapper\UserMapper.xml
2025-09-12 21:14:45,839 - SourceAnalyzer - DEBUG - logger.py:64 - 메모리에서 file_id 조회 실패: src/main/resources/mybatis/mapper/UserMapper.xml
2025-09-12 21:14:45,839 - SourceAnalyzer - WARNING - logger.py:72 - 파일 ID를 찾을 수 없어 건너뜀: D:\Analyzer\CreateMetaDb\projects\sampleSrc\src\main\resources\mybatis\mapper\UserMapper.xml
2025-09-12 21:14:45,839 - SourceAnalyzer - DEBUG - logger.py:64 - 메모리에서 file_id 조회 실패: src/main/resources/mybatis/mapper/UserMapper.xml
2025-09-12 21:14:45,839 - SourceAnalyzer - WARNING - logger.py:72 - 파일 ID를 찾을 수 없어 건너뜀: D:\Analyzer\CreateMetaDb\projects\sampleSrc\src\main\resources\mybatis\mapper\UserMapper.xml
2025-09-12 21:14:45,839 - SourceAnalyzer - DEBUG - logger.py:64 - 메모리에서 file_id 조회 실패: src/main/resources/mybatis/mapper/UserMapper.xml
2025-09-12 21:14:45,839 - SourceAnalyzer - WARNING - logger.py:72 - 파일 ID를 찾을 수 없어 건너뜀: D:\Analyzer\CreateMetaDb\projects\sampleSrc\src\main\resources\mybatis\mapper\UserMapper.xml
2025-09-12 21:14:45,839 - SourceAnalyzer - WARNING - logger.py:72 - 저장할 유효한 SQL 컴포넌트가 없습니다 (건너뜀: 20개)
2025-09-12 21:14:45,839 - SourceAnalyzer - INFO - logger.py:68 - SQL Content Processor 처리 결과: True
2025-09-12 21:14:45,839 - SourceAnalyzer - INFO - logger.py:68 - === XML 로딩 통계 ===
2025-09-12 21:14:45,839 - SourceAnalyzer - INFO - logger.py:68 - 처리된 XML 파일: 5개
2025-09-12 21:14:45,839 - SourceAnalyzer - INFO - logger.py:68 - 추출된 SQL 쿼리: 54개
2025-09-12 21:14:45,839 - SourceAnalyzer - INFO - logger.py:68 - 생성된 SQL 컴포넌트: 54개
2025-09-12 21:14:45,839 - SourceAnalyzer - INFO - logger.py:68 - 생성된 JOIN 관계: 22개
2025-09-12 21:14:45,839 - SourceAnalyzer - INFO - logger.py:68 - 생성된 inferred 테이블: 0개
2025-09-12 21:14:45,840 - SourceAnalyzer - INFO - logger.py:68 - 생성된 inferred 컬럼: 0개
2025-09-12 21:14:45,840 - SourceAnalyzer - INFO - logger.py:68 - 오류 발생: 1개
2025-09-12 21:14:45,840 - SourceAnalyzer - DEBUG - logger.py:64 - 쿼리 실행 성공: 
            SELECT 
                COUNT(*) as t...
2025-09-12 21:14:45,840 - SourceAnalyzer - DEBUG - logger.py:64 - 쿼리 실행 성공: 
            SELECT 
                file_path, fi...
2025-09-12 21:14:45,840 - SourceAnalyzer - DEBUG - logger.py:64 - 쿼리 실행 성공: 
            SELECT 
                query_type,
 ...
2025-09-12 21:14:45,840 - SourceAnalyzer - INFO - logger.py:68 - === SQL Content 통계 ===
2025-09-12 21:14:45,840 - SourceAnalyzer - INFO - logger.py:68 - 저장된 SQL 내용: 106개
2025-09-12 21:14:45,840 - SourceAnalyzer - INFO - logger.py:68 - 총 압축 크기: 14214 bytes
2025-09-12 21:14:45,840 - SourceAnalyzer - INFO - logger.py:68 - 평균 압축 크기: 134.09 bytes
2025-09-12 21:14:45,840 - SourceAnalyzer - INFO - logger.py:68 - 최대 압축 크기: 393 bytes
2025-09-12 21:14:45,840 - SourceAnalyzer - INFO - logger.py:68 - 최소 압축 크기: 43 bytes
2025-09-12 21:14:45,841 - SourceAnalyzer - INFO - logger.py:68 - === XML 로딩 완료 ===
2025-09-12 21:14:45,843 - SourceAnalyzer - DEBUG - logger.py:64 - 데이터베이스 연결 해제: D:\Analyzer\CreateMetaDb\projects\sampleSrc\metadata.db
2025-09-12 21:14:45,844 - SourceAnalyzer - DEBUG - logger.py:64 - 데이터베이스 연결 해제: D:\Analyzer\CreateMetaDb\projects\sampleSrc\SqlContent.db
2025-09-12 21:14:45,844 - SourceAnalyzer - INFO - logger.py:68 - SQL Content 데이터베이스 연결 해제
2025-09-12 21:14:45,845 - SourceAnalyzer - DEBUG - logger.py:64 - 데이터베이스 연결 해제: D:\Analyzer\CreateMetaDb\projects\sampleSrc\SqlContent.db
2025-09-12 21:14:45,845 - SourceAnalyzer - INFO - logger.py:68 - SQL Content 데이터베이스 연결 해제
2025-09-12 21:14:45,845 - SourceAnalyzer - INFO - logger.py:68 - 3단계 완료: XML 파일 분석 및 SQL 컴포넌트 등록 + JOIN 관계 분석
2025-09-12 21:14:45,845 - SourceAnalyzer - INFO - logger.py:68 - 1-3단계 테스트 완료
