2025-09-12 14:35:13,685 - SourceAnalyzer - DEBUG - logger.py:64 - 파일 읽기 성공: D:\Analyzer\CreateMetaDb\config\parser\sql_keyword.yaml
2025-09-12 14:35:13,705 - SourceAnalyzer - DEBUG - logger.py:64 - YAML 설정 파일 로드 성공: D:\Analyzer\CreateMetaDb\config\parser\sql_keyword.yaml
2025-09-12 14:35:13,706 - SourceAnalyzer - DEBUG - logger.py:64 - 파일 읽기 성공: config/parser/mybatis_keyword.yaml
2025-09-12 14:35:13,717 - SourceAnalyzer - DEBUG - logger.py:64 - YAML 설정 파일 로드 성공: config/parser/mybatis_keyword.yaml
2025-09-12 14:35:13,718 - SourceAnalyzer - DEBUG - logger.py:64 - 파일 읽기 성공: config/parser/sql_keyword.yaml
2025-09-12 14:35:13,737 - SourceAnalyzer - DEBUG - logger.py:64 - YAML 설정 파일 로드 성공: config/parser/sql_keyword.yaml
2025-09-12 14:35:13,737 - SourceAnalyzer - INFO - logger.py:68 - === 4-2단계 XML 쿼리 관계 분석 시작 ===
2025-09-12 14:35:13,738 - SourceAnalyzer - DEBUG - logger.py:64 - 데이터베이스 연결 성공: D:\Analyzer\CreateMetaDb\projects\sampleSrc\metadata.db
2025-09-12 14:35:13,739 - SourceAnalyzer - DEBUG - logger.py:64 - 쿼리 실행 성공: 
                SELECT DISTINCT table_name 
     ...
2025-09-12 14:35:13,739 - SourceAnalyzer - ERROR - logger.py:76 - 기존 테이블 조회 실패: 0
2025-09-12 14:35:13,739 - SourceAnalyzer - DEBUG - logger.py:64 - 쿼리 실행 성공: 
                SELECT DISTINCT t.table_name, c.c...
2025-09-12 14:35:13,739 - SourceAnalyzer - ERROR - logger.py:76 - 기존 컬럼 조회 실패: 0
2025-09-12 14:35:13,739 - SourceAnalyzer - DEBUG - logger.py:64 - 파일 읽기 성공: config/parser/mybatis_keyword.yaml
2025-09-12 14:35:13,750 - SourceAnalyzer - DEBUG - logger.py:64 - YAML 설정 파일 로드 성공: config/parser/mybatis_keyword.yaml
2025-09-12 14:35:13,751 - SourceAnalyzer - DEBUG - logger.py:64 - 파일 읽기 성공: config/parser/sql_keyword.yaml
2025-09-12 14:35:13,768 - SourceAnalyzer - DEBUG - logger.py:64 - YAML 설정 파일 로드 성공: config/parser/sql_keyword.yaml
2025-09-12 14:35:13,770 - SourceAnalyzer - DEBUG - logger.py:64 - 추출된 테이블 참조: {'PRODUCTS', 'USERS'}
2025-09-12 14:35:13,770 - SourceAnalyzer - DEBUG - logger.py:64 - 추출된 컬럼 참조: set()
2025-09-12 14:35:13,778 - SourceAnalyzer - DEBUG - logger.py:64 - 분석된 JOIN 관계: 1개
2025-09-12 14:35:13,778 - SourceAnalyzer - DEBUG - logger.py:64 - 쿼리 실행 성공: SELECT project_id FROM projects WHERE project_name...
2025-09-12 14:35:13,778 - SourceAnalyzer - ERROR - logger.py:76 - 데이터베이스 연결 오류: table tables has no column named owner
2025-09-12 14:35:13,782 - SourceAnalyzer - ERROR - logger.py:128 - FATAL ERROR at D:\Analyzer\CreateMetaDb\util\database_utils.py:144 in execute_update()
Code: cursor.execute(query, params)
Message: 업데이트 쿼리 실행 실패: 
                            INSERT OR REPLACE INT...
Exception: OperationalError: table tables has no column named owner
Stack Trace:
Traceback (most recent call last):
  File "D:\Analyzer\CreateMetaDb\util\database_utils.py", line 144, in execute_update
    cursor.execute(query, params)
    ~~~~~~~~~~~~~~^^^^^^^^^^^^^^^
sqlite3.OperationalError: table tables has no column named owner

2025-09-12 14:35:13,782 - SourceAnalyzer - DEBUG - logger.py:64 - 데이터베이스 연결 해제: D:\Analyzer\CreateMetaDb\projects\sampleSrc\metadata.db
