2025-09-12 14:43:48,041 - SourceAnalyzer - DEBUG - logger.py:64 - 파일 읽기 성공: D:\Analyzer\CreateMetaDb\config\parser\sql_keyword.yaml
2025-09-12 14:43:48,061 - SourceAnalyzer - DEBUG - logger.py:64 - YAML 설정 파일 로드 성공: D:\Analyzer\CreateMetaDb\config\parser\sql_keyword.yaml
2025-09-12 14:43:48,061 - SourceAnalyzer - DEBUG - logger.py:64 - 파일 읽기 성공: config/parser/mybatis_keyword.yaml
2025-09-12 14:43:48,072 - SourceAnalyzer - DEBUG - logger.py:64 - YAML 설정 파일 로드 성공: config/parser/mybatis_keyword.yaml
2025-09-12 14:43:48,073 - SourceAnalyzer - DEBUG - logger.py:64 - 파일 읽기 성공: config/parser/sql_keyword.yaml
2025-09-12 14:43:48,091 - SourceAnalyzer - DEBUG - logger.py:64 - YAML 설정 파일 로드 성공: config/parser/sql_keyword.yaml
2025-09-12 14:43:48,092 - SourceAnalyzer - DEBUG - logger.py:64 - 데이터베이스 연결 성공: D:\Analyzer\CreateMetaDb\projects\sampleSrc\metadata.db
2025-09-12 14:43:48,093 - SourceAnalyzer - DEBUG - logger.py:64 - 추출된 테이블 참조: {'PRODUCTS', 'USERS'}
2025-09-12 14:43:48,101 - SourceAnalyzer - DEBUG - logger.py:64 - 분석된 JOIN 관계: 1개
2025-09-12 14:43:48,101 - SourceAnalyzer - DEBUG - logger.py:64 - 쿼리 실행 성공: 
            SELECT t.table_id 
            FROM t...
2025-09-12 14:43:48,105 - SourceAnalyzer - ERROR - logger.py:128 - FATAL ERROR at D:\Analyzer\CreateMetaDb\util\path_utils.py:885 in get_table_id()
Code: return results[0][0]
Message: 테이블 ID 조회 실패: PRODUCTS
Exception: KeyError: 0
Stack Trace:
Traceback (most recent call last):
  File "D:\Analyzer\CreateMetaDb\util\path_utils.py", line 885, in get_table_id
    return results[0][0]
           ~~~~~~~~~~^^^
KeyError: 0

