2025-09-13 20:40:24,575 - SourceAnalyzer - INFO - logger.py:68 - SourceAnalyzer 시작
2025-09-13 20:40:24,582 - SourceAnalyzer - DEBUG - logger.py:64 - 명령행 인자 파싱 완료: {'project_name': 'sampleSrc', 'clear_metadb': False, 'verbose': False, 'output_format': 'html', 'config_file': None, 'log_level': 'INFO', 'dry_run': False, 'force': False}
2025-09-13 20:40:24,582 - SourceAnalyzer - DEBUG - logger.py:64 - 인자 검증 성공
2025-09-13 20:40:24,582 - SourceAnalyzer - INFO - logger.py:68 - 분석 대상 프로젝트: sampleSrc
2025-09-13 20:40:24,582 - SourceAnalyzer - INFO - logger.py:68 - 분석 옵션:
2025-09-13 20:40:24,582 - SourceAnalyzer - INFO - logger.py:68 -   - 메타데이터베이스 초기화: False
2025-09-13 20:40:24,582 - SourceAnalyzer - INFO - logger.py:68 -   - 상세 로그: False
2025-09-13 20:40:24,582 - SourceAnalyzer - INFO - logger.py:68 -   - 출력 형식: html
2025-09-13 20:40:24,582 - SourceAnalyzer - INFO - logger.py:68 -   - 드라이런 모드: False
2025-09-13 20:40:24,582 - SourceAnalyzer - INFO - logger.py:68 -   - 강제 실행: False
2025-09-13 20:40:24,583 - SourceAnalyzer - INFO - logger.py:68 - 1단계 실행: 파일 정보 저장 (프로젝트 전체 스캔)
2025-09-13 20:40:24,583 - SourceAnalyzer - INFO - logger.py:68 - === 파일 스캔 시작: 파일 정보 저장 ===
2025-09-13 20:40:24,585 - SourceAnalyzer - DEBUG - logger.py:64 - 데이터베이스 연결 성공: D:\Analyzer\CreateMetaDb\projects\sampleSrc\metadata.db
2025-09-13 20:40:24,586 - SourceAnalyzer - DEBUG - logger.py:64 - 인덱스가 이미 존재함 (무시): CREATE UNIQUE INDEX ix_projects_01 ON projects (pr...
2025-09-13 20:40:24,586 - SourceAnalyzer - DEBUG - logger.py:64 - 인덱스가 이미 존재함 (무시): CREATE UNIQUE INDEX ix_tables_01 ON tables (table_...
2025-09-13 20:40:24,586 - SourceAnalyzer - DEBUG - logger.py:64 - 인덱스가 이미 존재함 (무시): CREATE UNIQUE INDEX ix_columns_01 ON columns (tabl...
2025-09-13 20:40:24,586 - SourceAnalyzer - DEBUG - logger.py:64 - 인덱스가 이미 존재함 (무시): CREATE UNIQUE INDEX ix_files_01 ON files (file_nam...
2025-09-13 20:40:24,586 - SourceAnalyzer - DEBUG - logger.py:64 - 인덱스가 이미 존재함 (무시): CREATE UNIQUE INDEX ix_classes_01 ON classes (clas...
2025-09-13 20:40:24,586 - SourceAnalyzer - DEBUG - logger.py:64 - 인덱스가 이미 존재함 (무시): CREATE INDEX ix_classes_02 ON classes (parent_clas...
2025-09-13 20:40:24,586 - SourceAnalyzer - DEBUG - logger.py:64 - 인덱스가 이미 존재함 (무시): CREATE UNIQUE INDEX ix_components_01 ON components...
2025-09-13 20:40:24,586 - SourceAnalyzer - DEBUG - logger.py:64 - 인덱스가 이미 존재함 (무시): CREATE INDEX ix_components_parent_id ON components...
2025-09-13 20:40:24,586 - SourceAnalyzer - DEBUG - logger.py:64 - 인덱스가 이미 존재함 (무시): CREATE UNIQUE INDEX ix_relationships_01 ON relatio...
2025-09-13 20:40:24,586 - SourceAnalyzer - DEBUG - logger.py:64 - SQL 스크립트 실행 성공: D:\Analyzer\CreateMetaDb\database\create_table_script.sql
2025-09-13 20:40:24,586 - SourceAnalyzer - INFO - logger.py:68 - 메타데이터베이스 초기화 완료: D:\Analyzer\CreateMetaDb\projects\sampleSrc\metadata.db
2025-09-13 20:40:24,586 - SourceAnalyzer - DEBUG - logger.py:64 - 쿼리 실행 성공: 
                SELECT COUNT(*) as count FROM pro...
2025-09-13 20:40:24,588 - SourceAnalyzer - DEBUG - logger.py:64 - 업데이트 쿼리 실행 성공: 
            UPDATE projects
            SET hash_..., 영향받은 행: 1
2025-09-13 20:40:24,588 - SourceAnalyzer - DEBUG - logger.py:64 - 프로젝트 정보 저장/업데이트 완료: sampleSrc
2025-09-13 20:40:24,588 - SourceAnalyzer - INFO - logger.py:68 - 프로젝트 파일 스캔 시작: D:\Analyzer\CreateMetaDb\projects\sampleSrc
2025-09-13 20:40:24,607 - SourceAnalyzer - DEBUG - logger.py:64 - 디렉토리 스캔 완료: D:\Analyzer\CreateMetaDb\projects\sampleSrc, 파일 수: 42
2025-09-13 20:40:24,608 - SourceAnalyzer - DEBUG - logger.py:64 - 파일 읽기 성공: D:\Analyzer\CreateMetaDb\projects\sampleSrc\config\target_source_config.yaml
2025-09-13 20:40:24,613 - SourceAnalyzer - DEBUG - logger.py:64 - YAML 설정 파일 로드 성공: D:\Analyzer\CreateMetaDb\projects\sampleSrc\config\target_source_config.yaml
2025-09-13 20:40:24,616 - SourceAnalyzer - DEBUG - logger.py:64 - 파일 읽기 성공: D:\Analyzer\CreateMetaDb\projects\sampleSrc\config\target_source_config.yaml
2025-09-13 20:40:24,620 - SourceAnalyzer - DEBUG - logger.py:64 - YAML 설정 파일 로드 성공: D:\Analyzer\CreateMetaDb\projects\sampleSrc\config\target_source_config.yaml
2025-09-13 20:40:24,621 - SourceAnalyzer - DEBUG - logger.py:64 - 파일 읽기 성공: D:\Analyzer\CreateMetaDb\projects\sampleSrc\config\target_source_config.yaml
2025-09-13 20:40:24,625 - SourceAnalyzer - DEBUG - logger.py:64 - YAML 설정 파일 로드 성공: D:\Analyzer\CreateMetaDb\projects\sampleSrc\config\target_source_config.yaml
2025-09-13 20:40:24,626 - SourceAnalyzer - DEBUG - logger.py:64 - 파일 읽기 성공: D:\Analyzer\CreateMetaDb\projects\sampleSrc\config\target_source_config.yaml
2025-09-13 20:40:24,630 - SourceAnalyzer - DEBUG - logger.py:64 - YAML 설정 파일 로드 성공: D:\Analyzer\CreateMetaDb\projects\sampleSrc\config\target_source_config.yaml
2025-09-13 20:40:24,630 - SourceAnalyzer - DEBUG - logger.py:64 - 파일 읽기 성공: D:\Analyzer\CreateMetaDb\projects\sampleSrc\config\target_source_config.yaml
2025-09-13 20:40:24,634 - SourceAnalyzer - DEBUG - logger.py:64 - YAML 설정 파일 로드 성공: D:\Analyzer\CreateMetaDb\projects\sampleSrc\config\target_source_config.yaml
2025-09-13 20:40:24,635 - SourceAnalyzer - DEBUG - logger.py:64 - 파일 읽기 성공: D:\Analyzer\CreateMetaDb\projects\sampleSrc\config\target_source_config.yaml
2025-09-13 20:40:24,639 - SourceAnalyzer - DEBUG - logger.py:64 - YAML 설정 파일 로드 성공: D:\Analyzer\CreateMetaDb\projects\sampleSrc\config\target_source_config.yaml
2025-09-13 20:40:24,640 - SourceAnalyzer - DEBUG - logger.py:64 - 파일 읽기 성공: D:\Analyzer\CreateMetaDb\projects\sampleSrc\config\target_source_config.yaml
2025-09-13 20:40:24,644 - SourceAnalyzer - DEBUG - logger.py:64 - YAML 설정 파일 로드 성공: D:\Analyzer\CreateMetaDb\projects\sampleSrc\config\target_source_config.yaml
2025-09-13 20:40:24,645 - SourceAnalyzer - DEBUG - logger.py:64 - 파일 읽기 성공: D:\Analyzer\CreateMetaDb\projects\sampleSrc\config\target_source_config.yaml
2025-09-13 20:40:24,649 - SourceAnalyzer - DEBUG - logger.py:64 - YAML 설정 파일 로드 성공: D:\Analyzer\CreateMetaDb\projects\sampleSrc\config\target_source_config.yaml
2025-09-13 20:40:24,650 - SourceAnalyzer - DEBUG - logger.py:64 - 파일 읽기 성공: D:\Analyzer\CreateMetaDb\projects\sampleSrc\config\target_source_config.yaml
2025-09-13 20:40:24,653 - SourceAnalyzer - DEBUG - logger.py:64 - YAML 설정 파일 로드 성공: D:\Analyzer\CreateMetaDb\projects\sampleSrc\config\target_source_config.yaml
2025-09-13 20:40:24,654 - SourceAnalyzer - DEBUG - logger.py:64 - 파일 읽기 성공: D:\Analyzer\CreateMetaDb\projects\sampleSrc\config\target_source_config.yaml
2025-09-13 20:40:24,658 - SourceAnalyzer - DEBUG - logger.py:64 - YAML 설정 파일 로드 성공: D:\Analyzer\CreateMetaDb\projects\sampleSrc\config\target_source_config.yaml
2025-09-13 20:40:24,659 - SourceAnalyzer - DEBUG - logger.py:64 - 파일 읽기 성공: D:\Analyzer\CreateMetaDb\projects\sampleSrc\config\target_source_config.yaml
2025-09-13 20:40:24,664 - SourceAnalyzer - DEBUG - logger.py:64 - YAML 설정 파일 로드 성공: D:\Analyzer\CreateMetaDb\projects\sampleSrc\config\target_source_config.yaml
2025-09-13 20:40:24,665 - SourceAnalyzer - DEBUG - logger.py:64 - 파일 읽기 성공: D:\Analyzer\CreateMetaDb\projects\sampleSrc\config\target_source_config.yaml
2025-09-13 20:40:24,669 - SourceAnalyzer - DEBUG - logger.py:64 - YAML 설정 파일 로드 성공: D:\Analyzer\CreateMetaDb\projects\sampleSrc\config\target_source_config.yaml
2025-09-13 20:40:24,669 - SourceAnalyzer - DEBUG - logger.py:64 - 파일 읽기 성공: D:\Analyzer\CreateMetaDb\projects\sampleSrc\config\target_source_config.yaml
2025-09-13 20:40:24,673 - SourceAnalyzer - DEBUG - logger.py:64 - YAML 설정 파일 로드 성공: D:\Analyzer\CreateMetaDb\projects\sampleSrc\config\target_source_config.yaml
2025-09-13 20:40:24,674 - SourceAnalyzer - DEBUG - logger.py:64 - 파일 읽기 성공: D:\Analyzer\CreateMetaDb\projects\sampleSrc\config\target_source_config.yaml
2025-09-13 20:40:24,678 - SourceAnalyzer - DEBUG - logger.py:64 - YAML 설정 파일 로드 성공: D:\Analyzer\CreateMetaDb\projects\sampleSrc\config\target_source_config.yaml
2025-09-13 20:40:24,679 - SourceAnalyzer - DEBUG - logger.py:64 - 파일 읽기 성공: D:\Analyzer\CreateMetaDb\projects\sampleSrc\config\target_source_config.yaml
2025-09-13 20:40:24,683 - SourceAnalyzer - DEBUG - logger.py:64 - YAML 설정 파일 로드 성공: D:\Analyzer\CreateMetaDb\projects\sampleSrc\config\target_source_config.yaml
2025-09-13 20:40:24,684 - SourceAnalyzer - DEBUG - logger.py:64 - 파일 읽기 성공: D:\Analyzer\CreateMetaDb\projects\sampleSrc\config\target_source_config.yaml
2025-09-13 20:40:24,688 - SourceAnalyzer - DEBUG - logger.py:64 - YAML 설정 파일 로드 성공: D:\Analyzer\CreateMetaDb\projects\sampleSrc\config\target_source_config.yaml
2025-09-13 20:40:24,688 - SourceAnalyzer - DEBUG - logger.py:64 - 파일 읽기 성공: D:\Analyzer\CreateMetaDb\projects\sampleSrc\config\target_source_config.yaml
2025-09-13 20:40:24,692 - SourceAnalyzer - DEBUG - logger.py:64 - YAML 설정 파일 로드 성공: D:\Analyzer\CreateMetaDb\projects\sampleSrc\config\target_source_config.yaml
2025-09-13 20:40:24,693 - SourceAnalyzer - DEBUG - logger.py:64 - 파일 읽기 성공: D:\Analyzer\CreateMetaDb\projects\sampleSrc\config\target_source_config.yaml
2025-09-13 20:40:24,697 - SourceAnalyzer - DEBUG - logger.py:64 - YAML 설정 파일 로드 성공: D:\Analyzer\CreateMetaDb\projects\sampleSrc\config\target_source_config.yaml
2025-09-13 20:40:24,698 - SourceAnalyzer - DEBUG - logger.py:64 - 파일 읽기 성공: D:\Analyzer\CreateMetaDb\projects\sampleSrc\config\target_source_config.yaml
2025-09-13 20:40:24,702 - SourceAnalyzer - DEBUG - logger.py:64 - YAML 설정 파일 로드 성공: D:\Analyzer\CreateMetaDb\projects\sampleSrc\config\target_source_config.yaml
2025-09-13 20:40:24,702 - SourceAnalyzer - DEBUG - logger.py:64 - 파일 읽기 성공: D:\Analyzer\CreateMetaDb\projects\sampleSrc\config\target_source_config.yaml
2025-09-13 20:40:24,706 - SourceAnalyzer - DEBUG - logger.py:64 - YAML 설정 파일 로드 성공: D:\Analyzer\CreateMetaDb\projects\sampleSrc\config\target_source_config.yaml
2025-09-13 20:40:24,707 - SourceAnalyzer - DEBUG - logger.py:64 - 파일 읽기 성공: D:\Analyzer\CreateMetaDb\projects\sampleSrc\config\target_source_config.yaml
2025-09-13 20:40:24,711 - SourceAnalyzer - DEBUG - logger.py:64 - YAML 설정 파일 로드 성공: D:\Analyzer\CreateMetaDb\projects\sampleSrc\config\target_source_config.yaml
2025-09-13 20:40:24,711 - SourceAnalyzer - DEBUG - logger.py:64 - 파일 읽기 성공: D:\Analyzer\CreateMetaDb\projects\sampleSrc\config\target_source_config.yaml
2025-09-13 20:40:24,715 - SourceAnalyzer - DEBUG - logger.py:64 - YAML 설정 파일 로드 성공: D:\Analyzer\CreateMetaDb\projects\sampleSrc\config\target_source_config.yaml
2025-09-13 20:40:24,716 - SourceAnalyzer - DEBUG - logger.py:64 - 파일 읽기 성공: D:\Analyzer\CreateMetaDb\projects\sampleSrc\config\target_source_config.yaml
2025-09-13 20:40:24,720 - SourceAnalyzer - DEBUG - logger.py:64 - YAML 설정 파일 로드 성공: D:\Analyzer\CreateMetaDb\projects\sampleSrc\config\target_source_config.yaml
2025-09-13 20:40:24,720 - SourceAnalyzer - DEBUG - logger.py:64 - 파일 읽기 성공: D:\Analyzer\CreateMetaDb\projects\sampleSrc\config\target_source_config.yaml
2025-09-13 20:40:24,724 - SourceAnalyzer - DEBUG - logger.py:64 - YAML 설정 파일 로드 성공: D:\Analyzer\CreateMetaDb\projects\sampleSrc\config\target_source_config.yaml
2025-09-13 20:40:24,725 - SourceAnalyzer - DEBUG - logger.py:64 - 파일 읽기 성공: D:\Analyzer\CreateMetaDb\projects\sampleSrc\config\target_source_config.yaml
2025-09-13 20:40:24,730 - SourceAnalyzer - DEBUG - logger.py:64 - YAML 설정 파일 로드 성공: D:\Analyzer\CreateMetaDb\projects\sampleSrc\config\target_source_config.yaml
2025-09-13 20:40:24,731 - SourceAnalyzer - DEBUG - logger.py:64 - 파일 읽기 성공: D:\Analyzer\CreateMetaDb\projects\sampleSrc\config\target_source_config.yaml
2025-09-13 20:40:24,735 - SourceAnalyzer - DEBUG - logger.py:64 - YAML 설정 파일 로드 성공: D:\Analyzer\CreateMetaDb\projects\sampleSrc\config\target_source_config.yaml
2025-09-13 20:40:24,735 - SourceAnalyzer - DEBUG - logger.py:64 - 파일 읽기 성공: D:\Analyzer\CreateMetaDb\projects\sampleSrc\config\target_source_config.yaml
2025-09-13 20:40:24,739 - SourceAnalyzer - DEBUG - logger.py:64 - YAML 설정 파일 로드 성공: D:\Analyzer\CreateMetaDb\projects\sampleSrc\config\target_source_config.yaml
2025-09-13 20:40:24,740 - SourceAnalyzer - DEBUG - logger.py:64 - 파일 읽기 성공: D:\Analyzer\CreateMetaDb\projects\sampleSrc\config\target_source_config.yaml
2025-09-13 20:40:24,744 - SourceAnalyzer - DEBUG - logger.py:64 - YAML 설정 파일 로드 성공: D:\Analyzer\CreateMetaDb\projects\sampleSrc\config\target_source_config.yaml
2025-09-13 20:40:24,745 - SourceAnalyzer - DEBUG - logger.py:64 - 파일 읽기 성공: D:\Analyzer\CreateMetaDb\projects\sampleSrc\config\target_source_config.yaml
2025-09-13 20:40:24,750 - SourceAnalyzer - DEBUG - logger.py:64 - YAML 설정 파일 로드 성공: D:\Analyzer\CreateMetaDb\projects\sampleSrc\config\target_source_config.yaml
2025-09-13 20:40:24,750 - SourceAnalyzer - DEBUG - logger.py:64 - 파일 읽기 성공: D:\Analyzer\CreateMetaDb\projects\sampleSrc\config\target_source_config.yaml
2025-09-13 20:40:24,754 - SourceAnalyzer - DEBUG - logger.py:64 - YAML 설정 파일 로드 성공: D:\Analyzer\CreateMetaDb\projects\sampleSrc\config\target_source_config.yaml
2025-09-13 20:40:24,755 - SourceAnalyzer - DEBUG - logger.py:64 - 파일 읽기 성공: D:\Analyzer\CreateMetaDb\projects\sampleSrc\config\target_source_config.yaml
2025-09-13 20:40:24,759 - SourceAnalyzer - DEBUG - logger.py:64 - YAML 설정 파일 로드 성공: D:\Analyzer\CreateMetaDb\projects\sampleSrc\config\target_source_config.yaml
2025-09-13 20:40:24,759 - SourceAnalyzer - DEBUG - logger.py:64 - 파일 읽기 성공: D:\Analyzer\CreateMetaDb\projects\sampleSrc\config\target_source_config.yaml
2025-09-13 20:40:24,763 - SourceAnalyzer - DEBUG - logger.py:64 - YAML 설정 파일 로드 성공: D:\Analyzer\CreateMetaDb\projects\sampleSrc\config\target_source_config.yaml
2025-09-13 20:40:24,764 - SourceAnalyzer - DEBUG - logger.py:64 - 파일 읽기 성공: D:\Analyzer\CreateMetaDb\projects\sampleSrc\config\target_source_config.yaml
2025-09-13 20:40:24,768 - SourceAnalyzer - DEBUG - logger.py:64 - YAML 설정 파일 로드 성공: D:\Analyzer\CreateMetaDb\projects\sampleSrc\config\target_source_config.yaml
2025-09-13 20:40:24,769 - SourceAnalyzer - DEBUG - logger.py:64 - 파일 읽기 성공: D:\Analyzer\CreateMetaDb\projects\sampleSrc\config\target_source_config.yaml
2025-09-13 20:40:24,772 - SourceAnalyzer - DEBUG - logger.py:64 - YAML 설정 파일 로드 성공: D:\Analyzer\CreateMetaDb\projects\sampleSrc\config\target_source_config.yaml
2025-09-13 20:40:24,773 - SourceAnalyzer - INFO - logger.py:68 - 파일 스캔 완료: 총 35개 파일
2025-09-13 20:40:24,773 - SourceAnalyzer - DEBUG - logger.py:64 - 쿼리 실행 성공: SELECT project_id FROM projects WHERE project_name...
2025-09-13 20:40:24,773 - SourceAnalyzer - DEBUG - logger.py:64 - 쿼리 실행 성공: 
                SELECT COUNT(*) as count FROM fil...
2025-09-13 20:40:24,773 - SourceAnalyzer - DEBUG - logger.py:64 - 업데이트 쿼리 실행 성공: 
            UPDATE files
            SET file_typ..., 영향받은 행: 1
2025-09-13 20:40:24,774 - SourceAnalyzer - DEBUG - logger.py:64 - 쿼리 실행 성공: 
                SELECT COUNT(*) as count FROM fil...
2025-09-13 20:40:24,774 - SourceAnalyzer - DEBUG - logger.py:64 - 업데이트 쿼리 실행 성공: 
            UPDATE files
            SET file_typ..., 영향받은 행: 1
2025-09-13 20:40:24,774 - SourceAnalyzer - DEBUG - logger.py:64 - 쿼리 실행 성공: 
                SELECT COUNT(*) as count FROM fil...
2025-09-13 20:40:24,774 - SourceAnalyzer - DEBUG - logger.py:64 - 업데이트 쿼리 실행 성공: 
            UPDATE files
            SET file_typ..., 영향받은 행: 1
2025-09-13 20:40:24,774 - SourceAnalyzer - DEBUG - logger.py:64 - 쿼리 실행 성공: 
                SELECT COUNT(*) as count FROM fil...
2025-09-13 20:40:24,774 - SourceAnalyzer - DEBUG - logger.py:64 - 업데이트 쿼리 실행 성공: 
            UPDATE files
            SET file_typ..., 영향받은 행: 1
2025-09-13 20:40:24,774 - SourceAnalyzer - DEBUG - logger.py:64 - 쿼리 실행 성공: 
                SELECT COUNT(*) as count FROM fil...
2025-09-13 20:40:24,774 - SourceAnalyzer - DEBUG - logger.py:64 - 업데이트 쿼리 실행 성공: 
            UPDATE files
            SET file_typ..., 영향받은 행: 1
2025-09-13 20:40:24,774 - SourceAnalyzer - DEBUG - logger.py:64 - 쿼리 실행 성공: 
                SELECT COUNT(*) as count FROM fil...
2025-09-13 20:40:24,774 - SourceAnalyzer - DEBUG - logger.py:64 - 업데이트 쿼리 실행 성공: 
            UPDATE files
            SET file_typ..., 영향받은 행: 1
2025-09-13 20:40:24,774 - SourceAnalyzer - DEBUG - logger.py:64 - 쿼리 실행 성공: 
                SELECT COUNT(*) as count FROM fil...
2025-09-13 20:40:24,774 - SourceAnalyzer - DEBUG - logger.py:64 - 업데이트 쿼리 실행 성공: 
            UPDATE files
            SET file_typ..., 영향받은 행: 1
2025-09-13 20:40:24,774 - SourceAnalyzer - DEBUG - logger.py:64 - 쿼리 실행 성공: 
                SELECT COUNT(*) as count FROM fil...
2025-09-13 20:40:24,774 - SourceAnalyzer - DEBUG - logger.py:64 - 업데이트 쿼리 실행 성공: 
            UPDATE files
            SET file_typ..., 영향받은 행: 1
2025-09-13 20:40:24,774 - SourceAnalyzer - DEBUG - logger.py:64 - 쿼리 실행 성공: 
                SELECT COUNT(*) as count FROM fil...
2025-09-13 20:40:24,774 - SourceAnalyzer - DEBUG - logger.py:64 - 업데이트 쿼리 실행 성공: 
            UPDATE files
            SET file_typ..., 영향받은 행: 1
2025-09-13 20:40:24,774 - SourceAnalyzer - DEBUG - logger.py:64 - 쿼리 실행 성공: 
                SELECT COUNT(*) as count FROM fil...
2025-09-13 20:40:24,774 - SourceAnalyzer - DEBUG - logger.py:64 - 업데이트 쿼리 실행 성공: 
            UPDATE files
            SET file_typ..., 영향받은 행: 1
2025-09-13 20:40:24,775 - SourceAnalyzer - DEBUG - logger.py:64 - 쿼리 실행 성공: 
                SELECT COUNT(*) as count FROM fil...
2025-09-13 20:40:24,775 - SourceAnalyzer - DEBUG - logger.py:64 - 업데이트 쿼리 실행 성공: 
            UPDATE files
            SET file_typ..., 영향받은 행: 1
2025-09-13 20:40:24,775 - SourceAnalyzer - DEBUG - logger.py:64 - 쿼리 실행 성공: 
                SELECT COUNT(*) as count FROM fil...
2025-09-13 20:40:24,775 - SourceAnalyzer - DEBUG - logger.py:64 - 업데이트 쿼리 실행 성공: 
            UPDATE files
            SET file_typ..., 영향받은 행: 1
2025-09-13 20:40:24,775 - SourceAnalyzer - DEBUG - logger.py:64 - 쿼리 실행 성공: 
                SELECT COUNT(*) as count FROM fil...
2025-09-13 20:40:24,775 - SourceAnalyzer - DEBUG - logger.py:64 - 업데이트 쿼리 실행 성공: 
            UPDATE files
            SET file_typ..., 영향받은 행: 1
2025-09-13 20:40:24,775 - SourceAnalyzer - DEBUG - logger.py:64 - 쿼리 실행 성공: 
                SELECT COUNT(*) as count FROM fil...
2025-09-13 20:40:24,775 - SourceAnalyzer - DEBUG - logger.py:64 - 업데이트 쿼리 실행 성공: 
            UPDATE files
            SET file_typ..., 영향받은 행: 1
2025-09-13 20:40:24,775 - SourceAnalyzer - DEBUG - logger.py:64 - 쿼리 실행 성공: 
                SELECT COUNT(*) as count FROM fil...
2025-09-13 20:40:24,775 - SourceAnalyzer - DEBUG - logger.py:64 - 업데이트 쿼리 실행 성공: 
            UPDATE files
            SET file_typ..., 영향받은 행: 1
2025-09-13 20:40:24,775 - SourceAnalyzer - DEBUG - logger.py:64 - 쿼리 실행 성공: 
                SELECT COUNT(*) as count FROM fil...
2025-09-13 20:40:24,775 - SourceAnalyzer - DEBUG - logger.py:64 - 업데이트 쿼리 실행 성공: 
            UPDATE files
            SET file_typ..., 영향받은 행: 1
2025-09-13 20:40:24,775 - SourceAnalyzer - DEBUG - logger.py:64 - 쿼리 실행 성공: 
                SELECT COUNT(*) as count FROM fil...
2025-09-13 20:40:24,775 - SourceAnalyzer - DEBUG - logger.py:64 - 업데이트 쿼리 실행 성공: 
            UPDATE files
            SET file_typ..., 영향받은 행: 1
2025-09-13 20:40:24,775 - SourceAnalyzer - DEBUG - logger.py:64 - 쿼리 실행 성공: 
                SELECT COUNT(*) as count FROM fil...
2025-09-13 20:40:24,775 - SourceAnalyzer - DEBUG - logger.py:64 - 업데이트 쿼리 실행 성공: 
            UPDATE files
            SET file_typ..., 영향받은 행: 1
2025-09-13 20:40:24,775 - SourceAnalyzer - DEBUG - logger.py:64 - 쿼리 실행 성공: 
                SELECT COUNT(*) as count FROM fil...
2025-09-13 20:40:24,775 - SourceAnalyzer - DEBUG - logger.py:64 - 업데이트 쿼리 실행 성공: 
            UPDATE files
            SET file_typ..., 영향받은 행: 1
2025-09-13 20:40:24,776 - SourceAnalyzer - DEBUG - logger.py:64 - 쿼리 실행 성공: 
                SELECT COUNT(*) as count FROM fil...
2025-09-13 20:40:24,776 - SourceAnalyzer - DEBUG - logger.py:64 - 업데이트 쿼리 실행 성공: 
            UPDATE files
            SET file_typ..., 영향받은 행: 1
2025-09-13 20:40:24,776 - SourceAnalyzer - DEBUG - logger.py:64 - 쿼리 실행 성공: 
                SELECT COUNT(*) as count FROM fil...
2025-09-13 20:40:24,776 - SourceAnalyzer - DEBUG - logger.py:64 - 업데이트 쿼리 실행 성공: 
            UPDATE files
            SET file_typ..., 영향받은 행: 1
2025-09-13 20:40:24,776 - SourceAnalyzer - DEBUG - logger.py:64 - 쿼리 실행 성공: 
                SELECT COUNT(*) as count FROM fil...
2025-09-13 20:40:24,776 - SourceAnalyzer - DEBUG - logger.py:64 - 업데이트 쿼리 실행 성공: 
            UPDATE files
            SET file_typ..., 영향받은 행: 1
2025-09-13 20:40:24,776 - SourceAnalyzer - DEBUG - logger.py:64 - 쿼리 실행 성공: 
                SELECT COUNT(*) as count FROM fil...
2025-09-13 20:40:24,776 - SourceAnalyzer - DEBUG - logger.py:64 - 업데이트 쿼리 실행 성공: 
            UPDATE files
            SET file_typ..., 영향받은 행: 1
2025-09-13 20:40:24,776 - SourceAnalyzer - DEBUG - logger.py:64 - 쿼리 실행 성공: 
                SELECT COUNT(*) as count FROM fil...
2025-09-13 20:40:24,776 - SourceAnalyzer - DEBUG - logger.py:64 - 업데이트 쿼리 실행 성공: 
            UPDATE files
            SET file_typ..., 영향받은 행: 1
2025-09-13 20:40:24,776 - SourceAnalyzer - DEBUG - logger.py:64 - 쿼리 실행 성공: 
                SELECT COUNT(*) as count FROM fil...
2025-09-13 20:40:24,776 - SourceAnalyzer - DEBUG - logger.py:64 - 업데이트 쿼리 실행 성공: 
            UPDATE files
            SET file_typ..., 영향받은 행: 1
2025-09-13 20:40:24,776 - SourceAnalyzer - DEBUG - logger.py:64 - 쿼리 실행 성공: 
                SELECT COUNT(*) as count FROM fil...
2025-09-13 20:40:24,776 - SourceAnalyzer - DEBUG - logger.py:64 - 업데이트 쿼리 실행 성공: 
            UPDATE files
            SET file_typ..., 영향받은 행: 1
2025-09-13 20:40:24,776 - SourceAnalyzer - DEBUG - logger.py:64 - 쿼리 실행 성공: 
                SELECT COUNT(*) as count FROM fil...
2025-09-13 20:40:24,776 - SourceAnalyzer - DEBUG - logger.py:64 - 업데이트 쿼리 실행 성공: 
            UPDATE files
            SET file_typ..., 영향받은 행: 1
2025-09-13 20:40:24,776 - SourceAnalyzer - DEBUG - logger.py:64 - 쿼리 실행 성공: 
                SELECT COUNT(*) as count FROM fil...
2025-09-13 20:40:24,776 - SourceAnalyzer - DEBUG - logger.py:64 - 업데이트 쿼리 실행 성공: 
            UPDATE files
            SET file_typ..., 영향받은 행: 1
2025-09-13 20:40:24,776 - SourceAnalyzer - DEBUG - logger.py:64 - 쿼리 실행 성공: 
                SELECT COUNT(*) as count FROM fil...
2025-09-13 20:40:24,777 - SourceAnalyzer - DEBUG - logger.py:64 - 업데이트 쿼리 실행 성공: 
            UPDATE files
            SET file_typ..., 영향받은 행: 1
2025-09-13 20:40:24,777 - SourceAnalyzer - DEBUG - logger.py:64 - 쿼리 실행 성공: 
                SELECT COUNT(*) as count FROM fil...
2025-09-13 20:40:24,777 - SourceAnalyzer - DEBUG - logger.py:64 - 업데이트 쿼리 실행 성공: 
            UPDATE files
            SET file_typ..., 영향받은 행: 1
2025-09-13 20:40:24,777 - SourceAnalyzer - DEBUG - logger.py:64 - 쿼리 실행 성공: 
                SELECT COUNT(*) as count FROM fil...
2025-09-13 20:40:24,777 - SourceAnalyzer - DEBUG - logger.py:64 - 업데이트 쿼리 실행 성공: 
            UPDATE files
            SET file_typ..., 영향받은 행: 1
2025-09-13 20:40:24,777 - SourceAnalyzer - DEBUG - logger.py:64 - 쿼리 실행 성공: 
                SELECT COUNT(*) as count FROM fil...
2025-09-13 20:40:24,777 - SourceAnalyzer - DEBUG - logger.py:64 - 업데이트 쿼리 실행 성공: 
            UPDATE files
            SET file_typ..., 영향받은 행: 1
2025-09-13 20:40:24,777 - SourceAnalyzer - DEBUG - logger.py:64 - 쿼리 실행 성공: 
                SELECT COUNT(*) as count FROM fil...
2025-09-13 20:40:24,777 - SourceAnalyzer - DEBUG - logger.py:64 - 업데이트 쿼리 실행 성공: 
            UPDATE files
            SET file_typ..., 영향받은 행: 1
2025-09-13 20:40:24,777 - SourceAnalyzer - DEBUG - logger.py:64 - 쿼리 실행 성공: 
                SELECT COUNT(*) as count FROM fil...
2025-09-13 20:40:24,777 - SourceAnalyzer - DEBUG - logger.py:64 - 업데이트 쿼리 실행 성공: 
            UPDATE files
            SET file_typ..., 영향받은 행: 1
2025-09-13 20:40:24,777 - SourceAnalyzer - DEBUG - logger.py:64 - 쿼리 실행 성공: 
                SELECT COUNT(*) as count FROM fil...
2025-09-13 20:40:24,777 - SourceAnalyzer - DEBUG - logger.py:64 - 업데이트 쿼리 실행 성공: 
            UPDATE files
            SET file_typ..., 영향받은 행: 1
2025-09-13 20:40:24,777 - SourceAnalyzer - INFO - logger.py:68 - 파일 정보 저장 완료: 35개 파일
2025-09-13 20:40:24,777 - SourceAnalyzer - DEBUG - logger.py:64 - 업데이트 쿼리 실행 성공: UPDATE projects SET total_files = ? WHERE project_..., 영향받은 행: 1
2025-09-13 20:40:24,777 - SourceAnalyzer - DEBUG - logger.py:64 - 프로젝트 총 파일 수 업데이트: 35
2025-09-13 20:40:24,778 - SourceAnalyzer - INFO - logger.py:68 - === 파일 스캔 통계 ===
2025-09-13 20:40:24,778 - SourceAnalyzer - INFO - logger.py:68 - 총 파일 수: 35
2025-09-13 20:40:24,778 - SourceAnalyzer - INFO - logger.py:68 - 성공 스캔: 35
2025-09-13 20:40:24,778 - SourceAnalyzer - INFO - logger.py:68 - 오류 파일: 0
2025-09-13 20:40:24,778 - SourceAnalyzer - INFO - logger.py:68 - Java 파일: 19
2025-09-13 20:40:24,778 - SourceAnalyzer - INFO - logger.py:68 - XML 파일: 6
2025-09-13 20:40:24,778 - SourceAnalyzer - INFO - logger.py:68 - JSP 파일: 8
2025-09-13 20:40:24,778 - SourceAnalyzer - INFO - logger.py:68 - SQL 파일: 0
2025-09-13 20:40:24,778 - SourceAnalyzer - INFO - logger.py:68 - CSV 파일: 2
2025-09-13 20:40:24,778 - SourceAnalyzer - INFO - logger.py:68 - 기타 파일: 0
2025-09-13 20:40:24,778 - SourceAnalyzer - INFO - logger.py:68 - === 파일 스캔 완료 ===
2025-09-13 20:40:24,780 - SourceAnalyzer - DEBUG - logger.py:64 - 데이터베이스 연결 해제: D:\Analyzer\CreateMetaDb\projects\sampleSrc\metadata.db
2025-09-13 20:40:24,780 - SourceAnalyzer - INFO - logger.py:68 - 1단계 완료: 파일 정보 저장
2025-09-13 20:40:24,780 - SourceAnalyzer - INFO - logger.py:68 - 2단계 실행: 데이터베이스 구조 저장 및 컴포넌트 생성
2025-09-13 20:40:24,781 - SourceAnalyzer - INFO - logger.py:68 - === 데이터베이스 로딩 시작: 데이터베이스 구조 저장 ===
2025-09-13 20:40:24,782 - SourceAnalyzer - DEBUG - logger.py:64 - 데이터베이스 연결 성공: D:\Analyzer\CreateMetaDb\projects\sampleSrc\metadata.db
2025-09-13 20:40:24,783 - SourceAnalyzer - INFO - logger.py:68 - 인코딩 문제 감지, 다른 인코딩으로 재시도: ALL_TABLES.csv
2025-09-13 20:40:24,783 - SourceAnalyzer - DEBUG - logger.py:64 - 파일 읽기 성공 (cp949): D:\Analyzer\CreateMetaDb\projects\sampleSrc\db_schema\ALL_TABLES.csv
2025-09-13 20:40:24,783 - SourceAnalyzer - INFO - logger.py:68 - CSV 파일 로드 완료: D:\Analyzer\CreateMetaDb\projects\sampleSrc\db_schema\ALL_TABLES.csv, 16개 행
2025-09-13 20:40:24,783 - SourceAnalyzer - DEBUG - logger.py:64 - 쿼리 실행 성공: 
                SELECT f.file_id 
               ...
2025-09-13 20:40:24,784 - SourceAnalyzer - DEBUG - logger.py:64 - 배치 쿼리 실행 성공: 
            INSERT OR IGNORE INTO tables (project..., 처리된 행: 16
2025-09-13 20:40:24,784 - SourceAnalyzer - INFO - logger.py:68 - 테이블 정보 저장 완료: 16개 테이블 (오류: 0개)
2025-09-13 20:40:24,785 - SourceAnalyzer - INFO - logger.py:68 - 인코딩 문제 감지, 다른 인코딩으로 재시도: ALL_TAB_COLUMNS.csv
2025-09-13 20:40:24,785 - SourceAnalyzer - DEBUG - logger.py:64 - 파일 읽기 성공 (cp949): D:\Analyzer\CreateMetaDb\projects\sampleSrc\db_schema\ALL_TAB_COLUMNS.csv
2025-09-13 20:40:24,785 - SourceAnalyzer - INFO - logger.py:68 - CSV 파일 로드 완료: D:\Analyzer\CreateMetaDb\projects\sampleSrc\db_schema\ALL_TAB_COLUMNS.csv, 91개 행
2025-09-13 20:40:24,785 - SourceAnalyzer - DEBUG - logger.py:64 - 쿼리 실행 성공: 
                SELECT t.table_id 
              ...
2025-09-13 20:40:24,785 - SourceAnalyzer - DEBUG - logger.py:64 - 쿼리 실행 성공: 
                SELECT t.table_id 
              ...
2025-09-13 20:40:24,785 - SourceAnalyzer - DEBUG - logger.py:64 - 쿼리 실행 성공: 
                SELECT t.table_id 
              ...
2025-09-13 20:40:24,785 - SourceAnalyzer - DEBUG - logger.py:64 - 쿼리 실행 성공: 
                SELECT t.table_id 
              ...
2025-09-13 20:40:24,785 - SourceAnalyzer - DEBUG - logger.py:64 - 쿼리 실행 성공: 
                SELECT t.table_id 
              ...
2025-09-13 20:40:24,785 - SourceAnalyzer - DEBUG - logger.py:64 - 쿼리 실행 성공: 
                SELECT t.table_id 
              ...
2025-09-13 20:40:24,785 - SourceAnalyzer - DEBUG - logger.py:64 - 쿼리 실행 성공: 
                SELECT t.table_id 
              ...
2025-09-13 20:40:24,786 - SourceAnalyzer - DEBUG - logger.py:64 - 쿼리 실행 성공: 
                SELECT t.table_id 
              ...
2025-09-13 20:40:24,786 - SourceAnalyzer - DEBUG - logger.py:64 - 쿼리 실행 성공: 
                SELECT t.table_id 
              ...
2025-09-13 20:40:24,786 - SourceAnalyzer - DEBUG - logger.py:64 - 쿼리 실행 성공: 
                SELECT t.table_id 
              ...
2025-09-13 20:40:24,786 - SourceAnalyzer - DEBUG - logger.py:64 - 쿼리 실행 성공: 
                SELECT t.table_id 
              ...
2025-09-13 20:40:24,786 - SourceAnalyzer - DEBUG - logger.py:64 - 쿼리 실행 성공: 
                SELECT t.table_id 
              ...
2025-09-13 20:40:24,786 - SourceAnalyzer - DEBUG - logger.py:64 - 쿼리 실행 성공: 
                SELECT t.table_id 
              ...
2025-09-13 20:40:24,786 - SourceAnalyzer - DEBUG - logger.py:64 - 쿼리 실행 성공: 
                SELECT t.table_id 
              ...
2025-09-13 20:40:24,786 - SourceAnalyzer - DEBUG - logger.py:64 - 쿼리 실행 성공: 
                SELECT t.table_id 
              ...
2025-09-13 20:40:24,786 - SourceAnalyzer - DEBUG - logger.py:64 - 쿼리 실행 성공: 
                SELECT t.table_id 
              ...
2025-09-13 20:40:24,786 - SourceAnalyzer - DEBUG - logger.py:64 - 쿼리 실행 성공: 
                SELECT t.table_id 
              ...
2025-09-13 20:40:24,786 - SourceAnalyzer - DEBUG - logger.py:64 - 쿼리 실행 성공: 
                SELECT t.table_id 
              ...
2025-09-13 20:40:24,786 - SourceAnalyzer - DEBUG - logger.py:64 - 쿼리 실행 성공: 
                SELECT t.table_id 
              ...
2025-09-13 20:40:24,786 - SourceAnalyzer - DEBUG - logger.py:64 - 쿼리 실행 성공: 
                SELECT t.table_id 
              ...
2025-09-13 20:40:24,786 - SourceAnalyzer - DEBUG - logger.py:64 - 쿼리 실행 성공: 
                SELECT t.table_id 
              ...
2025-09-13 20:40:24,786 - SourceAnalyzer - DEBUG - logger.py:64 - 쿼리 실행 성공: 
                SELECT t.table_id 
              ...
2025-09-13 20:40:24,786 - SourceAnalyzer - DEBUG - logger.py:64 - 쿼리 실행 성공: 
                SELECT t.table_id 
              ...
2025-09-13 20:40:24,786 - SourceAnalyzer - DEBUG - logger.py:64 - 쿼리 실행 성공: 
                SELECT t.table_id 
              ...
2025-09-13 20:40:24,786 - SourceAnalyzer - DEBUG - logger.py:64 - 쿼리 실행 성공: 
                SELECT t.table_id 
              ...
2025-09-13 20:40:24,787 - SourceAnalyzer - DEBUG - logger.py:64 - 쿼리 실행 성공: 
                SELECT t.table_id 
              ...
2025-09-13 20:40:24,787 - SourceAnalyzer - DEBUG - logger.py:64 - 쿼리 실행 성공: 
                SELECT t.table_id 
              ...
2025-09-13 20:40:24,787 - SourceAnalyzer - DEBUG - logger.py:64 - 쿼리 실행 성공: 
                SELECT t.table_id 
              ...
2025-09-13 20:40:24,787 - SourceAnalyzer - DEBUG - logger.py:64 - 쿼리 실행 성공: 
                SELECT t.table_id 
              ...
2025-09-13 20:40:24,787 - SourceAnalyzer - DEBUG - logger.py:64 - 쿼리 실행 성공: 
                SELECT t.table_id 
              ...
2025-09-13 20:40:24,787 - SourceAnalyzer - DEBUG - logger.py:64 - 쿼리 실행 성공: 
                SELECT t.table_id 
              ...
2025-09-13 20:40:24,787 - SourceAnalyzer - DEBUG - logger.py:64 - 쿼리 실행 성공: 
                SELECT t.table_id 
              ...
2025-09-13 20:40:24,787 - SourceAnalyzer - DEBUG - logger.py:64 - 쿼리 실행 성공: 
                SELECT t.table_id 
              ...
2025-09-13 20:40:24,787 - SourceAnalyzer - DEBUG - logger.py:64 - 쿼리 실행 성공: 
                SELECT t.table_id 
              ...
2025-09-13 20:40:24,787 - SourceAnalyzer - DEBUG - logger.py:64 - 쿼리 실행 성공: 
                SELECT t.table_id 
              ...
2025-09-13 20:40:24,787 - SourceAnalyzer - DEBUG - logger.py:64 - 쿼리 실행 성공: 
                SELECT t.table_id 
              ...
2025-09-13 20:40:24,787 - SourceAnalyzer - DEBUG - logger.py:64 - 쿼리 실행 성공: 
                SELECT t.table_id 
              ...
2025-09-13 20:40:24,787 - SourceAnalyzer - DEBUG - logger.py:64 - 쿼리 실행 성공: 
                SELECT t.table_id 
              ...
2025-09-13 20:40:24,787 - SourceAnalyzer - DEBUG - logger.py:64 - 쿼리 실행 성공: 
                SELECT t.table_id 
              ...
2025-09-13 20:40:24,787 - SourceAnalyzer - DEBUG - logger.py:64 - 쿼리 실행 성공: 
                SELECT t.table_id 
              ...
2025-09-13 20:40:24,787 - SourceAnalyzer - DEBUG - logger.py:64 - 쿼리 실행 성공: 
                SELECT t.table_id 
              ...
2025-09-13 20:40:24,787 - SourceAnalyzer - DEBUG - logger.py:64 - 쿼리 실행 성공: 
                SELECT t.table_id 
              ...
2025-09-13 20:40:24,787 - SourceAnalyzer - DEBUG - logger.py:64 - 쿼리 실행 성공: 
                SELECT t.table_id 
              ...
2025-09-13 20:40:24,787 - SourceAnalyzer - DEBUG - logger.py:64 - 쿼리 실행 성공: 
                SELECT t.table_id 
              ...
2025-09-13 20:40:24,788 - SourceAnalyzer - DEBUG - logger.py:64 - 쿼리 실행 성공: 
                SELECT t.table_id 
              ...
2025-09-13 20:40:24,788 - SourceAnalyzer - DEBUG - logger.py:64 - 쿼리 실행 성공: 
                SELECT t.table_id 
              ...
2025-09-13 20:40:24,788 - SourceAnalyzer - DEBUG - logger.py:64 - 쿼리 실행 성공: 
                SELECT t.table_id 
              ...
2025-09-13 20:40:24,788 - SourceAnalyzer - DEBUG - logger.py:64 - 쿼리 실행 성공: 
                SELECT t.table_id 
              ...
2025-09-13 20:40:24,788 - SourceAnalyzer - DEBUG - logger.py:64 - 쿼리 실행 성공: 
                SELECT t.table_id 
              ...
2025-09-13 20:40:24,788 - SourceAnalyzer - DEBUG - logger.py:64 - 쿼리 실행 성공: 
                SELECT t.table_id 
              ...
2025-09-13 20:40:24,788 - SourceAnalyzer - DEBUG - logger.py:64 - 쿼리 실행 성공: 
                SELECT t.table_id 
              ...
2025-09-13 20:40:24,788 - SourceAnalyzer - DEBUG - logger.py:64 - 쿼리 실행 성공: 
                SELECT t.table_id 
              ...
2025-09-13 20:40:24,788 - SourceAnalyzer - DEBUG - logger.py:64 - 쿼리 실행 성공: 
                SELECT t.table_id 
              ...
2025-09-13 20:40:24,788 - SourceAnalyzer - DEBUG - logger.py:64 - 쿼리 실행 성공: 
                SELECT t.table_id 
              ...
2025-09-13 20:40:24,788 - SourceAnalyzer - DEBUG - logger.py:64 - 쿼리 실행 성공: 
                SELECT t.table_id 
              ...
2025-09-13 20:40:24,788 - SourceAnalyzer - DEBUG - logger.py:64 - 쿼리 실행 성공: 
                SELECT t.table_id 
              ...
2025-09-13 20:40:24,788 - SourceAnalyzer - DEBUG - logger.py:64 - 쿼리 실행 성공: 
                SELECT t.table_id 
              ...
2025-09-13 20:40:24,788 - SourceAnalyzer - DEBUG - logger.py:64 - 쿼리 실행 성공: 
                SELECT t.table_id 
              ...
2025-09-13 20:40:24,788 - SourceAnalyzer - DEBUG - logger.py:64 - 쿼리 실행 성공: 
                SELECT t.table_id 
              ...
2025-09-13 20:40:24,788 - SourceAnalyzer - DEBUG - logger.py:64 - 쿼리 실행 성공: 
                SELECT t.table_id 
              ...
2025-09-13 20:40:24,788 - SourceAnalyzer - DEBUG - logger.py:64 - 쿼리 실행 성공: 
                SELECT t.table_id 
              ...
2025-09-13 20:40:24,788 - SourceAnalyzer - DEBUG - logger.py:64 - 쿼리 실행 성공: 
                SELECT t.table_id 
              ...
2025-09-13 20:40:24,788 - SourceAnalyzer - DEBUG - logger.py:64 - 쿼리 실행 성공: 
                SELECT t.table_id 
              ...
2025-09-13 20:40:24,788 - SourceAnalyzer - DEBUG - logger.py:64 - 쿼리 실행 성공: 
                SELECT t.table_id 
              ...
2025-09-13 20:40:24,789 - SourceAnalyzer - DEBUG - logger.py:64 - 쿼리 실행 성공: 
                SELECT t.table_id 
              ...
2025-09-13 20:40:24,789 - SourceAnalyzer - DEBUG - logger.py:64 - 쿼리 실행 성공: 
                SELECT t.table_id 
              ...
2025-09-13 20:40:24,789 - SourceAnalyzer - DEBUG - logger.py:64 - 쿼리 실행 성공: 
                SELECT t.table_id 
              ...
2025-09-13 20:40:24,789 - SourceAnalyzer - DEBUG - logger.py:64 - 쿼리 실행 성공: 
                SELECT t.table_id 
              ...
2025-09-13 20:40:24,789 - SourceAnalyzer - DEBUG - logger.py:64 - 쿼리 실행 성공: 
                SELECT t.table_id 
              ...
2025-09-13 20:40:24,789 - SourceAnalyzer - DEBUG - logger.py:64 - 쿼리 실행 성공: 
                SELECT t.table_id 
              ...
2025-09-13 20:40:24,789 - SourceAnalyzer - DEBUG - logger.py:64 - 쿼리 실행 성공: 
                SELECT t.table_id 
              ...
2025-09-13 20:40:24,789 - SourceAnalyzer - DEBUG - logger.py:64 - 쿼리 실행 성공: 
                SELECT t.table_id 
              ...
2025-09-13 20:40:24,789 - SourceAnalyzer - DEBUG - logger.py:64 - 쿼리 실행 성공: 
                SELECT t.table_id 
              ...
2025-09-13 20:40:24,789 - SourceAnalyzer - DEBUG - logger.py:64 - 쿼리 실행 성공: 
                SELECT t.table_id 
              ...
2025-09-13 20:40:24,789 - SourceAnalyzer - DEBUG - logger.py:64 - 쿼리 실행 성공: 
                SELECT t.table_id 
              ...
2025-09-13 20:40:24,789 - SourceAnalyzer - DEBUG - logger.py:64 - 쿼리 실행 성공: 
                SELECT t.table_id 
              ...
2025-09-13 20:40:24,789 - SourceAnalyzer - DEBUG - logger.py:64 - 쿼리 실행 성공: 
                SELECT t.table_id 
              ...
2025-09-13 20:40:24,789 - SourceAnalyzer - DEBUG - logger.py:64 - 쿼리 실행 성공: 
                SELECT t.table_id 
              ...
2025-09-13 20:40:24,789 - SourceAnalyzer - DEBUG - logger.py:64 - 쿼리 실행 성공: 
                SELECT t.table_id 
              ...
2025-09-13 20:40:24,789 - SourceAnalyzer - DEBUG - logger.py:64 - 쿼리 실행 성공: 
                SELECT t.table_id 
              ...
2025-09-13 20:40:24,789 - SourceAnalyzer - DEBUG - logger.py:64 - 쿼리 실행 성공: 
                SELECT t.table_id 
              ...
2025-09-13 20:40:24,790 - SourceAnalyzer - DEBUG - logger.py:64 - 쿼리 실행 성공: 
                SELECT t.table_id 
              ...
2025-09-13 20:40:24,790 - SourceAnalyzer - DEBUG - logger.py:64 - 쿼리 실행 성공: 
                SELECT t.table_id 
              ...
2025-09-13 20:40:24,790 - SourceAnalyzer - DEBUG - logger.py:64 - 쿼리 실행 성공: 
                SELECT t.table_id 
              ...
2025-09-13 20:40:24,790 - SourceAnalyzer - DEBUG - logger.py:64 - 쿼리 실행 성공: 
                SELECT t.table_id 
              ...
2025-09-13 20:40:24,790 - SourceAnalyzer - DEBUG - logger.py:64 - 쿼리 실행 성공: 
                SELECT t.table_id 
              ...
2025-09-13 20:40:24,790 - SourceAnalyzer - DEBUG - logger.py:64 - 쿼리 실행 성공: 
                SELECT t.table_id 
              ...
2025-09-13 20:40:24,790 - SourceAnalyzer - DEBUG - logger.py:64 - 쿼리 실행 성공: 
                SELECT t.table_id 
              ...
2025-09-13 20:40:24,790 - SourceAnalyzer - DEBUG - logger.py:64 - 쿼리 실행 성공: 
                SELECT t.table_id 
              ...
2025-09-13 20:40:24,790 - SourceAnalyzer - DEBUG - logger.py:64 - 쿼리 실행 성공: 
                SELECT t.table_id 
              ...
2025-09-13 20:40:24,790 - SourceAnalyzer - DEBUG - logger.py:64 - 쿼리 실행 성공: 
                SELECT t.table_id 
              ...
2025-09-13 20:40:24,790 - SourceAnalyzer - DEBUG - logger.py:64 - 배치 쿼리 실행 성공: 
            INSERT OR IGNORE INTO columns (table_..., 처리된 행: 91
2025-09-13 20:40:24,790 - SourceAnalyzer - INFO - logger.py:68 - 컬럼 정보 저장 완료: 91개 컬럼 (오류: 0개)
2025-09-13 20:40:24,791 - SourceAnalyzer - DEBUG - logger.py:64 - 쿼리 실행 성공: 
                SELECT f.file_id 
               ...
2025-09-13 20:40:24,791 - SourceAnalyzer - DEBUG - logger.py:64 - 쿼리 실행 성공: 
                SELECT table_id, table_name, tabl...
2025-09-13 20:40:24,791 - SourceAnalyzer - DEBUG - logger.py:64 - 배치 쿼리 실행 성공: 
            INSERT OR IGNORE INTO components (pro..., 처리된 행: 16
2025-09-13 20:40:24,791 - SourceAnalyzer - INFO - logger.py:68 - 테이블 컴포넌트 생성 완료: 16개
2025-09-13 20:40:24,791 - SourceAnalyzer - DEBUG - logger.py:64 - 업데이트 쿼리 실행 성공: 
                UPDATE tables 
                SE..., 영향받은 행: 16
2025-09-13 20:40:24,791 - SourceAnalyzer - DEBUG - logger.py:64 - 테이블 component_id 업데이트 완료
2025-09-13 20:40:24,791 - SourceAnalyzer - DEBUG - logger.py:64 - 쿼리 실행 성공: 
                SELECT f.file_id 
               ...
2025-09-13 20:40:24,791 - SourceAnalyzer - DEBUG - logger.py:64 - 쿼리 실행 성공: 
                SELECT c.column_id, c.column_name...
2025-09-13 20:40:24,792 - SourceAnalyzer - DEBUG - logger.py:64 - 쿼리 실행 성공: 
                    SELECT t.component_id 
      ...
2025-09-13 20:40:24,792 - SourceAnalyzer - DEBUG - logger.py:64 - 쿼리 실행 성공: 
                    SELECT t.component_id 
      ...
2025-09-13 20:40:24,792 - SourceAnalyzer - DEBUG - logger.py:64 - 쿼리 실행 성공: 
                    SELECT t.component_id 
      ...
2025-09-13 20:40:24,792 - SourceAnalyzer - DEBUG - logger.py:64 - 쿼리 실행 성공: 
                    SELECT t.component_id 
      ...
2025-09-13 20:40:24,792 - SourceAnalyzer - DEBUG - logger.py:64 - 쿼리 실행 성공: 
                    SELECT t.component_id 
      ...
2025-09-13 20:40:24,792 - SourceAnalyzer - DEBUG - logger.py:64 - 쿼리 실행 성공: 
                    SELECT t.component_id 
      ...
2025-09-13 20:40:24,792 - SourceAnalyzer - DEBUG - logger.py:64 - 쿼리 실행 성공: 
                    SELECT t.component_id 
      ...
2025-09-13 20:40:24,792 - SourceAnalyzer - DEBUG - logger.py:64 - 쿼리 실행 성공: 
                    SELECT t.component_id 
      ...
2025-09-13 20:40:24,792 - SourceAnalyzer - DEBUG - logger.py:64 - 쿼리 실행 성공: 
                    SELECT t.component_id 
      ...
2025-09-13 20:40:24,792 - SourceAnalyzer - DEBUG - logger.py:64 - 쿼리 실행 성공: 
                    SELECT t.component_id 
      ...
2025-09-13 20:40:24,792 - SourceAnalyzer - DEBUG - logger.py:64 - 쿼리 실행 성공: 
                    SELECT t.component_id 
      ...
2025-09-13 20:40:24,792 - SourceAnalyzer - DEBUG - logger.py:64 - 쿼리 실행 성공: 
                    SELECT t.component_id 
      ...
2025-09-13 20:40:24,792 - SourceAnalyzer - DEBUG - logger.py:64 - 쿼리 실행 성공: 
                    SELECT t.component_id 
      ...
2025-09-13 20:40:24,792 - SourceAnalyzer - DEBUG - logger.py:64 - 쿼리 실행 성공: 
                    SELECT t.component_id 
      ...
2025-09-13 20:40:24,792 - SourceAnalyzer - DEBUG - logger.py:64 - 쿼리 실행 성공: 
                    SELECT t.component_id 
      ...
2025-09-13 20:40:24,792 - SourceAnalyzer - DEBUG - logger.py:64 - 쿼리 실행 성공: 
                    SELECT t.component_id 
      ...
2025-09-13 20:40:24,792 - SourceAnalyzer - DEBUG - logger.py:64 - 쿼리 실행 성공: 
                    SELECT t.component_id 
      ...
2025-09-13 20:40:24,792 - SourceAnalyzer - DEBUG - logger.py:64 - 쿼리 실행 성공: 
                    SELECT t.component_id 
      ...
2025-09-13 20:40:24,792 - SourceAnalyzer - DEBUG - logger.py:64 - 쿼리 실행 성공: 
                    SELECT t.component_id 
      ...
2025-09-13 20:40:24,792 - SourceAnalyzer - DEBUG - logger.py:64 - 쿼리 실행 성공: 
                    SELECT t.component_id 
      ...
2025-09-13 20:40:24,793 - SourceAnalyzer - DEBUG - logger.py:64 - 쿼리 실행 성공: 
                    SELECT t.component_id 
      ...
2025-09-13 20:40:24,793 - SourceAnalyzer - DEBUG - logger.py:64 - 쿼리 실행 성공: 
                    SELECT t.component_id 
      ...
2025-09-13 20:40:24,793 - SourceAnalyzer - DEBUG - logger.py:64 - 쿼리 실행 성공: 
                    SELECT t.component_id 
      ...
2025-09-13 20:40:24,793 - SourceAnalyzer - DEBUG - logger.py:64 - 쿼리 실행 성공: 
                    SELECT t.component_id 
      ...
2025-09-13 20:40:24,793 - SourceAnalyzer - DEBUG - logger.py:64 - 쿼리 실행 성공: 
                    SELECT t.component_id 
      ...
2025-09-13 20:40:24,793 - SourceAnalyzer - DEBUG - logger.py:64 - 쿼리 실행 성공: 
                    SELECT t.component_id 
      ...
2025-09-13 20:40:24,793 - SourceAnalyzer - DEBUG - logger.py:64 - 쿼리 실행 성공: 
                    SELECT t.component_id 
      ...
2025-09-13 20:40:24,793 - SourceAnalyzer - DEBUG - logger.py:64 - 쿼리 실행 성공: 
                    SELECT t.component_id 
      ...
2025-09-13 20:40:24,793 - SourceAnalyzer - DEBUG - logger.py:64 - 쿼리 실행 성공: 
                    SELECT t.component_id 
      ...
2025-09-13 20:40:24,793 - SourceAnalyzer - DEBUG - logger.py:64 - 쿼리 실행 성공: 
                    SELECT t.component_id 
      ...
2025-09-13 20:40:24,793 - SourceAnalyzer - DEBUG - logger.py:64 - 쿼리 실행 성공: 
                    SELECT t.component_id 
      ...
2025-09-13 20:40:24,793 - SourceAnalyzer - DEBUG - logger.py:64 - 쿼리 실행 성공: 
                    SELECT t.component_id 
      ...
2025-09-13 20:40:24,793 - SourceAnalyzer - DEBUG - logger.py:64 - 쿼리 실행 성공: 
                    SELECT t.component_id 
      ...
2025-09-13 20:40:24,793 - SourceAnalyzer - DEBUG - logger.py:64 - 쿼리 실행 성공: 
                    SELECT t.component_id 
      ...
2025-09-13 20:40:24,793 - SourceAnalyzer - DEBUG - logger.py:64 - 쿼리 실행 성공: 
                    SELECT t.component_id 
      ...
2025-09-13 20:40:24,793 - SourceAnalyzer - DEBUG - logger.py:64 - 쿼리 실행 성공: 
                    SELECT t.component_id 
      ...
2025-09-13 20:40:24,793 - SourceAnalyzer - DEBUG - logger.py:64 - 쿼리 실행 성공: 
                    SELECT t.component_id 
      ...
2025-09-13 20:40:24,793 - SourceAnalyzer - DEBUG - logger.py:64 - 쿼리 실행 성공: 
                    SELECT t.component_id 
      ...
2025-09-13 20:40:24,793 - SourceAnalyzer - DEBUG - logger.py:64 - 쿼리 실행 성공: 
                    SELECT t.component_id 
      ...
2025-09-13 20:40:24,793 - SourceAnalyzer - DEBUG - logger.py:64 - 쿼리 실행 성공: 
                    SELECT t.component_id 
      ...
2025-09-13 20:40:24,794 - SourceAnalyzer - DEBUG - logger.py:64 - 쿼리 실행 성공: 
                    SELECT t.component_id 
      ...
2025-09-13 20:40:24,794 - SourceAnalyzer - DEBUG - logger.py:64 - 쿼리 실행 성공: 
                    SELECT t.component_id 
      ...
2025-09-13 20:40:24,794 - SourceAnalyzer - DEBUG - logger.py:64 - 쿼리 실행 성공: 
                    SELECT t.component_id 
      ...
2025-09-13 20:40:24,794 - SourceAnalyzer - DEBUG - logger.py:64 - 쿼리 실행 성공: 
                    SELECT t.component_id 
      ...
2025-09-13 20:40:24,794 - SourceAnalyzer - DEBUG - logger.py:64 - 쿼리 실행 성공: 
                    SELECT t.component_id 
      ...
2025-09-13 20:40:24,794 - SourceAnalyzer - DEBUG - logger.py:64 - 쿼리 실행 성공: 
                    SELECT t.component_id 
      ...
2025-09-13 20:40:24,794 - SourceAnalyzer - DEBUG - logger.py:64 - 쿼리 실행 성공: 
                    SELECT t.component_id 
      ...
2025-09-13 20:40:24,794 - SourceAnalyzer - DEBUG - logger.py:64 - 쿼리 실행 성공: 
                    SELECT t.component_id 
      ...
2025-09-13 20:40:24,794 - SourceAnalyzer - DEBUG - logger.py:64 - 쿼리 실행 성공: 
                    SELECT t.component_id 
      ...
2025-09-13 20:40:24,794 - SourceAnalyzer - DEBUG - logger.py:64 - 쿼리 실행 성공: 
                    SELECT t.component_id 
      ...
2025-09-13 20:40:24,794 - SourceAnalyzer - DEBUG - logger.py:64 - 쿼리 실행 성공: 
                    SELECT t.component_id 
      ...
2025-09-13 20:40:24,794 - SourceAnalyzer - DEBUG - logger.py:64 - 쿼리 실행 성공: 
                    SELECT t.component_id 
      ...
2025-09-13 20:40:24,794 - SourceAnalyzer - DEBUG - logger.py:64 - 쿼리 실행 성공: 
                    SELECT t.component_id 
      ...
2025-09-13 20:40:24,794 - SourceAnalyzer - DEBUG - logger.py:64 - 쿼리 실행 성공: 
                    SELECT t.component_id 
      ...
2025-09-13 20:40:24,794 - SourceAnalyzer - DEBUG - logger.py:64 - 쿼리 실행 성공: 
                    SELECT t.component_id 
      ...
2025-09-13 20:40:24,794 - SourceAnalyzer - DEBUG - logger.py:64 - 쿼리 실행 성공: 
                    SELECT t.component_id 
      ...
2025-09-13 20:40:24,794 - SourceAnalyzer - DEBUG - logger.py:64 - 쿼리 실행 성공: 
                    SELECT t.component_id 
      ...
2025-09-13 20:40:24,794 - SourceAnalyzer - DEBUG - logger.py:64 - 쿼리 실행 성공: 
                    SELECT t.component_id 
      ...
2025-09-13 20:40:24,794 - SourceAnalyzer - DEBUG - logger.py:64 - 쿼리 실행 성공: 
                    SELECT t.component_id 
      ...
2025-09-13 20:40:24,794 - SourceAnalyzer - DEBUG - logger.py:64 - 쿼리 실행 성공: 
                    SELECT t.component_id 
      ...
2025-09-13 20:40:24,794 - SourceAnalyzer - DEBUG - logger.py:64 - 쿼리 실행 성공: 
                    SELECT t.component_id 
      ...
2025-09-13 20:40:24,795 - SourceAnalyzer - DEBUG - logger.py:64 - 쿼리 실행 성공: 
                    SELECT t.component_id 
      ...
2025-09-13 20:40:24,795 - SourceAnalyzer - DEBUG - logger.py:64 - 쿼리 실행 성공: 
                    SELECT t.component_id 
      ...
2025-09-13 20:40:24,795 - SourceAnalyzer - DEBUG - logger.py:64 - 쿼리 실행 성공: 
                    SELECT t.component_id 
      ...
2025-09-13 20:40:24,795 - SourceAnalyzer - DEBUG - logger.py:64 - 쿼리 실행 성공: 
                    SELECT t.component_id 
      ...
2025-09-13 20:40:24,795 - SourceAnalyzer - DEBUG - logger.py:64 - 쿼리 실행 성공: 
                    SELECT t.component_id 
      ...
2025-09-13 20:40:24,795 - SourceAnalyzer - DEBUG - logger.py:64 - 쿼리 실행 성공: 
                    SELECT t.component_id 
      ...
2025-09-13 20:40:24,795 - SourceAnalyzer - DEBUG - logger.py:64 - 쿼리 실행 성공: 
                    SELECT t.component_id 
      ...
2025-09-13 20:40:24,795 - SourceAnalyzer - DEBUG - logger.py:64 - 쿼리 실행 성공: 
                    SELECT t.component_id 
      ...
2025-09-13 20:40:24,795 - SourceAnalyzer - DEBUG - logger.py:64 - 쿼리 실행 성공: 
                    SELECT t.component_id 
      ...
2025-09-13 20:40:24,795 - SourceAnalyzer - DEBUG - logger.py:64 - 쿼리 실행 성공: 
                    SELECT t.component_id 
      ...
2025-09-13 20:40:24,795 - SourceAnalyzer - DEBUG - logger.py:64 - 쿼리 실행 성공: 
                    SELECT t.component_id 
      ...
2025-09-13 20:40:24,795 - SourceAnalyzer - DEBUG - logger.py:64 - 쿼리 실행 성공: 
                    SELECT t.component_id 
      ...
2025-09-13 20:40:24,795 - SourceAnalyzer - DEBUG - logger.py:64 - 쿼리 실행 성공: 
                    SELECT t.component_id 
      ...
2025-09-13 20:40:24,795 - SourceAnalyzer - DEBUG - logger.py:64 - 쿼리 실행 성공: 
                    SELECT t.component_id 
      ...
2025-09-13 20:40:24,795 - SourceAnalyzer - DEBUG - logger.py:64 - 쿼리 실행 성공: 
                    SELECT t.component_id 
      ...
2025-09-13 20:40:24,795 - SourceAnalyzer - DEBUG - logger.py:64 - 쿼리 실행 성공: 
                    SELECT t.component_id 
      ...
2025-09-13 20:40:24,795 - SourceAnalyzer - DEBUG - logger.py:64 - 쿼리 실행 성공: 
                    SELECT t.component_id 
      ...
2025-09-13 20:40:24,795 - SourceAnalyzer - DEBUG - logger.py:64 - 쿼리 실행 성공: 
                    SELECT t.component_id 
      ...
2025-09-13 20:40:24,795 - SourceAnalyzer - DEBUG - logger.py:64 - 쿼리 실행 성공: 
                    SELECT t.component_id 
      ...
2025-09-13 20:40:24,795 - SourceAnalyzer - DEBUG - logger.py:64 - 쿼리 실행 성공: 
                    SELECT t.component_id 
      ...
2025-09-13 20:40:24,795 - SourceAnalyzer - DEBUG - logger.py:64 - 쿼리 실행 성공: 
                    SELECT t.component_id 
      ...
2025-09-13 20:40:24,796 - SourceAnalyzer - DEBUG - logger.py:64 - 쿼리 실행 성공: 
                    SELECT t.component_id 
      ...
2025-09-13 20:40:24,796 - SourceAnalyzer - DEBUG - logger.py:64 - 쿼리 실행 성공: 
                    SELECT t.component_id 
      ...
2025-09-13 20:40:24,796 - SourceAnalyzer - DEBUG - logger.py:64 - 쿼리 실행 성공: 
                    SELECT t.component_id 
      ...
2025-09-13 20:40:24,796 - SourceAnalyzer - DEBUG - logger.py:64 - 쿼리 실행 성공: 
                    SELECT t.component_id 
      ...
2025-09-13 20:40:24,796 - SourceAnalyzer - DEBUG - logger.py:64 - 쿼리 실행 성공: 
                    SELECT t.component_id 
      ...
2025-09-13 20:40:24,796 - SourceAnalyzer - DEBUG - logger.py:64 - 쿼리 실행 성공: 
                    SELECT t.component_id 
      ...
2025-09-13 20:40:24,796 - SourceAnalyzer - DEBUG - logger.py:64 - 쿼리 실행 성공: 
                    SELECT t.component_id 
      ...
2025-09-13 20:40:24,796 - SourceAnalyzer - DEBUG - logger.py:64 - 쿼리 실행 성공: 
                    SELECT t.component_id 
      ...
2025-09-13 20:40:24,796 - SourceAnalyzer - DEBUG - logger.py:64 - 쿼리 실행 성공: 
                    SELECT t.component_id 
      ...
2025-09-13 20:40:24,796 - SourceAnalyzer - DEBUG - logger.py:64 - 쿼리 실행 성공: 
                    SELECT t.component_id 
      ...
2025-09-13 20:40:24,796 - SourceAnalyzer - DEBUG - logger.py:64 - 쿼리 실행 성공: 
                    SELECT t.component_id 
      ...
2025-09-13 20:40:24,796 - SourceAnalyzer - DEBUG - logger.py:64 - 쿼리 실행 성공: 
                    SELECT t.component_id 
      ...
2025-09-13 20:40:24,797 - SourceAnalyzer - DEBUG - logger.py:64 - 배치 쿼리 실행 성공: 
            INSERT OR IGNORE INTO components (pro..., 처리된 행: 94
2025-09-13 20:40:24,798 - SourceAnalyzer - INFO - logger.py:68 - 컬럼 컴포넌트 생성 완료: 94개
2025-09-13 20:40:24,799 - SourceAnalyzer - DEBUG - logger.py:64 - 쿼리 실행 성공: 
                SELECT component_id FROM componen...
2025-09-13 20:40:24,799 - SourceAnalyzer - DEBUG - logger.py:64 - 쿼리 실행 성공: 
                SELECT component_id FROM componen...
2025-09-13 20:40:24,799 - SourceAnalyzer - DEBUG - logger.py:64 - 쿼리 실행 성공: 
                SELECT component_id FROM componen...
2025-09-13 20:40:24,799 - SourceAnalyzer - DEBUG - logger.py:64 - 쿼리 실행 성공: 
                SELECT component_id FROM componen...
2025-09-13 20:40:24,799 - SourceAnalyzer - DEBUG - logger.py:64 - 쿼리 실행 성공: 
                SELECT component_id FROM componen...
2025-09-13 20:40:24,799 - SourceAnalyzer - DEBUG - logger.py:64 - 쿼리 실행 성공: 
                SELECT component_id FROM componen...
2025-09-13 20:40:24,799 - SourceAnalyzer - DEBUG - logger.py:64 - 쿼리 실행 성공: 
                SELECT component_id FROM componen...
2025-09-13 20:40:24,799 - SourceAnalyzer - DEBUG - logger.py:64 - 쿼리 실행 성공: 
                SELECT component_id FROM componen...
2025-09-13 20:40:24,799 - SourceAnalyzer - DEBUG - logger.py:64 - 쿼리 실행 성공: 
                SELECT component_id FROM componen...
2025-09-13 20:40:24,799 - SourceAnalyzer - DEBUG - logger.py:64 - 쿼리 실행 성공: 
                SELECT component_id FROM componen...
2025-09-13 20:40:24,799 - SourceAnalyzer - DEBUG - logger.py:64 - 쿼리 실행 성공: 
                SELECT component_id FROM componen...
2025-09-13 20:40:24,799 - SourceAnalyzer - DEBUG - logger.py:64 - 쿼리 실행 성공: 
                SELECT component_id FROM componen...
2025-09-13 20:40:24,799 - SourceAnalyzer - DEBUG - logger.py:64 - 쿼리 실행 성공: 
                SELECT component_id FROM componen...
2025-09-13 20:40:24,799 - SourceAnalyzer - DEBUG - logger.py:64 - 쿼리 실행 성공: 
                SELECT component_id FROM componen...
2025-09-13 20:40:24,799 - SourceAnalyzer - DEBUG - logger.py:64 - 쿼리 실행 성공: 
                SELECT component_id FROM componen...
2025-09-13 20:40:24,799 - SourceAnalyzer - DEBUG - logger.py:64 - 쿼리 실행 성공: 
                SELECT component_id FROM componen...
2025-09-13 20:40:24,799 - SourceAnalyzer - DEBUG - logger.py:64 - 쿼리 실행 성공: 
                SELECT component_id FROM componen...
2025-09-13 20:40:24,800 - SourceAnalyzer - DEBUG - logger.py:64 - 쿼리 실행 성공: 
                SELECT component_id FROM componen...
2025-09-13 20:40:24,800 - SourceAnalyzer - DEBUG - logger.py:64 - 쿼리 실행 성공: 
                SELECT component_id FROM componen...
2025-09-13 20:40:24,800 - SourceAnalyzer - DEBUG - logger.py:64 - 쿼리 실행 성공: 
                SELECT component_id FROM componen...
2025-09-13 20:40:24,800 - SourceAnalyzer - DEBUG - logger.py:64 - 쿼리 실행 성공: 
                SELECT component_id FROM componen...
2025-09-13 20:40:24,800 - SourceAnalyzer - DEBUG - logger.py:64 - 쿼리 실행 성공: 
                SELECT component_id FROM componen...
2025-09-13 20:40:24,800 - SourceAnalyzer - DEBUG - logger.py:64 - 쿼리 실행 성공: 
                SELECT component_id FROM componen...
2025-09-13 20:40:24,800 - SourceAnalyzer - DEBUG - logger.py:64 - 쿼리 실행 성공: 
                SELECT component_id FROM componen...
2025-09-13 20:40:24,800 - SourceAnalyzer - DEBUG - logger.py:64 - 쿼리 실행 성공: 
                SELECT component_id FROM componen...
2025-09-13 20:40:24,800 - SourceAnalyzer - DEBUG - logger.py:64 - 쿼리 실행 성공: 
                SELECT component_id FROM componen...
2025-09-13 20:40:24,800 - SourceAnalyzer - DEBUG - logger.py:64 - 쿼리 실행 성공: 
                SELECT component_id FROM componen...
2025-09-13 20:40:24,800 - SourceAnalyzer - DEBUG - logger.py:64 - 쿼리 실행 성공: 
                SELECT component_id FROM componen...
2025-09-13 20:40:24,800 - SourceAnalyzer - DEBUG - logger.py:64 - 쿼리 실행 성공: 
                SELECT component_id FROM componen...
2025-09-13 20:40:24,800 - SourceAnalyzer - DEBUG - logger.py:64 - 쿼리 실행 성공: 
                SELECT component_id FROM componen...
2025-09-13 20:40:24,800 - SourceAnalyzer - DEBUG - logger.py:64 - 쿼리 실행 성공: 
                SELECT component_id FROM componen...
2025-09-13 20:40:24,800 - SourceAnalyzer - DEBUG - logger.py:64 - 쿼리 실행 성공: 
                SELECT component_id FROM componen...
2025-09-13 20:40:24,800 - SourceAnalyzer - DEBUG - logger.py:64 - 쿼리 실행 성공: 
                SELECT component_id FROM componen...
2025-09-13 20:40:24,800 - SourceAnalyzer - DEBUG - logger.py:64 - 쿼리 실행 성공: 
                SELECT component_id FROM componen...
2025-09-13 20:40:24,800 - SourceAnalyzer - DEBUG - logger.py:64 - 쿼리 실행 성공: 
                SELECT component_id FROM componen...
2025-09-13 20:40:24,800 - SourceAnalyzer - DEBUG - logger.py:64 - 쿼리 실행 성공: 
                SELECT component_id FROM componen...
2025-09-13 20:40:24,800 - SourceAnalyzer - DEBUG - logger.py:64 - 쿼리 실행 성공: 
                SELECT component_id FROM componen...
2025-09-13 20:40:24,800 - SourceAnalyzer - DEBUG - logger.py:64 - 쿼리 실행 성공: 
                SELECT component_id FROM componen...
2025-09-13 20:40:24,800 - SourceAnalyzer - DEBUG - logger.py:64 - 쿼리 실행 성공: 
                SELECT component_id FROM componen...
2025-09-13 20:40:24,801 - SourceAnalyzer - DEBUG - logger.py:64 - 쿼리 실행 성공: 
                SELECT component_id FROM componen...
2025-09-13 20:40:24,801 - SourceAnalyzer - DEBUG - logger.py:64 - 쿼리 실행 성공: 
                SELECT component_id FROM componen...
2025-09-13 20:40:24,801 - SourceAnalyzer - DEBUG - logger.py:64 - 쿼리 실행 성공: 
                SELECT component_id FROM componen...
2025-09-13 20:40:24,801 - SourceAnalyzer - DEBUG - logger.py:64 - 쿼리 실행 성공: 
                SELECT component_id FROM componen...
2025-09-13 20:40:24,801 - SourceAnalyzer - DEBUG - logger.py:64 - 쿼리 실행 성공: 
                SELECT component_id FROM componen...
2025-09-13 20:40:24,801 - SourceAnalyzer - DEBUG - logger.py:64 - 쿼리 실행 성공: 
                SELECT component_id FROM componen...
2025-09-13 20:40:24,801 - SourceAnalyzer - DEBUG - logger.py:64 - 쿼리 실행 성공: 
                SELECT component_id FROM componen...
2025-09-13 20:40:24,801 - SourceAnalyzer - DEBUG - logger.py:64 - 쿼리 실행 성공: 
                SELECT component_id FROM componen...
2025-09-13 20:40:24,801 - SourceAnalyzer - DEBUG - logger.py:64 - 쿼리 실행 성공: 
                SELECT component_id FROM componen...
2025-09-13 20:40:24,801 - SourceAnalyzer - DEBUG - logger.py:64 - 쿼리 실행 성공: 
                SELECT component_id FROM componen...
2025-09-13 20:40:24,801 - SourceAnalyzer - DEBUG - logger.py:64 - 쿼리 실행 성공: 
                SELECT component_id FROM componen...
2025-09-13 20:40:24,801 - SourceAnalyzer - DEBUG - logger.py:64 - 쿼리 실행 성공: 
                SELECT component_id FROM componen...
2025-09-13 20:40:24,801 - SourceAnalyzer - DEBUG - logger.py:64 - 쿼리 실행 성공: 
                SELECT component_id FROM componen...
2025-09-13 20:40:24,801 - SourceAnalyzer - DEBUG - logger.py:64 - 쿼리 실행 성공: 
                SELECT component_id FROM componen...
2025-09-13 20:40:24,801 - SourceAnalyzer - DEBUG - logger.py:64 - 쿼리 실행 성공: 
                SELECT component_id FROM componen...
2025-09-13 20:40:24,801 - SourceAnalyzer - DEBUG - logger.py:64 - 쿼리 실행 성공: 
                SELECT component_id FROM componen...
2025-09-13 20:40:24,801 - SourceAnalyzer - DEBUG - logger.py:64 - 쿼리 실행 성공: 
                SELECT component_id FROM componen...
2025-09-13 20:40:24,801 - SourceAnalyzer - DEBUG - logger.py:64 - 쿼리 실행 성공: 
                SELECT component_id FROM componen...
2025-09-13 20:40:24,801 - SourceAnalyzer - DEBUG - logger.py:64 - 쿼리 실행 성공: 
                SELECT component_id FROM componen...
2025-09-13 20:40:24,801 - SourceAnalyzer - DEBUG - logger.py:64 - 쿼리 실행 성공: 
                SELECT component_id FROM componen...
2025-09-13 20:40:24,802 - SourceAnalyzer - DEBUG - logger.py:64 - 쿼리 실행 성공: 
                SELECT component_id FROM componen...
2025-09-13 20:40:24,802 - SourceAnalyzer - DEBUG - logger.py:64 - 쿼리 실행 성공: 
                SELECT component_id FROM componen...
2025-09-13 20:40:24,802 - SourceAnalyzer - DEBUG - logger.py:64 - 쿼리 실행 성공: 
                SELECT component_id FROM componen...
2025-09-13 20:40:24,802 - SourceAnalyzer - DEBUG - logger.py:64 - 쿼리 실행 성공: 
                SELECT component_id FROM componen...
2025-09-13 20:40:24,802 - SourceAnalyzer - DEBUG - logger.py:64 - 쿼리 실행 성공: 
                SELECT component_id FROM componen...
2025-09-13 20:40:24,802 - SourceAnalyzer - DEBUG - logger.py:64 - 쿼리 실행 성공: 
                SELECT component_id FROM componen...
2025-09-13 20:40:24,802 - SourceAnalyzer - DEBUG - logger.py:64 - 쿼리 실행 성공: 
                SELECT component_id FROM componen...
2025-09-13 20:40:24,802 - SourceAnalyzer - DEBUG - logger.py:64 - 쿼리 실행 성공: 
                SELECT component_id FROM componen...
2025-09-13 20:40:24,802 - SourceAnalyzer - DEBUG - logger.py:64 - 쿼리 실행 성공: 
                SELECT component_id FROM componen...
2025-09-13 20:40:24,802 - SourceAnalyzer - DEBUG - logger.py:64 - 쿼리 실행 성공: 
                SELECT component_id FROM componen...
2025-09-13 20:40:24,802 - SourceAnalyzer - DEBUG - logger.py:64 - 쿼리 실행 성공: 
                SELECT component_id FROM componen...
2025-09-13 20:40:24,802 - SourceAnalyzer - DEBUG - logger.py:64 - 쿼리 실행 성공: 
                SELECT component_id FROM componen...
2025-09-13 20:40:24,802 - SourceAnalyzer - DEBUG - logger.py:64 - 쿼리 실행 성공: 
                SELECT component_id FROM componen...
2025-09-13 20:40:24,802 - SourceAnalyzer - DEBUG - logger.py:64 - 쿼리 실행 성공: 
                SELECT component_id FROM componen...
2025-09-13 20:40:24,802 - SourceAnalyzer - DEBUG - logger.py:64 - 쿼리 실행 성공: 
                SELECT component_id FROM componen...
2025-09-13 20:40:24,802 - SourceAnalyzer - DEBUG - logger.py:64 - 쿼리 실행 성공: 
                SELECT component_id FROM componen...
2025-09-13 20:40:24,802 - SourceAnalyzer - DEBUG - logger.py:64 - 쿼리 실행 성공: 
                SELECT component_id FROM componen...
2025-09-13 20:40:24,802 - SourceAnalyzer - DEBUG - logger.py:64 - 쿼리 실행 성공: 
                SELECT component_id FROM componen...
2025-09-13 20:40:24,802 - SourceAnalyzer - DEBUG - logger.py:64 - 쿼리 실행 성공: 
                SELECT component_id FROM componen...
2025-09-13 20:40:24,802 - SourceAnalyzer - DEBUG - logger.py:64 - 쿼리 실행 성공: 
                SELECT component_id FROM componen...
2025-09-13 20:40:24,802 - SourceAnalyzer - DEBUG - logger.py:64 - 쿼리 실행 성공: 
                SELECT component_id FROM componen...
2025-09-13 20:40:24,803 - SourceAnalyzer - DEBUG - logger.py:64 - 쿼리 실행 성공: 
                SELECT component_id FROM componen...
2025-09-13 20:40:24,803 - SourceAnalyzer - DEBUG - logger.py:64 - 쿼리 실행 성공: 
                SELECT component_id FROM componen...
2025-09-13 20:40:24,803 - SourceAnalyzer - DEBUG - logger.py:64 - 쿼리 실행 성공: 
                SELECT component_id FROM componen...
2025-09-13 20:40:24,803 - SourceAnalyzer - DEBUG - logger.py:64 - 쿼리 실행 성공: 
                SELECT component_id FROM componen...
2025-09-13 20:40:24,803 - SourceAnalyzer - DEBUG - logger.py:64 - 쿼리 실행 성공: 
                SELECT component_id FROM componen...
2025-09-13 20:40:24,803 - SourceAnalyzer - DEBUG - logger.py:64 - 쿼리 실행 성공: 
                SELECT component_id FROM componen...
2025-09-13 20:40:24,803 - SourceAnalyzer - DEBUG - logger.py:64 - 쿼리 실행 성공: 
                SELECT component_id FROM componen...
2025-09-13 20:40:24,803 - SourceAnalyzer - DEBUG - logger.py:64 - 쿼리 실행 성공: 
                SELECT component_id FROM componen...
2025-09-13 20:40:24,803 - SourceAnalyzer - DEBUG - logger.py:64 - 쿼리 실행 성공: 
                SELECT component_id FROM componen...
2025-09-13 20:40:24,803 - SourceAnalyzer - DEBUG - logger.py:64 - 쿼리 실행 성공: 
                SELECT component_id FROM componen...
2025-09-13 20:40:24,803 - SourceAnalyzer - DEBUG - logger.py:64 - 쿼리 실행 성공: 
                SELECT component_id FROM componen...
2025-09-13 20:40:24,803 - SourceAnalyzer - DEBUG - logger.py:64 - 쿼리 실행 성공: 
                SELECT component_id FROM componen...
2025-09-13 20:40:24,803 - SourceAnalyzer - DEBUG - logger.py:64 - 쿼리 실행 성공: 
                SELECT component_id FROM componen...
2025-09-13 20:40:24,803 - SourceAnalyzer - DEBUG - logger.py:64 - 쿼리 실행 성공: 
                SELECT component_id FROM componen...
2025-09-13 20:40:24,803 - SourceAnalyzer - DEBUG - logger.py:64 - 업데이트 쿼리 실행 성공: 
            UPDATE columns
            SET compon..., 영향받은 행: 1
2025-09-13 20:40:24,803 - SourceAnalyzer - DEBUG - logger.py:64 - 업데이트 쿼리 실행 성공: 
            UPDATE columns
            SET compon..., 영향받은 행: 1
2025-09-13 20:40:24,803 - SourceAnalyzer - DEBUG - logger.py:64 - 업데이트 쿼리 실행 성공: 
            UPDATE columns
            SET compon..., 영향받은 행: 1
2025-09-13 20:40:24,803 - SourceAnalyzer - DEBUG - logger.py:64 - 업데이트 쿼리 실행 성공: 
            UPDATE columns
            SET compon..., 영향받은 행: 1
2025-09-13 20:40:24,803 - SourceAnalyzer - DEBUG - logger.py:64 - 업데이트 쿼리 실행 성공: 
            UPDATE columns
            SET compon..., 영향받은 행: 1
2025-09-13 20:40:24,803 - SourceAnalyzer - DEBUG - logger.py:64 - 업데이트 쿼리 실행 성공: 
            UPDATE columns
            SET compon..., 영향받은 행: 1
2025-09-13 20:40:24,804 - SourceAnalyzer - DEBUG - logger.py:64 - 업데이트 쿼리 실행 성공: 
            UPDATE columns
            SET compon..., 영향받은 행: 1
2025-09-13 20:40:24,804 - SourceAnalyzer - DEBUG - logger.py:64 - 업데이트 쿼리 실행 성공: 
            UPDATE columns
            SET compon..., 영향받은 행: 1
2025-09-13 20:40:24,804 - SourceAnalyzer - DEBUG - logger.py:64 - 업데이트 쿼리 실행 성공: 
            UPDATE columns
            SET compon..., 영향받은 행: 1
2025-09-13 20:40:24,804 - SourceAnalyzer - DEBUG - logger.py:64 - 업데이트 쿼리 실행 성공: 
            UPDATE columns
            SET compon..., 영향받은 행: 1
2025-09-13 20:40:24,804 - SourceAnalyzer - DEBUG - logger.py:64 - 업데이트 쿼리 실행 성공: 
            UPDATE columns
            SET compon..., 영향받은 행: 1
2025-09-13 20:40:24,804 - SourceAnalyzer - DEBUG - logger.py:64 - 업데이트 쿼리 실행 성공: 
            UPDATE columns
            SET compon..., 영향받은 행: 1
2025-09-13 20:40:24,804 - SourceAnalyzer - DEBUG - logger.py:64 - 업데이트 쿼리 실행 성공: 
            UPDATE columns
            SET compon..., 영향받은 행: 1
2025-09-13 20:40:24,804 - SourceAnalyzer - DEBUG - logger.py:64 - 업데이트 쿼리 실행 성공: 
            UPDATE columns
            SET compon..., 영향받은 행: 1
2025-09-13 20:40:24,804 - SourceAnalyzer - DEBUG - logger.py:64 - 업데이트 쿼리 실행 성공: 
            UPDATE columns
            SET compon..., 영향받은 행: 1
2025-09-13 20:40:24,804 - SourceAnalyzer - DEBUG - logger.py:64 - 업데이트 쿼리 실행 성공: 
            UPDATE columns
            SET compon..., 영향받은 행: 1
2025-09-13 20:40:24,804 - SourceAnalyzer - DEBUG - logger.py:64 - 업데이트 쿼리 실행 성공: 
            UPDATE columns
            SET compon..., 영향받은 행: 1
2025-09-13 20:40:24,804 - SourceAnalyzer - DEBUG - logger.py:64 - 업데이트 쿼리 실행 성공: 
            UPDATE columns
            SET compon..., 영향받은 행: 1
2025-09-13 20:40:24,804 - SourceAnalyzer - DEBUG - logger.py:64 - 업데이트 쿼리 실행 성공: 
            UPDATE columns
            SET compon..., 영향받은 행: 1
2025-09-13 20:40:24,804 - SourceAnalyzer - DEBUG - logger.py:64 - 업데이트 쿼리 실행 성공: 
            UPDATE columns
            SET compon..., 영향받은 행: 1
2025-09-13 20:40:24,804 - SourceAnalyzer - DEBUG - logger.py:64 - 업데이트 쿼리 실행 성공: 
            UPDATE columns
            SET compon..., 영향받은 행: 1
2025-09-13 20:40:24,804 - SourceAnalyzer - DEBUG - logger.py:64 - 업데이트 쿼리 실행 성공: 
            UPDATE columns
            SET compon..., 영향받은 행: 1
2025-09-13 20:40:24,804 - SourceAnalyzer - DEBUG - logger.py:64 - 업데이트 쿼리 실행 성공: 
            UPDATE columns
            SET compon..., 영향받은 행: 1
2025-09-13 20:40:24,805 - SourceAnalyzer - DEBUG - logger.py:64 - 업데이트 쿼리 실행 성공: 
            UPDATE columns
            SET compon..., 영향받은 행: 1
2025-09-13 20:40:24,805 - SourceAnalyzer - DEBUG - logger.py:64 - 업데이트 쿼리 실행 성공: 
            UPDATE columns
            SET compon..., 영향받은 행: 1
2025-09-13 20:40:24,805 - SourceAnalyzer - DEBUG - logger.py:64 - 업데이트 쿼리 실행 성공: 
            UPDATE columns
            SET compon..., 영향받은 행: 1
2025-09-13 20:40:24,805 - SourceAnalyzer - DEBUG - logger.py:64 - 업데이트 쿼리 실행 성공: 
            UPDATE columns
            SET compon..., 영향받은 행: 1
2025-09-13 20:40:24,805 - SourceAnalyzer - DEBUG - logger.py:64 - 업데이트 쿼리 실행 성공: 
            UPDATE columns
            SET compon..., 영향받은 행: 1
2025-09-13 20:40:24,805 - SourceAnalyzer - DEBUG - logger.py:64 - 업데이트 쿼리 실행 성공: 
            UPDATE columns
            SET compon..., 영향받은 행: 1
2025-09-13 20:40:24,805 - SourceAnalyzer - DEBUG - logger.py:64 - 업데이트 쿼리 실행 성공: 
            UPDATE columns
            SET compon..., 영향받은 행: 1
2025-09-13 20:40:24,805 - SourceAnalyzer - DEBUG - logger.py:64 - 업데이트 쿼리 실행 성공: 
            UPDATE columns
            SET compon..., 영향받은 행: 1
2025-09-13 20:40:24,805 - SourceAnalyzer - DEBUG - logger.py:64 - 업데이트 쿼리 실행 성공: 
            UPDATE columns
            SET compon..., 영향받은 행: 1
2025-09-13 20:40:24,805 - SourceAnalyzer - DEBUG - logger.py:64 - 업데이트 쿼리 실행 성공: 
            UPDATE columns
            SET compon..., 영향받은 행: 1
2025-09-13 20:40:24,805 - SourceAnalyzer - DEBUG - logger.py:64 - 업데이트 쿼리 실행 성공: 
            UPDATE columns
            SET compon..., 영향받은 행: 1
2025-09-13 20:40:24,805 - SourceAnalyzer - DEBUG - logger.py:64 - 업데이트 쿼리 실행 성공: 
            UPDATE columns
            SET compon..., 영향받은 행: 1
2025-09-13 20:40:24,805 - SourceAnalyzer - DEBUG - logger.py:64 - 업데이트 쿼리 실행 성공: 
            UPDATE columns
            SET compon..., 영향받은 행: 1
2025-09-13 20:40:24,805 - SourceAnalyzer - DEBUG - logger.py:64 - 업데이트 쿼리 실행 성공: 
            UPDATE columns
            SET compon..., 영향받은 행: 1
2025-09-13 20:40:24,805 - SourceAnalyzer - DEBUG - logger.py:64 - 업데이트 쿼리 실행 성공: 
            UPDATE columns
            SET compon..., 영향받은 행: 1
2025-09-13 20:40:24,805 - SourceAnalyzer - DEBUG - logger.py:64 - 업데이트 쿼리 실행 성공: 
            UPDATE columns
            SET compon..., 영향받은 행: 1
2025-09-13 20:40:24,805 - SourceAnalyzer - DEBUG - logger.py:64 - 업데이트 쿼리 실행 성공: 
            UPDATE columns
            SET compon..., 영향받은 행: 1
2025-09-13 20:40:24,805 - SourceAnalyzer - DEBUG - logger.py:64 - 업데이트 쿼리 실행 성공: 
            UPDATE columns
            SET compon..., 영향받은 행: 1
2025-09-13 20:40:24,806 - SourceAnalyzer - DEBUG - logger.py:64 - 업데이트 쿼리 실행 성공: 
            UPDATE columns
            SET compon..., 영향받은 행: 1
2025-09-13 20:40:24,806 - SourceAnalyzer - DEBUG - logger.py:64 - 업데이트 쿼리 실행 성공: 
            UPDATE columns
            SET compon..., 영향받은 행: 1
2025-09-13 20:40:24,806 - SourceAnalyzer - DEBUG - logger.py:64 - 업데이트 쿼리 실행 성공: 
            UPDATE columns
            SET compon..., 영향받은 행: 1
2025-09-13 20:40:24,806 - SourceAnalyzer - DEBUG - logger.py:64 - 업데이트 쿼리 실행 성공: 
            UPDATE columns
            SET compon..., 영향받은 행: 1
2025-09-13 20:40:24,806 - SourceAnalyzer - DEBUG - logger.py:64 - 업데이트 쿼리 실행 성공: 
            UPDATE columns
            SET compon..., 영향받은 행: 1
2025-09-13 20:40:24,806 - SourceAnalyzer - DEBUG - logger.py:64 - 업데이트 쿼리 실행 성공: 
            UPDATE columns
            SET compon..., 영향받은 행: 1
2025-09-13 20:40:24,806 - SourceAnalyzer - DEBUG - logger.py:64 - 업데이트 쿼리 실행 성공: 
            UPDATE columns
            SET compon..., 영향받은 행: 1
2025-09-13 20:40:24,806 - SourceAnalyzer - DEBUG - logger.py:64 - 업데이트 쿼리 실행 성공: 
            UPDATE columns
            SET compon..., 영향받은 행: 1
2025-09-13 20:40:24,806 - SourceAnalyzer - DEBUG - logger.py:64 - 업데이트 쿼리 실행 성공: 
            UPDATE columns
            SET compon..., 영향받은 행: 1
2025-09-13 20:40:24,806 - SourceAnalyzer - DEBUG - logger.py:64 - 업데이트 쿼리 실행 성공: 
            UPDATE columns
            SET compon..., 영향받은 행: 1
2025-09-13 20:40:24,806 - SourceAnalyzer - DEBUG - logger.py:64 - 업데이트 쿼리 실행 성공: 
            UPDATE columns
            SET compon..., 영향받은 행: 1
2025-09-13 20:40:24,806 - SourceAnalyzer - DEBUG - logger.py:64 - 업데이트 쿼리 실행 성공: 
            UPDATE columns
            SET compon..., 영향받은 행: 1
2025-09-13 20:40:24,806 - SourceAnalyzer - DEBUG - logger.py:64 - 업데이트 쿼리 실행 성공: 
            UPDATE columns
            SET compon..., 영향받은 행: 1
2025-09-13 20:40:24,806 - SourceAnalyzer - DEBUG - logger.py:64 - 업데이트 쿼리 실행 성공: 
            UPDATE columns
            SET compon..., 영향받은 행: 1
2025-09-13 20:40:24,806 - SourceAnalyzer - DEBUG - logger.py:64 - 업데이트 쿼리 실행 성공: 
            UPDATE columns
            SET compon..., 영향받은 행: 1
2025-09-13 20:40:24,806 - SourceAnalyzer - DEBUG - logger.py:64 - 업데이트 쿼리 실행 성공: 
            UPDATE columns
            SET compon..., 영향받은 행: 1
2025-09-13 20:40:24,806 - SourceAnalyzer - DEBUG - logger.py:64 - 업데이트 쿼리 실행 성공: 
            UPDATE columns
            SET compon..., 영향받은 행: 1
2025-09-13 20:40:24,806 - SourceAnalyzer - DEBUG - logger.py:64 - 업데이트 쿼리 실행 성공: 
            UPDATE columns
            SET compon..., 영향받은 행: 1
2025-09-13 20:40:24,806 - SourceAnalyzer - DEBUG - logger.py:64 - 업데이트 쿼리 실행 성공: 
            UPDATE columns
            SET compon..., 영향받은 행: 1
2025-09-13 20:40:24,807 - SourceAnalyzer - DEBUG - logger.py:64 - 업데이트 쿼리 실행 성공: 
            UPDATE columns
            SET compon..., 영향받은 행: 1
2025-09-13 20:40:24,807 - SourceAnalyzer - DEBUG - logger.py:64 - 업데이트 쿼리 실행 성공: 
            UPDATE columns
            SET compon..., 영향받은 행: 1
2025-09-13 20:40:24,807 - SourceAnalyzer - DEBUG - logger.py:64 - 업데이트 쿼리 실행 성공: 
            UPDATE columns
            SET compon..., 영향받은 행: 1
2025-09-13 20:40:24,807 - SourceAnalyzer - DEBUG - logger.py:64 - 업데이트 쿼리 실행 성공: 
            UPDATE columns
            SET compon..., 영향받은 행: 1
2025-09-13 20:40:24,807 - SourceAnalyzer - DEBUG - logger.py:64 - 업데이트 쿼리 실행 성공: 
            UPDATE columns
            SET compon..., 영향받은 행: 1
2025-09-13 20:40:24,807 - SourceAnalyzer - DEBUG - logger.py:64 - 업데이트 쿼리 실행 성공: 
            UPDATE columns
            SET compon..., 영향받은 행: 1
2025-09-13 20:40:24,807 - SourceAnalyzer - DEBUG - logger.py:64 - 업데이트 쿼리 실행 성공: 
            UPDATE columns
            SET compon..., 영향받은 행: 1
2025-09-13 20:40:24,807 - SourceAnalyzer - DEBUG - logger.py:64 - 업데이트 쿼리 실행 성공: 
            UPDATE columns
            SET compon..., 영향받은 행: 1
2025-09-13 20:40:24,807 - SourceAnalyzer - DEBUG - logger.py:64 - 업데이트 쿼리 실행 성공: 
            UPDATE columns
            SET compon..., 영향받은 행: 1
2025-09-13 20:40:24,807 - SourceAnalyzer - DEBUG - logger.py:64 - 업데이트 쿼리 실행 성공: 
            UPDATE columns
            SET compon..., 영향받은 행: 1
2025-09-13 20:40:24,807 - SourceAnalyzer - DEBUG - logger.py:64 - 업데이트 쿼리 실행 성공: 
            UPDATE columns
            SET compon..., 영향받은 행: 1
2025-09-13 20:40:24,807 - SourceAnalyzer - DEBUG - logger.py:64 - 업데이트 쿼리 실행 성공: 
            UPDATE columns
            SET compon..., 영향받은 행: 1
2025-09-13 20:40:24,807 - SourceAnalyzer - DEBUG - logger.py:64 - 업데이트 쿼리 실행 성공: 
            UPDATE columns
            SET compon..., 영향받은 행: 1
2025-09-13 20:40:24,807 - SourceAnalyzer - DEBUG - logger.py:64 - 업데이트 쿼리 실행 성공: 
            UPDATE columns
            SET compon..., 영향받은 행: 1
2025-09-13 20:40:24,807 - SourceAnalyzer - DEBUG - logger.py:64 - 업데이트 쿼리 실행 성공: 
            UPDATE columns
            SET compon..., 영향받은 행: 1
2025-09-13 20:40:24,807 - SourceAnalyzer - DEBUG - logger.py:64 - 업데이트 쿼리 실행 성공: 
            UPDATE columns
            SET compon..., 영향받은 행: 1
2025-09-13 20:40:24,807 - SourceAnalyzer - DEBUG - logger.py:64 - 업데이트 쿼리 실행 성공: 
            UPDATE columns
            SET compon..., 영향받은 행: 1
2025-09-13 20:40:24,807 - SourceAnalyzer - DEBUG - logger.py:64 - 업데이트 쿼리 실행 성공: 
            UPDATE columns
            SET compon..., 영향받은 행: 1
2025-09-13 20:40:24,808 - SourceAnalyzer - DEBUG - logger.py:64 - 업데이트 쿼리 실행 성공: 
            UPDATE columns
            SET compon..., 영향받은 행: 1
2025-09-13 20:40:24,808 - SourceAnalyzer - DEBUG - logger.py:64 - 업데이트 쿼리 실행 성공: 
            UPDATE columns
            SET compon..., 영향받은 행: 1
2025-09-13 20:40:24,808 - SourceAnalyzer - DEBUG - logger.py:64 - 업데이트 쿼리 실행 성공: 
            UPDATE columns
            SET compon..., 영향받은 행: 1
2025-09-13 20:40:24,808 - SourceAnalyzer - DEBUG - logger.py:64 - 업데이트 쿼리 실행 성공: 
            UPDATE columns
            SET compon..., 영향받은 행: 1
2025-09-13 20:40:24,808 - SourceAnalyzer - DEBUG - logger.py:64 - 업데이트 쿼리 실행 성공: 
            UPDATE columns
            SET compon..., 영향받은 행: 1
2025-09-13 20:40:24,808 - SourceAnalyzer - DEBUG - logger.py:64 - 업데이트 쿼리 실행 성공: 
            UPDATE columns
            SET compon..., 영향받은 행: 1
2025-09-13 20:40:24,808 - SourceAnalyzer - DEBUG - logger.py:64 - 업데이트 쿼리 실행 성공: 
            UPDATE columns
            SET compon..., 영향받은 행: 1
2025-09-13 20:40:24,808 - SourceAnalyzer - DEBUG - logger.py:64 - 업데이트 쿼리 실행 성공: 
            UPDATE columns
            SET compon..., 영향받은 행: 1
2025-09-13 20:40:24,808 - SourceAnalyzer - DEBUG - logger.py:64 - 업데이트 쿼리 실행 성공: 
            UPDATE columns
            SET compon..., 영향받은 행: 1
2025-09-13 20:40:24,808 - SourceAnalyzer - DEBUG - logger.py:64 - 업데이트 쿼리 실행 성공: 
            UPDATE columns
            SET compon..., 영향받은 행: 1
2025-09-13 20:40:24,808 - SourceAnalyzer - DEBUG - logger.py:64 - 업데이트 쿼리 실행 성공: 
            UPDATE columns
            SET compon..., 영향받은 행: 1
2025-09-13 20:40:24,808 - SourceAnalyzer - DEBUG - logger.py:64 - 업데이트 쿼리 실행 성공: 
            UPDATE columns
            SET compon..., 영향받은 행: 1
2025-09-13 20:40:24,808 - SourceAnalyzer - DEBUG - logger.py:64 - 업데이트 쿼리 실행 성공: 
            UPDATE columns
            SET compon..., 영향받은 행: 1
2025-09-13 20:40:24,808 - SourceAnalyzer - DEBUG - logger.py:64 - 업데이트 쿼리 실행 성공: 
            UPDATE columns
            SET compon..., 영향받은 행: 1
2025-09-13 20:40:24,808 - SourceAnalyzer - DEBUG - logger.py:64 - 업데이트 쿼리 실행 성공: 
            UPDATE columns
            SET compon..., 영향받은 행: 1
2025-09-13 20:40:24,808 - SourceAnalyzer - DEBUG - logger.py:64 - 업데이트 쿼리 실행 성공: 
            UPDATE columns
            SET compon..., 영향받은 행: 1
2025-09-13 20:40:24,808 - SourceAnalyzer - INFO - logger.py:68 - 컬럼 component_id 업데이트 완료: 94개
2025-09-13 20:40:24,808 - SourceAnalyzer - INFO - logger.py:68 - === 데이터베이스 구조 저장 통계 ===
2025-09-13 20:40:24,808 - SourceAnalyzer - INFO - logger.py:68 - 테이블 로드: 16 (오류: 0)
2025-09-13 20:40:24,809 - SourceAnalyzer - INFO - logger.py:68 - 컬럼 로드: 91 (오류: 0)
2025-09-13 20:40:24,809 - SourceAnalyzer - INFO - logger.py:68 - 컴포넌트 생성: 110 (오류: 0)
2025-09-13 20:40:24,809 - SourceAnalyzer - INFO - logger.py:68 - inferred 컬럼 생성: 0
2025-09-13 20:40:24,809 - SourceAnalyzer - INFO - logger.py:68 - 오류 없이 완료
2025-09-13 20:40:24,809 - SourceAnalyzer - INFO - logger.py:68 - === 데이터베이스 로딩 완료 ===
2025-09-13 20:40:24,812 - SourceAnalyzer - DEBUG - logger.py:64 - 데이터베이스 연결 해제: D:\Analyzer\CreateMetaDb\projects\sampleSrc\metadata.db
2025-09-13 20:40:24,812 - SourceAnalyzer - INFO - logger.py:68 - 2단계 완료: 데이터베이스 구조 저장 및 컴포넌트 생성
2025-09-13 20:40:24,812 - SourceAnalyzer - INFO - logger.py:68 - 3단계 실행: XML 파일 분석 및 SQL 컴포넌트 등록 + JOIN 관계 분석
2025-09-13 20:40:24,820 - SourceAnalyzer - DEBUG - logger.py:64 - 파일 읽기 성공: config/parser/sql_keyword.yaml
2025-09-13 20:40:24,841 - SourceAnalyzer - DEBUG - logger.py:64 - YAML 설정 파일 로드 성공: config/parser/sql_keyword.yaml
2025-09-13 20:40:24,842 - SourceAnalyzer - DEBUG - logger.py:64 - 파일 읽기 성공: config/parser/xml_parser_config.yaml
2025-09-13 20:40:24,848 - SourceAnalyzer - DEBUG - logger.py:64 - YAML 설정 파일 로드 성공: config/parser/xml_parser_config.yaml
2025-09-13 20:40:24,849 - SourceAnalyzer - DEBUG - logger.py:64 - 데이터베이스 연결 성공: D:\Analyzer\CreateMetaDb\projects\sampleSrc\SqlContent.db
2025-09-13 20:40:24,850 - SourceAnalyzer - DEBUG - logger.py:64 - SQL 스크립트 실행 성공: D:\Analyzer\CreateMetaDb\database\create_sql_content_db.sql
2025-09-13 20:40:24,850 - SourceAnalyzer - INFO - logger.py:68 - SQL Content 데이터베이스 초기화 완료: D:\Analyzer\CreateMetaDb\projects\sampleSrc\SqlContent.db
2025-09-13 20:40:24,850 - SourceAnalyzer - INFO - logger.py:68 - === XML 로딩 시작: 3~4단계 통합 처리 ===
2025-09-13 20:40:24,851 - SourceAnalyzer - DEBUG - logger.py:64 - 데이터베이스 연결 성공: D:\Analyzer\CreateMetaDb\projects\sampleSrc\metadata.db
2025-09-13 20:40:24,851 - SourceAnalyzer - INFO - logger.py:68 - SQL Content Processor 초기화 시작
2025-09-13 20:40:24,852 - SourceAnalyzer - DEBUG - logger.py:64 - 데이터베이스 연결 성공: D:\Analyzer\CreateMetaDb\projects\sampleSrc\SqlContent.db
2025-09-13 20:40:24,852 - SourceAnalyzer - DEBUG - logger.py:64 - SQL 스크립트 실행 성공: D:\Analyzer\CreateMetaDb\database\create_sql_content_db.sql
2025-09-13 20:40:24,852 - SourceAnalyzer - INFO - logger.py:68 - SQL Content 데이터베이스 초기화 완료: D:\Analyzer\CreateMetaDb\projects\sampleSrc\SqlContent.db
2025-09-13 20:40:24,853 - SourceAnalyzer - DEBUG - logger.py:64 - 쿼리 실행 성공: 
                SELECT file_id, file_path, file_n...
2025-09-13 20:40:24,853 - SourceAnalyzer - DEBUG - logger.py:64 - LOAD XML ID 매핑: src\com\example\dynamicquery + UserMapper.xml -> src/com/example/dynamicquery/UserMapper.xml (ID: 5)
2025-09-13 20:40:24,853 - SourceAnalyzer - DEBUG - logger.py:64 - LOAD XML ID 매핑: src\main\resources\mybatis\mapper + ImplicitJoinMapper.xml -> src/main/resources/mybatis/mapper/ImplicitJoinMapper.xml (ID: 23)
2025-09-13 20:40:24,853 - SourceAnalyzer - DEBUG - logger.py:64 - LOAD XML ID 매핑: src\main\resources\mybatis\mapper + ImplicitJoinTestMapper.xml -> src/main/resources/mybatis/mapper/ImplicitJoinTestMapper.xml (ID: 24)
2025-09-13 20:40:24,853 - SourceAnalyzer - DEBUG - logger.py:64 - LOAD XML ID 매핑: src\main\resources\mybatis\mapper + MixedErrorMapper.xml -> src/main/resources/mybatis/mapper/MixedErrorMapper.xml (ID: 25)
2025-09-13 20:40:24,853 - SourceAnalyzer - DEBUG - logger.py:64 - LOAD XML ID 매핑: src\main\resources\mybatis\mapper + ProductMapper.xml -> src/main/resources/mybatis/mapper/ProductMapper.xml (ID: 26)
2025-09-13 20:40:24,853 - SourceAnalyzer - DEBUG - logger.py:64 - LOAD XML ID 매핑: src\main\resources\mybatis\mapper + UserMapper.xml -> src/main/resources/mybatis/mapper/UserMapper.xml (ID: 27)
2025-09-13 20:40:24,853 - SourceAnalyzer - INFO - logger.py:68 - XML 파일 ID 매핑 로드 완료: 6개 파일
2025-09-13 20:40:24,853 - SourceAnalyzer - DEBUG - logger.py:64 - 매핑 테이블 키들: ['src/com/example/dynamicquery/UserMapper.xml', 'src/main/resources/mybatis/mapper/ImplicitJoinMapper.xml', 'src/main/resources/mybatis/mapper/ImplicitJoinTestMapper.xml', 'src/main/resources/mybatis/mapper/MixedErrorMapper.xml', 'src/main/resources/mybatis/mapper/ProductMapper.xml', 'src/main/resources/mybatis/mapper/UserMapper.xml']
2025-09-13 20:40:24,853 - SourceAnalyzer - INFO - logger.py:68 - SQL Content Processor 초기화 완료
2025-09-13 20:40:24,854 - SourceAnalyzer - DEBUG - logger.py:64 - 파일 읽기 성공: D:\Analyzer\CreateMetaDb\projects\sampleSrc\src\com\example\dynamicquery\UserMapper.xml
2025-09-13 20:40:24,855 - SourceAnalyzer - DEBUG - logger.py:64 - 파일 읽기 성공: D:\Analyzer\CreateMetaDb\projects\sampleSrc\src\main\resources\mybatis\mapper\ImplicitJoinMapper.xml
2025-09-13 20:40:24,855 - SourceAnalyzer - DEBUG - logger.py:64 - 파일 읽기 성공: D:\Analyzer\CreateMetaDb\projects\sampleSrc\src\main\resources\mybatis\mapper\ImplicitJoinTestMapper.xml
2025-09-13 20:40:24,855 - SourceAnalyzer - DEBUG - logger.py:64 - 파일 읽기 성공: D:\Analyzer\CreateMetaDb\projects\sampleSrc\src\main\resources\mybatis\mapper\MixedErrorMapper.xml
2025-09-13 20:40:24,856 - SourceAnalyzer - DEBUG - logger.py:64 - 파일 읽기 성공: D:\Analyzer\CreateMetaDb\projects\sampleSrc\src\main\resources\mybatis\mapper\ProductMapper.xml
2025-09-13 20:40:24,856 - SourceAnalyzer - DEBUG - logger.py:64 - 파일 읽기 성공: D:\Analyzer\CreateMetaDb\projects\sampleSrc\src\main\resources\mybatis\mapper\UserMapper.xml
2025-09-13 20:40:24,856 - SourceAnalyzer - INFO - logger.py:68 - MyBatis XML 파일 수집 완료: 6개
2025-09-13 20:40:24,857 - SourceAnalyzer - DEBUG - logger.py:64 - 파일 읽기 성공: D:\Analyzer\CreateMetaDb\projects\sampleSrc\src\com\example\dynamicquery\UserMapper.xml
2025-09-13 20:40:24,865 - SourceAnalyzer - ERROR - logger.py:128 - FATAL ERROR: Exception: 프로젝트명이 설정되지 않았습니다
Message: Inferred 컬럼 검사 실패
2025-09-13 20:40:24,866 - SourceAnalyzer - DEBUG - logger.py:64 - 데이터베이스 연결 해제: D:\Analyzer\CreateMetaDb\projects\sampleSrc\metadata.db
2025-09-13 20:40:24,867 - SourceAnalyzer - DEBUG - logger.py:64 - 데이터베이스 연결 해제: D:\Analyzer\CreateMetaDb\projects\sampleSrc\SqlContent.db
2025-09-13 20:40:24,867 - SourceAnalyzer - INFO - logger.py:68 - SQL Content 데이터베이스 연결 해제
2025-09-13 20:40:24,868 - SourceAnalyzer - DEBUG - logger.py:64 - 데이터베이스 연결 해제: D:\Analyzer\CreateMetaDb\projects\sampleSrc\SqlContent.db
2025-09-13 20:40:24,868 - SourceAnalyzer - INFO - logger.py:68 - SQL Content 데이터베이스 연결 해제
